[2023-06-11T03:25:18.141+0000] {processor.py:153} INFO - Started process (PID=34) to work on /opt/airflow/dags/treino04.py
[2023-06-11T03:25:18.151+0000] {processor.py:743} INFO - Processing file /opt/airflow/dags/treino04.py for tasks to queue
[2023-06-11T03:25:18.154+0000] {logging_mixin.py:137} INFO - [2023-06-11T03:25:18.154+0000] {dagbag.py:532} INFO - Filling up the DagBag from /opt/airflow/dags/treino04.py
[2023-06-11T03:25:18.236+0000] {processor.py:753} INFO - DAG(s) dict_keys(['treino-04']) retrieved from /opt/airflow/dags/treino04.py
[2023-06-11T03:25:18.429+0000] {logging_mixin.py:137} INFO - [2023-06-11T03:25:18.428+0000] {dag.py:2705} INFO - Sync 1 DAGs
[2023-06-11T03:25:18.537+0000] {logging_mixin.py:137} INFO - [2023-06-11T03:25:18.536+0000] {dag.py:3456} INFO - Setting next_dagrun for treino-04 to 2023-06-10T03:25:18.535573+00:00, run_after=2023-06-11T03:25:18.535573+00:00
[2023-06-11T03:25:18.730+0000] {processor.py:175} INFO - Processing /opt/airflow/dags/treino04.py took 0.629 seconds
[2023-06-11T03:25:49.468+0000] {processor.py:153} INFO - Started process (PID=90) to work on /opt/airflow/dags/treino04.py
[2023-06-11T03:25:49.470+0000] {processor.py:743} INFO - Processing file /opt/airflow/dags/treino04.py for tasks to queue
[2023-06-11T03:25:49.475+0000] {logging_mixin.py:137} INFO - [2023-06-11T03:25:49.474+0000] {dagbag.py:532} INFO - Filling up the DagBag from /opt/airflow/dags/treino04.py
[2023-06-11T03:25:49.537+0000] {processor.py:753} INFO - DAG(s) dict_keys(['treino-04']) retrieved from /opt/airflow/dags/treino04.py
[2023-06-11T03:25:49.593+0000] {logging_mixin.py:137} INFO - [2023-06-11T03:25:49.593+0000] {dag.py:2705} INFO - Sync 1 DAGs
[2023-06-11T03:25:49.637+0000] {logging_mixin.py:137} INFO - [2023-06-11T03:25:49.637+0000] {dag.py:3456} INFO - Setting next_dagrun for treino-04 to 2023-06-10T03:25:49.636836+00:00, run_after=2023-06-11T03:25:49.636836+00:00
[2023-06-11T03:25:49.659+0000] {processor.py:175} INFO - Processing /opt/airflow/dags/treino04.py took 0.199 seconds
[2023-06-11T03:26:20.404+0000] {processor.py:153} INFO - Started process (PID=146) to work on /opt/airflow/dags/treino04.py
[2023-06-11T03:26:20.437+0000] {processor.py:743} INFO - Processing file /opt/airflow/dags/treino04.py for tasks to queue
[2023-06-11T03:26:20.470+0000] {logging_mixin.py:137} INFO - [2023-06-11T03:26:20.461+0000] {dagbag.py:532} INFO - Filling up the DagBag from /opt/airflow/dags/treino04.py
[2023-06-11T03:26:20.917+0000] {processor.py:753} INFO - DAG(s) dict_keys(['treino-04']) retrieved from /opt/airflow/dags/treino04.py
[2023-06-11T03:26:21.649+0000] {logging_mixin.py:137} INFO - [2023-06-11T03:26:21.649+0000] {dag.py:2705} INFO - Sync 1 DAGs
[2023-06-11T03:26:22.129+0000] {logging_mixin.py:137} INFO - [2023-06-11T03:26:22.129+0000] {dag.py:3456} INFO - Setting next_dagrun for treino-04 to 2023-06-10T03:26:22.126399+00:00, run_after=2023-06-11T03:26:22.126399+00:00
[2023-06-11T03:26:22.305+0000] {processor.py:175} INFO - Processing /opt/airflow/dags/treino04.py took 1.935 seconds
[2023-06-11T03:26:52.989+0000] {processor.py:153} INFO - Started process (PID=203) to work on /opt/airflow/dags/treino04.py
[2023-06-11T03:26:53.002+0000] {processor.py:743} INFO - Processing file /opt/airflow/dags/treino04.py for tasks to queue
[2023-06-11T03:26:53.010+0000] {logging_mixin.py:137} INFO - [2023-06-11T03:26:53.009+0000] {dagbag.py:532} INFO - Filling up the DagBag from /opt/airflow/dags/treino04.py
[2023-06-11T03:26:53.414+0000] {processor.py:753} INFO - DAG(s) dict_keys(['treino-04']) retrieved from /opt/airflow/dags/treino04.py
[2023-06-11T03:26:54.060+0000] {logging_mixin.py:137} INFO - [2023-06-11T03:26:54.051+0000] {dag.py:2705} INFO - Sync 1 DAGs
[2023-06-11T03:26:54.567+0000] {logging_mixin.py:137} INFO - [2023-06-11T03:26:54.566+0000] {dag.py:3456} INFO - Setting next_dagrun for treino-04 to 2023-06-10T03:26:54.541900+00:00, run_after=2023-06-11T03:26:54.541900+00:00
[2023-06-11T03:26:54.832+0000] {processor.py:175} INFO - Processing /opt/airflow/dags/treino04.py took 1.903 seconds
[2023-06-11T03:27:25.874+0000] {processor.py:153} INFO - Started process (PID=250) to work on /opt/airflow/dags/treino04.py
[2023-06-11T03:27:25.892+0000] {processor.py:743} INFO - Processing file /opt/airflow/dags/treino04.py for tasks to queue
[2023-06-11T03:27:25.901+0000] {logging_mixin.py:137} INFO - [2023-06-11T03:27:25.901+0000] {dagbag.py:532} INFO - Filling up the DagBag from /opt/airflow/dags/treino04.py
[2023-06-11T03:27:25.948+0000] {processor.py:753} INFO - DAG(s) dict_keys(['treino-04']) retrieved from /opt/airflow/dags/treino04.py
[2023-06-11T03:27:26.033+0000] {logging_mixin.py:137} INFO - [2023-06-11T03:27:26.032+0000] {dag.py:2705} INFO - Sync 1 DAGs
[2023-06-11T03:27:26.146+0000] {logging_mixin.py:137} INFO - [2023-06-11T03:27:26.146+0000] {dag.py:3456} INFO - Setting next_dagrun for treino-04 to 2023-06-10T03:27:26.145390+00:00, run_after=2023-06-11T03:27:26.145390+00:00
[2023-06-11T03:27:26.267+0000] {processor.py:175} INFO - Processing /opt/airflow/dags/treino04.py took 0.405 seconds
[2023-06-11T03:27:57.039+0000] {processor.py:153} INFO - Started process (PID=303) to work on /opt/airflow/dags/treino04.py
[2023-06-11T03:27:57.044+0000] {processor.py:743} INFO - Processing file /opt/airflow/dags/treino04.py for tasks to queue
[2023-06-11T03:27:57.047+0000] {logging_mixin.py:137} INFO - [2023-06-11T03:27:57.047+0000] {dagbag.py:532} INFO - Filling up the DagBag from /opt/airflow/dags/treino04.py
[2023-06-11T03:27:57.142+0000] {processor.py:753} INFO - DAG(s) dict_keys(['treino-04']) retrieved from /opt/airflow/dags/treino04.py
[2023-06-11T03:27:57.236+0000] {logging_mixin.py:137} INFO - [2023-06-11T03:27:57.236+0000] {dag.py:2705} INFO - Sync 1 DAGs
[2023-06-11T03:27:57.301+0000] {logging_mixin.py:137} INFO - [2023-06-11T03:27:57.301+0000] {dag.py:3456} INFO - Setting next_dagrun for treino-04 to 2023-06-10T03:27:57.300557+00:00, run_after=2023-06-11T03:27:57.300557+00:00
[2023-06-11T03:27:57.347+0000] {processor.py:175} INFO - Processing /opt/airflow/dags/treino04.py took 0.318 seconds
[2023-06-11T03:28:37.365+0000] {processor.py:153} INFO - Started process (PID=364) to work on /opt/airflow/dags/treino04.py
[2023-06-11T03:28:37.371+0000] {processor.py:743} INFO - Processing file /opt/airflow/dags/treino04.py for tasks to queue
[2023-06-11T03:28:37.376+0000] {logging_mixin.py:137} INFO - [2023-06-11T03:28:37.375+0000] {dagbag.py:532} INFO - Filling up the DagBag from /opt/airflow/dags/treino04.py
[2023-06-11T03:28:37.505+0000] {processor.py:753} INFO - DAG(s) dict_keys(['treino-04']) retrieved from /opt/airflow/dags/treino04.py
[2023-06-11T03:28:37.633+0000] {logging_mixin.py:137} INFO - [2023-06-11T03:28:37.632+0000] {dag.py:2705} INFO - Sync 1 DAGs
[2023-06-11T03:28:37.872+0000] {logging_mixin.py:137} INFO - [2023-06-11T03:28:37.871+0000] {dag.py:3456} INFO - Setting next_dagrun for treino-04 to 2023-06-10T03:28:37.870625+00:00, run_after=2023-06-11T03:28:37.870625+00:00
[2023-06-11T03:28:38.062+0000] {processor.py:175} INFO - Processing /opt/airflow/dags/treino04.py took 0.714 seconds
[2023-06-11T03:29:10.379+0000] {processor.py:153} INFO - Started process (PID=417) to work on /opt/airflow/dags/treino04.py
[2023-06-11T03:29:10.389+0000] {processor.py:743} INFO - Processing file /opt/airflow/dags/treino04.py for tasks to queue
[2023-06-11T03:29:10.394+0000] {logging_mixin.py:137} INFO - [2023-06-11T03:29:10.393+0000] {dagbag.py:532} INFO - Filling up the DagBag from /opt/airflow/dags/treino04.py
[2023-06-11T03:29:10.544+0000] {processor.py:753} INFO - DAG(s) dict_keys(['treino-04']) retrieved from /opt/airflow/dags/treino04.py
[2023-06-11T03:29:10.774+0000] {logging_mixin.py:137} INFO - [2023-06-11T03:29:10.772+0000] {dag.py:2705} INFO - Sync 1 DAGs
[2023-06-11T03:29:10.927+0000] {logging_mixin.py:137} INFO - [2023-06-11T03:29:10.926+0000] {dag.py:3456} INFO - Setting next_dagrun for treino-04 to 2023-06-10T03:29:10.923892+00:00, run_after=2023-06-11T03:29:10.923892+00:00
[2023-06-11T03:29:11.371+0000] {processor.py:175} INFO - Processing /opt/airflow/dags/treino04.py took 1.023 seconds
[2023-06-11T03:29:41.805+0000] {processor.py:153} INFO - Started process (PID=472) to work on /opt/airflow/dags/treino04.py
[2023-06-11T03:29:41.808+0000] {processor.py:743} INFO - Processing file /opt/airflow/dags/treino04.py for tasks to queue
[2023-06-11T03:29:41.810+0000] {logging_mixin.py:137} INFO - [2023-06-11T03:29:41.809+0000] {dagbag.py:532} INFO - Filling up the DagBag from /opt/airflow/dags/treino04.py
[2023-06-11T03:29:41.838+0000] {processor.py:753} INFO - DAG(s) dict_keys(['treino-04']) retrieved from /opt/airflow/dags/treino04.py
[2023-06-11T03:29:41.889+0000] {logging_mixin.py:137} INFO - [2023-06-11T03:29:41.889+0000] {dag.py:2705} INFO - Sync 1 DAGs
[2023-06-11T03:29:41.917+0000] {logging_mixin.py:137} INFO - [2023-06-11T03:29:41.917+0000] {dag.py:3456} INFO - Setting next_dagrun for treino-04 to 2023-06-10T03:29:41.917038+00:00, run_after=2023-06-11T03:29:41.917038+00:00
[2023-06-11T03:29:41.938+0000] {processor.py:175} INFO - Processing /opt/airflow/dags/treino04.py took 0.140 seconds
[2023-06-11T03:30:12.092+0000] {processor.py:153} INFO - Started process (PID=529) to work on /opt/airflow/dags/treino04.py
[2023-06-11T03:30:12.094+0000] {processor.py:743} INFO - Processing file /opt/airflow/dags/treino04.py for tasks to queue
[2023-06-11T03:30:12.096+0000] {logging_mixin.py:137} INFO - [2023-06-11T03:30:12.096+0000] {dagbag.py:532} INFO - Filling up the DagBag from /opt/airflow/dags/treino04.py
[2023-06-11T03:30:12.124+0000] {processor.py:753} INFO - DAG(s) dict_keys(['treino-04']) retrieved from /opt/airflow/dags/treino04.py
[2023-06-11T03:30:12.157+0000] {logging_mixin.py:137} INFO - [2023-06-11T03:30:12.157+0000] {dag.py:2705} INFO - Sync 1 DAGs
[2023-06-11T03:30:12.185+0000] {logging_mixin.py:137} INFO - [2023-06-11T03:30:12.185+0000] {dag.py:3456} INFO - Setting next_dagrun for treino-04 to 2023-06-10T03:30:12.185233+00:00, run_after=2023-06-11T03:30:12.185233+00:00
[2023-06-11T03:30:12.202+0000] {processor.py:175} INFO - Processing /opt/airflow/dags/treino04.py took 0.116 seconds
[2023-06-11T03:30:42.326+0000] {processor.py:153} INFO - Started process (PID=585) to work on /opt/airflow/dags/treino04.py
[2023-06-11T03:30:42.335+0000] {processor.py:743} INFO - Processing file /opt/airflow/dags/treino04.py for tasks to queue
[2023-06-11T03:30:42.339+0000] {logging_mixin.py:137} INFO - [2023-06-11T03:30:42.339+0000] {dagbag.py:532} INFO - Filling up the DagBag from /opt/airflow/dags/treino04.py
[2023-06-11T03:30:42.450+0000] {processor.py:753} INFO - DAG(s) dict_keys(['treino-04']) retrieved from /opt/airflow/dags/treino04.py
[2023-06-11T03:30:42.567+0000] {logging_mixin.py:137} INFO - [2023-06-11T03:30:42.567+0000] {dag.py:2705} INFO - Sync 1 DAGs
[2023-06-11T03:30:42.675+0000] {logging_mixin.py:137} INFO - [2023-06-11T03:30:42.675+0000] {dag.py:3456} INFO - Setting next_dagrun for treino-04 to 2023-06-10T03:30:42.674494+00:00, run_after=2023-06-11T03:30:42.674494+00:00
[2023-06-11T03:30:42.789+0000] {processor.py:175} INFO - Processing /opt/airflow/dags/treino04.py took 0.469 seconds
[2023-06-11T03:31:13.590+0000] {processor.py:153} INFO - Started process (PID=642) to work on /opt/airflow/dags/treino04.py
[2023-06-11T03:31:13.592+0000] {processor.py:743} INFO - Processing file /opt/airflow/dags/treino04.py for tasks to queue
[2023-06-11T03:31:13.595+0000] {logging_mixin.py:137} INFO - [2023-06-11T03:31:13.595+0000] {dagbag.py:532} INFO - Filling up the DagBag from /opt/airflow/dags/treino04.py
[2023-06-11T03:31:13.615+0000] {processor.py:753} INFO - DAG(s) dict_keys(['treino-04']) retrieved from /opt/airflow/dags/treino04.py
[2023-06-11T03:31:13.649+0000] {logging_mixin.py:137} INFO - [2023-06-11T03:31:13.649+0000] {dag.py:2705} INFO - Sync 1 DAGs
[2023-06-11T03:31:13.672+0000] {logging_mixin.py:137} INFO - [2023-06-11T03:31:13.672+0000] {dag.py:3456} INFO - Setting next_dagrun for treino-04 to 2023-06-10T03:31:13.672635+00:00, run_after=2023-06-11T03:31:13.672635+00:00
[2023-06-11T03:31:13.687+0000] {processor.py:175} INFO - Processing /opt/airflow/dags/treino04.py took 0.103 seconds
[2023-06-11T03:31:43.902+0000] {processor.py:153} INFO - Started process (PID=699) to work on /opt/airflow/dags/treino04.py
[2023-06-11T03:31:43.904+0000] {processor.py:743} INFO - Processing file /opt/airflow/dags/treino04.py for tasks to queue
[2023-06-11T03:31:43.906+0000] {logging_mixin.py:137} INFO - [2023-06-11T03:31:43.905+0000] {dagbag.py:532} INFO - Filling up the DagBag from /opt/airflow/dags/treino04.py
[2023-06-11T03:31:43.922+0000] {processor.py:753} INFO - DAG(s) dict_keys(['treino-04']) retrieved from /opt/airflow/dags/treino04.py
[2023-06-11T03:31:43.946+0000] {logging_mixin.py:137} INFO - [2023-06-11T03:31:43.946+0000] {dag.py:2705} INFO - Sync 1 DAGs
[2023-06-11T03:31:43.968+0000] {logging_mixin.py:137} INFO - [2023-06-11T03:31:43.968+0000] {dag.py:3456} INFO - Setting next_dagrun for treino-04 to 2023-06-10T03:31:43.968083+00:00, run_after=2023-06-11T03:31:43.968083+00:00
[2023-06-11T03:31:43.983+0000] {processor.py:175} INFO - Processing /opt/airflow/dags/treino04.py took 0.087 seconds
[2023-06-11T03:32:14.035+0000] {processor.py:153} INFO - Started process (PID=756) to work on /opt/airflow/dags/treino04.py
[2023-06-11T03:32:14.037+0000] {processor.py:743} INFO - Processing file /opt/airflow/dags/treino04.py for tasks to queue
[2023-06-11T03:32:14.038+0000] {logging_mixin.py:137} INFO - [2023-06-11T03:32:14.037+0000] {dagbag.py:532} INFO - Filling up the DagBag from /opt/airflow/dags/treino04.py
[2023-06-11T03:32:14.054+0000] {processor.py:753} INFO - DAG(s) dict_keys(['treino-04']) retrieved from /opt/airflow/dags/treino04.py
[2023-06-11T03:32:14.081+0000] {logging_mixin.py:137} INFO - [2023-06-11T03:32:14.081+0000] {dag.py:2705} INFO - Sync 1 DAGs
[2023-06-11T03:32:14.106+0000] {logging_mixin.py:137} INFO - [2023-06-11T03:32:14.106+0000] {dag.py:3456} INFO - Setting next_dagrun for treino-04 to 2023-06-10T03:32:14.106156+00:00, run_after=2023-06-11T03:32:14.106156+00:00
[2023-06-11T03:32:14.121+0000] {processor.py:175} INFO - Processing /opt/airflow/dags/treino04.py took 0.090 seconds
