[2023-06-26T12:30:22.197+0000] {taskinstance.py:1090} INFO - Dependencies all met for dep_context=non-requeueable deps ti=<TaskInstance: treino-06.is_api-active scheduled__2023-06-25T00:00:00+00:00 [queued]>
[2023-06-26T12:30:22.211+0000] {taskinstance.py:1090} INFO - Dependencies all met for dep_context=requeueable deps ti=<TaskInstance: treino-06.is_api-active scheduled__2023-06-25T00:00:00+00:00 [queued]>
[2023-06-26T12:30:22.212+0000] {taskinstance.py:1288} INFO - 
--------------------------------------------------------------------------------
[2023-06-26T12:30:22.212+0000] {taskinstance.py:1289} INFO - Starting attempt 1 of 1
[2023-06-26T12:30:22.212+0000] {taskinstance.py:1290} INFO - 
--------------------------------------------------------------------------------
[2023-06-26T12:30:22.223+0000] {taskinstance.py:1309} INFO - Executing <Task(HttpSensor): is_api-active> on 2023-06-25 00:00:00+00:00
[2023-06-26T12:30:22.227+0000] {standard_task_runner.py:55} INFO - Started process 56 to run task
[2023-06-26T12:30:22.230+0000] {standard_task_runner.py:82} INFO - Running: ['***', 'tasks', 'run', 'treino-06', 'is_api-active', 'scheduled__2023-06-25T00:00:00+00:00', '--job-id', '525', '--raw', '--subdir', 'DAGS_FOLDER/treino06.py', '--cfg-path', '/tmp/tmpovtjo0kv']
[2023-06-26T12:30:22.232+0000] {standard_task_runner.py:83} INFO - Job 525: Subtask is_api-active
[2023-06-26T12:30:22.293+0000] {task_command.py:389} INFO - Running <TaskInstance: treino-06.is_api-active scheduled__2023-06-25T00:00:00+00:00 [running]> on host b7947b05bca0
[2023-06-26T12:30:22.341+0000] {taskinstance.py:1518} INFO - Exporting the following env vars:
AIRFLOW_CTX_DAG_OWNER=***
AIRFLOW_CTX_DAG_ID=treino-06
AIRFLOW_CTX_TASK_ID=is_api-active
AIRFLOW_CTX_EXECUTION_DATE=2023-06-25T00:00:00+00:00
AIRFLOW_CTX_TRY_NUMBER=1
AIRFLOW_CTX_DAG_RUN_ID=scheduled__2023-06-25T00:00:00+00:00
[2023-06-26T12:30:22.343+0000] {http.py:122} INFO - Poking: 
[2023-06-26T12:30:22.351+0000] {base.py:73} INFO - Using connection ID 'treino_06_api_posts' for task execution.
[2023-06-26T12:30:23.246+0000] {http.py:170} ERROR - HTTP error: Not Found
[2023-06-26T12:30:23.249+0000] {http.py:171} ERROR - <!DOCTYPE html>
<html>
<head>
    <title>Error: Token not found - Webhook.site</title>
    <link href="/assets/css/libs/bootstrap.min.css" rel="stylesheet" crossorigin="anonymous">
    <link href="/css/app.css" rel="stylesheet">
</head>
<body>
<div class="container" style="padding: 40px">
    <div class="row">
        <div class="col-sm-4 col-sm-offset-4 text-center">
            <h1>Webhook.site Error</h1>
            <p class="lead">404 Token not found</p>
                        <p class="small">
                    The URL was deleted manually, or expired automatically.

    To avoid URLs expiring automatically, you can
    <a href="/register">upgrade to Webhook.site Pro or Enterprise</a>.
            </p>
                        <br>
            <p><a class="btn btn-primary" href="/" role="button">&larr; Back to Webhook.site</a></p>
            <br>
            <p class="small muted">Copyright &copy; 2022 Webhook ApS</p>
        </div>
    </div>
</div>
</body>
</html>

[2023-06-26T12:31:23.316+0000] {http.py:122} INFO - Poking: 
[2023-06-26T12:31:23.350+0000] {base.py:73} INFO - Using connection ID 'treino_06_api_posts' for task execution.
[2023-06-26T12:31:24.098+0000] {http.py:170} ERROR - HTTP error: Not Found
[2023-06-26T12:31:24.099+0000] {http.py:171} ERROR - <!DOCTYPE html>
<html>
<head>
    <title>Error: Token not found - Webhook.site</title>
    <link href="/assets/css/libs/bootstrap.min.css" rel="stylesheet" crossorigin="anonymous">
    <link href="/css/app.css" rel="stylesheet">
</head>
<body>
<div class="container" style="padding: 40px">
    <div class="row">
        <div class="col-sm-4 col-sm-offset-4 text-center">
            <h1>Webhook.site Error</h1>
            <p class="lead">404 Token not found</p>
                        <p class="small">
                    The URL was deleted manually, or expired automatically.

    To avoid URLs expiring automatically, you can
    <a href="/register">upgrade to Webhook.site Pro or Enterprise</a>.
            </p>
                        <br>
            <p><a class="btn btn-primary" href="/" role="button">&larr; Back to Webhook.site</a></p>
            <br>
            <p class="small muted">Copyright &copy; 2022 Webhook ApS</p>
        </div>
    </div>
</div>
</body>
</html>

