[2023-04-25T23:25:45.885+0000] {taskinstance.py:1090} INFO - Dependencies all met for dep_context=non-requeueable deps ti=<TaskInstance: treino-02.get-data manual__2023-04-25T23:19:46.165597+00:00 [queued]>
[2023-04-25T23:25:45.916+0000] {taskinstance.py:1090} INFO - Dependencies all met for dep_context=requeueable deps ti=<TaskInstance: treino-02.get-data manual__2023-04-25T23:19:46.165597+00:00 [queued]>
[2023-04-25T23:25:45.918+0000] {taskinstance.py:1288} INFO - 
--------------------------------------------------------------------------------
[2023-04-25T23:25:45.919+0000] {taskinstance.py:1289} INFO - Starting attempt 2 of 2
[2023-04-25T23:25:45.919+0000] {taskinstance.py:1290} INFO - 
--------------------------------------------------------------------------------
[2023-04-25T23:25:45.971+0000] {taskinstance.py:1309} INFO - Executing <Task(BashOperator): get-data> on 2023-04-25 23:19:46.165597+00:00
[2023-04-25T23:25:45.985+0000] {standard_task_runner.py:55} INFO - Started process 212 to run task
[2023-04-25T23:25:46.015+0000] {standard_task_runner.py:82} INFO - Running: ['***', 'tasks', 'run', 'treino-02', 'get-data', 'manual__2023-04-25T23:19:46.165597+00:00', '--job-id', '54', '--raw', '--subdir', 'DAGS_FOLDER/treino02.py', '--cfg-path', '/tmp/tmp7mjk9644']
[2023-04-25T23:25:46.018+0000] {standard_task_runner.py:83} INFO - Job 54: Subtask get-data
[2023-04-25T23:25:46.176+0000] {task_command.py:389} INFO - Running <TaskInstance: treino-02.get-data manual__2023-04-25T23:19:46.165597+00:00 [running]> on host b7947b05bca0
[2023-04-25T23:25:46.296+0000] {taskinstance.py:1518} INFO - Exporting the following env vars:
AIRFLOW_CTX_DAG_EMAIL=test@example.com,test2@example.com
AIRFLOW_CTX_DAG_OWNER=augsmachado
AIRFLOW_CTX_DAG_ID=treino-02
AIRFLOW_CTX_TASK_ID=get-data
AIRFLOW_CTX_EXECUTION_DATE=2023-04-25T23:19:46.165597+00:00
AIRFLOW_CTX_TRY_NUMBER=2
AIRFLOW_CTX_DAG_RUN_ID=manual__2023-04-25T23:19:46.165597+00:00
[2023-04-25T23:25:46.303+0000] {subprocess.py:63} INFO - Tmp dir root location: 
 /tmp
[2023-04-25T23:25:46.304+0000] {subprocess.py:75} INFO - Running command: ['/bin/bash', '-c', 'curl https://raw.githubusercontent.com/datasciencedojo/datasets/master/titanic.csv -o ~/Users/augsmachado/Desktop/Development/***-docker/files/train.csv']
[2023-04-25T23:25:46.329+0000] {subprocess.py:86} INFO - Output:
[2023-04-25T23:25:46.348+0000] {subprocess.py:93} INFO -   % Total    % Received % Xferd  Average Speed   Time    Time     Time  Current
[2023-04-25T23:25:46.348+0000] {subprocess.py:93} INFO -                                  Dload  Upload   Total   Spent    Left  Speed
[2023-04-25T23:25:46.437+0000] {subprocess.py:93} INFO -   0     0    0     0    0     0      0      0 --:--:-- --:--:-- --:--:--     0Warning: Failed to create the file
[2023-04-25T23:25:46.438+0000] {subprocess.py:93} INFO - Warning: /home/***/Users/augsmachado/Desktop/Development/***-docker/fil
[2023-04-25T23:25:46.439+0000] {subprocess.py:93} INFO - Warning: es/train.csv: No such file or directory
[2023-04-25T23:25:46.441+0000] {subprocess.py:93} INFO -   2 60302    2  1369    0     0  15382      0  0:00:03 --:--:--  0:00:03 15382
[2023-04-25T23:25:46.442+0000] {subprocess.py:93} INFO - curl: (23) Failure writing output to destination
[2023-04-25T23:25:46.443+0000] {subprocess.py:97} INFO - Command exited with return code 23
[2023-04-25T23:25:46.468+0000] {taskinstance.py:1776} ERROR - Task failed with exception
Traceback (most recent call last):
  File "/home/airflow/.local/lib/python3.7/site-packages/airflow/operators/bash.py", line 197, in execute
    f"Bash command failed. The command returned a non-zero exit code {result.exit_code}."
airflow.exceptions.AirflowException: Bash command failed. The command returned a non-zero exit code 23.
[2023-04-25T23:25:46.473+0000] {taskinstance.py:1332} INFO - Marking task as FAILED. dag_id=treino-02, task_id=get-data, execution_date=20230425T231946, start_date=20230425T232545, end_date=20230425T232546
[2023-04-25T23:25:46.495+0000] {standard_task_runner.py:105} ERROR - Failed to execute job 54 for task get-data (Bash command failed. The command returned a non-zero exit code 23.; 212)
[2023-04-25T23:25:46.548+0000] {local_task_job.py:212} INFO - Task exited with return code 1
[2023-04-25T23:25:46.610+0000] {taskinstance.py:2596} INFO - 0 downstream tasks scheduled from follow-on schedule check
