[2023-07-03T14:16:05.550+0000] {processor.py:153} INFO - Started process (PID=37) to work on /opt/airflow/dags/treino03.py
[2023-07-03T14:16:05.552+0000] {processor.py:743} INFO - Processing file /opt/airflow/dags/treino03.py for tasks to queue
[2023-07-03T14:16:05.557+0000] {logging_mixin.py:137} INFO - [2023-07-03T14:16:05.556+0000] {dagbag.py:532} INFO - Filling up the DagBag from /opt/airflow/dags/treino03.py
[2023-07-03T14:16:05.692+0000] {processor.py:753} INFO - DAG(s) dict_keys(['treino-03']) retrieved from /opt/airflow/dags/treino03.py
[2023-07-03T14:16:05.753+0000] {logging_mixin.py:137} INFO - [2023-07-03T14:16:05.753+0000] {dag.py:2705} INFO - Sync 1 DAGs
[2023-07-03T14:16:05.839+0000] {logging_mixin.py:137} INFO - [2023-07-03T14:16:05.839+0000] {dag.py:3456} INFO - Setting next_dagrun for treino-03 to 2022-01-21T00:00:00+00:00, run_after=2022-01-22T00:00:00+00:00
[2023-07-03T14:16:06.163+0000] {processor.py:175} INFO - Processing /opt/airflow/dags/treino03.py took 0.624 seconds
[2023-07-03T14:16:36.927+0000] {processor.py:153} INFO - Started process (PID=95) to work on /opt/airflow/dags/treino03.py
[2023-07-03T14:16:36.932+0000] {processor.py:743} INFO - Processing file /opt/airflow/dags/treino03.py for tasks to queue
[2023-07-03T14:16:36.937+0000] {logging_mixin.py:137} INFO - [2023-07-03T14:16:36.935+0000] {dagbag.py:532} INFO - Filling up the DagBag from /opt/airflow/dags/treino03.py
[2023-07-03T14:16:36.970+0000] {processor.py:753} INFO - DAG(s) dict_keys(['treino-03']) retrieved from /opt/airflow/dags/treino03.py
[2023-07-03T14:16:37.006+0000] {logging_mixin.py:137} INFO - [2023-07-03T14:16:37.006+0000] {dag.py:2705} INFO - Sync 1 DAGs
[2023-07-03T14:16:37.061+0000] {logging_mixin.py:137} INFO - [2023-07-03T14:16:37.061+0000] {dag.py:3456} INFO - Setting next_dagrun for treino-03 to 2022-01-21T00:00:00+00:00, run_after=2022-01-22T00:00:00+00:00
[2023-07-03T14:16:37.124+0000] {processor.py:175} INFO - Processing /opt/airflow/dags/treino03.py took 0.202 seconds
[2023-07-03T14:17:07.254+0000] {processor.py:153} INFO - Started process (PID=152) to work on /opt/airflow/dags/treino03.py
[2023-07-03T14:17:07.259+0000] {processor.py:743} INFO - Processing file /opt/airflow/dags/treino03.py for tasks to queue
[2023-07-03T14:17:07.262+0000] {logging_mixin.py:137} INFO - [2023-07-03T14:17:07.261+0000] {dagbag.py:532} INFO - Filling up the DagBag from /opt/airflow/dags/treino03.py
[2023-07-03T14:17:07.319+0000] {processor.py:753} INFO - DAG(s) dict_keys(['treino-03']) retrieved from /opt/airflow/dags/treino03.py
[2023-07-03T14:17:07.360+0000] {logging_mixin.py:137} INFO - [2023-07-03T14:17:07.360+0000] {dag.py:2705} INFO - Sync 1 DAGs
[2023-07-03T14:17:07.382+0000] {logging_mixin.py:137} INFO - [2023-07-03T14:17:07.382+0000] {dag.py:3456} INFO - Setting next_dagrun for treino-03 to 2022-01-21T00:00:00+00:00, run_after=2022-01-22T00:00:00+00:00
[2023-07-03T14:17:07.394+0000] {processor.py:175} INFO - Processing /opt/airflow/dags/treino03.py took 0.150 seconds
[2023-07-03T14:17:38.837+0000] {processor.py:153} INFO - Started process (PID=208) to work on /opt/airflow/dags/treino03.py
[2023-07-03T14:17:38.873+0000] {processor.py:743} INFO - Processing file /opt/airflow/dags/treino03.py for tasks to queue
[2023-07-03T14:17:38.892+0000] {logging_mixin.py:137} INFO - [2023-07-03T14:17:38.889+0000] {dagbag.py:532} INFO - Filling up the DagBag from /opt/airflow/dags/treino03.py
[2023-07-03T14:17:39.145+0000] {processor.py:753} INFO - DAG(s) dict_keys(['treino-03']) retrieved from /opt/airflow/dags/treino03.py
[2023-07-03T14:17:39.240+0000] {logging_mixin.py:137} INFO - [2023-07-03T14:17:39.240+0000] {dag.py:2705} INFO - Sync 1 DAGs
[2023-07-03T14:17:39.290+0000] {logging_mixin.py:137} INFO - [2023-07-03T14:17:39.290+0000] {dag.py:3456} INFO - Setting next_dagrun for treino-03 to 2022-01-21T00:00:00+00:00, run_after=2022-01-22T00:00:00+00:00
[2023-07-03T14:17:39.333+0000] {processor.py:175} INFO - Processing /opt/airflow/dags/treino03.py took 0.543 seconds
[2023-07-03T14:18:09.821+0000] {processor.py:153} INFO - Started process (PID=263) to work on /opt/airflow/dags/treino03.py
[2023-07-03T14:18:09.824+0000] {processor.py:743} INFO - Processing file /opt/airflow/dags/treino03.py for tasks to queue
[2023-07-03T14:18:09.825+0000] {logging_mixin.py:137} INFO - [2023-07-03T14:18:09.825+0000] {dagbag.py:532} INFO - Filling up the DagBag from /opt/airflow/dags/treino03.py
[2023-07-03T14:18:09.944+0000] {processor.py:753} INFO - DAG(s) dict_keys(['treino-03']) retrieved from /opt/airflow/dags/treino03.py
[2023-07-03T14:18:10.289+0000] {logging_mixin.py:137} INFO - [2023-07-03T14:18:10.288+0000] {dag.py:2705} INFO - Sync 1 DAGs
[2023-07-03T14:18:10.917+0000] {logging_mixin.py:137} INFO - [2023-07-03T14:18:10.917+0000] {dag.py:3456} INFO - Setting next_dagrun for treino-03 to 2022-01-21T00:00:00+00:00, run_after=2022-01-22T00:00:00+00:00
[2023-07-03T14:18:10.990+0000] {processor.py:175} INFO - Processing /opt/airflow/dags/treino03.py took 1.181 seconds
[2023-07-03T14:19:05.251+0000] {processor.py:153} INFO - Started process (PID=323) to work on /opt/airflow/dags/treino03.py
[2023-07-03T14:19:05.258+0000] {processor.py:743} INFO - Processing file /opt/airflow/dags/treino03.py for tasks to queue
[2023-07-03T14:19:05.266+0000] {logging_mixin.py:137} INFO - [2023-07-03T14:19:05.265+0000] {dagbag.py:532} INFO - Filling up the DagBag from /opt/airflow/dags/treino03.py
[2023-07-03T14:19:05.446+0000] {processor.py:753} INFO - DAG(s) dict_keys(['treino-03']) retrieved from /opt/airflow/dags/treino03.py
[2023-07-03T14:19:05.610+0000] {logging_mixin.py:137} INFO - [2023-07-03T14:19:05.609+0000] {dag.py:2705} INFO - Sync 1 DAGs
[2023-07-03T14:19:05.707+0000] {logging_mixin.py:137} INFO - [2023-07-03T14:19:05.706+0000] {dag.py:3456} INFO - Setting next_dagrun for treino-03 to 2022-01-21T00:00:00+00:00, run_after=2022-01-22T00:00:00+00:00
[2023-07-03T14:19:06.003+0000] {processor.py:175} INFO - Processing /opt/airflow/dags/treino03.py took 0.781 seconds
[2023-07-03T14:19:38.608+0000] {processor.py:153} INFO - Started process (PID=380) to work on /opt/airflow/dags/treino03.py
[2023-07-03T14:19:38.610+0000] {processor.py:743} INFO - Processing file /opt/airflow/dags/treino03.py for tasks to queue
[2023-07-03T14:19:38.612+0000] {logging_mixin.py:137} INFO - [2023-07-03T14:19:38.612+0000] {dagbag.py:532} INFO - Filling up the DagBag from /opt/airflow/dags/treino03.py
[2023-07-03T14:19:38.695+0000] {processor.py:753} INFO - DAG(s) dict_keys(['treino-03']) retrieved from /opt/airflow/dags/treino03.py
[2023-07-03T14:19:38.819+0000] {logging_mixin.py:137} INFO - [2023-07-03T14:19:38.819+0000] {dag.py:2705} INFO - Sync 1 DAGs
[2023-07-03T14:19:38.865+0000] {logging_mixin.py:137} INFO - [2023-07-03T14:19:38.865+0000] {dag.py:3456} INFO - Setting next_dagrun for treino-03 to 2022-01-21T00:00:00+00:00, run_after=2022-01-22T00:00:00+00:00
[2023-07-03T14:19:38.988+0000] {processor.py:175} INFO - Processing /opt/airflow/dags/treino03.py took 0.386 seconds
[2023-07-03T14:20:09.972+0000] {processor.py:153} INFO - Started process (PID=434) to work on /opt/airflow/dags/treino03.py
[2023-07-03T14:20:09.979+0000] {processor.py:743} INFO - Processing file /opt/airflow/dags/treino03.py for tasks to queue
[2023-07-03T14:20:09.982+0000] {logging_mixin.py:137} INFO - [2023-07-03T14:20:09.982+0000] {dagbag.py:532} INFO - Filling up the DagBag from /opt/airflow/dags/treino03.py
[2023-07-03T14:20:10.103+0000] {processor.py:753} INFO - DAG(s) dict_keys(['treino-03']) retrieved from /opt/airflow/dags/treino03.py
[2023-07-03T14:20:10.192+0000] {logging_mixin.py:137} INFO - [2023-07-03T14:20:10.191+0000] {dag.py:2705} INFO - Sync 1 DAGs
[2023-07-03T14:20:10.242+0000] {logging_mixin.py:137} INFO - [2023-07-03T14:20:10.241+0000] {dag.py:3456} INFO - Setting next_dagrun for treino-03 to 2022-01-21T00:00:00+00:00, run_after=2022-01-22T00:00:00+00:00
[2023-07-03T14:20:10.271+0000] {processor.py:175} INFO - Processing /opt/airflow/dags/treino03.py took 0.334 seconds
[2023-07-03T14:20:40.732+0000] {processor.py:153} INFO - Started process (PID=490) to work on /opt/airflow/dags/treino03.py
[2023-07-03T14:20:40.735+0000] {processor.py:743} INFO - Processing file /opt/airflow/dags/treino03.py for tasks to queue
[2023-07-03T14:20:40.738+0000] {logging_mixin.py:137} INFO - [2023-07-03T14:20:40.737+0000] {dagbag.py:532} INFO - Filling up the DagBag from /opt/airflow/dags/treino03.py
[2023-07-03T14:20:40.854+0000] {processor.py:753} INFO - DAG(s) dict_keys(['treino-03']) retrieved from /opt/airflow/dags/treino03.py
[2023-07-03T14:20:40.924+0000] {logging_mixin.py:137} INFO - [2023-07-03T14:20:40.924+0000] {dag.py:2705} INFO - Sync 1 DAGs
[2023-07-03T14:20:40.988+0000] {logging_mixin.py:137} INFO - [2023-07-03T14:20:40.988+0000] {dag.py:3456} INFO - Setting next_dagrun for treino-03 to 2022-01-21T00:00:00+00:00, run_after=2022-01-22T00:00:00+00:00
[2023-07-03T14:20:41.036+0000] {processor.py:175} INFO - Processing /opt/airflow/dags/treino03.py took 0.311 seconds
[2023-07-03T14:21:11.584+0000] {processor.py:153} INFO - Started process (PID=548) to work on /opt/airflow/dags/treino03.py
[2023-07-03T14:21:11.586+0000] {processor.py:743} INFO - Processing file /opt/airflow/dags/treino03.py for tasks to queue
[2023-07-03T14:21:11.589+0000] {logging_mixin.py:137} INFO - [2023-07-03T14:21:11.589+0000] {dagbag.py:532} INFO - Filling up the DagBag from /opt/airflow/dags/treino03.py
[2023-07-03T14:21:11.647+0000] {processor.py:753} INFO - DAG(s) dict_keys(['treino-03']) retrieved from /opt/airflow/dags/treino03.py
[2023-07-03T14:21:11.688+0000] {logging_mixin.py:137} INFO - [2023-07-03T14:21:11.688+0000] {dag.py:2705} INFO - Sync 1 DAGs
[2023-07-03T14:21:11.715+0000] {logging_mixin.py:137} INFO - [2023-07-03T14:21:11.715+0000] {dag.py:3456} INFO - Setting next_dagrun for treino-03 to 2022-01-21T00:00:00+00:00, run_after=2022-01-22T00:00:00+00:00
[2023-07-03T14:21:11.740+0000] {processor.py:175} INFO - Processing /opt/airflow/dags/treino03.py took 0.165 seconds
[2023-07-03T14:21:41.965+0000] {processor.py:153} INFO - Started process (PID=605) to work on /opt/airflow/dags/treino03.py
[2023-07-03T14:21:41.967+0000] {processor.py:743} INFO - Processing file /opt/airflow/dags/treino03.py for tasks to queue
[2023-07-03T14:21:41.968+0000] {logging_mixin.py:137} INFO - [2023-07-03T14:21:41.968+0000] {dagbag.py:532} INFO - Filling up the DagBag from /opt/airflow/dags/treino03.py
[2023-07-03T14:21:41.987+0000] {processor.py:753} INFO - DAG(s) dict_keys(['treino-03']) retrieved from /opt/airflow/dags/treino03.py
[2023-07-03T14:21:42.007+0000] {logging_mixin.py:137} INFO - [2023-07-03T14:21:42.007+0000] {dag.py:2705} INFO - Sync 1 DAGs
[2023-07-03T14:21:42.023+0000] {logging_mixin.py:137} INFO - [2023-07-03T14:21:42.023+0000] {dag.py:3456} INFO - Setting next_dagrun for treino-03 to 2022-01-21T00:00:00+00:00, run_after=2022-01-22T00:00:00+00:00
[2023-07-03T14:21:42.052+0000] {processor.py:175} INFO - Processing /opt/airflow/dags/treino03.py took 0.092 seconds
[2023-07-03T14:22:12.271+0000] {processor.py:153} INFO - Started process (PID=663) to work on /opt/airflow/dags/treino03.py
[2023-07-03T14:22:12.272+0000] {processor.py:743} INFO - Processing file /opt/airflow/dags/treino03.py for tasks to queue
[2023-07-03T14:22:12.273+0000] {logging_mixin.py:137} INFO - [2023-07-03T14:22:12.273+0000] {dagbag.py:532} INFO - Filling up the DagBag from /opt/airflow/dags/treino03.py
[2023-07-03T14:22:12.288+0000] {processor.py:753} INFO - DAG(s) dict_keys(['treino-03']) retrieved from /opt/airflow/dags/treino03.py
[2023-07-03T14:22:12.304+0000] {logging_mixin.py:137} INFO - [2023-07-03T14:22:12.304+0000] {dag.py:2705} INFO - Sync 1 DAGs
[2023-07-03T14:22:12.318+0000] {logging_mixin.py:137} INFO - [2023-07-03T14:22:12.318+0000] {dag.py:3456} INFO - Setting next_dagrun for treino-03 to 2022-01-21T00:00:00+00:00, run_after=2022-01-22T00:00:00+00:00
[2023-07-03T14:22:12.328+0000] {processor.py:175} INFO - Processing /opt/airflow/dags/treino03.py took 0.059 seconds
[2023-07-03T14:22:43.269+0000] {processor.py:153} INFO - Started process (PID=720) to work on /opt/airflow/dags/treino03.py
[2023-07-03T14:22:43.270+0000] {processor.py:743} INFO - Processing file /opt/airflow/dags/treino03.py for tasks to queue
[2023-07-03T14:22:43.271+0000] {logging_mixin.py:137} INFO - [2023-07-03T14:22:43.271+0000] {dagbag.py:532} INFO - Filling up the DagBag from /opt/airflow/dags/treino03.py
[2023-07-03T14:22:43.288+0000] {processor.py:753} INFO - DAG(s) dict_keys(['treino-03']) retrieved from /opt/airflow/dags/treino03.py
[2023-07-03T14:22:43.305+0000] {logging_mixin.py:137} INFO - [2023-07-03T14:22:43.305+0000] {dag.py:2705} INFO - Sync 1 DAGs
[2023-07-03T14:22:43.319+0000] {logging_mixin.py:137} INFO - [2023-07-03T14:22:43.319+0000] {dag.py:3456} INFO - Setting next_dagrun for treino-03 to 2022-01-21T00:00:00+00:00, run_after=2022-01-22T00:00:00+00:00
[2023-07-03T14:22:43.328+0000] {processor.py:175} INFO - Processing /opt/airflow/dags/treino03.py took 0.062 seconds
[2023-07-03T14:23:13.707+0000] {processor.py:153} INFO - Started process (PID=777) to work on /opt/airflow/dags/treino03.py
[2023-07-03T14:23:13.708+0000] {processor.py:743} INFO - Processing file /opt/airflow/dags/treino03.py for tasks to queue
[2023-07-03T14:23:13.712+0000] {logging_mixin.py:137} INFO - [2023-07-03T14:23:13.712+0000] {dagbag.py:532} INFO - Filling up the DagBag from /opt/airflow/dags/treino03.py
[2023-07-03T14:23:13.739+0000] {processor.py:753} INFO - DAG(s) dict_keys(['treino-03']) retrieved from /opt/airflow/dags/treino03.py
[2023-07-03T14:23:13.760+0000] {logging_mixin.py:137} INFO - [2023-07-03T14:23:13.760+0000] {dag.py:2705} INFO - Sync 1 DAGs
[2023-07-03T14:23:13.774+0000] {logging_mixin.py:137} INFO - [2023-07-03T14:23:13.774+0000] {dag.py:3456} INFO - Setting next_dagrun for treino-03 to 2022-01-21T00:00:00+00:00, run_after=2022-01-22T00:00:00+00:00
[2023-07-03T14:23:13.784+0000] {processor.py:175} INFO - Processing /opt/airflow/dags/treino03.py took 0.079 seconds
[2023-07-03T14:23:44.524+0000] {processor.py:153} INFO - Started process (PID=834) to work on /opt/airflow/dags/treino03.py
[2023-07-03T14:23:44.525+0000] {processor.py:743} INFO - Processing file /opt/airflow/dags/treino03.py for tasks to queue
[2023-07-03T14:23:44.526+0000] {logging_mixin.py:137} INFO - [2023-07-03T14:23:44.526+0000] {dagbag.py:532} INFO - Filling up the DagBag from /opt/airflow/dags/treino03.py
[2023-07-03T14:23:44.550+0000] {processor.py:753} INFO - DAG(s) dict_keys(['treino-03']) retrieved from /opt/airflow/dags/treino03.py
[2023-07-03T14:23:44.569+0000] {logging_mixin.py:137} INFO - [2023-07-03T14:23:44.569+0000] {dag.py:2705} INFO - Sync 1 DAGs
[2023-07-03T14:23:44.584+0000] {logging_mixin.py:137} INFO - [2023-07-03T14:23:44.584+0000] {dag.py:3456} INFO - Setting next_dagrun for treino-03 to 2022-01-21T00:00:00+00:00, run_after=2022-01-22T00:00:00+00:00
[2023-07-03T14:23:44.594+0000] {processor.py:175} INFO - Processing /opt/airflow/dags/treino03.py took 0.072 seconds
[2023-07-03T14:24:14.911+0000] {processor.py:153} INFO - Started process (PID=891) to work on /opt/airflow/dags/treino03.py
[2023-07-03T14:24:14.912+0000] {processor.py:743} INFO - Processing file /opt/airflow/dags/treino03.py for tasks to queue
[2023-07-03T14:24:14.912+0000] {logging_mixin.py:137} INFO - [2023-07-03T14:24:14.912+0000] {dagbag.py:532} INFO - Filling up the DagBag from /opt/airflow/dags/treino03.py
[2023-07-03T14:24:14.933+0000] {processor.py:753} INFO - DAG(s) dict_keys(['treino-03']) retrieved from /opt/airflow/dags/treino03.py
[2023-07-03T14:24:14.951+0000] {logging_mixin.py:137} INFO - [2023-07-03T14:24:14.951+0000] {dag.py:2705} INFO - Sync 1 DAGs
[2023-07-03T14:24:14.973+0000] {logging_mixin.py:137} INFO - [2023-07-03T14:24:14.973+0000] {dag.py:3456} INFO - Setting next_dagrun for treino-03 to 2022-01-21T00:00:00+00:00, run_after=2022-01-22T00:00:00+00:00
[2023-07-03T14:24:14.983+0000] {processor.py:175} INFO - Processing /opt/airflow/dags/treino03.py took 0.075 seconds
[2023-07-03T14:24:45.458+0000] {processor.py:153} INFO - Started process (PID=948) to work on /opt/airflow/dags/treino03.py
[2023-07-03T14:24:45.459+0000] {processor.py:743} INFO - Processing file /opt/airflow/dags/treino03.py for tasks to queue
[2023-07-03T14:24:45.460+0000] {logging_mixin.py:137} INFO - [2023-07-03T14:24:45.460+0000] {dagbag.py:532} INFO - Filling up the DagBag from /opt/airflow/dags/treino03.py
[2023-07-03T14:24:45.476+0000] {processor.py:753} INFO - DAG(s) dict_keys(['treino-03']) retrieved from /opt/airflow/dags/treino03.py
[2023-07-03T14:24:45.493+0000] {logging_mixin.py:137} INFO - [2023-07-03T14:24:45.493+0000] {dag.py:2705} INFO - Sync 1 DAGs
[2023-07-03T14:24:45.507+0000] {logging_mixin.py:137} INFO - [2023-07-03T14:24:45.507+0000] {dag.py:3456} INFO - Setting next_dagrun for treino-03 to 2022-01-21T00:00:00+00:00, run_after=2022-01-22T00:00:00+00:00
[2023-07-03T14:24:45.516+0000] {processor.py:175} INFO - Processing /opt/airflow/dags/treino03.py took 0.060 seconds
[2023-07-03T14:25:16.499+0000] {processor.py:153} INFO - Started process (PID=1005) to work on /opt/airflow/dags/treino03.py
[2023-07-03T14:25:16.501+0000] {processor.py:743} INFO - Processing file /opt/airflow/dags/treino03.py for tasks to queue
[2023-07-03T14:25:16.503+0000] {logging_mixin.py:137} INFO - [2023-07-03T14:25:16.503+0000] {dagbag.py:532} INFO - Filling up the DagBag from /opt/airflow/dags/treino03.py
[2023-07-03T14:25:16.531+0000] {processor.py:753} INFO - DAG(s) dict_keys(['treino-03']) retrieved from /opt/airflow/dags/treino03.py
[2023-07-03T14:25:16.589+0000] {logging_mixin.py:137} INFO - [2023-07-03T14:25:16.589+0000] {dag.py:2705} INFO - Sync 1 DAGs
[2023-07-03T14:25:16.624+0000] {logging_mixin.py:137} INFO - [2023-07-03T14:25:16.624+0000] {dag.py:3456} INFO - Setting next_dagrun for treino-03 to 2022-01-21T00:00:00+00:00, run_after=2022-01-22T00:00:00+00:00
[2023-07-03T14:25:16.639+0000] {processor.py:175} INFO - Processing /opt/airflow/dags/treino03.py took 0.150 seconds
[2023-07-03T14:25:47.339+0000] {processor.py:153} INFO - Started process (PID=1062) to work on /opt/airflow/dags/treino03.py
[2023-07-03T14:25:47.340+0000] {processor.py:743} INFO - Processing file /opt/airflow/dags/treino03.py for tasks to queue
[2023-07-03T14:25:47.342+0000] {logging_mixin.py:137} INFO - [2023-07-03T14:25:47.342+0000] {dagbag.py:532} INFO - Filling up the DagBag from /opt/airflow/dags/treino03.py
[2023-07-03T14:25:47.367+0000] {processor.py:753} INFO - DAG(s) dict_keys(['treino-03']) retrieved from /opt/airflow/dags/treino03.py
[2023-07-03T14:25:47.386+0000] {logging_mixin.py:137} INFO - [2023-07-03T14:25:47.386+0000] {dag.py:2705} INFO - Sync 1 DAGs
[2023-07-03T14:25:47.403+0000] {logging_mixin.py:137} INFO - [2023-07-03T14:25:47.403+0000] {dag.py:3456} INFO - Setting next_dagrun for treino-03 to 2022-01-21T00:00:00+00:00, run_after=2022-01-22T00:00:00+00:00
[2023-07-03T14:25:47.416+0000] {processor.py:175} INFO - Processing /opt/airflow/dags/treino03.py took 0.079 seconds
[2023-07-03T14:26:17.726+0000] {processor.py:153} INFO - Started process (PID=1119) to work on /opt/airflow/dags/treino03.py
[2023-07-03T14:26:17.727+0000] {processor.py:743} INFO - Processing file /opt/airflow/dags/treino03.py for tasks to queue
[2023-07-03T14:26:17.727+0000] {logging_mixin.py:137} INFO - [2023-07-03T14:26:17.727+0000] {dagbag.py:532} INFO - Filling up the DagBag from /opt/airflow/dags/treino03.py
[2023-07-03T14:26:17.745+0000] {processor.py:753} INFO - DAG(s) dict_keys(['treino-03']) retrieved from /opt/airflow/dags/treino03.py
[2023-07-03T14:26:17.763+0000] {logging_mixin.py:137} INFO - [2023-07-03T14:26:17.763+0000] {dag.py:2705} INFO - Sync 1 DAGs
[2023-07-03T14:26:17.778+0000] {logging_mixin.py:137} INFO - [2023-07-03T14:26:17.778+0000] {dag.py:3456} INFO - Setting next_dagrun for treino-03 to 2022-01-21T00:00:00+00:00, run_after=2022-01-22T00:00:00+00:00
[2023-07-03T14:26:17.787+0000] {processor.py:175} INFO - Processing /opt/airflow/dags/treino03.py took 0.064 seconds
[2023-07-03T14:26:48.008+0000] {processor.py:153} INFO - Started process (PID=1177) to work on /opt/airflow/dags/treino03.py
[2023-07-03T14:26:48.009+0000] {processor.py:743} INFO - Processing file /opt/airflow/dags/treino03.py for tasks to queue
[2023-07-03T14:26:48.010+0000] {logging_mixin.py:137} INFO - [2023-07-03T14:26:48.010+0000] {dagbag.py:532} INFO - Filling up the DagBag from /opt/airflow/dags/treino03.py
[2023-07-03T14:26:48.033+0000] {processor.py:753} INFO - DAG(s) dict_keys(['treino-03']) retrieved from /opt/airflow/dags/treino03.py
[2023-07-03T14:26:48.051+0000] {logging_mixin.py:137} INFO - [2023-07-03T14:26:48.051+0000] {dag.py:2705} INFO - Sync 1 DAGs
[2023-07-03T14:26:48.066+0000] {logging_mixin.py:137} INFO - [2023-07-03T14:26:48.066+0000] {dag.py:3456} INFO - Setting next_dagrun for treino-03 to 2022-01-21T00:00:00+00:00, run_after=2022-01-22T00:00:00+00:00
[2023-07-03T14:26:48.075+0000] {processor.py:175} INFO - Processing /opt/airflow/dags/treino03.py took 0.069 seconds
[2023-07-03T14:27:18.656+0000] {processor.py:153} INFO - Started process (PID=1234) to work on /opt/airflow/dags/treino03.py
[2023-07-03T14:27:18.657+0000] {processor.py:743} INFO - Processing file /opt/airflow/dags/treino03.py for tasks to queue
[2023-07-03T14:27:18.658+0000] {logging_mixin.py:137} INFO - [2023-07-03T14:27:18.658+0000] {dagbag.py:532} INFO - Filling up the DagBag from /opt/airflow/dags/treino03.py
[2023-07-03T14:27:18.680+0000] {processor.py:753} INFO - DAG(s) dict_keys(['treino-03']) retrieved from /opt/airflow/dags/treino03.py
[2023-07-03T14:27:18.698+0000] {logging_mixin.py:137} INFO - [2023-07-03T14:27:18.698+0000] {dag.py:2705} INFO - Sync 1 DAGs
[2023-07-03T14:27:18.713+0000] {logging_mixin.py:137} INFO - [2023-07-03T14:27:18.713+0000] {dag.py:3456} INFO - Setting next_dagrun for treino-03 to 2022-01-21T00:00:00+00:00, run_after=2022-01-22T00:00:00+00:00
[2023-07-03T14:27:18.723+0000] {processor.py:175} INFO - Processing /opt/airflow/dags/treino03.py took 0.069 seconds
[2023-07-03T14:27:49.212+0000] {processor.py:153} INFO - Started process (PID=1291) to work on /opt/airflow/dags/treino03.py
[2023-07-03T14:27:49.214+0000] {processor.py:743} INFO - Processing file /opt/airflow/dags/treino03.py for tasks to queue
[2023-07-03T14:27:49.214+0000] {logging_mixin.py:137} INFO - [2023-07-03T14:27:49.214+0000] {dagbag.py:532} INFO - Filling up the DagBag from /opt/airflow/dags/treino03.py
[2023-07-03T14:27:49.237+0000] {processor.py:753} INFO - DAG(s) dict_keys(['treino-03']) retrieved from /opt/airflow/dags/treino03.py
[2023-07-03T14:27:49.258+0000] {logging_mixin.py:137} INFO - [2023-07-03T14:27:49.258+0000] {dag.py:2705} INFO - Sync 1 DAGs
[2023-07-03T14:27:49.275+0000] {logging_mixin.py:137} INFO - [2023-07-03T14:27:49.275+0000] {dag.py:3456} INFO - Setting next_dagrun for treino-03 to 2022-01-21T00:00:00+00:00, run_after=2022-01-22T00:00:00+00:00
[2023-07-03T14:27:49.286+0000] {processor.py:175} INFO - Processing /opt/airflow/dags/treino03.py took 0.077 seconds
[2023-07-03T14:28:19.510+0000] {processor.py:153} INFO - Started process (PID=1348) to work on /opt/airflow/dags/treino03.py
[2023-07-03T14:28:19.510+0000] {processor.py:743} INFO - Processing file /opt/airflow/dags/treino03.py for tasks to queue
[2023-07-03T14:28:19.511+0000] {logging_mixin.py:137} INFO - [2023-07-03T14:28:19.511+0000] {dagbag.py:532} INFO - Filling up the DagBag from /opt/airflow/dags/treino03.py
[2023-07-03T14:28:19.530+0000] {processor.py:753} INFO - DAG(s) dict_keys(['treino-03']) retrieved from /opt/airflow/dags/treino03.py
[2023-07-03T14:28:19.548+0000] {logging_mixin.py:137} INFO - [2023-07-03T14:28:19.548+0000] {dag.py:2705} INFO - Sync 1 DAGs
[2023-07-03T14:28:19.562+0000] {logging_mixin.py:137} INFO - [2023-07-03T14:28:19.562+0000] {dag.py:3456} INFO - Setting next_dagrun for treino-03 to 2022-01-21T00:00:00+00:00, run_after=2022-01-22T00:00:00+00:00
[2023-07-03T14:28:19.574+0000] {processor.py:175} INFO - Processing /opt/airflow/dags/treino03.py took 0.066 seconds
[2023-07-03T14:28:49.774+0000] {processor.py:153} INFO - Started process (PID=1404) to work on /opt/airflow/dags/treino03.py
[2023-07-03T14:28:49.775+0000] {processor.py:743} INFO - Processing file /opt/airflow/dags/treino03.py for tasks to queue
[2023-07-03T14:28:49.776+0000] {logging_mixin.py:137} INFO - [2023-07-03T14:28:49.776+0000] {dagbag.py:532} INFO - Filling up the DagBag from /opt/airflow/dags/treino03.py
[2023-07-03T14:28:49.801+0000] {processor.py:753} INFO - DAG(s) dict_keys(['treino-03']) retrieved from /opt/airflow/dags/treino03.py
[2023-07-03T14:28:49.829+0000] {logging_mixin.py:137} INFO - [2023-07-03T14:28:49.828+0000] {dag.py:2705} INFO - Sync 1 DAGs
[2023-07-03T14:28:49.864+0000] {logging_mixin.py:137} INFO - [2023-07-03T14:28:49.864+0000] {dag.py:3456} INFO - Setting next_dagrun for treino-03 to 2022-01-21T00:00:00+00:00, run_after=2022-01-22T00:00:00+00:00
[2023-07-03T14:28:49.875+0000] {processor.py:175} INFO - Processing /opt/airflow/dags/treino03.py took 0.103 seconds
[2023-07-03T14:29:20.335+0000] {processor.py:153} INFO - Started process (PID=1461) to work on /opt/airflow/dags/treino03.py
[2023-07-03T14:29:20.342+0000] {processor.py:743} INFO - Processing file /opt/airflow/dags/treino03.py for tasks to queue
[2023-07-03T14:29:20.348+0000] {logging_mixin.py:137} INFO - [2023-07-03T14:29:20.347+0000] {dagbag.py:532} INFO - Filling up the DagBag from /opt/airflow/dags/treino03.py
[2023-07-03T14:29:20.401+0000] {processor.py:753} INFO - DAG(s) dict_keys(['treino-03']) retrieved from /opt/airflow/dags/treino03.py
[2023-07-03T14:29:20.454+0000] {logging_mixin.py:137} INFO - [2023-07-03T14:29:20.454+0000] {dag.py:2705} INFO - Sync 1 DAGs
[2023-07-03T14:29:20.476+0000] {logging_mixin.py:137} INFO - [2023-07-03T14:29:20.476+0000] {dag.py:3456} INFO - Setting next_dagrun for treino-03 to 2022-01-21T00:00:00+00:00, run_after=2022-01-22T00:00:00+00:00
[2023-07-03T14:29:20.486+0000] {processor.py:175} INFO - Processing /opt/airflow/dags/treino03.py took 0.164 seconds
[2023-07-03T14:29:50.963+0000] {processor.py:153} INFO - Started process (PID=1518) to work on /opt/airflow/dags/treino03.py
[2023-07-03T14:29:50.964+0000] {processor.py:743} INFO - Processing file /opt/airflow/dags/treino03.py for tasks to queue
[2023-07-03T14:29:50.965+0000] {logging_mixin.py:137} INFO - [2023-07-03T14:29:50.965+0000] {dagbag.py:532} INFO - Filling up the DagBag from /opt/airflow/dags/treino03.py
[2023-07-03T14:29:50.986+0000] {processor.py:753} INFO - DAG(s) dict_keys(['treino-03']) retrieved from /opt/airflow/dags/treino03.py
[2023-07-03T14:29:51.014+0000] {logging_mixin.py:137} INFO - [2023-07-03T14:29:51.014+0000] {dag.py:2705} INFO - Sync 1 DAGs
[2023-07-03T14:29:51.033+0000] {logging_mixin.py:137} INFO - [2023-07-03T14:29:51.033+0000] {dag.py:3456} INFO - Setting next_dagrun for treino-03 to 2022-01-21T00:00:00+00:00, run_after=2022-01-22T00:00:00+00:00
[2023-07-03T14:29:51.044+0000] {processor.py:175} INFO - Processing /opt/airflow/dags/treino03.py took 0.084 seconds
[2023-07-03T14:30:21.399+0000] {processor.py:153} INFO - Started process (PID=1575) to work on /opt/airflow/dags/treino03.py
[2023-07-03T14:30:21.400+0000] {processor.py:743} INFO - Processing file /opt/airflow/dags/treino03.py for tasks to queue
[2023-07-03T14:30:21.401+0000] {logging_mixin.py:137} INFO - [2023-07-03T14:30:21.401+0000] {dagbag.py:532} INFO - Filling up the DagBag from /opt/airflow/dags/treino03.py
[2023-07-03T14:30:21.418+0000] {processor.py:753} INFO - DAG(s) dict_keys(['treino-03']) retrieved from /opt/airflow/dags/treino03.py
[2023-07-03T14:30:21.438+0000] {logging_mixin.py:137} INFO - [2023-07-03T14:30:21.438+0000] {dag.py:2705} INFO - Sync 1 DAGs
[2023-07-03T14:30:21.454+0000] {logging_mixin.py:137} INFO - [2023-07-03T14:30:21.454+0000] {dag.py:3456} INFO - Setting next_dagrun for treino-03 to 2022-01-21T00:00:00+00:00, run_after=2022-01-22T00:00:00+00:00
[2023-07-03T14:30:21.515+0000] {processor.py:175} INFO - Processing /opt/airflow/dags/treino03.py took 0.119 seconds
[2023-07-03T14:30:52.399+0000] {processor.py:153} INFO - Started process (PID=1639) to work on /opt/airflow/dags/treino03.py
[2023-07-03T14:30:52.400+0000] {processor.py:743} INFO - Processing file /opt/airflow/dags/treino03.py for tasks to queue
[2023-07-03T14:30:52.401+0000] {logging_mixin.py:137} INFO - [2023-07-03T14:30:52.401+0000] {dagbag.py:532} INFO - Filling up the DagBag from /opt/airflow/dags/treino03.py
[2023-07-03T14:30:52.417+0000] {processor.py:753} INFO - DAG(s) dict_keys(['treino-03']) retrieved from /opt/airflow/dags/treino03.py
[2023-07-03T14:30:52.436+0000] {logging_mixin.py:137} INFO - [2023-07-03T14:30:52.436+0000] {dag.py:2705} INFO - Sync 1 DAGs
[2023-07-03T14:30:52.452+0000] {logging_mixin.py:137} INFO - [2023-07-03T14:30:52.451+0000] {dag.py:3456} INFO - Setting next_dagrun for treino-03 to 2022-01-21T00:00:00+00:00, run_after=2022-01-22T00:00:00+00:00
[2023-07-03T14:30:52.462+0000] {processor.py:175} INFO - Processing /opt/airflow/dags/treino03.py took 0.065 seconds
[2023-07-03T14:31:22.624+0000] {processor.py:153} INFO - Started process (PID=1696) to work on /opt/airflow/dags/treino03.py
[2023-07-03T14:31:22.625+0000] {processor.py:743} INFO - Processing file /opt/airflow/dags/treino03.py for tasks to queue
[2023-07-03T14:31:22.626+0000] {logging_mixin.py:137} INFO - [2023-07-03T14:31:22.626+0000] {dagbag.py:532} INFO - Filling up the DagBag from /opt/airflow/dags/treino03.py
[2023-07-03T14:31:22.643+0000] {processor.py:753} INFO - DAG(s) dict_keys(['treino-03']) retrieved from /opt/airflow/dags/treino03.py
[2023-07-03T14:31:22.662+0000] {logging_mixin.py:137} INFO - [2023-07-03T14:31:22.662+0000] {dag.py:2705} INFO - Sync 1 DAGs
[2023-07-03T14:31:22.678+0000] {logging_mixin.py:137} INFO - [2023-07-03T14:31:22.678+0000] {dag.py:3456} INFO - Setting next_dagrun for treino-03 to 2022-01-21T00:00:00+00:00, run_after=2022-01-22T00:00:00+00:00
[2023-07-03T14:31:22.687+0000] {processor.py:175} INFO - Processing /opt/airflow/dags/treino03.py took 0.066 seconds
[2023-07-03T14:31:52.965+0000] {processor.py:153} INFO - Started process (PID=1753) to work on /opt/airflow/dags/treino03.py
[2023-07-03T14:31:52.966+0000] {processor.py:743} INFO - Processing file /opt/airflow/dags/treino03.py for tasks to queue
[2023-07-03T14:31:52.967+0000] {logging_mixin.py:137} INFO - [2023-07-03T14:31:52.967+0000] {dagbag.py:532} INFO - Filling up the DagBag from /opt/airflow/dags/treino03.py
[2023-07-03T14:31:52.992+0000] {processor.py:753} INFO - DAG(s) dict_keys(['treino-03']) retrieved from /opt/airflow/dags/treino03.py
[2023-07-03T14:31:53.013+0000] {logging_mixin.py:137} INFO - [2023-07-03T14:31:53.013+0000] {dag.py:2705} INFO - Sync 1 DAGs
[2023-07-03T14:31:53.029+0000] {logging_mixin.py:137} INFO - [2023-07-03T14:31:53.029+0000] {dag.py:3456} INFO - Setting next_dagrun for treino-03 to 2022-01-21T00:00:00+00:00, run_after=2022-01-22T00:00:00+00:00
[2023-07-03T14:31:53.039+0000] {processor.py:175} INFO - Processing /opt/airflow/dags/treino03.py took 0.076 seconds
[2023-07-03T14:32:23.220+0000] {processor.py:153} INFO - Started process (PID=1810) to work on /opt/airflow/dags/treino03.py
[2023-07-03T14:32:23.221+0000] {processor.py:743} INFO - Processing file /opt/airflow/dags/treino03.py for tasks to queue
[2023-07-03T14:32:23.222+0000] {logging_mixin.py:137} INFO - [2023-07-03T14:32:23.222+0000] {dagbag.py:532} INFO - Filling up the DagBag from /opt/airflow/dags/treino03.py
[2023-07-03T14:32:23.240+0000] {processor.py:753} INFO - DAG(s) dict_keys(['treino-03']) retrieved from /opt/airflow/dags/treino03.py
[2023-07-03T14:32:23.261+0000] {logging_mixin.py:137} INFO - [2023-07-03T14:32:23.260+0000] {dag.py:2705} INFO - Sync 1 DAGs
[2023-07-03T14:32:23.276+0000] {logging_mixin.py:137} INFO - [2023-07-03T14:32:23.276+0000] {dag.py:3456} INFO - Setting next_dagrun for treino-03 to 2022-01-21T00:00:00+00:00, run_after=2022-01-22T00:00:00+00:00
[2023-07-03T14:32:23.286+0000] {processor.py:175} INFO - Processing /opt/airflow/dags/treino03.py took 0.068 seconds
[2023-07-03T14:32:53.776+0000] {processor.py:153} INFO - Started process (PID=1867) to work on /opt/airflow/dags/treino03.py
[2023-07-03T14:32:53.777+0000] {processor.py:743} INFO - Processing file /opt/airflow/dags/treino03.py for tasks to queue
[2023-07-03T14:32:53.778+0000] {logging_mixin.py:137} INFO - [2023-07-03T14:32:53.778+0000] {dagbag.py:532} INFO - Filling up the DagBag from /opt/airflow/dags/treino03.py
[2023-07-03T14:32:53.805+0000] {processor.py:753} INFO - DAG(s) dict_keys(['treino-03']) retrieved from /opt/airflow/dags/treino03.py
[2023-07-03T14:32:53.848+0000] {logging_mixin.py:137} INFO - [2023-07-03T14:32:53.848+0000] {dag.py:2705} INFO - Sync 1 DAGs
[2023-07-03T14:32:53.865+0000] {logging_mixin.py:137} INFO - [2023-07-03T14:32:53.865+0000] {dag.py:3456} INFO - Setting next_dagrun for treino-03 to 2022-01-21T00:00:00+00:00, run_after=2022-01-22T00:00:00+00:00
[2023-07-03T14:32:53.876+0000] {processor.py:175} INFO - Processing /opt/airflow/dags/treino03.py took 0.104 seconds
[2023-07-03T14:33:24.137+0000] {processor.py:153} INFO - Started process (PID=1924) to work on /opt/airflow/dags/treino03.py
[2023-07-03T14:33:24.137+0000] {processor.py:743} INFO - Processing file /opt/airflow/dags/treino03.py for tasks to queue
[2023-07-03T14:33:24.138+0000] {logging_mixin.py:137} INFO - [2023-07-03T14:33:24.138+0000] {dagbag.py:532} INFO - Filling up the DagBag from /opt/airflow/dags/treino03.py
[2023-07-03T14:33:24.154+0000] {processor.py:753} INFO - DAG(s) dict_keys(['treino-03']) retrieved from /opt/airflow/dags/treino03.py
[2023-07-03T14:33:24.171+0000] {logging_mixin.py:137} INFO - [2023-07-03T14:33:24.171+0000] {dag.py:2705} INFO - Sync 1 DAGs
[2023-07-03T14:33:24.186+0000] {logging_mixin.py:137} INFO - [2023-07-03T14:33:24.186+0000] {dag.py:3456} INFO - Setting next_dagrun for treino-03 to 2022-01-21T00:00:00+00:00, run_after=2022-01-22T00:00:00+00:00
[2023-07-03T14:33:24.195+0000] {processor.py:175} INFO - Processing /opt/airflow/dags/treino03.py took 0.061 seconds
[2023-07-03T14:36:22.676+0000] {processor.py:153} INFO - Started process (PID=44) to work on /opt/airflow/dags/treino03.py
[2023-07-03T14:36:22.679+0000] {processor.py:743} INFO - Processing file /opt/airflow/dags/treino03.py for tasks to queue
[2023-07-03T14:36:22.680+0000] {logging_mixin.py:137} INFO - [2023-07-03T14:36:22.680+0000] {dagbag.py:532} INFO - Filling up the DagBag from /opt/airflow/dags/treino03.py
[2023-07-03T14:36:22.920+0000] {processor.py:753} INFO - DAG(s) dict_keys(['treino-03']) retrieved from /opt/airflow/dags/treino03.py
[2023-07-03T14:36:23.026+0000] {logging_mixin.py:137} INFO - [2023-07-03T14:36:23.026+0000] {dag.py:2705} INFO - Sync 1 DAGs
[2023-07-03T14:36:23.098+0000] {logging_mixin.py:137} INFO - [2023-07-03T14:36:23.097+0000] {dag.py:3456} INFO - Setting next_dagrun for treino-03 to 2022-01-21T00:00:00+00:00, run_after=2022-01-22T00:00:00+00:00
[2023-07-03T14:36:23.226+0000] {processor.py:175} INFO - Processing /opt/airflow/dags/treino03.py took 0.555 seconds
[2023-07-03T14:36:53.910+0000] {processor.py:153} INFO - Started process (PID=101) to work on /opt/airflow/dags/treino03.py
[2023-07-03T14:36:53.911+0000] {processor.py:743} INFO - Processing file /opt/airflow/dags/treino03.py for tasks to queue
[2023-07-03T14:36:53.913+0000] {logging_mixin.py:137} INFO - [2023-07-03T14:36:53.913+0000] {dagbag.py:532} INFO - Filling up the DagBag from /opt/airflow/dags/treino03.py
[2023-07-03T14:36:53.941+0000] {processor.py:753} INFO - DAG(s) dict_keys(['treino-03']) retrieved from /opt/airflow/dags/treino03.py
[2023-07-03T14:36:53.975+0000] {logging_mixin.py:137} INFO - [2023-07-03T14:36:53.975+0000] {dag.py:2705} INFO - Sync 1 DAGs
[2023-07-03T14:36:54.001+0000] {logging_mixin.py:137} INFO - [2023-07-03T14:36:54.001+0000] {dag.py:3456} INFO - Setting next_dagrun for treino-03 to 2022-01-21T00:00:00+00:00, run_after=2022-01-22T00:00:00+00:00
[2023-07-03T14:36:54.038+0000] {processor.py:175} INFO - Processing /opt/airflow/dags/treino03.py took 0.133 seconds
[2023-07-03T14:37:24.663+0000] {processor.py:153} INFO - Started process (PID=158) to work on /opt/airflow/dags/treino03.py
[2023-07-03T14:37:24.666+0000] {processor.py:743} INFO - Processing file /opt/airflow/dags/treino03.py for tasks to queue
[2023-07-03T14:37:24.667+0000] {logging_mixin.py:137} INFO - [2023-07-03T14:37:24.667+0000] {dagbag.py:532} INFO - Filling up the DagBag from /opt/airflow/dags/treino03.py
[2023-07-03T14:37:24.714+0000] {processor.py:753} INFO - DAG(s) dict_keys(['treino-03']) retrieved from /opt/airflow/dags/treino03.py
[2023-07-03T14:37:24.768+0000] {logging_mixin.py:137} INFO - [2023-07-03T14:37:24.767+0000] {dag.py:2705} INFO - Sync 1 DAGs
[2023-07-03T14:37:24.797+0000] {logging_mixin.py:137} INFO - [2023-07-03T14:37:24.797+0000] {dag.py:3456} INFO - Setting next_dagrun for treino-03 to 2022-01-21T00:00:00+00:00, run_after=2022-01-22T00:00:00+00:00
[2023-07-03T14:37:24.814+0000] {processor.py:175} INFO - Processing /opt/airflow/dags/treino03.py took 0.157 seconds
[2023-07-03T14:37:55.609+0000] {processor.py:153} INFO - Started process (PID=214) to work on /opt/airflow/dags/treino03.py
[2023-07-03T14:37:55.610+0000] {processor.py:743} INFO - Processing file /opt/airflow/dags/treino03.py for tasks to queue
[2023-07-03T14:37:55.611+0000] {logging_mixin.py:137} INFO - [2023-07-03T14:37:55.611+0000] {dagbag.py:532} INFO - Filling up the DagBag from /opt/airflow/dags/treino03.py
[2023-07-03T14:37:55.642+0000] {processor.py:753} INFO - DAG(s) dict_keys(['treino-03']) retrieved from /opt/airflow/dags/treino03.py
[2023-07-03T14:37:55.691+0000] {logging_mixin.py:137} INFO - [2023-07-03T14:37:55.691+0000] {dag.py:2705} INFO - Sync 1 DAGs
[2023-07-03T14:37:55.743+0000] {logging_mixin.py:137} INFO - [2023-07-03T14:37:55.743+0000] {dag.py:3456} INFO - Setting next_dagrun for treino-03 to 2022-01-21T00:00:00+00:00, run_after=2022-01-22T00:00:00+00:00
[2023-07-03T14:37:55.781+0000] {processor.py:175} INFO - Processing /opt/airflow/dags/treino03.py took 0.175 seconds
[2023-07-03T14:38:26.572+0000] {processor.py:153} INFO - Started process (PID=271) to work on /opt/airflow/dags/treino03.py
[2023-07-03T14:38:26.574+0000] {processor.py:743} INFO - Processing file /opt/airflow/dags/treino03.py for tasks to queue
[2023-07-03T14:38:26.575+0000] {logging_mixin.py:137} INFO - [2023-07-03T14:38:26.574+0000] {dagbag.py:532} INFO - Filling up the DagBag from /opt/airflow/dags/treino03.py
[2023-07-03T14:38:26.636+0000] {processor.py:753} INFO - DAG(s) dict_keys(['treino-03']) retrieved from /opt/airflow/dags/treino03.py
[2023-07-03T14:38:26.680+0000] {logging_mixin.py:137} INFO - [2023-07-03T14:38:26.680+0000] {dag.py:2705} INFO - Sync 1 DAGs
[2023-07-03T14:38:26.754+0000] {logging_mixin.py:137} INFO - [2023-07-03T14:38:26.753+0000] {dag.py:3456} INFO - Setting next_dagrun for treino-03 to 2022-01-21T00:00:00+00:00, run_after=2022-01-22T00:00:00+00:00
[2023-07-03T14:38:26.861+0000] {processor.py:175} INFO - Processing /opt/airflow/dags/treino03.py took 0.294 seconds
[2023-07-03T14:38:57.190+0000] {processor.py:153} INFO - Started process (PID=329) to work on /opt/airflow/dags/treino03.py
[2023-07-03T14:38:57.191+0000] {processor.py:743} INFO - Processing file /opt/airflow/dags/treino03.py for tasks to queue
[2023-07-03T14:38:57.192+0000] {logging_mixin.py:137} INFO - [2023-07-03T14:38:57.192+0000] {dagbag.py:532} INFO - Filling up the DagBag from /opt/airflow/dags/treino03.py
[2023-07-03T14:38:57.214+0000] {processor.py:753} INFO - DAG(s) dict_keys(['treino-03']) retrieved from /opt/airflow/dags/treino03.py
[2023-07-03T14:38:57.232+0000] {logging_mixin.py:137} INFO - [2023-07-03T14:38:57.231+0000] {dag.py:2705} INFO - Sync 1 DAGs
[2023-07-03T14:38:57.246+0000] {logging_mixin.py:137} INFO - [2023-07-03T14:38:57.246+0000] {dag.py:3456} INFO - Setting next_dagrun for treino-03 to 2022-01-21T00:00:00+00:00, run_after=2022-01-22T00:00:00+00:00
[2023-07-03T14:38:57.255+0000] {processor.py:175} INFO - Processing /opt/airflow/dags/treino03.py took 0.067 seconds
[2023-07-03T14:39:27.558+0000] {processor.py:153} INFO - Started process (PID=386) to work on /opt/airflow/dags/treino03.py
[2023-07-03T14:39:27.559+0000] {processor.py:743} INFO - Processing file /opt/airflow/dags/treino03.py for tasks to queue
[2023-07-03T14:39:27.560+0000] {logging_mixin.py:137} INFO - [2023-07-03T14:39:27.560+0000] {dagbag.py:532} INFO - Filling up the DagBag from /opt/airflow/dags/treino03.py
[2023-07-03T14:39:27.578+0000] {processor.py:753} INFO - DAG(s) dict_keys(['treino-03']) retrieved from /opt/airflow/dags/treino03.py
[2023-07-03T14:39:27.596+0000] {logging_mixin.py:137} INFO - [2023-07-03T14:39:27.596+0000] {dag.py:2705} INFO - Sync 1 DAGs
[2023-07-03T14:39:27.611+0000] {logging_mixin.py:137} INFO - [2023-07-03T14:39:27.611+0000] {dag.py:3456} INFO - Setting next_dagrun for treino-03 to 2022-01-21T00:00:00+00:00, run_after=2022-01-22T00:00:00+00:00
[2023-07-03T14:39:27.621+0000] {processor.py:175} INFO - Processing /opt/airflow/dags/treino03.py took 0.064 seconds
[2023-07-03T14:39:58.412+0000] {processor.py:153} INFO - Started process (PID=443) to work on /opt/airflow/dags/treino03.py
[2023-07-03T14:39:58.413+0000] {processor.py:743} INFO - Processing file /opt/airflow/dags/treino03.py for tasks to queue
[2023-07-03T14:39:58.414+0000] {logging_mixin.py:137} INFO - [2023-07-03T14:39:58.414+0000] {dagbag.py:532} INFO - Filling up the DagBag from /opt/airflow/dags/treino03.py
[2023-07-03T14:39:58.435+0000] {processor.py:753} INFO - DAG(s) dict_keys(['treino-03']) retrieved from /opt/airflow/dags/treino03.py
[2023-07-03T14:39:58.455+0000] {logging_mixin.py:137} INFO - [2023-07-03T14:39:58.455+0000] {dag.py:2705} INFO - Sync 1 DAGs
[2023-07-03T14:39:58.471+0000] {logging_mixin.py:137} INFO - [2023-07-03T14:39:58.471+0000] {dag.py:3456} INFO - Setting next_dagrun for treino-03 to 2022-01-21T00:00:00+00:00, run_after=2022-01-22T00:00:00+00:00
[2023-07-03T14:39:58.481+0000] {processor.py:175} INFO - Processing /opt/airflow/dags/treino03.py took 0.073 seconds
[2023-07-03T14:40:28.821+0000] {processor.py:153} INFO - Started process (PID=501) to work on /opt/airflow/dags/treino03.py
[2023-07-03T14:40:28.822+0000] {processor.py:743} INFO - Processing file /opt/airflow/dags/treino03.py for tasks to queue
[2023-07-03T14:40:28.823+0000] {logging_mixin.py:137} INFO - [2023-07-03T14:40:28.823+0000] {dagbag.py:532} INFO - Filling up the DagBag from /opt/airflow/dags/treino03.py
[2023-07-03T14:40:28.839+0000] {processor.py:753} INFO - DAG(s) dict_keys(['treino-03']) retrieved from /opt/airflow/dags/treino03.py
[2023-07-03T14:40:28.857+0000] {logging_mixin.py:137} INFO - [2023-07-03T14:40:28.857+0000] {dag.py:2705} INFO - Sync 1 DAGs
[2023-07-03T14:40:28.872+0000] {logging_mixin.py:137} INFO - [2023-07-03T14:40:28.872+0000] {dag.py:3456} INFO - Setting next_dagrun for treino-03 to 2022-01-21T00:00:00+00:00, run_after=2022-01-22T00:00:00+00:00
[2023-07-03T14:40:28.881+0000] {processor.py:175} INFO - Processing /opt/airflow/dags/treino03.py took 0.063 seconds
[2023-07-03T14:40:59.166+0000] {processor.py:153} INFO - Started process (PID=558) to work on /opt/airflow/dags/treino03.py
[2023-07-03T14:40:59.167+0000] {processor.py:743} INFO - Processing file /opt/airflow/dags/treino03.py for tasks to queue
[2023-07-03T14:40:59.167+0000] {logging_mixin.py:137} INFO - [2023-07-03T14:40:59.167+0000] {dagbag.py:532} INFO - Filling up the DagBag from /opt/airflow/dags/treino03.py
[2023-07-03T14:40:59.186+0000] {processor.py:753} INFO - DAG(s) dict_keys(['treino-03']) retrieved from /opt/airflow/dags/treino03.py
[2023-07-03T14:40:59.207+0000] {logging_mixin.py:137} INFO - [2023-07-03T14:40:59.207+0000] {dag.py:2705} INFO - Sync 1 DAGs
[2023-07-03T14:40:59.224+0000] {logging_mixin.py:137} INFO - [2023-07-03T14:40:59.224+0000] {dag.py:3456} INFO - Setting next_dagrun for treino-03 to 2022-01-21T00:00:00+00:00, run_after=2022-01-22T00:00:00+00:00
[2023-07-03T14:40:59.234+0000] {processor.py:175} INFO - Processing /opt/airflow/dags/treino03.py took 0.071 seconds
[2023-07-03T14:41:29.362+0000] {processor.py:153} INFO - Started process (PID=615) to work on /opt/airflow/dags/treino03.py
[2023-07-03T14:41:29.363+0000] {processor.py:743} INFO - Processing file /opt/airflow/dags/treino03.py for tasks to queue
[2023-07-03T14:41:29.364+0000] {logging_mixin.py:137} INFO - [2023-07-03T14:41:29.364+0000] {dagbag.py:532} INFO - Filling up the DagBag from /opt/airflow/dags/treino03.py
[2023-07-03T14:41:29.382+0000] {processor.py:753} INFO - DAG(s) dict_keys(['treino-03']) retrieved from /opt/airflow/dags/treino03.py
[2023-07-03T14:41:29.399+0000] {logging_mixin.py:137} INFO - [2023-07-03T14:41:29.399+0000] {dag.py:2705} INFO - Sync 1 DAGs
[2023-07-03T14:41:29.413+0000] {logging_mixin.py:137} INFO - [2023-07-03T14:41:29.413+0000] {dag.py:3456} INFO - Setting next_dagrun for treino-03 to 2022-01-21T00:00:00+00:00, run_after=2022-01-22T00:00:00+00:00
[2023-07-03T14:41:29.423+0000] {processor.py:175} INFO - Processing /opt/airflow/dags/treino03.py took 0.064 seconds
[2023-07-03T14:42:00.285+0000] {processor.py:153} INFO - Started process (PID=672) to work on /opt/airflow/dags/treino03.py
[2023-07-03T14:42:00.287+0000] {processor.py:743} INFO - Processing file /opt/airflow/dags/treino03.py for tasks to queue
[2023-07-03T14:42:00.288+0000] {logging_mixin.py:137} INFO - [2023-07-03T14:42:00.288+0000] {dagbag.py:532} INFO - Filling up the DagBag from /opt/airflow/dags/treino03.py
[2023-07-03T14:42:00.313+0000] {processor.py:753} INFO - DAG(s) dict_keys(['treino-03']) retrieved from /opt/airflow/dags/treino03.py
[2023-07-03T14:42:00.373+0000] {logging_mixin.py:137} INFO - [2023-07-03T14:42:00.373+0000] {dag.py:2705} INFO - Sync 1 DAGs
[2023-07-03T14:42:00.394+0000] {logging_mixin.py:137} INFO - [2023-07-03T14:42:00.394+0000] {dag.py:3456} INFO - Setting next_dagrun for treino-03 to 2022-01-21T00:00:00+00:00, run_after=2022-01-22T00:00:00+00:00
[2023-07-03T14:42:00.405+0000] {processor.py:175} INFO - Processing /opt/airflow/dags/treino03.py took 0.123 seconds
[2023-07-03T14:42:30.485+0000] {processor.py:153} INFO - Started process (PID=729) to work on /opt/airflow/dags/treino03.py
[2023-07-03T14:42:30.486+0000] {processor.py:743} INFO - Processing file /opt/airflow/dags/treino03.py for tasks to queue
[2023-07-03T14:42:30.487+0000] {logging_mixin.py:137} INFO - [2023-07-03T14:42:30.487+0000] {dagbag.py:532} INFO - Filling up the DagBag from /opt/airflow/dags/treino03.py
[2023-07-03T14:42:30.511+0000] {processor.py:753} INFO - DAG(s) dict_keys(['treino-03']) retrieved from /opt/airflow/dags/treino03.py
[2023-07-03T14:42:30.530+0000] {logging_mixin.py:137} INFO - [2023-07-03T14:42:30.530+0000] {dag.py:2705} INFO - Sync 1 DAGs
[2023-07-03T14:42:30.545+0000] {logging_mixin.py:137} INFO - [2023-07-03T14:42:30.545+0000] {dag.py:3456} INFO - Setting next_dagrun for treino-03 to 2022-01-21T00:00:00+00:00, run_after=2022-01-22T00:00:00+00:00
[2023-07-03T14:42:30.554+0000] {processor.py:175} INFO - Processing /opt/airflow/dags/treino03.py took 0.071 seconds
[2023-07-03T14:43:00.637+0000] {processor.py:153} INFO - Started process (PID=786) to work on /opt/airflow/dags/treino03.py
[2023-07-03T14:43:00.637+0000] {processor.py:743} INFO - Processing file /opt/airflow/dags/treino03.py for tasks to queue
[2023-07-03T14:43:00.638+0000] {logging_mixin.py:137} INFO - [2023-07-03T14:43:00.638+0000] {dagbag.py:532} INFO - Filling up the DagBag from /opt/airflow/dags/treino03.py
[2023-07-03T14:43:00.654+0000] {processor.py:753} INFO - DAG(s) dict_keys(['treino-03']) retrieved from /opt/airflow/dags/treino03.py
[2023-07-03T14:43:00.671+0000] {logging_mixin.py:137} INFO - [2023-07-03T14:43:00.671+0000] {dag.py:2705} INFO - Sync 1 DAGs
[2023-07-03T14:43:00.685+0000] {logging_mixin.py:137} INFO - [2023-07-03T14:43:00.685+0000] {dag.py:3456} INFO - Setting next_dagrun for treino-03 to 2022-01-21T00:00:00+00:00, run_after=2022-01-22T00:00:00+00:00
[2023-07-03T14:43:00.694+0000] {processor.py:175} INFO - Processing /opt/airflow/dags/treino03.py took 0.060 seconds
[2023-07-03T14:43:30.964+0000] {processor.py:153} INFO - Started process (PID=843) to work on /opt/airflow/dags/treino03.py
[2023-07-03T14:43:30.965+0000] {processor.py:743} INFO - Processing file /opt/airflow/dags/treino03.py for tasks to queue
[2023-07-03T14:43:30.967+0000] {logging_mixin.py:137} INFO - [2023-07-03T14:43:30.966+0000] {dagbag.py:532} INFO - Filling up the DagBag from /opt/airflow/dags/treino03.py
[2023-07-03T14:43:30.988+0000] {processor.py:753} INFO - DAG(s) dict_keys(['treino-03']) retrieved from /opt/airflow/dags/treino03.py
[2023-07-03T14:43:31.008+0000] {logging_mixin.py:137} INFO - [2023-07-03T14:43:31.008+0000] {dag.py:2705} INFO - Sync 1 DAGs
[2023-07-03T14:43:31.024+0000] {logging_mixin.py:137} INFO - [2023-07-03T14:43:31.024+0000] {dag.py:3456} INFO - Setting next_dagrun for treino-03 to 2022-01-21T00:00:00+00:00, run_after=2022-01-22T00:00:00+00:00
[2023-07-03T14:43:31.036+0000] {processor.py:175} INFO - Processing /opt/airflow/dags/treino03.py took 0.076 seconds
[2023-07-03T14:44:01.183+0000] {processor.py:153} INFO - Started process (PID=900) to work on /opt/airflow/dags/treino03.py
[2023-07-03T14:44:01.184+0000] {processor.py:743} INFO - Processing file /opt/airflow/dags/treino03.py for tasks to queue
[2023-07-03T14:44:01.185+0000] {logging_mixin.py:137} INFO - [2023-07-03T14:44:01.185+0000] {dagbag.py:532} INFO - Filling up the DagBag from /opt/airflow/dags/treino03.py
[2023-07-03T14:44:01.201+0000] {processor.py:753} INFO - DAG(s) dict_keys(['treino-03']) retrieved from /opt/airflow/dags/treino03.py
[2023-07-03T14:44:01.219+0000] {logging_mixin.py:137} INFO - [2023-07-03T14:44:01.219+0000] {dag.py:2705} INFO - Sync 1 DAGs
[2023-07-03T14:44:01.238+0000] {logging_mixin.py:137} INFO - [2023-07-03T14:44:01.238+0000] {dag.py:3456} INFO - Setting next_dagrun for treino-03 to 2022-01-21T00:00:00+00:00, run_after=2022-01-22T00:00:00+00:00
[2023-07-03T14:44:01.247+0000] {processor.py:175} INFO - Processing /opt/airflow/dags/treino03.py took 0.066 seconds
[2023-07-03T14:44:31.460+0000] {processor.py:153} INFO - Started process (PID=957) to work on /opt/airflow/dags/treino03.py
[2023-07-03T14:44:31.462+0000] {processor.py:743} INFO - Processing file /opt/airflow/dags/treino03.py for tasks to queue
[2023-07-03T14:44:31.463+0000] {logging_mixin.py:137} INFO - [2023-07-03T14:44:31.463+0000] {dagbag.py:532} INFO - Filling up the DagBag from /opt/airflow/dags/treino03.py
[2023-07-03T14:44:31.482+0000] {processor.py:753} INFO - DAG(s) dict_keys(['treino-03']) retrieved from /opt/airflow/dags/treino03.py
[2023-07-03T14:44:31.501+0000] {logging_mixin.py:137} INFO - [2023-07-03T14:44:31.501+0000] {dag.py:2705} INFO - Sync 1 DAGs
[2023-07-03T14:44:31.516+0000] {logging_mixin.py:137} INFO - [2023-07-03T14:44:31.516+0000] {dag.py:3456} INFO - Setting next_dagrun for treino-03 to 2022-01-21T00:00:00+00:00, run_after=2022-01-22T00:00:00+00:00
[2023-07-03T14:44:31.526+0000] {processor.py:175} INFO - Processing /opt/airflow/dags/treino03.py took 0.070 seconds
[2023-07-03T14:45:02.000+0000] {processor.py:153} INFO - Started process (PID=1014) to work on /opt/airflow/dags/treino03.py
[2023-07-03T14:45:02.001+0000] {processor.py:743} INFO - Processing file /opt/airflow/dags/treino03.py for tasks to queue
[2023-07-03T14:45:02.002+0000] {logging_mixin.py:137} INFO - [2023-07-03T14:45:02.002+0000] {dagbag.py:532} INFO - Filling up the DagBag from /opt/airflow/dags/treino03.py
[2023-07-03T14:45:02.018+0000] {processor.py:753} INFO - DAG(s) dict_keys(['treino-03']) retrieved from /opt/airflow/dags/treino03.py
[2023-07-03T14:45:02.035+0000] {logging_mixin.py:137} INFO - [2023-07-03T14:45:02.035+0000] {dag.py:2705} INFO - Sync 1 DAGs
[2023-07-03T14:45:02.052+0000] {logging_mixin.py:137} INFO - [2023-07-03T14:45:02.052+0000] {dag.py:3456} INFO - Setting next_dagrun for treino-03 to 2022-01-21T00:00:00+00:00, run_after=2022-01-22T00:00:00+00:00
[2023-07-03T14:45:02.066+0000] {processor.py:175} INFO - Processing /opt/airflow/dags/treino03.py took 0.068 seconds
[2023-07-03T14:45:32.477+0000] {processor.py:153} INFO - Started process (PID=1071) to work on /opt/airflow/dags/treino03.py
[2023-07-03T14:45:32.478+0000] {processor.py:743} INFO - Processing file /opt/airflow/dags/treino03.py for tasks to queue
[2023-07-03T14:45:32.479+0000] {logging_mixin.py:137} INFO - [2023-07-03T14:45:32.479+0000] {dagbag.py:532} INFO - Filling up the DagBag from /opt/airflow/dags/treino03.py
[2023-07-03T14:45:32.496+0000] {processor.py:753} INFO - DAG(s) dict_keys(['treino-03']) retrieved from /opt/airflow/dags/treino03.py
[2023-07-03T14:45:32.515+0000] {logging_mixin.py:137} INFO - [2023-07-03T14:45:32.515+0000] {dag.py:2705} INFO - Sync 1 DAGs
[2023-07-03T14:45:32.533+0000] {logging_mixin.py:137} INFO - [2023-07-03T14:45:32.533+0000] {dag.py:3456} INFO - Setting next_dagrun for treino-03 to 2022-01-21T00:00:00+00:00, run_after=2022-01-22T00:00:00+00:00
[2023-07-03T14:45:32.543+0000] {processor.py:175} INFO - Processing /opt/airflow/dags/treino03.py took 0.069 seconds
[2023-07-03T14:46:02.642+0000] {processor.py:153} INFO - Started process (PID=1128) to work on /opt/airflow/dags/treino03.py
[2023-07-03T14:46:02.643+0000] {processor.py:743} INFO - Processing file /opt/airflow/dags/treino03.py for tasks to queue
[2023-07-03T14:46:02.643+0000] {logging_mixin.py:137} INFO - [2023-07-03T14:46:02.643+0000] {dagbag.py:532} INFO - Filling up the DagBag from /opt/airflow/dags/treino03.py
[2023-07-03T14:46:02.659+0000] {processor.py:753} INFO - DAG(s) dict_keys(['treino-03']) retrieved from /opt/airflow/dags/treino03.py
[2023-07-03T14:46:02.676+0000] {logging_mixin.py:137} INFO - [2023-07-03T14:46:02.676+0000] {dag.py:2705} INFO - Sync 1 DAGs
[2023-07-03T14:46:02.691+0000] {logging_mixin.py:137} INFO - [2023-07-03T14:46:02.691+0000] {dag.py:3456} INFO - Setting next_dagrun for treino-03 to 2022-01-21T00:00:00+00:00, run_after=2022-01-22T00:00:00+00:00
[2023-07-03T14:46:02.700+0000] {processor.py:175} INFO - Processing /opt/airflow/dags/treino03.py took 0.060 seconds
[2023-07-03T14:46:33.250+0000] {processor.py:153} INFO - Started process (PID=1185) to work on /opt/airflow/dags/treino03.py
[2023-07-03T14:46:33.251+0000] {processor.py:743} INFO - Processing file /opt/airflow/dags/treino03.py for tasks to queue
[2023-07-03T14:46:33.252+0000] {logging_mixin.py:137} INFO - [2023-07-03T14:46:33.252+0000] {dagbag.py:532} INFO - Filling up the DagBag from /opt/airflow/dags/treino03.py
[2023-07-03T14:46:33.268+0000] {processor.py:753} INFO - DAG(s) dict_keys(['treino-03']) retrieved from /opt/airflow/dags/treino03.py
[2023-07-03T14:46:33.288+0000] {logging_mixin.py:137} INFO - [2023-07-03T14:46:33.288+0000] {dag.py:2705} INFO - Sync 1 DAGs
[2023-07-03T14:46:33.304+0000] {logging_mixin.py:137} INFO - [2023-07-03T14:46:33.304+0000] {dag.py:3456} INFO - Setting next_dagrun for treino-03 to 2022-01-21T00:00:00+00:00, run_after=2022-01-22T00:00:00+00:00
[2023-07-03T14:46:33.313+0000] {processor.py:175} INFO - Processing /opt/airflow/dags/treino03.py took 0.066 seconds
[2023-07-03T14:47:03.691+0000] {processor.py:153} INFO - Started process (PID=1242) to work on /opt/airflow/dags/treino03.py
[2023-07-03T14:47:03.692+0000] {processor.py:743} INFO - Processing file /opt/airflow/dags/treino03.py for tasks to queue
[2023-07-03T14:47:03.692+0000] {logging_mixin.py:137} INFO - [2023-07-03T14:47:03.692+0000] {dagbag.py:532} INFO - Filling up the DagBag from /opt/airflow/dags/treino03.py
[2023-07-03T14:47:03.709+0000] {processor.py:753} INFO - DAG(s) dict_keys(['treino-03']) retrieved from /opt/airflow/dags/treino03.py
[2023-07-03T14:47:03.726+0000] {logging_mixin.py:137} INFO - [2023-07-03T14:47:03.726+0000] {dag.py:2705} INFO - Sync 1 DAGs
[2023-07-03T14:47:03.741+0000] {logging_mixin.py:137} INFO - [2023-07-03T14:47:03.741+0000] {dag.py:3456} INFO - Setting next_dagrun for treino-03 to 2022-01-21T00:00:00+00:00, run_after=2022-01-22T00:00:00+00:00
[2023-07-03T14:47:03.749+0000] {processor.py:175} INFO - Processing /opt/airflow/dags/treino03.py took 0.062 seconds
[2023-07-03T14:47:34.035+0000] {processor.py:153} INFO - Started process (PID=1299) to work on /opt/airflow/dags/treino03.py
[2023-07-03T14:47:34.036+0000] {processor.py:743} INFO - Processing file /opt/airflow/dags/treino03.py for tasks to queue
[2023-07-03T14:47:34.037+0000] {logging_mixin.py:137} INFO - [2023-07-03T14:47:34.037+0000] {dagbag.py:532} INFO - Filling up the DagBag from /opt/airflow/dags/treino03.py
[2023-07-03T14:47:34.056+0000] {processor.py:753} INFO - DAG(s) dict_keys(['treino-03']) retrieved from /opt/airflow/dags/treino03.py
[2023-07-03T14:47:34.076+0000] {logging_mixin.py:137} INFO - [2023-07-03T14:47:34.076+0000] {dag.py:2705} INFO - Sync 1 DAGs
[2023-07-03T14:47:34.092+0000] {logging_mixin.py:137} INFO - [2023-07-03T14:47:34.091+0000] {dag.py:3456} INFO - Setting next_dagrun for treino-03 to 2022-01-21T00:00:00+00:00, run_after=2022-01-22T00:00:00+00:00
[2023-07-03T14:47:34.101+0000] {processor.py:175} INFO - Processing /opt/airflow/dags/treino03.py took 0.068 seconds
[2023-07-03T14:48:04.753+0000] {processor.py:153} INFO - Started process (PID=1356) to work on /opt/airflow/dags/treino03.py
[2023-07-03T14:48:04.754+0000] {processor.py:743} INFO - Processing file /opt/airflow/dags/treino03.py for tasks to queue
[2023-07-03T14:48:04.755+0000] {logging_mixin.py:137} INFO - [2023-07-03T14:48:04.755+0000] {dagbag.py:532} INFO - Filling up the DagBag from /opt/airflow/dags/treino03.py
[2023-07-03T14:48:04.770+0000] {processor.py:753} INFO - DAG(s) dict_keys(['treino-03']) retrieved from /opt/airflow/dags/treino03.py
[2023-07-03T14:48:04.788+0000] {logging_mixin.py:137} INFO - [2023-07-03T14:48:04.788+0000] {dag.py:2705} INFO - Sync 1 DAGs
[2023-07-03T14:48:04.802+0000] {logging_mixin.py:137} INFO - [2023-07-03T14:48:04.802+0000] {dag.py:3456} INFO - Setting next_dagrun for treino-03 to 2022-01-21T00:00:00+00:00, run_after=2022-01-22T00:00:00+00:00
[2023-07-03T14:48:04.811+0000] {processor.py:175} INFO - Processing /opt/airflow/dags/treino03.py took 0.060 seconds
[2023-07-03T14:48:35.242+0000] {processor.py:153} INFO - Started process (PID=1413) to work on /opt/airflow/dags/treino03.py
[2023-07-03T14:48:35.244+0000] {processor.py:743} INFO - Processing file /opt/airflow/dags/treino03.py for tasks to queue
[2023-07-03T14:48:35.245+0000] {logging_mixin.py:137} INFO - [2023-07-03T14:48:35.245+0000] {dagbag.py:532} INFO - Filling up the DagBag from /opt/airflow/dags/treino03.py
[2023-07-03T14:48:35.277+0000] {processor.py:753} INFO - DAG(s) dict_keys(['treino-03']) retrieved from /opt/airflow/dags/treino03.py
[2023-07-03T14:48:35.300+0000] {logging_mixin.py:137} INFO - [2023-07-03T14:48:35.300+0000] {dag.py:2705} INFO - Sync 1 DAGs
[2023-07-03T14:48:35.322+0000] {logging_mixin.py:137} INFO - [2023-07-03T14:48:35.322+0000] {dag.py:3456} INFO - Setting next_dagrun for treino-03 to 2022-01-21T00:00:00+00:00, run_after=2022-01-22T00:00:00+00:00
[2023-07-03T14:48:35.334+0000] {processor.py:175} INFO - Processing /opt/airflow/dags/treino03.py took 0.100 seconds
[2023-07-03T14:49:05.632+0000] {processor.py:153} INFO - Started process (PID=1470) to work on /opt/airflow/dags/treino03.py
[2023-07-03T14:49:05.633+0000] {processor.py:743} INFO - Processing file /opt/airflow/dags/treino03.py for tasks to queue
[2023-07-03T14:49:05.634+0000] {logging_mixin.py:137} INFO - [2023-07-03T14:49:05.634+0000] {dagbag.py:532} INFO - Filling up the DagBag from /opt/airflow/dags/treino03.py
[2023-07-03T14:49:05.650+0000] {processor.py:753} INFO - DAG(s) dict_keys(['treino-03']) retrieved from /opt/airflow/dags/treino03.py
[2023-07-03T14:49:05.667+0000] {logging_mixin.py:137} INFO - [2023-07-03T14:49:05.667+0000] {dag.py:2705} INFO - Sync 1 DAGs
[2023-07-03T14:49:05.683+0000] {logging_mixin.py:137} INFO - [2023-07-03T14:49:05.682+0000] {dag.py:3456} INFO - Setting next_dagrun for treino-03 to 2022-01-21T00:00:00+00:00, run_after=2022-01-22T00:00:00+00:00
[2023-07-03T14:49:05.692+0000] {processor.py:175} INFO - Processing /opt/airflow/dags/treino03.py took 0.061 seconds
[2023-07-03T14:49:36.417+0000] {processor.py:153} INFO - Started process (PID=1527) to work on /opt/airflow/dags/treino03.py
[2023-07-03T14:49:36.418+0000] {processor.py:743} INFO - Processing file /opt/airflow/dags/treino03.py for tasks to queue
[2023-07-03T14:49:36.419+0000] {logging_mixin.py:137} INFO - [2023-07-03T14:49:36.419+0000] {dagbag.py:532} INFO - Filling up the DagBag from /opt/airflow/dags/treino03.py
[2023-07-03T14:49:36.434+0000] {processor.py:753} INFO - DAG(s) dict_keys(['treino-03']) retrieved from /opt/airflow/dags/treino03.py
[2023-07-03T14:49:36.451+0000] {logging_mixin.py:137} INFO - [2023-07-03T14:49:36.451+0000] {dag.py:2705} INFO - Sync 1 DAGs
[2023-07-03T14:49:36.465+0000] {logging_mixin.py:137} INFO - [2023-07-03T14:49:36.465+0000] {dag.py:3456} INFO - Setting next_dagrun for treino-03 to 2022-01-21T00:00:00+00:00, run_after=2022-01-22T00:00:00+00:00
[2023-07-03T14:49:36.474+0000] {processor.py:175} INFO - Processing /opt/airflow/dags/treino03.py took 0.058 seconds
[2023-07-03T14:50:06.712+0000] {processor.py:153} INFO - Started process (PID=1584) to work on /opt/airflow/dags/treino03.py
[2023-07-03T14:50:06.714+0000] {processor.py:743} INFO - Processing file /opt/airflow/dags/treino03.py for tasks to queue
[2023-07-03T14:50:06.715+0000] {logging_mixin.py:137} INFO - [2023-07-03T14:50:06.715+0000] {dagbag.py:532} INFO - Filling up the DagBag from /opt/airflow/dags/treino03.py
[2023-07-03T14:50:06.743+0000] {processor.py:753} INFO - DAG(s) dict_keys(['treino-03']) retrieved from /opt/airflow/dags/treino03.py
[2023-07-03T14:50:06.762+0000] {logging_mixin.py:137} INFO - [2023-07-03T14:50:06.762+0000] {dag.py:2705} INFO - Sync 1 DAGs
[2023-07-03T14:50:06.779+0000] {logging_mixin.py:137} INFO - [2023-07-03T14:50:06.779+0000] {dag.py:3456} INFO - Setting next_dagrun for treino-03 to 2022-01-21T00:00:00+00:00, run_after=2022-01-22T00:00:00+00:00
[2023-07-03T14:50:06.793+0000] {processor.py:175} INFO - Processing /opt/airflow/dags/treino03.py took 0.084 seconds
[2023-07-03T14:50:37.262+0000] {processor.py:153} INFO - Started process (PID=1642) to work on /opt/airflow/dags/treino03.py
[2023-07-03T14:50:37.263+0000] {processor.py:743} INFO - Processing file /opt/airflow/dags/treino03.py for tasks to queue
[2023-07-03T14:50:37.263+0000] {logging_mixin.py:137} INFO - [2023-07-03T14:50:37.263+0000] {dagbag.py:532} INFO - Filling up the DagBag from /opt/airflow/dags/treino03.py
[2023-07-03T14:50:37.281+0000] {processor.py:753} INFO - DAG(s) dict_keys(['treino-03']) retrieved from /opt/airflow/dags/treino03.py
[2023-07-03T14:50:37.298+0000] {logging_mixin.py:137} INFO - [2023-07-03T14:50:37.298+0000] {dag.py:2705} INFO - Sync 1 DAGs
[2023-07-03T14:50:37.312+0000] {logging_mixin.py:137} INFO - [2023-07-03T14:50:37.312+0000] {dag.py:3456} INFO - Setting next_dagrun for treino-03 to 2022-01-21T00:00:00+00:00, run_after=2022-01-22T00:00:00+00:00
[2023-07-03T14:50:37.321+0000] {processor.py:175} INFO - Processing /opt/airflow/dags/treino03.py took 0.062 seconds
[2023-07-03T14:51:08.158+0000] {processor.py:153} INFO - Started process (PID=1699) to work on /opt/airflow/dags/treino03.py
[2023-07-03T14:51:08.160+0000] {processor.py:743} INFO - Processing file /opt/airflow/dags/treino03.py for tasks to queue
[2023-07-03T14:51:08.160+0000] {logging_mixin.py:137} INFO - [2023-07-03T14:51:08.160+0000] {dagbag.py:532} INFO - Filling up the DagBag from /opt/airflow/dags/treino03.py
[2023-07-03T14:51:08.181+0000] {processor.py:753} INFO - DAG(s) dict_keys(['treino-03']) retrieved from /opt/airflow/dags/treino03.py
[2023-07-03T14:51:08.203+0000] {logging_mixin.py:137} INFO - [2023-07-03T14:51:08.203+0000] {dag.py:2705} INFO - Sync 1 DAGs
[2023-07-03T14:51:08.227+0000] {logging_mixin.py:137} INFO - [2023-07-03T14:51:08.227+0000] {dag.py:3456} INFO - Setting next_dagrun for treino-03 to 2022-01-21T00:00:00+00:00, run_after=2022-01-22T00:00:00+00:00
[2023-07-03T14:51:08.237+0000] {processor.py:175} INFO - Processing /opt/airflow/dags/treino03.py took 0.082 seconds
[2023-07-03T14:51:38.563+0000] {processor.py:153} INFO - Started process (PID=1756) to work on /opt/airflow/dags/treino03.py
[2023-07-03T14:51:38.564+0000] {processor.py:743} INFO - Processing file /opt/airflow/dags/treino03.py for tasks to queue
[2023-07-03T14:51:38.565+0000] {logging_mixin.py:137} INFO - [2023-07-03T14:51:38.564+0000] {dagbag.py:532} INFO - Filling up the DagBag from /opt/airflow/dags/treino03.py
[2023-07-03T14:51:38.583+0000] {processor.py:753} INFO - DAG(s) dict_keys(['treino-03']) retrieved from /opt/airflow/dags/treino03.py
[2023-07-03T14:51:38.601+0000] {logging_mixin.py:137} INFO - [2023-07-03T14:51:38.601+0000] {dag.py:2705} INFO - Sync 1 DAGs
[2023-07-03T14:51:38.616+0000] {logging_mixin.py:137} INFO - [2023-07-03T14:51:38.616+0000] {dag.py:3456} INFO - Setting next_dagrun for treino-03 to 2022-01-21T00:00:00+00:00, run_after=2022-01-22T00:00:00+00:00
[2023-07-03T14:51:38.631+0000] {processor.py:175} INFO - Processing /opt/airflow/dags/treino03.py took 0.071 seconds
[2023-07-03T14:52:09.278+0000] {processor.py:153} INFO - Started process (PID=1813) to work on /opt/airflow/dags/treino03.py
[2023-07-03T14:52:09.279+0000] {processor.py:743} INFO - Processing file /opt/airflow/dags/treino03.py for tasks to queue
[2023-07-03T14:52:09.280+0000] {logging_mixin.py:137} INFO - [2023-07-03T14:52:09.280+0000] {dagbag.py:532} INFO - Filling up the DagBag from /opt/airflow/dags/treino03.py
[2023-07-03T14:52:09.299+0000] {processor.py:753} INFO - DAG(s) dict_keys(['treino-03']) retrieved from /opt/airflow/dags/treino03.py
[2023-07-03T14:52:09.317+0000] {logging_mixin.py:137} INFO - [2023-07-03T14:52:09.317+0000] {dag.py:2705} INFO - Sync 1 DAGs
[2023-07-03T14:52:09.333+0000] {logging_mixin.py:137} INFO - [2023-07-03T14:52:09.333+0000] {dag.py:3456} INFO - Setting next_dagrun for treino-03 to 2022-01-21T00:00:00+00:00, run_after=2022-01-22T00:00:00+00:00
[2023-07-03T14:52:09.343+0000] {processor.py:175} INFO - Processing /opt/airflow/dags/treino03.py took 0.067 seconds
[2023-07-03T14:52:40.296+0000] {processor.py:153} INFO - Started process (PID=1870) to work on /opt/airflow/dags/treino03.py
[2023-07-03T14:52:40.297+0000] {processor.py:743} INFO - Processing file /opt/airflow/dags/treino03.py for tasks to queue
[2023-07-03T14:52:40.297+0000] {logging_mixin.py:137} INFO - [2023-07-03T14:52:40.297+0000] {dagbag.py:532} INFO - Filling up the DagBag from /opt/airflow/dags/treino03.py
[2023-07-03T14:52:40.313+0000] {processor.py:753} INFO - DAG(s) dict_keys(['treino-03']) retrieved from /opt/airflow/dags/treino03.py
[2023-07-03T14:52:40.329+0000] {logging_mixin.py:137} INFO - [2023-07-03T14:52:40.329+0000] {dag.py:2705} INFO - Sync 1 DAGs
[2023-07-03T14:52:40.344+0000] {logging_mixin.py:137} INFO - [2023-07-03T14:52:40.344+0000] {dag.py:3456} INFO - Setting next_dagrun for treino-03 to 2022-01-21T00:00:00+00:00, run_after=2022-01-22T00:00:00+00:00
[2023-07-03T14:52:40.352+0000] {processor.py:175} INFO - Processing /opt/airflow/dags/treino03.py took 0.059 seconds
[2023-07-03T14:53:10.597+0000] {processor.py:153} INFO - Started process (PID=1928) to work on /opt/airflow/dags/treino03.py
[2023-07-03T14:53:10.598+0000] {processor.py:743} INFO - Processing file /opt/airflow/dags/treino03.py for tasks to queue
[2023-07-03T14:53:10.599+0000] {logging_mixin.py:137} INFO - [2023-07-03T14:53:10.599+0000] {dagbag.py:532} INFO - Filling up the DagBag from /opt/airflow/dags/treino03.py
[2023-07-03T14:53:10.614+0000] {processor.py:753} INFO - DAG(s) dict_keys(['treino-03']) retrieved from /opt/airflow/dags/treino03.py
[2023-07-03T14:53:10.631+0000] {logging_mixin.py:137} INFO - [2023-07-03T14:53:10.631+0000] {dag.py:2705} INFO - Sync 1 DAGs
[2023-07-03T14:53:10.644+0000] {logging_mixin.py:137} INFO - [2023-07-03T14:53:10.644+0000] {dag.py:3456} INFO - Setting next_dagrun for treino-03 to 2022-01-21T00:00:00+00:00, run_after=2022-01-22T00:00:00+00:00
[2023-07-03T14:53:10.653+0000] {processor.py:175} INFO - Processing /opt/airflow/dags/treino03.py took 0.058 seconds
[2023-07-03T14:53:40.846+0000] {processor.py:153} INFO - Started process (PID=1985) to work on /opt/airflow/dags/treino03.py
[2023-07-03T14:53:40.847+0000] {processor.py:743} INFO - Processing file /opt/airflow/dags/treino03.py for tasks to queue
[2023-07-03T14:53:40.847+0000] {logging_mixin.py:137} INFO - [2023-07-03T14:53:40.847+0000] {dagbag.py:532} INFO - Filling up the DagBag from /opt/airflow/dags/treino03.py
[2023-07-03T14:53:40.864+0000] {processor.py:753} INFO - DAG(s) dict_keys(['treino-03']) retrieved from /opt/airflow/dags/treino03.py
[2023-07-03T14:53:40.882+0000] {logging_mixin.py:137} INFO - [2023-07-03T14:53:40.881+0000] {dag.py:2705} INFO - Sync 1 DAGs
[2023-07-03T14:53:40.897+0000] {logging_mixin.py:137} INFO - [2023-07-03T14:53:40.897+0000] {dag.py:3456} INFO - Setting next_dagrun for treino-03 to 2022-01-21T00:00:00+00:00, run_after=2022-01-22T00:00:00+00:00
[2023-07-03T14:53:40.906+0000] {processor.py:175} INFO - Processing /opt/airflow/dags/treino03.py took 0.062 seconds
[2023-07-03T14:54:12.367+0000] {processor.py:153} INFO - Started process (PID=2037) to work on /opt/airflow/dags/treino03.py
[2023-07-03T14:54:12.369+0000] {processor.py:743} INFO - Processing file /opt/airflow/dags/treino03.py for tasks to queue
[2023-07-03T14:54:12.371+0000] {logging_mixin.py:137} INFO - [2023-07-03T14:54:12.370+0000] {dagbag.py:532} INFO - Filling up the DagBag from /opt/airflow/dags/treino03.py
[2023-07-03T14:54:12.397+0000] {processor.py:753} INFO - DAG(s) dict_keys(['treino-03']) retrieved from /opt/airflow/dags/treino03.py
[2023-07-03T14:54:12.418+0000] {logging_mixin.py:137} INFO - [2023-07-03T14:54:12.418+0000] {dag.py:2705} INFO - Sync 1 DAGs
[2023-07-03T14:54:12.454+0000] {logging_mixin.py:137} INFO - [2023-07-03T14:54:12.453+0000] {dag.py:3456} INFO - Setting next_dagrun for treino-03 to 2022-01-21T00:00:00+00:00, run_after=2022-01-22T00:00:00+00:00
[2023-07-03T14:54:12.469+0000] {processor.py:175} INFO - Processing /opt/airflow/dags/treino03.py took 0.109 seconds
[2023-07-03T14:54:43.128+0000] {processor.py:153} INFO - Started process (PID=2095) to work on /opt/airflow/dags/treino03.py
[2023-07-03T14:54:43.130+0000] {processor.py:743} INFO - Processing file /opt/airflow/dags/treino03.py for tasks to queue
[2023-07-03T14:54:43.131+0000] {logging_mixin.py:137} INFO - [2023-07-03T14:54:43.131+0000] {dagbag.py:532} INFO - Filling up the DagBag from /opt/airflow/dags/treino03.py
[2023-07-03T14:54:43.155+0000] {processor.py:753} INFO - DAG(s) dict_keys(['treino-03']) retrieved from /opt/airflow/dags/treino03.py
[2023-07-03T14:54:43.176+0000] {logging_mixin.py:137} INFO - [2023-07-03T14:54:43.176+0000] {dag.py:2705} INFO - Sync 1 DAGs
[2023-07-03T14:54:43.194+0000] {logging_mixin.py:137} INFO - [2023-07-03T14:54:43.194+0000] {dag.py:3456} INFO - Setting next_dagrun for treino-03 to 2022-01-21T00:00:00+00:00, run_after=2022-01-22T00:00:00+00:00
[2023-07-03T14:54:43.204+0000] {processor.py:175} INFO - Processing /opt/airflow/dags/treino03.py took 0.082 seconds
[2023-07-03T14:55:13.339+0000] {processor.py:153} INFO - Started process (PID=2152) to work on /opt/airflow/dags/treino03.py
[2023-07-03T14:55:13.341+0000] {processor.py:743} INFO - Processing file /opt/airflow/dags/treino03.py for tasks to queue
[2023-07-03T14:55:13.342+0000] {logging_mixin.py:137} INFO - [2023-07-03T14:55:13.342+0000] {dagbag.py:532} INFO - Filling up the DagBag from /opt/airflow/dags/treino03.py
[2023-07-03T14:55:13.365+0000] {processor.py:753} INFO - DAG(s) dict_keys(['treino-03']) retrieved from /opt/airflow/dags/treino03.py
[2023-07-03T14:55:13.394+0000] {logging_mixin.py:137} INFO - [2023-07-03T14:55:13.394+0000] {dag.py:2705} INFO - Sync 1 DAGs
[2023-07-03T14:55:13.437+0000] {logging_mixin.py:137} INFO - [2023-07-03T14:55:13.437+0000] {dag.py:3456} INFO - Setting next_dagrun for treino-03 to 2022-01-21T00:00:00+00:00, run_after=2022-01-22T00:00:00+00:00
[2023-07-03T14:55:13.452+0000] {processor.py:175} INFO - Processing /opt/airflow/dags/treino03.py took 0.118 seconds
[2023-07-03T14:55:44.063+0000] {processor.py:153} INFO - Started process (PID=2209) to work on /opt/airflow/dags/treino03.py
[2023-07-03T14:55:44.065+0000] {processor.py:743} INFO - Processing file /opt/airflow/dags/treino03.py for tasks to queue
[2023-07-03T14:55:44.067+0000] {logging_mixin.py:137} INFO - [2023-07-03T14:55:44.067+0000] {dagbag.py:532} INFO - Filling up the DagBag from /opt/airflow/dags/treino03.py
[2023-07-03T14:55:44.095+0000] {processor.py:753} INFO - DAG(s) dict_keys(['treino-03']) retrieved from /opt/airflow/dags/treino03.py
[2023-07-03T14:55:44.129+0000] {logging_mixin.py:137} INFO - [2023-07-03T14:55:44.129+0000] {dag.py:2705} INFO - Sync 1 DAGs
[2023-07-03T14:55:44.153+0000] {logging_mixin.py:137} INFO - [2023-07-03T14:55:44.153+0000] {dag.py:3456} INFO - Setting next_dagrun for treino-03 to 2022-01-21T00:00:00+00:00, run_after=2022-01-22T00:00:00+00:00
[2023-07-03T14:55:44.167+0000] {processor.py:175} INFO - Processing /opt/airflow/dags/treino03.py took 0.109 seconds
[2023-07-03T14:56:14.563+0000] {processor.py:153} INFO - Started process (PID=2266) to work on /opt/airflow/dags/treino03.py
[2023-07-03T14:56:14.573+0000] {processor.py:743} INFO - Processing file /opt/airflow/dags/treino03.py for tasks to queue
[2023-07-03T14:56:14.578+0000] {logging_mixin.py:137} INFO - [2023-07-03T14:56:14.577+0000] {dagbag.py:532} INFO - Filling up the DagBag from /opt/airflow/dags/treino03.py
[2023-07-03T14:56:14.645+0000] {processor.py:753} INFO - DAG(s) dict_keys(['treino-03']) retrieved from /opt/airflow/dags/treino03.py
[2023-07-03T14:56:14.716+0000] {logging_mixin.py:137} INFO - [2023-07-03T14:56:14.714+0000] {dag.py:2705} INFO - Sync 1 DAGs
[2023-07-03T14:56:14.776+0000] {logging_mixin.py:137} INFO - [2023-07-03T14:56:14.776+0000] {dag.py:3456} INFO - Setting next_dagrun for treino-03 to 2022-01-21T00:00:00+00:00, run_after=2022-01-22T00:00:00+00:00
[2023-07-03T14:56:14.788+0000] {processor.py:175} INFO - Processing /opt/airflow/dags/treino03.py took 0.232 seconds
[2023-07-03T14:56:45.762+0000] {processor.py:153} INFO - Started process (PID=2323) to work on /opt/airflow/dags/treino03.py
[2023-07-03T14:56:45.767+0000] {processor.py:743} INFO - Processing file /opt/airflow/dags/treino03.py for tasks to queue
[2023-07-03T14:56:45.772+0000] {logging_mixin.py:137} INFO - [2023-07-03T14:56:45.772+0000] {dagbag.py:532} INFO - Filling up the DagBag from /opt/airflow/dags/treino03.py
[2023-07-03T14:56:45.843+0000] {processor.py:753} INFO - DAG(s) dict_keys(['treino-03']) retrieved from /opt/airflow/dags/treino03.py
[2023-07-03T14:56:45.901+0000] {logging_mixin.py:137} INFO - [2023-07-03T14:56:45.901+0000] {dag.py:2705} INFO - Sync 1 DAGs
[2023-07-03T14:56:45.958+0000] {logging_mixin.py:137} INFO - [2023-07-03T14:56:45.958+0000] {dag.py:3456} INFO - Setting next_dagrun for treino-03 to 2022-01-21T00:00:00+00:00, run_after=2022-01-22T00:00:00+00:00
[2023-07-03T14:56:45.977+0000] {processor.py:175} INFO - Processing /opt/airflow/dags/treino03.py took 0.225 seconds
[2023-07-03T14:57:16.312+0000] {processor.py:153} INFO - Started process (PID=2380) to work on /opt/airflow/dags/treino03.py
[2023-07-03T14:57:16.314+0000] {processor.py:743} INFO - Processing file /opt/airflow/dags/treino03.py for tasks to queue
[2023-07-03T14:57:16.316+0000] {logging_mixin.py:137} INFO - [2023-07-03T14:57:16.316+0000] {dagbag.py:532} INFO - Filling up the DagBag from /opt/airflow/dags/treino03.py
[2023-07-03T14:57:16.352+0000] {processor.py:753} INFO - DAG(s) dict_keys(['treino-03']) retrieved from /opt/airflow/dags/treino03.py
[2023-07-03T14:57:16.387+0000] {logging_mixin.py:137} INFO - [2023-07-03T14:57:16.387+0000] {dag.py:2705} INFO - Sync 1 DAGs
[2023-07-03T14:57:16.404+0000] {logging_mixin.py:137} INFO - [2023-07-03T14:57:16.404+0000] {dag.py:3456} INFO - Setting next_dagrun for treino-03 to 2022-01-21T00:00:00+00:00, run_after=2022-01-22T00:00:00+00:00
[2023-07-03T14:57:16.418+0000] {processor.py:175} INFO - Processing /opt/airflow/dags/treino03.py took 0.112 seconds
[2023-07-03T14:57:47.122+0000] {processor.py:153} INFO - Started process (PID=2437) to work on /opt/airflow/dags/treino03.py
[2023-07-03T14:57:47.123+0000] {processor.py:743} INFO - Processing file /opt/airflow/dags/treino03.py for tasks to queue
[2023-07-03T14:57:47.124+0000] {logging_mixin.py:137} INFO - [2023-07-03T14:57:47.124+0000] {dagbag.py:532} INFO - Filling up the DagBag from /opt/airflow/dags/treino03.py
[2023-07-03T14:57:47.148+0000] {processor.py:753} INFO - DAG(s) dict_keys(['treino-03']) retrieved from /opt/airflow/dags/treino03.py
[2023-07-03T14:57:47.171+0000] {logging_mixin.py:137} INFO - [2023-07-03T14:57:47.171+0000] {dag.py:2705} INFO - Sync 1 DAGs
[2023-07-03T14:57:47.194+0000] {logging_mixin.py:137} INFO - [2023-07-03T14:57:47.194+0000] {dag.py:3456} INFO - Setting next_dagrun for treino-03 to 2022-01-21T00:00:00+00:00, run_after=2022-01-22T00:00:00+00:00
[2023-07-03T14:57:47.205+0000] {processor.py:175} INFO - Processing /opt/airflow/dags/treino03.py took 0.088 seconds
[2023-07-03T14:58:17.586+0000] {processor.py:153} INFO - Started process (PID=2494) to work on /opt/airflow/dags/treino03.py
[2023-07-03T14:58:17.588+0000] {processor.py:743} INFO - Processing file /opt/airflow/dags/treino03.py for tasks to queue
[2023-07-03T14:58:17.589+0000] {logging_mixin.py:137} INFO - [2023-07-03T14:58:17.589+0000] {dagbag.py:532} INFO - Filling up the DagBag from /opt/airflow/dags/treino03.py
[2023-07-03T14:58:17.615+0000] {processor.py:753} INFO - DAG(s) dict_keys(['treino-03']) retrieved from /opt/airflow/dags/treino03.py
[2023-07-03T14:58:17.633+0000] {logging_mixin.py:137} INFO - [2023-07-03T14:58:17.633+0000] {dag.py:2705} INFO - Sync 1 DAGs
[2023-07-03T14:58:17.654+0000] {logging_mixin.py:137} INFO - [2023-07-03T14:58:17.654+0000] {dag.py:3456} INFO - Setting next_dagrun for treino-03 to 2022-01-21T00:00:00+00:00, run_after=2022-01-22T00:00:00+00:00
[2023-07-03T14:58:17.666+0000] {processor.py:175} INFO - Processing /opt/airflow/dags/treino03.py took 0.087 seconds
[2023-07-03T14:58:48.050+0000] {processor.py:153} INFO - Started process (PID=2551) to work on /opt/airflow/dags/treino03.py
[2023-07-03T14:58:48.052+0000] {processor.py:743} INFO - Processing file /opt/airflow/dags/treino03.py for tasks to queue
[2023-07-03T14:58:48.054+0000] {logging_mixin.py:137} INFO - [2023-07-03T14:58:48.054+0000] {dagbag.py:532} INFO - Filling up the DagBag from /opt/airflow/dags/treino03.py
[2023-07-03T14:58:48.083+0000] {processor.py:753} INFO - DAG(s) dict_keys(['treino-03']) retrieved from /opt/airflow/dags/treino03.py
[2023-07-03T14:58:48.113+0000] {logging_mixin.py:137} INFO - [2023-07-03T14:58:48.112+0000] {dag.py:2705} INFO - Sync 1 DAGs
[2023-07-03T14:58:48.132+0000] {logging_mixin.py:137} INFO - [2023-07-03T14:58:48.132+0000] {dag.py:3456} INFO - Setting next_dagrun for treino-03 to 2022-01-21T00:00:00+00:00, run_after=2022-01-22T00:00:00+00:00
[2023-07-03T14:58:48.142+0000] {processor.py:175} INFO - Processing /opt/airflow/dags/treino03.py took 0.100 seconds
[2023-07-03T14:59:18.496+0000] {processor.py:153} INFO - Started process (PID=2608) to work on /opt/airflow/dags/treino03.py
[2023-07-03T14:59:18.498+0000] {processor.py:743} INFO - Processing file /opt/airflow/dags/treino03.py for tasks to queue
[2023-07-03T14:59:18.502+0000] {logging_mixin.py:137} INFO - [2023-07-03T14:59:18.502+0000] {dagbag.py:532} INFO - Filling up the DagBag from /opt/airflow/dags/treino03.py
[2023-07-03T14:59:18.543+0000] {processor.py:753} INFO - DAG(s) dict_keys(['treino-03']) retrieved from /opt/airflow/dags/treino03.py
[2023-07-03T14:59:18.596+0000] {logging_mixin.py:137} INFO - [2023-07-03T14:59:18.596+0000] {dag.py:2705} INFO - Sync 1 DAGs
[2023-07-03T14:59:18.625+0000] {logging_mixin.py:137} INFO - [2023-07-03T14:59:18.624+0000] {dag.py:3456} INFO - Setting next_dagrun for treino-03 to 2022-01-21T00:00:00+00:00, run_after=2022-01-22T00:00:00+00:00
[2023-07-03T14:59:18.638+0000] {processor.py:175} INFO - Processing /opt/airflow/dags/treino03.py took 0.151 seconds
[2023-07-03T14:59:48.733+0000] {processor.py:153} INFO - Started process (PID=2665) to work on /opt/airflow/dags/treino03.py
[2023-07-03T14:59:48.736+0000] {processor.py:743} INFO - Processing file /opt/airflow/dags/treino03.py for tasks to queue
[2023-07-03T14:59:48.740+0000] {logging_mixin.py:137} INFO - [2023-07-03T14:59:48.739+0000] {dagbag.py:532} INFO - Filling up the DagBag from /opt/airflow/dags/treino03.py
[2023-07-03T14:59:48.805+0000] {processor.py:753} INFO - DAG(s) dict_keys(['treino-03']) retrieved from /opt/airflow/dags/treino03.py
[2023-07-03T14:59:48.854+0000] {logging_mixin.py:137} INFO - [2023-07-03T14:59:48.853+0000] {dag.py:2705} INFO - Sync 1 DAGs
[2023-07-03T14:59:48.890+0000] {logging_mixin.py:137} INFO - [2023-07-03T14:59:48.890+0000] {dag.py:3456} INFO - Setting next_dagrun for treino-03 to 2022-01-21T00:00:00+00:00, run_after=2022-01-22T00:00:00+00:00
[2023-07-03T14:59:48.921+0000] {processor.py:175} INFO - Processing /opt/airflow/dags/treino03.py took 0.196 seconds
[2023-07-03T15:00:19.043+0000] {processor.py:153} INFO - Started process (PID=2722) to work on /opt/airflow/dags/treino03.py
[2023-07-03T15:00:19.045+0000] {processor.py:743} INFO - Processing file /opt/airflow/dags/treino03.py for tasks to queue
[2023-07-03T15:00:19.047+0000] {logging_mixin.py:137} INFO - [2023-07-03T15:00:19.047+0000] {dagbag.py:532} INFO - Filling up the DagBag from /opt/airflow/dags/treino03.py
[2023-07-03T15:00:19.103+0000] {processor.py:753} INFO - DAG(s) dict_keys(['treino-03']) retrieved from /opt/airflow/dags/treino03.py
[2023-07-03T15:00:19.163+0000] {logging_mixin.py:137} INFO - [2023-07-03T15:00:19.163+0000] {dag.py:2705} INFO - Sync 1 DAGs
[2023-07-03T15:00:19.192+0000] {logging_mixin.py:137} INFO - [2023-07-03T15:00:19.192+0000] {dag.py:3456} INFO - Setting next_dagrun for treino-03 to 2022-01-21T00:00:00+00:00, run_after=2022-01-22T00:00:00+00:00
[2023-07-03T15:00:19.212+0000] {processor.py:175} INFO - Processing /opt/airflow/dags/treino03.py took 0.177 seconds
[2023-07-03T15:00:49.280+0000] {processor.py:153} INFO - Started process (PID=2778) to work on /opt/airflow/dags/treino03.py
[2023-07-03T15:00:49.282+0000] {processor.py:743} INFO - Processing file /opt/airflow/dags/treino03.py for tasks to queue
[2023-07-03T15:00:49.283+0000] {logging_mixin.py:137} INFO - [2023-07-03T15:00:49.283+0000] {dagbag.py:532} INFO - Filling up the DagBag from /opt/airflow/dags/treino03.py
[2023-07-03T15:00:49.313+0000] {processor.py:753} INFO - DAG(s) dict_keys(['treino-03']) retrieved from /opt/airflow/dags/treino03.py
[2023-07-03T15:00:49.336+0000] {logging_mixin.py:137} INFO - [2023-07-03T15:00:49.336+0000] {dag.py:2705} INFO - Sync 1 DAGs
[2023-07-03T15:00:49.360+0000] {logging_mixin.py:137} INFO - [2023-07-03T15:00:49.360+0000] {dag.py:3456} INFO - Setting next_dagrun for treino-03 to 2022-01-21T00:00:00+00:00, run_after=2022-01-22T00:00:00+00:00
[2023-07-03T15:00:49.371+0000] {processor.py:175} INFO - Processing /opt/airflow/dags/treino03.py took 0.097 seconds
[2023-07-03T15:01:19.810+0000] {processor.py:153} INFO - Started process (PID=2835) to work on /opt/airflow/dags/treino03.py
[2023-07-03T15:01:19.812+0000] {processor.py:743} INFO - Processing file /opt/airflow/dags/treino03.py for tasks to queue
[2023-07-03T15:01:19.813+0000] {logging_mixin.py:137} INFO - [2023-07-03T15:01:19.813+0000] {dagbag.py:532} INFO - Filling up the DagBag from /opt/airflow/dags/treino03.py
[2023-07-03T15:01:19.844+0000] {processor.py:753} INFO - DAG(s) dict_keys(['treino-03']) retrieved from /opt/airflow/dags/treino03.py
[2023-07-03T15:01:19.866+0000] {logging_mixin.py:137} INFO - [2023-07-03T15:01:19.866+0000] {dag.py:2705} INFO - Sync 1 DAGs
[2023-07-03T15:01:19.886+0000] {logging_mixin.py:137} INFO - [2023-07-03T15:01:19.886+0000] {dag.py:3456} INFO - Setting next_dagrun for treino-03 to 2022-01-21T00:00:00+00:00, run_after=2022-01-22T00:00:00+00:00
[2023-07-03T15:01:19.898+0000] {processor.py:175} INFO - Processing /opt/airflow/dags/treino03.py took 0.094 seconds
[2023-07-03T15:01:49.999+0000] {processor.py:153} INFO - Started process (PID=2892) to work on /opt/airflow/dags/treino03.py
[2023-07-03T15:01:50.001+0000] {processor.py:743} INFO - Processing file /opt/airflow/dags/treino03.py for tasks to queue
[2023-07-03T15:01:50.002+0000] {logging_mixin.py:137} INFO - [2023-07-03T15:01:50.002+0000] {dagbag.py:532} INFO - Filling up the DagBag from /opt/airflow/dags/treino03.py
[2023-07-03T15:01:50.027+0000] {processor.py:753} INFO - DAG(s) dict_keys(['treino-03']) retrieved from /opt/airflow/dags/treino03.py
[2023-07-03T15:01:50.047+0000] {logging_mixin.py:137} INFO - [2023-07-03T15:01:50.046+0000] {dag.py:2705} INFO - Sync 1 DAGs
[2023-07-03T15:01:50.075+0000] {logging_mixin.py:137} INFO - [2023-07-03T15:01:50.075+0000] {dag.py:3456} INFO - Setting next_dagrun for treino-03 to 2022-01-21T00:00:00+00:00, run_after=2022-01-22T00:00:00+00:00
[2023-07-03T15:01:50.092+0000] {processor.py:175} INFO - Processing /opt/airflow/dags/treino03.py took 0.098 seconds
[2023-07-03T15:02:20.720+0000] {processor.py:153} INFO - Started process (PID=2949) to work on /opt/airflow/dags/treino03.py
[2023-07-03T15:02:20.722+0000] {processor.py:743} INFO - Processing file /opt/airflow/dags/treino03.py for tasks to queue
[2023-07-03T15:02:20.723+0000] {logging_mixin.py:137} INFO - [2023-07-03T15:02:20.723+0000] {dagbag.py:532} INFO - Filling up the DagBag from /opt/airflow/dags/treino03.py
[2023-07-03T15:02:20.756+0000] {processor.py:753} INFO - DAG(s) dict_keys(['treino-03']) retrieved from /opt/airflow/dags/treino03.py
[2023-07-03T15:02:20.791+0000] {logging_mixin.py:137} INFO - [2023-07-03T15:02:20.791+0000] {dag.py:2705} INFO - Sync 1 DAGs
[2023-07-03T15:02:20.816+0000] {logging_mixin.py:137} INFO - [2023-07-03T15:02:20.815+0000] {dag.py:3456} INFO - Setting next_dagrun for treino-03 to 2022-01-21T00:00:00+00:00, run_after=2022-01-22T00:00:00+00:00
[2023-07-03T15:02:20.831+0000] {processor.py:175} INFO - Processing /opt/airflow/dags/treino03.py took 0.118 seconds
[2023-07-03T15:02:51.326+0000] {processor.py:153} INFO - Started process (PID=3006) to work on /opt/airflow/dags/treino03.py
[2023-07-03T15:02:51.328+0000] {processor.py:743} INFO - Processing file /opt/airflow/dags/treino03.py for tasks to queue
[2023-07-03T15:02:51.330+0000] {logging_mixin.py:137} INFO - [2023-07-03T15:02:51.329+0000] {dagbag.py:532} INFO - Filling up the DagBag from /opt/airflow/dags/treino03.py
[2023-07-03T15:02:51.357+0000] {processor.py:753} INFO - DAG(s) dict_keys(['treino-03']) retrieved from /opt/airflow/dags/treino03.py
[2023-07-03T15:02:51.382+0000] {logging_mixin.py:137} INFO - [2023-07-03T15:02:51.382+0000] {dag.py:2705} INFO - Sync 1 DAGs
[2023-07-03T15:02:51.400+0000] {logging_mixin.py:137} INFO - [2023-07-03T15:02:51.399+0000] {dag.py:3456} INFO - Setting next_dagrun for treino-03 to 2022-01-21T00:00:00+00:00, run_after=2022-01-22T00:00:00+00:00
[2023-07-03T15:02:51.413+0000] {processor.py:175} INFO - Processing /opt/airflow/dags/treino03.py took 0.094 seconds
[2023-07-03T15:03:21.665+0000] {processor.py:153} INFO - Started process (PID=3063) to work on /opt/airflow/dags/treino03.py
[2023-07-03T15:03:21.667+0000] {processor.py:743} INFO - Processing file /opt/airflow/dags/treino03.py for tasks to queue
[2023-07-03T15:03:21.668+0000] {logging_mixin.py:137} INFO - [2023-07-03T15:03:21.668+0000] {dagbag.py:532} INFO - Filling up the DagBag from /opt/airflow/dags/treino03.py
[2023-07-03T15:03:21.702+0000] {processor.py:753} INFO - DAG(s) dict_keys(['treino-03']) retrieved from /opt/airflow/dags/treino03.py
[2023-07-03T15:03:21.784+0000] {logging_mixin.py:137} INFO - [2023-07-03T15:03:21.784+0000] {dag.py:2705} INFO - Sync 1 DAGs
[2023-07-03T15:03:21.814+0000] {logging_mixin.py:137} INFO - [2023-07-03T15:03:21.813+0000] {dag.py:3456} INFO - Setting next_dagrun for treino-03 to 2022-01-21T00:00:00+00:00, run_after=2022-01-22T00:00:00+00:00
[2023-07-03T15:03:21.828+0000] {processor.py:175} INFO - Processing /opt/airflow/dags/treino03.py took 0.171 seconds
[2023-07-03T15:03:52.045+0000] {processor.py:153} INFO - Started process (PID=3120) to work on /opt/airflow/dags/treino03.py
[2023-07-03T15:03:52.047+0000] {processor.py:743} INFO - Processing file /opt/airflow/dags/treino03.py for tasks to queue
[2023-07-03T15:03:52.048+0000] {logging_mixin.py:137} INFO - [2023-07-03T15:03:52.048+0000] {dagbag.py:532} INFO - Filling up the DagBag from /opt/airflow/dags/treino03.py
[2023-07-03T15:03:52.077+0000] {processor.py:753} INFO - DAG(s) dict_keys(['treino-03']) retrieved from /opt/airflow/dags/treino03.py
[2023-07-03T15:03:52.096+0000] {logging_mixin.py:137} INFO - [2023-07-03T15:03:52.095+0000] {dag.py:2705} INFO - Sync 1 DAGs
[2023-07-03T15:03:52.118+0000] {logging_mixin.py:137} INFO - [2023-07-03T15:03:52.117+0000] {dag.py:3456} INFO - Setting next_dagrun for treino-03 to 2022-01-21T00:00:00+00:00, run_after=2022-01-22T00:00:00+00:00
[2023-07-03T15:03:52.130+0000] {processor.py:175} INFO - Processing /opt/airflow/dags/treino03.py took 0.092 seconds
[2023-07-03T15:04:22.572+0000] {processor.py:153} INFO - Started process (PID=3177) to work on /opt/airflow/dags/treino03.py
[2023-07-03T15:04:22.574+0000] {processor.py:743} INFO - Processing file /opt/airflow/dags/treino03.py for tasks to queue
[2023-07-03T15:04:22.576+0000] {logging_mixin.py:137} INFO - [2023-07-03T15:04:22.576+0000] {dagbag.py:532} INFO - Filling up the DagBag from /opt/airflow/dags/treino03.py
[2023-07-03T15:04:22.608+0000] {processor.py:753} INFO - DAG(s) dict_keys(['treino-03']) retrieved from /opt/airflow/dags/treino03.py
[2023-07-03T15:04:22.632+0000] {logging_mixin.py:137} INFO - [2023-07-03T15:04:22.632+0000] {dag.py:2705} INFO - Sync 1 DAGs
[2023-07-03T15:04:22.659+0000] {logging_mixin.py:137} INFO - [2023-07-03T15:04:22.659+0000] {dag.py:3456} INFO - Setting next_dagrun for treino-03 to 2022-01-21T00:00:00+00:00, run_after=2022-01-22T00:00:00+00:00
[2023-07-03T15:04:22.680+0000] {processor.py:175} INFO - Processing /opt/airflow/dags/treino03.py took 0.116 seconds
[2023-07-03T15:04:53.088+0000] {processor.py:153} INFO - Started process (PID=3234) to work on /opt/airflow/dags/treino03.py
[2023-07-03T15:04:53.090+0000] {processor.py:743} INFO - Processing file /opt/airflow/dags/treino03.py for tasks to queue
[2023-07-03T15:04:53.091+0000] {logging_mixin.py:137} INFO - [2023-07-03T15:04:53.091+0000] {dagbag.py:532} INFO - Filling up the DagBag from /opt/airflow/dags/treino03.py
[2023-07-03T15:04:53.120+0000] {processor.py:753} INFO - DAG(s) dict_keys(['treino-03']) retrieved from /opt/airflow/dags/treino03.py
[2023-07-03T15:04:53.143+0000] {logging_mixin.py:137} INFO - [2023-07-03T15:04:53.143+0000] {dag.py:2705} INFO - Sync 1 DAGs
[2023-07-03T15:04:53.166+0000] {logging_mixin.py:137} INFO - [2023-07-03T15:04:53.166+0000] {dag.py:3456} INFO - Setting next_dagrun for treino-03 to 2022-01-21T00:00:00+00:00, run_after=2022-01-22T00:00:00+00:00
[2023-07-03T15:04:53.178+0000] {processor.py:175} INFO - Processing /opt/airflow/dags/treino03.py took 0.094 seconds
[2023-07-03T15:05:23.663+0000] {processor.py:153} INFO - Started process (PID=3298) to work on /opt/airflow/dags/treino03.py
[2023-07-03T15:05:23.664+0000] {processor.py:743} INFO - Processing file /opt/airflow/dags/treino03.py for tasks to queue
[2023-07-03T15:05:23.666+0000] {logging_mixin.py:137} INFO - [2023-07-03T15:05:23.666+0000] {dagbag.py:532} INFO - Filling up the DagBag from /opt/airflow/dags/treino03.py
[2023-07-03T15:05:23.708+0000] {processor.py:753} INFO - DAG(s) dict_keys(['treino-03']) retrieved from /opt/airflow/dags/treino03.py
[2023-07-03T15:05:23.770+0000] {logging_mixin.py:137} INFO - [2023-07-03T15:05:23.770+0000] {dag.py:2705} INFO - Sync 1 DAGs
[2023-07-03T15:05:23.798+0000] {logging_mixin.py:137} INFO - [2023-07-03T15:05:23.798+0000] {dag.py:3456} INFO - Setting next_dagrun for treino-03 to 2022-01-21T00:00:00+00:00, run_after=2022-01-22T00:00:00+00:00
[2023-07-03T15:05:23.812+0000] {processor.py:175} INFO - Processing /opt/airflow/dags/treino03.py took 0.158 seconds
[2023-07-03T15:05:54.001+0000] {processor.py:153} INFO - Started process (PID=3356) to work on /opt/airflow/dags/treino03.py
[2023-07-03T15:05:54.003+0000] {processor.py:743} INFO - Processing file /opt/airflow/dags/treino03.py for tasks to queue
[2023-07-03T15:05:54.005+0000] {logging_mixin.py:137} INFO - [2023-07-03T15:05:54.005+0000] {dagbag.py:532} INFO - Filling up the DagBag from /opt/airflow/dags/treino03.py
[2023-07-03T15:05:54.036+0000] {processor.py:753} INFO - DAG(s) dict_keys(['treino-03']) retrieved from /opt/airflow/dags/treino03.py
[2023-07-03T15:05:54.081+0000] {logging_mixin.py:137} INFO - [2023-07-03T15:05:54.081+0000] {dag.py:2705} INFO - Sync 1 DAGs
[2023-07-03T15:05:54.103+0000] {logging_mixin.py:137} INFO - [2023-07-03T15:05:54.103+0000] {dag.py:3456} INFO - Setting next_dagrun for treino-03 to 2022-01-21T00:00:00+00:00, run_after=2022-01-22T00:00:00+00:00
[2023-07-03T15:05:54.117+0000] {processor.py:175} INFO - Processing /opt/airflow/dags/treino03.py took 0.122 seconds
