[2023-04-25T23:35:57.876+0000] {taskinstance.py:1090} INFO - Dependencies all met for dep_context=non-requeueable deps ti=<TaskInstance: treino-02.get-data scheduled__2023-04-23T22:08:00+00:00 [queued]>
[2023-04-25T23:35:57.965+0000] {taskinstance.py:1090} INFO - Dependencies all met for dep_context=requeueable deps ti=<TaskInstance: treino-02.get-data scheduled__2023-04-23T22:08:00+00:00 [queued]>
[2023-04-25T23:35:57.967+0000] {taskinstance.py:1288} INFO - 
--------------------------------------------------------------------------------
[2023-04-25T23:35:57.969+0000] {taskinstance.py:1289} INFO - Starting attempt 1 of 2
[2023-04-25T23:35:57.970+0000] {taskinstance.py:1290} INFO - 
--------------------------------------------------------------------------------
[2023-04-25T23:35:58.045+0000] {taskinstance.py:1309} INFO - Executing <Task(BashOperator): get-data> on 2023-04-23 22:08:00+00:00
[2023-04-25T23:35:58.061+0000] {standard_task_runner.py:55} INFO - Started process 1187 to run task
[2023-04-25T23:35:58.088+0000] {standard_task_runner.py:82} INFO - Running: ['***', 'tasks', 'run', 'treino-02', 'get-data', 'scheduled__2023-04-23T22:08:00+00:00', '--job-id', '211', '--raw', '--subdir', 'DAGS_FOLDER/treino02.py', '--cfg-path', '/tmp/tmpjdh6khgb']
[2023-04-25T23:35:58.093+0000] {standard_task_runner.py:83} INFO - Job 211: Subtask get-data
[2023-04-25T23:35:58.549+0000] {task_command.py:389} INFO - Running <TaskInstance: treino-02.get-data scheduled__2023-04-23T22:08:00+00:00 [running]> on host b7947b05bca0
[2023-04-25T23:35:58.746+0000] {taskinstance.py:1518} INFO - Exporting the following env vars:
AIRFLOW_CTX_DAG_EMAIL=test@example.com,test2@example.com
AIRFLOW_CTX_DAG_OWNER=augsmachado
AIRFLOW_CTX_DAG_ID=treino-02
AIRFLOW_CTX_TASK_ID=get-data
AIRFLOW_CTX_EXECUTION_DATE=2023-04-23T22:08:00+00:00
AIRFLOW_CTX_TRY_NUMBER=1
AIRFLOW_CTX_DAG_RUN_ID=scheduled__2023-04-23T22:08:00+00:00
[2023-04-25T23:35:58.766+0000] {subprocess.py:63} INFO - Tmp dir root location: 
 /tmp
[2023-04-25T23:35:58.768+0000] {subprocess.py:75} INFO - Running command: ['/bin/bash', '-c', 'curl -o ~/Users/augsmachado/Desktop/Development/***-docker/files/titanic.csv https://raw.githubusercontent.com/datasciencedojo/datasets/master/titanic.csv']
[2023-04-25T23:35:58.797+0000] {subprocess.py:86} INFO - Output:
[2023-04-25T23:35:58.834+0000] {subprocess.py:93} INFO -   % Total    % Received % Xferd  Average Speed   Time    Time     Time  Current
[2023-04-25T23:35:58.835+0000] {subprocess.py:93} INFO -                                  Dload  Upload   Total   Spent    Left  Speed
[2023-04-25T23:35:58.932+0000] {subprocess.py:93} INFO -   0     0    0     0    0     0      0      0 --:--:-- --:--:-- --:--:--     0Warning: Failed to create the file
[2023-04-25T23:35:58.938+0000] {subprocess.py:93} INFO - Warning: /home/***/Users/augsmachado/Desktop/Development/***-docker/fil
[2023-04-25T23:35:58.945+0000] {subprocess.py:93} INFO - Warning: es/titanic.csv: No such file or directory
[2023-04-25T23:35:58.946+0000] {subprocess.py:93} INFO -   1 60302    1   858    0     0   8666      0  0:00:06 --:--:--  0:00:06  8755
[2023-04-25T23:35:58.946+0000] {subprocess.py:93} INFO - curl: (23) Failure writing output to destination
[2023-04-25T23:35:58.947+0000] {subprocess.py:97} INFO - Command exited with return code 23
[2023-04-25T23:35:58.973+0000] {taskinstance.py:1776} ERROR - Task failed with exception
Traceback (most recent call last):
  File "/home/airflow/.local/lib/python3.7/site-packages/airflow/operators/bash.py", line 197, in execute
    f"Bash command failed. The command returned a non-zero exit code {result.exit_code}."
airflow.exceptions.AirflowException: Bash command failed. The command returned a non-zero exit code 23.
[2023-04-25T23:35:58.983+0000] {taskinstance.py:1332} INFO - Marking task as UP_FOR_RETRY. dag_id=treino-02, task_id=get-data, execution_date=20230423T220800, start_date=20230425T233557, end_date=20230425T233558
[2023-04-25T23:35:59.012+0000] {standard_task_runner.py:105} ERROR - Failed to execute job 211 for task get-data (Bash command failed. The command returned a non-zero exit code 23.; 1187)
[2023-04-25T23:35:59.107+0000] {local_task_job.py:212} INFO - Task exited with return code 1
[2023-04-25T23:35:59.701+0000] {taskinstance.py:2596} INFO - 0 downstream tasks scheduled from follow-on schedule check
