[2023-04-25T23:37:54.257+0000] {taskinstance.py:1090} INFO - Dependencies all met for dep_context=non-requeueable deps ti=<TaskInstance: treino-02.get-data scheduled__2023-04-23T22:34:00+00:00 [queued]>
[2023-04-25T23:37:54.328+0000] {taskinstance.py:1090} INFO - Dependencies all met for dep_context=requeueable deps ti=<TaskInstance: treino-02.get-data scheduled__2023-04-23T22:34:00+00:00 [queued]>
[2023-04-25T23:37:54.333+0000] {taskinstance.py:1288} INFO - 
--------------------------------------------------------------------------------
[2023-04-25T23:37:54.336+0000] {taskinstance.py:1289} INFO - Starting attempt 1 of 2
[2023-04-25T23:37:54.339+0000] {taskinstance.py:1290} INFO - 
--------------------------------------------------------------------------------
[2023-04-25T23:37:54.427+0000] {taskinstance.py:1309} INFO - Executing <Task(BashOperator): get-data> on 2023-04-23 22:34:00+00:00
[2023-04-25T23:37:54.462+0000] {standard_task_runner.py:55} INFO - Started process 1352 to run task
[2023-04-25T23:37:54.526+0000] {standard_task_runner.py:82} INFO - Running: ['***', 'tasks', 'run', 'treino-02', 'get-data', 'scheduled__2023-04-23T22:34:00+00:00', '--job-id', '237', '--raw', '--subdir', 'DAGS_FOLDER/treino02.py', '--cfg-path', '/tmp/tmp1jmgtwpt']
[2023-04-25T23:37:54.536+0000] {standard_task_runner.py:83} INFO - Job 237: Subtask get-data
[2023-04-25T23:37:55.052+0000] {task_command.py:389} INFO - Running <TaskInstance: treino-02.get-data scheduled__2023-04-23T22:34:00+00:00 [running]> on host b7947b05bca0
[2023-04-25T23:37:55.460+0000] {taskinstance.py:1518} INFO - Exporting the following env vars:
AIRFLOW_CTX_DAG_EMAIL=test@example.com,test2@example.com
AIRFLOW_CTX_DAG_OWNER=augsmachado
AIRFLOW_CTX_DAG_ID=treino-02
AIRFLOW_CTX_TASK_ID=get-data
AIRFLOW_CTX_EXECUTION_DATE=2023-04-23T22:34:00+00:00
AIRFLOW_CTX_TRY_NUMBER=1
AIRFLOW_CTX_DAG_RUN_ID=scheduled__2023-04-23T22:34:00+00:00
[2023-04-25T23:37:55.621+0000] {subprocess.py:63} INFO - Tmp dir root location: 
 /tmp
[2023-04-25T23:37:55.642+0000] {subprocess.py:75} INFO - Running command: ['/bin/bash', '-c', 'curl -o ~/titanic.csv https://raw.githubusercontent.com/datasciencedojo/datasets/master/titanic.csv']
[2023-04-25T23:37:55.822+0000] {subprocess.py:86} INFO - Output:
[2023-04-25T23:37:55.853+0000] {subprocess.py:93} INFO -   % Total    % Received % Xferd  Average Speed   Time    Time     Time  Current
[2023-04-25T23:37:55.854+0000] {subprocess.py:93} INFO -                                  Dload  Upload   Total   Spent    Left  Speed
[2023-04-25T23:37:56.130+0000] {subprocess.py:93} INFO -   0     0    0     0    0     0      0      0 --:--:-- --:--:-- --:--:--     0  0     0    0     0    0     0      0      0 --:--:-- --:--:-- --:--:--     0100 60302  100 60302    0     0   212k      0 --:--:-- --:--:-- --:--:--  211k
[2023-04-25T23:37:56.145+0000] {subprocess.py:97} INFO - Command exited with return code 0
[2023-04-25T23:37:56.503+0000] {taskinstance.py:1332} INFO - Marking task as SUCCESS. dag_id=treino-02, task_id=get-data, execution_date=20230423T223400, start_date=20230425T233754, end_date=20230425T233756
[2023-04-25T23:37:56.989+0000] {local_task_job.py:212} INFO - Task exited with return code 0
[2023-04-25T23:37:57.395+0000] {taskinstance.py:2596} INFO - 1 downstream tasks scheduled from follow-on schedule check
