[2023-07-01T00:00:24.635+0000] {processor.py:153} INFO - Started process (PID=51438) to work on /home/airflow/.local/lib/python3.7/site-packages/airflow/example_dags/example_sensor_decorator.py
[2023-07-01T00:00:24.636+0000] {processor.py:743} INFO - Processing file /home/airflow/.local/lib/python3.7/site-packages/airflow/example_dags/example_sensor_decorator.py for tasks to queue
[2023-07-01T00:00:24.637+0000] {logging_mixin.py:137} INFO - [2023-07-01T00:00:24.637+0000] {dagbag.py:532} INFO - Filling up the DagBag from /home/airflow/.local/lib/python3.7/site-packages/airflow/example_dags/example_sensor_decorator.py
[2023-07-01T00:00:24.652+0000] {processor.py:753} INFO - DAG(s) dict_keys(['example_sensor_decorator']) retrieved from /home/airflow/.local/lib/python3.7/site-packages/airflow/example_dags/example_sensor_decorator.py
[2023-07-01T00:00:24.669+0000] {logging_mixin.py:137} INFO - [2023-07-01T00:00:24.669+0000] {dag.py:2705} INFO - Sync 1 DAGs
[2023-07-01T00:00:24.682+0000] {logging_mixin.py:137} INFO - [2023-07-01T00:00:24.682+0000] {dag.py:3456} INFO - Setting next_dagrun for example_sensor_decorator to None, run_after=None
[2023-07-01T00:00:24.692+0000] {processor.py:175} INFO - Processing /home/airflow/.local/lib/python3.7/site-packages/airflow/example_dags/example_sensor_decorator.py took 0.059 seconds
[2023-07-01T00:00:55.761+0000] {processor.py:153} INFO - Started process (PID=51495) to work on /home/airflow/.local/lib/python3.7/site-packages/airflow/example_dags/example_sensor_decorator.py
[2023-07-01T00:00:55.762+0000] {processor.py:743} INFO - Processing file /home/airflow/.local/lib/python3.7/site-packages/airflow/example_dags/example_sensor_decorator.py for tasks to queue
[2023-07-01T00:00:55.763+0000] {logging_mixin.py:137} INFO - [2023-07-01T00:00:55.763+0000] {dagbag.py:532} INFO - Filling up the DagBag from /home/airflow/.local/lib/python3.7/site-packages/airflow/example_dags/example_sensor_decorator.py
[2023-07-01T00:00:55.779+0000] {processor.py:753} INFO - DAG(s) dict_keys(['example_sensor_decorator']) retrieved from /home/airflow/.local/lib/python3.7/site-packages/airflow/example_dags/example_sensor_decorator.py
[2023-07-01T00:00:55.797+0000] {logging_mixin.py:137} INFO - [2023-07-01T00:00:55.797+0000] {dag.py:2705} INFO - Sync 1 DAGs
[2023-07-01T00:00:55.812+0000] {logging_mixin.py:137} INFO - [2023-07-01T00:00:55.812+0000] {dag.py:3456} INFO - Setting next_dagrun for example_sensor_decorator to None, run_after=None
[2023-07-01T00:00:55.822+0000] {processor.py:175} INFO - Processing /home/airflow/.local/lib/python3.7/site-packages/airflow/example_dags/example_sensor_decorator.py took 0.063 seconds
[2023-07-01T00:01:26.481+0000] {processor.py:153} INFO - Started process (PID=51553) to work on /home/airflow/.local/lib/python3.7/site-packages/airflow/example_dags/example_sensor_decorator.py
[2023-07-01T00:01:26.482+0000] {processor.py:743} INFO - Processing file /home/airflow/.local/lib/python3.7/site-packages/airflow/example_dags/example_sensor_decorator.py for tasks to queue
[2023-07-01T00:01:26.482+0000] {logging_mixin.py:137} INFO - [2023-07-01T00:01:26.482+0000] {dagbag.py:532} INFO - Filling up the DagBag from /home/airflow/.local/lib/python3.7/site-packages/airflow/example_dags/example_sensor_decorator.py
[2023-07-01T00:01:26.499+0000] {processor.py:753} INFO - DAG(s) dict_keys(['example_sensor_decorator']) retrieved from /home/airflow/.local/lib/python3.7/site-packages/airflow/example_dags/example_sensor_decorator.py
[2023-07-01T00:01:26.519+0000] {logging_mixin.py:137} INFO - [2023-07-01T00:01:26.519+0000] {dag.py:2705} INFO - Sync 1 DAGs
[2023-07-01T00:01:26.533+0000] {logging_mixin.py:137} INFO - [2023-07-01T00:01:26.533+0000] {dag.py:3456} INFO - Setting next_dagrun for example_sensor_decorator to None, run_after=None
[2023-07-01T00:01:26.543+0000] {processor.py:175} INFO - Processing /home/airflow/.local/lib/python3.7/site-packages/airflow/example_dags/example_sensor_decorator.py took 0.064 seconds
[2023-07-01T00:01:57.249+0000] {processor.py:153} INFO - Started process (PID=51609) to work on /home/airflow/.local/lib/python3.7/site-packages/airflow/example_dags/example_sensor_decorator.py
[2023-07-01T00:01:57.250+0000] {processor.py:743} INFO - Processing file /home/airflow/.local/lib/python3.7/site-packages/airflow/example_dags/example_sensor_decorator.py for tasks to queue
[2023-07-01T00:01:57.251+0000] {logging_mixin.py:137} INFO - [2023-07-01T00:01:57.251+0000] {dagbag.py:532} INFO - Filling up the DagBag from /home/airflow/.local/lib/python3.7/site-packages/airflow/example_dags/example_sensor_decorator.py
[2023-07-01T00:01:57.266+0000] {processor.py:753} INFO - DAG(s) dict_keys(['example_sensor_decorator']) retrieved from /home/airflow/.local/lib/python3.7/site-packages/airflow/example_dags/example_sensor_decorator.py
[2023-07-01T00:01:57.282+0000] {logging_mixin.py:137} INFO - [2023-07-01T00:01:57.282+0000] {dag.py:2705} INFO - Sync 1 DAGs
[2023-07-01T00:01:57.296+0000] {logging_mixin.py:137} INFO - [2023-07-01T00:01:57.296+0000] {dag.py:3456} INFO - Setting next_dagrun for example_sensor_decorator to None, run_after=None
[2023-07-01T00:01:57.305+0000] {processor.py:175} INFO - Processing /home/airflow/.local/lib/python3.7/site-packages/airflow/example_dags/example_sensor_decorator.py took 0.059 seconds
[2023-07-01T00:02:28.132+0000] {processor.py:153} INFO - Started process (PID=51665) to work on /home/airflow/.local/lib/python3.7/site-packages/airflow/example_dags/example_sensor_decorator.py
[2023-07-01T00:02:28.133+0000] {processor.py:743} INFO - Processing file /home/airflow/.local/lib/python3.7/site-packages/airflow/example_dags/example_sensor_decorator.py for tasks to queue
[2023-07-01T00:02:28.134+0000] {logging_mixin.py:137} INFO - [2023-07-01T00:02:28.134+0000] {dagbag.py:532} INFO - Filling up the DagBag from /home/airflow/.local/lib/python3.7/site-packages/airflow/example_dags/example_sensor_decorator.py
[2023-07-01T00:02:28.149+0000] {processor.py:753} INFO - DAG(s) dict_keys(['example_sensor_decorator']) retrieved from /home/airflow/.local/lib/python3.7/site-packages/airflow/example_dags/example_sensor_decorator.py
[2023-07-01T00:02:28.166+0000] {logging_mixin.py:137} INFO - [2023-07-01T00:02:28.166+0000] {dag.py:2705} INFO - Sync 1 DAGs
[2023-07-01T00:02:28.180+0000] {logging_mixin.py:137} INFO - [2023-07-01T00:02:28.180+0000] {dag.py:3456} INFO - Setting next_dagrun for example_sensor_decorator to None, run_after=None
[2023-07-01T00:02:28.189+0000] {processor.py:175} INFO - Processing /home/airflow/.local/lib/python3.7/site-packages/airflow/example_dags/example_sensor_decorator.py took 0.060 seconds
[2023-07-01T00:02:59.117+0000] {processor.py:153} INFO - Started process (PID=51722) to work on /home/airflow/.local/lib/python3.7/site-packages/airflow/example_dags/example_sensor_decorator.py
[2023-07-01T00:02:59.118+0000] {processor.py:743} INFO - Processing file /home/airflow/.local/lib/python3.7/site-packages/airflow/example_dags/example_sensor_decorator.py for tasks to queue
[2023-07-01T00:02:59.119+0000] {logging_mixin.py:137} INFO - [2023-07-01T00:02:59.118+0000] {dagbag.py:532} INFO - Filling up the DagBag from /home/airflow/.local/lib/python3.7/site-packages/airflow/example_dags/example_sensor_decorator.py
[2023-07-01T00:02:59.134+0000] {processor.py:753} INFO - DAG(s) dict_keys(['example_sensor_decorator']) retrieved from /home/airflow/.local/lib/python3.7/site-packages/airflow/example_dags/example_sensor_decorator.py
[2023-07-01T00:02:59.151+0000] {logging_mixin.py:137} INFO - [2023-07-01T00:02:59.151+0000] {dag.py:2705} INFO - Sync 1 DAGs
[2023-07-01T00:02:59.165+0000] {logging_mixin.py:137} INFO - [2023-07-01T00:02:59.165+0000] {dag.py:3456} INFO - Setting next_dagrun for example_sensor_decorator to None, run_after=None
[2023-07-01T00:02:59.176+0000] {processor.py:175} INFO - Processing /home/airflow/.local/lib/python3.7/site-packages/airflow/example_dags/example_sensor_decorator.py took 0.062 seconds
[2023-07-01T00:03:30.305+0000] {processor.py:153} INFO - Started process (PID=51779) to work on /home/airflow/.local/lib/python3.7/site-packages/airflow/example_dags/example_sensor_decorator.py
[2023-07-01T00:03:30.306+0000] {processor.py:743} INFO - Processing file /home/airflow/.local/lib/python3.7/site-packages/airflow/example_dags/example_sensor_decorator.py for tasks to queue
[2023-07-01T00:03:30.307+0000] {logging_mixin.py:137} INFO - [2023-07-01T00:03:30.307+0000] {dagbag.py:532} INFO - Filling up the DagBag from /home/airflow/.local/lib/python3.7/site-packages/airflow/example_dags/example_sensor_decorator.py
[2023-07-01T00:03:30.322+0000] {processor.py:753} INFO - DAG(s) dict_keys(['example_sensor_decorator']) retrieved from /home/airflow/.local/lib/python3.7/site-packages/airflow/example_dags/example_sensor_decorator.py
[2023-07-01T00:03:30.339+0000] {logging_mixin.py:137} INFO - [2023-07-01T00:03:30.339+0000] {dag.py:2705} INFO - Sync 1 DAGs
[2023-07-01T00:03:30.354+0000] {logging_mixin.py:137} INFO - [2023-07-01T00:03:30.354+0000] {dag.py:3456} INFO - Setting next_dagrun for example_sensor_decorator to None, run_after=None
[2023-07-01T00:03:30.365+0000] {processor.py:175} INFO - Processing /home/airflow/.local/lib/python3.7/site-packages/airflow/example_dags/example_sensor_decorator.py took 0.062 seconds
[2023-07-01T00:04:01.167+0000] {processor.py:153} INFO - Started process (PID=51836) to work on /home/airflow/.local/lib/python3.7/site-packages/airflow/example_dags/example_sensor_decorator.py
[2023-07-01T00:04:01.168+0000] {processor.py:743} INFO - Processing file /home/airflow/.local/lib/python3.7/site-packages/airflow/example_dags/example_sensor_decorator.py for tasks to queue
[2023-07-01T00:04:01.168+0000] {logging_mixin.py:137} INFO - [2023-07-01T00:04:01.168+0000] {dagbag.py:532} INFO - Filling up the DagBag from /home/airflow/.local/lib/python3.7/site-packages/airflow/example_dags/example_sensor_decorator.py
[2023-07-01T00:04:01.183+0000] {processor.py:753} INFO - DAG(s) dict_keys(['example_sensor_decorator']) retrieved from /home/airflow/.local/lib/python3.7/site-packages/airflow/example_dags/example_sensor_decorator.py
[2023-07-01T00:04:01.200+0000] {logging_mixin.py:137} INFO - [2023-07-01T00:04:01.200+0000] {dag.py:2705} INFO - Sync 1 DAGs
[2023-07-01T00:04:01.214+0000] {logging_mixin.py:137} INFO - [2023-07-01T00:04:01.214+0000] {dag.py:3456} INFO - Setting next_dagrun for example_sensor_decorator to None, run_after=None
[2023-07-01T00:04:01.223+0000] {processor.py:175} INFO - Processing /home/airflow/.local/lib/python3.7/site-packages/airflow/example_dags/example_sensor_decorator.py took 0.059 seconds
[2023-07-01T00:04:32.052+0000] {processor.py:153} INFO - Started process (PID=51893) to work on /home/airflow/.local/lib/python3.7/site-packages/airflow/example_dags/example_sensor_decorator.py
[2023-07-01T00:04:32.053+0000] {processor.py:743} INFO - Processing file /home/airflow/.local/lib/python3.7/site-packages/airflow/example_dags/example_sensor_decorator.py for tasks to queue
[2023-07-01T00:04:32.053+0000] {logging_mixin.py:137} INFO - [2023-07-01T00:04:32.053+0000] {dagbag.py:532} INFO - Filling up the DagBag from /home/airflow/.local/lib/python3.7/site-packages/airflow/example_dags/example_sensor_decorator.py
[2023-07-01T00:04:32.072+0000] {processor.py:753} INFO - DAG(s) dict_keys(['example_sensor_decorator']) retrieved from /home/airflow/.local/lib/python3.7/site-packages/airflow/example_dags/example_sensor_decorator.py
[2023-07-01T00:04:32.089+0000] {logging_mixin.py:137} INFO - [2023-07-01T00:04:32.089+0000] {dag.py:2705} INFO - Sync 1 DAGs
[2023-07-01T00:04:32.104+0000] {logging_mixin.py:137} INFO - [2023-07-01T00:04:32.103+0000] {dag.py:3456} INFO - Setting next_dagrun for example_sensor_decorator to None, run_after=None
[2023-07-01T00:04:32.114+0000] {processor.py:175} INFO - Processing /home/airflow/.local/lib/python3.7/site-packages/airflow/example_dags/example_sensor_decorator.py took 0.065 seconds
[2023-07-01T00:05:02.923+0000] {processor.py:153} INFO - Started process (PID=51949) to work on /home/airflow/.local/lib/python3.7/site-packages/airflow/example_dags/example_sensor_decorator.py
[2023-07-01T00:05:02.924+0000] {processor.py:743} INFO - Processing file /home/airflow/.local/lib/python3.7/site-packages/airflow/example_dags/example_sensor_decorator.py for tasks to queue
[2023-07-01T00:05:02.926+0000] {logging_mixin.py:137} INFO - [2023-07-01T00:05:02.926+0000] {dagbag.py:532} INFO - Filling up the DagBag from /home/airflow/.local/lib/python3.7/site-packages/airflow/example_dags/example_sensor_decorator.py
[2023-07-01T00:05:02.941+0000] {processor.py:753} INFO - DAG(s) dict_keys(['example_sensor_decorator']) retrieved from /home/airflow/.local/lib/python3.7/site-packages/airflow/example_dags/example_sensor_decorator.py
[2023-07-01T00:05:02.958+0000] {logging_mixin.py:137} INFO - [2023-07-01T00:05:02.958+0000] {dag.py:2705} INFO - Sync 1 DAGs
[2023-07-01T00:05:02.972+0000] {logging_mixin.py:137} INFO - [2023-07-01T00:05:02.972+0000] {dag.py:3456} INFO - Setting next_dagrun for example_sensor_decorator to None, run_after=None
[2023-07-01T00:05:02.982+0000] {processor.py:175} INFO - Processing /home/airflow/.local/lib/python3.7/site-packages/airflow/example_dags/example_sensor_decorator.py took 0.062 seconds
[2023-07-01T00:05:34.150+0000] {processor.py:153} INFO - Started process (PID=52006) to work on /home/airflow/.local/lib/python3.7/site-packages/airflow/example_dags/example_sensor_decorator.py
[2023-07-01T00:05:34.151+0000] {processor.py:743} INFO - Processing file /home/airflow/.local/lib/python3.7/site-packages/airflow/example_dags/example_sensor_decorator.py for tasks to queue
[2023-07-01T00:05:34.152+0000] {logging_mixin.py:137} INFO - [2023-07-01T00:05:34.152+0000] {dagbag.py:532} INFO - Filling up the DagBag from /home/airflow/.local/lib/python3.7/site-packages/airflow/example_dags/example_sensor_decorator.py
[2023-07-01T00:05:34.169+0000] {processor.py:753} INFO - DAG(s) dict_keys(['example_sensor_decorator']) retrieved from /home/airflow/.local/lib/python3.7/site-packages/airflow/example_dags/example_sensor_decorator.py
[2023-07-01T00:05:34.195+0000] {logging_mixin.py:137} INFO - [2023-07-01T00:05:34.194+0000] {dag.py:2705} INFO - Sync 1 DAGs
[2023-07-01T00:05:34.210+0000] {logging_mixin.py:137} INFO - [2023-07-01T00:05:34.210+0000] {dag.py:3456} INFO - Setting next_dagrun for example_sensor_decorator to None, run_after=None
[2023-07-01T00:05:34.220+0000] {processor.py:175} INFO - Processing /home/airflow/.local/lib/python3.7/site-packages/airflow/example_dags/example_sensor_decorator.py took 0.074 seconds
[2023-07-01T00:06:05.479+0000] {processor.py:153} INFO - Started process (PID=52063) to work on /home/airflow/.local/lib/python3.7/site-packages/airflow/example_dags/example_sensor_decorator.py
[2023-07-01T00:06:05.480+0000] {processor.py:743} INFO - Processing file /home/airflow/.local/lib/python3.7/site-packages/airflow/example_dags/example_sensor_decorator.py for tasks to queue
[2023-07-01T00:06:05.480+0000] {logging_mixin.py:137} INFO - [2023-07-01T00:06:05.480+0000] {dagbag.py:532} INFO - Filling up the DagBag from /home/airflow/.local/lib/python3.7/site-packages/airflow/example_dags/example_sensor_decorator.py
[2023-07-01T00:06:05.495+0000] {processor.py:753} INFO - DAG(s) dict_keys(['example_sensor_decorator']) retrieved from /home/airflow/.local/lib/python3.7/site-packages/airflow/example_dags/example_sensor_decorator.py
[2023-07-01T00:06:05.515+0000] {logging_mixin.py:137} INFO - [2023-07-01T00:06:05.515+0000] {dag.py:2705} INFO - Sync 1 DAGs
[2023-07-01T00:06:05.529+0000] {logging_mixin.py:137} INFO - [2023-07-01T00:06:05.529+0000] {dag.py:3456} INFO - Setting next_dagrun for example_sensor_decorator to None, run_after=None
[2023-07-01T00:06:05.538+0000] {processor.py:175} INFO - Processing /home/airflow/.local/lib/python3.7/site-packages/airflow/example_dags/example_sensor_decorator.py took 0.062 seconds
[2023-07-01T00:06:36.453+0000] {processor.py:153} INFO - Started process (PID=52120) to work on /home/airflow/.local/lib/python3.7/site-packages/airflow/example_dags/example_sensor_decorator.py
[2023-07-01T00:06:36.455+0000] {processor.py:743} INFO - Processing file /home/airflow/.local/lib/python3.7/site-packages/airflow/example_dags/example_sensor_decorator.py for tasks to queue
[2023-07-01T00:06:36.455+0000] {logging_mixin.py:137} INFO - [2023-07-01T00:06:36.455+0000] {dagbag.py:532} INFO - Filling up the DagBag from /home/airflow/.local/lib/python3.7/site-packages/airflow/example_dags/example_sensor_decorator.py
[2023-07-01T00:06:36.470+0000] {processor.py:753} INFO - DAG(s) dict_keys(['example_sensor_decorator']) retrieved from /home/airflow/.local/lib/python3.7/site-packages/airflow/example_dags/example_sensor_decorator.py
[2023-07-01T00:06:36.486+0000] {logging_mixin.py:137} INFO - [2023-07-01T00:06:36.486+0000] {dag.py:2705} INFO - Sync 1 DAGs
[2023-07-01T00:06:36.501+0000] {logging_mixin.py:137} INFO - [2023-07-01T00:06:36.501+0000] {dag.py:3456} INFO - Setting next_dagrun for example_sensor_decorator to None, run_after=None
[2023-07-01T00:06:36.510+0000] {processor.py:175} INFO - Processing /home/airflow/.local/lib/python3.7/site-packages/airflow/example_dags/example_sensor_decorator.py took 0.060 seconds
[2023-07-01T00:07:07.128+0000] {processor.py:153} INFO - Started process (PID=52177) to work on /home/airflow/.local/lib/python3.7/site-packages/airflow/example_dags/example_sensor_decorator.py
[2023-07-01T00:07:07.130+0000] {processor.py:743} INFO - Processing file /home/airflow/.local/lib/python3.7/site-packages/airflow/example_dags/example_sensor_decorator.py for tasks to queue
[2023-07-01T00:07:07.130+0000] {logging_mixin.py:137} INFO - [2023-07-01T00:07:07.130+0000] {dagbag.py:532} INFO - Filling up the DagBag from /home/airflow/.local/lib/python3.7/site-packages/airflow/example_dags/example_sensor_decorator.py
[2023-07-01T00:07:07.146+0000] {processor.py:753} INFO - DAG(s) dict_keys(['example_sensor_decorator']) retrieved from /home/airflow/.local/lib/python3.7/site-packages/airflow/example_dags/example_sensor_decorator.py
[2023-07-01T00:07:07.166+0000] {logging_mixin.py:137} INFO - [2023-07-01T00:07:07.166+0000] {dag.py:2705} INFO - Sync 1 DAGs
[2023-07-01T00:07:07.180+0000] {logging_mixin.py:137} INFO - [2023-07-01T00:07:07.180+0000] {dag.py:3456} INFO - Setting next_dagrun for example_sensor_decorator to None, run_after=None
[2023-07-01T00:07:07.189+0000] {processor.py:175} INFO - Processing /home/airflow/.local/lib/python3.7/site-packages/airflow/example_dags/example_sensor_decorator.py took 0.064 seconds
[2023-07-01T00:07:38.460+0000] {processor.py:153} INFO - Started process (PID=52234) to work on /home/airflow/.local/lib/python3.7/site-packages/airflow/example_dags/example_sensor_decorator.py
[2023-07-01T00:07:38.461+0000] {processor.py:743} INFO - Processing file /home/airflow/.local/lib/python3.7/site-packages/airflow/example_dags/example_sensor_decorator.py for tasks to queue
[2023-07-01T00:07:38.462+0000] {logging_mixin.py:137} INFO - [2023-07-01T00:07:38.462+0000] {dagbag.py:532} INFO - Filling up the DagBag from /home/airflow/.local/lib/python3.7/site-packages/airflow/example_dags/example_sensor_decorator.py
[2023-07-01T00:07:38.476+0000] {processor.py:753} INFO - DAG(s) dict_keys(['example_sensor_decorator']) retrieved from /home/airflow/.local/lib/python3.7/site-packages/airflow/example_dags/example_sensor_decorator.py
[2023-07-01T00:07:38.493+0000] {logging_mixin.py:137} INFO - [2023-07-01T00:07:38.493+0000] {dag.py:2705} INFO - Sync 1 DAGs
[2023-07-01T00:07:38.507+0000] {logging_mixin.py:137} INFO - [2023-07-01T00:07:38.506+0000] {dag.py:3456} INFO - Setting next_dagrun for example_sensor_decorator to None, run_after=None
[2023-07-01T00:07:38.516+0000] {processor.py:175} INFO - Processing /home/airflow/.local/lib/python3.7/site-packages/airflow/example_dags/example_sensor_decorator.py took 0.058 seconds
[2023-07-01T00:08:09.710+0000] {processor.py:153} INFO - Started process (PID=52298) to work on /home/airflow/.local/lib/python3.7/site-packages/airflow/example_dags/example_sensor_decorator.py
[2023-07-01T00:08:09.711+0000] {processor.py:743} INFO - Processing file /home/airflow/.local/lib/python3.7/site-packages/airflow/example_dags/example_sensor_decorator.py for tasks to queue
[2023-07-01T00:08:09.712+0000] {logging_mixin.py:137} INFO - [2023-07-01T00:08:09.712+0000] {dagbag.py:532} INFO - Filling up the DagBag from /home/airflow/.local/lib/python3.7/site-packages/airflow/example_dags/example_sensor_decorator.py
[2023-07-01T00:08:09.734+0000] {processor.py:753} INFO - DAG(s) dict_keys(['example_sensor_decorator']) retrieved from /home/airflow/.local/lib/python3.7/site-packages/airflow/example_dags/example_sensor_decorator.py
[2023-07-01T00:08:09.767+0000] {logging_mixin.py:137} INFO - [2023-07-01T00:08:09.767+0000] {dag.py:2705} INFO - Sync 1 DAGs
[2023-07-01T00:08:09.785+0000] {logging_mixin.py:137} INFO - [2023-07-01T00:08:09.785+0000] {dag.py:3456} INFO - Setting next_dagrun for example_sensor_decorator to None, run_after=None
[2023-07-01T00:08:09.801+0000] {processor.py:175} INFO - Processing /home/airflow/.local/lib/python3.7/site-packages/airflow/example_dags/example_sensor_decorator.py took 0.094 seconds
[2023-07-01T00:08:40.099+0000] {processor.py:153} INFO - Started process (PID=52355) to work on /home/airflow/.local/lib/python3.7/site-packages/airflow/example_dags/example_sensor_decorator.py
[2023-07-01T00:08:40.101+0000] {processor.py:743} INFO - Processing file /home/airflow/.local/lib/python3.7/site-packages/airflow/example_dags/example_sensor_decorator.py for tasks to queue
[2023-07-01T00:08:40.101+0000] {logging_mixin.py:137} INFO - [2023-07-01T00:08:40.101+0000] {dagbag.py:532} INFO - Filling up the DagBag from /home/airflow/.local/lib/python3.7/site-packages/airflow/example_dags/example_sensor_decorator.py
[2023-07-01T00:08:40.123+0000] {processor.py:753} INFO - DAG(s) dict_keys(['example_sensor_decorator']) retrieved from /home/airflow/.local/lib/python3.7/site-packages/airflow/example_dags/example_sensor_decorator.py
[2023-07-01T00:08:40.156+0000] {logging_mixin.py:137} INFO - [2023-07-01T00:08:40.156+0000] {dag.py:2705} INFO - Sync 1 DAGs
[2023-07-01T00:08:40.177+0000] {logging_mixin.py:137} INFO - [2023-07-01T00:08:40.176+0000] {dag.py:3456} INFO - Setting next_dagrun for example_sensor_decorator to None, run_after=None
[2023-07-01T00:08:40.191+0000] {processor.py:175} INFO - Processing /home/airflow/.local/lib/python3.7/site-packages/airflow/example_dags/example_sensor_decorator.py took 0.096 seconds
[2023-07-01T00:09:11.205+0000] {processor.py:153} INFO - Started process (PID=52411) to work on /home/airflow/.local/lib/python3.7/site-packages/airflow/example_dags/example_sensor_decorator.py
[2023-07-01T00:09:11.207+0000] {processor.py:743} INFO - Processing file /home/airflow/.local/lib/python3.7/site-packages/airflow/example_dags/example_sensor_decorator.py for tasks to queue
[2023-07-01T00:09:11.209+0000] {logging_mixin.py:137} INFO - [2023-07-01T00:09:11.209+0000] {dagbag.py:532} INFO - Filling up the DagBag from /home/airflow/.local/lib/python3.7/site-packages/airflow/example_dags/example_sensor_decorator.py
[2023-07-01T00:09:11.266+0000] {processor.py:753} INFO - DAG(s) dict_keys(['example_sensor_decorator']) retrieved from /home/airflow/.local/lib/python3.7/site-packages/airflow/example_dags/example_sensor_decorator.py
[2023-07-01T00:09:11.305+0000] {logging_mixin.py:137} INFO - [2023-07-01T00:09:11.304+0000] {dag.py:2705} INFO - Sync 1 DAGs
[2023-07-01T00:09:11.333+0000] {logging_mixin.py:137} INFO - [2023-07-01T00:09:11.333+0000] {dag.py:3456} INFO - Setting next_dagrun for example_sensor_decorator to None, run_after=None
[2023-07-01T00:09:11.351+0000] {processor.py:175} INFO - Processing /home/airflow/.local/lib/python3.7/site-packages/airflow/example_dags/example_sensor_decorator.py took 0.155 seconds
[2023-07-01T00:09:41.780+0000] {processor.py:153} INFO - Started process (PID=52468) to work on /home/airflow/.local/lib/python3.7/site-packages/airflow/example_dags/example_sensor_decorator.py
[2023-07-01T00:09:41.782+0000] {processor.py:743} INFO - Processing file /home/airflow/.local/lib/python3.7/site-packages/airflow/example_dags/example_sensor_decorator.py for tasks to queue
[2023-07-01T00:09:41.784+0000] {logging_mixin.py:137} INFO - [2023-07-01T00:09:41.783+0000] {dagbag.py:532} INFO - Filling up the DagBag from /home/airflow/.local/lib/python3.7/site-packages/airflow/example_dags/example_sensor_decorator.py
[2023-07-01T00:09:41.809+0000] {processor.py:753} INFO - DAG(s) dict_keys(['example_sensor_decorator']) retrieved from /home/airflow/.local/lib/python3.7/site-packages/airflow/example_dags/example_sensor_decorator.py
[2023-07-01T00:09:41.828+0000] {logging_mixin.py:137} INFO - [2023-07-01T00:09:41.828+0000] {dag.py:2705} INFO - Sync 1 DAGs
[2023-07-01T00:09:41.843+0000] {logging_mixin.py:137} INFO - [2023-07-01T00:09:41.842+0000] {dag.py:3456} INFO - Setting next_dagrun for example_sensor_decorator to None, run_after=None
[2023-07-01T00:09:41.855+0000] {processor.py:175} INFO - Processing /home/airflow/.local/lib/python3.7/site-packages/airflow/example_dags/example_sensor_decorator.py took 0.081 seconds
[2023-07-01T00:10:12.010+0000] {processor.py:153} INFO - Started process (PID=52525) to work on /home/airflow/.local/lib/python3.7/site-packages/airflow/example_dags/example_sensor_decorator.py
[2023-07-01T00:10:12.012+0000] {processor.py:743} INFO - Processing file /home/airflow/.local/lib/python3.7/site-packages/airflow/example_dags/example_sensor_decorator.py for tasks to queue
[2023-07-01T00:10:12.013+0000] {logging_mixin.py:137} INFO - [2023-07-01T00:10:12.012+0000] {dagbag.py:532} INFO - Filling up the DagBag from /home/airflow/.local/lib/python3.7/site-packages/airflow/example_dags/example_sensor_decorator.py
[2023-07-01T00:10:12.031+0000] {processor.py:753} INFO - DAG(s) dict_keys(['example_sensor_decorator']) retrieved from /home/airflow/.local/lib/python3.7/site-packages/airflow/example_dags/example_sensor_decorator.py
[2023-07-01T00:10:12.049+0000] {logging_mixin.py:137} INFO - [2023-07-01T00:10:12.049+0000] {dag.py:2705} INFO - Sync 1 DAGs
[2023-07-01T00:10:12.064+0000] {logging_mixin.py:137} INFO - [2023-07-01T00:10:12.064+0000] {dag.py:3456} INFO - Setting next_dagrun for example_sensor_decorator to None, run_after=None
[2023-07-01T00:10:12.074+0000] {processor.py:175} INFO - Processing /home/airflow/.local/lib/python3.7/site-packages/airflow/example_dags/example_sensor_decorator.py took 0.068 seconds
[2023-07-01T00:10:42.469+0000] {processor.py:153} INFO - Started process (PID=52583) to work on /home/airflow/.local/lib/python3.7/site-packages/airflow/example_dags/example_sensor_decorator.py
[2023-07-01T00:10:42.472+0000] {processor.py:743} INFO - Processing file /home/airflow/.local/lib/python3.7/site-packages/airflow/example_dags/example_sensor_decorator.py for tasks to queue
[2023-07-01T00:10:42.473+0000] {logging_mixin.py:137} INFO - [2023-07-01T00:10:42.473+0000] {dagbag.py:532} INFO - Filling up the DagBag from /home/airflow/.local/lib/python3.7/site-packages/airflow/example_dags/example_sensor_decorator.py
[2023-07-01T00:10:42.490+0000] {processor.py:753} INFO - DAG(s) dict_keys(['example_sensor_decorator']) retrieved from /home/airflow/.local/lib/python3.7/site-packages/airflow/example_dags/example_sensor_decorator.py
[2023-07-01T00:10:42.511+0000] {logging_mixin.py:137} INFO - [2023-07-01T00:10:42.511+0000] {dag.py:2705} INFO - Sync 1 DAGs
[2023-07-01T00:10:42.524+0000] {logging_mixin.py:137} INFO - [2023-07-01T00:10:42.524+0000] {dag.py:3456} INFO - Setting next_dagrun for example_sensor_decorator to None, run_after=None
[2023-07-01T00:10:42.533+0000] {processor.py:175} INFO - Processing /home/airflow/.local/lib/python3.7/site-packages/airflow/example_dags/example_sensor_decorator.py took 0.068 seconds
[2023-07-01T00:11:13.333+0000] {processor.py:153} INFO - Started process (PID=52641) to work on /home/airflow/.local/lib/python3.7/site-packages/airflow/example_dags/example_sensor_decorator.py
[2023-07-01T00:11:13.335+0000] {processor.py:743} INFO - Processing file /home/airflow/.local/lib/python3.7/site-packages/airflow/example_dags/example_sensor_decorator.py for tasks to queue
[2023-07-01T00:11:13.337+0000] {logging_mixin.py:137} INFO - [2023-07-01T00:11:13.337+0000] {dagbag.py:532} INFO - Filling up the DagBag from /home/airflow/.local/lib/python3.7/site-packages/airflow/example_dags/example_sensor_decorator.py
[2023-07-01T00:11:13.362+0000] {processor.py:753} INFO - DAG(s) dict_keys(['example_sensor_decorator']) retrieved from /home/airflow/.local/lib/python3.7/site-packages/airflow/example_dags/example_sensor_decorator.py
[2023-07-01T00:11:13.379+0000] {logging_mixin.py:137} INFO - [2023-07-01T00:11:13.379+0000] {dag.py:2705} INFO - Sync 1 DAGs
[2023-07-01T00:11:13.392+0000] {logging_mixin.py:137} INFO - [2023-07-01T00:11:13.392+0000] {dag.py:3456} INFO - Setting next_dagrun for example_sensor_decorator to None, run_after=None
[2023-07-01T00:11:13.402+0000] {processor.py:175} INFO - Processing /home/airflow/.local/lib/python3.7/site-packages/airflow/example_dags/example_sensor_decorator.py took 0.074 seconds
[2023-07-01T00:11:44.127+0000] {processor.py:153} INFO - Started process (PID=52698) to work on /home/airflow/.local/lib/python3.7/site-packages/airflow/example_dags/example_sensor_decorator.py
[2023-07-01T00:11:44.130+0000] {processor.py:743} INFO - Processing file /home/airflow/.local/lib/python3.7/site-packages/airflow/example_dags/example_sensor_decorator.py for tasks to queue
[2023-07-01T00:11:44.131+0000] {logging_mixin.py:137} INFO - [2023-07-01T00:11:44.131+0000] {dagbag.py:532} INFO - Filling up the DagBag from /home/airflow/.local/lib/python3.7/site-packages/airflow/example_dags/example_sensor_decorator.py
[2023-07-01T00:11:44.154+0000] {processor.py:753} INFO - DAG(s) dict_keys(['example_sensor_decorator']) retrieved from /home/airflow/.local/lib/python3.7/site-packages/airflow/example_dags/example_sensor_decorator.py
[2023-07-01T00:11:44.173+0000] {logging_mixin.py:137} INFO - [2023-07-01T00:11:44.172+0000] {dag.py:2705} INFO - Sync 1 DAGs
[2023-07-01T00:11:44.187+0000] {logging_mixin.py:137} INFO - [2023-07-01T00:11:44.187+0000] {dag.py:3456} INFO - Setting next_dagrun for example_sensor_decorator to None, run_after=None
[2023-07-01T00:11:44.196+0000] {processor.py:175} INFO - Processing /home/airflow/.local/lib/python3.7/site-packages/airflow/example_dags/example_sensor_decorator.py took 0.075 seconds
[2023-07-01T00:12:14.833+0000] {processor.py:153} INFO - Started process (PID=52755) to work on /home/airflow/.local/lib/python3.7/site-packages/airflow/example_dags/example_sensor_decorator.py
[2023-07-01T00:12:14.835+0000] {processor.py:743} INFO - Processing file /home/airflow/.local/lib/python3.7/site-packages/airflow/example_dags/example_sensor_decorator.py for tasks to queue
[2023-07-01T00:12:14.837+0000] {logging_mixin.py:137} INFO - [2023-07-01T00:12:14.837+0000] {dagbag.py:532} INFO - Filling up the DagBag from /home/airflow/.local/lib/python3.7/site-packages/airflow/example_dags/example_sensor_decorator.py
[2023-07-01T00:12:14.860+0000] {processor.py:753} INFO - DAG(s) dict_keys(['example_sensor_decorator']) retrieved from /home/airflow/.local/lib/python3.7/site-packages/airflow/example_dags/example_sensor_decorator.py
[2023-07-01T00:12:14.878+0000] {logging_mixin.py:137} INFO - [2023-07-01T00:12:14.878+0000] {dag.py:2705} INFO - Sync 1 DAGs
[2023-07-01T00:12:14.891+0000] {logging_mixin.py:137} INFO - [2023-07-01T00:12:14.891+0000] {dag.py:3456} INFO - Setting next_dagrun for example_sensor_decorator to None, run_after=None
[2023-07-01T00:12:14.902+0000] {processor.py:175} INFO - Processing /home/airflow/.local/lib/python3.7/site-packages/airflow/example_dags/example_sensor_decorator.py took 0.074 seconds
[2023-07-01T00:12:45.471+0000] {processor.py:153} INFO - Started process (PID=52812) to work on /home/airflow/.local/lib/python3.7/site-packages/airflow/example_dags/example_sensor_decorator.py
[2023-07-01T00:12:45.472+0000] {processor.py:743} INFO - Processing file /home/airflow/.local/lib/python3.7/site-packages/airflow/example_dags/example_sensor_decorator.py for tasks to queue
[2023-07-01T00:12:45.473+0000] {logging_mixin.py:137} INFO - [2023-07-01T00:12:45.473+0000] {dagbag.py:532} INFO - Filling up the DagBag from /home/airflow/.local/lib/python3.7/site-packages/airflow/example_dags/example_sensor_decorator.py
[2023-07-01T00:12:45.487+0000] {processor.py:753} INFO - DAG(s) dict_keys(['example_sensor_decorator']) retrieved from /home/airflow/.local/lib/python3.7/site-packages/airflow/example_dags/example_sensor_decorator.py
[2023-07-01T00:12:45.504+0000] {logging_mixin.py:137} INFO - [2023-07-01T00:12:45.504+0000] {dag.py:2705} INFO - Sync 1 DAGs
[2023-07-01T00:12:45.517+0000] {logging_mixin.py:137} INFO - [2023-07-01T00:12:45.517+0000] {dag.py:3456} INFO - Setting next_dagrun for example_sensor_decorator to None, run_after=None
[2023-07-01T00:12:45.528+0000] {processor.py:175} INFO - Processing /home/airflow/.local/lib/python3.7/site-packages/airflow/example_dags/example_sensor_decorator.py took 0.061 seconds
[2023-07-01T00:13:16.354+0000] {processor.py:153} INFO - Started process (PID=52869) to work on /home/airflow/.local/lib/python3.7/site-packages/airflow/example_dags/example_sensor_decorator.py
[2023-07-01T00:13:16.356+0000] {processor.py:743} INFO - Processing file /home/airflow/.local/lib/python3.7/site-packages/airflow/example_dags/example_sensor_decorator.py for tasks to queue
[2023-07-01T00:13:16.358+0000] {logging_mixin.py:137} INFO - [2023-07-01T00:13:16.358+0000] {dagbag.py:532} INFO - Filling up the DagBag from /home/airflow/.local/lib/python3.7/site-packages/airflow/example_dags/example_sensor_decorator.py
[2023-07-01T00:13:16.384+0000] {processor.py:753} INFO - DAG(s) dict_keys(['example_sensor_decorator']) retrieved from /home/airflow/.local/lib/python3.7/site-packages/airflow/example_dags/example_sensor_decorator.py
[2023-07-01T00:13:16.406+0000] {logging_mixin.py:137} INFO - [2023-07-01T00:13:16.406+0000] {dag.py:2705} INFO - Sync 1 DAGs
[2023-07-01T00:13:16.421+0000] {logging_mixin.py:137} INFO - [2023-07-01T00:13:16.421+0000] {dag.py:3456} INFO - Setting next_dagrun for example_sensor_decorator to None, run_after=None
[2023-07-01T00:13:16.433+0000] {processor.py:175} INFO - Processing /home/airflow/.local/lib/python3.7/site-packages/airflow/example_dags/example_sensor_decorator.py took 0.085 seconds
[2023-07-01T00:13:46.501+0000] {processor.py:153} INFO - Started process (PID=52927) to work on /home/airflow/.local/lib/python3.7/site-packages/airflow/example_dags/example_sensor_decorator.py
[2023-07-01T00:13:46.502+0000] {processor.py:743} INFO - Processing file /home/airflow/.local/lib/python3.7/site-packages/airflow/example_dags/example_sensor_decorator.py for tasks to queue
[2023-07-01T00:13:46.505+0000] {logging_mixin.py:137} INFO - [2023-07-01T00:13:46.505+0000] {dagbag.py:532} INFO - Filling up the DagBag from /home/airflow/.local/lib/python3.7/site-packages/airflow/example_dags/example_sensor_decorator.py
[2023-07-01T00:13:46.536+0000] {processor.py:753} INFO - DAG(s) dict_keys(['example_sensor_decorator']) retrieved from /home/airflow/.local/lib/python3.7/site-packages/airflow/example_dags/example_sensor_decorator.py
[2023-07-01T00:13:46.568+0000] {logging_mixin.py:137} INFO - [2023-07-01T00:13:46.568+0000] {dag.py:2705} INFO - Sync 1 DAGs
[2023-07-01T00:13:46.589+0000] {logging_mixin.py:137} INFO - [2023-07-01T00:13:46.589+0000] {dag.py:3456} INFO - Setting next_dagrun for example_sensor_decorator to None, run_after=None
[2023-07-01T00:13:46.602+0000] {processor.py:175} INFO - Processing /home/airflow/.local/lib/python3.7/site-packages/airflow/example_dags/example_sensor_decorator.py took 0.107 seconds
[2023-07-01T00:14:16.655+0000] {processor.py:153} INFO - Started process (PID=52984) to work on /home/airflow/.local/lib/python3.7/site-packages/airflow/example_dags/example_sensor_decorator.py
[2023-07-01T00:14:16.657+0000] {processor.py:743} INFO - Processing file /home/airflow/.local/lib/python3.7/site-packages/airflow/example_dags/example_sensor_decorator.py for tasks to queue
[2023-07-01T00:14:16.659+0000] {logging_mixin.py:137} INFO - [2023-07-01T00:14:16.658+0000] {dagbag.py:532} INFO - Filling up the DagBag from /home/airflow/.local/lib/python3.7/site-packages/airflow/example_dags/example_sensor_decorator.py
[2023-07-01T00:14:16.690+0000] {processor.py:753} INFO - DAG(s) dict_keys(['example_sensor_decorator']) retrieved from /home/airflow/.local/lib/python3.7/site-packages/airflow/example_dags/example_sensor_decorator.py
[2023-07-01T00:14:16.715+0000] {logging_mixin.py:137} INFO - [2023-07-01T00:14:16.715+0000] {dag.py:2705} INFO - Sync 1 DAGs
[2023-07-01T00:14:16.738+0000] {logging_mixin.py:137} INFO - [2023-07-01T00:14:16.738+0000] {dag.py:3456} INFO - Setting next_dagrun for example_sensor_decorator to None, run_after=None
[2023-07-01T00:14:16.750+0000] {processor.py:175} INFO - Processing /home/airflow/.local/lib/python3.7/site-packages/airflow/example_dags/example_sensor_decorator.py took 0.102 seconds
[2023-07-01T00:14:46.974+0000] {processor.py:153} INFO - Started process (PID=53041) to work on /home/airflow/.local/lib/python3.7/site-packages/airflow/example_dags/example_sensor_decorator.py
[2023-07-01T00:14:46.976+0000] {processor.py:743} INFO - Processing file /home/airflow/.local/lib/python3.7/site-packages/airflow/example_dags/example_sensor_decorator.py for tasks to queue
[2023-07-01T00:14:46.978+0000] {logging_mixin.py:137} INFO - [2023-07-01T00:14:46.977+0000] {dagbag.py:532} INFO - Filling up the DagBag from /home/airflow/.local/lib/python3.7/site-packages/airflow/example_dags/example_sensor_decorator.py
[2023-07-01T00:14:47.006+0000] {processor.py:753} INFO - DAG(s) dict_keys(['example_sensor_decorator']) retrieved from /home/airflow/.local/lib/python3.7/site-packages/airflow/example_dags/example_sensor_decorator.py
[2023-07-01T00:14:47.025+0000] {logging_mixin.py:137} INFO - [2023-07-01T00:14:47.025+0000] {dag.py:2705} INFO - Sync 1 DAGs
[2023-07-01T00:14:47.041+0000] {logging_mixin.py:137} INFO - [2023-07-01T00:14:47.041+0000] {dag.py:3456} INFO - Setting next_dagrun for example_sensor_decorator to None, run_after=None
[2023-07-01T00:14:47.052+0000] {processor.py:175} INFO - Processing /home/airflow/.local/lib/python3.7/site-packages/airflow/example_dags/example_sensor_decorator.py took 0.085 seconds
[2023-07-01T00:15:17.359+0000] {processor.py:153} INFO - Started process (PID=53098) to work on /home/airflow/.local/lib/python3.7/site-packages/airflow/example_dags/example_sensor_decorator.py
[2023-07-01T00:15:17.361+0000] {processor.py:743} INFO - Processing file /home/airflow/.local/lib/python3.7/site-packages/airflow/example_dags/example_sensor_decorator.py for tasks to queue
[2023-07-01T00:15:17.362+0000] {logging_mixin.py:137} INFO - [2023-07-01T00:15:17.362+0000] {dagbag.py:532} INFO - Filling up the DagBag from /home/airflow/.local/lib/python3.7/site-packages/airflow/example_dags/example_sensor_decorator.py
[2023-07-01T00:15:17.393+0000] {processor.py:753} INFO - DAG(s) dict_keys(['example_sensor_decorator']) retrieved from /home/airflow/.local/lib/python3.7/site-packages/airflow/example_dags/example_sensor_decorator.py
[2023-07-01T00:15:17.425+0000] {logging_mixin.py:137} INFO - [2023-07-01T00:15:17.425+0000] {dag.py:2705} INFO - Sync 1 DAGs
[2023-07-01T00:15:17.442+0000] {logging_mixin.py:137} INFO - [2023-07-01T00:15:17.442+0000] {dag.py:3456} INFO - Setting next_dagrun for example_sensor_decorator to None, run_after=None
[2023-07-01T00:15:17.454+0000] {processor.py:175} INFO - Processing /home/airflow/.local/lib/python3.7/site-packages/airflow/example_dags/example_sensor_decorator.py took 0.101 seconds
[2023-07-01T00:15:47.545+0000] {processor.py:153} INFO - Started process (PID=53154) to work on /home/airflow/.local/lib/python3.7/site-packages/airflow/example_dags/example_sensor_decorator.py
[2023-07-01T00:15:47.546+0000] {processor.py:743} INFO - Processing file /home/airflow/.local/lib/python3.7/site-packages/airflow/example_dags/example_sensor_decorator.py for tasks to queue
[2023-07-01T00:15:47.550+0000] {logging_mixin.py:137} INFO - [2023-07-01T00:15:47.550+0000] {dagbag.py:532} INFO - Filling up the DagBag from /home/airflow/.local/lib/python3.7/site-packages/airflow/example_dags/example_sensor_decorator.py
[2023-07-01T00:15:47.580+0000] {processor.py:753} INFO - DAG(s) dict_keys(['example_sensor_decorator']) retrieved from /home/airflow/.local/lib/python3.7/site-packages/airflow/example_dags/example_sensor_decorator.py
[2023-07-01T00:15:47.600+0000] {logging_mixin.py:137} INFO - [2023-07-01T00:15:47.599+0000] {dag.py:2705} INFO - Sync 1 DAGs
[2023-07-01T00:15:47.615+0000] {logging_mixin.py:137} INFO - [2023-07-01T00:15:47.615+0000] {dag.py:3456} INFO - Setting next_dagrun for example_sensor_decorator to None, run_after=None
[2023-07-01T00:15:47.625+0000] {processor.py:175} INFO - Processing /home/airflow/.local/lib/python3.7/site-packages/airflow/example_dags/example_sensor_decorator.py took 0.085 seconds
[2023-07-01T00:16:17.752+0000] {processor.py:153} INFO - Started process (PID=53211) to work on /home/airflow/.local/lib/python3.7/site-packages/airflow/example_dags/example_sensor_decorator.py
[2023-07-01T00:16:17.754+0000] {processor.py:743} INFO - Processing file /home/airflow/.local/lib/python3.7/site-packages/airflow/example_dags/example_sensor_decorator.py for tasks to queue
[2023-07-01T00:16:17.756+0000] {logging_mixin.py:137} INFO - [2023-07-01T00:16:17.755+0000] {dagbag.py:532} INFO - Filling up the DagBag from /home/airflow/.local/lib/python3.7/site-packages/airflow/example_dags/example_sensor_decorator.py
[2023-07-01T00:16:17.782+0000] {processor.py:753} INFO - DAG(s) dict_keys(['example_sensor_decorator']) retrieved from /home/airflow/.local/lib/python3.7/site-packages/airflow/example_dags/example_sensor_decorator.py
[2023-07-01T00:16:17.800+0000] {logging_mixin.py:137} INFO - [2023-07-01T00:16:17.800+0000] {dag.py:2705} INFO - Sync 1 DAGs
[2023-07-01T00:16:17.814+0000] {logging_mixin.py:137} INFO - [2023-07-01T00:16:17.814+0000] {dag.py:3456} INFO - Setting next_dagrun for example_sensor_decorator to None, run_after=None
[2023-07-01T00:16:17.824+0000] {processor.py:175} INFO - Processing /home/airflow/.local/lib/python3.7/site-packages/airflow/example_dags/example_sensor_decorator.py took 0.080 seconds
[2023-07-01T00:16:48.277+0000] {processor.py:153} INFO - Started process (PID=53268) to work on /home/airflow/.local/lib/python3.7/site-packages/airflow/example_dags/example_sensor_decorator.py
[2023-07-01T00:16:48.279+0000] {processor.py:743} INFO - Processing file /home/airflow/.local/lib/python3.7/site-packages/airflow/example_dags/example_sensor_decorator.py for tasks to queue
[2023-07-01T00:16:48.280+0000] {logging_mixin.py:137} INFO - [2023-07-01T00:16:48.280+0000] {dagbag.py:532} INFO - Filling up the DagBag from /home/airflow/.local/lib/python3.7/site-packages/airflow/example_dags/example_sensor_decorator.py
[2023-07-01T00:16:48.308+0000] {processor.py:753} INFO - DAG(s) dict_keys(['example_sensor_decorator']) retrieved from /home/airflow/.local/lib/python3.7/site-packages/airflow/example_dags/example_sensor_decorator.py
[2023-07-01T00:16:48.325+0000] {logging_mixin.py:137} INFO - [2023-07-01T00:16:48.325+0000] {dag.py:2705} INFO - Sync 1 DAGs
[2023-07-01T00:16:48.343+0000] {logging_mixin.py:137} INFO - [2023-07-01T00:16:48.343+0000] {dag.py:3456} INFO - Setting next_dagrun for example_sensor_decorator to None, run_after=None
[2023-07-01T00:16:48.355+0000] {processor.py:175} INFO - Processing /home/airflow/.local/lib/python3.7/site-packages/airflow/example_dags/example_sensor_decorator.py took 0.084 seconds
[2023-07-01T00:17:18.407+0000] {processor.py:153} INFO - Started process (PID=53325) to work on /home/airflow/.local/lib/python3.7/site-packages/airflow/example_dags/example_sensor_decorator.py
[2023-07-01T00:17:18.409+0000] {processor.py:743} INFO - Processing file /home/airflow/.local/lib/python3.7/site-packages/airflow/example_dags/example_sensor_decorator.py for tasks to queue
[2023-07-01T00:17:18.410+0000] {logging_mixin.py:137} INFO - [2023-07-01T00:17:18.409+0000] {dagbag.py:532} INFO - Filling up the DagBag from /home/airflow/.local/lib/python3.7/site-packages/airflow/example_dags/example_sensor_decorator.py
[2023-07-01T00:17:18.427+0000] {processor.py:753} INFO - DAG(s) dict_keys(['example_sensor_decorator']) retrieved from /home/airflow/.local/lib/python3.7/site-packages/airflow/example_dags/example_sensor_decorator.py
[2023-07-01T00:17:18.443+0000] {logging_mixin.py:137} INFO - [2023-07-01T00:17:18.443+0000] {dag.py:2705} INFO - Sync 1 DAGs
[2023-07-01T00:17:18.458+0000] {logging_mixin.py:137} INFO - [2023-07-01T00:17:18.458+0000] {dag.py:3456} INFO - Setting next_dagrun for example_sensor_decorator to None, run_after=None
[2023-07-01T00:17:18.468+0000] {processor.py:175} INFO - Processing /home/airflow/.local/lib/python3.7/site-packages/airflow/example_dags/example_sensor_decorator.py took 0.064 seconds
[2023-07-01T00:17:49.122+0000] {processor.py:153} INFO - Started process (PID=53382) to work on /home/airflow/.local/lib/python3.7/site-packages/airflow/example_dags/example_sensor_decorator.py
[2023-07-01T00:17:49.123+0000] {processor.py:743} INFO - Processing file /home/airflow/.local/lib/python3.7/site-packages/airflow/example_dags/example_sensor_decorator.py for tasks to queue
[2023-07-01T00:17:49.124+0000] {logging_mixin.py:137} INFO - [2023-07-01T00:17:49.124+0000] {dagbag.py:532} INFO - Filling up the DagBag from /home/airflow/.local/lib/python3.7/site-packages/airflow/example_dags/example_sensor_decorator.py
[2023-07-01T00:17:49.140+0000] {processor.py:753} INFO - DAG(s) dict_keys(['example_sensor_decorator']) retrieved from /home/airflow/.local/lib/python3.7/site-packages/airflow/example_dags/example_sensor_decorator.py
[2023-07-01T00:17:49.157+0000] {logging_mixin.py:137} INFO - [2023-07-01T00:17:49.157+0000] {dag.py:2705} INFO - Sync 1 DAGs
[2023-07-01T00:17:49.171+0000] {logging_mixin.py:137} INFO - [2023-07-01T00:17:49.171+0000] {dag.py:3456} INFO - Setting next_dagrun for example_sensor_decorator to None, run_after=None
[2023-07-01T00:17:49.181+0000] {processor.py:175} INFO - Processing /home/airflow/.local/lib/python3.7/site-packages/airflow/example_dags/example_sensor_decorator.py took 0.061 seconds
[2023-07-01T00:18:19.828+0000] {processor.py:153} INFO - Started process (PID=53439) to work on /home/airflow/.local/lib/python3.7/site-packages/airflow/example_dags/example_sensor_decorator.py
[2023-07-01T00:18:19.830+0000] {processor.py:743} INFO - Processing file /home/airflow/.local/lib/python3.7/site-packages/airflow/example_dags/example_sensor_decorator.py for tasks to queue
[2023-07-01T00:18:19.831+0000] {logging_mixin.py:137} INFO - [2023-07-01T00:18:19.831+0000] {dagbag.py:532} INFO - Filling up the DagBag from /home/airflow/.local/lib/python3.7/site-packages/airflow/example_dags/example_sensor_decorator.py
[2023-07-01T00:18:19.849+0000] {processor.py:753} INFO - DAG(s) dict_keys(['example_sensor_decorator']) retrieved from /home/airflow/.local/lib/python3.7/site-packages/airflow/example_dags/example_sensor_decorator.py
[2023-07-01T00:18:19.868+0000] {logging_mixin.py:137} INFO - [2023-07-01T00:18:19.867+0000] {dag.py:2705} INFO - Sync 1 DAGs
[2023-07-01T00:18:19.882+0000] {logging_mixin.py:137} INFO - [2023-07-01T00:18:19.882+0000] {dag.py:3456} INFO - Setting next_dagrun for example_sensor_decorator to None, run_after=None
[2023-07-01T00:18:19.897+0000] {processor.py:175} INFO - Processing /home/airflow/.local/lib/python3.7/site-packages/airflow/example_dags/example_sensor_decorator.py took 0.072 seconds
[2023-07-01T00:18:50.898+0000] {processor.py:153} INFO - Started process (PID=53496) to work on /home/airflow/.local/lib/python3.7/site-packages/airflow/example_dags/example_sensor_decorator.py
[2023-07-01T00:18:50.899+0000] {processor.py:743} INFO - Processing file /home/airflow/.local/lib/python3.7/site-packages/airflow/example_dags/example_sensor_decorator.py for tasks to queue
[2023-07-01T00:18:50.900+0000] {logging_mixin.py:137} INFO - [2023-07-01T00:18:50.900+0000] {dagbag.py:532} INFO - Filling up the DagBag from /home/airflow/.local/lib/python3.7/site-packages/airflow/example_dags/example_sensor_decorator.py
[2023-07-01T00:18:50.918+0000] {processor.py:753} INFO - DAG(s) dict_keys(['example_sensor_decorator']) retrieved from /home/airflow/.local/lib/python3.7/site-packages/airflow/example_dags/example_sensor_decorator.py
[2023-07-01T00:18:50.937+0000] {logging_mixin.py:137} INFO - [2023-07-01T00:18:50.936+0000] {dag.py:2705} INFO - Sync 1 DAGs
[2023-07-01T00:18:50.952+0000] {logging_mixin.py:137} INFO - [2023-07-01T00:18:50.952+0000] {dag.py:3456} INFO - Setting next_dagrun for example_sensor_decorator to None, run_after=None
[2023-07-01T00:18:50.964+0000] {processor.py:175} INFO - Processing /home/airflow/.local/lib/python3.7/site-packages/airflow/example_dags/example_sensor_decorator.py took 0.069 seconds
[2023-07-01T00:19:21.154+0000] {processor.py:153} INFO - Started process (PID=53554) to work on /home/airflow/.local/lib/python3.7/site-packages/airflow/example_dags/example_sensor_decorator.py
[2023-07-01T00:19:21.155+0000] {processor.py:743} INFO - Processing file /home/airflow/.local/lib/python3.7/site-packages/airflow/example_dags/example_sensor_decorator.py for tasks to queue
[2023-07-01T00:19:21.155+0000] {logging_mixin.py:137} INFO - [2023-07-01T00:19:21.155+0000] {dagbag.py:532} INFO - Filling up the DagBag from /home/airflow/.local/lib/python3.7/site-packages/airflow/example_dags/example_sensor_decorator.py
[2023-07-01T00:19:21.173+0000] {processor.py:753} INFO - DAG(s) dict_keys(['example_sensor_decorator']) retrieved from /home/airflow/.local/lib/python3.7/site-packages/airflow/example_dags/example_sensor_decorator.py
[2023-07-01T00:19:21.191+0000] {logging_mixin.py:137} INFO - [2023-07-01T00:19:21.191+0000] {dag.py:2705} INFO - Sync 1 DAGs
[2023-07-01T00:19:21.208+0000] {logging_mixin.py:137} INFO - [2023-07-01T00:19:21.208+0000] {dag.py:3456} INFO - Setting next_dagrun for example_sensor_decorator to None, run_after=None
[2023-07-01T00:19:21.219+0000] {processor.py:175} INFO - Processing /home/airflow/.local/lib/python3.7/site-packages/airflow/example_dags/example_sensor_decorator.py took 0.068 seconds
[2023-07-01T00:19:51.633+0000] {processor.py:153} INFO - Started process (PID=53611) to work on /home/airflow/.local/lib/python3.7/site-packages/airflow/example_dags/example_sensor_decorator.py
[2023-07-01T00:19:51.634+0000] {processor.py:743} INFO - Processing file /home/airflow/.local/lib/python3.7/site-packages/airflow/example_dags/example_sensor_decorator.py for tasks to queue
[2023-07-01T00:19:51.634+0000] {logging_mixin.py:137} INFO - [2023-07-01T00:19:51.634+0000] {dagbag.py:532} INFO - Filling up the DagBag from /home/airflow/.local/lib/python3.7/site-packages/airflow/example_dags/example_sensor_decorator.py
[2023-07-01T00:19:51.654+0000] {processor.py:753} INFO - DAG(s) dict_keys(['example_sensor_decorator']) retrieved from /home/airflow/.local/lib/python3.7/site-packages/airflow/example_dags/example_sensor_decorator.py
[2023-07-01T00:19:51.674+0000] {logging_mixin.py:137} INFO - [2023-07-01T00:19:51.674+0000] {dag.py:2705} INFO - Sync 1 DAGs
[2023-07-01T00:19:51.689+0000] {logging_mixin.py:137} INFO - [2023-07-01T00:19:51.689+0000] {dag.py:3456} INFO - Setting next_dagrun for example_sensor_decorator to None, run_after=None
[2023-07-01T00:19:51.698+0000] {processor.py:175} INFO - Processing /home/airflow/.local/lib/python3.7/site-packages/airflow/example_dags/example_sensor_decorator.py took 0.069 seconds
[2023-07-01T00:20:21.927+0000] {processor.py:153} INFO - Started process (PID=53668) to work on /home/airflow/.local/lib/python3.7/site-packages/airflow/example_dags/example_sensor_decorator.py
[2023-07-01T00:20:21.928+0000] {processor.py:743} INFO - Processing file /home/airflow/.local/lib/python3.7/site-packages/airflow/example_dags/example_sensor_decorator.py for tasks to queue
[2023-07-01T00:20:21.929+0000] {logging_mixin.py:137} INFO - [2023-07-01T00:20:21.929+0000] {dagbag.py:532} INFO - Filling up the DagBag from /home/airflow/.local/lib/python3.7/site-packages/airflow/example_dags/example_sensor_decorator.py
[2023-07-01T00:20:21.943+0000] {processor.py:753} INFO - DAG(s) dict_keys(['example_sensor_decorator']) retrieved from /home/airflow/.local/lib/python3.7/site-packages/airflow/example_dags/example_sensor_decorator.py
[2023-07-01T00:20:21.960+0000] {logging_mixin.py:137} INFO - [2023-07-01T00:20:21.960+0000] {dag.py:2705} INFO - Sync 1 DAGs
[2023-07-01T00:20:21.976+0000] {logging_mixin.py:137} INFO - [2023-07-01T00:20:21.976+0000] {dag.py:3456} INFO - Setting next_dagrun for example_sensor_decorator to None, run_after=None
[2023-07-01T00:20:21.992+0000] {processor.py:175} INFO - Processing /home/airflow/.local/lib/python3.7/site-packages/airflow/example_dags/example_sensor_decorator.py took 0.067 seconds
[2023-07-01T00:20:52.093+0000] {processor.py:153} INFO - Started process (PID=53726) to work on /home/airflow/.local/lib/python3.7/site-packages/airflow/example_dags/example_sensor_decorator.py
[2023-07-01T00:20:52.094+0000] {processor.py:743} INFO - Processing file /home/airflow/.local/lib/python3.7/site-packages/airflow/example_dags/example_sensor_decorator.py for tasks to queue
[2023-07-01T00:20:52.095+0000] {logging_mixin.py:137} INFO - [2023-07-01T00:20:52.095+0000] {dagbag.py:532} INFO - Filling up the DagBag from /home/airflow/.local/lib/python3.7/site-packages/airflow/example_dags/example_sensor_decorator.py
[2023-07-01T00:20:52.114+0000] {processor.py:753} INFO - DAG(s) dict_keys(['example_sensor_decorator']) retrieved from /home/airflow/.local/lib/python3.7/site-packages/airflow/example_dags/example_sensor_decorator.py
[2023-07-01T00:20:52.132+0000] {logging_mixin.py:137} INFO - [2023-07-01T00:20:52.132+0000] {dag.py:2705} INFO - Sync 1 DAGs
[2023-07-01T00:20:52.146+0000] {logging_mixin.py:137} INFO - [2023-07-01T00:20:52.145+0000] {dag.py:3456} INFO - Setting next_dagrun for example_sensor_decorator to None, run_after=None
[2023-07-01T00:20:52.155+0000] {processor.py:175} INFO - Processing /home/airflow/.local/lib/python3.7/site-packages/airflow/example_dags/example_sensor_decorator.py took 0.067 seconds
[2023-07-01T00:21:22.250+0000] {processor.py:153} INFO - Started process (PID=53783) to work on /home/airflow/.local/lib/python3.7/site-packages/airflow/example_dags/example_sensor_decorator.py
[2023-07-01T00:21:22.251+0000] {processor.py:743} INFO - Processing file /home/airflow/.local/lib/python3.7/site-packages/airflow/example_dags/example_sensor_decorator.py for tasks to queue
[2023-07-01T00:21:22.252+0000] {logging_mixin.py:137} INFO - [2023-07-01T00:21:22.252+0000] {dagbag.py:532} INFO - Filling up the DagBag from /home/airflow/.local/lib/python3.7/site-packages/airflow/example_dags/example_sensor_decorator.py
[2023-07-01T00:21:22.266+0000] {processor.py:753} INFO - DAG(s) dict_keys(['example_sensor_decorator']) retrieved from /home/airflow/.local/lib/python3.7/site-packages/airflow/example_dags/example_sensor_decorator.py
[2023-07-01T00:21:22.285+0000] {logging_mixin.py:137} INFO - [2023-07-01T00:21:22.284+0000] {dag.py:2705} INFO - Sync 1 DAGs
[2023-07-01T00:21:22.300+0000] {logging_mixin.py:137} INFO - [2023-07-01T00:21:22.300+0000] {dag.py:3456} INFO - Setting next_dagrun for example_sensor_decorator to None, run_after=None
[2023-07-01T00:21:22.310+0000] {processor.py:175} INFO - Processing /home/airflow/.local/lib/python3.7/site-packages/airflow/example_dags/example_sensor_decorator.py took 0.062 seconds
[2023-07-01T00:21:53.066+0000] {processor.py:153} INFO - Started process (PID=53841) to work on /home/airflow/.local/lib/python3.7/site-packages/airflow/example_dags/example_sensor_decorator.py
[2023-07-01T00:21:53.067+0000] {processor.py:743} INFO - Processing file /home/airflow/.local/lib/python3.7/site-packages/airflow/example_dags/example_sensor_decorator.py for tasks to queue
[2023-07-01T00:21:53.068+0000] {logging_mixin.py:137} INFO - [2023-07-01T00:21:53.068+0000] {dagbag.py:532} INFO - Filling up the DagBag from /home/airflow/.local/lib/python3.7/site-packages/airflow/example_dags/example_sensor_decorator.py
[2023-07-01T00:21:53.085+0000] {processor.py:753} INFO - DAG(s) dict_keys(['example_sensor_decorator']) retrieved from /home/airflow/.local/lib/python3.7/site-packages/airflow/example_dags/example_sensor_decorator.py
[2023-07-01T00:21:53.104+0000] {logging_mixin.py:137} INFO - [2023-07-01T00:21:53.104+0000] {dag.py:2705} INFO - Sync 1 DAGs
[2023-07-01T00:21:53.119+0000] {logging_mixin.py:137} INFO - [2023-07-01T00:21:53.119+0000] {dag.py:3456} INFO - Setting next_dagrun for example_sensor_decorator to None, run_after=None
[2023-07-01T00:21:53.129+0000] {processor.py:175} INFO - Processing /home/airflow/.local/lib/python3.7/site-packages/airflow/example_dags/example_sensor_decorator.py took 0.066 seconds
[2023-07-01T00:22:23.940+0000] {processor.py:153} INFO - Started process (PID=53898) to work on /home/airflow/.local/lib/python3.7/site-packages/airflow/example_dags/example_sensor_decorator.py
[2023-07-01T00:22:23.941+0000] {processor.py:743} INFO - Processing file /home/airflow/.local/lib/python3.7/site-packages/airflow/example_dags/example_sensor_decorator.py for tasks to queue
[2023-07-01T00:22:23.941+0000] {logging_mixin.py:137} INFO - [2023-07-01T00:22:23.941+0000] {dagbag.py:532} INFO - Filling up the DagBag from /home/airflow/.local/lib/python3.7/site-packages/airflow/example_dags/example_sensor_decorator.py
[2023-07-01T00:22:23.954+0000] {processor.py:753} INFO - DAG(s) dict_keys(['example_sensor_decorator']) retrieved from /home/airflow/.local/lib/python3.7/site-packages/airflow/example_dags/example_sensor_decorator.py
[2023-07-01T00:22:23.971+0000] {logging_mixin.py:137} INFO - [2023-07-01T00:22:23.971+0000] {dag.py:2705} INFO - Sync 1 DAGs
[2023-07-01T00:22:23.984+0000] {logging_mixin.py:137} INFO - [2023-07-01T00:22:23.984+0000] {dag.py:3456} INFO - Setting next_dagrun for example_sensor_decorator to None, run_after=None
[2023-07-01T00:22:23.996+0000] {processor.py:175} INFO - Processing /home/airflow/.local/lib/python3.7/site-packages/airflow/example_dags/example_sensor_decorator.py took 0.059 seconds
[2023-07-01T00:22:54.496+0000] {processor.py:153} INFO - Started process (PID=53955) to work on /home/airflow/.local/lib/python3.7/site-packages/airflow/example_dags/example_sensor_decorator.py
[2023-07-01T00:22:54.497+0000] {processor.py:743} INFO - Processing file /home/airflow/.local/lib/python3.7/site-packages/airflow/example_dags/example_sensor_decorator.py for tasks to queue
[2023-07-01T00:22:54.497+0000] {logging_mixin.py:137} INFO - [2023-07-01T00:22:54.497+0000] {dagbag.py:532} INFO - Filling up the DagBag from /home/airflow/.local/lib/python3.7/site-packages/airflow/example_dags/example_sensor_decorator.py
[2023-07-01T00:22:54.511+0000] {processor.py:753} INFO - DAG(s) dict_keys(['example_sensor_decorator']) retrieved from /home/airflow/.local/lib/python3.7/site-packages/airflow/example_dags/example_sensor_decorator.py
[2023-07-01T00:22:54.528+0000] {logging_mixin.py:137} INFO - [2023-07-01T00:22:54.528+0000] {dag.py:2705} INFO - Sync 1 DAGs
[2023-07-01T00:22:54.541+0000] {logging_mixin.py:137} INFO - [2023-07-01T00:22:54.541+0000] {dag.py:3456} INFO - Setting next_dagrun for example_sensor_decorator to None, run_after=None
[2023-07-01T00:22:54.551+0000] {processor.py:175} INFO - Processing /home/airflow/.local/lib/python3.7/site-packages/airflow/example_dags/example_sensor_decorator.py took 0.057 seconds
[2023-07-01T00:23:25.194+0000] {processor.py:153} INFO - Started process (PID=54012) to work on /home/airflow/.local/lib/python3.7/site-packages/airflow/example_dags/example_sensor_decorator.py
[2023-07-01T00:23:25.195+0000] {processor.py:743} INFO - Processing file /home/airflow/.local/lib/python3.7/site-packages/airflow/example_dags/example_sensor_decorator.py for tasks to queue
[2023-07-01T00:23:25.196+0000] {logging_mixin.py:137} INFO - [2023-07-01T00:23:25.196+0000] {dagbag.py:532} INFO - Filling up the DagBag from /home/airflow/.local/lib/python3.7/site-packages/airflow/example_dags/example_sensor_decorator.py
[2023-07-01T00:23:25.211+0000] {processor.py:753} INFO - DAG(s) dict_keys(['example_sensor_decorator']) retrieved from /home/airflow/.local/lib/python3.7/site-packages/airflow/example_dags/example_sensor_decorator.py
[2023-07-01T00:23:25.228+0000] {logging_mixin.py:137} INFO - [2023-07-01T00:23:25.228+0000] {dag.py:2705} INFO - Sync 1 DAGs
[2023-07-01T00:23:25.242+0000] {logging_mixin.py:137} INFO - [2023-07-01T00:23:25.242+0000] {dag.py:3456} INFO - Setting next_dagrun for example_sensor_decorator to None, run_after=None
[2023-07-01T00:23:25.252+0000] {processor.py:175} INFO - Processing /home/airflow/.local/lib/python3.7/site-packages/airflow/example_dags/example_sensor_decorator.py took 0.060 seconds
[2023-07-01T00:23:56.075+0000] {processor.py:153} INFO - Started process (PID=54069) to work on /home/airflow/.local/lib/python3.7/site-packages/airflow/example_dags/example_sensor_decorator.py
[2023-07-01T00:23:56.076+0000] {processor.py:743} INFO - Processing file /home/airflow/.local/lib/python3.7/site-packages/airflow/example_dags/example_sensor_decorator.py for tasks to queue
[2023-07-01T00:23:56.077+0000] {logging_mixin.py:137} INFO - [2023-07-01T00:23:56.076+0000] {dagbag.py:532} INFO - Filling up the DagBag from /home/airflow/.local/lib/python3.7/site-packages/airflow/example_dags/example_sensor_decorator.py
[2023-07-01T00:23:56.091+0000] {processor.py:753} INFO - DAG(s) dict_keys(['example_sensor_decorator']) retrieved from /home/airflow/.local/lib/python3.7/site-packages/airflow/example_dags/example_sensor_decorator.py
[2023-07-01T00:23:56.108+0000] {logging_mixin.py:137} INFO - [2023-07-01T00:23:56.108+0000] {dag.py:2705} INFO - Sync 1 DAGs
[2023-07-01T00:23:56.122+0000] {logging_mixin.py:137} INFO - [2023-07-01T00:23:56.122+0000] {dag.py:3456} INFO - Setting next_dagrun for example_sensor_decorator to None, run_after=None
[2023-07-01T00:23:56.132+0000] {processor.py:175} INFO - Processing /home/airflow/.local/lib/python3.7/site-packages/airflow/example_dags/example_sensor_decorator.py took 0.060 seconds
[2023-07-01T00:24:26.713+0000] {processor.py:153} INFO - Started process (PID=54126) to work on /home/airflow/.local/lib/python3.7/site-packages/airflow/example_dags/example_sensor_decorator.py
[2023-07-01T00:24:26.713+0000] {processor.py:743} INFO - Processing file /home/airflow/.local/lib/python3.7/site-packages/airflow/example_dags/example_sensor_decorator.py for tasks to queue
[2023-07-01T00:24:26.714+0000] {logging_mixin.py:137} INFO - [2023-07-01T00:24:26.714+0000] {dagbag.py:532} INFO - Filling up the DagBag from /home/airflow/.local/lib/python3.7/site-packages/airflow/example_dags/example_sensor_decorator.py
[2023-07-01T00:24:26.730+0000] {processor.py:753} INFO - DAG(s) dict_keys(['example_sensor_decorator']) retrieved from /home/airflow/.local/lib/python3.7/site-packages/airflow/example_dags/example_sensor_decorator.py
[2023-07-01T00:24:26.752+0000] {logging_mixin.py:137} INFO - [2023-07-01T00:24:26.752+0000] {dag.py:2705} INFO - Sync 1 DAGs
[2023-07-01T00:24:26.768+0000] {logging_mixin.py:137} INFO - [2023-07-01T00:24:26.768+0000] {dag.py:3456} INFO - Setting next_dagrun for example_sensor_decorator to None, run_after=None
[2023-07-01T00:24:26.777+0000] {processor.py:175} INFO - Processing /home/airflow/.local/lib/python3.7/site-packages/airflow/example_dags/example_sensor_decorator.py took 0.067 seconds
[2023-07-01T00:24:57.516+0000] {processor.py:153} INFO - Started process (PID=54182) to work on /home/airflow/.local/lib/python3.7/site-packages/airflow/example_dags/example_sensor_decorator.py
[2023-07-01T00:24:57.518+0000] {processor.py:743} INFO - Processing file /home/airflow/.local/lib/python3.7/site-packages/airflow/example_dags/example_sensor_decorator.py for tasks to queue
[2023-07-01T00:24:57.519+0000] {logging_mixin.py:137} INFO - [2023-07-01T00:24:57.518+0000] {dagbag.py:532} INFO - Filling up the DagBag from /home/airflow/.local/lib/python3.7/site-packages/airflow/example_dags/example_sensor_decorator.py
[2023-07-01T00:24:57.533+0000] {processor.py:753} INFO - DAG(s) dict_keys(['example_sensor_decorator']) retrieved from /home/airflow/.local/lib/python3.7/site-packages/airflow/example_dags/example_sensor_decorator.py
[2023-07-01T00:24:57.551+0000] {logging_mixin.py:137} INFO - [2023-07-01T00:24:57.551+0000] {dag.py:2705} INFO - Sync 1 DAGs
[2023-07-01T00:24:57.565+0000] {logging_mixin.py:137} INFO - [2023-07-01T00:24:57.565+0000] {dag.py:3456} INFO - Setting next_dagrun for example_sensor_decorator to None, run_after=None
[2023-07-01T00:24:57.575+0000] {processor.py:175} INFO - Processing /home/airflow/.local/lib/python3.7/site-packages/airflow/example_dags/example_sensor_decorator.py took 0.062 seconds
[2023-07-01T00:25:27.802+0000] {processor.py:153} INFO - Started process (PID=54239) to work on /home/airflow/.local/lib/python3.7/site-packages/airflow/example_dags/example_sensor_decorator.py
[2023-07-01T00:25:27.804+0000] {processor.py:743} INFO - Processing file /home/airflow/.local/lib/python3.7/site-packages/airflow/example_dags/example_sensor_decorator.py for tasks to queue
[2023-07-01T00:25:27.804+0000] {logging_mixin.py:137} INFO - [2023-07-01T00:25:27.804+0000] {dagbag.py:532} INFO - Filling up the DagBag from /home/airflow/.local/lib/python3.7/site-packages/airflow/example_dags/example_sensor_decorator.py
[2023-07-01T00:25:27.819+0000] {processor.py:753} INFO - DAG(s) dict_keys(['example_sensor_decorator']) retrieved from /home/airflow/.local/lib/python3.7/site-packages/airflow/example_dags/example_sensor_decorator.py
[2023-07-01T00:25:27.836+0000] {logging_mixin.py:137} INFO - [2023-07-01T00:25:27.836+0000] {dag.py:2705} INFO - Sync 1 DAGs
[2023-07-01T00:25:27.850+0000] {logging_mixin.py:137} INFO - [2023-07-01T00:25:27.850+0000] {dag.py:3456} INFO - Setting next_dagrun for example_sensor_decorator to None, run_after=None
[2023-07-01T00:25:27.860+0000] {processor.py:175} INFO - Processing /home/airflow/.local/lib/python3.7/site-packages/airflow/example_dags/example_sensor_decorator.py took 0.060 seconds
[2023-07-01T00:25:57.998+0000] {processor.py:153} INFO - Started process (PID=54297) to work on /home/airflow/.local/lib/python3.7/site-packages/airflow/example_dags/example_sensor_decorator.py
[2023-07-01T00:25:57.999+0000] {processor.py:743} INFO - Processing file /home/airflow/.local/lib/python3.7/site-packages/airflow/example_dags/example_sensor_decorator.py for tasks to queue
[2023-07-01T00:25:58.001+0000] {logging_mixin.py:137} INFO - [2023-07-01T00:25:58.001+0000] {dagbag.py:532} INFO - Filling up the DagBag from /home/airflow/.local/lib/python3.7/site-packages/airflow/example_dags/example_sensor_decorator.py
[2023-07-01T00:25:58.024+0000] {processor.py:753} INFO - DAG(s) dict_keys(['example_sensor_decorator']) retrieved from /home/airflow/.local/lib/python3.7/site-packages/airflow/example_dags/example_sensor_decorator.py
[2023-07-01T00:25:58.042+0000] {logging_mixin.py:137} INFO - [2023-07-01T00:25:58.042+0000] {dag.py:2705} INFO - Sync 1 DAGs
[2023-07-01T00:25:58.057+0000] {logging_mixin.py:137} INFO - [2023-07-01T00:25:58.057+0000] {dag.py:3456} INFO - Setting next_dagrun for example_sensor_decorator to None, run_after=None
[2023-07-01T00:25:58.067+0000] {processor.py:175} INFO - Processing /home/airflow/.local/lib/python3.7/site-packages/airflow/example_dags/example_sensor_decorator.py took 0.073 seconds
[2023-07-01T00:26:28.999+0000] {processor.py:153} INFO - Started process (PID=54354) to work on /home/airflow/.local/lib/python3.7/site-packages/airflow/example_dags/example_sensor_decorator.py
[2023-07-01T00:26:29.001+0000] {processor.py:743} INFO - Processing file /home/airflow/.local/lib/python3.7/site-packages/airflow/example_dags/example_sensor_decorator.py for tasks to queue
[2023-07-01T00:26:29.002+0000] {logging_mixin.py:137} INFO - [2023-07-01T00:26:29.002+0000] {dagbag.py:532} INFO - Filling up the DagBag from /home/airflow/.local/lib/python3.7/site-packages/airflow/example_dags/example_sensor_decorator.py
[2023-07-01T00:26:29.025+0000] {processor.py:753} INFO - DAG(s) dict_keys(['example_sensor_decorator']) retrieved from /home/airflow/.local/lib/python3.7/site-packages/airflow/example_dags/example_sensor_decorator.py
[2023-07-01T00:26:29.044+0000] {logging_mixin.py:137} INFO - [2023-07-01T00:26:29.044+0000] {dag.py:2705} INFO - Sync 1 DAGs
[2023-07-01T00:26:29.059+0000] {logging_mixin.py:137} INFO - [2023-07-01T00:26:29.059+0000] {dag.py:3456} INFO - Setting next_dagrun for example_sensor_decorator to None, run_after=None
[2023-07-01T00:26:29.069+0000] {processor.py:175} INFO - Processing /home/airflow/.local/lib/python3.7/site-packages/airflow/example_dags/example_sensor_decorator.py took 0.077 seconds
[2023-07-01T00:26:59.739+0000] {processor.py:153} INFO - Started process (PID=54411) to work on /home/airflow/.local/lib/python3.7/site-packages/airflow/example_dags/example_sensor_decorator.py
[2023-07-01T00:26:59.741+0000] {processor.py:743} INFO - Processing file /home/airflow/.local/lib/python3.7/site-packages/airflow/example_dags/example_sensor_decorator.py for tasks to queue
[2023-07-01T00:26:59.741+0000] {logging_mixin.py:137} INFO - [2023-07-01T00:26:59.741+0000] {dagbag.py:532} INFO - Filling up the DagBag from /home/airflow/.local/lib/python3.7/site-packages/airflow/example_dags/example_sensor_decorator.py
[2023-07-01T00:26:59.761+0000] {processor.py:753} INFO - DAG(s) dict_keys(['example_sensor_decorator']) retrieved from /home/airflow/.local/lib/python3.7/site-packages/airflow/example_dags/example_sensor_decorator.py
[2023-07-01T00:26:59.780+0000] {logging_mixin.py:137} INFO - [2023-07-01T00:26:59.779+0000] {dag.py:2705} INFO - Sync 1 DAGs
[2023-07-01T00:26:59.797+0000] {logging_mixin.py:137} INFO - [2023-07-01T00:26:59.797+0000] {dag.py:3456} INFO - Setting next_dagrun for example_sensor_decorator to None, run_after=None
[2023-07-01T00:26:59.808+0000] {processor.py:175} INFO - Processing /home/airflow/.local/lib/python3.7/site-packages/airflow/example_dags/example_sensor_decorator.py took 0.072 seconds
[2023-07-01T00:27:30.670+0000] {processor.py:153} INFO - Started process (PID=54468) to work on /home/airflow/.local/lib/python3.7/site-packages/airflow/example_dags/example_sensor_decorator.py
[2023-07-01T00:27:30.671+0000] {processor.py:743} INFO - Processing file /home/airflow/.local/lib/python3.7/site-packages/airflow/example_dags/example_sensor_decorator.py for tasks to queue
[2023-07-01T00:27:30.671+0000] {logging_mixin.py:137} INFO - [2023-07-01T00:27:30.671+0000] {dagbag.py:532} INFO - Filling up the DagBag from /home/airflow/.local/lib/python3.7/site-packages/airflow/example_dags/example_sensor_decorator.py
[2023-07-01T00:27:30.685+0000] {processor.py:753} INFO - DAG(s) dict_keys(['example_sensor_decorator']) retrieved from /home/airflow/.local/lib/python3.7/site-packages/airflow/example_dags/example_sensor_decorator.py
[2023-07-01T00:27:30.702+0000] {logging_mixin.py:137} INFO - [2023-07-01T00:27:30.702+0000] {dag.py:2705} INFO - Sync 1 DAGs
[2023-07-01T00:27:30.715+0000] {logging_mixin.py:137} INFO - [2023-07-01T00:27:30.715+0000] {dag.py:3456} INFO - Setting next_dagrun for example_sensor_decorator to None, run_after=None
[2023-07-01T00:27:30.725+0000] {processor.py:175} INFO - Processing /home/airflow/.local/lib/python3.7/site-packages/airflow/example_dags/example_sensor_decorator.py took 0.057 seconds
[2023-07-01T00:28:01.465+0000] {processor.py:153} INFO - Started process (PID=54524) to work on /home/airflow/.local/lib/python3.7/site-packages/airflow/example_dags/example_sensor_decorator.py
[2023-07-01T00:28:01.466+0000] {processor.py:743} INFO - Processing file /home/airflow/.local/lib/python3.7/site-packages/airflow/example_dags/example_sensor_decorator.py for tasks to queue
[2023-07-01T00:28:01.467+0000] {logging_mixin.py:137} INFO - [2023-07-01T00:28:01.467+0000] {dagbag.py:532} INFO - Filling up the DagBag from /home/airflow/.local/lib/python3.7/site-packages/airflow/example_dags/example_sensor_decorator.py
[2023-07-01T00:28:01.481+0000] {processor.py:753} INFO - DAG(s) dict_keys(['example_sensor_decorator']) retrieved from /home/airflow/.local/lib/python3.7/site-packages/airflow/example_dags/example_sensor_decorator.py
[2023-07-01T00:28:01.498+0000] {logging_mixin.py:137} INFO - [2023-07-01T00:28:01.498+0000] {dag.py:2705} INFO - Sync 1 DAGs
[2023-07-01T00:28:01.511+0000] {logging_mixin.py:137} INFO - [2023-07-01T00:28:01.511+0000] {dag.py:3456} INFO - Setting next_dagrun for example_sensor_decorator to None, run_after=None
[2023-07-01T00:28:01.520+0000] {processor.py:175} INFO - Processing /home/airflow/.local/lib/python3.7/site-packages/airflow/example_dags/example_sensor_decorator.py took 0.057 seconds
[2023-07-01T00:28:32.270+0000] {processor.py:153} INFO - Started process (PID=54581) to work on /home/airflow/.local/lib/python3.7/site-packages/airflow/example_dags/example_sensor_decorator.py
[2023-07-01T00:28:32.272+0000] {processor.py:743} INFO - Processing file /home/airflow/.local/lib/python3.7/site-packages/airflow/example_dags/example_sensor_decorator.py for tasks to queue
[2023-07-01T00:28:32.272+0000] {logging_mixin.py:137} INFO - [2023-07-01T00:28:32.272+0000] {dagbag.py:532} INFO - Filling up the DagBag from /home/airflow/.local/lib/python3.7/site-packages/airflow/example_dags/example_sensor_decorator.py
[2023-07-01T00:28:32.287+0000] {processor.py:753} INFO - DAG(s) dict_keys(['example_sensor_decorator']) retrieved from /home/airflow/.local/lib/python3.7/site-packages/airflow/example_dags/example_sensor_decorator.py
[2023-07-01T00:28:32.304+0000] {logging_mixin.py:137} INFO - [2023-07-01T00:28:32.304+0000] {dag.py:2705} INFO - Sync 1 DAGs
[2023-07-01T00:28:32.317+0000] {logging_mixin.py:137} INFO - [2023-07-01T00:28:32.317+0000] {dag.py:3456} INFO - Setting next_dagrun for example_sensor_decorator to None, run_after=None
[2023-07-01T00:28:32.326+0000] {processor.py:175} INFO - Processing /home/airflow/.local/lib/python3.7/site-packages/airflow/example_dags/example_sensor_decorator.py took 0.058 seconds
[2023-07-01T00:29:03.019+0000] {processor.py:153} INFO - Started process (PID=54639) to work on /home/airflow/.local/lib/python3.7/site-packages/airflow/example_dags/example_sensor_decorator.py
[2023-07-01T00:29:03.020+0000] {processor.py:743} INFO - Processing file /home/airflow/.local/lib/python3.7/site-packages/airflow/example_dags/example_sensor_decorator.py for tasks to queue
[2023-07-01T00:29:03.021+0000] {logging_mixin.py:137} INFO - [2023-07-01T00:29:03.021+0000] {dagbag.py:532} INFO - Filling up the DagBag from /home/airflow/.local/lib/python3.7/site-packages/airflow/example_dags/example_sensor_decorator.py
[2023-07-01T00:29:03.035+0000] {processor.py:753} INFO - DAG(s) dict_keys(['example_sensor_decorator']) retrieved from /home/airflow/.local/lib/python3.7/site-packages/airflow/example_dags/example_sensor_decorator.py
[2023-07-01T00:29:03.052+0000] {logging_mixin.py:137} INFO - [2023-07-01T00:29:03.051+0000] {dag.py:2705} INFO - Sync 1 DAGs
[2023-07-01T00:29:03.066+0000] {logging_mixin.py:137} INFO - [2023-07-01T00:29:03.066+0000] {dag.py:3456} INFO - Setting next_dagrun for example_sensor_decorator to None, run_after=None
[2023-07-01T00:29:03.075+0000] {processor.py:175} INFO - Processing /home/airflow/.local/lib/python3.7/site-packages/airflow/example_dags/example_sensor_decorator.py took 0.059 seconds
[2023-07-01T00:29:34.054+0000] {processor.py:153} INFO - Started process (PID=54696) to work on /home/airflow/.local/lib/python3.7/site-packages/airflow/example_dags/example_sensor_decorator.py
[2023-07-01T00:29:34.055+0000] {processor.py:743} INFO - Processing file /home/airflow/.local/lib/python3.7/site-packages/airflow/example_dags/example_sensor_decorator.py for tasks to queue
[2023-07-01T00:29:34.056+0000] {logging_mixin.py:137} INFO - [2023-07-01T00:29:34.056+0000] {dagbag.py:532} INFO - Filling up the DagBag from /home/airflow/.local/lib/python3.7/site-packages/airflow/example_dags/example_sensor_decorator.py
[2023-07-01T00:29:34.070+0000] {processor.py:753} INFO - DAG(s) dict_keys(['example_sensor_decorator']) retrieved from /home/airflow/.local/lib/python3.7/site-packages/airflow/example_dags/example_sensor_decorator.py
[2023-07-01T00:29:34.087+0000] {logging_mixin.py:137} INFO - [2023-07-01T00:29:34.086+0000] {dag.py:2705} INFO - Sync 1 DAGs
[2023-07-01T00:29:34.101+0000] {logging_mixin.py:137} INFO - [2023-07-01T00:29:34.101+0000] {dag.py:3456} INFO - Setting next_dagrun for example_sensor_decorator to None, run_after=None
[2023-07-01T00:29:34.109+0000] {processor.py:175} INFO - Processing /home/airflow/.local/lib/python3.7/site-packages/airflow/example_dags/example_sensor_decorator.py took 0.058 seconds
[2023-07-01T00:30:04.276+0000] {processor.py:153} INFO - Started process (PID=54754) to work on /home/airflow/.local/lib/python3.7/site-packages/airflow/example_dags/example_sensor_decorator.py
[2023-07-01T00:30:04.277+0000] {processor.py:743} INFO - Processing file /home/airflow/.local/lib/python3.7/site-packages/airflow/example_dags/example_sensor_decorator.py for tasks to queue
[2023-07-01T00:30:04.278+0000] {logging_mixin.py:137} INFO - [2023-07-01T00:30:04.278+0000] {dagbag.py:532} INFO - Filling up the DagBag from /home/airflow/.local/lib/python3.7/site-packages/airflow/example_dags/example_sensor_decorator.py
[2023-07-01T00:30:04.293+0000] {processor.py:753} INFO - DAG(s) dict_keys(['example_sensor_decorator']) retrieved from /home/airflow/.local/lib/python3.7/site-packages/airflow/example_dags/example_sensor_decorator.py
[2023-07-01T00:30:04.309+0000] {logging_mixin.py:137} INFO - [2023-07-01T00:30:04.309+0000] {dag.py:2705} INFO - Sync 1 DAGs
[2023-07-01T00:30:04.324+0000] {logging_mixin.py:137} INFO - [2023-07-01T00:30:04.324+0000] {dag.py:3456} INFO - Setting next_dagrun for example_sensor_decorator to None, run_after=None
[2023-07-01T00:30:04.333+0000] {processor.py:175} INFO - Processing /home/airflow/.local/lib/python3.7/site-packages/airflow/example_dags/example_sensor_decorator.py took 0.059 seconds
[2023-07-01T00:30:35.064+0000] {processor.py:153} INFO - Started process (PID=54811) to work on /home/airflow/.local/lib/python3.7/site-packages/airflow/example_dags/example_sensor_decorator.py
[2023-07-01T00:30:35.065+0000] {processor.py:743} INFO - Processing file /home/airflow/.local/lib/python3.7/site-packages/airflow/example_dags/example_sensor_decorator.py for tasks to queue
[2023-07-01T00:30:35.066+0000] {logging_mixin.py:137} INFO - [2023-07-01T00:30:35.066+0000] {dagbag.py:532} INFO - Filling up the DagBag from /home/airflow/.local/lib/python3.7/site-packages/airflow/example_dags/example_sensor_decorator.py
[2023-07-01T00:30:35.080+0000] {processor.py:753} INFO - DAG(s) dict_keys(['example_sensor_decorator']) retrieved from /home/airflow/.local/lib/python3.7/site-packages/airflow/example_dags/example_sensor_decorator.py
[2023-07-01T00:30:35.097+0000] {logging_mixin.py:137} INFO - [2023-07-01T00:30:35.097+0000] {dag.py:2705} INFO - Sync 1 DAGs
[2023-07-01T00:30:35.110+0000] {logging_mixin.py:137} INFO - [2023-07-01T00:30:35.110+0000] {dag.py:3456} INFO - Setting next_dagrun for example_sensor_decorator to None, run_after=None
[2023-07-01T00:30:35.120+0000] {processor.py:175} INFO - Processing /home/airflow/.local/lib/python3.7/site-packages/airflow/example_dags/example_sensor_decorator.py took 0.058 seconds
[2023-07-01T00:31:05.783+0000] {processor.py:153} INFO - Started process (PID=54869) to work on /home/airflow/.local/lib/python3.7/site-packages/airflow/example_dags/example_sensor_decorator.py
[2023-07-01T00:31:05.784+0000] {processor.py:743} INFO - Processing file /home/airflow/.local/lib/python3.7/site-packages/airflow/example_dags/example_sensor_decorator.py for tasks to queue
[2023-07-01T00:31:05.785+0000] {logging_mixin.py:137} INFO - [2023-07-01T00:31:05.785+0000] {dagbag.py:532} INFO - Filling up the DagBag from /home/airflow/.local/lib/python3.7/site-packages/airflow/example_dags/example_sensor_decorator.py
[2023-07-01T00:31:05.802+0000] {processor.py:753} INFO - DAG(s) dict_keys(['example_sensor_decorator']) retrieved from /home/airflow/.local/lib/python3.7/site-packages/airflow/example_dags/example_sensor_decorator.py
[2023-07-01T00:31:05.819+0000] {logging_mixin.py:137} INFO - [2023-07-01T00:31:05.819+0000] {dag.py:2705} INFO - Sync 1 DAGs
[2023-07-01T00:31:05.833+0000] {logging_mixin.py:137} INFO - [2023-07-01T00:31:05.833+0000] {dag.py:3456} INFO - Setting next_dagrun for example_sensor_decorator to None, run_after=None
[2023-07-01T00:31:05.842+0000] {processor.py:175} INFO - Processing /home/airflow/.local/lib/python3.7/site-packages/airflow/example_dags/example_sensor_decorator.py took 0.063 seconds
[2023-07-01T00:31:36.711+0000] {processor.py:153} INFO - Started process (PID=54926) to work on /home/airflow/.local/lib/python3.7/site-packages/airflow/example_dags/example_sensor_decorator.py
[2023-07-01T00:31:36.712+0000] {processor.py:743} INFO - Processing file /home/airflow/.local/lib/python3.7/site-packages/airflow/example_dags/example_sensor_decorator.py for tasks to queue
[2023-07-01T00:31:36.713+0000] {logging_mixin.py:137} INFO - [2023-07-01T00:31:36.713+0000] {dagbag.py:532} INFO - Filling up the DagBag from /home/airflow/.local/lib/python3.7/site-packages/airflow/example_dags/example_sensor_decorator.py
[2023-07-01T00:31:36.727+0000] {processor.py:753} INFO - DAG(s) dict_keys(['example_sensor_decorator']) retrieved from /home/airflow/.local/lib/python3.7/site-packages/airflow/example_dags/example_sensor_decorator.py
[2023-07-01T00:31:36.745+0000] {logging_mixin.py:137} INFO - [2023-07-01T00:31:36.745+0000] {dag.py:2705} INFO - Sync 1 DAGs
[2023-07-01T00:31:36.759+0000] {logging_mixin.py:137} INFO - [2023-07-01T00:31:36.759+0000] {dag.py:3456} INFO - Setting next_dagrun for example_sensor_decorator to None, run_after=None
[2023-07-01T00:31:36.769+0000] {processor.py:175} INFO - Processing /home/airflow/.local/lib/python3.7/site-packages/airflow/example_dags/example_sensor_decorator.py took 0.061 seconds
[2023-07-01T00:32:07.704+0000] {processor.py:153} INFO - Started process (PID=54983) to work on /home/airflow/.local/lib/python3.7/site-packages/airflow/example_dags/example_sensor_decorator.py
[2023-07-01T00:32:07.705+0000] {processor.py:743} INFO - Processing file /home/airflow/.local/lib/python3.7/site-packages/airflow/example_dags/example_sensor_decorator.py for tasks to queue
[2023-07-01T00:32:07.705+0000] {logging_mixin.py:137} INFO - [2023-07-01T00:32:07.705+0000] {dagbag.py:532} INFO - Filling up the DagBag from /home/airflow/.local/lib/python3.7/site-packages/airflow/example_dags/example_sensor_decorator.py
[2023-07-01T00:32:07.720+0000] {processor.py:753} INFO - DAG(s) dict_keys(['example_sensor_decorator']) retrieved from /home/airflow/.local/lib/python3.7/site-packages/airflow/example_dags/example_sensor_decorator.py
[2023-07-01T00:32:07.737+0000] {logging_mixin.py:137} INFO - [2023-07-01T00:32:07.737+0000] {dag.py:2705} INFO - Sync 1 DAGs
[2023-07-01T00:32:07.750+0000] {logging_mixin.py:137} INFO - [2023-07-01T00:32:07.750+0000] {dag.py:3456} INFO - Setting next_dagrun for example_sensor_decorator to None, run_after=None
[2023-07-01T00:32:07.760+0000] {processor.py:175} INFO - Processing /home/airflow/.local/lib/python3.7/site-packages/airflow/example_dags/example_sensor_decorator.py took 0.059 seconds
[2023-07-01T00:32:38.632+0000] {processor.py:153} INFO - Started process (PID=55041) to work on /home/airflow/.local/lib/python3.7/site-packages/airflow/example_dags/example_sensor_decorator.py
[2023-07-01T00:32:38.633+0000] {processor.py:743} INFO - Processing file /home/airflow/.local/lib/python3.7/site-packages/airflow/example_dags/example_sensor_decorator.py for tasks to queue
[2023-07-01T00:32:38.633+0000] {logging_mixin.py:137} INFO - [2023-07-01T00:32:38.633+0000] {dagbag.py:532} INFO - Filling up the DagBag from /home/airflow/.local/lib/python3.7/site-packages/airflow/example_dags/example_sensor_decorator.py
[2023-07-01T00:32:38.647+0000] {processor.py:753} INFO - DAG(s) dict_keys(['example_sensor_decorator']) retrieved from /home/airflow/.local/lib/python3.7/site-packages/airflow/example_dags/example_sensor_decorator.py
[2023-07-01T00:32:38.664+0000] {logging_mixin.py:137} INFO - [2023-07-01T00:32:38.664+0000] {dag.py:2705} INFO - Sync 1 DAGs
[2023-07-01T00:32:38.679+0000] {logging_mixin.py:137} INFO - [2023-07-01T00:32:38.679+0000] {dag.py:3456} INFO - Setting next_dagrun for example_sensor_decorator to None, run_after=None
[2023-07-01T00:32:38.689+0000] {processor.py:175} INFO - Processing /home/airflow/.local/lib/python3.7/site-packages/airflow/example_dags/example_sensor_decorator.py took 0.060 seconds
[2023-07-01T00:33:08.862+0000] {processor.py:153} INFO - Started process (PID=55098) to work on /home/airflow/.local/lib/python3.7/site-packages/airflow/example_dags/example_sensor_decorator.py
[2023-07-01T00:33:08.863+0000] {processor.py:743} INFO - Processing file /home/airflow/.local/lib/python3.7/site-packages/airflow/example_dags/example_sensor_decorator.py for tasks to queue
[2023-07-01T00:33:08.864+0000] {logging_mixin.py:137} INFO - [2023-07-01T00:33:08.864+0000] {dagbag.py:532} INFO - Filling up the DagBag from /home/airflow/.local/lib/python3.7/site-packages/airflow/example_dags/example_sensor_decorator.py
[2023-07-01T00:33:08.880+0000] {processor.py:753} INFO - DAG(s) dict_keys(['example_sensor_decorator']) retrieved from /home/airflow/.local/lib/python3.7/site-packages/airflow/example_dags/example_sensor_decorator.py
[2023-07-01T00:33:08.898+0000] {logging_mixin.py:137} INFO - [2023-07-01T00:33:08.898+0000] {dag.py:2705} INFO - Sync 1 DAGs
[2023-07-01T00:33:08.912+0000] {logging_mixin.py:137} INFO - [2023-07-01T00:33:08.912+0000] {dag.py:3456} INFO - Setting next_dagrun for example_sensor_decorator to None, run_after=None
[2023-07-01T00:33:08.922+0000] {processor.py:175} INFO - Processing /home/airflow/.local/lib/python3.7/site-packages/airflow/example_dags/example_sensor_decorator.py took 0.063 seconds
[2023-07-01T00:33:39.045+0000] {processor.py:153} INFO - Started process (PID=55155) to work on /home/airflow/.local/lib/python3.7/site-packages/airflow/example_dags/example_sensor_decorator.py
[2023-07-01T00:33:39.046+0000] {processor.py:743} INFO - Processing file /home/airflow/.local/lib/python3.7/site-packages/airflow/example_dags/example_sensor_decorator.py for tasks to queue
[2023-07-01T00:33:39.046+0000] {logging_mixin.py:137} INFO - [2023-07-01T00:33:39.046+0000] {dagbag.py:532} INFO - Filling up the DagBag from /home/airflow/.local/lib/python3.7/site-packages/airflow/example_dags/example_sensor_decorator.py
[2023-07-01T00:33:39.061+0000] {processor.py:753} INFO - DAG(s) dict_keys(['example_sensor_decorator']) retrieved from /home/airflow/.local/lib/python3.7/site-packages/airflow/example_dags/example_sensor_decorator.py
[2023-07-01T00:33:39.080+0000] {logging_mixin.py:137} INFO - [2023-07-01T00:33:39.080+0000] {dag.py:2705} INFO - Sync 1 DAGs
[2023-07-01T00:33:39.095+0000] {logging_mixin.py:137} INFO - [2023-07-01T00:33:39.095+0000] {dag.py:3456} INFO - Setting next_dagrun for example_sensor_decorator to None, run_after=None
[2023-07-01T00:33:39.113+0000] {processor.py:175} INFO - Processing /home/airflow/.local/lib/python3.7/site-packages/airflow/example_dags/example_sensor_decorator.py took 0.071 seconds
[2023-07-01T00:34:09.235+0000] {processor.py:153} INFO - Started process (PID=55212) to work on /home/airflow/.local/lib/python3.7/site-packages/airflow/example_dags/example_sensor_decorator.py
[2023-07-01T00:34:09.236+0000] {processor.py:743} INFO - Processing file /home/airflow/.local/lib/python3.7/site-packages/airflow/example_dags/example_sensor_decorator.py for tasks to queue
[2023-07-01T00:34:09.236+0000] {logging_mixin.py:137} INFO - [2023-07-01T00:34:09.236+0000] {dagbag.py:532} INFO - Filling up the DagBag from /home/airflow/.local/lib/python3.7/site-packages/airflow/example_dags/example_sensor_decorator.py
[2023-07-01T00:34:09.252+0000] {processor.py:753} INFO - DAG(s) dict_keys(['example_sensor_decorator']) retrieved from /home/airflow/.local/lib/python3.7/site-packages/airflow/example_dags/example_sensor_decorator.py
[2023-07-01T00:34:09.270+0000] {logging_mixin.py:137} INFO - [2023-07-01T00:34:09.270+0000] {dag.py:2705} INFO - Sync 1 DAGs
[2023-07-01T00:34:09.285+0000] {logging_mixin.py:137} INFO - [2023-07-01T00:34:09.285+0000] {dag.py:3456} INFO - Setting next_dagrun for example_sensor_decorator to None, run_after=None
[2023-07-01T00:34:09.296+0000] {processor.py:175} INFO - Processing /home/airflow/.local/lib/python3.7/site-packages/airflow/example_dags/example_sensor_decorator.py took 0.064 seconds
[2023-07-01T00:34:40.090+0000] {processor.py:153} INFO - Started process (PID=55269) to work on /home/airflow/.local/lib/python3.7/site-packages/airflow/example_dags/example_sensor_decorator.py
[2023-07-01T00:34:40.091+0000] {processor.py:743} INFO - Processing file /home/airflow/.local/lib/python3.7/site-packages/airflow/example_dags/example_sensor_decorator.py for tasks to queue
[2023-07-01T00:34:40.092+0000] {logging_mixin.py:137} INFO - [2023-07-01T00:34:40.091+0000] {dagbag.py:532} INFO - Filling up the DagBag from /home/airflow/.local/lib/python3.7/site-packages/airflow/example_dags/example_sensor_decorator.py
[2023-07-01T00:34:40.107+0000] {processor.py:753} INFO - DAG(s) dict_keys(['example_sensor_decorator']) retrieved from /home/airflow/.local/lib/python3.7/site-packages/airflow/example_dags/example_sensor_decorator.py
[2023-07-01T00:34:40.125+0000] {logging_mixin.py:137} INFO - [2023-07-01T00:34:40.125+0000] {dag.py:2705} INFO - Sync 1 DAGs
[2023-07-01T00:34:40.139+0000] {logging_mixin.py:137} INFO - [2023-07-01T00:34:40.139+0000] {dag.py:3456} INFO - Setting next_dagrun for example_sensor_decorator to None, run_after=None
[2023-07-01T00:34:40.149+0000] {processor.py:175} INFO - Processing /home/airflow/.local/lib/python3.7/site-packages/airflow/example_dags/example_sensor_decorator.py took 0.062 seconds
