[2023-07-01T00:00:24.806+0000] {processor.py:153} INFO - Started process (PID=51442) to work on /home/airflow/.local/lib/python3.7/site-packages/airflow/example_dags/example_branch_labels.py
[2023-07-01T00:00:24.807+0000] {processor.py:743} INFO - Processing file /home/airflow/.local/lib/python3.7/site-packages/airflow/example_dags/example_branch_labels.py for tasks to queue
[2023-07-01T00:00:24.807+0000] {logging_mixin.py:137} INFO - [2023-07-01T00:00:24.807+0000] {dagbag.py:532} INFO - Filling up the DagBag from /home/airflow/.local/lib/python3.7/site-packages/airflow/example_dags/example_branch_labels.py
[2023-07-01T00:00:24.818+0000] {processor.py:753} INFO - DAG(s) dict_keys(['example_branch_labels']) retrieved from /home/airflow/.local/lib/python3.7/site-packages/airflow/example_dags/example_branch_labels.py
[2023-07-01T00:00:24.837+0000] {logging_mixin.py:137} INFO - [2023-07-01T00:00:24.837+0000] {dag.py:2705} INFO - Sync 1 DAGs
[2023-07-01T00:00:24.852+0000] {logging_mixin.py:137} INFO - [2023-07-01T00:00:24.852+0000] {dag.py:3456} INFO - Setting next_dagrun for example_branch_labels to 2023-06-30T00:00:00+00:00, run_after=2023-07-01T00:00:00+00:00
[2023-07-01T00:00:24.861+0000] {processor.py:175} INFO - Processing /home/airflow/.local/lib/python3.7/site-packages/airflow/example_dags/example_branch_labels.py took 0.059 seconds
[2023-07-01T00:00:55.928+0000] {processor.py:153} INFO - Started process (PID=51499) to work on /home/airflow/.local/lib/python3.7/site-packages/airflow/example_dags/example_branch_labels.py
[2023-07-01T00:00:55.929+0000] {processor.py:743} INFO - Processing file /home/airflow/.local/lib/python3.7/site-packages/airflow/example_dags/example_branch_labels.py for tasks to queue
[2023-07-01T00:00:55.929+0000] {logging_mixin.py:137} INFO - [2023-07-01T00:00:55.929+0000] {dagbag.py:532} INFO - Filling up the DagBag from /home/airflow/.local/lib/python3.7/site-packages/airflow/example_dags/example_branch_labels.py
[2023-07-01T00:00:55.940+0000] {processor.py:753} INFO - DAG(s) dict_keys(['example_branch_labels']) retrieved from /home/airflow/.local/lib/python3.7/site-packages/airflow/example_dags/example_branch_labels.py
[2023-07-01T00:00:55.958+0000] {logging_mixin.py:137} INFO - [2023-07-01T00:00:55.958+0000] {dag.py:2705} INFO - Sync 1 DAGs
[2023-07-01T00:00:55.972+0000] {logging_mixin.py:137} INFO - [2023-07-01T00:00:55.972+0000] {dag.py:3456} INFO - Setting next_dagrun for example_branch_labels to 2023-06-30T00:00:00+00:00, run_after=2023-07-01T00:00:00+00:00
[2023-07-01T00:00:55.981+0000] {processor.py:175} INFO - Processing /home/airflow/.local/lib/python3.7/site-packages/airflow/example_dags/example_branch_labels.py took 0.056 seconds
[2023-07-01T00:01:26.649+0000] {processor.py:153} INFO - Started process (PID=51557) to work on /home/airflow/.local/lib/python3.7/site-packages/airflow/example_dags/example_branch_labels.py
[2023-07-01T00:01:26.649+0000] {processor.py:743} INFO - Processing file /home/airflow/.local/lib/python3.7/site-packages/airflow/example_dags/example_branch_labels.py for tasks to queue
[2023-07-01T00:01:26.650+0000] {logging_mixin.py:137} INFO - [2023-07-01T00:01:26.650+0000] {dagbag.py:532} INFO - Filling up the DagBag from /home/airflow/.local/lib/python3.7/site-packages/airflow/example_dags/example_branch_labels.py
[2023-07-01T00:01:26.659+0000] {processor.py:753} INFO - DAG(s) dict_keys(['example_branch_labels']) retrieved from /home/airflow/.local/lib/python3.7/site-packages/airflow/example_dags/example_branch_labels.py
[2023-07-01T00:01:26.678+0000] {logging_mixin.py:137} INFO - [2023-07-01T00:01:26.678+0000] {dag.py:2705} INFO - Sync 1 DAGs
[2023-07-01T00:01:26.693+0000] {logging_mixin.py:137} INFO - [2023-07-01T00:01:26.693+0000] {dag.py:3456} INFO - Setting next_dagrun for example_branch_labels to 2023-06-30T00:00:00+00:00, run_after=2023-07-01T00:00:00+00:00
[2023-07-01T00:01:26.703+0000] {processor.py:175} INFO - Processing /home/airflow/.local/lib/python3.7/site-packages/airflow/example_dags/example_branch_labels.py took 0.058 seconds
[2023-07-01T00:01:57.411+0000] {processor.py:153} INFO - Started process (PID=51613) to work on /home/airflow/.local/lib/python3.7/site-packages/airflow/example_dags/example_branch_labels.py
[2023-07-01T00:01:57.412+0000] {processor.py:743} INFO - Processing file /home/airflow/.local/lib/python3.7/site-packages/airflow/example_dags/example_branch_labels.py for tasks to queue
[2023-07-01T00:01:57.412+0000] {logging_mixin.py:137} INFO - [2023-07-01T00:01:57.412+0000] {dagbag.py:532} INFO - Filling up the DagBag from /home/airflow/.local/lib/python3.7/site-packages/airflow/example_dags/example_branch_labels.py
[2023-07-01T00:01:57.422+0000] {processor.py:753} INFO - DAG(s) dict_keys(['example_branch_labels']) retrieved from /home/airflow/.local/lib/python3.7/site-packages/airflow/example_dags/example_branch_labels.py
[2023-07-01T00:01:57.439+0000] {logging_mixin.py:137} INFO - [2023-07-01T00:01:57.439+0000] {dag.py:2705} INFO - Sync 1 DAGs
[2023-07-01T00:01:57.453+0000] {logging_mixin.py:137} INFO - [2023-07-01T00:01:57.453+0000] {dag.py:3456} INFO - Setting next_dagrun for example_branch_labels to 2023-06-30T00:00:00+00:00, run_after=2023-07-01T00:00:00+00:00
[2023-07-01T00:01:57.462+0000] {processor.py:175} INFO - Processing /home/airflow/.local/lib/python3.7/site-packages/airflow/example_dags/example_branch_labels.py took 0.053 seconds
[2023-07-01T00:02:28.306+0000] {processor.py:153} INFO - Started process (PID=51669) to work on /home/airflow/.local/lib/python3.7/site-packages/airflow/example_dags/example_branch_labels.py
[2023-07-01T00:02:28.307+0000] {processor.py:743} INFO - Processing file /home/airflow/.local/lib/python3.7/site-packages/airflow/example_dags/example_branch_labels.py for tasks to queue
[2023-07-01T00:02:28.308+0000] {logging_mixin.py:137} INFO - [2023-07-01T00:02:28.308+0000] {dagbag.py:532} INFO - Filling up the DagBag from /home/airflow/.local/lib/python3.7/site-packages/airflow/example_dags/example_branch_labels.py
[2023-07-01T00:02:28.322+0000] {processor.py:753} INFO - DAG(s) dict_keys(['example_branch_labels']) retrieved from /home/airflow/.local/lib/python3.7/site-packages/airflow/example_dags/example_branch_labels.py
[2023-07-01T00:02:28.345+0000] {logging_mixin.py:137} INFO - [2023-07-01T00:02:28.345+0000] {dag.py:2705} INFO - Sync 1 DAGs
[2023-07-01T00:02:28.360+0000] {logging_mixin.py:137} INFO - [2023-07-01T00:02:28.360+0000] {dag.py:3456} INFO - Setting next_dagrun for example_branch_labels to 2023-06-30T00:00:00+00:00, run_after=2023-07-01T00:00:00+00:00
[2023-07-01T00:02:28.369+0000] {processor.py:175} INFO - Processing /home/airflow/.local/lib/python3.7/site-packages/airflow/example_dags/example_branch_labels.py took 0.066 seconds
[2023-07-01T00:02:59.431+0000] {processor.py:153} INFO - Started process (PID=51726) to work on /home/airflow/.local/lib/python3.7/site-packages/airflow/example_dags/example_branch_labels.py
[2023-07-01T00:02:59.433+0000] {processor.py:743} INFO - Processing file /home/airflow/.local/lib/python3.7/site-packages/airflow/example_dags/example_branch_labels.py for tasks to queue
[2023-07-01T00:02:59.434+0000] {logging_mixin.py:137} INFO - [2023-07-01T00:02:59.434+0000] {dagbag.py:532} INFO - Filling up the DagBag from /home/airflow/.local/lib/python3.7/site-packages/airflow/example_dags/example_branch_labels.py
[2023-07-01T00:02:59.452+0000] {processor.py:753} INFO - DAG(s) dict_keys(['example_branch_labels']) retrieved from /home/airflow/.local/lib/python3.7/site-packages/airflow/example_dags/example_branch_labels.py
[2023-07-01T00:02:59.472+0000] {logging_mixin.py:137} INFO - [2023-07-01T00:02:59.472+0000] {dag.py:2705} INFO - Sync 1 DAGs
[2023-07-01T00:02:59.492+0000] {logging_mixin.py:137} INFO - [2023-07-01T00:02:59.492+0000] {dag.py:3456} INFO - Setting next_dagrun for example_branch_labels to 2023-06-30T00:00:00+00:00, run_after=2023-07-01T00:00:00+00:00
[2023-07-01T00:02:59.512+0000] {processor.py:175} INFO - Processing /home/airflow/.local/lib/python3.7/site-packages/airflow/example_dags/example_branch_labels.py took 0.084 seconds
[2023-07-01T00:03:30.474+0000] {processor.py:153} INFO - Started process (PID=51783) to work on /home/airflow/.local/lib/python3.7/site-packages/airflow/example_dags/example_branch_labels.py
[2023-07-01T00:03:30.476+0000] {processor.py:743} INFO - Processing file /home/airflow/.local/lib/python3.7/site-packages/airflow/example_dags/example_branch_labels.py for tasks to queue
[2023-07-01T00:03:30.476+0000] {logging_mixin.py:137} INFO - [2023-07-01T00:03:30.476+0000] {dagbag.py:532} INFO - Filling up the DagBag from /home/airflow/.local/lib/python3.7/site-packages/airflow/example_dags/example_branch_labels.py
[2023-07-01T00:03:30.487+0000] {processor.py:753} INFO - DAG(s) dict_keys(['example_branch_labels']) retrieved from /home/airflow/.local/lib/python3.7/site-packages/airflow/example_dags/example_branch_labels.py
[2023-07-01T00:03:30.505+0000] {logging_mixin.py:137} INFO - [2023-07-01T00:03:30.505+0000] {dag.py:2705} INFO - Sync 1 DAGs
[2023-07-01T00:03:30.521+0000] {logging_mixin.py:137} INFO - [2023-07-01T00:03:30.521+0000] {dag.py:3456} INFO - Setting next_dagrun for example_branch_labels to 2023-06-30T00:00:00+00:00, run_after=2023-07-01T00:00:00+00:00
[2023-07-01T00:03:30.531+0000] {processor.py:175} INFO - Processing /home/airflow/.local/lib/python3.7/site-packages/airflow/example_dags/example_branch_labels.py took 0.059 seconds
[2023-07-01T00:04:01.374+0000] {processor.py:153} INFO - Started process (PID=51840) to work on /home/airflow/.local/lib/python3.7/site-packages/airflow/example_dags/example_branch_labels.py
[2023-07-01T00:04:01.375+0000] {processor.py:743} INFO - Processing file /home/airflow/.local/lib/python3.7/site-packages/airflow/example_dags/example_branch_labels.py for tasks to queue
[2023-07-01T00:04:01.375+0000] {logging_mixin.py:137} INFO - [2023-07-01T00:04:01.375+0000] {dagbag.py:532} INFO - Filling up the DagBag from /home/airflow/.local/lib/python3.7/site-packages/airflow/example_dags/example_branch_labels.py
[2023-07-01T00:04:01.387+0000] {processor.py:753} INFO - DAG(s) dict_keys(['example_branch_labels']) retrieved from /home/airflow/.local/lib/python3.7/site-packages/airflow/example_dags/example_branch_labels.py
[2023-07-01T00:04:01.407+0000] {logging_mixin.py:137} INFO - [2023-07-01T00:04:01.407+0000] {dag.py:2705} INFO - Sync 1 DAGs
[2023-07-01T00:04:01.429+0000] {logging_mixin.py:137} INFO - [2023-07-01T00:04:01.429+0000] {dag.py:3456} INFO - Setting next_dagrun for example_branch_labels to 2023-06-30T00:00:00+00:00, run_after=2023-07-01T00:00:00+00:00
[2023-07-01T00:04:01.440+0000] {processor.py:175} INFO - Processing /home/airflow/.local/lib/python3.7/site-packages/airflow/example_dags/example_branch_labels.py took 0.069 seconds
[2023-07-01T00:04:32.246+0000] {processor.py:153} INFO - Started process (PID=51897) to work on /home/airflow/.local/lib/python3.7/site-packages/airflow/example_dags/example_branch_labels.py
[2023-07-01T00:04:32.247+0000] {processor.py:743} INFO - Processing file /home/airflow/.local/lib/python3.7/site-packages/airflow/example_dags/example_branch_labels.py for tasks to queue
[2023-07-01T00:04:32.248+0000] {logging_mixin.py:137} INFO - [2023-07-01T00:04:32.247+0000] {dagbag.py:532} INFO - Filling up the DagBag from /home/airflow/.local/lib/python3.7/site-packages/airflow/example_dags/example_branch_labels.py
[2023-07-01T00:04:32.258+0000] {processor.py:753} INFO - DAG(s) dict_keys(['example_branch_labels']) retrieved from /home/airflow/.local/lib/python3.7/site-packages/airflow/example_dags/example_branch_labels.py
[2023-07-01T00:04:32.276+0000] {logging_mixin.py:137} INFO - [2023-07-01T00:04:32.276+0000] {dag.py:2705} INFO - Sync 1 DAGs
[2023-07-01T00:04:32.290+0000] {logging_mixin.py:137} INFO - [2023-07-01T00:04:32.290+0000] {dag.py:3456} INFO - Setting next_dagrun for example_branch_labels to 2023-06-30T00:00:00+00:00, run_after=2023-07-01T00:00:00+00:00
[2023-07-01T00:04:32.299+0000] {processor.py:175} INFO - Processing /home/airflow/.local/lib/python3.7/site-packages/airflow/example_dags/example_branch_labels.py took 0.056 seconds
[2023-07-01T00:05:03.091+0000] {processor.py:153} INFO - Started process (PID=51953) to work on /home/airflow/.local/lib/python3.7/site-packages/airflow/example_dags/example_branch_labels.py
[2023-07-01T00:05:03.092+0000] {processor.py:743} INFO - Processing file /home/airflow/.local/lib/python3.7/site-packages/airflow/example_dags/example_branch_labels.py for tasks to queue
[2023-07-01T00:05:03.093+0000] {logging_mixin.py:137} INFO - [2023-07-01T00:05:03.093+0000] {dagbag.py:532} INFO - Filling up the DagBag from /home/airflow/.local/lib/python3.7/site-packages/airflow/example_dags/example_branch_labels.py
[2023-07-01T00:05:03.104+0000] {processor.py:753} INFO - DAG(s) dict_keys(['example_branch_labels']) retrieved from /home/airflow/.local/lib/python3.7/site-packages/airflow/example_dags/example_branch_labels.py
[2023-07-01T00:05:03.122+0000] {logging_mixin.py:137} INFO - [2023-07-01T00:05:03.122+0000] {dag.py:2705} INFO - Sync 1 DAGs
[2023-07-01T00:05:03.137+0000] {logging_mixin.py:137} INFO - [2023-07-01T00:05:03.137+0000] {dag.py:3456} INFO - Setting next_dagrun for example_branch_labels to 2023-06-30T00:00:00+00:00, run_after=2023-07-01T00:00:00+00:00
[2023-07-01T00:05:03.146+0000] {processor.py:175} INFO - Processing /home/airflow/.local/lib/python3.7/site-packages/airflow/example_dags/example_branch_labels.py took 0.058 seconds
[2023-07-01T00:05:34.354+0000] {processor.py:153} INFO - Started process (PID=52010) to work on /home/airflow/.local/lib/python3.7/site-packages/airflow/example_dags/example_branch_labels.py
[2023-07-01T00:05:34.355+0000] {processor.py:743} INFO - Processing file /home/airflow/.local/lib/python3.7/site-packages/airflow/example_dags/example_branch_labels.py for tasks to queue
[2023-07-01T00:05:34.356+0000] {logging_mixin.py:137} INFO - [2023-07-01T00:05:34.356+0000] {dagbag.py:532} INFO - Filling up the DagBag from /home/airflow/.local/lib/python3.7/site-packages/airflow/example_dags/example_branch_labels.py
[2023-07-01T00:05:34.366+0000] {processor.py:753} INFO - DAG(s) dict_keys(['example_branch_labels']) retrieved from /home/airflow/.local/lib/python3.7/site-packages/airflow/example_dags/example_branch_labels.py
[2023-07-01T00:05:34.387+0000] {logging_mixin.py:137} INFO - [2023-07-01T00:05:34.387+0000] {dag.py:2705} INFO - Sync 1 DAGs
[2023-07-01T00:05:34.406+0000] {logging_mixin.py:137} INFO - [2023-07-01T00:05:34.406+0000] {dag.py:3456} INFO - Setting next_dagrun for example_branch_labels to 2023-06-30T00:00:00+00:00, run_after=2023-07-01T00:00:00+00:00
[2023-07-01T00:05:34.416+0000] {processor.py:175} INFO - Processing /home/airflow/.local/lib/python3.7/site-packages/airflow/example_dags/example_branch_labels.py took 0.066 seconds
[2023-07-01T00:06:05.662+0000] {processor.py:153} INFO - Started process (PID=52067) to work on /home/airflow/.local/lib/python3.7/site-packages/airflow/example_dags/example_branch_labels.py
[2023-07-01T00:06:05.664+0000] {processor.py:743} INFO - Processing file /home/airflow/.local/lib/python3.7/site-packages/airflow/example_dags/example_branch_labels.py for tasks to queue
[2023-07-01T00:06:05.665+0000] {logging_mixin.py:137} INFO - [2023-07-01T00:06:05.665+0000] {dagbag.py:532} INFO - Filling up the DagBag from /home/airflow/.local/lib/python3.7/site-packages/airflow/example_dags/example_branch_labels.py
[2023-07-01T00:06:05.686+0000] {processor.py:753} INFO - DAG(s) dict_keys(['example_branch_labels']) retrieved from /home/airflow/.local/lib/python3.7/site-packages/airflow/example_dags/example_branch_labels.py
[2023-07-01T00:06:05.723+0000] {logging_mixin.py:137} INFO - [2023-07-01T00:06:05.723+0000] {dag.py:2705} INFO - Sync 1 DAGs
[2023-07-01T00:06:05.746+0000] {logging_mixin.py:137} INFO - [2023-07-01T00:06:05.746+0000] {dag.py:3456} INFO - Setting next_dagrun for example_branch_labels to 2023-06-30T00:00:00+00:00, run_after=2023-07-01T00:00:00+00:00
[2023-07-01T00:06:05.758+0000] {processor.py:175} INFO - Processing /home/airflow/.local/lib/python3.7/site-packages/airflow/example_dags/example_branch_labels.py took 0.102 seconds
[2023-07-01T00:06:36.616+0000] {processor.py:153} INFO - Started process (PID=52124) to work on /home/airflow/.local/lib/python3.7/site-packages/airflow/example_dags/example_branch_labels.py
[2023-07-01T00:06:36.618+0000] {processor.py:743} INFO - Processing file /home/airflow/.local/lib/python3.7/site-packages/airflow/example_dags/example_branch_labels.py for tasks to queue
[2023-07-01T00:06:36.618+0000] {logging_mixin.py:137} INFO - [2023-07-01T00:06:36.618+0000] {dagbag.py:532} INFO - Filling up the DagBag from /home/airflow/.local/lib/python3.7/site-packages/airflow/example_dags/example_branch_labels.py
[2023-07-01T00:06:36.629+0000] {processor.py:753} INFO - DAG(s) dict_keys(['example_branch_labels']) retrieved from /home/airflow/.local/lib/python3.7/site-packages/airflow/example_dags/example_branch_labels.py
[2023-07-01T00:06:36.647+0000] {logging_mixin.py:137} INFO - [2023-07-01T00:06:36.647+0000] {dag.py:2705} INFO - Sync 1 DAGs
[2023-07-01T00:06:36.662+0000] {logging_mixin.py:137} INFO - [2023-07-01T00:06:36.662+0000] {dag.py:3456} INFO - Setting next_dagrun for example_branch_labels to 2023-06-30T00:00:00+00:00, run_after=2023-07-01T00:00:00+00:00
[2023-07-01T00:06:36.672+0000] {processor.py:175} INFO - Processing /home/airflow/.local/lib/python3.7/site-packages/airflow/example_dags/example_branch_labels.py took 0.058 seconds
[2023-07-01T00:07:07.330+0000] {processor.py:153} INFO - Started process (PID=52181) to work on /home/airflow/.local/lib/python3.7/site-packages/airflow/example_dags/example_branch_labels.py
[2023-07-01T00:07:07.331+0000] {processor.py:743} INFO - Processing file /home/airflow/.local/lib/python3.7/site-packages/airflow/example_dags/example_branch_labels.py for tasks to queue
[2023-07-01T00:07:07.331+0000] {logging_mixin.py:137} INFO - [2023-07-01T00:07:07.331+0000] {dagbag.py:532} INFO - Filling up the DagBag from /home/airflow/.local/lib/python3.7/site-packages/airflow/example_dags/example_branch_labels.py
[2023-07-01T00:07:07.343+0000] {processor.py:753} INFO - DAG(s) dict_keys(['example_branch_labels']) retrieved from /home/airflow/.local/lib/python3.7/site-packages/airflow/example_dags/example_branch_labels.py
[2023-07-01T00:07:07.362+0000] {logging_mixin.py:137} INFO - [2023-07-01T00:07:07.362+0000] {dag.py:2705} INFO - Sync 1 DAGs
[2023-07-01T00:07:07.378+0000] {logging_mixin.py:137} INFO - [2023-07-01T00:07:07.378+0000] {dag.py:3456} INFO - Setting next_dagrun for example_branch_labels to 2023-06-30T00:00:00+00:00, run_after=2023-07-01T00:00:00+00:00
[2023-07-01T00:07:07.387+0000] {processor.py:175} INFO - Processing /home/airflow/.local/lib/python3.7/site-packages/airflow/example_dags/example_branch_labels.py took 0.060 seconds
[2023-07-01T00:07:38.654+0000] {processor.py:153} INFO - Started process (PID=52238) to work on /home/airflow/.local/lib/python3.7/site-packages/airflow/example_dags/example_branch_labels.py
[2023-07-01T00:07:38.655+0000] {processor.py:743} INFO - Processing file /home/airflow/.local/lib/python3.7/site-packages/airflow/example_dags/example_branch_labels.py for tasks to queue
[2023-07-01T00:07:38.656+0000] {logging_mixin.py:137} INFO - [2023-07-01T00:07:38.656+0000] {dagbag.py:532} INFO - Filling up the DagBag from /home/airflow/.local/lib/python3.7/site-packages/airflow/example_dags/example_branch_labels.py
[2023-07-01T00:07:38.667+0000] {processor.py:753} INFO - DAG(s) dict_keys(['example_branch_labels']) retrieved from /home/airflow/.local/lib/python3.7/site-packages/airflow/example_dags/example_branch_labels.py
[2023-07-01T00:07:38.686+0000] {logging_mixin.py:137} INFO - [2023-07-01T00:07:38.686+0000] {dag.py:2705} INFO - Sync 1 DAGs
[2023-07-01T00:07:38.701+0000] {logging_mixin.py:137} INFO - [2023-07-01T00:07:38.701+0000] {dag.py:3456} INFO - Setting next_dagrun for example_branch_labels to 2023-06-30T00:00:00+00:00, run_after=2023-07-01T00:00:00+00:00
[2023-07-01T00:07:38.711+0000] {processor.py:175} INFO - Processing /home/airflow/.local/lib/python3.7/site-packages/airflow/example_dags/example_branch_labels.py took 0.059 seconds
[2023-07-01T00:08:10.025+0000] {processor.py:153} INFO - Started process (PID=52302) to work on /home/airflow/.local/lib/python3.7/site-packages/airflow/example_dags/example_branch_labels.py
[2023-07-01T00:08:10.027+0000] {processor.py:743} INFO - Processing file /home/airflow/.local/lib/python3.7/site-packages/airflow/example_dags/example_branch_labels.py for tasks to queue
[2023-07-01T00:08:10.028+0000] {logging_mixin.py:137} INFO - [2023-07-01T00:08:10.028+0000] {dagbag.py:532} INFO - Filling up the DagBag from /home/airflow/.local/lib/python3.7/site-packages/airflow/example_dags/example_branch_labels.py
[2023-07-01T00:08:10.051+0000] {processor.py:753} INFO - DAG(s) dict_keys(['example_branch_labels']) retrieved from /home/airflow/.local/lib/python3.7/site-packages/airflow/example_dags/example_branch_labels.py
[2023-07-01T00:08:10.075+0000] {logging_mixin.py:137} INFO - [2023-07-01T00:08:10.075+0000] {dag.py:2705} INFO - Sync 1 DAGs
[2023-07-01T00:08:10.094+0000] {logging_mixin.py:137} INFO - [2023-07-01T00:08:10.094+0000] {dag.py:3456} INFO - Setting next_dagrun for example_branch_labels to 2023-06-30T00:00:00+00:00, run_after=2023-07-01T00:00:00+00:00
[2023-07-01T00:08:10.108+0000] {processor.py:175} INFO - Processing /home/airflow/.local/lib/python3.7/site-packages/airflow/example_dags/example_branch_labels.py took 0.085 seconds
[2023-07-01T00:08:40.436+0000] {processor.py:153} INFO - Started process (PID=52359) to work on /home/airflow/.local/lib/python3.7/site-packages/airflow/example_dags/example_branch_labels.py
[2023-07-01T00:08:40.438+0000] {processor.py:743} INFO - Processing file /home/airflow/.local/lib/python3.7/site-packages/airflow/example_dags/example_branch_labels.py for tasks to queue
[2023-07-01T00:08:40.438+0000] {logging_mixin.py:137} INFO - [2023-07-01T00:08:40.438+0000] {dagbag.py:532} INFO - Filling up the DagBag from /home/airflow/.local/lib/python3.7/site-packages/airflow/example_dags/example_branch_labels.py
[2023-07-01T00:08:40.450+0000] {processor.py:753} INFO - DAG(s) dict_keys(['example_branch_labels']) retrieved from /home/airflow/.local/lib/python3.7/site-packages/airflow/example_dags/example_branch_labels.py
[2023-07-01T00:08:40.470+0000] {logging_mixin.py:137} INFO - [2023-07-01T00:08:40.470+0000] {dag.py:2705} INFO - Sync 1 DAGs
[2023-07-01T00:08:40.495+0000] {logging_mixin.py:137} INFO - [2023-07-01T00:08:40.495+0000] {dag.py:3456} INFO - Setting next_dagrun for example_branch_labels to 2023-06-30T00:00:00+00:00, run_after=2023-07-01T00:00:00+00:00
[2023-07-01T00:08:40.505+0000] {processor.py:175} INFO - Processing /home/airflow/.local/lib/python3.7/site-packages/airflow/example_dags/example_branch_labels.py took 0.072 seconds
[2023-07-01T00:09:11.775+0000] {processor.py:153} INFO - Started process (PID=52416) to work on /home/airflow/.local/lib/python3.7/site-packages/airflow/example_dags/example_branch_labels.py
[2023-07-01T00:09:11.776+0000] {processor.py:743} INFO - Processing file /home/airflow/.local/lib/python3.7/site-packages/airflow/example_dags/example_branch_labels.py for tasks to queue
[2023-07-01T00:09:11.777+0000] {logging_mixin.py:137} INFO - [2023-07-01T00:09:11.777+0000] {dagbag.py:532} INFO - Filling up the DagBag from /home/airflow/.local/lib/python3.7/site-packages/airflow/example_dags/example_branch_labels.py
[2023-07-01T00:09:11.791+0000] {processor.py:753} INFO - DAG(s) dict_keys(['example_branch_labels']) retrieved from /home/airflow/.local/lib/python3.7/site-packages/airflow/example_dags/example_branch_labels.py
[2023-07-01T00:09:11.815+0000] {logging_mixin.py:137} INFO - [2023-07-01T00:09:11.815+0000] {dag.py:2705} INFO - Sync 1 DAGs
[2023-07-01T00:09:11.848+0000] {logging_mixin.py:137} INFO - [2023-07-01T00:09:11.848+0000] {dag.py:3456} INFO - Setting next_dagrun for example_branch_labels to 2023-06-30T00:00:00+00:00, run_after=2023-07-01T00:00:00+00:00
[2023-07-01T00:09:11.862+0000] {processor.py:175} INFO - Processing /home/airflow/.local/lib/python3.7/site-packages/airflow/example_dags/example_branch_labels.py took 0.090 seconds
[2023-07-01T00:09:42.100+0000] {processor.py:153} INFO - Started process (PID=52474) to work on /home/airflow/.local/lib/python3.7/site-packages/airflow/example_dags/example_branch_labels.py
[2023-07-01T00:09:42.101+0000] {processor.py:743} INFO - Processing file /home/airflow/.local/lib/python3.7/site-packages/airflow/example_dags/example_branch_labels.py for tasks to queue
[2023-07-01T00:09:42.102+0000] {logging_mixin.py:137} INFO - [2023-07-01T00:09:42.102+0000] {dagbag.py:532} INFO - Filling up the DagBag from /home/airflow/.local/lib/python3.7/site-packages/airflow/example_dags/example_branch_labels.py
[2023-07-01T00:09:42.116+0000] {processor.py:753} INFO - DAG(s) dict_keys(['example_branch_labels']) retrieved from /home/airflow/.local/lib/python3.7/site-packages/airflow/example_dags/example_branch_labels.py
[2023-07-01T00:09:42.144+0000] {logging_mixin.py:137} INFO - [2023-07-01T00:09:42.144+0000] {dag.py:2705} INFO - Sync 1 DAGs
[2023-07-01T00:09:42.165+0000] {logging_mixin.py:137} INFO - [2023-07-01T00:09:42.165+0000] {dag.py:3456} INFO - Setting next_dagrun for example_branch_labels to 2023-06-30T00:00:00+00:00, run_after=2023-07-01T00:00:00+00:00
[2023-07-01T00:09:42.177+0000] {processor.py:175} INFO - Processing /home/airflow/.local/lib/python3.7/site-packages/airflow/example_dags/example_branch_labels.py took 0.080 seconds
[2023-07-01T00:10:12.274+0000] {processor.py:153} INFO - Started process (PID=52529) to work on /home/airflow/.local/lib/python3.7/site-packages/airflow/example_dags/example_branch_labels.py
[2023-07-01T00:10:12.275+0000] {processor.py:743} INFO - Processing file /home/airflow/.local/lib/python3.7/site-packages/airflow/example_dags/example_branch_labels.py for tasks to queue
[2023-07-01T00:10:12.275+0000] {logging_mixin.py:137} INFO - [2023-07-01T00:10:12.275+0000] {dagbag.py:532} INFO - Filling up the DagBag from /home/airflow/.local/lib/python3.7/site-packages/airflow/example_dags/example_branch_labels.py
[2023-07-01T00:10:12.285+0000] {processor.py:753} INFO - DAG(s) dict_keys(['example_branch_labels']) retrieved from /home/airflow/.local/lib/python3.7/site-packages/airflow/example_dags/example_branch_labels.py
[2023-07-01T00:10:12.304+0000] {logging_mixin.py:137} INFO - [2023-07-01T00:10:12.304+0000] {dag.py:2705} INFO - Sync 1 DAGs
[2023-07-01T00:10:12.318+0000] {logging_mixin.py:137} INFO - [2023-07-01T00:10:12.318+0000] {dag.py:3456} INFO - Setting next_dagrun for example_branch_labels to 2023-06-30T00:00:00+00:00, run_after=2023-07-01T00:00:00+00:00
[2023-07-01T00:10:12.328+0000] {processor.py:175} INFO - Processing /home/airflow/.local/lib/python3.7/site-packages/airflow/example_dags/example_branch_labels.py took 0.056 seconds
[2023-07-01T00:10:42.649+0000] {processor.py:153} INFO - Started process (PID=52587) to work on /home/airflow/.local/lib/python3.7/site-packages/airflow/example_dags/example_branch_labels.py
[2023-07-01T00:10:42.650+0000] {processor.py:743} INFO - Processing file /home/airflow/.local/lib/python3.7/site-packages/airflow/example_dags/example_branch_labels.py for tasks to queue
[2023-07-01T00:10:42.651+0000] {logging_mixin.py:137} INFO - [2023-07-01T00:10:42.651+0000] {dagbag.py:532} INFO - Filling up the DagBag from /home/airflow/.local/lib/python3.7/site-packages/airflow/example_dags/example_branch_labels.py
[2023-07-01T00:10:42.661+0000] {processor.py:753} INFO - DAG(s) dict_keys(['example_branch_labels']) retrieved from /home/airflow/.local/lib/python3.7/site-packages/airflow/example_dags/example_branch_labels.py
[2023-07-01T00:10:42.682+0000] {logging_mixin.py:137} INFO - [2023-07-01T00:10:42.682+0000] {dag.py:2705} INFO - Sync 1 DAGs
[2023-07-01T00:10:42.698+0000] {logging_mixin.py:137} INFO - [2023-07-01T00:10:42.698+0000] {dag.py:3456} INFO - Setting next_dagrun for example_branch_labels to 2023-06-30T00:00:00+00:00, run_after=2023-07-01T00:00:00+00:00
[2023-07-01T00:10:42.707+0000] {processor.py:175} INFO - Processing /home/airflow/.local/lib/python3.7/site-packages/airflow/example_dags/example_branch_labels.py took 0.061 seconds
[2023-07-01T00:11:13.503+0000] {processor.py:153} INFO - Started process (PID=52645) to work on /home/airflow/.local/lib/python3.7/site-packages/airflow/example_dags/example_branch_labels.py
[2023-07-01T00:11:13.504+0000] {processor.py:743} INFO - Processing file /home/airflow/.local/lib/python3.7/site-packages/airflow/example_dags/example_branch_labels.py for tasks to queue
[2023-07-01T00:11:13.505+0000] {logging_mixin.py:137} INFO - [2023-07-01T00:11:13.505+0000] {dagbag.py:532} INFO - Filling up the DagBag from /home/airflow/.local/lib/python3.7/site-packages/airflow/example_dags/example_branch_labels.py
[2023-07-01T00:11:13.515+0000] {processor.py:753} INFO - DAG(s) dict_keys(['example_branch_labels']) retrieved from /home/airflow/.local/lib/python3.7/site-packages/airflow/example_dags/example_branch_labels.py
[2023-07-01T00:11:13.533+0000] {logging_mixin.py:137} INFO - [2023-07-01T00:11:13.533+0000] {dag.py:2705} INFO - Sync 1 DAGs
[2023-07-01T00:11:13.551+0000] {logging_mixin.py:137} INFO - [2023-07-01T00:11:13.551+0000] {dag.py:3456} INFO - Setting next_dagrun for example_branch_labels to 2023-06-30T00:00:00+00:00, run_after=2023-07-01T00:00:00+00:00
[2023-07-01T00:11:13.562+0000] {processor.py:175} INFO - Processing /home/airflow/.local/lib/python3.7/site-packages/airflow/example_dags/example_branch_labels.py took 0.061 seconds
[2023-07-01T00:11:44.300+0000] {processor.py:153} INFO - Started process (PID=52702) to work on /home/airflow/.local/lib/python3.7/site-packages/airflow/example_dags/example_branch_labels.py
[2023-07-01T00:11:44.301+0000] {processor.py:743} INFO - Processing file /home/airflow/.local/lib/python3.7/site-packages/airflow/example_dags/example_branch_labels.py for tasks to queue
[2023-07-01T00:11:44.302+0000] {logging_mixin.py:137} INFO - [2023-07-01T00:11:44.302+0000] {dagbag.py:532} INFO - Filling up the DagBag from /home/airflow/.local/lib/python3.7/site-packages/airflow/example_dags/example_branch_labels.py
[2023-07-01T00:11:44.312+0000] {processor.py:753} INFO - DAG(s) dict_keys(['example_branch_labels']) retrieved from /home/airflow/.local/lib/python3.7/site-packages/airflow/example_dags/example_branch_labels.py
[2023-07-01T00:11:44.332+0000] {logging_mixin.py:137} INFO - [2023-07-01T00:11:44.332+0000] {dag.py:2705} INFO - Sync 1 DAGs
[2023-07-01T00:11:44.346+0000] {logging_mixin.py:137} INFO - [2023-07-01T00:11:44.346+0000] {dag.py:3456} INFO - Setting next_dagrun for example_branch_labels to 2023-06-30T00:00:00+00:00, run_after=2023-07-01T00:00:00+00:00
[2023-07-01T00:11:44.355+0000] {processor.py:175} INFO - Processing /home/airflow/.local/lib/python3.7/site-packages/airflow/example_dags/example_branch_labels.py took 0.058 seconds
[2023-07-01T00:12:15.013+0000] {processor.py:153} INFO - Started process (PID=52759) to work on /home/airflow/.local/lib/python3.7/site-packages/airflow/example_dags/example_branch_labels.py
[2023-07-01T00:12:15.014+0000] {processor.py:743} INFO - Processing file /home/airflow/.local/lib/python3.7/site-packages/airflow/example_dags/example_branch_labels.py for tasks to queue
[2023-07-01T00:12:15.015+0000] {logging_mixin.py:137} INFO - [2023-07-01T00:12:15.015+0000] {dagbag.py:532} INFO - Filling up the DagBag from /home/airflow/.local/lib/python3.7/site-packages/airflow/example_dags/example_branch_labels.py
[2023-07-01T00:12:15.025+0000] {processor.py:753} INFO - DAG(s) dict_keys(['example_branch_labels']) retrieved from /home/airflow/.local/lib/python3.7/site-packages/airflow/example_dags/example_branch_labels.py
[2023-07-01T00:12:15.045+0000] {logging_mixin.py:137} INFO - [2023-07-01T00:12:15.045+0000] {dag.py:2705} INFO - Sync 1 DAGs
[2023-07-01T00:12:15.060+0000] {logging_mixin.py:137} INFO - [2023-07-01T00:12:15.060+0000] {dag.py:3456} INFO - Setting next_dagrun for example_branch_labels to 2023-06-30T00:00:00+00:00, run_after=2023-07-01T00:00:00+00:00
[2023-07-01T00:12:15.069+0000] {processor.py:175} INFO - Processing /home/airflow/.local/lib/python3.7/site-packages/airflow/example_dags/example_branch_labels.py took 0.058 seconds
[2023-07-01T00:12:45.639+0000] {processor.py:153} INFO - Started process (PID=52816) to work on /home/airflow/.local/lib/python3.7/site-packages/airflow/example_dags/example_branch_labels.py
[2023-07-01T00:12:45.640+0000] {processor.py:743} INFO - Processing file /home/airflow/.local/lib/python3.7/site-packages/airflow/example_dags/example_branch_labels.py for tasks to queue
[2023-07-01T00:12:45.641+0000] {logging_mixin.py:137} INFO - [2023-07-01T00:12:45.641+0000] {dagbag.py:532} INFO - Filling up the DagBag from /home/airflow/.local/lib/python3.7/site-packages/airflow/example_dags/example_branch_labels.py
[2023-07-01T00:12:45.652+0000] {processor.py:753} INFO - DAG(s) dict_keys(['example_branch_labels']) retrieved from /home/airflow/.local/lib/python3.7/site-packages/airflow/example_dags/example_branch_labels.py
[2023-07-01T00:12:45.670+0000] {logging_mixin.py:137} INFO - [2023-07-01T00:12:45.670+0000] {dag.py:2705} INFO - Sync 1 DAGs
[2023-07-01T00:12:45.685+0000] {logging_mixin.py:137} INFO - [2023-07-01T00:12:45.685+0000] {dag.py:3456} INFO - Setting next_dagrun for example_branch_labels to 2023-06-30T00:00:00+00:00, run_after=2023-07-01T00:00:00+00:00
[2023-07-01T00:12:45.693+0000] {processor.py:175} INFO - Processing /home/airflow/.local/lib/python3.7/site-packages/airflow/example_dags/example_branch_labels.py took 0.057 seconds
[2023-07-01T00:13:16.550+0000] {processor.py:153} INFO - Started process (PID=52873) to work on /home/airflow/.local/lib/python3.7/site-packages/airflow/example_dags/example_branch_labels.py
[2023-07-01T00:13:16.551+0000] {processor.py:743} INFO - Processing file /home/airflow/.local/lib/python3.7/site-packages/airflow/example_dags/example_branch_labels.py for tasks to queue
[2023-07-01T00:13:16.551+0000] {logging_mixin.py:137} INFO - [2023-07-01T00:13:16.551+0000] {dagbag.py:532} INFO - Filling up the DagBag from /home/airflow/.local/lib/python3.7/site-packages/airflow/example_dags/example_branch_labels.py
[2023-07-01T00:13:16.563+0000] {processor.py:753} INFO - DAG(s) dict_keys(['example_branch_labels']) retrieved from /home/airflow/.local/lib/python3.7/site-packages/airflow/example_dags/example_branch_labels.py
[2023-07-01T00:13:16.590+0000] {logging_mixin.py:137} INFO - [2023-07-01T00:13:16.589+0000] {dag.py:2705} INFO - Sync 1 DAGs
[2023-07-01T00:13:16.608+0000] {logging_mixin.py:137} INFO - [2023-07-01T00:13:16.607+0000] {dag.py:3456} INFO - Setting next_dagrun for example_branch_labels to 2023-06-30T00:00:00+00:00, run_after=2023-07-01T00:00:00+00:00
[2023-07-01T00:13:16.617+0000] {processor.py:175} INFO - Processing /home/airflow/.local/lib/python3.7/site-packages/airflow/example_dags/example_branch_labels.py took 0.070 seconds
[2023-07-01T00:13:46.722+0000] {processor.py:153} INFO - Started process (PID=52931) to work on /home/airflow/.local/lib/python3.7/site-packages/airflow/example_dags/example_branch_labels.py
[2023-07-01T00:13:46.723+0000] {processor.py:743} INFO - Processing file /home/airflow/.local/lib/python3.7/site-packages/airflow/example_dags/example_branch_labels.py for tasks to queue
[2023-07-01T00:13:46.724+0000] {logging_mixin.py:137} INFO - [2023-07-01T00:13:46.723+0000] {dagbag.py:532} INFO - Filling up the DagBag from /home/airflow/.local/lib/python3.7/site-packages/airflow/example_dags/example_branch_labels.py
[2023-07-01T00:13:46.736+0000] {processor.py:753} INFO - DAG(s) dict_keys(['example_branch_labels']) retrieved from /home/airflow/.local/lib/python3.7/site-packages/airflow/example_dags/example_branch_labels.py
[2023-07-01T00:13:46.755+0000] {logging_mixin.py:137} INFO - [2023-07-01T00:13:46.755+0000] {dag.py:2705} INFO - Sync 1 DAGs
[2023-07-01T00:13:46.770+0000] {logging_mixin.py:137} INFO - [2023-07-01T00:13:46.770+0000] {dag.py:3456} INFO - Setting next_dagrun for example_branch_labels to 2023-06-30T00:00:00+00:00, run_after=2023-07-01T00:00:00+00:00
[2023-07-01T00:13:46.779+0000] {processor.py:175} INFO - Processing /home/airflow/.local/lib/python3.7/site-packages/airflow/example_dags/example_branch_labels.py took 0.060 seconds
[2023-07-01T00:14:16.867+0000] {processor.py:153} INFO - Started process (PID=52988) to work on /home/airflow/.local/lib/python3.7/site-packages/airflow/example_dags/example_branch_labels.py
[2023-07-01T00:14:16.867+0000] {processor.py:743} INFO - Processing file /home/airflow/.local/lib/python3.7/site-packages/airflow/example_dags/example_branch_labels.py for tasks to queue
[2023-07-01T00:14:16.868+0000] {logging_mixin.py:137} INFO - [2023-07-01T00:14:16.868+0000] {dagbag.py:532} INFO - Filling up the DagBag from /home/airflow/.local/lib/python3.7/site-packages/airflow/example_dags/example_branch_labels.py
[2023-07-01T00:14:16.881+0000] {processor.py:753} INFO - DAG(s) dict_keys(['example_branch_labels']) retrieved from /home/airflow/.local/lib/python3.7/site-packages/airflow/example_dags/example_branch_labels.py
[2023-07-01T00:14:16.899+0000] {logging_mixin.py:137} INFO - [2023-07-01T00:14:16.899+0000] {dag.py:2705} INFO - Sync 1 DAGs
[2023-07-01T00:14:16.914+0000] {logging_mixin.py:137} INFO - [2023-07-01T00:14:16.914+0000] {dag.py:3456} INFO - Setting next_dagrun for example_branch_labels to 2023-06-30T00:00:00+00:00, run_after=2023-07-01T00:00:00+00:00
[2023-07-01T00:14:16.923+0000] {processor.py:175} INFO - Processing /home/airflow/.local/lib/python3.7/site-packages/airflow/example_dags/example_branch_labels.py took 0.059 seconds
[2023-07-01T00:14:47.168+0000] {processor.py:153} INFO - Started process (PID=53045) to work on /home/airflow/.local/lib/python3.7/site-packages/airflow/example_dags/example_branch_labels.py
[2023-07-01T00:14:47.169+0000] {processor.py:743} INFO - Processing file /home/airflow/.local/lib/python3.7/site-packages/airflow/example_dags/example_branch_labels.py for tasks to queue
[2023-07-01T00:14:47.169+0000] {logging_mixin.py:137} INFO - [2023-07-01T00:14:47.169+0000] {dagbag.py:532} INFO - Filling up the DagBag from /home/airflow/.local/lib/python3.7/site-packages/airflow/example_dags/example_branch_labels.py
[2023-07-01T00:14:47.181+0000] {processor.py:753} INFO - DAG(s) dict_keys(['example_branch_labels']) retrieved from /home/airflow/.local/lib/python3.7/site-packages/airflow/example_dags/example_branch_labels.py
[2023-07-01T00:14:47.201+0000] {logging_mixin.py:137} INFO - [2023-07-01T00:14:47.201+0000] {dag.py:2705} INFO - Sync 1 DAGs
[2023-07-01T00:14:47.225+0000] {logging_mixin.py:137} INFO - [2023-07-01T00:14:47.225+0000] {dag.py:3456} INFO - Setting next_dagrun for example_branch_labels to 2023-06-30T00:00:00+00:00, run_after=2023-07-01T00:00:00+00:00
[2023-07-01T00:14:47.235+0000] {processor.py:175} INFO - Processing /home/airflow/.local/lib/python3.7/site-packages/airflow/example_dags/example_branch_labels.py took 0.070 seconds
[2023-07-01T00:15:17.579+0000] {processor.py:153} INFO - Started process (PID=53102) to work on /home/airflow/.local/lib/python3.7/site-packages/airflow/example_dags/example_branch_labels.py
[2023-07-01T00:15:17.580+0000] {processor.py:743} INFO - Processing file /home/airflow/.local/lib/python3.7/site-packages/airflow/example_dags/example_branch_labels.py for tasks to queue
[2023-07-01T00:15:17.581+0000] {logging_mixin.py:137} INFO - [2023-07-01T00:15:17.581+0000] {dagbag.py:532} INFO - Filling up the DagBag from /home/airflow/.local/lib/python3.7/site-packages/airflow/example_dags/example_branch_labels.py
[2023-07-01T00:15:17.591+0000] {processor.py:753} INFO - DAG(s) dict_keys(['example_branch_labels']) retrieved from /home/airflow/.local/lib/python3.7/site-packages/airflow/example_dags/example_branch_labels.py
[2023-07-01T00:15:17.611+0000] {logging_mixin.py:137} INFO - [2023-07-01T00:15:17.611+0000] {dag.py:2705} INFO - Sync 1 DAGs
[2023-07-01T00:15:17.626+0000] {logging_mixin.py:137} INFO - [2023-07-01T00:15:17.626+0000] {dag.py:3456} INFO - Setting next_dagrun for example_branch_labels to 2023-06-30T00:00:00+00:00, run_after=2023-07-01T00:00:00+00:00
[2023-07-01T00:15:17.635+0000] {processor.py:175} INFO - Processing /home/airflow/.local/lib/python3.7/site-packages/airflow/example_dags/example_branch_labels.py took 0.059 seconds
[2023-07-01T00:15:47.740+0000] {processor.py:153} INFO - Started process (PID=53158) to work on /home/airflow/.local/lib/python3.7/site-packages/airflow/example_dags/example_branch_labels.py
[2023-07-01T00:15:47.741+0000] {processor.py:743} INFO - Processing file /home/airflow/.local/lib/python3.7/site-packages/airflow/example_dags/example_branch_labels.py for tasks to queue
[2023-07-01T00:15:47.742+0000] {logging_mixin.py:137} INFO - [2023-07-01T00:15:47.742+0000] {dagbag.py:532} INFO - Filling up the DagBag from /home/airflow/.local/lib/python3.7/site-packages/airflow/example_dags/example_branch_labels.py
[2023-07-01T00:15:47.753+0000] {processor.py:753} INFO - DAG(s) dict_keys(['example_branch_labels']) retrieved from /home/airflow/.local/lib/python3.7/site-packages/airflow/example_dags/example_branch_labels.py
[2023-07-01T00:15:47.773+0000] {logging_mixin.py:137} INFO - [2023-07-01T00:15:47.773+0000] {dag.py:2705} INFO - Sync 1 DAGs
[2023-07-01T00:15:47.788+0000] {logging_mixin.py:137} INFO - [2023-07-01T00:15:47.788+0000] {dag.py:3456} INFO - Setting next_dagrun for example_branch_labels to 2023-06-30T00:00:00+00:00, run_after=2023-07-01T00:00:00+00:00
[2023-07-01T00:15:47.799+0000] {processor.py:175} INFO - Processing /home/airflow/.local/lib/python3.7/site-packages/airflow/example_dags/example_branch_labels.py took 0.061 seconds
[2023-07-01T00:16:17.944+0000] {processor.py:153} INFO - Started process (PID=53215) to work on /home/airflow/.local/lib/python3.7/site-packages/airflow/example_dags/example_branch_labels.py
[2023-07-01T00:16:17.945+0000] {processor.py:743} INFO - Processing file /home/airflow/.local/lib/python3.7/site-packages/airflow/example_dags/example_branch_labels.py for tasks to queue
[2023-07-01T00:16:17.945+0000] {logging_mixin.py:137} INFO - [2023-07-01T00:16:17.945+0000] {dagbag.py:532} INFO - Filling up the DagBag from /home/airflow/.local/lib/python3.7/site-packages/airflow/example_dags/example_branch_labels.py
[2023-07-01T00:16:17.955+0000] {processor.py:753} INFO - DAG(s) dict_keys(['example_branch_labels']) retrieved from /home/airflow/.local/lib/python3.7/site-packages/airflow/example_dags/example_branch_labels.py
[2023-07-01T00:16:17.975+0000] {logging_mixin.py:137} INFO - [2023-07-01T00:16:17.975+0000] {dag.py:2705} INFO - Sync 1 DAGs
[2023-07-01T00:16:17.994+0000] {logging_mixin.py:137} INFO - [2023-07-01T00:16:17.994+0000] {dag.py:3456} INFO - Setting next_dagrun for example_branch_labels to 2023-06-30T00:00:00+00:00, run_after=2023-07-01T00:00:00+00:00
[2023-07-01T00:16:18.004+0000] {processor.py:175} INFO - Processing /home/airflow/.local/lib/python3.7/site-packages/airflow/example_dags/example_branch_labels.py took 0.063 seconds
[2023-07-01T00:16:48.481+0000] {processor.py:153} INFO - Started process (PID=53272) to work on /home/airflow/.local/lib/python3.7/site-packages/airflow/example_dags/example_branch_labels.py
[2023-07-01T00:16:48.482+0000] {processor.py:743} INFO - Processing file /home/airflow/.local/lib/python3.7/site-packages/airflow/example_dags/example_branch_labels.py for tasks to queue
[2023-07-01T00:16:48.482+0000] {logging_mixin.py:137} INFO - [2023-07-01T00:16:48.482+0000] {dagbag.py:532} INFO - Filling up the DagBag from /home/airflow/.local/lib/python3.7/site-packages/airflow/example_dags/example_branch_labels.py
[2023-07-01T00:16:48.492+0000] {processor.py:753} INFO - DAG(s) dict_keys(['example_branch_labels']) retrieved from /home/airflow/.local/lib/python3.7/site-packages/airflow/example_dags/example_branch_labels.py
[2023-07-01T00:16:48.512+0000] {logging_mixin.py:137} INFO - [2023-07-01T00:16:48.512+0000] {dag.py:2705} INFO - Sync 1 DAGs
[2023-07-01T00:16:48.527+0000] {logging_mixin.py:137} INFO - [2023-07-01T00:16:48.527+0000] {dag.py:3456} INFO - Setting next_dagrun for example_branch_labels to 2023-06-30T00:00:00+00:00, run_after=2023-07-01T00:00:00+00:00
[2023-07-01T00:16:48.538+0000] {processor.py:175} INFO - Processing /home/airflow/.local/lib/python3.7/site-packages/airflow/example_dags/example_branch_labels.py took 0.060 seconds
[2023-07-01T00:17:18.581+0000] {processor.py:153} INFO - Started process (PID=53329) to work on /home/airflow/.local/lib/python3.7/site-packages/airflow/example_dags/example_branch_labels.py
[2023-07-01T00:17:18.581+0000] {processor.py:743} INFO - Processing file /home/airflow/.local/lib/python3.7/site-packages/airflow/example_dags/example_branch_labels.py for tasks to queue
[2023-07-01T00:17:18.582+0000] {logging_mixin.py:137} INFO - [2023-07-01T00:17:18.582+0000] {dagbag.py:532} INFO - Filling up the DagBag from /home/airflow/.local/lib/python3.7/site-packages/airflow/example_dags/example_branch_labels.py
[2023-07-01T00:17:18.593+0000] {processor.py:753} INFO - DAG(s) dict_keys(['example_branch_labels']) retrieved from /home/airflow/.local/lib/python3.7/site-packages/airflow/example_dags/example_branch_labels.py
[2023-07-01T00:17:18.613+0000] {logging_mixin.py:137} INFO - [2023-07-01T00:17:18.613+0000] {dag.py:2705} INFO - Sync 1 DAGs
[2023-07-01T00:17:18.628+0000] {logging_mixin.py:137} INFO - [2023-07-01T00:17:18.628+0000] {dag.py:3456} INFO - Setting next_dagrun for example_branch_labels to 2023-06-30T00:00:00+00:00, run_after=2023-07-01T00:00:00+00:00
[2023-07-01T00:17:18.638+0000] {processor.py:175} INFO - Processing /home/airflow/.local/lib/python3.7/site-packages/airflow/example_dags/example_branch_labels.py took 0.061 seconds
[2023-07-01T00:17:49.291+0000] {processor.py:153} INFO - Started process (PID=53386) to work on /home/airflow/.local/lib/python3.7/site-packages/airflow/example_dags/example_branch_labels.py
[2023-07-01T00:17:49.292+0000] {processor.py:743} INFO - Processing file /home/airflow/.local/lib/python3.7/site-packages/airflow/example_dags/example_branch_labels.py for tasks to queue
[2023-07-01T00:17:49.292+0000] {logging_mixin.py:137} INFO - [2023-07-01T00:17:49.292+0000] {dagbag.py:532} INFO - Filling up the DagBag from /home/airflow/.local/lib/python3.7/site-packages/airflow/example_dags/example_branch_labels.py
[2023-07-01T00:17:49.305+0000] {processor.py:753} INFO - DAG(s) dict_keys(['example_branch_labels']) retrieved from /home/airflow/.local/lib/python3.7/site-packages/airflow/example_dags/example_branch_labels.py
[2023-07-01T00:17:49.326+0000] {logging_mixin.py:137} INFO - [2023-07-01T00:17:49.326+0000] {dag.py:2705} INFO - Sync 1 DAGs
[2023-07-01T00:17:49.341+0000] {logging_mixin.py:137} INFO - [2023-07-01T00:17:49.341+0000] {dag.py:3456} INFO - Setting next_dagrun for example_branch_labels to 2023-06-30T00:00:00+00:00, run_after=2023-07-01T00:00:00+00:00
[2023-07-01T00:17:49.350+0000] {processor.py:175} INFO - Processing /home/airflow/.local/lib/python3.7/site-packages/airflow/example_dags/example_branch_labels.py took 0.062 seconds
[2023-07-01T00:18:20.019+0000] {processor.py:153} INFO - Started process (PID=53443) to work on /home/airflow/.local/lib/python3.7/site-packages/airflow/example_dags/example_branch_labels.py
[2023-07-01T00:18:20.020+0000] {processor.py:743} INFO - Processing file /home/airflow/.local/lib/python3.7/site-packages/airflow/example_dags/example_branch_labels.py for tasks to queue
[2023-07-01T00:18:20.021+0000] {logging_mixin.py:137} INFO - [2023-07-01T00:18:20.020+0000] {dagbag.py:532} INFO - Filling up the DagBag from /home/airflow/.local/lib/python3.7/site-packages/airflow/example_dags/example_branch_labels.py
[2023-07-01T00:18:20.032+0000] {processor.py:753} INFO - DAG(s) dict_keys(['example_branch_labels']) retrieved from /home/airflow/.local/lib/python3.7/site-packages/airflow/example_dags/example_branch_labels.py
[2023-07-01T00:18:20.055+0000] {logging_mixin.py:137} INFO - [2023-07-01T00:18:20.055+0000] {dag.py:2705} INFO - Sync 1 DAGs
[2023-07-01T00:18:20.073+0000] {logging_mixin.py:137} INFO - [2023-07-01T00:18:20.073+0000] {dag.py:3456} INFO - Setting next_dagrun for example_branch_labels to 2023-06-30T00:00:00+00:00, run_after=2023-07-01T00:00:00+00:00
[2023-07-01T00:18:20.083+0000] {processor.py:175} INFO - Processing /home/airflow/.local/lib/python3.7/site-packages/airflow/example_dags/example_branch_labels.py took 0.067 seconds
[2023-07-01T00:18:51.095+0000] {processor.py:153} INFO - Started process (PID=53500) to work on /home/airflow/.local/lib/python3.7/site-packages/airflow/example_dags/example_branch_labels.py
[2023-07-01T00:18:51.096+0000] {processor.py:743} INFO - Processing file /home/airflow/.local/lib/python3.7/site-packages/airflow/example_dags/example_branch_labels.py for tasks to queue
[2023-07-01T00:18:51.097+0000] {logging_mixin.py:137} INFO - [2023-07-01T00:18:51.097+0000] {dagbag.py:532} INFO - Filling up the DagBag from /home/airflow/.local/lib/python3.7/site-packages/airflow/example_dags/example_branch_labels.py
[2023-07-01T00:18:51.108+0000] {processor.py:753} INFO - DAG(s) dict_keys(['example_branch_labels']) retrieved from /home/airflow/.local/lib/python3.7/site-packages/airflow/example_dags/example_branch_labels.py
[2023-07-01T00:18:51.130+0000] {logging_mixin.py:137} INFO - [2023-07-01T00:18:51.130+0000] {dag.py:2705} INFO - Sync 1 DAGs
[2023-07-01T00:18:51.162+0000] {logging_mixin.py:137} INFO - [2023-07-01T00:18:51.162+0000] {dag.py:3456} INFO - Setting next_dagrun for example_branch_labels to 2023-06-30T00:00:00+00:00, run_after=2023-07-01T00:00:00+00:00
[2023-07-01T00:18:51.176+0000] {processor.py:175} INFO - Processing /home/airflow/.local/lib/python3.7/site-packages/airflow/example_dags/example_branch_labels.py took 0.083 seconds
[2023-07-01T00:19:21.337+0000] {processor.py:153} INFO - Started process (PID=53558) to work on /home/airflow/.local/lib/python3.7/site-packages/airflow/example_dags/example_branch_labels.py
[2023-07-01T00:19:21.338+0000] {processor.py:743} INFO - Processing file /home/airflow/.local/lib/python3.7/site-packages/airflow/example_dags/example_branch_labels.py for tasks to queue
[2023-07-01T00:19:21.339+0000] {logging_mixin.py:137} INFO - [2023-07-01T00:19:21.339+0000] {dagbag.py:532} INFO - Filling up the DagBag from /home/airflow/.local/lib/python3.7/site-packages/airflow/example_dags/example_branch_labels.py
[2023-07-01T00:19:21.351+0000] {processor.py:753} INFO - DAG(s) dict_keys(['example_branch_labels']) retrieved from /home/airflow/.local/lib/python3.7/site-packages/airflow/example_dags/example_branch_labels.py
[2023-07-01T00:19:21.380+0000] {logging_mixin.py:137} INFO - [2023-07-01T00:19:21.380+0000] {dag.py:2705} INFO - Sync 1 DAGs
[2023-07-01T00:19:21.398+0000] {logging_mixin.py:137} INFO - [2023-07-01T00:19:21.398+0000] {dag.py:3456} INFO - Setting next_dagrun for example_branch_labels to 2023-06-30T00:00:00+00:00, run_after=2023-07-01T00:00:00+00:00
[2023-07-01T00:19:21.408+0000] {processor.py:175} INFO - Processing /home/airflow/.local/lib/python3.7/site-packages/airflow/example_dags/example_branch_labels.py took 0.073 seconds
[2023-07-01T00:19:51.810+0000] {processor.py:153} INFO - Started process (PID=53615) to work on /home/airflow/.local/lib/python3.7/site-packages/airflow/example_dags/example_branch_labels.py
[2023-07-01T00:19:51.811+0000] {processor.py:743} INFO - Processing file /home/airflow/.local/lib/python3.7/site-packages/airflow/example_dags/example_branch_labels.py for tasks to queue
[2023-07-01T00:19:51.812+0000] {logging_mixin.py:137} INFO - [2023-07-01T00:19:51.812+0000] {dagbag.py:532} INFO - Filling up the DagBag from /home/airflow/.local/lib/python3.7/site-packages/airflow/example_dags/example_branch_labels.py
[2023-07-01T00:19:51.821+0000] {processor.py:753} INFO - DAG(s) dict_keys(['example_branch_labels']) retrieved from /home/airflow/.local/lib/python3.7/site-packages/airflow/example_dags/example_branch_labels.py
[2023-07-01T00:19:51.841+0000] {logging_mixin.py:137} INFO - [2023-07-01T00:19:51.841+0000] {dag.py:2705} INFO - Sync 1 DAGs
[2023-07-01T00:19:51.856+0000] {logging_mixin.py:137} INFO - [2023-07-01T00:19:51.856+0000] {dag.py:3456} INFO - Setting next_dagrun for example_branch_labels to 2023-06-30T00:00:00+00:00, run_after=2023-07-01T00:00:00+00:00
[2023-07-01T00:19:51.865+0000] {processor.py:175} INFO - Processing /home/airflow/.local/lib/python3.7/site-packages/airflow/example_dags/example_branch_labels.py took 0.058 seconds
[2023-07-01T00:20:22.102+0000] {processor.py:153} INFO - Started process (PID=53672) to work on /home/airflow/.local/lib/python3.7/site-packages/airflow/example_dags/example_branch_labels.py
[2023-07-01T00:20:22.103+0000] {processor.py:743} INFO - Processing file /home/airflow/.local/lib/python3.7/site-packages/airflow/example_dags/example_branch_labels.py for tasks to queue
[2023-07-01T00:20:22.104+0000] {logging_mixin.py:137} INFO - [2023-07-01T00:20:22.104+0000] {dagbag.py:532} INFO - Filling up the DagBag from /home/airflow/.local/lib/python3.7/site-packages/airflow/example_dags/example_branch_labels.py
[2023-07-01T00:20:22.114+0000] {processor.py:753} INFO - DAG(s) dict_keys(['example_branch_labels']) retrieved from /home/airflow/.local/lib/python3.7/site-packages/airflow/example_dags/example_branch_labels.py
[2023-07-01T00:20:22.133+0000] {logging_mixin.py:137} INFO - [2023-07-01T00:20:22.133+0000] {dag.py:2705} INFO - Sync 1 DAGs
[2023-07-01T00:20:22.148+0000] {logging_mixin.py:137} INFO - [2023-07-01T00:20:22.148+0000] {dag.py:3456} INFO - Setting next_dagrun for example_branch_labels to 2023-06-30T00:00:00+00:00, run_after=2023-07-01T00:00:00+00:00
[2023-07-01T00:20:22.159+0000] {processor.py:175} INFO - Processing /home/airflow/.local/lib/python3.7/site-packages/airflow/example_dags/example_branch_labels.py took 0.059 seconds
[2023-07-01T00:20:52.335+0000] {processor.py:153} INFO - Started process (PID=53730) to work on /home/airflow/.local/lib/python3.7/site-packages/airflow/example_dags/example_branch_labels.py
[2023-07-01T00:20:52.336+0000] {processor.py:743} INFO - Processing file /home/airflow/.local/lib/python3.7/site-packages/airflow/example_dags/example_branch_labels.py for tasks to queue
[2023-07-01T00:20:52.336+0000] {logging_mixin.py:137} INFO - [2023-07-01T00:20:52.336+0000] {dagbag.py:532} INFO - Filling up the DagBag from /home/airflow/.local/lib/python3.7/site-packages/airflow/example_dags/example_branch_labels.py
[2023-07-01T00:20:52.346+0000] {processor.py:753} INFO - DAG(s) dict_keys(['example_branch_labels']) retrieved from /home/airflow/.local/lib/python3.7/site-packages/airflow/example_dags/example_branch_labels.py
[2023-07-01T00:20:52.364+0000] {logging_mixin.py:137} INFO - [2023-07-01T00:20:52.364+0000] {dag.py:2705} INFO - Sync 1 DAGs
[2023-07-01T00:20:52.380+0000] {logging_mixin.py:137} INFO - [2023-07-01T00:20:52.380+0000] {dag.py:3456} INFO - Setting next_dagrun for example_branch_labels to 2023-06-30T00:00:00+00:00, run_after=2023-07-01T00:00:00+00:00
[2023-07-01T00:20:52.389+0000] {processor.py:175} INFO - Processing /home/airflow/.local/lib/python3.7/site-packages/airflow/example_dags/example_branch_labels.py took 0.057 seconds
[2023-07-01T00:21:22.482+0000] {processor.py:153} INFO - Started process (PID=53787) to work on /home/airflow/.local/lib/python3.7/site-packages/airflow/example_dags/example_branch_labels.py
[2023-07-01T00:21:22.483+0000] {processor.py:743} INFO - Processing file /home/airflow/.local/lib/python3.7/site-packages/airflow/example_dags/example_branch_labels.py for tasks to queue
[2023-07-01T00:21:22.483+0000] {logging_mixin.py:137} INFO - [2023-07-01T00:21:22.483+0000] {dagbag.py:532} INFO - Filling up the DagBag from /home/airflow/.local/lib/python3.7/site-packages/airflow/example_dags/example_branch_labels.py
[2023-07-01T00:21:22.493+0000] {processor.py:753} INFO - DAG(s) dict_keys(['example_branch_labels']) retrieved from /home/airflow/.local/lib/python3.7/site-packages/airflow/example_dags/example_branch_labels.py
[2023-07-01T00:21:22.511+0000] {logging_mixin.py:137} INFO - [2023-07-01T00:21:22.511+0000] {dag.py:2705} INFO - Sync 1 DAGs
[2023-07-01T00:21:22.525+0000] {logging_mixin.py:137} INFO - [2023-07-01T00:21:22.525+0000] {dag.py:3456} INFO - Setting next_dagrun for example_branch_labels to 2023-06-30T00:00:00+00:00, run_after=2023-07-01T00:00:00+00:00
[2023-07-01T00:21:22.535+0000] {processor.py:175} INFO - Processing /home/airflow/.local/lib/python3.7/site-packages/airflow/example_dags/example_branch_labels.py took 0.055 seconds
[2023-07-01T00:21:53.243+0000] {processor.py:153} INFO - Started process (PID=53845) to work on /home/airflow/.local/lib/python3.7/site-packages/airflow/example_dags/example_branch_labels.py
[2023-07-01T00:21:53.244+0000] {processor.py:743} INFO - Processing file /home/airflow/.local/lib/python3.7/site-packages/airflow/example_dags/example_branch_labels.py for tasks to queue
[2023-07-01T00:21:53.245+0000] {logging_mixin.py:137} INFO - [2023-07-01T00:21:53.245+0000] {dagbag.py:532} INFO - Filling up the DagBag from /home/airflow/.local/lib/python3.7/site-packages/airflow/example_dags/example_branch_labels.py
[2023-07-01T00:21:53.256+0000] {processor.py:753} INFO - DAG(s) dict_keys(['example_branch_labels']) retrieved from /home/airflow/.local/lib/python3.7/site-packages/airflow/example_dags/example_branch_labels.py
[2023-07-01T00:21:53.275+0000] {logging_mixin.py:137} INFO - [2023-07-01T00:21:53.275+0000] {dag.py:2705} INFO - Sync 1 DAGs
[2023-07-01T00:21:53.291+0000] {logging_mixin.py:137} INFO - [2023-07-01T00:21:53.291+0000] {dag.py:3456} INFO - Setting next_dagrun for example_branch_labels to 2023-06-30T00:00:00+00:00, run_after=2023-07-01T00:00:00+00:00
[2023-07-01T00:21:53.300+0000] {processor.py:175} INFO - Processing /home/airflow/.local/lib/python3.7/site-packages/airflow/example_dags/example_branch_labels.py took 0.060 seconds
[2023-07-01T00:22:24.110+0000] {processor.py:153} INFO - Started process (PID=53902) to work on /home/airflow/.local/lib/python3.7/site-packages/airflow/example_dags/example_branch_labels.py
[2023-07-01T00:22:24.111+0000] {processor.py:743} INFO - Processing file /home/airflow/.local/lib/python3.7/site-packages/airflow/example_dags/example_branch_labels.py for tasks to queue
[2023-07-01T00:22:24.112+0000] {logging_mixin.py:137} INFO - [2023-07-01T00:22:24.112+0000] {dagbag.py:532} INFO - Filling up the DagBag from /home/airflow/.local/lib/python3.7/site-packages/airflow/example_dags/example_branch_labels.py
[2023-07-01T00:22:24.122+0000] {processor.py:753} INFO - DAG(s) dict_keys(['example_branch_labels']) retrieved from /home/airflow/.local/lib/python3.7/site-packages/airflow/example_dags/example_branch_labels.py
[2023-07-01T00:22:24.141+0000] {logging_mixin.py:137} INFO - [2023-07-01T00:22:24.140+0000] {dag.py:2705} INFO - Sync 1 DAGs
[2023-07-01T00:22:24.156+0000] {logging_mixin.py:137} INFO - [2023-07-01T00:22:24.156+0000] {dag.py:3456} INFO - Setting next_dagrun for example_branch_labels to 2023-06-30T00:00:00+00:00, run_after=2023-07-01T00:00:00+00:00
[2023-07-01T00:22:24.165+0000] {processor.py:175} INFO - Processing /home/airflow/.local/lib/python3.7/site-packages/airflow/example_dags/example_branch_labels.py took 0.057 seconds
[2023-07-01T00:22:54.661+0000] {processor.py:153} INFO - Started process (PID=53959) to work on /home/airflow/.local/lib/python3.7/site-packages/airflow/example_dags/example_branch_labels.py
[2023-07-01T00:22:54.661+0000] {processor.py:743} INFO - Processing file /home/airflow/.local/lib/python3.7/site-packages/airflow/example_dags/example_branch_labels.py for tasks to queue
[2023-07-01T00:22:54.662+0000] {logging_mixin.py:137} INFO - [2023-07-01T00:22:54.662+0000] {dagbag.py:532} INFO - Filling up the DagBag from /home/airflow/.local/lib/python3.7/site-packages/airflow/example_dags/example_branch_labels.py
[2023-07-01T00:22:54.672+0000] {processor.py:753} INFO - DAG(s) dict_keys(['example_branch_labels']) retrieved from /home/airflow/.local/lib/python3.7/site-packages/airflow/example_dags/example_branch_labels.py
[2023-07-01T00:22:54.691+0000] {logging_mixin.py:137} INFO - [2023-07-01T00:22:54.691+0000] {dag.py:2705} INFO - Sync 1 DAGs
[2023-07-01T00:22:54.706+0000] {logging_mixin.py:137} INFO - [2023-07-01T00:22:54.706+0000] {dag.py:3456} INFO - Setting next_dagrun for example_branch_labels to 2023-06-30T00:00:00+00:00, run_after=2023-07-01T00:00:00+00:00
[2023-07-01T00:22:54.715+0000] {processor.py:175} INFO - Processing /home/airflow/.local/lib/python3.7/site-packages/airflow/example_dags/example_branch_labels.py took 0.057 seconds
[2023-07-01T00:23:25.361+0000] {processor.py:153} INFO - Started process (PID=54016) to work on /home/airflow/.local/lib/python3.7/site-packages/airflow/example_dags/example_branch_labels.py
[2023-07-01T00:23:25.362+0000] {processor.py:743} INFO - Processing file /home/airflow/.local/lib/python3.7/site-packages/airflow/example_dags/example_branch_labels.py for tasks to queue
[2023-07-01T00:23:25.363+0000] {logging_mixin.py:137} INFO - [2023-07-01T00:23:25.363+0000] {dagbag.py:532} INFO - Filling up the DagBag from /home/airflow/.local/lib/python3.7/site-packages/airflow/example_dags/example_branch_labels.py
[2023-07-01T00:23:25.373+0000] {processor.py:753} INFO - DAG(s) dict_keys(['example_branch_labels']) retrieved from /home/airflow/.local/lib/python3.7/site-packages/airflow/example_dags/example_branch_labels.py
[2023-07-01T00:23:25.392+0000] {logging_mixin.py:137} INFO - [2023-07-01T00:23:25.392+0000] {dag.py:2705} INFO - Sync 1 DAGs
[2023-07-01T00:23:25.407+0000] {logging_mixin.py:137} INFO - [2023-07-01T00:23:25.407+0000] {dag.py:3456} INFO - Setting next_dagrun for example_branch_labels to 2023-06-30T00:00:00+00:00, run_after=2023-07-01T00:00:00+00:00
[2023-07-01T00:23:25.417+0000] {processor.py:175} INFO - Processing /home/airflow/.local/lib/python3.7/site-packages/airflow/example_dags/example_branch_labels.py took 0.058 seconds
[2023-07-01T00:23:56.242+0000] {processor.py:153} INFO - Started process (PID=54073) to work on /home/airflow/.local/lib/python3.7/site-packages/airflow/example_dags/example_branch_labels.py
[2023-07-01T00:23:56.243+0000] {processor.py:743} INFO - Processing file /home/airflow/.local/lib/python3.7/site-packages/airflow/example_dags/example_branch_labels.py for tasks to queue
[2023-07-01T00:23:56.244+0000] {logging_mixin.py:137} INFO - [2023-07-01T00:23:56.244+0000] {dagbag.py:532} INFO - Filling up the DagBag from /home/airflow/.local/lib/python3.7/site-packages/airflow/example_dags/example_branch_labels.py
[2023-07-01T00:23:56.259+0000] {processor.py:753} INFO - DAG(s) dict_keys(['example_branch_labels']) retrieved from /home/airflow/.local/lib/python3.7/site-packages/airflow/example_dags/example_branch_labels.py
[2023-07-01T00:23:56.290+0000] {logging_mixin.py:137} INFO - [2023-07-01T00:23:56.290+0000] {dag.py:2705} INFO - Sync 1 DAGs
[2023-07-01T00:23:56.306+0000] {logging_mixin.py:137} INFO - [2023-07-01T00:23:56.306+0000] {dag.py:3456} INFO - Setting next_dagrun for example_branch_labels to 2023-06-30T00:00:00+00:00, run_after=2023-07-01T00:00:00+00:00
[2023-07-01T00:23:56.316+0000] {processor.py:175} INFO - Processing /home/airflow/.local/lib/python3.7/site-packages/airflow/example_dags/example_branch_labels.py took 0.077 seconds
[2023-07-01T00:24:26.944+0000] {processor.py:153} INFO - Started process (PID=54130) to work on /home/airflow/.local/lib/python3.7/site-packages/airflow/example_dags/example_branch_labels.py
[2023-07-01T00:24:26.944+0000] {processor.py:743} INFO - Processing file /home/airflow/.local/lib/python3.7/site-packages/airflow/example_dags/example_branch_labels.py for tasks to queue
[2023-07-01T00:24:26.945+0000] {logging_mixin.py:137} INFO - [2023-07-01T00:24:26.945+0000] {dagbag.py:532} INFO - Filling up the DagBag from /home/airflow/.local/lib/python3.7/site-packages/airflow/example_dags/example_branch_labels.py
[2023-07-01T00:24:26.955+0000] {processor.py:753} INFO - DAG(s) dict_keys(['example_branch_labels']) retrieved from /home/airflow/.local/lib/python3.7/site-packages/airflow/example_dags/example_branch_labels.py
[2023-07-01T00:24:26.973+0000] {logging_mixin.py:137} INFO - [2023-07-01T00:24:26.973+0000] {dag.py:2705} INFO - Sync 1 DAGs
[2023-07-01T00:24:26.987+0000] {logging_mixin.py:137} INFO - [2023-07-01T00:24:26.987+0000] {dag.py:3456} INFO - Setting next_dagrun for example_branch_labels to 2023-06-30T00:00:00+00:00, run_after=2023-07-01T00:00:00+00:00
[2023-07-01T00:24:26.996+0000] {processor.py:175} INFO - Processing /home/airflow/.local/lib/python3.7/site-packages/airflow/example_dags/example_branch_labels.py took 0.055 seconds
[2023-07-01T00:24:57.698+0000] {processor.py:153} INFO - Started process (PID=54186) to work on /home/airflow/.local/lib/python3.7/site-packages/airflow/example_dags/example_branch_labels.py
[2023-07-01T00:24:57.699+0000] {processor.py:743} INFO - Processing file /home/airflow/.local/lib/python3.7/site-packages/airflow/example_dags/example_branch_labels.py for tasks to queue
[2023-07-01T00:24:57.700+0000] {logging_mixin.py:137} INFO - [2023-07-01T00:24:57.700+0000] {dagbag.py:532} INFO - Filling up the DagBag from /home/airflow/.local/lib/python3.7/site-packages/airflow/example_dags/example_branch_labels.py
[2023-07-01T00:24:57.714+0000] {processor.py:753} INFO - DAG(s) dict_keys(['example_branch_labels']) retrieved from /home/airflow/.local/lib/python3.7/site-packages/airflow/example_dags/example_branch_labels.py
[2023-07-01T00:24:57.735+0000] {logging_mixin.py:137} INFO - [2023-07-01T00:24:57.735+0000] {dag.py:2705} INFO - Sync 1 DAGs
[2023-07-01T00:24:57.751+0000] {logging_mixin.py:137} INFO - [2023-07-01T00:24:57.751+0000] {dag.py:3456} INFO - Setting next_dagrun for example_branch_labels to 2023-06-30T00:00:00+00:00, run_after=2023-07-01T00:00:00+00:00
[2023-07-01T00:24:57.762+0000] {processor.py:175} INFO - Processing /home/airflow/.local/lib/python3.7/site-packages/airflow/example_dags/example_branch_labels.py took 0.066 seconds
[2023-07-01T00:25:27.969+0000] {processor.py:153} INFO - Started process (PID=54243) to work on /home/airflow/.local/lib/python3.7/site-packages/airflow/example_dags/example_branch_labels.py
[2023-07-01T00:25:27.969+0000] {processor.py:743} INFO - Processing file /home/airflow/.local/lib/python3.7/site-packages/airflow/example_dags/example_branch_labels.py for tasks to queue
[2023-07-01T00:25:27.970+0000] {logging_mixin.py:137} INFO - [2023-07-01T00:25:27.970+0000] {dagbag.py:532} INFO - Filling up the DagBag from /home/airflow/.local/lib/python3.7/site-packages/airflow/example_dags/example_branch_labels.py
[2023-07-01T00:25:27.980+0000] {processor.py:753} INFO - DAG(s) dict_keys(['example_branch_labels']) retrieved from /home/airflow/.local/lib/python3.7/site-packages/airflow/example_dags/example_branch_labels.py
[2023-07-01T00:25:28.001+0000] {logging_mixin.py:137} INFO - [2023-07-01T00:25:28.001+0000] {dag.py:2705} INFO - Sync 1 DAGs
[2023-07-01T00:25:28.017+0000] {logging_mixin.py:137} INFO - [2023-07-01T00:25:28.017+0000] {dag.py:3456} INFO - Setting next_dagrun for example_branch_labels to 2023-06-30T00:00:00+00:00, run_after=2023-07-01T00:00:00+00:00
[2023-07-01T00:25:28.027+0000] {processor.py:175} INFO - Processing /home/airflow/.local/lib/python3.7/site-packages/airflow/example_dags/example_branch_labels.py took 0.061 seconds
[2023-07-01T00:25:58.188+0000] {processor.py:153} INFO - Started process (PID=54301) to work on /home/airflow/.local/lib/python3.7/site-packages/airflow/example_dags/example_branch_labels.py
[2023-07-01T00:25:58.189+0000] {processor.py:743} INFO - Processing file /home/airflow/.local/lib/python3.7/site-packages/airflow/example_dags/example_branch_labels.py for tasks to queue
[2023-07-01T00:25:58.190+0000] {logging_mixin.py:137} INFO - [2023-07-01T00:25:58.190+0000] {dagbag.py:532} INFO - Filling up the DagBag from /home/airflow/.local/lib/python3.7/site-packages/airflow/example_dags/example_branch_labels.py
[2023-07-01T00:25:58.200+0000] {processor.py:753} INFO - DAG(s) dict_keys(['example_branch_labels']) retrieved from /home/airflow/.local/lib/python3.7/site-packages/airflow/example_dags/example_branch_labels.py
[2023-07-01T00:25:58.221+0000] {logging_mixin.py:137} INFO - [2023-07-01T00:25:58.221+0000] {dag.py:2705} INFO - Sync 1 DAGs
[2023-07-01T00:25:58.238+0000] {logging_mixin.py:137} INFO - [2023-07-01T00:25:58.238+0000] {dag.py:3456} INFO - Setting next_dagrun for example_branch_labels to 2023-06-30T00:00:00+00:00, run_after=2023-07-01T00:00:00+00:00
[2023-07-01T00:25:58.248+0000] {processor.py:175} INFO - Processing /home/airflow/.local/lib/python3.7/site-packages/airflow/example_dags/example_branch_labels.py took 0.065 seconds
[2023-07-01T00:26:29.187+0000] {processor.py:153} INFO - Started process (PID=54358) to work on /home/airflow/.local/lib/python3.7/site-packages/airflow/example_dags/example_branch_labels.py
[2023-07-01T00:26:29.188+0000] {processor.py:743} INFO - Processing file /home/airflow/.local/lib/python3.7/site-packages/airflow/example_dags/example_branch_labels.py for tasks to queue
[2023-07-01T00:26:29.190+0000] {logging_mixin.py:137} INFO - [2023-07-01T00:26:29.190+0000] {dagbag.py:532} INFO - Filling up the DagBag from /home/airflow/.local/lib/python3.7/site-packages/airflow/example_dags/example_branch_labels.py
[2023-07-01T00:26:29.203+0000] {processor.py:753} INFO - DAG(s) dict_keys(['example_branch_labels']) retrieved from /home/airflow/.local/lib/python3.7/site-packages/airflow/example_dags/example_branch_labels.py
[2023-07-01T00:26:29.224+0000] {logging_mixin.py:137} INFO - [2023-07-01T00:26:29.224+0000] {dag.py:2705} INFO - Sync 1 DAGs
[2023-07-01T00:26:29.239+0000] {logging_mixin.py:137} INFO - [2023-07-01T00:26:29.239+0000] {dag.py:3456} INFO - Setting next_dagrun for example_branch_labels to 2023-06-30T00:00:00+00:00, run_after=2023-07-01T00:00:00+00:00
[2023-07-01T00:26:29.251+0000] {processor.py:175} INFO - Processing /home/airflow/.local/lib/python3.7/site-packages/airflow/example_dags/example_branch_labels.py took 0.067 seconds
[2023-07-01T00:26:59.929+0000] {processor.py:153} INFO - Started process (PID=54415) to work on /home/airflow/.local/lib/python3.7/site-packages/airflow/example_dags/example_branch_labels.py
[2023-07-01T00:26:59.930+0000] {processor.py:743} INFO - Processing file /home/airflow/.local/lib/python3.7/site-packages/airflow/example_dags/example_branch_labels.py for tasks to queue
[2023-07-01T00:26:59.930+0000] {logging_mixin.py:137} INFO - [2023-07-01T00:26:59.930+0000] {dagbag.py:532} INFO - Filling up the DagBag from /home/airflow/.local/lib/python3.7/site-packages/airflow/example_dags/example_branch_labels.py
[2023-07-01T00:26:59.941+0000] {processor.py:753} INFO - DAG(s) dict_keys(['example_branch_labels']) retrieved from /home/airflow/.local/lib/python3.7/site-packages/airflow/example_dags/example_branch_labels.py
[2023-07-01T00:26:59.961+0000] {logging_mixin.py:137} INFO - [2023-07-01T00:26:59.961+0000] {dag.py:2705} INFO - Sync 1 DAGs
[2023-07-01T00:26:59.977+0000] {logging_mixin.py:137} INFO - [2023-07-01T00:26:59.977+0000] {dag.py:3456} INFO - Setting next_dagrun for example_branch_labels to 2023-06-30T00:00:00+00:00, run_after=2023-07-01T00:00:00+00:00
[2023-07-01T00:26:59.986+0000] {processor.py:175} INFO - Processing /home/airflow/.local/lib/python3.7/site-packages/airflow/example_dags/example_branch_labels.py took 0.061 seconds
[2023-07-01T00:27:30.887+0000] {processor.py:153} INFO - Started process (PID=54472) to work on /home/airflow/.local/lib/python3.7/site-packages/airflow/example_dags/example_branch_labels.py
[2023-07-01T00:27:30.888+0000] {processor.py:743} INFO - Processing file /home/airflow/.local/lib/python3.7/site-packages/airflow/example_dags/example_branch_labels.py for tasks to queue
[2023-07-01T00:27:30.889+0000] {logging_mixin.py:137} INFO - [2023-07-01T00:27:30.889+0000] {dagbag.py:532} INFO - Filling up the DagBag from /home/airflow/.local/lib/python3.7/site-packages/airflow/example_dags/example_branch_labels.py
[2023-07-01T00:27:30.898+0000] {processor.py:753} INFO - DAG(s) dict_keys(['example_branch_labels']) retrieved from /home/airflow/.local/lib/python3.7/site-packages/airflow/example_dags/example_branch_labels.py
[2023-07-01T00:27:30.916+0000] {logging_mixin.py:137} INFO - [2023-07-01T00:27:30.916+0000] {dag.py:2705} INFO - Sync 1 DAGs
[2023-07-01T00:27:30.930+0000] {logging_mixin.py:137} INFO - [2023-07-01T00:27:30.930+0000] {dag.py:3456} INFO - Setting next_dagrun for example_branch_labels to 2023-06-30T00:00:00+00:00, run_after=2023-07-01T00:00:00+00:00
[2023-07-01T00:27:30.939+0000] {processor.py:175} INFO - Processing /home/airflow/.local/lib/python3.7/site-packages/airflow/example_dags/example_branch_labels.py took 0.054 seconds
[2023-07-01T00:28:01.687+0000] {processor.py:153} INFO - Started process (PID=54528) to work on /home/airflow/.local/lib/python3.7/site-packages/airflow/example_dags/example_branch_labels.py
[2023-07-01T00:28:01.687+0000] {processor.py:743} INFO - Processing file /home/airflow/.local/lib/python3.7/site-packages/airflow/example_dags/example_branch_labels.py for tasks to queue
[2023-07-01T00:28:01.688+0000] {logging_mixin.py:137} INFO - [2023-07-01T00:28:01.688+0000] {dagbag.py:532} INFO - Filling up the DagBag from /home/airflow/.local/lib/python3.7/site-packages/airflow/example_dags/example_branch_labels.py
[2023-07-01T00:28:01.698+0000] {processor.py:753} INFO - DAG(s) dict_keys(['example_branch_labels']) retrieved from /home/airflow/.local/lib/python3.7/site-packages/airflow/example_dags/example_branch_labels.py
[2023-07-01T00:28:01.716+0000] {logging_mixin.py:137} INFO - [2023-07-01T00:28:01.716+0000] {dag.py:2705} INFO - Sync 1 DAGs
[2023-07-01T00:28:01.731+0000] {logging_mixin.py:137} INFO - [2023-07-01T00:28:01.731+0000] {dag.py:3456} INFO - Setting next_dagrun for example_branch_labels to 2023-06-30T00:00:00+00:00, run_after=2023-07-01T00:00:00+00:00
[2023-07-01T00:28:01.740+0000] {processor.py:175} INFO - Processing /home/airflow/.local/lib/python3.7/site-packages/airflow/example_dags/example_branch_labels.py took 0.056 seconds
[2023-07-01T00:28:32.487+0000] {processor.py:153} INFO - Started process (PID=54585) to work on /home/airflow/.local/lib/python3.7/site-packages/airflow/example_dags/example_branch_labels.py
[2023-07-01T00:28:32.488+0000] {processor.py:743} INFO - Processing file /home/airflow/.local/lib/python3.7/site-packages/airflow/example_dags/example_branch_labels.py for tasks to queue
[2023-07-01T00:28:32.488+0000] {logging_mixin.py:137} INFO - [2023-07-01T00:28:32.488+0000] {dagbag.py:532} INFO - Filling up the DagBag from /home/airflow/.local/lib/python3.7/site-packages/airflow/example_dags/example_branch_labels.py
[2023-07-01T00:28:32.498+0000] {processor.py:753} INFO - DAG(s) dict_keys(['example_branch_labels']) retrieved from /home/airflow/.local/lib/python3.7/site-packages/airflow/example_dags/example_branch_labels.py
[2023-07-01T00:28:32.516+0000] {logging_mixin.py:137} INFO - [2023-07-01T00:28:32.516+0000] {dag.py:2705} INFO - Sync 1 DAGs
[2023-07-01T00:28:32.530+0000] {logging_mixin.py:137} INFO - [2023-07-01T00:28:32.530+0000] {dag.py:3456} INFO - Setting next_dagrun for example_branch_labels to 2023-06-30T00:00:00+00:00, run_after=2023-07-01T00:00:00+00:00
[2023-07-01T00:28:32.539+0000] {processor.py:175} INFO - Processing /home/airflow/.local/lib/python3.7/site-packages/airflow/example_dags/example_branch_labels.py took 0.055 seconds
[2023-07-01T00:29:03.182+0000] {processor.py:153} INFO - Started process (PID=54643) to work on /home/airflow/.local/lib/python3.7/site-packages/airflow/example_dags/example_branch_labels.py
[2023-07-01T00:29:03.183+0000] {processor.py:743} INFO - Processing file /home/airflow/.local/lib/python3.7/site-packages/airflow/example_dags/example_branch_labels.py for tasks to queue
[2023-07-01T00:29:03.184+0000] {logging_mixin.py:137} INFO - [2023-07-01T00:29:03.184+0000] {dagbag.py:532} INFO - Filling up the DagBag from /home/airflow/.local/lib/python3.7/site-packages/airflow/example_dags/example_branch_labels.py
[2023-07-01T00:29:03.194+0000] {processor.py:753} INFO - DAG(s) dict_keys(['example_branch_labels']) retrieved from /home/airflow/.local/lib/python3.7/site-packages/airflow/example_dags/example_branch_labels.py
[2023-07-01T00:29:03.213+0000] {logging_mixin.py:137} INFO - [2023-07-01T00:29:03.213+0000] {dag.py:2705} INFO - Sync 1 DAGs
[2023-07-01T00:29:03.228+0000] {logging_mixin.py:137} INFO - [2023-07-01T00:29:03.228+0000] {dag.py:3456} INFO - Setting next_dagrun for example_branch_labels to 2023-06-30T00:00:00+00:00, run_after=2023-07-01T00:00:00+00:00
[2023-07-01T00:29:03.239+0000] {processor.py:175} INFO - Processing /home/airflow/.local/lib/python3.7/site-packages/airflow/example_dags/example_branch_labels.py took 0.059 seconds
[2023-07-01T00:29:34.220+0000] {processor.py:153} INFO - Started process (PID=54700) to work on /home/airflow/.local/lib/python3.7/site-packages/airflow/example_dags/example_branch_labels.py
[2023-07-01T00:29:34.227+0000] {processor.py:743} INFO - Processing file /home/airflow/.local/lib/python3.7/site-packages/airflow/example_dags/example_branch_labels.py for tasks to queue
[2023-07-01T00:29:34.228+0000] {logging_mixin.py:137} INFO - [2023-07-01T00:29:34.228+0000] {dagbag.py:532} INFO - Filling up the DagBag from /home/airflow/.local/lib/python3.7/site-packages/airflow/example_dags/example_branch_labels.py
[2023-07-01T00:29:34.238+0000] {processor.py:753} INFO - DAG(s) dict_keys(['example_branch_labels']) retrieved from /home/airflow/.local/lib/python3.7/site-packages/airflow/example_dags/example_branch_labels.py
[2023-07-01T00:29:34.256+0000] {logging_mixin.py:137} INFO - [2023-07-01T00:29:34.256+0000] {dag.py:2705} INFO - Sync 1 DAGs
[2023-07-01T00:29:34.272+0000] {logging_mixin.py:137} INFO - [2023-07-01T00:29:34.272+0000] {dag.py:3456} INFO - Setting next_dagrun for example_branch_labels to 2023-06-30T00:00:00+00:00, run_after=2023-07-01T00:00:00+00:00
[2023-07-01T00:29:34.281+0000] {processor.py:175} INFO - Processing /home/airflow/.local/lib/python3.7/site-packages/airflow/example_dags/example_branch_labels.py took 0.063 seconds
[2023-07-01T00:30:04.437+0000] {processor.py:153} INFO - Started process (PID=54758) to work on /home/airflow/.local/lib/python3.7/site-packages/airflow/example_dags/example_branch_labels.py
[2023-07-01T00:30:04.438+0000] {processor.py:743} INFO - Processing file /home/airflow/.local/lib/python3.7/site-packages/airflow/example_dags/example_branch_labels.py for tasks to queue
[2023-07-01T00:30:04.438+0000] {logging_mixin.py:137} INFO - [2023-07-01T00:30:04.438+0000] {dagbag.py:532} INFO - Filling up the DagBag from /home/airflow/.local/lib/python3.7/site-packages/airflow/example_dags/example_branch_labels.py
[2023-07-01T00:30:04.448+0000] {processor.py:753} INFO - DAG(s) dict_keys(['example_branch_labels']) retrieved from /home/airflow/.local/lib/python3.7/site-packages/airflow/example_dags/example_branch_labels.py
[2023-07-01T00:30:04.467+0000] {logging_mixin.py:137} INFO - [2023-07-01T00:30:04.467+0000] {dag.py:2705} INFO - Sync 1 DAGs
[2023-07-01T00:30:04.481+0000] {logging_mixin.py:137} INFO - [2023-07-01T00:30:04.481+0000] {dag.py:3456} INFO - Setting next_dagrun for example_branch_labels to 2023-06-30T00:00:00+00:00, run_after=2023-07-01T00:00:00+00:00
[2023-07-01T00:30:04.490+0000] {processor.py:175} INFO - Processing /home/airflow/.local/lib/python3.7/site-packages/airflow/example_dags/example_branch_labels.py took 0.056 seconds
[2023-07-01T00:30:35.227+0000] {processor.py:153} INFO - Started process (PID=54815) to work on /home/airflow/.local/lib/python3.7/site-packages/airflow/example_dags/example_branch_labels.py
[2023-07-01T00:30:35.228+0000] {processor.py:743} INFO - Processing file /home/airflow/.local/lib/python3.7/site-packages/airflow/example_dags/example_branch_labels.py for tasks to queue
[2023-07-01T00:30:35.229+0000] {logging_mixin.py:137} INFO - [2023-07-01T00:30:35.229+0000] {dagbag.py:532} INFO - Filling up the DagBag from /home/airflow/.local/lib/python3.7/site-packages/airflow/example_dags/example_branch_labels.py
[2023-07-01T00:30:35.240+0000] {processor.py:753} INFO - DAG(s) dict_keys(['example_branch_labels']) retrieved from /home/airflow/.local/lib/python3.7/site-packages/airflow/example_dags/example_branch_labels.py
[2023-07-01T00:30:35.262+0000] {logging_mixin.py:137} INFO - [2023-07-01T00:30:35.262+0000] {dag.py:2705} INFO - Sync 1 DAGs
[2023-07-01T00:30:35.281+0000] {logging_mixin.py:137} INFO - [2023-07-01T00:30:35.281+0000] {dag.py:3456} INFO - Setting next_dagrun for example_branch_labels to 2023-06-30T00:00:00+00:00, run_after=2023-07-01T00:00:00+00:00
[2023-07-01T00:30:35.289+0000] {processor.py:175} INFO - Processing /home/airflow/.local/lib/python3.7/site-packages/airflow/example_dags/example_branch_labels.py took 0.065 seconds
[2023-07-01T00:31:05.950+0000] {processor.py:153} INFO - Started process (PID=54873) to work on /home/airflow/.local/lib/python3.7/site-packages/airflow/example_dags/example_branch_labels.py
[2023-07-01T00:31:05.951+0000] {processor.py:743} INFO - Processing file /home/airflow/.local/lib/python3.7/site-packages/airflow/example_dags/example_branch_labels.py for tasks to queue
[2023-07-01T00:31:05.952+0000] {logging_mixin.py:137} INFO - [2023-07-01T00:31:05.952+0000] {dagbag.py:532} INFO - Filling up the DagBag from /home/airflow/.local/lib/python3.7/site-packages/airflow/example_dags/example_branch_labels.py
[2023-07-01T00:31:05.963+0000] {processor.py:753} INFO - DAG(s) dict_keys(['example_branch_labels']) retrieved from /home/airflow/.local/lib/python3.7/site-packages/airflow/example_dags/example_branch_labels.py
[2023-07-01T00:31:05.981+0000] {logging_mixin.py:137} INFO - [2023-07-01T00:31:05.981+0000] {dag.py:2705} INFO - Sync 1 DAGs
[2023-07-01T00:31:06.004+0000] {logging_mixin.py:137} INFO - [2023-07-01T00:31:06.004+0000] {dag.py:3456} INFO - Setting next_dagrun for example_branch_labels to 2023-06-30T00:00:00+00:00, run_after=2023-07-01T00:00:00+00:00
[2023-07-01T00:31:06.016+0000] {processor.py:175} INFO - Processing /home/airflow/.local/lib/python3.7/site-packages/airflow/example_dags/example_branch_labels.py took 0.068 seconds
[2023-07-01T00:31:36.881+0000] {processor.py:153} INFO - Started process (PID=54930) to work on /home/airflow/.local/lib/python3.7/site-packages/airflow/example_dags/example_branch_labels.py
[2023-07-01T00:31:36.882+0000] {processor.py:743} INFO - Processing file /home/airflow/.local/lib/python3.7/site-packages/airflow/example_dags/example_branch_labels.py for tasks to queue
[2023-07-01T00:31:36.883+0000] {logging_mixin.py:137} INFO - [2023-07-01T00:31:36.883+0000] {dagbag.py:532} INFO - Filling up the DagBag from /home/airflow/.local/lib/python3.7/site-packages/airflow/example_dags/example_branch_labels.py
[2023-07-01T00:31:36.894+0000] {processor.py:753} INFO - DAG(s) dict_keys(['example_branch_labels']) retrieved from /home/airflow/.local/lib/python3.7/site-packages/airflow/example_dags/example_branch_labels.py
[2023-07-01T00:31:36.913+0000] {logging_mixin.py:137} INFO - [2023-07-01T00:31:36.913+0000] {dag.py:2705} INFO - Sync 1 DAGs
[2023-07-01T00:31:36.928+0000] {logging_mixin.py:137} INFO - [2023-07-01T00:31:36.928+0000] {dag.py:3456} INFO - Setting next_dagrun for example_branch_labels to 2023-06-30T00:00:00+00:00, run_after=2023-07-01T00:00:00+00:00
[2023-07-01T00:31:36.937+0000] {processor.py:175} INFO - Processing /home/airflow/.local/lib/python3.7/site-packages/airflow/example_dags/example_branch_labels.py took 0.059 seconds
[2023-07-01T00:32:07.869+0000] {processor.py:153} INFO - Started process (PID=54987) to work on /home/airflow/.local/lib/python3.7/site-packages/airflow/example_dags/example_branch_labels.py
[2023-07-01T00:32:07.870+0000] {processor.py:743} INFO - Processing file /home/airflow/.local/lib/python3.7/site-packages/airflow/example_dags/example_branch_labels.py for tasks to queue
[2023-07-01T00:32:07.870+0000] {logging_mixin.py:137} INFO - [2023-07-01T00:32:07.870+0000] {dagbag.py:532} INFO - Filling up the DagBag from /home/airflow/.local/lib/python3.7/site-packages/airflow/example_dags/example_branch_labels.py
[2023-07-01T00:32:07.881+0000] {processor.py:753} INFO - DAG(s) dict_keys(['example_branch_labels']) retrieved from /home/airflow/.local/lib/python3.7/site-packages/airflow/example_dags/example_branch_labels.py
[2023-07-01T00:32:07.901+0000] {logging_mixin.py:137} INFO - [2023-07-01T00:32:07.901+0000] {dag.py:2705} INFO - Sync 1 DAGs
[2023-07-01T00:32:07.916+0000] {logging_mixin.py:137} INFO - [2023-07-01T00:32:07.916+0000] {dag.py:3456} INFO - Setting next_dagrun for example_branch_labels to 2023-06-30T00:00:00+00:00, run_after=2023-07-01T00:00:00+00:00
[2023-07-01T00:32:07.926+0000] {processor.py:175} INFO - Processing /home/airflow/.local/lib/python3.7/site-packages/airflow/example_dags/example_branch_labels.py took 0.060 seconds
[2023-07-01T00:32:38.800+0000] {processor.py:153} INFO - Started process (PID=55045) to work on /home/airflow/.local/lib/python3.7/site-packages/airflow/example_dags/example_branch_labels.py
[2023-07-01T00:32:38.801+0000] {processor.py:743} INFO - Processing file /home/airflow/.local/lib/python3.7/site-packages/airflow/example_dags/example_branch_labels.py for tasks to queue
[2023-07-01T00:32:38.802+0000] {logging_mixin.py:137} INFO - [2023-07-01T00:32:38.802+0000] {dagbag.py:532} INFO - Filling up the DagBag from /home/airflow/.local/lib/python3.7/site-packages/airflow/example_dags/example_branch_labels.py
[2023-07-01T00:32:38.813+0000] {processor.py:753} INFO - DAG(s) dict_keys(['example_branch_labels']) retrieved from /home/airflow/.local/lib/python3.7/site-packages/airflow/example_dags/example_branch_labels.py
[2023-07-01T00:32:38.831+0000] {logging_mixin.py:137} INFO - [2023-07-01T00:32:38.831+0000] {dag.py:2705} INFO - Sync 1 DAGs
[2023-07-01T00:32:38.846+0000] {logging_mixin.py:137} INFO - [2023-07-01T00:32:38.846+0000] {dag.py:3456} INFO - Setting next_dagrun for example_branch_labels to 2023-06-30T00:00:00+00:00, run_after=2023-07-01T00:00:00+00:00
[2023-07-01T00:32:38.856+0000] {processor.py:175} INFO - Processing /home/airflow/.local/lib/python3.7/site-packages/airflow/example_dags/example_branch_labels.py took 0.058 seconds
[2023-07-01T00:33:09.044+0000] {processor.py:153} INFO - Started process (PID=55102) to work on /home/airflow/.local/lib/python3.7/site-packages/airflow/example_dags/example_branch_labels.py
[2023-07-01T00:33:09.045+0000] {processor.py:743} INFO - Processing file /home/airflow/.local/lib/python3.7/site-packages/airflow/example_dags/example_branch_labels.py for tasks to queue
[2023-07-01T00:33:09.046+0000] {logging_mixin.py:137} INFO - [2023-07-01T00:33:09.046+0000] {dagbag.py:532} INFO - Filling up the DagBag from /home/airflow/.local/lib/python3.7/site-packages/airflow/example_dags/example_branch_labels.py
[2023-07-01T00:33:09.057+0000] {processor.py:753} INFO - DAG(s) dict_keys(['example_branch_labels']) retrieved from /home/airflow/.local/lib/python3.7/site-packages/airflow/example_dags/example_branch_labels.py
[2023-07-01T00:33:09.076+0000] {logging_mixin.py:137} INFO - [2023-07-01T00:33:09.076+0000] {dag.py:2705} INFO - Sync 1 DAGs
[2023-07-01T00:33:09.094+0000] {logging_mixin.py:137} INFO - [2023-07-01T00:33:09.094+0000] {dag.py:3456} INFO - Setting next_dagrun for example_branch_labels to 2023-06-30T00:00:00+00:00, run_after=2023-07-01T00:00:00+00:00
[2023-07-01T00:33:09.103+0000] {processor.py:175} INFO - Processing /home/airflow/.local/lib/python3.7/site-packages/airflow/example_dags/example_branch_labels.py took 0.061 seconds
[2023-07-01T00:33:39.234+0000] {processor.py:153} INFO - Started process (PID=55159) to work on /home/airflow/.local/lib/python3.7/site-packages/airflow/example_dags/example_branch_labels.py
[2023-07-01T00:33:39.235+0000] {processor.py:743} INFO - Processing file /home/airflow/.local/lib/python3.7/site-packages/airflow/example_dags/example_branch_labels.py for tasks to queue
[2023-07-01T00:33:39.236+0000] {logging_mixin.py:137} INFO - [2023-07-01T00:33:39.235+0000] {dagbag.py:532} INFO - Filling up the DagBag from /home/airflow/.local/lib/python3.7/site-packages/airflow/example_dags/example_branch_labels.py
[2023-07-01T00:33:39.246+0000] {processor.py:753} INFO - DAG(s) dict_keys(['example_branch_labels']) retrieved from /home/airflow/.local/lib/python3.7/site-packages/airflow/example_dags/example_branch_labels.py
[2023-07-01T00:33:39.265+0000] {logging_mixin.py:137} INFO - [2023-07-01T00:33:39.265+0000] {dag.py:2705} INFO - Sync 1 DAGs
[2023-07-01T00:33:39.281+0000] {logging_mixin.py:137} INFO - [2023-07-01T00:33:39.281+0000] {dag.py:3456} INFO - Setting next_dagrun for example_branch_labels to 2023-06-30T00:00:00+00:00, run_after=2023-07-01T00:00:00+00:00
[2023-07-01T00:33:39.291+0000] {processor.py:175} INFO - Processing /home/airflow/.local/lib/python3.7/site-packages/airflow/example_dags/example_branch_labels.py took 0.060 seconds
[2023-07-01T00:34:09.409+0000] {processor.py:153} INFO - Started process (PID=55216) to work on /home/airflow/.local/lib/python3.7/site-packages/airflow/example_dags/example_branch_labels.py
[2023-07-01T00:34:09.410+0000] {processor.py:743} INFO - Processing file /home/airflow/.local/lib/python3.7/site-packages/airflow/example_dags/example_branch_labels.py for tasks to queue
[2023-07-01T00:34:09.411+0000] {logging_mixin.py:137} INFO - [2023-07-01T00:34:09.411+0000] {dagbag.py:532} INFO - Filling up the DagBag from /home/airflow/.local/lib/python3.7/site-packages/airflow/example_dags/example_branch_labels.py
[2023-07-01T00:34:09.421+0000] {processor.py:753} INFO - DAG(s) dict_keys(['example_branch_labels']) retrieved from /home/airflow/.local/lib/python3.7/site-packages/airflow/example_dags/example_branch_labels.py
[2023-07-01T00:34:09.441+0000] {logging_mixin.py:137} INFO - [2023-07-01T00:34:09.441+0000] {dag.py:2705} INFO - Sync 1 DAGs
[2023-07-01T00:34:09.457+0000] {logging_mixin.py:137} INFO - [2023-07-01T00:34:09.457+0000] {dag.py:3456} INFO - Setting next_dagrun for example_branch_labels to 2023-06-30T00:00:00+00:00, run_after=2023-07-01T00:00:00+00:00
[2023-07-01T00:34:09.466+0000] {processor.py:175} INFO - Processing /home/airflow/.local/lib/python3.7/site-packages/airflow/example_dags/example_branch_labels.py took 0.060 seconds
[2023-07-01T00:34:40.267+0000] {processor.py:153} INFO - Started process (PID=55273) to work on /home/airflow/.local/lib/python3.7/site-packages/airflow/example_dags/example_branch_labels.py
[2023-07-01T00:34:40.268+0000] {processor.py:743} INFO - Processing file /home/airflow/.local/lib/python3.7/site-packages/airflow/example_dags/example_branch_labels.py for tasks to queue
[2023-07-01T00:34:40.269+0000] {logging_mixin.py:137} INFO - [2023-07-01T00:34:40.269+0000] {dagbag.py:532} INFO - Filling up the DagBag from /home/airflow/.local/lib/python3.7/site-packages/airflow/example_dags/example_branch_labels.py
[2023-07-01T00:34:40.279+0000] {processor.py:753} INFO - DAG(s) dict_keys(['example_branch_labels']) retrieved from /home/airflow/.local/lib/python3.7/site-packages/airflow/example_dags/example_branch_labels.py
[2023-07-01T00:34:40.298+0000] {logging_mixin.py:137} INFO - [2023-07-01T00:34:40.298+0000] {dag.py:2705} INFO - Sync 1 DAGs
[2023-07-01T00:34:40.315+0000] {logging_mixin.py:137} INFO - [2023-07-01T00:34:40.314+0000] {dag.py:3456} INFO - Setting next_dagrun for example_branch_labels to 2023-06-30T00:00:00+00:00, run_after=2023-07-01T00:00:00+00:00
[2023-07-01T00:34:40.324+0000] {processor.py:175} INFO - Processing /home/airflow/.local/lib/python3.7/site-packages/airflow/example_dags/example_branch_labels.py took 0.059 seconds
