[2023-07-01T00:00:23.912+0000] {processor.py:153} INFO - Started process (PID=51423) to work on /home/airflow/.local/lib/python3.7/site-packages/airflow/example_dags/example_local_kubernetes_executor.py
[2023-07-01T00:00:23.913+0000] {processor.py:743} INFO - Processing file /home/airflow/.local/lib/python3.7/site-packages/airflow/example_dags/example_local_kubernetes_executor.py for tasks to queue
[2023-07-01T00:00:23.913+0000] {logging_mixin.py:137} INFO - [2023-07-01T00:00:23.913+0000] {dagbag.py:532} INFO - Filling up the DagBag from /home/airflow/.local/lib/python3.7/site-packages/airflow/example_dags/example_local_kubernetes_executor.py
[2023-07-01T00:00:23.929+0000] {processor.py:753} INFO - DAG(s) dict_keys(['example_local_kubernetes_executor']) retrieved from /home/airflow/.local/lib/python3.7/site-packages/airflow/example_dags/example_local_kubernetes_executor.py
[2023-07-01T00:00:23.950+0000] {logging_mixin.py:137} INFO - [2023-07-01T00:00:23.950+0000] {dag.py:2705} INFO - Sync 1 DAGs
[2023-07-01T00:00:23.963+0000] {logging_mixin.py:137} INFO - [2023-07-01T00:00:23.963+0000] {dag.py:3456} INFO - Setting next_dagrun for example_local_kubernetes_executor to None, run_after=None
[2023-07-01T00:00:23.974+0000] {processor.py:175} INFO - Processing /home/airflow/.local/lib/python3.7/site-packages/airflow/example_dags/example_local_kubernetes_executor.py took 0.065 seconds
[2023-07-01T00:00:54.938+0000] {processor.py:153} INFO - Started process (PID=51480) to work on /home/airflow/.local/lib/python3.7/site-packages/airflow/example_dags/example_local_kubernetes_executor.py
[2023-07-01T00:00:54.939+0000] {processor.py:743} INFO - Processing file /home/airflow/.local/lib/python3.7/site-packages/airflow/example_dags/example_local_kubernetes_executor.py for tasks to queue
[2023-07-01T00:00:54.940+0000] {logging_mixin.py:137} INFO - [2023-07-01T00:00:54.940+0000] {dagbag.py:532} INFO - Filling up the DagBag from /home/airflow/.local/lib/python3.7/site-packages/airflow/example_dags/example_local_kubernetes_executor.py
[2023-07-01T00:00:54.958+0000] {processor.py:753} INFO - DAG(s) dict_keys(['example_local_kubernetes_executor']) retrieved from /home/airflow/.local/lib/python3.7/site-packages/airflow/example_dags/example_local_kubernetes_executor.py
[2023-07-01T00:00:54.998+0000] {logging_mixin.py:137} INFO - [2023-07-01T00:00:54.997+0000] {dag.py:2705} INFO - Sync 1 DAGs
[2023-07-01T00:00:55.021+0000] {logging_mixin.py:137} INFO - [2023-07-01T00:00:55.021+0000] {dag.py:3456} INFO - Setting next_dagrun for example_local_kubernetes_executor to None, run_after=None
[2023-07-01T00:00:55.035+0000] {processor.py:175} INFO - Processing /home/airflow/.local/lib/python3.7/site-packages/airflow/example_dags/example_local_kubernetes_executor.py took 0.100 seconds
[2023-07-01T00:01:25.728+0000] {processor.py:153} INFO - Started process (PID=51538) to work on /home/airflow/.local/lib/python3.7/site-packages/airflow/example_dags/example_local_kubernetes_executor.py
[2023-07-01T00:01:25.729+0000] {processor.py:743} INFO - Processing file /home/airflow/.local/lib/python3.7/site-packages/airflow/example_dags/example_local_kubernetes_executor.py for tasks to queue
[2023-07-01T00:01:25.730+0000] {logging_mixin.py:137} INFO - [2023-07-01T00:01:25.730+0000] {dagbag.py:532} INFO - Filling up the DagBag from /home/airflow/.local/lib/python3.7/site-packages/airflow/example_dags/example_local_kubernetes_executor.py
[2023-07-01T00:01:25.746+0000] {processor.py:753} INFO - DAG(s) dict_keys(['example_local_kubernetes_executor']) retrieved from /home/airflow/.local/lib/python3.7/site-packages/airflow/example_dags/example_local_kubernetes_executor.py
[2023-07-01T00:01:25.771+0000] {logging_mixin.py:137} INFO - [2023-07-01T00:01:25.771+0000] {dag.py:2705} INFO - Sync 1 DAGs
[2023-07-01T00:01:25.791+0000] {logging_mixin.py:137} INFO - [2023-07-01T00:01:25.791+0000] {dag.py:3456} INFO - Setting next_dagrun for example_local_kubernetes_executor to None, run_after=None
[2023-07-01T00:01:25.807+0000] {processor.py:175} INFO - Processing /home/airflow/.local/lib/python3.7/site-packages/airflow/example_dags/example_local_kubernetes_executor.py took 0.082 seconds
[2023-07-01T00:01:56.492+0000] {processor.py:153} INFO - Started process (PID=51594) to work on /home/airflow/.local/lib/python3.7/site-packages/airflow/example_dags/example_local_kubernetes_executor.py
[2023-07-01T00:01:56.493+0000] {processor.py:743} INFO - Processing file /home/airflow/.local/lib/python3.7/site-packages/airflow/example_dags/example_local_kubernetes_executor.py for tasks to queue
[2023-07-01T00:01:56.493+0000] {logging_mixin.py:137} INFO - [2023-07-01T00:01:56.493+0000] {dagbag.py:532} INFO - Filling up the DagBag from /home/airflow/.local/lib/python3.7/site-packages/airflow/example_dags/example_local_kubernetes_executor.py
[2023-07-01T00:01:56.513+0000] {processor.py:753} INFO - DAG(s) dict_keys(['example_local_kubernetes_executor']) retrieved from /home/airflow/.local/lib/python3.7/site-packages/airflow/example_dags/example_local_kubernetes_executor.py
[2023-07-01T00:01:56.544+0000] {logging_mixin.py:137} INFO - [2023-07-01T00:01:56.544+0000] {dag.py:2705} INFO - Sync 1 DAGs
[2023-07-01T00:01:56.568+0000] {logging_mixin.py:137} INFO - [2023-07-01T00:01:56.568+0000] {dag.py:3456} INFO - Setting next_dagrun for example_local_kubernetes_executor to None, run_after=None
[2023-07-01T00:01:56.581+0000] {processor.py:175} INFO - Processing /home/airflow/.local/lib/python3.7/site-packages/airflow/example_dags/example_local_kubernetes_executor.py took 0.092 seconds
[2023-07-01T00:02:27.279+0000] {processor.py:153} INFO - Started process (PID=51650) to work on /home/airflow/.local/lib/python3.7/site-packages/airflow/example_dags/example_local_kubernetes_executor.py
[2023-07-01T00:02:27.281+0000] {processor.py:743} INFO - Processing file /home/airflow/.local/lib/python3.7/site-packages/airflow/example_dags/example_local_kubernetes_executor.py for tasks to queue
[2023-07-01T00:02:27.283+0000] {logging_mixin.py:137} INFO - [2023-07-01T00:02:27.283+0000] {dagbag.py:532} INFO - Filling up the DagBag from /home/airflow/.local/lib/python3.7/site-packages/airflow/example_dags/example_local_kubernetes_executor.py
[2023-07-01T00:02:27.308+0000] {processor.py:753} INFO - DAG(s) dict_keys(['example_local_kubernetes_executor']) retrieved from /home/airflow/.local/lib/python3.7/site-packages/airflow/example_dags/example_local_kubernetes_executor.py
[2023-07-01T00:02:27.338+0000] {logging_mixin.py:137} INFO - [2023-07-01T00:02:27.338+0000] {dag.py:2705} INFO - Sync 1 DAGs
[2023-07-01T00:02:27.361+0000] {logging_mixin.py:137} INFO - [2023-07-01T00:02:27.361+0000] {dag.py:3456} INFO - Setting next_dagrun for example_local_kubernetes_executor to None, run_after=None
[2023-07-01T00:02:27.382+0000] {processor.py:175} INFO - Processing /home/airflow/.local/lib/python3.7/site-packages/airflow/example_dags/example_local_kubernetes_executor.py took 0.107 seconds
[2023-07-01T00:02:58.283+0000] {processor.py:153} INFO - Started process (PID=51707) to work on /home/airflow/.local/lib/python3.7/site-packages/airflow/example_dags/example_local_kubernetes_executor.py
[2023-07-01T00:02:58.284+0000] {processor.py:743} INFO - Processing file /home/airflow/.local/lib/python3.7/site-packages/airflow/example_dags/example_local_kubernetes_executor.py for tasks to queue
[2023-07-01T00:02:58.284+0000] {logging_mixin.py:137} INFO - [2023-07-01T00:02:58.284+0000] {dagbag.py:532} INFO - Filling up the DagBag from /home/airflow/.local/lib/python3.7/site-packages/airflow/example_dags/example_local_kubernetes_executor.py
[2023-07-01T00:02:58.301+0000] {processor.py:753} INFO - DAG(s) dict_keys(['example_local_kubernetes_executor']) retrieved from /home/airflow/.local/lib/python3.7/site-packages/airflow/example_dags/example_local_kubernetes_executor.py
[2023-07-01T00:02:58.329+0000] {logging_mixin.py:137} INFO - [2023-07-01T00:02:58.328+0000] {dag.py:2705} INFO - Sync 1 DAGs
[2023-07-01T00:02:58.355+0000] {logging_mixin.py:137} INFO - [2023-07-01T00:02:58.355+0000] {dag.py:3456} INFO - Setting next_dagrun for example_local_kubernetes_executor to None, run_after=None
[2023-07-01T00:02:58.370+0000] {processor.py:175} INFO - Processing /home/airflow/.local/lib/python3.7/site-packages/airflow/example_dags/example_local_kubernetes_executor.py took 0.090 seconds
[2023-07-01T00:03:28.393+0000] {processor.py:153} INFO - Started process (PID=51762) to work on /home/airflow/.local/lib/python3.7/site-packages/airflow/example_dags/example_local_kubernetes_executor.py
[2023-07-01T00:03:28.395+0000] {processor.py:743} INFO - Processing file /home/airflow/.local/lib/python3.7/site-packages/airflow/example_dags/example_local_kubernetes_executor.py for tasks to queue
[2023-07-01T00:03:28.395+0000] {logging_mixin.py:137} INFO - [2023-07-01T00:03:28.395+0000] {dagbag.py:532} INFO - Filling up the DagBag from /home/airflow/.local/lib/python3.7/site-packages/airflow/example_dags/example_local_kubernetes_executor.py
[2023-07-01T00:03:28.412+0000] {processor.py:753} INFO - DAG(s) dict_keys(['example_local_kubernetes_executor']) retrieved from /home/airflow/.local/lib/python3.7/site-packages/airflow/example_dags/example_local_kubernetes_executor.py
[2023-07-01T00:03:28.431+0000] {logging_mixin.py:137} INFO - [2023-07-01T00:03:28.431+0000] {dag.py:2705} INFO - Sync 1 DAGs
[2023-07-01T00:03:28.445+0000] {logging_mixin.py:137} INFO - [2023-07-01T00:03:28.445+0000] {dag.py:3456} INFO - Setting next_dagrun for example_local_kubernetes_executor to None, run_after=None
[2023-07-01T00:03:28.454+0000] {processor.py:175} INFO - Processing /home/airflow/.local/lib/python3.7/site-packages/airflow/example_dags/example_local_kubernetes_executor.py took 0.063 seconds
[2023-07-01T00:03:59.234+0000] {processor.py:153} INFO - Started process (PID=51819) to work on /home/airflow/.local/lib/python3.7/site-packages/airflow/example_dags/example_local_kubernetes_executor.py
[2023-07-01T00:03:59.235+0000] {processor.py:743} INFO - Processing file /home/airflow/.local/lib/python3.7/site-packages/airflow/example_dags/example_local_kubernetes_executor.py for tasks to queue
[2023-07-01T00:03:59.235+0000] {logging_mixin.py:137} INFO - [2023-07-01T00:03:59.235+0000] {dagbag.py:532} INFO - Filling up the DagBag from /home/airflow/.local/lib/python3.7/site-packages/airflow/example_dags/example_local_kubernetes_executor.py
[2023-07-01T00:03:59.251+0000] {processor.py:753} INFO - DAG(s) dict_keys(['example_local_kubernetes_executor']) retrieved from /home/airflow/.local/lib/python3.7/site-packages/airflow/example_dags/example_local_kubernetes_executor.py
[2023-07-01T00:03:59.272+0000] {logging_mixin.py:137} INFO - [2023-07-01T00:03:59.272+0000] {dag.py:2705} INFO - Sync 1 DAGs
[2023-07-01T00:03:59.285+0000] {logging_mixin.py:137} INFO - [2023-07-01T00:03:59.285+0000] {dag.py:3456} INFO - Setting next_dagrun for example_local_kubernetes_executor to None, run_after=None
[2023-07-01T00:03:59.295+0000] {processor.py:175} INFO - Processing /home/airflow/.local/lib/python3.7/site-packages/airflow/example_dags/example_local_kubernetes_executor.py took 0.064 seconds
[2023-07-01T00:04:30.150+0000] {processor.py:153} INFO - Started process (PID=51876) to work on /home/airflow/.local/lib/python3.7/site-packages/airflow/example_dags/example_local_kubernetes_executor.py
[2023-07-01T00:04:30.151+0000] {processor.py:743} INFO - Processing file /home/airflow/.local/lib/python3.7/site-packages/airflow/example_dags/example_local_kubernetes_executor.py for tasks to queue
[2023-07-01T00:04:30.151+0000] {logging_mixin.py:137} INFO - [2023-07-01T00:04:30.151+0000] {dagbag.py:532} INFO - Filling up the DagBag from /home/airflow/.local/lib/python3.7/site-packages/airflow/example_dags/example_local_kubernetes_executor.py
[2023-07-01T00:04:30.166+0000] {processor.py:753} INFO - DAG(s) dict_keys(['example_local_kubernetes_executor']) retrieved from /home/airflow/.local/lib/python3.7/site-packages/airflow/example_dags/example_local_kubernetes_executor.py
[2023-07-01T00:04:30.186+0000] {logging_mixin.py:137} INFO - [2023-07-01T00:04:30.186+0000] {dag.py:2705} INFO - Sync 1 DAGs
[2023-07-01T00:04:30.199+0000] {logging_mixin.py:137} INFO - [2023-07-01T00:04:30.199+0000] {dag.py:3456} INFO - Setting next_dagrun for example_local_kubernetes_executor to None, run_after=None
[2023-07-01T00:04:30.210+0000] {processor.py:175} INFO - Processing /home/airflow/.local/lib/python3.7/site-packages/airflow/example_dags/example_local_kubernetes_executor.py took 0.063 seconds
[2023-07-01T00:05:00.954+0000] {processor.py:153} INFO - Started process (PID=51932) to work on /home/airflow/.local/lib/python3.7/site-packages/airflow/example_dags/example_local_kubernetes_executor.py
[2023-07-01T00:05:00.955+0000] {processor.py:743} INFO - Processing file /home/airflow/.local/lib/python3.7/site-packages/airflow/example_dags/example_local_kubernetes_executor.py for tasks to queue
[2023-07-01T00:05:00.955+0000] {logging_mixin.py:137} INFO - [2023-07-01T00:05:00.955+0000] {dagbag.py:532} INFO - Filling up the DagBag from /home/airflow/.local/lib/python3.7/site-packages/airflow/example_dags/example_local_kubernetes_executor.py
[2023-07-01T00:05:00.971+0000] {processor.py:753} INFO - DAG(s) dict_keys(['example_local_kubernetes_executor']) retrieved from /home/airflow/.local/lib/python3.7/site-packages/airflow/example_dags/example_local_kubernetes_executor.py
[2023-07-01T00:05:00.991+0000] {logging_mixin.py:137} INFO - [2023-07-01T00:05:00.991+0000] {dag.py:2705} INFO - Sync 1 DAGs
[2023-07-01T00:05:01.007+0000] {logging_mixin.py:137} INFO - [2023-07-01T00:05:01.007+0000] {dag.py:3456} INFO - Setting next_dagrun for example_local_kubernetes_executor to None, run_after=None
[2023-07-01T00:05:01.016+0000] {processor.py:175} INFO - Processing /home/airflow/.local/lib/python3.7/site-packages/airflow/example_dags/example_local_kubernetes_executor.py took 0.065 seconds
[2023-07-01T00:05:32.099+0000] {processor.py:153} INFO - Started process (PID=51989) to work on /home/airflow/.local/lib/python3.7/site-packages/airflow/example_dags/example_local_kubernetes_executor.py
[2023-07-01T00:05:32.101+0000] {processor.py:743} INFO - Processing file /home/airflow/.local/lib/python3.7/site-packages/airflow/example_dags/example_local_kubernetes_executor.py for tasks to queue
[2023-07-01T00:05:32.102+0000] {logging_mixin.py:137} INFO - [2023-07-01T00:05:32.101+0000] {dagbag.py:532} INFO - Filling up the DagBag from /home/airflow/.local/lib/python3.7/site-packages/airflow/example_dags/example_local_kubernetes_executor.py
[2023-07-01T00:05:32.121+0000] {processor.py:753} INFO - DAG(s) dict_keys(['example_local_kubernetes_executor']) retrieved from /home/airflow/.local/lib/python3.7/site-packages/airflow/example_dags/example_local_kubernetes_executor.py
[2023-07-01T00:05:32.147+0000] {logging_mixin.py:137} INFO - [2023-07-01T00:05:32.147+0000] {dag.py:2705} INFO - Sync 1 DAGs
[2023-07-01T00:05:32.172+0000] {logging_mixin.py:137} INFO - [2023-07-01T00:05:32.172+0000] {dag.py:3456} INFO - Setting next_dagrun for example_local_kubernetes_executor to None, run_after=None
[2023-07-01T00:05:32.184+0000] {processor.py:175} INFO - Processing /home/airflow/.local/lib/python3.7/site-packages/airflow/example_dags/example_local_kubernetes_executor.py took 0.087 seconds
[2023-07-01T00:06:02.354+0000] {processor.py:153} INFO - Started process (PID=52046) to work on /home/airflow/.local/lib/python3.7/site-packages/airflow/example_dags/example_local_kubernetes_executor.py
[2023-07-01T00:06:02.355+0000] {processor.py:743} INFO - Processing file /home/airflow/.local/lib/python3.7/site-packages/airflow/example_dags/example_local_kubernetes_executor.py for tasks to queue
[2023-07-01T00:06:02.356+0000] {logging_mixin.py:137} INFO - [2023-07-01T00:06:02.356+0000] {dagbag.py:532} INFO - Filling up the DagBag from /home/airflow/.local/lib/python3.7/site-packages/airflow/example_dags/example_local_kubernetes_executor.py
[2023-07-01T00:06:02.384+0000] {processor.py:753} INFO - DAG(s) dict_keys(['example_local_kubernetes_executor']) retrieved from /home/airflow/.local/lib/python3.7/site-packages/airflow/example_dags/example_local_kubernetes_executor.py
[2023-07-01T00:06:02.415+0000] {logging_mixin.py:137} INFO - [2023-07-01T00:06:02.415+0000] {dag.py:2705} INFO - Sync 1 DAGs
[2023-07-01T00:06:02.434+0000] {logging_mixin.py:137} INFO - [2023-07-01T00:06:02.434+0000] {dag.py:3456} INFO - Setting next_dagrun for example_local_kubernetes_executor to None, run_after=None
[2023-07-01T00:06:02.446+0000] {processor.py:175} INFO - Processing /home/airflow/.local/lib/python3.7/site-packages/airflow/example_dags/example_local_kubernetes_executor.py took 0.094 seconds
[2023-07-01T00:06:32.499+0000] {processor.py:153} INFO - Started process (PID=52103) to work on /home/airflow/.local/lib/python3.7/site-packages/airflow/example_dags/example_local_kubernetes_executor.py
[2023-07-01T00:06:32.500+0000] {processor.py:743} INFO - Processing file /home/airflow/.local/lib/python3.7/site-packages/airflow/example_dags/example_local_kubernetes_executor.py for tasks to queue
[2023-07-01T00:06:32.502+0000] {logging_mixin.py:137} INFO - [2023-07-01T00:06:32.502+0000] {dagbag.py:532} INFO - Filling up the DagBag from /home/airflow/.local/lib/python3.7/site-packages/airflow/example_dags/example_local_kubernetes_executor.py
[2023-07-01T00:06:32.518+0000] {processor.py:753} INFO - DAG(s) dict_keys(['example_local_kubernetes_executor']) retrieved from /home/airflow/.local/lib/python3.7/site-packages/airflow/example_dags/example_local_kubernetes_executor.py
[2023-07-01T00:06:32.546+0000] {logging_mixin.py:137} INFO - [2023-07-01T00:06:32.545+0000] {dag.py:2705} INFO - Sync 1 DAGs
[2023-07-01T00:06:32.562+0000] {logging_mixin.py:137} INFO - [2023-07-01T00:06:32.562+0000] {dag.py:3456} INFO - Setting next_dagrun for example_local_kubernetes_executor to None, run_after=None
[2023-07-01T00:06:32.572+0000] {processor.py:175} INFO - Processing /home/airflow/.local/lib/python3.7/site-packages/airflow/example_dags/example_local_kubernetes_executor.py took 0.075 seconds
[2023-07-01T00:07:03.138+0000] {processor.py:153} INFO - Started process (PID=52160) to work on /home/airflow/.local/lib/python3.7/site-packages/airflow/example_dags/example_local_kubernetes_executor.py
[2023-07-01T00:07:03.138+0000] {processor.py:743} INFO - Processing file /home/airflow/.local/lib/python3.7/site-packages/airflow/example_dags/example_local_kubernetes_executor.py for tasks to queue
[2023-07-01T00:07:03.139+0000] {logging_mixin.py:137} INFO - [2023-07-01T00:07:03.139+0000] {dagbag.py:532} INFO - Filling up the DagBag from /home/airflow/.local/lib/python3.7/site-packages/airflow/example_dags/example_local_kubernetes_executor.py
[2023-07-01T00:07:03.155+0000] {processor.py:753} INFO - DAG(s) dict_keys(['example_local_kubernetes_executor']) retrieved from /home/airflow/.local/lib/python3.7/site-packages/airflow/example_dags/example_local_kubernetes_executor.py
[2023-07-01T00:07:03.175+0000] {logging_mixin.py:137} INFO - [2023-07-01T00:07:03.175+0000] {dag.py:2705} INFO - Sync 1 DAGs
[2023-07-01T00:07:03.189+0000] {logging_mixin.py:137} INFO - [2023-07-01T00:07:03.189+0000] {dag.py:3456} INFO - Setting next_dagrun for example_local_kubernetes_executor to None, run_after=None
[2023-07-01T00:07:03.198+0000] {processor.py:175} INFO - Processing /home/airflow/.local/lib/python3.7/site-packages/airflow/example_dags/example_local_kubernetes_executor.py took 0.063 seconds
[2023-07-01T00:07:33.976+0000] {processor.py:153} INFO - Started process (PID=52217) to work on /home/airflow/.local/lib/python3.7/site-packages/airflow/example_dags/example_local_kubernetes_executor.py
[2023-07-01T00:07:33.977+0000] {processor.py:743} INFO - Processing file /home/airflow/.local/lib/python3.7/site-packages/airflow/example_dags/example_local_kubernetes_executor.py for tasks to queue
[2023-07-01T00:07:33.978+0000] {logging_mixin.py:137} INFO - [2023-07-01T00:07:33.978+0000] {dagbag.py:532} INFO - Filling up the DagBag from /home/airflow/.local/lib/python3.7/site-packages/airflow/example_dags/example_local_kubernetes_executor.py
[2023-07-01T00:07:33.998+0000] {processor.py:753} INFO - DAG(s) dict_keys(['example_local_kubernetes_executor']) retrieved from /home/airflow/.local/lib/python3.7/site-packages/airflow/example_dags/example_local_kubernetes_executor.py
[2023-07-01T00:07:34.020+0000] {logging_mixin.py:137} INFO - [2023-07-01T00:07:34.020+0000] {dag.py:2705} INFO - Sync 1 DAGs
[2023-07-01T00:07:34.034+0000] {logging_mixin.py:137} INFO - [2023-07-01T00:07:34.034+0000] {dag.py:3456} INFO - Setting next_dagrun for example_local_kubernetes_executor to None, run_after=None
[2023-07-01T00:07:34.044+0000] {processor.py:175} INFO - Processing /home/airflow/.local/lib/python3.7/site-packages/airflow/example_dags/example_local_kubernetes_executor.py took 0.070 seconds
[2023-07-01T00:08:04.564+0000] {processor.py:153} INFO - Started process (PID=52274) to work on /home/airflow/.local/lib/python3.7/site-packages/airflow/example_dags/example_local_kubernetes_executor.py
[2023-07-01T00:08:04.565+0000] {processor.py:743} INFO - Processing file /home/airflow/.local/lib/python3.7/site-packages/airflow/example_dags/example_local_kubernetes_executor.py for tasks to queue
[2023-07-01T00:08:04.565+0000] {logging_mixin.py:137} INFO - [2023-07-01T00:08:04.565+0000] {dagbag.py:532} INFO - Filling up the DagBag from /home/airflow/.local/lib/python3.7/site-packages/airflow/example_dags/example_local_kubernetes_executor.py
[2023-07-01T00:08:04.581+0000] {processor.py:753} INFO - DAG(s) dict_keys(['example_local_kubernetes_executor']) retrieved from /home/airflow/.local/lib/python3.7/site-packages/airflow/example_dags/example_local_kubernetes_executor.py
[2023-07-01T00:08:04.602+0000] {logging_mixin.py:137} INFO - [2023-07-01T00:08:04.601+0000] {dag.py:2705} INFO - Sync 1 DAGs
[2023-07-01T00:08:04.617+0000] {logging_mixin.py:137} INFO - [2023-07-01T00:08:04.617+0000] {dag.py:3456} INFO - Setting next_dagrun for example_local_kubernetes_executor to None, run_after=None
[2023-07-01T00:08:04.627+0000] {processor.py:175} INFO - Processing /home/airflow/.local/lib/python3.7/site-packages/airflow/example_dags/example_local_kubernetes_executor.py took 0.067 seconds
[2023-07-01T00:08:34.957+0000] {processor.py:153} INFO - Started process (PID=52331) to work on /home/airflow/.local/lib/python3.7/site-packages/airflow/example_dags/example_local_kubernetes_executor.py
[2023-07-01T00:08:34.958+0000] {processor.py:743} INFO - Processing file /home/airflow/.local/lib/python3.7/site-packages/airflow/example_dags/example_local_kubernetes_executor.py for tasks to queue
[2023-07-01T00:08:34.959+0000] {logging_mixin.py:137} INFO - [2023-07-01T00:08:34.959+0000] {dagbag.py:532} INFO - Filling up the DagBag from /home/airflow/.local/lib/python3.7/site-packages/airflow/example_dags/example_local_kubernetes_executor.py
[2023-07-01T00:08:34.982+0000] {processor.py:753} INFO - DAG(s) dict_keys(['example_local_kubernetes_executor']) retrieved from /home/airflow/.local/lib/python3.7/site-packages/airflow/example_dags/example_local_kubernetes_executor.py
[2023-07-01T00:08:35.006+0000] {logging_mixin.py:137} INFO - [2023-07-01T00:08:35.006+0000] {dag.py:2705} INFO - Sync 1 DAGs
[2023-07-01T00:08:35.020+0000] {logging_mixin.py:137} INFO - [2023-07-01T00:08:35.020+0000] {dag.py:3456} INFO - Setting next_dagrun for example_local_kubernetes_executor to None, run_after=None
[2023-07-01T00:08:35.030+0000] {processor.py:175} INFO - Processing /home/airflow/.local/lib/python3.7/site-packages/airflow/example_dags/example_local_kubernetes_executor.py took 0.076 seconds
[2023-07-01T00:09:05.187+0000] {processor.py:153} INFO - Started process (PID=52388) to work on /home/airflow/.local/lib/python3.7/site-packages/airflow/example_dags/example_local_kubernetes_executor.py
[2023-07-01T00:09:05.188+0000] {processor.py:743} INFO - Processing file /home/airflow/.local/lib/python3.7/site-packages/airflow/example_dags/example_local_kubernetes_executor.py for tasks to queue
[2023-07-01T00:09:05.189+0000] {logging_mixin.py:137} INFO - [2023-07-01T00:09:05.189+0000] {dagbag.py:532} INFO - Filling up the DagBag from /home/airflow/.local/lib/python3.7/site-packages/airflow/example_dags/example_local_kubernetes_executor.py
[2023-07-01T00:09:05.205+0000] {processor.py:753} INFO - DAG(s) dict_keys(['example_local_kubernetes_executor']) retrieved from /home/airflow/.local/lib/python3.7/site-packages/airflow/example_dags/example_local_kubernetes_executor.py
[2023-07-01T00:09:05.234+0000] {logging_mixin.py:137} INFO - [2023-07-01T00:09:05.233+0000] {dag.py:2705} INFO - Sync 1 DAGs
[2023-07-01T00:09:05.247+0000] {logging_mixin.py:137} INFO - [2023-07-01T00:09:05.247+0000] {dag.py:3456} INFO - Setting next_dagrun for example_local_kubernetes_executor to None, run_after=None
[2023-07-01T00:09:05.257+0000] {processor.py:175} INFO - Processing /home/airflow/.local/lib/python3.7/site-packages/airflow/example_dags/example_local_kubernetes_executor.py took 0.072 seconds
[2023-07-01T00:09:35.690+0000] {processor.py:153} INFO - Started process (PID=52445) to work on /home/airflow/.local/lib/python3.7/site-packages/airflow/example_dags/example_local_kubernetes_executor.py
[2023-07-01T00:09:35.691+0000] {processor.py:743} INFO - Processing file /home/airflow/.local/lib/python3.7/site-packages/airflow/example_dags/example_local_kubernetes_executor.py for tasks to queue
[2023-07-01T00:09:35.692+0000] {logging_mixin.py:137} INFO - [2023-07-01T00:09:35.692+0000] {dagbag.py:532} INFO - Filling up the DagBag from /home/airflow/.local/lib/python3.7/site-packages/airflow/example_dags/example_local_kubernetes_executor.py
[2023-07-01T00:09:35.709+0000] {processor.py:753} INFO - DAG(s) dict_keys(['example_local_kubernetes_executor']) retrieved from /home/airflow/.local/lib/python3.7/site-packages/airflow/example_dags/example_local_kubernetes_executor.py
[2023-07-01T00:09:35.736+0000] {logging_mixin.py:137} INFO - [2023-07-01T00:09:35.736+0000] {dag.py:2705} INFO - Sync 1 DAGs
[2023-07-01T00:09:35.750+0000] {logging_mixin.py:137} INFO - [2023-07-01T00:09:35.750+0000] {dag.py:3456} INFO - Setting next_dagrun for example_local_kubernetes_executor to None, run_after=None
[2023-07-01T00:09:35.760+0000] {processor.py:175} INFO - Processing /home/airflow/.local/lib/python3.7/site-packages/airflow/example_dags/example_local_kubernetes_executor.py took 0.073 seconds
[2023-07-01T00:10:06.204+0000] {processor.py:153} INFO - Started process (PID=52503) to work on /home/airflow/.local/lib/python3.7/site-packages/airflow/example_dags/example_local_kubernetes_executor.py
[2023-07-01T00:10:06.205+0000] {processor.py:743} INFO - Processing file /home/airflow/.local/lib/python3.7/site-packages/airflow/example_dags/example_local_kubernetes_executor.py for tasks to queue
[2023-07-01T00:10:06.206+0000] {logging_mixin.py:137} INFO - [2023-07-01T00:10:06.206+0000] {dagbag.py:532} INFO - Filling up the DagBag from /home/airflow/.local/lib/python3.7/site-packages/airflow/example_dags/example_local_kubernetes_executor.py
[2023-07-01T00:10:06.221+0000] {processor.py:753} INFO - DAG(s) dict_keys(['example_local_kubernetes_executor']) retrieved from /home/airflow/.local/lib/python3.7/site-packages/airflow/example_dags/example_local_kubernetes_executor.py
[2023-07-01T00:10:06.241+0000] {logging_mixin.py:137} INFO - [2023-07-01T00:10:06.241+0000] {dag.py:2705} INFO - Sync 1 DAGs
[2023-07-01T00:10:06.255+0000] {logging_mixin.py:137} INFO - [2023-07-01T00:10:06.255+0000] {dag.py:3456} INFO - Setting next_dagrun for example_local_kubernetes_executor to None, run_after=None
[2023-07-01T00:10:06.265+0000] {processor.py:175} INFO - Processing /home/airflow/.local/lib/python3.7/site-packages/airflow/example_dags/example_local_kubernetes_executor.py took 0.063 seconds
[2023-07-01T00:10:36.759+0000] {processor.py:153} INFO - Started process (PID=52560) to work on /home/airflow/.local/lib/python3.7/site-packages/airflow/example_dags/example_local_kubernetes_executor.py
[2023-07-01T00:10:36.760+0000] {processor.py:743} INFO - Processing file /home/airflow/.local/lib/python3.7/site-packages/airflow/example_dags/example_local_kubernetes_executor.py for tasks to queue
[2023-07-01T00:10:36.761+0000] {logging_mixin.py:137} INFO - [2023-07-01T00:10:36.761+0000] {dagbag.py:532} INFO - Filling up the DagBag from /home/airflow/.local/lib/python3.7/site-packages/airflow/example_dags/example_local_kubernetes_executor.py
[2023-07-01T00:10:36.785+0000] {processor.py:753} INFO - DAG(s) dict_keys(['example_local_kubernetes_executor']) retrieved from /home/airflow/.local/lib/python3.7/site-packages/airflow/example_dags/example_local_kubernetes_executor.py
[2023-07-01T00:10:36.812+0000] {logging_mixin.py:137} INFO - [2023-07-01T00:10:36.812+0000] {dag.py:2705} INFO - Sync 1 DAGs
[2023-07-01T00:10:36.827+0000] {logging_mixin.py:137} INFO - [2023-07-01T00:10:36.827+0000] {dag.py:3456} INFO - Setting next_dagrun for example_local_kubernetes_executor to None, run_after=None
[2023-07-01T00:10:36.838+0000] {processor.py:175} INFO - Processing /home/airflow/.local/lib/python3.7/site-packages/airflow/example_dags/example_local_kubernetes_executor.py took 0.081 seconds
[2023-07-01T00:11:07.615+0000] {processor.py:153} INFO - Started process (PID=52618) to work on /home/airflow/.local/lib/python3.7/site-packages/airflow/example_dags/example_local_kubernetes_executor.py
[2023-07-01T00:11:07.616+0000] {processor.py:743} INFO - Processing file /home/airflow/.local/lib/python3.7/site-packages/airflow/example_dags/example_local_kubernetes_executor.py for tasks to queue
[2023-07-01T00:11:07.617+0000] {logging_mixin.py:137} INFO - [2023-07-01T00:11:07.616+0000] {dagbag.py:532} INFO - Filling up the DagBag from /home/airflow/.local/lib/python3.7/site-packages/airflow/example_dags/example_local_kubernetes_executor.py
[2023-07-01T00:11:07.634+0000] {processor.py:753} INFO - DAG(s) dict_keys(['example_local_kubernetes_executor']) retrieved from /home/airflow/.local/lib/python3.7/site-packages/airflow/example_dags/example_local_kubernetes_executor.py
[2023-07-01T00:11:07.653+0000] {logging_mixin.py:137} INFO - [2023-07-01T00:11:07.653+0000] {dag.py:2705} INFO - Sync 1 DAGs
[2023-07-01T00:11:07.668+0000] {logging_mixin.py:137} INFO - [2023-07-01T00:11:07.668+0000] {dag.py:3456} INFO - Setting next_dagrun for example_local_kubernetes_executor to None, run_after=None
[2023-07-01T00:11:07.677+0000] {processor.py:175} INFO - Processing /home/airflow/.local/lib/python3.7/site-packages/airflow/example_dags/example_local_kubernetes_executor.py took 0.065 seconds
[2023-07-01T00:11:38.404+0000] {processor.py:153} INFO - Started process (PID=52676) to work on /home/airflow/.local/lib/python3.7/site-packages/airflow/example_dags/example_local_kubernetes_executor.py
[2023-07-01T00:11:38.405+0000] {processor.py:743} INFO - Processing file /home/airflow/.local/lib/python3.7/site-packages/airflow/example_dags/example_local_kubernetes_executor.py for tasks to queue
[2023-07-01T00:11:38.405+0000] {logging_mixin.py:137} INFO - [2023-07-01T00:11:38.405+0000] {dagbag.py:532} INFO - Filling up the DagBag from /home/airflow/.local/lib/python3.7/site-packages/airflow/example_dags/example_local_kubernetes_executor.py
[2023-07-01T00:11:38.422+0000] {processor.py:753} INFO - DAG(s) dict_keys(['example_local_kubernetes_executor']) retrieved from /home/airflow/.local/lib/python3.7/site-packages/airflow/example_dags/example_local_kubernetes_executor.py
[2023-07-01T00:11:38.443+0000] {logging_mixin.py:137} INFO - [2023-07-01T00:11:38.443+0000] {dag.py:2705} INFO - Sync 1 DAGs
[2023-07-01T00:11:38.458+0000] {logging_mixin.py:137} INFO - [2023-07-01T00:11:38.458+0000] {dag.py:3456} INFO - Setting next_dagrun for example_local_kubernetes_executor to None, run_after=None
[2023-07-01T00:11:38.467+0000] {processor.py:175} INFO - Processing /home/airflow/.local/lib/python3.7/site-packages/airflow/example_dags/example_local_kubernetes_executor.py took 0.066 seconds
[2023-07-01T00:12:09.087+0000] {processor.py:153} INFO - Started process (PID=52733) to work on /home/airflow/.local/lib/python3.7/site-packages/airflow/example_dags/example_local_kubernetes_executor.py
[2023-07-01T00:12:09.088+0000] {processor.py:743} INFO - Processing file /home/airflow/.local/lib/python3.7/site-packages/airflow/example_dags/example_local_kubernetes_executor.py for tasks to queue
[2023-07-01T00:12:09.089+0000] {logging_mixin.py:137} INFO - [2023-07-01T00:12:09.089+0000] {dagbag.py:532} INFO - Filling up the DagBag from /home/airflow/.local/lib/python3.7/site-packages/airflow/example_dags/example_local_kubernetes_executor.py
[2023-07-01T00:12:09.105+0000] {processor.py:753} INFO - DAG(s) dict_keys(['example_local_kubernetes_executor']) retrieved from /home/airflow/.local/lib/python3.7/site-packages/airflow/example_dags/example_local_kubernetes_executor.py
[2023-07-01T00:12:09.126+0000] {logging_mixin.py:137} INFO - [2023-07-01T00:12:09.126+0000] {dag.py:2705} INFO - Sync 1 DAGs
[2023-07-01T00:12:09.140+0000] {logging_mixin.py:137} INFO - [2023-07-01T00:12:09.140+0000] {dag.py:3456} INFO - Setting next_dagrun for example_local_kubernetes_executor to None, run_after=None
[2023-07-01T00:12:09.149+0000] {processor.py:175} INFO - Processing /home/airflow/.local/lib/python3.7/site-packages/airflow/example_dags/example_local_kubernetes_executor.py took 0.064 seconds
[2023-07-01T00:12:39.821+0000] {processor.py:153} INFO - Started process (PID=52790) to work on /home/airflow/.local/lib/python3.7/site-packages/airflow/example_dags/example_local_kubernetes_executor.py
[2023-07-01T00:12:39.822+0000] {processor.py:743} INFO - Processing file /home/airflow/.local/lib/python3.7/site-packages/airflow/example_dags/example_local_kubernetes_executor.py for tasks to queue
[2023-07-01T00:12:39.823+0000] {logging_mixin.py:137} INFO - [2023-07-01T00:12:39.822+0000] {dagbag.py:532} INFO - Filling up the DagBag from /home/airflow/.local/lib/python3.7/site-packages/airflow/example_dags/example_local_kubernetes_executor.py
[2023-07-01T00:12:39.839+0000] {processor.py:753} INFO - DAG(s) dict_keys(['example_local_kubernetes_executor']) retrieved from /home/airflow/.local/lib/python3.7/site-packages/airflow/example_dags/example_local_kubernetes_executor.py
[2023-07-01T00:12:39.860+0000] {logging_mixin.py:137} INFO - [2023-07-01T00:12:39.860+0000] {dag.py:2705} INFO - Sync 1 DAGs
[2023-07-01T00:12:39.875+0000] {logging_mixin.py:137} INFO - [2023-07-01T00:12:39.875+0000] {dag.py:3456} INFO - Setting next_dagrun for example_local_kubernetes_executor to None, run_after=None
[2023-07-01T00:12:39.883+0000] {processor.py:175} INFO - Processing /home/airflow/.local/lib/python3.7/site-packages/airflow/example_dags/example_local_kubernetes_executor.py took 0.065 seconds
[2023-07-01T00:13:10.522+0000] {processor.py:153} INFO - Started process (PID=52854) to work on /home/airflow/.local/lib/python3.7/site-packages/airflow/example_dags/example_local_kubernetes_executor.py
[2023-07-01T00:13:10.523+0000] {processor.py:743} INFO - Processing file /home/airflow/.local/lib/python3.7/site-packages/airflow/example_dags/example_local_kubernetes_executor.py for tasks to queue
[2023-07-01T00:13:10.524+0000] {logging_mixin.py:137} INFO - [2023-07-01T00:13:10.524+0000] {dagbag.py:532} INFO - Filling up the DagBag from /home/airflow/.local/lib/python3.7/site-packages/airflow/example_dags/example_local_kubernetes_executor.py
[2023-07-01T00:13:10.542+0000] {processor.py:753} INFO - DAG(s) dict_keys(['example_local_kubernetes_executor']) retrieved from /home/airflow/.local/lib/python3.7/site-packages/airflow/example_dags/example_local_kubernetes_executor.py
[2023-07-01T00:13:10.577+0000] {logging_mixin.py:137} INFO - [2023-07-01T00:13:10.576+0000] {dag.py:2705} INFO - Sync 1 DAGs
[2023-07-01T00:13:10.593+0000] {logging_mixin.py:137} INFO - [2023-07-01T00:13:10.593+0000] {dag.py:3456} INFO - Setting next_dagrun for example_local_kubernetes_executor to None, run_after=None
[2023-07-01T00:13:10.604+0000] {processor.py:175} INFO - Processing /home/airflow/.local/lib/python3.7/site-packages/airflow/example_dags/example_local_kubernetes_executor.py took 0.084 seconds
[2023-07-01T00:13:41.745+0000] {processor.py:153} INFO - Started process (PID=52912) to work on /home/airflow/.local/lib/python3.7/site-packages/airflow/example_dags/example_local_kubernetes_executor.py
[2023-07-01T00:13:41.746+0000] {processor.py:743} INFO - Processing file /home/airflow/.local/lib/python3.7/site-packages/airflow/example_dags/example_local_kubernetes_executor.py for tasks to queue
[2023-07-01T00:13:41.746+0000] {logging_mixin.py:137} INFO - [2023-07-01T00:13:41.746+0000] {dagbag.py:532} INFO - Filling up the DagBag from /home/airflow/.local/lib/python3.7/site-packages/airflow/example_dags/example_local_kubernetes_executor.py
[2023-07-01T00:13:41.763+0000] {processor.py:753} INFO - DAG(s) dict_keys(['example_local_kubernetes_executor']) retrieved from /home/airflow/.local/lib/python3.7/site-packages/airflow/example_dags/example_local_kubernetes_executor.py
[2023-07-01T00:13:41.783+0000] {logging_mixin.py:137} INFO - [2023-07-01T00:13:41.783+0000] {dag.py:2705} INFO - Sync 1 DAGs
[2023-07-01T00:13:41.797+0000] {logging_mixin.py:137} INFO - [2023-07-01T00:13:41.797+0000] {dag.py:3456} INFO - Setting next_dagrun for example_local_kubernetes_executor to None, run_after=None
[2023-07-01T00:13:41.807+0000] {processor.py:175} INFO - Processing /home/airflow/.local/lib/python3.7/site-packages/airflow/example_dags/example_local_kubernetes_executor.py took 0.065 seconds
[2023-07-01T00:14:11.870+0000] {processor.py:153} INFO - Started process (PID=52969) to work on /home/airflow/.local/lib/python3.7/site-packages/airflow/example_dags/example_local_kubernetes_executor.py
[2023-07-01T00:14:11.871+0000] {processor.py:743} INFO - Processing file /home/airflow/.local/lib/python3.7/site-packages/airflow/example_dags/example_local_kubernetes_executor.py for tasks to queue
[2023-07-01T00:14:11.872+0000] {logging_mixin.py:137} INFO - [2023-07-01T00:14:11.872+0000] {dagbag.py:532} INFO - Filling up the DagBag from /home/airflow/.local/lib/python3.7/site-packages/airflow/example_dags/example_local_kubernetes_executor.py
[2023-07-01T00:14:11.891+0000] {processor.py:753} INFO - DAG(s) dict_keys(['example_local_kubernetes_executor']) retrieved from /home/airflow/.local/lib/python3.7/site-packages/airflow/example_dags/example_local_kubernetes_executor.py
[2023-07-01T00:14:11.912+0000] {logging_mixin.py:137} INFO - [2023-07-01T00:14:11.912+0000] {dag.py:2705} INFO - Sync 1 DAGs
[2023-07-01T00:14:11.927+0000] {logging_mixin.py:137} INFO - [2023-07-01T00:14:11.927+0000] {dag.py:3456} INFO - Setting next_dagrun for example_local_kubernetes_executor to None, run_after=None
[2023-07-01T00:14:11.936+0000] {processor.py:175} INFO - Processing /home/airflow/.local/lib/python3.7/site-packages/airflow/example_dags/example_local_kubernetes_executor.py took 0.069 seconds
[2023-07-01T00:14:42.137+0000] {processor.py:153} INFO - Started process (PID=53026) to work on /home/airflow/.local/lib/python3.7/site-packages/airflow/example_dags/example_local_kubernetes_executor.py
[2023-07-01T00:14:42.138+0000] {processor.py:743} INFO - Processing file /home/airflow/.local/lib/python3.7/site-packages/airflow/example_dags/example_local_kubernetes_executor.py for tasks to queue
[2023-07-01T00:14:42.138+0000] {logging_mixin.py:137} INFO - [2023-07-01T00:14:42.138+0000] {dagbag.py:532} INFO - Filling up the DagBag from /home/airflow/.local/lib/python3.7/site-packages/airflow/example_dags/example_local_kubernetes_executor.py
[2023-07-01T00:14:42.157+0000] {processor.py:753} INFO - DAG(s) dict_keys(['example_local_kubernetes_executor']) retrieved from /home/airflow/.local/lib/python3.7/site-packages/airflow/example_dags/example_local_kubernetes_executor.py
[2023-07-01T00:14:42.179+0000] {logging_mixin.py:137} INFO - [2023-07-01T00:14:42.179+0000] {dag.py:2705} INFO - Sync 1 DAGs
[2023-07-01T00:14:42.194+0000] {logging_mixin.py:137} INFO - [2023-07-01T00:14:42.194+0000] {dag.py:3456} INFO - Setting next_dagrun for example_local_kubernetes_executor to None, run_after=None
[2023-07-01T00:14:42.203+0000] {processor.py:175} INFO - Processing /home/airflow/.local/lib/python3.7/site-packages/airflow/example_dags/example_local_kubernetes_executor.py took 0.069 seconds
[2023-07-01T00:15:12.498+0000] {processor.py:153} INFO - Started process (PID=53083) to work on /home/airflow/.local/lib/python3.7/site-packages/airflow/example_dags/example_local_kubernetes_executor.py
[2023-07-01T00:15:12.499+0000] {processor.py:743} INFO - Processing file /home/airflow/.local/lib/python3.7/site-packages/airflow/example_dags/example_local_kubernetes_executor.py for tasks to queue
[2023-07-01T00:15:12.501+0000] {logging_mixin.py:137} INFO - [2023-07-01T00:15:12.501+0000] {dagbag.py:532} INFO - Filling up the DagBag from /home/airflow/.local/lib/python3.7/site-packages/airflow/example_dags/example_local_kubernetes_executor.py
[2023-07-01T00:15:12.521+0000] {processor.py:753} INFO - DAG(s) dict_keys(['example_local_kubernetes_executor']) retrieved from /home/airflow/.local/lib/python3.7/site-packages/airflow/example_dags/example_local_kubernetes_executor.py
[2023-07-01T00:15:12.543+0000] {logging_mixin.py:137} INFO - [2023-07-01T00:15:12.543+0000] {dag.py:2705} INFO - Sync 1 DAGs
[2023-07-01T00:15:12.559+0000] {logging_mixin.py:137} INFO - [2023-07-01T00:15:12.559+0000] {dag.py:3456} INFO - Setting next_dagrun for example_local_kubernetes_executor to None, run_after=None
[2023-07-01T00:15:12.568+0000] {processor.py:175} INFO - Processing /home/airflow/.local/lib/python3.7/site-packages/airflow/example_dags/example_local_kubernetes_executor.py took 0.074 seconds
[2023-07-01T00:15:43.627+0000] {processor.py:153} INFO - Started process (PID=53139) to work on /home/airflow/.local/lib/python3.7/site-packages/airflow/example_dags/example_local_kubernetes_executor.py
[2023-07-01T00:15:43.628+0000] {processor.py:743} INFO - Processing file /home/airflow/.local/lib/python3.7/site-packages/airflow/example_dags/example_local_kubernetes_executor.py for tasks to queue
[2023-07-01T00:15:43.629+0000] {logging_mixin.py:137} INFO - [2023-07-01T00:15:43.629+0000] {dagbag.py:532} INFO - Filling up the DagBag from /home/airflow/.local/lib/python3.7/site-packages/airflow/example_dags/example_local_kubernetes_executor.py
[2023-07-01T00:15:43.646+0000] {processor.py:753} INFO - DAG(s) dict_keys(['example_local_kubernetes_executor']) retrieved from /home/airflow/.local/lib/python3.7/site-packages/airflow/example_dags/example_local_kubernetes_executor.py
[2023-07-01T00:15:43.666+0000] {logging_mixin.py:137} INFO - [2023-07-01T00:15:43.666+0000] {dag.py:2705} INFO - Sync 1 DAGs
[2023-07-01T00:15:43.680+0000] {logging_mixin.py:137} INFO - [2023-07-01T00:15:43.680+0000] {dag.py:3456} INFO - Setting next_dagrun for example_local_kubernetes_executor to None, run_after=None
[2023-07-01T00:15:43.690+0000] {processor.py:175} INFO - Processing /home/airflow/.local/lib/python3.7/site-packages/airflow/example_dags/example_local_kubernetes_executor.py took 0.066 seconds
[2023-07-01T00:16:13.929+0000] {processor.py:153} INFO - Started process (PID=53196) to work on /home/airflow/.local/lib/python3.7/site-packages/airflow/example_dags/example_local_kubernetes_executor.py
[2023-07-01T00:16:13.930+0000] {processor.py:743} INFO - Processing file /home/airflow/.local/lib/python3.7/site-packages/airflow/example_dags/example_local_kubernetes_executor.py for tasks to queue
[2023-07-01T00:16:13.931+0000] {logging_mixin.py:137} INFO - [2023-07-01T00:16:13.931+0000] {dagbag.py:532} INFO - Filling up the DagBag from /home/airflow/.local/lib/python3.7/site-packages/airflow/example_dags/example_local_kubernetes_executor.py
[2023-07-01T00:16:13.952+0000] {processor.py:753} INFO - DAG(s) dict_keys(['example_local_kubernetes_executor']) retrieved from /home/airflow/.local/lib/python3.7/site-packages/airflow/example_dags/example_local_kubernetes_executor.py
[2023-07-01T00:16:13.974+0000] {logging_mixin.py:137} INFO - [2023-07-01T00:16:13.974+0000] {dag.py:2705} INFO - Sync 1 DAGs
[2023-07-01T00:16:13.991+0000] {logging_mixin.py:137} INFO - [2023-07-01T00:16:13.991+0000] {dag.py:3456} INFO - Setting next_dagrun for example_local_kubernetes_executor to None, run_after=None
[2023-07-01T00:16:14.004+0000] {processor.py:175} INFO - Processing /home/airflow/.local/lib/python3.7/site-packages/airflow/example_dags/example_local_kubernetes_executor.py took 0.078 seconds
[2023-07-01T00:16:44.315+0000] {processor.py:153} INFO - Started process (PID=53253) to work on /home/airflow/.local/lib/python3.7/site-packages/airflow/example_dags/example_local_kubernetes_executor.py
[2023-07-01T00:16:44.316+0000] {processor.py:743} INFO - Processing file /home/airflow/.local/lib/python3.7/site-packages/airflow/example_dags/example_local_kubernetes_executor.py for tasks to queue
[2023-07-01T00:16:44.316+0000] {logging_mixin.py:137} INFO - [2023-07-01T00:16:44.316+0000] {dagbag.py:532} INFO - Filling up the DagBag from /home/airflow/.local/lib/python3.7/site-packages/airflow/example_dags/example_local_kubernetes_executor.py
[2023-07-01T00:16:44.336+0000] {processor.py:753} INFO - DAG(s) dict_keys(['example_local_kubernetes_executor']) retrieved from /home/airflow/.local/lib/python3.7/site-packages/airflow/example_dags/example_local_kubernetes_executor.py
[2023-07-01T00:16:44.378+0000] {logging_mixin.py:137} INFO - [2023-07-01T00:16:44.378+0000] {dag.py:2705} INFO - Sync 1 DAGs
[2023-07-01T00:16:44.412+0000] {logging_mixin.py:137} INFO - [2023-07-01T00:16:44.412+0000] {dag.py:3456} INFO - Setting next_dagrun for example_local_kubernetes_executor to None, run_after=None
[2023-07-01T00:16:44.430+0000] {processor.py:175} INFO - Processing /home/airflow/.local/lib/python3.7/site-packages/airflow/example_dags/example_local_kubernetes_executor.py took 0.119 seconds
[2023-07-01T00:17:15.373+0000] {processor.py:153} INFO - Started process (PID=53310) to work on /home/airflow/.local/lib/python3.7/site-packages/airflow/example_dags/example_local_kubernetes_executor.py
[2023-07-01T00:17:15.374+0000] {processor.py:743} INFO - Processing file /home/airflow/.local/lib/python3.7/site-packages/airflow/example_dags/example_local_kubernetes_executor.py for tasks to queue
[2023-07-01T00:17:15.375+0000] {logging_mixin.py:137} INFO - [2023-07-01T00:17:15.375+0000] {dagbag.py:532} INFO - Filling up the DagBag from /home/airflow/.local/lib/python3.7/site-packages/airflow/example_dags/example_local_kubernetes_executor.py
[2023-07-01T00:17:15.409+0000] {processor.py:753} INFO - DAG(s) dict_keys(['example_local_kubernetes_executor']) retrieved from /home/airflow/.local/lib/python3.7/site-packages/airflow/example_dags/example_local_kubernetes_executor.py
[2023-07-01T00:17:15.442+0000] {logging_mixin.py:137} INFO - [2023-07-01T00:17:15.442+0000] {dag.py:2705} INFO - Sync 1 DAGs
[2023-07-01T00:17:15.462+0000] {logging_mixin.py:137} INFO - [2023-07-01T00:17:15.462+0000] {dag.py:3456} INFO - Setting next_dagrun for example_local_kubernetes_executor to None, run_after=None
[2023-07-01T00:17:15.475+0000] {processor.py:175} INFO - Processing /home/airflow/.local/lib/python3.7/site-packages/airflow/example_dags/example_local_kubernetes_executor.py took 0.107 seconds
[2023-07-01T00:17:46.361+0000] {processor.py:153} INFO - Started process (PID=53367) to work on /home/airflow/.local/lib/python3.7/site-packages/airflow/example_dags/example_local_kubernetes_executor.py
[2023-07-01T00:17:46.363+0000] {processor.py:743} INFO - Processing file /home/airflow/.local/lib/python3.7/site-packages/airflow/example_dags/example_local_kubernetes_executor.py for tasks to queue
[2023-07-01T00:17:46.363+0000] {logging_mixin.py:137} INFO - [2023-07-01T00:17:46.363+0000] {dagbag.py:532} INFO - Filling up the DagBag from /home/airflow/.local/lib/python3.7/site-packages/airflow/example_dags/example_local_kubernetes_executor.py
[2023-07-01T00:17:46.390+0000] {processor.py:753} INFO - DAG(s) dict_keys(['example_local_kubernetes_executor']) retrieved from /home/airflow/.local/lib/python3.7/site-packages/airflow/example_dags/example_local_kubernetes_executor.py
[2023-07-01T00:17:46.412+0000] {logging_mixin.py:137} INFO - [2023-07-01T00:17:46.412+0000] {dag.py:2705} INFO - Sync 1 DAGs
[2023-07-01T00:17:46.430+0000] {logging_mixin.py:137} INFO - [2023-07-01T00:17:46.430+0000] {dag.py:3456} INFO - Setting next_dagrun for example_local_kubernetes_executor to None, run_after=None
[2023-07-01T00:17:46.442+0000] {processor.py:175} INFO - Processing /home/airflow/.local/lib/python3.7/site-packages/airflow/example_dags/example_local_kubernetes_executor.py took 0.084 seconds
[2023-07-01T00:18:17.081+0000] {processor.py:153} INFO - Started process (PID=53424) to work on /home/airflow/.local/lib/python3.7/site-packages/airflow/example_dags/example_local_kubernetes_executor.py
[2023-07-01T00:18:17.083+0000] {processor.py:743} INFO - Processing file /home/airflow/.local/lib/python3.7/site-packages/airflow/example_dags/example_local_kubernetes_executor.py for tasks to queue
[2023-07-01T00:18:17.084+0000] {logging_mixin.py:137} INFO - [2023-07-01T00:18:17.084+0000] {dagbag.py:532} INFO - Filling up the DagBag from /home/airflow/.local/lib/python3.7/site-packages/airflow/example_dags/example_local_kubernetes_executor.py
[2023-07-01T00:18:17.110+0000] {processor.py:753} INFO - DAG(s) dict_keys(['example_local_kubernetes_executor']) retrieved from /home/airflow/.local/lib/python3.7/site-packages/airflow/example_dags/example_local_kubernetes_executor.py
[2023-07-01T00:18:17.136+0000] {logging_mixin.py:137} INFO - [2023-07-01T00:18:17.136+0000] {dag.py:2705} INFO - Sync 1 DAGs
[2023-07-01T00:18:17.158+0000] {logging_mixin.py:137} INFO - [2023-07-01T00:18:17.158+0000] {dag.py:3456} INFO - Setting next_dagrun for example_local_kubernetes_executor to None, run_after=None
[2023-07-01T00:18:17.169+0000] {processor.py:175} INFO - Processing /home/airflow/.local/lib/python3.7/site-packages/airflow/example_dags/example_local_kubernetes_executor.py took 0.093 seconds
[2023-07-01T00:18:47.942+0000] {processor.py:153} INFO - Started process (PID=53481) to work on /home/airflow/.local/lib/python3.7/site-packages/airflow/example_dags/example_local_kubernetes_executor.py
[2023-07-01T00:18:47.946+0000] {processor.py:743} INFO - Processing file /home/airflow/.local/lib/python3.7/site-packages/airflow/example_dags/example_local_kubernetes_executor.py for tasks to queue
[2023-07-01T00:18:47.948+0000] {logging_mixin.py:137} INFO - [2023-07-01T00:18:47.948+0000] {dagbag.py:532} INFO - Filling up the DagBag from /home/airflow/.local/lib/python3.7/site-packages/airflow/example_dags/example_local_kubernetes_executor.py
[2023-07-01T00:18:47.999+0000] {processor.py:753} INFO - DAG(s) dict_keys(['example_local_kubernetes_executor']) retrieved from /home/airflow/.local/lib/python3.7/site-packages/airflow/example_dags/example_local_kubernetes_executor.py
[2023-07-01T00:18:48.049+0000] {logging_mixin.py:137} INFO - [2023-07-01T00:18:48.049+0000] {dag.py:2705} INFO - Sync 1 DAGs
[2023-07-01T00:18:48.083+0000] {logging_mixin.py:137} INFO - [2023-07-01T00:18:48.083+0000] {dag.py:3456} INFO - Setting next_dagrun for example_local_kubernetes_executor to None, run_after=None
[2023-07-01T00:18:48.117+0000] {processor.py:175} INFO - Processing /home/airflow/.local/lib/python3.7/site-packages/airflow/example_dags/example_local_kubernetes_executor.py took 0.180 seconds
[2023-07-01T00:19:18.305+0000] {processor.py:153} INFO - Started process (PID=53539) to work on /home/airflow/.local/lib/python3.7/site-packages/airflow/example_dags/example_local_kubernetes_executor.py
[2023-07-01T00:19:18.306+0000] {processor.py:743} INFO - Processing file /home/airflow/.local/lib/python3.7/site-packages/airflow/example_dags/example_local_kubernetes_executor.py for tasks to queue
[2023-07-01T00:19:18.307+0000] {logging_mixin.py:137} INFO - [2023-07-01T00:19:18.307+0000] {dagbag.py:532} INFO - Filling up the DagBag from /home/airflow/.local/lib/python3.7/site-packages/airflow/example_dags/example_local_kubernetes_executor.py
[2023-07-01T00:19:18.333+0000] {processor.py:753} INFO - DAG(s) dict_keys(['example_local_kubernetes_executor']) retrieved from /home/airflow/.local/lib/python3.7/site-packages/airflow/example_dags/example_local_kubernetes_executor.py
[2023-07-01T00:19:18.357+0000] {logging_mixin.py:137} INFO - [2023-07-01T00:19:18.357+0000] {dag.py:2705} INFO - Sync 1 DAGs
[2023-07-01T00:19:18.375+0000] {logging_mixin.py:137} INFO - [2023-07-01T00:19:18.375+0000] {dag.py:3456} INFO - Setting next_dagrun for example_local_kubernetes_executor to None, run_after=None
[2023-07-01T00:19:18.387+0000] {processor.py:175} INFO - Processing /home/airflow/.local/lib/python3.7/site-packages/airflow/example_dags/example_local_kubernetes_executor.py took 0.086 seconds
[2023-07-01T00:19:48.827+0000] {processor.py:153} INFO - Started process (PID=53596) to work on /home/airflow/.local/lib/python3.7/site-packages/airflow/example_dags/example_local_kubernetes_executor.py
[2023-07-01T00:19:48.828+0000] {processor.py:743} INFO - Processing file /home/airflow/.local/lib/python3.7/site-packages/airflow/example_dags/example_local_kubernetes_executor.py for tasks to queue
[2023-07-01T00:19:48.829+0000] {logging_mixin.py:137} INFO - [2023-07-01T00:19:48.829+0000] {dagbag.py:532} INFO - Filling up the DagBag from /home/airflow/.local/lib/python3.7/site-packages/airflow/example_dags/example_local_kubernetes_executor.py
[2023-07-01T00:19:48.855+0000] {processor.py:753} INFO - DAG(s) dict_keys(['example_local_kubernetes_executor']) retrieved from /home/airflow/.local/lib/python3.7/site-packages/airflow/example_dags/example_local_kubernetes_executor.py
[2023-07-01T00:19:48.884+0000] {logging_mixin.py:137} INFO - [2023-07-01T00:19:48.884+0000] {dag.py:2705} INFO - Sync 1 DAGs
[2023-07-01T00:19:48.900+0000] {logging_mixin.py:137} INFO - [2023-07-01T00:19:48.900+0000] {dag.py:3456} INFO - Setting next_dagrun for example_local_kubernetes_executor to None, run_after=None
[2023-07-01T00:19:48.928+0000] {processor.py:175} INFO - Processing /home/airflow/.local/lib/python3.7/site-packages/airflow/example_dags/example_local_kubernetes_executor.py took 0.105 seconds
[2023-07-01T00:20:19.170+0000] {processor.py:153} INFO - Started process (PID=53653) to work on /home/airflow/.local/lib/python3.7/site-packages/airflow/example_dags/example_local_kubernetes_executor.py
[2023-07-01T00:20:19.171+0000] {processor.py:743} INFO - Processing file /home/airflow/.local/lib/python3.7/site-packages/airflow/example_dags/example_local_kubernetes_executor.py for tasks to queue
[2023-07-01T00:20:19.172+0000] {logging_mixin.py:137} INFO - [2023-07-01T00:20:19.172+0000] {dagbag.py:532} INFO - Filling up the DagBag from /home/airflow/.local/lib/python3.7/site-packages/airflow/example_dags/example_local_kubernetes_executor.py
[2023-07-01T00:20:19.194+0000] {processor.py:753} INFO - DAG(s) dict_keys(['example_local_kubernetes_executor']) retrieved from /home/airflow/.local/lib/python3.7/site-packages/airflow/example_dags/example_local_kubernetes_executor.py
[2023-07-01T00:20:19.218+0000] {logging_mixin.py:137} INFO - [2023-07-01T00:20:19.218+0000] {dag.py:2705} INFO - Sync 1 DAGs
[2023-07-01T00:20:19.234+0000] {logging_mixin.py:137} INFO - [2023-07-01T00:20:19.234+0000] {dag.py:3456} INFO - Setting next_dagrun for example_local_kubernetes_executor to None, run_after=None
[2023-07-01T00:20:19.245+0000] {processor.py:175} INFO - Processing /home/airflow/.local/lib/python3.7/site-packages/airflow/example_dags/example_local_kubernetes_executor.py took 0.079 seconds
[2023-07-01T00:20:49.327+0000] {processor.py:153} INFO - Started process (PID=53711) to work on /home/airflow/.local/lib/python3.7/site-packages/airflow/example_dags/example_local_kubernetes_executor.py
[2023-07-01T00:20:49.328+0000] {processor.py:743} INFO - Processing file /home/airflow/.local/lib/python3.7/site-packages/airflow/example_dags/example_local_kubernetes_executor.py for tasks to queue
[2023-07-01T00:20:49.328+0000] {logging_mixin.py:137} INFO - [2023-07-01T00:20:49.328+0000] {dagbag.py:532} INFO - Filling up the DagBag from /home/airflow/.local/lib/python3.7/site-packages/airflow/example_dags/example_local_kubernetes_executor.py
[2023-07-01T00:20:49.345+0000] {processor.py:753} INFO - DAG(s) dict_keys(['example_local_kubernetes_executor']) retrieved from /home/airflow/.local/lib/python3.7/site-packages/airflow/example_dags/example_local_kubernetes_executor.py
[2023-07-01T00:20:49.377+0000] {logging_mixin.py:137} INFO - [2023-07-01T00:20:49.377+0000] {dag.py:2705} INFO - Sync 1 DAGs
[2023-07-01T00:20:49.396+0000] {logging_mixin.py:137} INFO - [2023-07-01T00:20:49.396+0000] {dag.py:3456} INFO - Setting next_dagrun for example_local_kubernetes_executor to None, run_after=None
[2023-07-01T00:20:49.417+0000] {processor.py:175} INFO - Processing /home/airflow/.local/lib/python3.7/site-packages/airflow/example_dags/example_local_kubernetes_executor.py took 0.093 seconds
[2023-07-01T00:21:19.478+0000] {processor.py:153} INFO - Started process (PID=53768) to work on /home/airflow/.local/lib/python3.7/site-packages/airflow/example_dags/example_local_kubernetes_executor.py
[2023-07-01T00:21:19.479+0000] {processor.py:743} INFO - Processing file /home/airflow/.local/lib/python3.7/site-packages/airflow/example_dags/example_local_kubernetes_executor.py for tasks to queue
[2023-07-01T00:21:19.480+0000] {logging_mixin.py:137} INFO - [2023-07-01T00:21:19.480+0000] {dagbag.py:532} INFO - Filling up the DagBag from /home/airflow/.local/lib/python3.7/site-packages/airflow/example_dags/example_local_kubernetes_executor.py
[2023-07-01T00:21:19.501+0000] {processor.py:753} INFO - DAG(s) dict_keys(['example_local_kubernetes_executor']) retrieved from /home/airflow/.local/lib/python3.7/site-packages/airflow/example_dags/example_local_kubernetes_executor.py
[2023-07-01T00:21:19.531+0000] {logging_mixin.py:137} INFO - [2023-07-01T00:21:19.530+0000] {dag.py:2705} INFO - Sync 1 DAGs
[2023-07-01T00:21:19.548+0000] {logging_mixin.py:137} INFO - [2023-07-01T00:21:19.547+0000] {dag.py:3456} INFO - Setting next_dagrun for example_local_kubernetes_executor to None, run_after=None
[2023-07-01T00:21:19.558+0000] {processor.py:175} INFO - Processing /home/airflow/.local/lib/python3.7/site-packages/airflow/example_dags/example_local_kubernetes_executor.py took 0.083 seconds
[2023-07-01T00:21:50.382+0000] {processor.py:153} INFO - Started process (PID=53826) to work on /home/airflow/.local/lib/python3.7/site-packages/airflow/example_dags/example_local_kubernetes_executor.py
[2023-07-01T00:21:50.383+0000] {processor.py:743} INFO - Processing file /home/airflow/.local/lib/python3.7/site-packages/airflow/example_dags/example_local_kubernetes_executor.py for tasks to queue
[2023-07-01T00:21:50.384+0000] {logging_mixin.py:137} INFO - [2023-07-01T00:21:50.384+0000] {dagbag.py:532} INFO - Filling up the DagBag from /home/airflow/.local/lib/python3.7/site-packages/airflow/example_dags/example_local_kubernetes_executor.py
[2023-07-01T00:21:50.400+0000] {processor.py:753} INFO - DAG(s) dict_keys(['example_local_kubernetes_executor']) retrieved from /home/airflow/.local/lib/python3.7/site-packages/airflow/example_dags/example_local_kubernetes_executor.py
[2023-07-01T00:21:50.420+0000] {logging_mixin.py:137} INFO - [2023-07-01T00:21:50.420+0000] {dag.py:2705} INFO - Sync 1 DAGs
[2023-07-01T00:21:50.435+0000] {logging_mixin.py:137} INFO - [2023-07-01T00:21:50.434+0000] {dag.py:3456} INFO - Setting next_dagrun for example_local_kubernetes_executor to None, run_after=None
[2023-07-01T00:21:50.444+0000] {processor.py:175} INFO - Processing /home/airflow/.local/lib/python3.7/site-packages/airflow/example_dags/example_local_kubernetes_executor.py took 0.065 seconds
[2023-07-01T00:22:21.278+0000] {processor.py:153} INFO - Started process (PID=53883) to work on /home/airflow/.local/lib/python3.7/site-packages/airflow/example_dags/example_local_kubernetes_executor.py
[2023-07-01T00:22:21.280+0000] {processor.py:743} INFO - Processing file /home/airflow/.local/lib/python3.7/site-packages/airflow/example_dags/example_local_kubernetes_executor.py for tasks to queue
[2023-07-01T00:22:21.281+0000] {logging_mixin.py:137} INFO - [2023-07-01T00:22:21.280+0000] {dagbag.py:532} INFO - Filling up the DagBag from /home/airflow/.local/lib/python3.7/site-packages/airflow/example_dags/example_local_kubernetes_executor.py
[2023-07-01T00:22:21.304+0000] {processor.py:753} INFO - DAG(s) dict_keys(['example_local_kubernetes_executor']) retrieved from /home/airflow/.local/lib/python3.7/site-packages/airflow/example_dags/example_local_kubernetes_executor.py
[2023-07-01T00:22:21.330+0000] {logging_mixin.py:137} INFO - [2023-07-01T00:22:21.330+0000] {dag.py:2705} INFO - Sync 1 DAGs
[2023-07-01T00:22:21.348+0000] {logging_mixin.py:137} INFO - [2023-07-01T00:22:21.348+0000] {dag.py:3456} INFO - Setting next_dagrun for example_local_kubernetes_executor to None, run_after=None
[2023-07-01T00:22:21.357+0000] {processor.py:175} INFO - Processing /home/airflow/.local/lib/python3.7/site-packages/airflow/example_dags/example_local_kubernetes_executor.py took 0.082 seconds
[2023-07-01T00:22:51.779+0000] {processor.py:153} INFO - Started process (PID=53940) to work on /home/airflow/.local/lib/python3.7/site-packages/airflow/example_dags/example_local_kubernetes_executor.py
[2023-07-01T00:22:51.781+0000] {processor.py:743} INFO - Processing file /home/airflow/.local/lib/python3.7/site-packages/airflow/example_dags/example_local_kubernetes_executor.py for tasks to queue
[2023-07-01T00:22:51.782+0000] {logging_mixin.py:137} INFO - [2023-07-01T00:22:51.782+0000] {dagbag.py:532} INFO - Filling up the DagBag from /home/airflow/.local/lib/python3.7/site-packages/airflow/example_dags/example_local_kubernetes_executor.py
[2023-07-01T00:22:51.798+0000] {processor.py:753} INFO - DAG(s) dict_keys(['example_local_kubernetes_executor']) retrieved from /home/airflow/.local/lib/python3.7/site-packages/airflow/example_dags/example_local_kubernetes_executor.py
[2023-07-01T00:22:51.819+0000] {logging_mixin.py:137} INFO - [2023-07-01T00:22:51.819+0000] {dag.py:2705} INFO - Sync 1 DAGs
[2023-07-01T00:22:51.836+0000] {logging_mixin.py:137} INFO - [2023-07-01T00:22:51.836+0000] {dag.py:3456} INFO - Setting next_dagrun for example_local_kubernetes_executor to None, run_after=None
[2023-07-01T00:22:51.845+0000] {processor.py:175} INFO - Processing /home/airflow/.local/lib/python3.7/site-packages/airflow/example_dags/example_local_kubernetes_executor.py took 0.069 seconds
[2023-07-01T00:23:22.512+0000] {processor.py:153} INFO - Started process (PID=53997) to work on /home/airflow/.local/lib/python3.7/site-packages/airflow/example_dags/example_local_kubernetes_executor.py
[2023-07-01T00:23:22.513+0000] {processor.py:743} INFO - Processing file /home/airflow/.local/lib/python3.7/site-packages/airflow/example_dags/example_local_kubernetes_executor.py for tasks to queue
[2023-07-01T00:23:22.514+0000] {logging_mixin.py:137} INFO - [2023-07-01T00:23:22.514+0000] {dagbag.py:532} INFO - Filling up the DagBag from /home/airflow/.local/lib/python3.7/site-packages/airflow/example_dags/example_local_kubernetes_executor.py
[2023-07-01T00:23:22.530+0000] {processor.py:753} INFO - DAG(s) dict_keys(['example_local_kubernetes_executor']) retrieved from /home/airflow/.local/lib/python3.7/site-packages/airflow/example_dags/example_local_kubernetes_executor.py
[2023-07-01T00:23:22.552+0000] {logging_mixin.py:137} INFO - [2023-07-01T00:23:22.551+0000] {dag.py:2705} INFO - Sync 1 DAGs
[2023-07-01T00:23:22.569+0000] {logging_mixin.py:137} INFO - [2023-07-01T00:23:22.569+0000] {dag.py:3456} INFO - Setting next_dagrun for example_local_kubernetes_executor to None, run_after=None
[2023-07-01T00:23:22.578+0000] {processor.py:175} INFO - Processing /home/airflow/.local/lib/python3.7/site-packages/airflow/example_dags/example_local_kubernetes_executor.py took 0.069 seconds
[2023-07-01T00:23:53.386+0000] {processor.py:153} INFO - Started process (PID=54054) to work on /home/airflow/.local/lib/python3.7/site-packages/airflow/example_dags/example_local_kubernetes_executor.py
[2023-07-01T00:23:53.387+0000] {processor.py:743} INFO - Processing file /home/airflow/.local/lib/python3.7/site-packages/airflow/example_dags/example_local_kubernetes_executor.py for tasks to queue
[2023-07-01T00:23:53.388+0000] {logging_mixin.py:137} INFO - [2023-07-01T00:23:53.388+0000] {dagbag.py:532} INFO - Filling up the DagBag from /home/airflow/.local/lib/python3.7/site-packages/airflow/example_dags/example_local_kubernetes_executor.py
[2023-07-01T00:23:53.404+0000] {processor.py:753} INFO - DAG(s) dict_keys(['example_local_kubernetes_executor']) retrieved from /home/airflow/.local/lib/python3.7/site-packages/airflow/example_dags/example_local_kubernetes_executor.py
[2023-07-01T00:23:53.424+0000] {logging_mixin.py:137} INFO - [2023-07-01T00:23:53.424+0000] {dag.py:2705} INFO - Sync 1 DAGs
[2023-07-01T00:23:53.440+0000] {logging_mixin.py:137} INFO - [2023-07-01T00:23:53.440+0000] {dag.py:3456} INFO - Setting next_dagrun for example_local_kubernetes_executor to None, run_after=None
[2023-07-01T00:23:53.450+0000] {processor.py:175} INFO - Processing /home/airflow/.local/lib/python3.7/site-packages/airflow/example_dags/example_local_kubernetes_executor.py took 0.066 seconds
[2023-07-01T00:24:24.041+0000] {processor.py:153} INFO - Started process (PID=54111) to work on /home/airflow/.local/lib/python3.7/site-packages/airflow/example_dags/example_local_kubernetes_executor.py
[2023-07-01T00:24:24.042+0000] {processor.py:743} INFO - Processing file /home/airflow/.local/lib/python3.7/site-packages/airflow/example_dags/example_local_kubernetes_executor.py for tasks to queue
[2023-07-01T00:24:24.043+0000] {logging_mixin.py:137} INFO - [2023-07-01T00:24:24.043+0000] {dagbag.py:532} INFO - Filling up the DagBag from /home/airflow/.local/lib/python3.7/site-packages/airflow/example_dags/example_local_kubernetes_executor.py
[2023-07-01T00:24:24.059+0000] {processor.py:753} INFO - DAG(s) dict_keys(['example_local_kubernetes_executor']) retrieved from /home/airflow/.local/lib/python3.7/site-packages/airflow/example_dags/example_local_kubernetes_executor.py
[2023-07-01T00:24:24.080+0000] {logging_mixin.py:137} INFO - [2023-07-01T00:24:24.079+0000] {dag.py:2705} INFO - Sync 1 DAGs
[2023-07-01T00:24:24.095+0000] {logging_mixin.py:137} INFO - [2023-07-01T00:24:24.095+0000] {dag.py:3456} INFO - Setting next_dagrun for example_local_kubernetes_executor to None, run_after=None
[2023-07-01T00:24:24.104+0000] {processor.py:175} INFO - Processing /home/airflow/.local/lib/python3.7/site-packages/airflow/example_dags/example_local_kubernetes_executor.py took 0.065 seconds
[2023-07-01T00:24:54.820+0000] {processor.py:153} INFO - Started process (PID=54167) to work on /home/airflow/.local/lib/python3.7/site-packages/airflow/example_dags/example_local_kubernetes_executor.py
[2023-07-01T00:24:54.821+0000] {processor.py:743} INFO - Processing file /home/airflow/.local/lib/python3.7/site-packages/airflow/example_dags/example_local_kubernetes_executor.py for tasks to queue
[2023-07-01T00:24:54.822+0000] {logging_mixin.py:137} INFO - [2023-07-01T00:24:54.822+0000] {dagbag.py:532} INFO - Filling up the DagBag from /home/airflow/.local/lib/python3.7/site-packages/airflow/example_dags/example_local_kubernetes_executor.py
[2023-07-01T00:24:54.840+0000] {processor.py:753} INFO - DAG(s) dict_keys(['example_local_kubernetes_executor']) retrieved from /home/airflow/.local/lib/python3.7/site-packages/airflow/example_dags/example_local_kubernetes_executor.py
[2023-07-01T00:24:54.862+0000] {logging_mixin.py:137} INFO - [2023-07-01T00:24:54.862+0000] {dag.py:2705} INFO - Sync 1 DAGs
[2023-07-01T00:24:54.877+0000] {logging_mixin.py:137} INFO - [2023-07-01T00:24:54.877+0000] {dag.py:3456} INFO - Setting next_dagrun for example_local_kubernetes_executor to None, run_after=None
[2023-07-01T00:24:54.887+0000] {processor.py:175} INFO - Processing /home/airflow/.local/lib/python3.7/site-packages/airflow/example_dags/example_local_kubernetes_executor.py took 0.069 seconds
[2023-07-01T00:25:25.101+0000] {processor.py:153} INFO - Started process (PID=54224) to work on /home/airflow/.local/lib/python3.7/site-packages/airflow/example_dags/example_local_kubernetes_executor.py
[2023-07-01T00:25:25.102+0000] {processor.py:743} INFO - Processing file /home/airflow/.local/lib/python3.7/site-packages/airflow/example_dags/example_local_kubernetes_executor.py for tasks to queue
[2023-07-01T00:25:25.102+0000] {logging_mixin.py:137} INFO - [2023-07-01T00:25:25.102+0000] {dagbag.py:532} INFO - Filling up the DagBag from /home/airflow/.local/lib/python3.7/site-packages/airflow/example_dags/example_local_kubernetes_executor.py
[2023-07-01T00:25:25.119+0000] {processor.py:753} INFO - DAG(s) dict_keys(['example_local_kubernetes_executor']) retrieved from /home/airflow/.local/lib/python3.7/site-packages/airflow/example_dags/example_local_kubernetes_executor.py
[2023-07-01T00:25:25.140+0000] {logging_mixin.py:137} INFO - [2023-07-01T00:25:25.140+0000] {dag.py:2705} INFO - Sync 1 DAGs
[2023-07-01T00:25:25.154+0000] {logging_mixin.py:137} INFO - [2023-07-01T00:25:25.154+0000] {dag.py:3456} INFO - Setting next_dagrun for example_local_kubernetes_executor to None, run_after=None
[2023-07-01T00:25:25.164+0000] {processor.py:175} INFO - Processing /home/airflow/.local/lib/python3.7/site-packages/airflow/example_dags/example_local_kubernetes_executor.py took 0.066 seconds
[2023-07-01T00:25:55.320+0000] {processor.py:153} INFO - Started process (PID=54282) to work on /home/airflow/.local/lib/python3.7/site-packages/airflow/example_dags/example_local_kubernetes_executor.py
[2023-07-01T00:25:55.321+0000] {processor.py:743} INFO - Processing file /home/airflow/.local/lib/python3.7/site-packages/airflow/example_dags/example_local_kubernetes_executor.py for tasks to queue
[2023-07-01T00:25:55.321+0000] {logging_mixin.py:137} INFO - [2023-07-01T00:25:55.321+0000] {dagbag.py:532} INFO - Filling up the DagBag from /home/airflow/.local/lib/python3.7/site-packages/airflow/example_dags/example_local_kubernetes_executor.py
[2023-07-01T00:25:55.338+0000] {processor.py:753} INFO - DAG(s) dict_keys(['example_local_kubernetes_executor']) retrieved from /home/airflow/.local/lib/python3.7/site-packages/airflow/example_dags/example_local_kubernetes_executor.py
[2023-07-01T00:25:55.360+0000] {logging_mixin.py:137} INFO - [2023-07-01T00:25:55.360+0000] {dag.py:2705} INFO - Sync 1 DAGs
[2023-07-01T00:25:55.375+0000] {logging_mixin.py:137} INFO - [2023-07-01T00:25:55.374+0000] {dag.py:3456} INFO - Setting next_dagrun for example_local_kubernetes_executor to None, run_after=None
[2023-07-01T00:25:55.384+0000] {processor.py:175} INFO - Processing /home/airflow/.local/lib/python3.7/site-packages/airflow/example_dags/example_local_kubernetes_executor.py took 0.067 seconds
[2023-07-01T00:26:26.305+0000] {processor.py:153} INFO - Started process (PID=54339) to work on /home/airflow/.local/lib/python3.7/site-packages/airflow/example_dags/example_local_kubernetes_executor.py
[2023-07-01T00:26:26.305+0000] {processor.py:743} INFO - Processing file /home/airflow/.local/lib/python3.7/site-packages/airflow/example_dags/example_local_kubernetes_executor.py for tasks to queue
[2023-07-01T00:26:26.306+0000] {logging_mixin.py:137} INFO - [2023-07-01T00:26:26.306+0000] {dagbag.py:532} INFO - Filling up the DagBag from /home/airflow/.local/lib/python3.7/site-packages/airflow/example_dags/example_local_kubernetes_executor.py
[2023-07-01T00:26:26.322+0000] {processor.py:753} INFO - DAG(s) dict_keys(['example_local_kubernetes_executor']) retrieved from /home/airflow/.local/lib/python3.7/site-packages/airflow/example_dags/example_local_kubernetes_executor.py
[2023-07-01T00:26:26.345+0000] {logging_mixin.py:137} INFO - [2023-07-01T00:26:26.344+0000] {dag.py:2705} INFO - Sync 1 DAGs
[2023-07-01T00:26:26.360+0000] {logging_mixin.py:137} INFO - [2023-07-01T00:26:26.360+0000] {dag.py:3456} INFO - Setting next_dagrun for example_local_kubernetes_executor to None, run_after=None
[2023-07-01T00:26:26.370+0000] {processor.py:175} INFO - Processing /home/airflow/.local/lib/python3.7/site-packages/airflow/example_dags/example_local_kubernetes_executor.py took 0.068 seconds
[2023-07-01T00:26:57.052+0000] {processor.py:153} INFO - Started process (PID=54396) to work on /home/airflow/.local/lib/python3.7/site-packages/airflow/example_dags/example_local_kubernetes_executor.py
[2023-07-01T00:26:57.054+0000] {processor.py:743} INFO - Processing file /home/airflow/.local/lib/python3.7/site-packages/airflow/example_dags/example_local_kubernetes_executor.py for tasks to queue
[2023-07-01T00:26:57.054+0000] {logging_mixin.py:137} INFO - [2023-07-01T00:26:57.054+0000] {dagbag.py:532} INFO - Filling up the DagBag from /home/airflow/.local/lib/python3.7/site-packages/airflow/example_dags/example_local_kubernetes_executor.py
[2023-07-01T00:26:57.071+0000] {processor.py:753} INFO - DAG(s) dict_keys(['example_local_kubernetes_executor']) retrieved from /home/airflow/.local/lib/python3.7/site-packages/airflow/example_dags/example_local_kubernetes_executor.py
[2023-07-01T00:26:57.092+0000] {logging_mixin.py:137} INFO - [2023-07-01T00:26:57.092+0000] {dag.py:2705} INFO - Sync 1 DAGs
[2023-07-01T00:26:57.106+0000] {logging_mixin.py:137} INFO - [2023-07-01T00:26:57.106+0000] {dag.py:3456} INFO - Setting next_dagrun for example_local_kubernetes_executor to None, run_after=None
[2023-07-01T00:26:57.116+0000] {processor.py:175} INFO - Processing /home/airflow/.local/lib/python3.7/site-packages/airflow/example_dags/example_local_kubernetes_executor.py took 0.067 seconds
[2023-07-01T00:27:28.076+0000] {processor.py:153} INFO - Started process (PID=54453) to work on /home/airflow/.local/lib/python3.7/site-packages/airflow/example_dags/example_local_kubernetes_executor.py
[2023-07-01T00:27:28.077+0000] {processor.py:743} INFO - Processing file /home/airflow/.local/lib/python3.7/site-packages/airflow/example_dags/example_local_kubernetes_executor.py for tasks to queue
[2023-07-01T00:27:28.078+0000] {logging_mixin.py:137} INFO - [2023-07-01T00:27:28.078+0000] {dagbag.py:532} INFO - Filling up the DagBag from /home/airflow/.local/lib/python3.7/site-packages/airflow/example_dags/example_local_kubernetes_executor.py
[2023-07-01T00:27:28.094+0000] {processor.py:753} INFO - DAG(s) dict_keys(['example_local_kubernetes_executor']) retrieved from /home/airflow/.local/lib/python3.7/site-packages/airflow/example_dags/example_local_kubernetes_executor.py
[2023-07-01T00:27:28.115+0000] {logging_mixin.py:137} INFO - [2023-07-01T00:27:28.115+0000] {dag.py:2705} INFO - Sync 1 DAGs
[2023-07-01T00:27:28.130+0000] {logging_mixin.py:137} INFO - [2023-07-01T00:27:28.130+0000] {dag.py:3456} INFO - Setting next_dagrun for example_local_kubernetes_executor to None, run_after=None
[2023-07-01T00:27:28.139+0000] {processor.py:175} INFO - Processing /home/airflow/.local/lib/python3.7/site-packages/airflow/example_dags/example_local_kubernetes_executor.py took 0.065 seconds
[2023-07-01T00:27:58.815+0000] {processor.py:153} INFO - Started process (PID=54509) to work on /home/airflow/.local/lib/python3.7/site-packages/airflow/example_dags/example_local_kubernetes_executor.py
[2023-07-01T00:27:58.816+0000] {processor.py:743} INFO - Processing file /home/airflow/.local/lib/python3.7/site-packages/airflow/example_dags/example_local_kubernetes_executor.py for tasks to queue
[2023-07-01T00:27:58.817+0000] {logging_mixin.py:137} INFO - [2023-07-01T00:27:58.817+0000] {dagbag.py:532} INFO - Filling up the DagBag from /home/airflow/.local/lib/python3.7/site-packages/airflow/example_dags/example_local_kubernetes_executor.py
[2023-07-01T00:27:58.832+0000] {processor.py:753} INFO - DAG(s) dict_keys(['example_local_kubernetes_executor']) retrieved from /home/airflow/.local/lib/python3.7/site-packages/airflow/example_dags/example_local_kubernetes_executor.py
[2023-07-01T00:27:58.853+0000] {logging_mixin.py:137} INFO - [2023-07-01T00:27:58.853+0000] {dag.py:2705} INFO - Sync 1 DAGs
[2023-07-01T00:27:58.868+0000] {logging_mixin.py:137} INFO - [2023-07-01T00:27:58.868+0000] {dag.py:3456} INFO - Setting next_dagrun for example_local_kubernetes_executor to None, run_after=None
[2023-07-01T00:27:58.876+0000] {processor.py:175} INFO - Processing /home/airflow/.local/lib/python3.7/site-packages/airflow/example_dags/example_local_kubernetes_executor.py took 0.064 seconds
[2023-07-01T00:28:29.654+0000] {processor.py:153} INFO - Started process (PID=54566) to work on /home/airflow/.local/lib/python3.7/site-packages/airflow/example_dags/example_local_kubernetes_executor.py
[2023-07-01T00:28:29.655+0000] {processor.py:743} INFO - Processing file /home/airflow/.local/lib/python3.7/site-packages/airflow/example_dags/example_local_kubernetes_executor.py for tasks to queue
[2023-07-01T00:28:29.656+0000] {logging_mixin.py:137} INFO - [2023-07-01T00:28:29.656+0000] {dagbag.py:532} INFO - Filling up the DagBag from /home/airflow/.local/lib/python3.7/site-packages/airflow/example_dags/example_local_kubernetes_executor.py
[2023-07-01T00:28:29.672+0000] {processor.py:753} INFO - DAG(s) dict_keys(['example_local_kubernetes_executor']) retrieved from /home/airflow/.local/lib/python3.7/site-packages/airflow/example_dags/example_local_kubernetes_executor.py
[2023-07-01T00:28:29.694+0000] {logging_mixin.py:137} INFO - [2023-07-01T00:28:29.694+0000] {dag.py:2705} INFO - Sync 1 DAGs
[2023-07-01T00:28:29.709+0000] {logging_mixin.py:137} INFO - [2023-07-01T00:28:29.709+0000] {dag.py:3456} INFO - Setting next_dagrun for example_local_kubernetes_executor to None, run_after=None
[2023-07-01T00:28:29.719+0000] {processor.py:175} INFO - Processing /home/airflow/.local/lib/python3.7/site-packages/airflow/example_dags/example_local_kubernetes_executor.py took 0.068 seconds
[2023-07-01T00:29:00.373+0000] {processor.py:153} INFO - Started process (PID=54624) to work on /home/airflow/.local/lib/python3.7/site-packages/airflow/example_dags/example_local_kubernetes_executor.py
[2023-07-01T00:29:00.374+0000] {processor.py:743} INFO - Processing file /home/airflow/.local/lib/python3.7/site-packages/airflow/example_dags/example_local_kubernetes_executor.py for tasks to queue
[2023-07-01T00:29:00.375+0000] {logging_mixin.py:137} INFO - [2023-07-01T00:29:00.375+0000] {dagbag.py:532} INFO - Filling up the DagBag from /home/airflow/.local/lib/python3.7/site-packages/airflow/example_dags/example_local_kubernetes_executor.py
[2023-07-01T00:29:00.391+0000] {processor.py:753} INFO - DAG(s) dict_keys(['example_local_kubernetes_executor']) retrieved from /home/airflow/.local/lib/python3.7/site-packages/airflow/example_dags/example_local_kubernetes_executor.py
[2023-07-01T00:29:00.411+0000] {logging_mixin.py:137} INFO - [2023-07-01T00:29:00.411+0000] {dag.py:2705} INFO - Sync 1 DAGs
[2023-07-01T00:29:00.426+0000] {logging_mixin.py:137} INFO - [2023-07-01T00:29:00.426+0000] {dag.py:3456} INFO - Setting next_dagrun for example_local_kubernetes_executor to None, run_after=None
[2023-07-01T00:29:00.434+0000] {processor.py:175} INFO - Processing /home/airflow/.local/lib/python3.7/site-packages/airflow/example_dags/example_local_kubernetes_executor.py took 0.065 seconds
[2023-07-01T00:29:31.431+0000] {processor.py:153} INFO - Started process (PID=54681) to work on /home/airflow/.local/lib/python3.7/site-packages/airflow/example_dags/example_local_kubernetes_executor.py
[2023-07-01T00:29:31.432+0000] {processor.py:743} INFO - Processing file /home/airflow/.local/lib/python3.7/site-packages/airflow/example_dags/example_local_kubernetes_executor.py for tasks to queue
[2023-07-01T00:29:31.432+0000] {logging_mixin.py:137} INFO - [2023-07-01T00:29:31.432+0000] {dagbag.py:532} INFO - Filling up the DagBag from /home/airflow/.local/lib/python3.7/site-packages/airflow/example_dags/example_local_kubernetes_executor.py
[2023-07-01T00:29:31.448+0000] {processor.py:753} INFO - DAG(s) dict_keys(['example_local_kubernetes_executor']) retrieved from /home/airflow/.local/lib/python3.7/site-packages/airflow/example_dags/example_local_kubernetes_executor.py
[2023-07-01T00:29:31.469+0000] {logging_mixin.py:137} INFO - [2023-07-01T00:29:31.469+0000] {dag.py:2705} INFO - Sync 1 DAGs
[2023-07-01T00:29:31.483+0000] {logging_mixin.py:137} INFO - [2023-07-01T00:29:31.483+0000] {dag.py:3456} INFO - Setting next_dagrun for example_local_kubernetes_executor to None, run_after=None
[2023-07-01T00:29:31.493+0000] {processor.py:175} INFO - Processing /home/airflow/.local/lib/python3.7/site-packages/airflow/example_dags/example_local_kubernetes_executor.py took 0.065 seconds
[2023-07-01T00:30:01.521+0000] {processor.py:153} INFO - Started process (PID=54739) to work on /home/airflow/.local/lib/python3.7/site-packages/airflow/example_dags/example_local_kubernetes_executor.py
[2023-07-01T00:30:01.523+0000] {processor.py:743} INFO - Processing file /home/airflow/.local/lib/python3.7/site-packages/airflow/example_dags/example_local_kubernetes_executor.py for tasks to queue
[2023-07-01T00:30:01.523+0000] {logging_mixin.py:137} INFO - [2023-07-01T00:30:01.523+0000] {dagbag.py:532} INFO - Filling up the DagBag from /home/airflow/.local/lib/python3.7/site-packages/airflow/example_dags/example_local_kubernetes_executor.py
[2023-07-01T00:30:01.539+0000] {processor.py:753} INFO - DAG(s) dict_keys(['example_local_kubernetes_executor']) retrieved from /home/airflow/.local/lib/python3.7/site-packages/airflow/example_dags/example_local_kubernetes_executor.py
[2023-07-01T00:30:01.561+0000] {logging_mixin.py:137} INFO - [2023-07-01T00:30:01.561+0000] {dag.py:2705} INFO - Sync 1 DAGs
[2023-07-01T00:30:01.574+0000] {logging_mixin.py:137} INFO - [2023-07-01T00:30:01.574+0000] {dag.py:3456} INFO - Setting next_dagrun for example_local_kubernetes_executor to None, run_after=None
[2023-07-01T00:30:01.584+0000] {processor.py:175} INFO - Processing /home/airflow/.local/lib/python3.7/site-packages/airflow/example_dags/example_local_kubernetes_executor.py took 0.065 seconds
[2023-07-01T00:30:32.424+0000] {processor.py:153} INFO - Started process (PID=54796) to work on /home/airflow/.local/lib/python3.7/site-packages/airflow/example_dags/example_local_kubernetes_executor.py
[2023-07-01T00:30:32.425+0000] {processor.py:743} INFO - Processing file /home/airflow/.local/lib/python3.7/site-packages/airflow/example_dags/example_local_kubernetes_executor.py for tasks to queue
[2023-07-01T00:30:32.425+0000] {logging_mixin.py:137} INFO - [2023-07-01T00:30:32.425+0000] {dagbag.py:532} INFO - Filling up the DagBag from /home/airflow/.local/lib/python3.7/site-packages/airflow/example_dags/example_local_kubernetes_executor.py
[2023-07-01T00:30:32.448+0000] {processor.py:753} INFO - DAG(s) dict_keys(['example_local_kubernetes_executor']) retrieved from /home/airflow/.local/lib/python3.7/site-packages/airflow/example_dags/example_local_kubernetes_executor.py
[2023-07-01T00:30:32.470+0000] {logging_mixin.py:137} INFO - [2023-07-01T00:30:32.470+0000] {dag.py:2705} INFO - Sync 1 DAGs
[2023-07-01T00:30:32.485+0000] {logging_mixin.py:137} INFO - [2023-07-01T00:30:32.485+0000] {dag.py:3456} INFO - Setting next_dagrun for example_local_kubernetes_executor to None, run_after=None
[2023-07-01T00:30:32.495+0000] {processor.py:175} INFO - Processing /home/airflow/.local/lib/python3.7/site-packages/airflow/example_dags/example_local_kubernetes_executor.py took 0.075 seconds
[2023-07-01T00:31:03.171+0000] {processor.py:153} INFO - Started process (PID=54854) to work on /home/airflow/.local/lib/python3.7/site-packages/airflow/example_dags/example_local_kubernetes_executor.py
[2023-07-01T00:31:03.172+0000] {processor.py:743} INFO - Processing file /home/airflow/.local/lib/python3.7/site-packages/airflow/example_dags/example_local_kubernetes_executor.py for tasks to queue
[2023-07-01T00:31:03.173+0000] {logging_mixin.py:137} INFO - [2023-07-01T00:31:03.173+0000] {dagbag.py:532} INFO - Filling up the DagBag from /home/airflow/.local/lib/python3.7/site-packages/airflow/example_dags/example_local_kubernetes_executor.py
[2023-07-01T00:31:03.189+0000] {processor.py:753} INFO - DAG(s) dict_keys(['example_local_kubernetes_executor']) retrieved from /home/airflow/.local/lib/python3.7/site-packages/airflow/example_dags/example_local_kubernetes_executor.py
[2023-07-01T00:31:03.210+0000] {logging_mixin.py:137} INFO - [2023-07-01T00:31:03.210+0000] {dag.py:2705} INFO - Sync 1 DAGs
[2023-07-01T00:31:03.226+0000] {logging_mixin.py:137} INFO - [2023-07-01T00:31:03.226+0000] {dag.py:3456} INFO - Setting next_dagrun for example_local_kubernetes_executor to None, run_after=None
[2023-07-01T00:31:03.235+0000] {processor.py:175} INFO - Processing /home/airflow/.local/lib/python3.7/site-packages/airflow/example_dags/example_local_kubernetes_executor.py took 0.066 seconds
[2023-07-01T00:31:34.019+0000] {processor.py:153} INFO - Started process (PID=54911) to work on /home/airflow/.local/lib/python3.7/site-packages/airflow/example_dags/example_local_kubernetes_executor.py
[2023-07-01T00:31:34.020+0000] {processor.py:743} INFO - Processing file /home/airflow/.local/lib/python3.7/site-packages/airflow/example_dags/example_local_kubernetes_executor.py for tasks to queue
[2023-07-01T00:31:34.021+0000] {logging_mixin.py:137} INFO - [2023-07-01T00:31:34.021+0000] {dagbag.py:532} INFO - Filling up the DagBag from /home/airflow/.local/lib/python3.7/site-packages/airflow/example_dags/example_local_kubernetes_executor.py
[2023-07-01T00:31:34.038+0000] {processor.py:753} INFO - DAG(s) dict_keys(['example_local_kubernetes_executor']) retrieved from /home/airflow/.local/lib/python3.7/site-packages/airflow/example_dags/example_local_kubernetes_executor.py
[2023-07-01T00:31:34.059+0000] {logging_mixin.py:137} INFO - [2023-07-01T00:31:34.059+0000] {dag.py:2705} INFO - Sync 1 DAGs
[2023-07-01T00:31:34.073+0000] {logging_mixin.py:137} INFO - [2023-07-01T00:31:34.073+0000] {dag.py:3456} INFO - Setting next_dagrun for example_local_kubernetes_executor to None, run_after=None
[2023-07-01T00:31:34.082+0000] {processor.py:175} INFO - Processing /home/airflow/.local/lib/python3.7/site-packages/airflow/example_dags/example_local_kubernetes_executor.py took 0.065 seconds
[2023-07-01T00:32:05.044+0000] {processor.py:153} INFO - Started process (PID=54968) to work on /home/airflow/.local/lib/python3.7/site-packages/airflow/example_dags/example_local_kubernetes_executor.py
[2023-07-01T00:32:05.045+0000] {processor.py:743} INFO - Processing file /home/airflow/.local/lib/python3.7/site-packages/airflow/example_dags/example_local_kubernetes_executor.py for tasks to queue
[2023-07-01T00:32:05.046+0000] {logging_mixin.py:137} INFO - [2023-07-01T00:32:05.046+0000] {dagbag.py:532} INFO - Filling up the DagBag from /home/airflow/.local/lib/python3.7/site-packages/airflow/example_dags/example_local_kubernetes_executor.py
[2023-07-01T00:32:05.063+0000] {processor.py:753} INFO - DAG(s) dict_keys(['example_local_kubernetes_executor']) retrieved from /home/airflow/.local/lib/python3.7/site-packages/airflow/example_dags/example_local_kubernetes_executor.py
[2023-07-01T00:32:05.084+0000] {logging_mixin.py:137} INFO - [2023-07-01T00:32:05.084+0000] {dag.py:2705} INFO - Sync 1 DAGs
[2023-07-01T00:32:05.098+0000] {logging_mixin.py:137} INFO - [2023-07-01T00:32:05.098+0000] {dag.py:3456} INFO - Setting next_dagrun for example_local_kubernetes_executor to None, run_after=None
[2023-07-01T00:32:05.107+0000] {processor.py:175} INFO - Processing /home/airflow/.local/lib/python3.7/site-packages/airflow/example_dags/example_local_kubernetes_executor.py took 0.065 seconds
[2023-07-01T00:32:35.993+0000] {processor.py:153} INFO - Started process (PID=55026) to work on /home/airflow/.local/lib/python3.7/site-packages/airflow/example_dags/example_local_kubernetes_executor.py
[2023-07-01T00:32:35.994+0000] {processor.py:743} INFO - Processing file /home/airflow/.local/lib/python3.7/site-packages/airflow/example_dags/example_local_kubernetes_executor.py for tasks to queue
[2023-07-01T00:32:35.995+0000] {logging_mixin.py:137} INFO - [2023-07-01T00:32:35.995+0000] {dagbag.py:532} INFO - Filling up the DagBag from /home/airflow/.local/lib/python3.7/site-packages/airflow/example_dags/example_local_kubernetes_executor.py
[2023-07-01T00:32:36.013+0000] {processor.py:753} INFO - DAG(s) dict_keys(['example_local_kubernetes_executor']) retrieved from /home/airflow/.local/lib/python3.7/site-packages/airflow/example_dags/example_local_kubernetes_executor.py
[2023-07-01T00:32:36.034+0000] {logging_mixin.py:137} INFO - [2023-07-01T00:32:36.034+0000] {dag.py:2705} INFO - Sync 1 DAGs
[2023-07-01T00:32:36.050+0000] {logging_mixin.py:137} INFO - [2023-07-01T00:32:36.050+0000] {dag.py:3456} INFO - Setting next_dagrun for example_local_kubernetes_executor to None, run_after=None
[2023-07-01T00:32:36.059+0000] {processor.py:175} INFO - Processing /home/airflow/.local/lib/python3.7/site-packages/airflow/example_dags/example_local_kubernetes_executor.py took 0.069 seconds
[2023-07-01T00:33:07.138+0000] {processor.py:153} INFO - Started process (PID=55083) to work on /home/airflow/.local/lib/python3.7/site-packages/airflow/example_dags/example_local_kubernetes_executor.py
[2023-07-01T00:33:07.139+0000] {processor.py:743} INFO - Processing file /home/airflow/.local/lib/python3.7/site-packages/airflow/example_dags/example_local_kubernetes_executor.py for tasks to queue
[2023-07-01T00:33:07.140+0000] {logging_mixin.py:137} INFO - [2023-07-01T00:33:07.140+0000] {dagbag.py:532} INFO - Filling up the DagBag from /home/airflow/.local/lib/python3.7/site-packages/airflow/example_dags/example_local_kubernetes_executor.py
[2023-07-01T00:33:07.159+0000] {processor.py:753} INFO - DAG(s) dict_keys(['example_local_kubernetes_executor']) retrieved from /home/airflow/.local/lib/python3.7/site-packages/airflow/example_dags/example_local_kubernetes_executor.py
[2023-07-01T00:33:07.180+0000] {logging_mixin.py:137} INFO - [2023-07-01T00:33:07.180+0000] {dag.py:2705} INFO - Sync 1 DAGs
[2023-07-01T00:33:07.193+0000] {logging_mixin.py:137} INFO - [2023-07-01T00:33:07.193+0000] {dag.py:3456} INFO - Setting next_dagrun for example_local_kubernetes_executor to None, run_after=None
[2023-07-01T00:33:07.204+0000] {processor.py:175} INFO - Processing /home/airflow/.local/lib/python3.7/site-packages/airflow/example_dags/example_local_kubernetes_executor.py took 0.072 seconds
[2023-07-01T00:33:37.263+0000] {processor.py:153} INFO - Started process (PID=55140) to work on /home/airflow/.local/lib/python3.7/site-packages/airflow/example_dags/example_local_kubernetes_executor.py
[2023-07-01T00:33:37.264+0000] {processor.py:743} INFO - Processing file /home/airflow/.local/lib/python3.7/site-packages/airflow/example_dags/example_local_kubernetes_executor.py for tasks to queue
[2023-07-01T00:33:37.265+0000] {logging_mixin.py:137} INFO - [2023-07-01T00:33:37.265+0000] {dagbag.py:532} INFO - Filling up the DagBag from /home/airflow/.local/lib/python3.7/site-packages/airflow/example_dags/example_local_kubernetes_executor.py
[2023-07-01T00:33:37.282+0000] {processor.py:753} INFO - DAG(s) dict_keys(['example_local_kubernetes_executor']) retrieved from /home/airflow/.local/lib/python3.7/site-packages/airflow/example_dags/example_local_kubernetes_executor.py
[2023-07-01T00:33:37.303+0000] {logging_mixin.py:137} INFO - [2023-07-01T00:33:37.302+0000] {dag.py:2705} INFO - Sync 1 DAGs
[2023-07-01T00:33:37.315+0000] {logging_mixin.py:137} INFO - [2023-07-01T00:33:37.315+0000] {dag.py:3456} INFO - Setting next_dagrun for example_local_kubernetes_executor to None, run_after=None
[2023-07-01T00:33:37.325+0000] {processor.py:175} INFO - Processing /home/airflow/.local/lib/python3.7/site-packages/airflow/example_dags/example_local_kubernetes_executor.py took 0.065 seconds
[2023-07-01T00:34:07.519+0000] {processor.py:153} INFO - Started process (PID=55197) to work on /home/airflow/.local/lib/python3.7/site-packages/airflow/example_dags/example_local_kubernetes_executor.py
[2023-07-01T00:34:07.520+0000] {processor.py:743} INFO - Processing file /home/airflow/.local/lib/python3.7/site-packages/airflow/example_dags/example_local_kubernetes_executor.py for tasks to queue
[2023-07-01T00:34:07.521+0000] {logging_mixin.py:137} INFO - [2023-07-01T00:34:07.521+0000] {dagbag.py:532} INFO - Filling up the DagBag from /home/airflow/.local/lib/python3.7/site-packages/airflow/example_dags/example_local_kubernetes_executor.py
[2023-07-01T00:34:07.541+0000] {processor.py:753} INFO - DAG(s) dict_keys(['example_local_kubernetes_executor']) retrieved from /home/airflow/.local/lib/python3.7/site-packages/airflow/example_dags/example_local_kubernetes_executor.py
[2023-07-01T00:34:07.564+0000] {logging_mixin.py:137} INFO - [2023-07-01T00:34:07.564+0000] {dag.py:2705} INFO - Sync 1 DAGs
[2023-07-01T00:34:07.580+0000] {logging_mixin.py:137} INFO - [2023-07-01T00:34:07.580+0000] {dag.py:3456} INFO - Setting next_dagrun for example_local_kubernetes_executor to None, run_after=None
[2023-07-01T00:34:07.591+0000] {processor.py:175} INFO - Processing /home/airflow/.local/lib/python3.7/site-packages/airflow/example_dags/example_local_kubernetes_executor.py took 0.075 seconds
[2023-07-01T00:34:38.368+0000] {processor.py:153} INFO - Started process (PID=55254) to work on /home/airflow/.local/lib/python3.7/site-packages/airflow/example_dags/example_local_kubernetes_executor.py
[2023-07-01T00:34:38.369+0000] {processor.py:743} INFO - Processing file /home/airflow/.local/lib/python3.7/site-packages/airflow/example_dags/example_local_kubernetes_executor.py for tasks to queue
[2023-07-01T00:34:38.370+0000] {logging_mixin.py:137} INFO - [2023-07-01T00:34:38.370+0000] {dagbag.py:532} INFO - Filling up the DagBag from /home/airflow/.local/lib/python3.7/site-packages/airflow/example_dags/example_local_kubernetes_executor.py
[2023-07-01T00:34:38.396+0000] {processor.py:753} INFO - DAG(s) dict_keys(['example_local_kubernetes_executor']) retrieved from /home/airflow/.local/lib/python3.7/site-packages/airflow/example_dags/example_local_kubernetes_executor.py
[2023-07-01T00:34:38.418+0000] {logging_mixin.py:137} INFO - [2023-07-01T00:34:38.418+0000] {dag.py:2705} INFO - Sync 1 DAGs
[2023-07-01T00:34:38.433+0000] {logging_mixin.py:137} INFO - [2023-07-01T00:34:38.433+0000] {dag.py:3456} INFO - Setting next_dagrun for example_local_kubernetes_executor to None, run_after=None
[2023-07-01T00:34:38.444+0000] {processor.py:175} INFO - Processing /home/airflow/.local/lib/python3.7/site-packages/airflow/example_dags/example_local_kubernetes_executor.py took 0.078 seconds
