[2023-07-01T00:00:23.915+0000] {processor.py:153} INFO - Started process (PID=51424) to work on /home/airflow/.local/lib/python3.7/site-packages/airflow/example_dags/example_branch_python_dop_operator_3.py
[2023-07-01T00:00:23.916+0000] {processor.py:743} INFO - Processing file /home/airflow/.local/lib/python3.7/site-packages/airflow/example_dags/example_branch_python_dop_operator_3.py for tasks to queue
[2023-07-01T00:00:23.917+0000] {logging_mixin.py:137} INFO - [2023-07-01T00:00:23.917+0000] {dagbag.py:532} INFO - Filling up the DagBag from /home/airflow/.local/lib/python3.7/site-packages/airflow/example_dags/example_branch_python_dop_operator_3.py
[2023-07-01T00:00:23.931+0000] {processor.py:753} INFO - DAG(s) dict_keys(['example_branch_dop_operator_v3']) retrieved from /home/airflow/.local/lib/python3.7/site-packages/airflow/example_dags/example_branch_python_dop_operator_3.py
[2023-07-01T00:00:23.949+0000] {logging_mixin.py:137} INFO - [2023-07-01T00:00:23.949+0000] {dag.py:2705} INFO - Sync 1 DAGs
[2023-07-01T00:00:23.966+0000] {logging_mixin.py:137} INFO - [2023-07-01T00:00:23.966+0000] {dag.py:3456} INFO - Setting next_dagrun for example_branch_dop_operator_v3 to 2023-06-30T23:59:00+00:00, run_after=2023-07-01T00:00:00+00:00
[2023-07-01T00:00:23.976+0000] {processor.py:175} INFO - Processing /home/airflow/.local/lib/python3.7/site-packages/airflow/example_dags/example_branch_python_dop_operator_3.py took 0.063 seconds
[2023-07-01T00:00:55.064+0000] {processor.py:153} INFO - Started process (PID=51481) to work on /home/airflow/.local/lib/python3.7/site-packages/airflow/example_dags/example_branch_python_dop_operator_3.py
[2023-07-01T00:00:55.066+0000] {processor.py:743} INFO - Processing file /home/airflow/.local/lib/python3.7/site-packages/airflow/example_dags/example_branch_python_dop_operator_3.py for tasks to queue
[2023-07-01T00:00:55.067+0000] {logging_mixin.py:137} INFO - [2023-07-01T00:00:55.067+0000] {dagbag.py:532} INFO - Filling up the DagBag from /home/airflow/.local/lib/python3.7/site-packages/airflow/example_dags/example_branch_python_dop_operator_3.py
[2023-07-01T00:00:55.090+0000] {processor.py:753} INFO - DAG(s) dict_keys(['example_branch_dop_operator_v3']) retrieved from /home/airflow/.local/lib/python3.7/site-packages/airflow/example_dags/example_branch_python_dop_operator_3.py
[2023-07-01T00:00:55.115+0000] {logging_mixin.py:137} INFO - [2023-07-01T00:00:55.115+0000] {dag.py:2705} INFO - Sync 1 DAGs
[2023-07-01T00:00:55.144+0000] {logging_mixin.py:137} INFO - [2023-07-01T00:00:55.144+0000] {dag.py:3456} INFO - Setting next_dagrun for example_branch_dop_operator_v3 to 2023-06-30T23:59:00+00:00, run_after=2023-07-01T00:00:00+00:00
[2023-07-01T00:00:55.156+0000] {processor.py:175} INFO - Processing /home/airflow/.local/lib/python3.7/site-packages/airflow/example_dags/example_branch_python_dop_operator_3.py took 0.095 seconds
[2023-07-01T00:01:25.830+0000] {processor.py:153} INFO - Started process (PID=51539) to work on /home/airflow/.local/lib/python3.7/site-packages/airflow/example_dags/example_branch_python_dop_operator_3.py
[2023-07-01T00:01:25.831+0000] {processor.py:743} INFO - Processing file /home/airflow/.local/lib/python3.7/site-packages/airflow/example_dags/example_branch_python_dop_operator_3.py for tasks to queue
[2023-07-01T00:01:25.832+0000] {logging_mixin.py:137} INFO - [2023-07-01T00:01:25.832+0000] {dagbag.py:532} INFO - Filling up the DagBag from /home/airflow/.local/lib/python3.7/site-packages/airflow/example_dags/example_branch_python_dop_operator_3.py
[2023-07-01T00:01:25.859+0000] {processor.py:753} INFO - DAG(s) dict_keys(['example_branch_dop_operator_v3']) retrieved from /home/airflow/.local/lib/python3.7/site-packages/airflow/example_dags/example_branch_python_dop_operator_3.py
[2023-07-01T00:01:25.882+0000] {logging_mixin.py:137} INFO - [2023-07-01T00:01:25.882+0000] {dag.py:2705} INFO - Sync 1 DAGs
[2023-07-01T00:01:25.903+0000] {logging_mixin.py:137} INFO - [2023-07-01T00:01:25.903+0000] {dag.py:3456} INFO - Setting next_dagrun for example_branch_dop_operator_v3 to 2023-07-01T00:00:00+00:00, run_after=2023-07-01T00:01:00+00:00
[2023-07-01T00:01:25.916+0000] {processor.py:175} INFO - Processing /home/airflow/.local/lib/python3.7/site-packages/airflow/example_dags/example_branch_python_dop_operator_3.py took 0.089 seconds
[2023-07-01T00:01:56.607+0000] {processor.py:153} INFO - Started process (PID=51595) to work on /home/airflow/.local/lib/python3.7/site-packages/airflow/example_dags/example_branch_python_dop_operator_3.py
[2023-07-01T00:01:56.608+0000] {processor.py:743} INFO - Processing file /home/airflow/.local/lib/python3.7/site-packages/airflow/example_dags/example_branch_python_dop_operator_3.py for tasks to queue
[2023-07-01T00:01:56.609+0000] {logging_mixin.py:137} INFO - [2023-07-01T00:01:56.609+0000] {dagbag.py:532} INFO - Filling up the DagBag from /home/airflow/.local/lib/python3.7/site-packages/airflow/example_dags/example_branch_python_dop_operator_3.py
[2023-07-01T00:01:56.627+0000] {processor.py:753} INFO - DAG(s) dict_keys(['example_branch_dop_operator_v3']) retrieved from /home/airflow/.local/lib/python3.7/site-packages/airflow/example_dags/example_branch_python_dop_operator_3.py
[2023-07-01T00:01:56.659+0000] {logging_mixin.py:137} INFO - [2023-07-01T00:01:56.659+0000] {dag.py:2705} INFO - Sync 1 DAGs
[2023-07-01T00:01:56.684+0000] {logging_mixin.py:137} INFO - [2023-07-01T00:01:56.684+0000] {dag.py:3456} INFO - Setting next_dagrun for example_branch_dop_operator_v3 to 2023-07-01T00:00:00+00:00, run_after=2023-07-01T00:01:00+00:00
[2023-07-01T00:01:56.696+0000] {processor.py:175} INFO - Processing /home/airflow/.local/lib/python3.7/site-packages/airflow/example_dags/example_branch_python_dop_operator_3.py took 0.092 seconds
[2023-07-01T00:02:27.418+0000] {processor.py:153} INFO - Started process (PID=51651) to work on /home/airflow/.local/lib/python3.7/site-packages/airflow/example_dags/example_branch_python_dop_operator_3.py
[2023-07-01T00:02:27.420+0000] {processor.py:743} INFO - Processing file /home/airflow/.local/lib/python3.7/site-packages/airflow/example_dags/example_branch_python_dop_operator_3.py for tasks to queue
[2023-07-01T00:02:27.421+0000] {logging_mixin.py:137} INFO - [2023-07-01T00:02:27.421+0000] {dagbag.py:532} INFO - Filling up the DagBag from /home/airflow/.local/lib/python3.7/site-packages/airflow/example_dags/example_branch_python_dop_operator_3.py
[2023-07-01T00:02:27.454+0000] {processor.py:753} INFO - DAG(s) dict_keys(['example_branch_dop_operator_v3']) retrieved from /home/airflow/.local/lib/python3.7/site-packages/airflow/example_dags/example_branch_python_dop_operator_3.py
[2023-07-01T00:02:27.490+0000] {logging_mixin.py:137} INFO - [2023-07-01T00:02:27.490+0000] {dag.py:2705} INFO - Sync 1 DAGs
[2023-07-01T00:02:27.520+0000] {logging_mixin.py:137} INFO - [2023-07-01T00:02:27.520+0000] {dag.py:3456} INFO - Setting next_dagrun for example_branch_dop_operator_v3 to 2023-07-01T00:01:00+00:00, run_after=2023-07-01T00:02:00+00:00
[2023-07-01T00:02:27.534+0000] {processor.py:175} INFO - Processing /home/airflow/.local/lib/python3.7/site-packages/airflow/example_dags/example_branch_python_dop_operator_3.py took 0.119 seconds
[2023-07-01T00:02:58.398+0000] {processor.py:153} INFO - Started process (PID=51708) to work on /home/airflow/.local/lib/python3.7/site-packages/airflow/example_dags/example_branch_python_dop_operator_3.py
[2023-07-01T00:02:58.400+0000] {processor.py:743} INFO - Processing file /home/airflow/.local/lib/python3.7/site-packages/airflow/example_dags/example_branch_python_dop_operator_3.py for tasks to queue
[2023-07-01T00:02:58.401+0000] {logging_mixin.py:137} INFO - [2023-07-01T00:02:58.401+0000] {dagbag.py:532} INFO - Filling up the DagBag from /home/airflow/.local/lib/python3.7/site-packages/airflow/example_dags/example_branch_python_dop_operator_3.py
[2023-07-01T00:02:58.450+0000] {processor.py:753} INFO - DAG(s) dict_keys(['example_branch_dop_operator_v3']) retrieved from /home/airflow/.local/lib/python3.7/site-packages/airflow/example_dags/example_branch_python_dop_operator_3.py
[2023-07-01T00:02:58.485+0000] {logging_mixin.py:137} INFO - [2023-07-01T00:02:58.485+0000] {dag.py:2705} INFO - Sync 1 DAGs
[2023-07-01T00:02:58.511+0000] {logging_mixin.py:137} INFO - [2023-07-01T00:02:58.511+0000] {dag.py:3456} INFO - Setting next_dagrun for example_branch_dop_operator_v3 to 2023-07-01T00:01:00+00:00, run_after=2023-07-01T00:02:00+00:00
[2023-07-01T00:02:58.527+0000] {processor.py:175} INFO - Processing /home/airflow/.local/lib/python3.7/site-packages/airflow/example_dags/example_branch_python_dop_operator_3.py took 0.132 seconds
[2023-07-01T00:03:29.413+0000] {processor.py:153} INFO - Started process (PID=51764) to work on /home/airflow/.local/lib/python3.7/site-packages/airflow/example_dags/example_branch_python_dop_operator_3.py
[2023-07-01T00:03:29.414+0000] {processor.py:743} INFO - Processing file /home/airflow/.local/lib/python3.7/site-packages/airflow/example_dags/example_branch_python_dop_operator_3.py for tasks to queue
[2023-07-01T00:03:29.415+0000] {logging_mixin.py:137} INFO - [2023-07-01T00:03:29.415+0000] {dagbag.py:532} INFO - Filling up the DagBag from /home/airflow/.local/lib/python3.7/site-packages/airflow/example_dags/example_branch_python_dop_operator_3.py
[2023-07-01T00:03:29.435+0000] {processor.py:753} INFO - DAG(s) dict_keys(['example_branch_dop_operator_v3']) retrieved from /home/airflow/.local/lib/python3.7/site-packages/airflow/example_dags/example_branch_python_dop_operator_3.py
[2023-07-01T00:03:29.459+0000] {logging_mixin.py:137} INFO - [2023-07-01T00:03:29.459+0000] {dag.py:2705} INFO - Sync 1 DAGs
[2023-07-01T00:03:29.483+0000] {logging_mixin.py:137} INFO - [2023-07-01T00:03:29.483+0000] {dag.py:3456} INFO - Setting next_dagrun for example_branch_dop_operator_v3 to 2023-07-01T00:02:00+00:00, run_after=2023-07-01T00:03:00+00:00
[2023-07-01T00:03:29.495+0000] {processor.py:175} INFO - Processing /home/airflow/.local/lib/python3.7/site-packages/airflow/example_dags/example_branch_python_dop_operator_3.py took 0.086 seconds
[2023-07-01T00:04:00.292+0000] {processor.py:153} INFO - Started process (PID=51821) to work on /home/airflow/.local/lib/python3.7/site-packages/airflow/example_dags/example_branch_python_dop_operator_3.py
[2023-07-01T00:04:00.294+0000] {processor.py:743} INFO - Processing file /home/airflow/.local/lib/python3.7/site-packages/airflow/example_dags/example_branch_python_dop_operator_3.py for tasks to queue
[2023-07-01T00:04:00.295+0000] {logging_mixin.py:137} INFO - [2023-07-01T00:04:00.295+0000] {dagbag.py:532} INFO - Filling up the DagBag from /home/airflow/.local/lib/python3.7/site-packages/airflow/example_dags/example_branch_python_dop_operator_3.py
[2023-07-01T00:04:00.321+0000] {processor.py:753} INFO - DAG(s) dict_keys(['example_branch_dop_operator_v3']) retrieved from /home/airflow/.local/lib/python3.7/site-packages/airflow/example_dags/example_branch_python_dop_operator_3.py
[2023-07-01T00:04:00.344+0000] {logging_mixin.py:137} INFO - [2023-07-01T00:04:00.344+0000] {dag.py:2705} INFO - Sync 1 DAGs
[2023-07-01T00:04:00.363+0000] {logging_mixin.py:137} INFO - [2023-07-01T00:04:00.363+0000] {dag.py:3456} INFO - Setting next_dagrun for example_branch_dop_operator_v3 to 2023-07-01T00:03:00+00:00, run_after=2023-07-01T00:04:00+00:00
[2023-07-01T00:04:00.375+0000] {processor.py:175} INFO - Processing /home/airflow/.local/lib/python3.7/site-packages/airflow/example_dags/example_branch_python_dop_operator_3.py took 0.089 seconds
[2023-07-01T00:04:31.170+0000] {processor.py:153} INFO - Started process (PID=51878) to work on /home/airflow/.local/lib/python3.7/site-packages/airflow/example_dags/example_branch_python_dop_operator_3.py
[2023-07-01T00:04:31.171+0000] {processor.py:743} INFO - Processing file /home/airflow/.local/lib/python3.7/site-packages/airflow/example_dags/example_branch_python_dop_operator_3.py for tasks to queue
[2023-07-01T00:04:31.172+0000] {logging_mixin.py:137} INFO - [2023-07-01T00:04:31.172+0000] {dagbag.py:532} INFO - Filling up the DagBag from /home/airflow/.local/lib/python3.7/site-packages/airflow/example_dags/example_branch_python_dop_operator_3.py
[2023-07-01T00:04:31.193+0000] {processor.py:753} INFO - DAG(s) dict_keys(['example_branch_dop_operator_v3']) retrieved from /home/airflow/.local/lib/python3.7/site-packages/airflow/example_dags/example_branch_python_dop_operator_3.py
[2023-07-01T00:04:31.219+0000] {logging_mixin.py:137} INFO - [2023-07-01T00:04:31.218+0000] {dag.py:2705} INFO - Sync 1 DAGs
[2023-07-01T00:04:31.242+0000] {logging_mixin.py:137} INFO - [2023-07-01T00:04:31.242+0000] {dag.py:3456} INFO - Setting next_dagrun for example_branch_dop_operator_v3 to 2023-07-01T00:03:00+00:00, run_after=2023-07-01T00:04:00+00:00
[2023-07-01T00:04:31.255+0000] {processor.py:175} INFO - Processing /home/airflow/.local/lib/python3.7/site-packages/airflow/example_dags/example_branch_python_dop_operator_3.py took 0.089 seconds
[2023-07-01T00:05:01.980+0000] {processor.py:153} INFO - Started process (PID=51934) to work on /home/airflow/.local/lib/python3.7/site-packages/airflow/example_dags/example_branch_python_dop_operator_3.py
[2023-07-01T00:05:01.981+0000] {processor.py:743} INFO - Processing file /home/airflow/.local/lib/python3.7/site-packages/airflow/example_dags/example_branch_python_dop_operator_3.py for tasks to queue
[2023-07-01T00:05:01.983+0000] {logging_mixin.py:137} INFO - [2023-07-01T00:05:01.983+0000] {dagbag.py:532} INFO - Filling up the DagBag from /home/airflow/.local/lib/python3.7/site-packages/airflow/example_dags/example_branch_python_dop_operator_3.py
[2023-07-01T00:05:02.001+0000] {processor.py:753} INFO - DAG(s) dict_keys(['example_branch_dop_operator_v3']) retrieved from /home/airflow/.local/lib/python3.7/site-packages/airflow/example_dags/example_branch_python_dop_operator_3.py
[2023-07-01T00:05:02.023+0000] {logging_mixin.py:137} INFO - [2023-07-01T00:05:02.022+0000] {dag.py:2705} INFO - Sync 1 DAGs
[2023-07-01T00:05:02.042+0000] {logging_mixin.py:137} INFO - [2023-07-01T00:05:02.042+0000] {dag.py:3456} INFO - Setting next_dagrun for example_branch_dop_operator_v3 to 2023-07-01T00:04:00+00:00, run_after=2023-07-01T00:05:00+00:00
[2023-07-01T00:05:02.054+0000] {processor.py:175} INFO - Processing /home/airflow/.local/lib/python3.7/site-packages/airflow/example_dags/example_branch_python_dop_operator_3.py took 0.077 seconds
[2023-07-01T00:05:32.114+0000] {processor.py:153} INFO - Started process (PID=51990) to work on /home/airflow/.local/lib/python3.7/site-packages/airflow/example_dags/example_branch_python_dop_operator_3.py
[2023-07-01T00:05:32.115+0000] {processor.py:743} INFO - Processing file /home/airflow/.local/lib/python3.7/site-packages/airflow/example_dags/example_branch_python_dop_operator_3.py for tasks to queue
[2023-07-01T00:05:32.116+0000] {logging_mixin.py:137} INFO - [2023-07-01T00:05:32.116+0000] {dagbag.py:532} INFO - Filling up the DagBag from /home/airflow/.local/lib/python3.7/site-packages/airflow/example_dags/example_branch_python_dop_operator_3.py
[2023-07-01T00:05:32.133+0000] {processor.py:753} INFO - DAG(s) dict_keys(['example_branch_dop_operator_v3']) retrieved from /home/airflow/.local/lib/python3.7/site-packages/airflow/example_dags/example_branch_python_dop_operator_3.py
[2023-07-01T00:05:32.160+0000] {logging_mixin.py:137} INFO - [2023-07-01T00:05:32.160+0000] {dag.py:2705} INFO - Sync 1 DAGs
[2023-07-01T00:05:32.182+0000] {logging_mixin.py:137} INFO - [2023-07-01T00:05:32.182+0000] {dag.py:3456} INFO - Setting next_dagrun for example_branch_dop_operator_v3 to 2023-07-01T00:04:00+00:00, run_after=2023-07-01T00:05:00+00:00
[2023-07-01T00:05:32.193+0000] {processor.py:175} INFO - Processing /home/airflow/.local/lib/python3.7/site-packages/airflow/example_dags/example_branch_python_dop_operator_3.py took 0.082 seconds
[2023-07-01T00:06:02.364+0000] {processor.py:153} INFO - Started process (PID=52047) to work on /home/airflow/.local/lib/python3.7/site-packages/airflow/example_dags/example_branch_python_dop_operator_3.py
[2023-07-01T00:06:02.365+0000] {processor.py:743} INFO - Processing file /home/airflow/.local/lib/python3.7/site-packages/airflow/example_dags/example_branch_python_dop_operator_3.py for tasks to queue
[2023-07-01T00:06:02.366+0000] {logging_mixin.py:137} INFO - [2023-07-01T00:06:02.366+0000] {dagbag.py:532} INFO - Filling up the DagBag from /home/airflow/.local/lib/python3.7/site-packages/airflow/example_dags/example_branch_python_dop_operator_3.py
[2023-07-01T00:06:02.387+0000] {processor.py:753} INFO - DAG(s) dict_keys(['example_branch_dop_operator_v3']) retrieved from /home/airflow/.local/lib/python3.7/site-packages/airflow/example_dags/example_branch_python_dop_operator_3.py
[2023-07-01T00:06:02.416+0000] {logging_mixin.py:137} INFO - [2023-07-01T00:06:02.415+0000] {dag.py:2705} INFO - Sync 1 DAGs
[2023-07-01T00:06:02.437+0000] {logging_mixin.py:137} INFO - [2023-07-01T00:06:02.437+0000] {dag.py:3456} INFO - Setting next_dagrun for example_branch_dop_operator_v3 to 2023-07-01T00:05:00+00:00, run_after=2023-07-01T00:06:00+00:00
[2023-07-01T00:06:02.448+0000] {processor.py:175} INFO - Processing /home/airflow/.local/lib/python3.7/site-packages/airflow/example_dags/example_branch_python_dop_operator_3.py took 0.087 seconds
[2023-07-01T00:06:32.592+0000] {processor.py:153} INFO - Started process (PID=52104) to work on /home/airflow/.local/lib/python3.7/site-packages/airflow/example_dags/example_branch_python_dop_operator_3.py
[2023-07-01T00:06:32.593+0000] {processor.py:743} INFO - Processing file /home/airflow/.local/lib/python3.7/site-packages/airflow/example_dags/example_branch_python_dop_operator_3.py for tasks to queue
[2023-07-01T00:06:32.594+0000] {logging_mixin.py:137} INFO - [2023-07-01T00:06:32.594+0000] {dagbag.py:532} INFO - Filling up the DagBag from /home/airflow/.local/lib/python3.7/site-packages/airflow/example_dags/example_branch_python_dop_operator_3.py
[2023-07-01T00:06:32.609+0000] {processor.py:753} INFO - DAG(s) dict_keys(['example_branch_dop_operator_v3']) retrieved from /home/airflow/.local/lib/python3.7/site-packages/airflow/example_dags/example_branch_python_dop_operator_3.py
[2023-07-01T00:06:32.627+0000] {logging_mixin.py:137} INFO - [2023-07-01T00:06:32.627+0000] {dag.py:2705} INFO - Sync 1 DAGs
[2023-07-01T00:06:32.643+0000] {logging_mixin.py:137} INFO - [2023-07-01T00:06:32.643+0000] {dag.py:3456} INFO - Setting next_dagrun for example_branch_dop_operator_v3 to 2023-07-01T00:05:00+00:00, run_after=2023-07-01T00:06:00+00:00
[2023-07-01T00:06:32.652+0000] {processor.py:175} INFO - Processing /home/airflow/.local/lib/python3.7/site-packages/airflow/example_dags/example_branch_python_dop_operator_3.py took 0.062 seconds
[2023-07-01T00:07:03.218+0000] {processor.py:153} INFO - Started process (PID=52161) to work on /home/airflow/.local/lib/python3.7/site-packages/airflow/example_dags/example_branch_python_dop_operator_3.py
[2023-07-01T00:07:03.219+0000] {processor.py:743} INFO - Processing file /home/airflow/.local/lib/python3.7/site-packages/airflow/example_dags/example_branch_python_dop_operator_3.py for tasks to queue
[2023-07-01T00:07:03.220+0000] {logging_mixin.py:137} INFO - [2023-07-01T00:07:03.220+0000] {dagbag.py:532} INFO - Filling up the DagBag from /home/airflow/.local/lib/python3.7/site-packages/airflow/example_dags/example_branch_python_dop_operator_3.py
[2023-07-01T00:07:03.235+0000] {processor.py:753} INFO - DAG(s) dict_keys(['example_branch_dop_operator_v3']) retrieved from /home/airflow/.local/lib/python3.7/site-packages/airflow/example_dags/example_branch_python_dop_operator_3.py
[2023-07-01T00:07:03.253+0000] {logging_mixin.py:137} INFO - [2023-07-01T00:07:03.253+0000] {dag.py:2705} INFO - Sync 1 DAGs
[2023-07-01T00:07:03.269+0000] {logging_mixin.py:137} INFO - [2023-07-01T00:07:03.269+0000] {dag.py:3456} INFO - Setting next_dagrun for example_branch_dop_operator_v3 to 2023-07-01T00:06:00+00:00, run_after=2023-07-01T00:07:00+00:00
[2023-07-01T00:07:03.279+0000] {processor.py:175} INFO - Processing /home/airflow/.local/lib/python3.7/site-packages/airflow/example_dags/example_branch_python_dop_operator_3.py took 0.063 seconds
[2023-07-01T00:07:34.066+0000] {processor.py:153} INFO - Started process (PID=52218) to work on /home/airflow/.local/lib/python3.7/site-packages/airflow/example_dags/example_branch_python_dop_operator_3.py
[2023-07-01T00:07:34.068+0000] {processor.py:743} INFO - Processing file /home/airflow/.local/lib/python3.7/site-packages/airflow/example_dags/example_branch_python_dop_operator_3.py for tasks to queue
[2023-07-01T00:07:34.068+0000] {logging_mixin.py:137} INFO - [2023-07-01T00:07:34.068+0000] {dagbag.py:532} INFO - Filling up the DagBag from /home/airflow/.local/lib/python3.7/site-packages/airflow/example_dags/example_branch_python_dop_operator_3.py
[2023-07-01T00:07:34.085+0000] {processor.py:753} INFO - DAG(s) dict_keys(['example_branch_dop_operator_v3']) retrieved from /home/airflow/.local/lib/python3.7/site-packages/airflow/example_dags/example_branch_python_dop_operator_3.py
[2023-07-01T00:07:34.103+0000] {logging_mixin.py:137} INFO - [2023-07-01T00:07:34.103+0000] {dag.py:2705} INFO - Sync 1 DAGs
[2023-07-01T00:07:34.119+0000] {logging_mixin.py:137} INFO - [2023-07-01T00:07:34.119+0000] {dag.py:3456} INFO - Setting next_dagrun for example_branch_dop_operator_v3 to 2023-07-01T00:06:00+00:00, run_after=2023-07-01T00:07:00+00:00
[2023-07-01T00:07:34.129+0000] {processor.py:175} INFO - Processing /home/airflow/.local/lib/python3.7/site-packages/airflow/example_dags/example_branch_python_dop_operator_3.py took 0.065 seconds
[2023-07-01T00:08:04.650+0000] {processor.py:153} INFO - Started process (PID=52275) to work on /home/airflow/.local/lib/python3.7/site-packages/airflow/example_dags/example_branch_python_dop_operator_3.py
[2023-07-01T00:08:04.651+0000] {processor.py:743} INFO - Processing file /home/airflow/.local/lib/python3.7/site-packages/airflow/example_dags/example_branch_python_dop_operator_3.py for tasks to queue
[2023-07-01T00:08:04.652+0000] {logging_mixin.py:137} INFO - [2023-07-01T00:08:04.652+0000] {dagbag.py:532} INFO - Filling up the DagBag from /home/airflow/.local/lib/python3.7/site-packages/airflow/example_dags/example_branch_python_dop_operator_3.py
[2023-07-01T00:08:04.669+0000] {processor.py:753} INFO - DAG(s) dict_keys(['example_branch_dop_operator_v3']) retrieved from /home/airflow/.local/lib/python3.7/site-packages/airflow/example_dags/example_branch_python_dop_operator_3.py
[2023-07-01T00:08:04.688+0000] {logging_mixin.py:137} INFO - [2023-07-01T00:08:04.688+0000] {dag.py:2705} INFO - Sync 1 DAGs
[2023-07-01T00:08:04.705+0000] {logging_mixin.py:137} INFO - [2023-07-01T00:08:04.705+0000] {dag.py:3456} INFO - Setting next_dagrun for example_branch_dop_operator_v3 to 2023-07-01T00:07:00+00:00, run_after=2023-07-01T00:08:00+00:00
[2023-07-01T00:08:04.715+0000] {processor.py:175} INFO - Processing /home/airflow/.local/lib/python3.7/site-packages/airflow/example_dags/example_branch_python_dop_operator_3.py took 0.069 seconds
[2023-07-01T00:08:34.960+0000] {processor.py:153} INFO - Started process (PID=52332) to work on /home/airflow/.local/lib/python3.7/site-packages/airflow/example_dags/example_branch_python_dop_operator_3.py
[2023-07-01T00:08:34.961+0000] {processor.py:743} INFO - Processing file /home/airflow/.local/lib/python3.7/site-packages/airflow/example_dags/example_branch_python_dop_operator_3.py for tasks to queue
[2023-07-01T00:08:34.962+0000] {logging_mixin.py:137} INFO - [2023-07-01T00:08:34.962+0000] {dagbag.py:532} INFO - Filling up the DagBag from /home/airflow/.local/lib/python3.7/site-packages/airflow/example_dags/example_branch_python_dop_operator_3.py
[2023-07-01T00:08:34.982+0000] {processor.py:753} INFO - DAG(s) dict_keys(['example_branch_dop_operator_v3']) retrieved from /home/airflow/.local/lib/python3.7/site-packages/airflow/example_dags/example_branch_python_dop_operator_3.py
[2023-07-01T00:08:35.004+0000] {logging_mixin.py:137} INFO - [2023-07-01T00:08:35.004+0000] {dag.py:2705} INFO - Sync 1 DAGs
[2023-07-01T00:08:35.022+0000] {logging_mixin.py:137} INFO - [2023-07-01T00:08:35.022+0000] {dag.py:3456} INFO - Setting next_dagrun for example_branch_dop_operator_v3 to 2023-07-01T00:07:00+00:00, run_after=2023-07-01T00:08:00+00:00
[2023-07-01T00:08:35.032+0000] {processor.py:175} INFO - Processing /home/airflow/.local/lib/python3.7/site-packages/airflow/example_dags/example_branch_python_dop_operator_3.py took 0.074 seconds
[2023-07-01T00:09:05.278+0000] {processor.py:153} INFO - Started process (PID=52389) to work on /home/airflow/.local/lib/python3.7/site-packages/airflow/example_dags/example_branch_python_dop_operator_3.py
[2023-07-01T00:09:05.279+0000] {processor.py:743} INFO - Processing file /home/airflow/.local/lib/python3.7/site-packages/airflow/example_dags/example_branch_python_dop_operator_3.py for tasks to queue
[2023-07-01T00:09:05.280+0000] {logging_mixin.py:137} INFO - [2023-07-01T00:09:05.280+0000] {dagbag.py:532} INFO - Filling up the DagBag from /home/airflow/.local/lib/python3.7/site-packages/airflow/example_dags/example_branch_python_dop_operator_3.py
[2023-07-01T00:09:05.295+0000] {processor.py:753} INFO - DAG(s) dict_keys(['example_branch_dop_operator_v3']) retrieved from /home/airflow/.local/lib/python3.7/site-packages/airflow/example_dags/example_branch_python_dop_operator_3.py
[2023-07-01T00:09:05.313+0000] {logging_mixin.py:137} INFO - [2023-07-01T00:09:05.313+0000] {dag.py:2705} INFO - Sync 1 DAGs
[2023-07-01T00:09:05.328+0000] {logging_mixin.py:137} INFO - [2023-07-01T00:09:05.328+0000] {dag.py:3456} INFO - Setting next_dagrun for example_branch_dop_operator_v3 to 2023-07-01T00:08:00+00:00, run_after=2023-07-01T00:09:00+00:00
[2023-07-01T00:09:05.338+0000] {processor.py:175} INFO - Processing /home/airflow/.local/lib/python3.7/site-packages/airflow/example_dags/example_branch_python_dop_operator_3.py took 0.063 seconds
[2023-07-01T00:09:35.788+0000] {processor.py:153} INFO - Started process (PID=52446) to work on /home/airflow/.local/lib/python3.7/site-packages/airflow/example_dags/example_branch_python_dop_operator_3.py
[2023-07-01T00:09:35.789+0000] {processor.py:743} INFO - Processing file /home/airflow/.local/lib/python3.7/site-packages/airflow/example_dags/example_branch_python_dop_operator_3.py for tasks to queue
[2023-07-01T00:09:35.790+0000] {logging_mixin.py:137} INFO - [2023-07-01T00:09:35.790+0000] {dagbag.py:532} INFO - Filling up the DagBag from /home/airflow/.local/lib/python3.7/site-packages/airflow/example_dags/example_branch_python_dop_operator_3.py
[2023-07-01T00:09:35.807+0000] {processor.py:753} INFO - DAG(s) dict_keys(['example_branch_dop_operator_v3']) retrieved from /home/airflow/.local/lib/python3.7/site-packages/airflow/example_dags/example_branch_python_dop_operator_3.py
[2023-07-01T00:09:35.827+0000] {logging_mixin.py:137} INFO - [2023-07-01T00:09:35.827+0000] {dag.py:2705} INFO - Sync 1 DAGs
[2023-07-01T00:09:35.844+0000] {logging_mixin.py:137} INFO - [2023-07-01T00:09:35.844+0000] {dag.py:3456} INFO - Setting next_dagrun for example_branch_dop_operator_v3 to 2023-07-01T00:08:00+00:00, run_after=2023-07-01T00:09:00+00:00
[2023-07-01T00:09:35.854+0000] {processor.py:175} INFO - Processing /home/airflow/.local/lib/python3.7/site-packages/airflow/example_dags/example_branch_python_dop_operator_3.py took 0.068 seconds
[2023-07-01T00:10:06.286+0000] {processor.py:153} INFO - Started process (PID=52504) to work on /home/airflow/.local/lib/python3.7/site-packages/airflow/example_dags/example_branch_python_dop_operator_3.py
[2023-07-01T00:10:06.287+0000] {processor.py:743} INFO - Processing file /home/airflow/.local/lib/python3.7/site-packages/airflow/example_dags/example_branch_python_dop_operator_3.py for tasks to queue
[2023-07-01T00:10:06.288+0000] {logging_mixin.py:137} INFO - [2023-07-01T00:10:06.288+0000] {dagbag.py:532} INFO - Filling up the DagBag from /home/airflow/.local/lib/python3.7/site-packages/airflow/example_dags/example_branch_python_dop_operator_3.py
[2023-07-01T00:10:06.306+0000] {processor.py:753} INFO - DAG(s) dict_keys(['example_branch_dop_operator_v3']) retrieved from /home/airflow/.local/lib/python3.7/site-packages/airflow/example_dags/example_branch_python_dop_operator_3.py
[2023-07-01T00:10:06.326+0000] {logging_mixin.py:137} INFO - [2023-07-01T00:10:06.326+0000] {dag.py:2705} INFO - Sync 1 DAGs
[2023-07-01T00:10:06.343+0000] {logging_mixin.py:137} INFO - [2023-07-01T00:10:06.343+0000] {dag.py:3456} INFO - Setting next_dagrun for example_branch_dop_operator_v3 to 2023-07-01T00:09:00+00:00, run_after=2023-07-01T00:10:00+00:00
[2023-07-01T00:10:06.353+0000] {processor.py:175} INFO - Processing /home/airflow/.local/lib/python3.7/site-packages/airflow/example_dags/example_branch_python_dop_operator_3.py took 0.069 seconds
[2023-07-01T00:10:36.861+0000] {processor.py:153} INFO - Started process (PID=52561) to work on /home/airflow/.local/lib/python3.7/site-packages/airflow/example_dags/example_branch_python_dop_operator_3.py
[2023-07-01T00:10:36.863+0000] {processor.py:743} INFO - Processing file /home/airflow/.local/lib/python3.7/site-packages/airflow/example_dags/example_branch_python_dop_operator_3.py for tasks to queue
[2023-07-01T00:10:36.866+0000] {logging_mixin.py:137} INFO - [2023-07-01T00:10:36.866+0000] {dagbag.py:532} INFO - Filling up the DagBag from /home/airflow/.local/lib/python3.7/site-packages/airflow/example_dags/example_branch_python_dop_operator_3.py
[2023-07-01T00:10:36.887+0000] {processor.py:753} INFO - DAG(s) dict_keys(['example_branch_dop_operator_v3']) retrieved from /home/airflow/.local/lib/python3.7/site-packages/airflow/example_dags/example_branch_python_dop_operator_3.py
[2023-07-01T00:10:36.914+0000] {logging_mixin.py:137} INFO - [2023-07-01T00:10:36.914+0000] {dag.py:2705} INFO - Sync 1 DAGs
[2023-07-01T00:10:36.935+0000] {logging_mixin.py:137} INFO - [2023-07-01T00:10:36.935+0000] {dag.py:3456} INFO - Setting next_dagrun for example_branch_dop_operator_v3 to 2023-07-01T00:09:00+00:00, run_after=2023-07-01T00:10:00+00:00
[2023-07-01T00:10:36.946+0000] {processor.py:175} INFO - Processing /home/airflow/.local/lib/python3.7/site-packages/airflow/example_dags/example_branch_python_dop_operator_3.py took 0.087 seconds
[2023-07-01T00:11:07.671+0000] {processor.py:153} INFO - Started process (PID=52619) to work on /home/airflow/.local/lib/python3.7/site-packages/airflow/example_dags/example_branch_python_dop_operator_3.py
[2023-07-01T00:11:07.673+0000] {processor.py:743} INFO - Processing file /home/airflow/.local/lib/python3.7/site-packages/airflow/example_dags/example_branch_python_dop_operator_3.py for tasks to queue
[2023-07-01T00:11:07.674+0000] {logging_mixin.py:137} INFO - [2023-07-01T00:11:07.673+0000] {dagbag.py:532} INFO - Filling up the DagBag from /home/airflow/.local/lib/python3.7/site-packages/airflow/example_dags/example_branch_python_dop_operator_3.py
[2023-07-01T00:11:07.690+0000] {processor.py:753} INFO - DAG(s) dict_keys(['example_branch_dop_operator_v3']) retrieved from /home/airflow/.local/lib/python3.7/site-packages/airflow/example_dags/example_branch_python_dop_operator_3.py
[2023-07-01T00:11:07.707+0000] {logging_mixin.py:137} INFO - [2023-07-01T00:11:07.707+0000] {dag.py:2705} INFO - Sync 1 DAGs
[2023-07-01T00:11:07.724+0000] {logging_mixin.py:137} INFO - [2023-07-01T00:11:07.724+0000] {dag.py:3456} INFO - Setting next_dagrun for example_branch_dop_operator_v3 to 2023-07-01T00:10:00+00:00, run_after=2023-07-01T00:11:00+00:00
[2023-07-01T00:11:07.733+0000] {processor.py:175} INFO - Processing /home/airflow/.local/lib/python3.7/site-packages/airflow/example_dags/example_branch_python_dop_operator_3.py took 0.065 seconds
[2023-07-01T00:11:38.457+0000] {processor.py:153} INFO - Started process (PID=52677) to work on /home/airflow/.local/lib/python3.7/site-packages/airflow/example_dags/example_branch_python_dop_operator_3.py
[2023-07-01T00:11:38.458+0000] {processor.py:743} INFO - Processing file /home/airflow/.local/lib/python3.7/site-packages/airflow/example_dags/example_branch_python_dop_operator_3.py for tasks to queue
[2023-07-01T00:11:38.458+0000] {logging_mixin.py:137} INFO - [2023-07-01T00:11:38.458+0000] {dagbag.py:532} INFO - Filling up the DagBag from /home/airflow/.local/lib/python3.7/site-packages/airflow/example_dags/example_branch_python_dop_operator_3.py
[2023-07-01T00:11:38.474+0000] {processor.py:753} INFO - DAG(s) dict_keys(['example_branch_dop_operator_v3']) retrieved from /home/airflow/.local/lib/python3.7/site-packages/airflow/example_dags/example_branch_python_dop_operator_3.py
[2023-07-01T00:11:38.492+0000] {logging_mixin.py:137} INFO - [2023-07-01T00:11:38.492+0000] {dag.py:2705} INFO - Sync 1 DAGs
[2023-07-01T00:11:38.509+0000] {logging_mixin.py:137} INFO - [2023-07-01T00:11:38.509+0000] {dag.py:3456} INFO - Setting next_dagrun for example_branch_dop_operator_v3 to 2023-07-01T00:10:00+00:00, run_after=2023-07-01T00:11:00+00:00
[2023-07-01T00:11:38.519+0000] {processor.py:175} INFO - Processing /home/airflow/.local/lib/python3.7/site-packages/airflow/example_dags/example_branch_python_dop_operator_3.py took 0.065 seconds
[2023-07-01T00:12:09.138+0000] {processor.py:153} INFO - Started process (PID=52734) to work on /home/airflow/.local/lib/python3.7/site-packages/airflow/example_dags/example_branch_python_dop_operator_3.py
[2023-07-01T00:12:09.139+0000] {processor.py:743} INFO - Processing file /home/airflow/.local/lib/python3.7/site-packages/airflow/example_dags/example_branch_python_dop_operator_3.py for tasks to queue
[2023-07-01T00:12:09.139+0000] {logging_mixin.py:137} INFO - [2023-07-01T00:12:09.139+0000] {dagbag.py:532} INFO - Filling up the DagBag from /home/airflow/.local/lib/python3.7/site-packages/airflow/example_dags/example_branch_python_dop_operator_3.py
[2023-07-01T00:12:09.155+0000] {processor.py:753} INFO - DAG(s) dict_keys(['example_branch_dop_operator_v3']) retrieved from /home/airflow/.local/lib/python3.7/site-packages/airflow/example_dags/example_branch_python_dop_operator_3.py
[2023-07-01T00:12:09.173+0000] {logging_mixin.py:137} INFO - [2023-07-01T00:12:09.173+0000] {dag.py:2705} INFO - Sync 1 DAGs
[2023-07-01T00:12:09.189+0000] {logging_mixin.py:137} INFO - [2023-07-01T00:12:09.189+0000] {dag.py:3456} INFO - Setting next_dagrun for example_branch_dop_operator_v3 to 2023-07-01T00:11:00+00:00, run_after=2023-07-01T00:12:00+00:00
[2023-07-01T00:12:09.199+0000] {processor.py:175} INFO - Processing /home/airflow/.local/lib/python3.7/site-packages/airflow/example_dags/example_branch_python_dop_operator_3.py took 0.064 seconds
[2023-07-01T00:12:39.873+0000] {processor.py:153} INFO - Started process (PID=52791) to work on /home/airflow/.local/lib/python3.7/site-packages/airflow/example_dags/example_branch_python_dop_operator_3.py
[2023-07-01T00:12:39.874+0000] {processor.py:743} INFO - Processing file /home/airflow/.local/lib/python3.7/site-packages/airflow/example_dags/example_branch_python_dop_operator_3.py for tasks to queue
[2023-07-01T00:12:39.875+0000] {logging_mixin.py:137} INFO - [2023-07-01T00:12:39.875+0000] {dagbag.py:532} INFO - Filling up the DagBag from /home/airflow/.local/lib/python3.7/site-packages/airflow/example_dags/example_branch_python_dop_operator_3.py
[2023-07-01T00:12:39.890+0000] {processor.py:753} INFO - DAG(s) dict_keys(['example_branch_dop_operator_v3']) retrieved from /home/airflow/.local/lib/python3.7/site-packages/airflow/example_dags/example_branch_python_dop_operator_3.py
[2023-07-01T00:12:39.909+0000] {logging_mixin.py:137} INFO - [2023-07-01T00:12:39.908+0000] {dag.py:2705} INFO - Sync 1 DAGs
[2023-07-01T00:12:39.925+0000] {logging_mixin.py:137} INFO - [2023-07-01T00:12:39.925+0000] {dag.py:3456} INFO - Setting next_dagrun for example_branch_dop_operator_v3 to 2023-07-01T00:11:00+00:00, run_after=2023-07-01T00:12:00+00:00
[2023-07-01T00:12:39.934+0000] {processor.py:175} INFO - Processing /home/airflow/.local/lib/python3.7/site-packages/airflow/example_dags/example_branch_python_dop_operator_3.py took 0.063 seconds
[2023-07-01T00:13:10.593+0000] {processor.py:153} INFO - Started process (PID=52855) to work on /home/airflow/.local/lib/python3.7/site-packages/airflow/example_dags/example_branch_python_dop_operator_3.py
[2023-07-01T00:13:10.594+0000] {processor.py:743} INFO - Processing file /home/airflow/.local/lib/python3.7/site-packages/airflow/example_dags/example_branch_python_dop_operator_3.py for tasks to queue
[2023-07-01T00:13:10.595+0000] {logging_mixin.py:137} INFO - [2023-07-01T00:13:10.595+0000] {dagbag.py:532} INFO - Filling up the DagBag from /home/airflow/.local/lib/python3.7/site-packages/airflow/example_dags/example_branch_python_dop_operator_3.py
[2023-07-01T00:13:10.612+0000] {processor.py:753} INFO - DAG(s) dict_keys(['example_branch_dop_operator_v3']) retrieved from /home/airflow/.local/lib/python3.7/site-packages/airflow/example_dags/example_branch_python_dop_operator_3.py
[2023-07-01T00:13:10.632+0000] {logging_mixin.py:137} INFO - [2023-07-01T00:13:10.632+0000] {dag.py:2705} INFO - Sync 1 DAGs
[2023-07-01T00:13:10.649+0000] {logging_mixin.py:137} INFO - [2023-07-01T00:13:10.649+0000] {dag.py:3456} INFO - Setting next_dagrun for example_branch_dop_operator_v3 to 2023-07-01T00:12:00+00:00, run_after=2023-07-01T00:13:00+00:00
[2023-07-01T00:13:10.660+0000] {processor.py:175} INFO - Processing /home/airflow/.local/lib/python3.7/site-packages/airflow/example_dags/example_branch_python_dop_operator_3.py took 0.070 seconds
[2023-07-01T00:13:41.747+0000] {processor.py:153} INFO - Started process (PID=52913) to work on /home/airflow/.local/lib/python3.7/site-packages/airflow/example_dags/example_branch_python_dop_operator_3.py
[2023-07-01T00:13:41.748+0000] {processor.py:743} INFO - Processing file /home/airflow/.local/lib/python3.7/site-packages/airflow/example_dags/example_branch_python_dop_operator_3.py for tasks to queue
[2023-07-01T00:13:41.748+0000] {logging_mixin.py:137} INFO - [2023-07-01T00:13:41.748+0000] {dagbag.py:532} INFO - Filling up the DagBag from /home/airflow/.local/lib/python3.7/site-packages/airflow/example_dags/example_branch_python_dop_operator_3.py
[2023-07-01T00:13:41.763+0000] {processor.py:753} INFO - DAG(s) dict_keys(['example_branch_dop_operator_v3']) retrieved from /home/airflow/.local/lib/python3.7/site-packages/airflow/example_dags/example_branch_python_dop_operator_3.py
[2023-07-01T00:13:41.781+0000] {logging_mixin.py:137} INFO - [2023-07-01T00:13:41.781+0000] {dag.py:2705} INFO - Sync 1 DAGs
[2023-07-01T00:13:41.798+0000] {logging_mixin.py:137} INFO - [2023-07-01T00:13:41.798+0000] {dag.py:3456} INFO - Setting next_dagrun for example_branch_dop_operator_v3 to 2023-07-01T00:12:00+00:00, run_after=2023-07-01T00:13:00+00:00
[2023-07-01T00:13:41.807+0000] {processor.py:175} INFO - Processing /home/airflow/.local/lib/python3.7/site-packages/airflow/example_dags/example_branch_python_dop_operator_3.py took 0.063 seconds
[2023-07-01T00:14:11.925+0000] {processor.py:153} INFO - Started process (PID=52970) to work on /home/airflow/.local/lib/python3.7/site-packages/airflow/example_dags/example_branch_python_dop_operator_3.py
[2023-07-01T00:14:11.926+0000] {processor.py:743} INFO - Processing file /home/airflow/.local/lib/python3.7/site-packages/airflow/example_dags/example_branch_python_dop_operator_3.py for tasks to queue
[2023-07-01T00:14:11.926+0000] {logging_mixin.py:137} INFO - [2023-07-01T00:14:11.926+0000] {dagbag.py:532} INFO - Filling up the DagBag from /home/airflow/.local/lib/python3.7/site-packages/airflow/example_dags/example_branch_python_dop_operator_3.py
[2023-07-01T00:14:11.943+0000] {processor.py:753} INFO - DAG(s) dict_keys(['example_branch_dop_operator_v3']) retrieved from /home/airflow/.local/lib/python3.7/site-packages/airflow/example_dags/example_branch_python_dop_operator_3.py
[2023-07-01T00:14:11.961+0000] {logging_mixin.py:137} INFO - [2023-07-01T00:14:11.961+0000] {dag.py:2705} INFO - Sync 1 DAGs
[2023-07-01T00:14:11.977+0000] {logging_mixin.py:137} INFO - [2023-07-01T00:14:11.977+0000] {dag.py:3456} INFO - Setting next_dagrun for example_branch_dop_operator_v3 to 2023-07-01T00:13:00+00:00, run_after=2023-07-01T00:14:00+00:00
[2023-07-01T00:14:11.987+0000] {processor.py:175} INFO - Processing /home/airflow/.local/lib/python3.7/site-packages/airflow/example_dags/example_branch_python_dop_operator_3.py took 0.065 seconds
[2023-07-01T00:14:42.189+0000] {processor.py:153} INFO - Started process (PID=53027) to work on /home/airflow/.local/lib/python3.7/site-packages/airflow/example_dags/example_branch_python_dop_operator_3.py
[2023-07-01T00:14:42.190+0000] {processor.py:743} INFO - Processing file /home/airflow/.local/lib/python3.7/site-packages/airflow/example_dags/example_branch_python_dop_operator_3.py for tasks to queue
[2023-07-01T00:14:42.191+0000] {logging_mixin.py:137} INFO - [2023-07-01T00:14:42.191+0000] {dagbag.py:532} INFO - Filling up the DagBag from /home/airflow/.local/lib/python3.7/site-packages/airflow/example_dags/example_branch_python_dop_operator_3.py
[2023-07-01T00:14:42.207+0000] {processor.py:753} INFO - DAG(s) dict_keys(['example_branch_dop_operator_v3']) retrieved from /home/airflow/.local/lib/python3.7/site-packages/airflow/example_dags/example_branch_python_dop_operator_3.py
[2023-07-01T00:14:42.226+0000] {logging_mixin.py:137} INFO - [2023-07-01T00:14:42.226+0000] {dag.py:2705} INFO - Sync 1 DAGs
[2023-07-01T00:14:42.242+0000] {logging_mixin.py:137} INFO - [2023-07-01T00:14:42.242+0000] {dag.py:3456} INFO - Setting next_dagrun for example_branch_dop_operator_v3 to 2023-07-01T00:13:00+00:00, run_after=2023-07-01T00:14:00+00:00
[2023-07-01T00:14:42.252+0000] {processor.py:175} INFO - Processing /home/airflow/.local/lib/python3.7/site-packages/airflow/example_dags/example_branch_python_dop_operator_3.py took 0.066 seconds
[2023-07-01T00:15:12.553+0000] {processor.py:153} INFO - Started process (PID=53084) to work on /home/airflow/.local/lib/python3.7/site-packages/airflow/example_dags/example_branch_python_dop_operator_3.py
[2023-07-01T00:15:12.554+0000] {processor.py:743} INFO - Processing file /home/airflow/.local/lib/python3.7/site-packages/airflow/example_dags/example_branch_python_dop_operator_3.py for tasks to queue
[2023-07-01T00:15:12.555+0000] {logging_mixin.py:137} INFO - [2023-07-01T00:15:12.555+0000] {dagbag.py:532} INFO - Filling up the DagBag from /home/airflow/.local/lib/python3.7/site-packages/airflow/example_dags/example_branch_python_dop_operator_3.py
[2023-07-01T00:15:12.571+0000] {processor.py:753} INFO - DAG(s) dict_keys(['example_branch_dop_operator_v3']) retrieved from /home/airflow/.local/lib/python3.7/site-packages/airflow/example_dags/example_branch_python_dop_operator_3.py
[2023-07-01T00:15:12.591+0000] {logging_mixin.py:137} INFO - [2023-07-01T00:15:12.591+0000] {dag.py:2705} INFO - Sync 1 DAGs
[2023-07-01T00:15:12.609+0000] {logging_mixin.py:137} INFO - [2023-07-01T00:15:12.609+0000] {dag.py:3456} INFO - Setting next_dagrun for example_branch_dop_operator_v3 to 2023-07-01T00:14:00+00:00, run_after=2023-07-01T00:15:00+00:00
[2023-07-01T00:15:12.620+0000] {processor.py:175} INFO - Processing /home/airflow/.local/lib/python3.7/site-packages/airflow/example_dags/example_branch_python_dop_operator_3.py took 0.070 seconds
[2023-07-01T00:15:43.690+0000] {processor.py:153} INFO - Started process (PID=53140) to work on /home/airflow/.local/lib/python3.7/site-packages/airflow/example_dags/example_branch_python_dop_operator_3.py
[2023-07-01T00:15:43.692+0000] {processor.py:743} INFO - Processing file /home/airflow/.local/lib/python3.7/site-packages/airflow/example_dags/example_branch_python_dop_operator_3.py for tasks to queue
[2023-07-01T00:15:43.692+0000] {logging_mixin.py:137} INFO - [2023-07-01T00:15:43.692+0000] {dagbag.py:532} INFO - Filling up the DagBag from /home/airflow/.local/lib/python3.7/site-packages/airflow/example_dags/example_branch_python_dop_operator_3.py
[2023-07-01T00:15:43.709+0000] {processor.py:753} INFO - DAG(s) dict_keys(['example_branch_dop_operator_v3']) retrieved from /home/airflow/.local/lib/python3.7/site-packages/airflow/example_dags/example_branch_python_dop_operator_3.py
[2023-07-01T00:15:43.726+0000] {logging_mixin.py:137} INFO - [2023-07-01T00:15:43.726+0000] {dag.py:2705} INFO - Sync 1 DAGs
[2023-07-01T00:15:43.743+0000] {logging_mixin.py:137} INFO - [2023-07-01T00:15:43.743+0000] {dag.py:3456} INFO - Setting next_dagrun for example_branch_dop_operator_v3 to 2023-07-01T00:14:00+00:00, run_after=2023-07-01T00:15:00+00:00
[2023-07-01T00:15:43.752+0000] {processor.py:175} INFO - Processing /home/airflow/.local/lib/python3.7/site-packages/airflow/example_dags/example_branch_python_dop_operator_3.py took 0.065 seconds
[2023-07-01T00:16:13.963+0000] {processor.py:153} INFO - Started process (PID=53197) to work on /home/airflow/.local/lib/python3.7/site-packages/airflow/example_dags/example_branch_python_dop_operator_3.py
[2023-07-01T00:16:13.964+0000] {processor.py:743} INFO - Processing file /home/airflow/.local/lib/python3.7/site-packages/airflow/example_dags/example_branch_python_dop_operator_3.py for tasks to queue
[2023-07-01T00:16:13.965+0000] {logging_mixin.py:137} INFO - [2023-07-01T00:16:13.965+0000] {dagbag.py:532} INFO - Filling up the DagBag from /home/airflow/.local/lib/python3.7/site-packages/airflow/example_dags/example_branch_python_dop_operator_3.py
[2023-07-01T00:16:13.983+0000] {processor.py:753} INFO - DAG(s) dict_keys(['example_branch_dop_operator_v3']) retrieved from /home/airflow/.local/lib/python3.7/site-packages/airflow/example_dags/example_branch_python_dop_operator_3.py
[2023-07-01T00:16:14.006+0000] {logging_mixin.py:137} INFO - [2023-07-01T00:16:14.006+0000] {dag.py:2705} INFO - Sync 1 DAGs
[2023-07-01T00:16:14.037+0000] {logging_mixin.py:137} INFO - [2023-07-01T00:16:14.037+0000] {dag.py:3456} INFO - Setting next_dagrun for example_branch_dop_operator_v3 to 2023-07-01T00:15:00+00:00, run_after=2023-07-01T00:16:00+00:00
[2023-07-01T00:16:14.053+0000] {processor.py:175} INFO - Processing /home/airflow/.local/lib/python3.7/site-packages/airflow/example_dags/example_branch_python_dop_operator_3.py took 0.093 seconds
[2023-07-01T00:16:44.463+0000] {processor.py:153} INFO - Started process (PID=53254) to work on /home/airflow/.local/lib/python3.7/site-packages/airflow/example_dags/example_branch_python_dop_operator_3.py
[2023-07-01T00:16:44.464+0000] {processor.py:743} INFO - Processing file /home/airflow/.local/lib/python3.7/site-packages/airflow/example_dags/example_branch_python_dop_operator_3.py for tasks to queue
[2023-07-01T00:16:44.465+0000] {logging_mixin.py:137} INFO - [2023-07-01T00:16:44.465+0000] {dagbag.py:532} INFO - Filling up the DagBag from /home/airflow/.local/lib/python3.7/site-packages/airflow/example_dags/example_branch_python_dop_operator_3.py
[2023-07-01T00:16:44.489+0000] {processor.py:753} INFO - DAG(s) dict_keys(['example_branch_dop_operator_v3']) retrieved from /home/airflow/.local/lib/python3.7/site-packages/airflow/example_dags/example_branch_python_dop_operator_3.py
[2023-07-01T00:16:44.510+0000] {logging_mixin.py:137} INFO - [2023-07-01T00:16:44.510+0000] {dag.py:2705} INFO - Sync 1 DAGs
[2023-07-01T00:16:44.534+0000] {logging_mixin.py:137} INFO - [2023-07-01T00:16:44.534+0000] {dag.py:3456} INFO - Setting next_dagrun for example_branch_dop_operator_v3 to 2023-07-01T00:15:00+00:00, run_after=2023-07-01T00:16:00+00:00
[2023-07-01T00:16:44.549+0000] {processor.py:175} INFO - Processing /home/airflow/.local/lib/python3.7/site-packages/airflow/example_dags/example_branch_python_dop_operator_3.py took 0.090 seconds
[2023-07-01T00:17:15.499+0000] {processor.py:153} INFO - Started process (PID=53311) to work on /home/airflow/.local/lib/python3.7/site-packages/airflow/example_dags/example_branch_python_dop_operator_3.py
[2023-07-01T00:17:15.500+0000] {processor.py:743} INFO - Processing file /home/airflow/.local/lib/python3.7/site-packages/airflow/example_dags/example_branch_python_dop_operator_3.py for tasks to queue
[2023-07-01T00:17:15.501+0000] {logging_mixin.py:137} INFO - [2023-07-01T00:17:15.501+0000] {dagbag.py:532} INFO - Filling up the DagBag from /home/airflow/.local/lib/python3.7/site-packages/airflow/example_dags/example_branch_python_dop_operator_3.py
[2023-07-01T00:17:15.524+0000] {processor.py:753} INFO - DAG(s) dict_keys(['example_branch_dop_operator_v3']) retrieved from /home/airflow/.local/lib/python3.7/site-packages/airflow/example_dags/example_branch_python_dop_operator_3.py
[2023-07-01T00:17:15.546+0000] {logging_mixin.py:137} INFO - [2023-07-01T00:17:15.546+0000] {dag.py:2705} INFO - Sync 1 DAGs
[2023-07-01T00:17:15.569+0000] {logging_mixin.py:137} INFO - [2023-07-01T00:17:15.569+0000] {dag.py:3456} INFO - Setting next_dagrun for example_branch_dop_operator_v3 to 2023-07-01T00:16:00+00:00, run_after=2023-07-01T00:17:00+00:00
[2023-07-01T00:17:15.581+0000] {processor.py:175} INFO - Processing /home/airflow/.local/lib/python3.7/site-packages/airflow/example_dags/example_branch_python_dop_operator_3.py took 0.086 seconds
[2023-07-01T00:17:46.463+0000] {processor.py:153} INFO - Started process (PID=53368) to work on /home/airflow/.local/lib/python3.7/site-packages/airflow/example_dags/example_branch_python_dop_operator_3.py
[2023-07-01T00:17:46.464+0000] {processor.py:743} INFO - Processing file /home/airflow/.local/lib/python3.7/site-packages/airflow/example_dags/example_branch_python_dop_operator_3.py for tasks to queue
[2023-07-01T00:17:46.465+0000] {logging_mixin.py:137} INFO - [2023-07-01T00:17:46.465+0000] {dagbag.py:532} INFO - Filling up the DagBag from /home/airflow/.local/lib/python3.7/site-packages/airflow/example_dags/example_branch_python_dop_operator_3.py
[2023-07-01T00:17:46.482+0000] {processor.py:753} INFO - DAG(s) dict_keys(['example_branch_dop_operator_v3']) retrieved from /home/airflow/.local/lib/python3.7/site-packages/airflow/example_dags/example_branch_python_dop_operator_3.py
[2023-07-01T00:17:46.505+0000] {logging_mixin.py:137} INFO - [2023-07-01T00:17:46.505+0000] {dag.py:2705} INFO - Sync 1 DAGs
[2023-07-01T00:17:46.524+0000] {logging_mixin.py:137} INFO - [2023-07-01T00:17:46.524+0000] {dag.py:3456} INFO - Setting next_dagrun for example_branch_dop_operator_v3 to 2023-07-01T00:16:00+00:00, run_after=2023-07-01T00:17:00+00:00
[2023-07-01T00:17:46.540+0000] {processor.py:175} INFO - Processing /home/airflow/.local/lib/python3.7/site-packages/airflow/example_dags/example_branch_python_dop_operator_3.py took 0.079 seconds
[2023-07-01T00:18:17.193+0000] {processor.py:153} INFO - Started process (PID=53425) to work on /home/airflow/.local/lib/python3.7/site-packages/airflow/example_dags/example_branch_python_dop_operator_3.py
[2023-07-01T00:18:17.195+0000] {processor.py:743} INFO - Processing file /home/airflow/.local/lib/python3.7/site-packages/airflow/example_dags/example_branch_python_dop_operator_3.py for tasks to queue
[2023-07-01T00:18:17.195+0000] {logging_mixin.py:137} INFO - [2023-07-01T00:18:17.195+0000] {dagbag.py:532} INFO - Filling up the DagBag from /home/airflow/.local/lib/python3.7/site-packages/airflow/example_dags/example_branch_python_dop_operator_3.py
[2023-07-01T00:18:17.212+0000] {processor.py:753} INFO - DAG(s) dict_keys(['example_branch_dop_operator_v3']) retrieved from /home/airflow/.local/lib/python3.7/site-packages/airflow/example_dags/example_branch_python_dop_operator_3.py
[2023-07-01T00:18:17.231+0000] {logging_mixin.py:137} INFO - [2023-07-01T00:18:17.231+0000] {dag.py:2705} INFO - Sync 1 DAGs
[2023-07-01T00:18:17.248+0000] {logging_mixin.py:137} INFO - [2023-07-01T00:18:17.248+0000] {dag.py:3456} INFO - Setting next_dagrun for example_branch_dop_operator_v3 to 2023-07-01T00:17:00+00:00, run_after=2023-07-01T00:18:00+00:00
[2023-07-01T00:18:17.258+0000] {processor.py:175} INFO - Processing /home/airflow/.local/lib/python3.7/site-packages/airflow/example_dags/example_branch_python_dop_operator_3.py took 0.070 seconds
[2023-07-01T00:18:48.175+0000] {processor.py:153} INFO - Started process (PID=53482) to work on /home/airflow/.local/lib/python3.7/site-packages/airflow/example_dags/example_branch_python_dop_operator_3.py
[2023-07-01T00:18:48.178+0000] {processor.py:743} INFO - Processing file /home/airflow/.local/lib/python3.7/site-packages/airflow/example_dags/example_branch_python_dop_operator_3.py for tasks to queue
[2023-07-01T00:18:48.179+0000] {logging_mixin.py:137} INFO - [2023-07-01T00:18:48.179+0000] {dagbag.py:532} INFO - Filling up the DagBag from /home/airflow/.local/lib/python3.7/site-packages/airflow/example_dags/example_branch_python_dop_operator_3.py
[2023-07-01T00:18:48.204+0000] {processor.py:753} INFO - DAG(s) dict_keys(['example_branch_dop_operator_v3']) retrieved from /home/airflow/.local/lib/python3.7/site-packages/airflow/example_dags/example_branch_python_dop_operator_3.py
[2023-07-01T00:18:48.232+0000] {logging_mixin.py:137} INFO - [2023-07-01T00:18:48.232+0000] {dag.py:2705} INFO - Sync 1 DAGs
[2023-07-01T00:18:48.253+0000] {logging_mixin.py:137} INFO - [2023-07-01T00:18:48.253+0000] {dag.py:3456} INFO - Setting next_dagrun for example_branch_dop_operator_v3 to 2023-07-01T00:17:00+00:00, run_after=2023-07-01T00:18:00+00:00
[2023-07-01T00:18:48.266+0000] {processor.py:175} INFO - Processing /home/airflow/.local/lib/python3.7/site-packages/airflow/example_dags/example_branch_python_dop_operator_3.py took 0.099 seconds
[2023-07-01T00:19:18.407+0000] {processor.py:153} INFO - Started process (PID=53540) to work on /home/airflow/.local/lib/python3.7/site-packages/airflow/example_dags/example_branch_python_dop_operator_3.py
[2023-07-01T00:19:18.409+0000] {processor.py:743} INFO - Processing file /home/airflow/.local/lib/python3.7/site-packages/airflow/example_dags/example_branch_python_dop_operator_3.py for tasks to queue
[2023-07-01T00:19:18.409+0000] {logging_mixin.py:137} INFO - [2023-07-01T00:19:18.409+0000] {dagbag.py:532} INFO - Filling up the DagBag from /home/airflow/.local/lib/python3.7/site-packages/airflow/example_dags/example_branch_python_dop_operator_3.py
[2023-07-01T00:19:18.424+0000] {processor.py:753} INFO - DAG(s) dict_keys(['example_branch_dop_operator_v3']) retrieved from /home/airflow/.local/lib/python3.7/site-packages/airflow/example_dags/example_branch_python_dop_operator_3.py
[2023-07-01T00:19:18.444+0000] {logging_mixin.py:137} INFO - [2023-07-01T00:19:18.444+0000] {dag.py:2705} INFO - Sync 1 DAGs
[2023-07-01T00:19:18.460+0000] {logging_mixin.py:137} INFO - [2023-07-01T00:19:18.460+0000] {dag.py:3456} INFO - Setting next_dagrun for example_branch_dop_operator_v3 to 2023-07-01T00:18:00+00:00, run_after=2023-07-01T00:19:00+00:00
[2023-07-01T00:19:18.470+0000] {processor.py:175} INFO - Processing /home/airflow/.local/lib/python3.7/site-packages/airflow/example_dags/example_branch_python_dop_operator_3.py took 0.066 seconds
[2023-07-01T00:19:48.948+0000] {processor.py:153} INFO - Started process (PID=53597) to work on /home/airflow/.local/lib/python3.7/site-packages/airflow/example_dags/example_branch_python_dop_operator_3.py
[2023-07-01T00:19:48.949+0000] {processor.py:743} INFO - Processing file /home/airflow/.local/lib/python3.7/site-packages/airflow/example_dags/example_branch_python_dop_operator_3.py for tasks to queue
[2023-07-01T00:19:48.950+0000] {logging_mixin.py:137} INFO - [2023-07-01T00:19:48.950+0000] {dagbag.py:532} INFO - Filling up the DagBag from /home/airflow/.local/lib/python3.7/site-packages/airflow/example_dags/example_branch_python_dop_operator_3.py
[2023-07-01T00:19:48.972+0000] {processor.py:753} INFO - DAG(s) dict_keys(['example_branch_dop_operator_v3']) retrieved from /home/airflow/.local/lib/python3.7/site-packages/airflow/example_dags/example_branch_python_dop_operator_3.py
[2023-07-01T00:19:48.998+0000] {logging_mixin.py:137} INFO - [2023-07-01T00:19:48.997+0000] {dag.py:2705} INFO - Sync 1 DAGs
[2023-07-01T00:19:49.020+0000] {logging_mixin.py:137} INFO - [2023-07-01T00:19:49.019+0000] {dag.py:3456} INFO - Setting next_dagrun for example_branch_dop_operator_v3 to 2023-07-01T00:18:00+00:00, run_after=2023-07-01T00:19:00+00:00
[2023-07-01T00:19:49.030+0000] {processor.py:175} INFO - Processing /home/airflow/.local/lib/python3.7/site-packages/airflow/example_dags/example_branch_python_dop_operator_3.py took 0.089 seconds
[2023-07-01T00:20:19.265+0000] {processor.py:153} INFO - Started process (PID=53654) to work on /home/airflow/.local/lib/python3.7/site-packages/airflow/example_dags/example_branch_python_dop_operator_3.py
[2023-07-01T00:20:19.266+0000] {processor.py:743} INFO - Processing file /home/airflow/.local/lib/python3.7/site-packages/airflow/example_dags/example_branch_python_dop_operator_3.py for tasks to queue
[2023-07-01T00:20:19.266+0000] {logging_mixin.py:137} INFO - [2023-07-01T00:20:19.266+0000] {dagbag.py:532} INFO - Filling up the DagBag from /home/airflow/.local/lib/python3.7/site-packages/airflow/example_dags/example_branch_python_dop_operator_3.py
[2023-07-01T00:20:19.281+0000] {processor.py:753} INFO - DAG(s) dict_keys(['example_branch_dop_operator_v3']) retrieved from /home/airflow/.local/lib/python3.7/site-packages/airflow/example_dags/example_branch_python_dop_operator_3.py
[2023-07-01T00:20:19.301+0000] {logging_mixin.py:137} INFO - [2023-07-01T00:20:19.300+0000] {dag.py:2705} INFO - Sync 1 DAGs
[2023-07-01T00:20:19.320+0000] {logging_mixin.py:137} INFO - [2023-07-01T00:20:19.320+0000] {dag.py:3456} INFO - Setting next_dagrun for example_branch_dop_operator_v3 to 2023-07-01T00:19:00+00:00, run_after=2023-07-01T00:20:00+00:00
[2023-07-01T00:20:19.342+0000] {processor.py:175} INFO - Processing /home/airflow/.local/lib/python3.7/site-packages/airflow/example_dags/example_branch_python_dop_operator_3.py took 0.080 seconds
[2023-07-01T00:20:49.453+0000] {processor.py:153} INFO - Started process (PID=53712) to work on /home/airflow/.local/lib/python3.7/site-packages/airflow/example_dags/example_branch_python_dop_operator_3.py
[2023-07-01T00:20:49.454+0000] {processor.py:743} INFO - Processing file /home/airflow/.local/lib/python3.7/site-packages/airflow/example_dags/example_branch_python_dop_operator_3.py for tasks to queue
[2023-07-01T00:20:49.454+0000] {logging_mixin.py:137} INFO - [2023-07-01T00:20:49.454+0000] {dagbag.py:532} INFO - Filling up the DagBag from /home/airflow/.local/lib/python3.7/site-packages/airflow/example_dags/example_branch_python_dop_operator_3.py
[2023-07-01T00:20:49.469+0000] {processor.py:753} INFO - DAG(s) dict_keys(['example_branch_dop_operator_v3']) retrieved from /home/airflow/.local/lib/python3.7/site-packages/airflow/example_dags/example_branch_python_dop_operator_3.py
[2023-07-01T00:20:49.489+0000] {logging_mixin.py:137} INFO - [2023-07-01T00:20:49.489+0000] {dag.py:2705} INFO - Sync 1 DAGs
[2023-07-01T00:20:49.506+0000] {logging_mixin.py:137} INFO - [2023-07-01T00:20:49.506+0000] {dag.py:3456} INFO - Setting next_dagrun for example_branch_dop_operator_v3 to 2023-07-01T00:19:00+00:00, run_after=2023-07-01T00:20:00+00:00
[2023-07-01T00:20:49.516+0000] {processor.py:175} INFO - Processing /home/airflow/.local/lib/python3.7/site-packages/airflow/example_dags/example_branch_python_dop_operator_3.py took 0.065 seconds
[2023-07-01T00:21:19.581+0000] {processor.py:153} INFO - Started process (PID=53769) to work on /home/airflow/.local/lib/python3.7/site-packages/airflow/example_dags/example_branch_python_dop_operator_3.py
[2023-07-01T00:21:19.582+0000] {processor.py:743} INFO - Processing file /home/airflow/.local/lib/python3.7/site-packages/airflow/example_dags/example_branch_python_dop_operator_3.py for tasks to queue
[2023-07-01T00:21:19.583+0000] {logging_mixin.py:137} INFO - [2023-07-01T00:21:19.583+0000] {dagbag.py:532} INFO - Filling up the DagBag from /home/airflow/.local/lib/python3.7/site-packages/airflow/example_dags/example_branch_python_dop_operator_3.py
[2023-07-01T00:21:19.600+0000] {processor.py:753} INFO - DAG(s) dict_keys(['example_branch_dop_operator_v3']) retrieved from /home/airflow/.local/lib/python3.7/site-packages/airflow/example_dags/example_branch_python_dop_operator_3.py
[2023-07-01T00:21:19.618+0000] {logging_mixin.py:137} INFO - [2023-07-01T00:21:19.618+0000] {dag.py:2705} INFO - Sync 1 DAGs
[2023-07-01T00:21:19.640+0000] {logging_mixin.py:137} INFO - [2023-07-01T00:21:19.640+0000] {dag.py:3456} INFO - Setting next_dagrun for example_branch_dop_operator_v3 to 2023-07-01T00:20:00+00:00, run_after=2023-07-01T00:21:00+00:00
[2023-07-01T00:21:19.654+0000] {processor.py:175} INFO - Processing /home/airflow/.local/lib/python3.7/site-packages/airflow/example_dags/example_branch_python_dop_operator_3.py took 0.075 seconds
[2023-07-01T00:21:50.431+0000] {processor.py:153} INFO - Started process (PID=53827) to work on /home/airflow/.local/lib/python3.7/site-packages/airflow/example_dags/example_branch_python_dop_operator_3.py
[2023-07-01T00:21:50.432+0000] {processor.py:743} INFO - Processing file /home/airflow/.local/lib/python3.7/site-packages/airflow/example_dags/example_branch_python_dop_operator_3.py for tasks to queue
[2023-07-01T00:21:50.433+0000] {logging_mixin.py:137} INFO - [2023-07-01T00:21:50.433+0000] {dagbag.py:532} INFO - Filling up the DagBag from /home/airflow/.local/lib/python3.7/site-packages/airflow/example_dags/example_branch_python_dop_operator_3.py
[2023-07-01T00:21:50.448+0000] {processor.py:753} INFO - DAG(s) dict_keys(['example_branch_dop_operator_v3']) retrieved from /home/airflow/.local/lib/python3.7/site-packages/airflow/example_dags/example_branch_python_dop_operator_3.py
[2023-07-01T00:21:50.466+0000] {logging_mixin.py:137} INFO - [2023-07-01T00:21:50.466+0000] {dag.py:2705} INFO - Sync 1 DAGs
[2023-07-01T00:21:50.482+0000] {logging_mixin.py:137} INFO - [2023-07-01T00:21:50.482+0000] {dag.py:3456} INFO - Setting next_dagrun for example_branch_dop_operator_v3 to 2023-07-01T00:20:00+00:00, run_after=2023-07-01T00:21:00+00:00
[2023-07-01T00:21:50.491+0000] {processor.py:175} INFO - Processing /home/airflow/.local/lib/python3.7/site-packages/airflow/example_dags/example_branch_python_dop_operator_3.py took 0.063 seconds
[2023-07-01T00:22:21.343+0000] {processor.py:153} INFO - Started process (PID=53884) to work on /home/airflow/.local/lib/python3.7/site-packages/airflow/example_dags/example_branch_python_dop_operator_3.py
[2023-07-01T00:22:21.345+0000] {processor.py:743} INFO - Processing file /home/airflow/.local/lib/python3.7/site-packages/airflow/example_dags/example_branch_python_dop_operator_3.py for tasks to queue
[2023-07-01T00:22:21.345+0000] {logging_mixin.py:137} INFO - [2023-07-01T00:22:21.345+0000] {dagbag.py:532} INFO - Filling up the DagBag from /home/airflow/.local/lib/python3.7/site-packages/airflow/example_dags/example_branch_python_dop_operator_3.py
[2023-07-01T00:22:21.362+0000] {processor.py:753} INFO - DAG(s) dict_keys(['example_branch_dop_operator_v3']) retrieved from /home/airflow/.local/lib/python3.7/site-packages/airflow/example_dags/example_branch_python_dop_operator_3.py
[2023-07-01T00:22:21.380+0000] {logging_mixin.py:137} INFO - [2023-07-01T00:22:21.380+0000] {dag.py:2705} INFO - Sync 1 DAGs
[2023-07-01T00:22:21.396+0000] {logging_mixin.py:137} INFO - [2023-07-01T00:22:21.396+0000] {dag.py:3456} INFO - Setting next_dagrun for example_branch_dop_operator_v3 to 2023-07-01T00:21:00+00:00, run_after=2023-07-01T00:22:00+00:00
[2023-07-01T00:22:21.406+0000] {processor.py:175} INFO - Processing /home/airflow/.local/lib/python3.7/site-packages/airflow/example_dags/example_branch_python_dop_operator_3.py took 0.066 seconds
[2023-07-01T00:22:51.830+0000] {processor.py:153} INFO - Started process (PID=53941) to work on /home/airflow/.local/lib/python3.7/site-packages/airflow/example_dags/example_branch_python_dop_operator_3.py
[2023-07-01T00:22:51.831+0000] {processor.py:743} INFO - Processing file /home/airflow/.local/lib/python3.7/site-packages/airflow/example_dags/example_branch_python_dop_operator_3.py for tasks to queue
[2023-07-01T00:22:51.831+0000] {logging_mixin.py:137} INFO - [2023-07-01T00:22:51.831+0000] {dagbag.py:532} INFO - Filling up the DagBag from /home/airflow/.local/lib/python3.7/site-packages/airflow/example_dags/example_branch_python_dop_operator_3.py
[2023-07-01T00:22:51.849+0000] {processor.py:753} INFO - DAG(s) dict_keys(['example_branch_dop_operator_v3']) retrieved from /home/airflow/.local/lib/python3.7/site-packages/airflow/example_dags/example_branch_python_dop_operator_3.py
[2023-07-01T00:22:51.877+0000] {logging_mixin.py:137} INFO - [2023-07-01T00:22:51.877+0000] {dag.py:2705} INFO - Sync 1 DAGs
[2023-07-01T00:22:51.898+0000] {logging_mixin.py:137} INFO - [2023-07-01T00:22:51.898+0000] {dag.py:3456} INFO - Setting next_dagrun for example_branch_dop_operator_v3 to 2023-07-01T00:21:00+00:00, run_after=2023-07-01T00:22:00+00:00
[2023-07-01T00:22:51.908+0000] {processor.py:175} INFO - Processing /home/airflow/.local/lib/python3.7/site-packages/airflow/example_dags/example_branch_python_dop_operator_3.py took 0.081 seconds
[2023-07-01T00:23:22.571+0000] {processor.py:153} INFO - Started process (PID=53998) to work on /home/airflow/.local/lib/python3.7/site-packages/airflow/example_dags/example_branch_python_dop_operator_3.py
[2023-07-01T00:23:22.572+0000] {processor.py:743} INFO - Processing file /home/airflow/.local/lib/python3.7/site-packages/airflow/example_dags/example_branch_python_dop_operator_3.py for tasks to queue
[2023-07-01T00:23:22.573+0000] {logging_mixin.py:137} INFO - [2023-07-01T00:23:22.573+0000] {dagbag.py:532} INFO - Filling up the DagBag from /home/airflow/.local/lib/python3.7/site-packages/airflow/example_dags/example_branch_python_dop_operator_3.py
[2023-07-01T00:23:22.590+0000] {processor.py:753} INFO - DAG(s) dict_keys(['example_branch_dop_operator_v3']) retrieved from /home/airflow/.local/lib/python3.7/site-packages/airflow/example_dags/example_branch_python_dop_operator_3.py
[2023-07-01T00:23:22.607+0000] {logging_mixin.py:137} INFO - [2023-07-01T00:23:22.607+0000] {dag.py:2705} INFO - Sync 1 DAGs
[2023-07-01T00:23:22.623+0000] {logging_mixin.py:137} INFO - [2023-07-01T00:23:22.623+0000] {dag.py:3456} INFO - Setting next_dagrun for example_branch_dop_operator_v3 to 2023-07-01T00:22:00+00:00, run_after=2023-07-01T00:23:00+00:00
[2023-07-01T00:23:22.633+0000] {processor.py:175} INFO - Processing /home/airflow/.local/lib/python3.7/site-packages/airflow/example_dags/example_branch_python_dop_operator_3.py took 0.065 seconds
[2023-07-01T00:23:53.447+0000] {processor.py:153} INFO - Started process (PID=54055) to work on /home/airflow/.local/lib/python3.7/site-packages/airflow/example_dags/example_branch_python_dop_operator_3.py
[2023-07-01T00:23:53.448+0000] {processor.py:743} INFO - Processing file /home/airflow/.local/lib/python3.7/site-packages/airflow/example_dags/example_branch_python_dop_operator_3.py for tasks to queue
[2023-07-01T00:23:53.449+0000] {logging_mixin.py:137} INFO - [2023-07-01T00:23:53.448+0000] {dagbag.py:532} INFO - Filling up the DagBag from /home/airflow/.local/lib/python3.7/site-packages/airflow/example_dags/example_branch_python_dop_operator_3.py
[2023-07-01T00:23:53.464+0000] {processor.py:753} INFO - DAG(s) dict_keys(['example_branch_dop_operator_v3']) retrieved from /home/airflow/.local/lib/python3.7/site-packages/airflow/example_dags/example_branch_python_dop_operator_3.py
[2023-07-01T00:23:53.482+0000] {logging_mixin.py:137} INFO - [2023-07-01T00:23:53.482+0000] {dag.py:2705} INFO - Sync 1 DAGs
[2023-07-01T00:23:53.499+0000] {logging_mixin.py:137} INFO - [2023-07-01T00:23:53.499+0000] {dag.py:3456} INFO - Setting next_dagrun for example_branch_dop_operator_v3 to 2023-07-01T00:22:00+00:00, run_after=2023-07-01T00:23:00+00:00
[2023-07-01T00:23:53.509+0000] {processor.py:175} INFO - Processing /home/airflow/.local/lib/python3.7/site-packages/airflow/example_dags/example_branch_python_dop_operator_3.py took 0.064 seconds
[2023-07-01T00:24:24.090+0000] {processor.py:153} INFO - Started process (PID=54112) to work on /home/airflow/.local/lib/python3.7/site-packages/airflow/example_dags/example_branch_python_dop_operator_3.py
[2023-07-01T00:24:24.091+0000] {processor.py:743} INFO - Processing file /home/airflow/.local/lib/python3.7/site-packages/airflow/example_dags/example_branch_python_dop_operator_3.py for tasks to queue
[2023-07-01T00:24:24.091+0000] {logging_mixin.py:137} INFO - [2023-07-01T00:24:24.091+0000] {dagbag.py:532} INFO - Filling up the DagBag from /home/airflow/.local/lib/python3.7/site-packages/airflow/example_dags/example_branch_python_dop_operator_3.py
[2023-07-01T00:24:24.107+0000] {processor.py:753} INFO - DAG(s) dict_keys(['example_branch_dop_operator_v3']) retrieved from /home/airflow/.local/lib/python3.7/site-packages/airflow/example_dags/example_branch_python_dop_operator_3.py
[2023-07-01T00:24:24.127+0000] {logging_mixin.py:137} INFO - [2023-07-01T00:24:24.127+0000] {dag.py:2705} INFO - Sync 1 DAGs
[2023-07-01T00:24:24.143+0000] {logging_mixin.py:137} INFO - [2023-07-01T00:24:24.143+0000] {dag.py:3456} INFO - Setting next_dagrun for example_branch_dop_operator_v3 to 2023-07-01T00:23:00+00:00, run_after=2023-07-01T00:24:00+00:00
[2023-07-01T00:24:24.154+0000] {processor.py:175} INFO - Processing /home/airflow/.local/lib/python3.7/site-packages/airflow/example_dags/example_branch_python_dop_operator_3.py took 0.067 seconds
[2023-07-01T00:24:54.876+0000] {processor.py:153} INFO - Started process (PID=54168) to work on /home/airflow/.local/lib/python3.7/site-packages/airflow/example_dags/example_branch_python_dop_operator_3.py
[2023-07-01T00:24:54.878+0000] {processor.py:743} INFO - Processing file /home/airflow/.local/lib/python3.7/site-packages/airflow/example_dags/example_branch_python_dop_operator_3.py for tasks to queue
[2023-07-01T00:24:54.878+0000] {logging_mixin.py:137} INFO - [2023-07-01T00:24:54.878+0000] {dagbag.py:532} INFO - Filling up the DagBag from /home/airflow/.local/lib/python3.7/site-packages/airflow/example_dags/example_branch_python_dop_operator_3.py
[2023-07-01T00:24:54.894+0000] {processor.py:753} INFO - DAG(s) dict_keys(['example_branch_dop_operator_v3']) retrieved from /home/airflow/.local/lib/python3.7/site-packages/airflow/example_dags/example_branch_python_dop_operator_3.py
[2023-07-01T00:24:54.914+0000] {logging_mixin.py:137} INFO - [2023-07-01T00:24:54.914+0000] {dag.py:2705} INFO - Sync 1 DAGs
[2023-07-01T00:24:54.931+0000] {logging_mixin.py:137} INFO - [2023-07-01T00:24:54.931+0000] {dag.py:3456} INFO - Setting next_dagrun for example_branch_dop_operator_v3 to 2023-07-01T00:23:00+00:00, run_after=2023-07-01T00:24:00+00:00
[2023-07-01T00:24:54.941+0000] {processor.py:175} INFO - Processing /home/airflow/.local/lib/python3.7/site-packages/airflow/example_dags/example_branch_python_dop_operator_3.py took 0.067 seconds
[2023-07-01T00:25:25.154+0000] {processor.py:153} INFO - Started process (PID=54225) to work on /home/airflow/.local/lib/python3.7/site-packages/airflow/example_dags/example_branch_python_dop_operator_3.py
[2023-07-01T00:25:25.155+0000] {processor.py:743} INFO - Processing file /home/airflow/.local/lib/python3.7/site-packages/airflow/example_dags/example_branch_python_dop_operator_3.py for tasks to queue
[2023-07-01T00:25:25.155+0000] {logging_mixin.py:137} INFO - [2023-07-01T00:25:25.155+0000] {dagbag.py:532} INFO - Filling up the DagBag from /home/airflow/.local/lib/python3.7/site-packages/airflow/example_dags/example_branch_python_dop_operator_3.py
[2023-07-01T00:25:25.172+0000] {processor.py:753} INFO - DAG(s) dict_keys(['example_branch_dop_operator_v3']) retrieved from /home/airflow/.local/lib/python3.7/site-packages/airflow/example_dags/example_branch_python_dop_operator_3.py
[2023-07-01T00:25:25.190+0000] {logging_mixin.py:137} INFO - [2023-07-01T00:25:25.190+0000] {dag.py:2705} INFO - Sync 1 DAGs
[2023-07-01T00:25:25.206+0000] {logging_mixin.py:137} INFO - [2023-07-01T00:25:25.206+0000] {dag.py:3456} INFO - Setting next_dagrun for example_branch_dop_operator_v3 to 2023-07-01T00:24:00+00:00, run_after=2023-07-01T00:25:00+00:00
[2023-07-01T00:25:25.216+0000] {processor.py:175} INFO - Processing /home/airflow/.local/lib/python3.7/site-packages/airflow/example_dags/example_branch_python_dop_operator_3.py took 0.065 seconds
[2023-07-01T00:25:55.370+0000] {processor.py:153} INFO - Started process (PID=54283) to work on /home/airflow/.local/lib/python3.7/site-packages/airflow/example_dags/example_branch_python_dop_operator_3.py
[2023-07-01T00:25:55.371+0000] {processor.py:743} INFO - Processing file /home/airflow/.local/lib/python3.7/site-packages/airflow/example_dags/example_branch_python_dop_operator_3.py for tasks to queue
[2023-07-01T00:25:55.372+0000] {logging_mixin.py:137} INFO - [2023-07-01T00:25:55.372+0000] {dagbag.py:532} INFO - Filling up the DagBag from /home/airflow/.local/lib/python3.7/site-packages/airflow/example_dags/example_branch_python_dop_operator_3.py
[2023-07-01T00:25:55.388+0000] {processor.py:753} INFO - DAG(s) dict_keys(['example_branch_dop_operator_v3']) retrieved from /home/airflow/.local/lib/python3.7/site-packages/airflow/example_dags/example_branch_python_dop_operator_3.py
[2023-07-01T00:25:55.406+0000] {logging_mixin.py:137} INFO - [2023-07-01T00:25:55.406+0000] {dag.py:2705} INFO - Sync 1 DAGs
[2023-07-01T00:25:55.423+0000] {logging_mixin.py:137} INFO - [2023-07-01T00:25:55.423+0000] {dag.py:3456} INFO - Setting next_dagrun for example_branch_dop_operator_v3 to 2023-07-01T00:24:00+00:00, run_after=2023-07-01T00:25:00+00:00
[2023-07-01T00:25:55.436+0000] {processor.py:175} INFO - Processing /home/airflow/.local/lib/python3.7/site-packages/airflow/example_dags/example_branch_python_dop_operator_3.py took 0.068 seconds
[2023-07-01T00:26:26.354+0000] {processor.py:153} INFO - Started process (PID=54340) to work on /home/airflow/.local/lib/python3.7/site-packages/airflow/example_dags/example_branch_python_dop_operator_3.py
[2023-07-01T00:26:26.355+0000] {processor.py:743} INFO - Processing file /home/airflow/.local/lib/python3.7/site-packages/airflow/example_dags/example_branch_python_dop_operator_3.py for tasks to queue
[2023-07-01T00:26:26.356+0000] {logging_mixin.py:137} INFO - [2023-07-01T00:26:26.356+0000] {dagbag.py:532} INFO - Filling up the DagBag from /home/airflow/.local/lib/python3.7/site-packages/airflow/example_dags/example_branch_python_dop_operator_3.py
[2023-07-01T00:26:26.372+0000] {processor.py:753} INFO - DAG(s) dict_keys(['example_branch_dop_operator_v3']) retrieved from /home/airflow/.local/lib/python3.7/site-packages/airflow/example_dags/example_branch_python_dop_operator_3.py
[2023-07-01T00:26:26.391+0000] {logging_mixin.py:137} INFO - [2023-07-01T00:26:26.391+0000] {dag.py:2705} INFO - Sync 1 DAGs
[2023-07-01T00:26:26.407+0000] {logging_mixin.py:137} INFO - [2023-07-01T00:26:26.407+0000] {dag.py:3456} INFO - Setting next_dagrun for example_branch_dop_operator_v3 to 2023-07-01T00:25:00+00:00, run_after=2023-07-01T00:26:00+00:00
[2023-07-01T00:26:26.417+0000] {processor.py:175} INFO - Processing /home/airflow/.local/lib/python3.7/site-packages/airflow/example_dags/example_branch_python_dop_operator_3.py took 0.065 seconds
[2023-07-01T00:26:57.100+0000] {processor.py:153} INFO - Started process (PID=54397) to work on /home/airflow/.local/lib/python3.7/site-packages/airflow/example_dags/example_branch_python_dop_operator_3.py
[2023-07-01T00:26:57.101+0000] {processor.py:743} INFO - Processing file /home/airflow/.local/lib/python3.7/site-packages/airflow/example_dags/example_branch_python_dop_operator_3.py for tasks to queue
[2023-07-01T00:26:57.101+0000] {logging_mixin.py:137} INFO - [2023-07-01T00:26:57.101+0000] {dagbag.py:532} INFO - Filling up the DagBag from /home/airflow/.local/lib/python3.7/site-packages/airflow/example_dags/example_branch_python_dop_operator_3.py
[2023-07-01T00:26:57.118+0000] {processor.py:753} INFO - DAG(s) dict_keys(['example_branch_dop_operator_v3']) retrieved from /home/airflow/.local/lib/python3.7/site-packages/airflow/example_dags/example_branch_python_dop_operator_3.py
[2023-07-01T00:26:57.144+0000] {logging_mixin.py:137} INFO - [2023-07-01T00:26:57.143+0000] {dag.py:2705} INFO - Sync 1 DAGs
[2023-07-01T00:26:57.162+0000] {logging_mixin.py:137} INFO - [2023-07-01T00:26:57.162+0000] {dag.py:3456} INFO - Setting next_dagrun for example_branch_dop_operator_v3 to 2023-07-01T00:25:00+00:00, run_after=2023-07-01T00:26:00+00:00
[2023-07-01T00:26:57.173+0000] {processor.py:175} INFO - Processing /home/airflow/.local/lib/python3.7/site-packages/airflow/example_dags/example_branch_python_dop_operator_3.py took 0.076 seconds
[2023-07-01T00:27:28.127+0000] {processor.py:153} INFO - Started process (PID=54454) to work on /home/airflow/.local/lib/python3.7/site-packages/airflow/example_dags/example_branch_python_dop_operator_3.py
[2023-07-01T00:27:28.128+0000] {processor.py:743} INFO - Processing file /home/airflow/.local/lib/python3.7/site-packages/airflow/example_dags/example_branch_python_dop_operator_3.py for tasks to queue
[2023-07-01T00:27:28.129+0000] {logging_mixin.py:137} INFO - [2023-07-01T00:27:28.129+0000] {dagbag.py:532} INFO - Filling up the DagBag from /home/airflow/.local/lib/python3.7/site-packages/airflow/example_dags/example_branch_python_dop_operator_3.py
[2023-07-01T00:27:28.144+0000] {processor.py:753} INFO - DAG(s) dict_keys(['example_branch_dop_operator_v3']) retrieved from /home/airflow/.local/lib/python3.7/site-packages/airflow/example_dags/example_branch_python_dop_operator_3.py
[2023-07-01T00:27:28.162+0000] {logging_mixin.py:137} INFO - [2023-07-01T00:27:28.162+0000] {dag.py:2705} INFO - Sync 1 DAGs
[2023-07-01T00:27:28.179+0000] {logging_mixin.py:137} INFO - [2023-07-01T00:27:28.179+0000] {dag.py:3456} INFO - Setting next_dagrun for example_branch_dop_operator_v3 to 2023-07-01T00:26:00+00:00, run_after=2023-07-01T00:27:00+00:00
[2023-07-01T00:27:28.188+0000] {processor.py:175} INFO - Processing /home/airflow/.local/lib/python3.7/site-packages/airflow/example_dags/example_branch_python_dop_operator_3.py took 0.064 seconds
[2023-07-01T00:27:58.862+0000] {processor.py:153} INFO - Started process (PID=54510) to work on /home/airflow/.local/lib/python3.7/site-packages/airflow/example_dags/example_branch_python_dop_operator_3.py
[2023-07-01T00:27:58.863+0000] {processor.py:743} INFO - Processing file /home/airflow/.local/lib/python3.7/site-packages/airflow/example_dags/example_branch_python_dop_operator_3.py for tasks to queue
[2023-07-01T00:27:58.864+0000] {logging_mixin.py:137} INFO - [2023-07-01T00:27:58.864+0000] {dagbag.py:532} INFO - Filling up the DagBag from /home/airflow/.local/lib/python3.7/site-packages/airflow/example_dags/example_branch_python_dop_operator_3.py
[2023-07-01T00:27:58.879+0000] {processor.py:753} INFO - DAG(s) dict_keys(['example_branch_dop_operator_v3']) retrieved from /home/airflow/.local/lib/python3.7/site-packages/airflow/example_dags/example_branch_python_dop_operator_3.py
[2023-07-01T00:27:58.898+0000] {logging_mixin.py:137} INFO - [2023-07-01T00:27:58.898+0000] {dag.py:2705} INFO - Sync 1 DAGs
[2023-07-01T00:27:58.914+0000] {logging_mixin.py:137} INFO - [2023-07-01T00:27:58.914+0000] {dag.py:3456} INFO - Setting next_dagrun for example_branch_dop_operator_v3 to 2023-07-01T00:26:00+00:00, run_after=2023-07-01T00:27:00+00:00
[2023-07-01T00:27:58.924+0000] {processor.py:175} INFO - Processing /home/airflow/.local/lib/python3.7/site-packages/airflow/example_dags/example_branch_python_dop_operator_3.py took 0.064 seconds
[2023-07-01T00:28:29.664+0000] {processor.py:153} INFO - Started process (PID=54567) to work on /home/airflow/.local/lib/python3.7/site-packages/airflow/example_dags/example_branch_python_dop_operator_3.py
[2023-07-01T00:28:29.665+0000] {processor.py:743} INFO - Processing file /home/airflow/.local/lib/python3.7/site-packages/airflow/example_dags/example_branch_python_dop_operator_3.py for tasks to queue
[2023-07-01T00:28:29.665+0000] {logging_mixin.py:137} INFO - [2023-07-01T00:28:29.665+0000] {dagbag.py:532} INFO - Filling up the DagBag from /home/airflow/.local/lib/python3.7/site-packages/airflow/example_dags/example_branch_python_dop_operator_3.py
[2023-07-01T00:28:29.682+0000] {processor.py:753} INFO - DAG(s) dict_keys(['example_branch_dop_operator_v3']) retrieved from /home/airflow/.local/lib/python3.7/site-packages/airflow/example_dags/example_branch_python_dop_operator_3.py
[2023-07-01T00:28:29.701+0000] {logging_mixin.py:137} INFO - [2023-07-01T00:28:29.701+0000] {dag.py:2705} INFO - Sync 1 DAGs
[2023-07-01T00:28:29.717+0000] {logging_mixin.py:137} INFO - [2023-07-01T00:28:29.717+0000] {dag.py:3456} INFO - Setting next_dagrun for example_branch_dop_operator_v3 to 2023-07-01T00:27:00+00:00, run_after=2023-07-01T00:28:00+00:00
[2023-07-01T00:28:29.727+0000] {processor.py:175} INFO - Processing /home/airflow/.local/lib/python3.7/site-packages/airflow/example_dags/example_branch_python_dop_operator_3.py took 0.065 seconds
[2023-07-01T00:29:00.420+0000] {processor.py:153} INFO - Started process (PID=54625) to work on /home/airflow/.local/lib/python3.7/site-packages/airflow/example_dags/example_branch_python_dop_operator_3.py
[2023-07-01T00:29:00.421+0000] {processor.py:743} INFO - Processing file /home/airflow/.local/lib/python3.7/site-packages/airflow/example_dags/example_branch_python_dop_operator_3.py for tasks to queue
[2023-07-01T00:29:00.421+0000] {logging_mixin.py:137} INFO - [2023-07-01T00:29:00.421+0000] {dagbag.py:532} INFO - Filling up the DagBag from /home/airflow/.local/lib/python3.7/site-packages/airflow/example_dags/example_branch_python_dop_operator_3.py
[2023-07-01T00:29:00.437+0000] {processor.py:753} INFO - DAG(s) dict_keys(['example_branch_dop_operator_v3']) retrieved from /home/airflow/.local/lib/python3.7/site-packages/airflow/example_dags/example_branch_python_dop_operator_3.py
[2023-07-01T00:29:00.455+0000] {logging_mixin.py:137} INFO - [2023-07-01T00:29:00.455+0000] {dag.py:2705} INFO - Sync 1 DAGs
[2023-07-01T00:29:00.471+0000] {logging_mixin.py:137} INFO - [2023-07-01T00:29:00.471+0000] {dag.py:3456} INFO - Setting next_dagrun for example_branch_dop_operator_v3 to 2023-07-01T00:28:00+00:00, run_after=2023-07-01T00:29:00+00:00
[2023-07-01T00:29:00.481+0000] {processor.py:175} INFO - Processing /home/airflow/.local/lib/python3.7/site-packages/airflow/example_dags/example_branch_python_dop_operator_3.py took 0.064 seconds
[2023-07-01T00:29:31.433+0000] {processor.py:153} INFO - Started process (PID=54682) to work on /home/airflow/.local/lib/python3.7/site-packages/airflow/example_dags/example_branch_python_dop_operator_3.py
[2023-07-01T00:29:31.433+0000] {processor.py:743} INFO - Processing file /home/airflow/.local/lib/python3.7/site-packages/airflow/example_dags/example_branch_python_dop_operator_3.py for tasks to queue
[2023-07-01T00:29:31.434+0000] {logging_mixin.py:137} INFO - [2023-07-01T00:29:31.434+0000] {dagbag.py:532} INFO - Filling up the DagBag from /home/airflow/.local/lib/python3.7/site-packages/airflow/example_dags/example_branch_python_dop_operator_3.py
[2023-07-01T00:29:31.448+0000] {processor.py:753} INFO - DAG(s) dict_keys(['example_branch_dop_operator_v3']) retrieved from /home/airflow/.local/lib/python3.7/site-packages/airflow/example_dags/example_branch_python_dop_operator_3.py
[2023-07-01T00:29:31.467+0000] {logging_mixin.py:137} INFO - [2023-07-01T00:29:31.467+0000] {dag.py:2705} INFO - Sync 1 DAGs
[2023-07-01T00:29:31.484+0000] {logging_mixin.py:137} INFO - [2023-07-01T00:29:31.484+0000] {dag.py:3456} INFO - Setting next_dagrun for example_branch_dop_operator_v3 to 2023-07-01T00:28:00+00:00, run_after=2023-07-01T00:29:00+00:00
[2023-07-01T00:29:31.494+0000] {processor.py:175} INFO - Processing /home/airflow/.local/lib/python3.7/site-packages/airflow/example_dags/example_branch_python_dop_operator_3.py took 0.064 seconds
[2023-07-01T00:30:01.586+0000] {processor.py:153} INFO - Started process (PID=54740) to work on /home/airflow/.local/lib/python3.7/site-packages/airflow/example_dags/example_branch_python_dop_operator_3.py
[2023-07-01T00:30:01.587+0000] {processor.py:743} INFO - Processing file /home/airflow/.local/lib/python3.7/site-packages/airflow/example_dags/example_branch_python_dop_operator_3.py for tasks to queue
[2023-07-01T00:30:01.588+0000] {logging_mixin.py:137} INFO - [2023-07-01T00:30:01.588+0000] {dagbag.py:532} INFO - Filling up the DagBag from /home/airflow/.local/lib/python3.7/site-packages/airflow/example_dags/example_branch_python_dop_operator_3.py
[2023-07-01T00:30:01.604+0000] {processor.py:753} INFO - DAG(s) dict_keys(['example_branch_dop_operator_v3']) retrieved from /home/airflow/.local/lib/python3.7/site-packages/airflow/example_dags/example_branch_python_dop_operator_3.py
[2023-07-01T00:30:01.623+0000] {logging_mixin.py:137} INFO - [2023-07-01T00:30:01.623+0000] {dag.py:2705} INFO - Sync 1 DAGs
[2023-07-01T00:30:01.639+0000] {logging_mixin.py:137} INFO - [2023-07-01T00:30:01.639+0000] {dag.py:3456} INFO - Setting next_dagrun for example_branch_dop_operator_v3 to 2023-07-01T00:29:00+00:00, run_after=2023-07-01T00:30:00+00:00
[2023-07-01T00:30:01.648+0000] {processor.py:175} INFO - Processing /home/airflow/.local/lib/python3.7/site-packages/airflow/example_dags/example_branch_python_dop_operator_3.py took 0.065 seconds
[2023-07-01T00:30:32.479+0000] {processor.py:153} INFO - Started process (PID=54797) to work on /home/airflow/.local/lib/python3.7/site-packages/airflow/example_dags/example_branch_python_dop_operator_3.py
[2023-07-01T00:30:32.480+0000] {processor.py:743} INFO - Processing file /home/airflow/.local/lib/python3.7/site-packages/airflow/example_dags/example_branch_python_dop_operator_3.py for tasks to queue
[2023-07-01T00:30:32.480+0000] {logging_mixin.py:137} INFO - [2023-07-01T00:30:32.480+0000] {dagbag.py:532} INFO - Filling up the DagBag from /home/airflow/.local/lib/python3.7/site-packages/airflow/example_dags/example_branch_python_dop_operator_3.py
[2023-07-01T00:30:32.496+0000] {processor.py:753} INFO - DAG(s) dict_keys(['example_branch_dop_operator_v3']) retrieved from /home/airflow/.local/lib/python3.7/site-packages/airflow/example_dags/example_branch_python_dop_operator_3.py
[2023-07-01T00:30:32.515+0000] {logging_mixin.py:137} INFO - [2023-07-01T00:30:32.515+0000] {dag.py:2705} INFO - Sync 1 DAGs
[2023-07-01T00:30:32.531+0000] {logging_mixin.py:137} INFO - [2023-07-01T00:30:32.531+0000] {dag.py:3456} INFO - Setting next_dagrun for example_branch_dop_operator_v3 to 2023-07-01T00:29:00+00:00, run_after=2023-07-01T00:30:00+00:00
[2023-07-01T00:30:32.542+0000] {processor.py:175} INFO - Processing /home/airflow/.local/lib/python3.7/site-packages/airflow/example_dags/example_branch_python_dop_operator_3.py took 0.066 seconds
[2023-07-01T00:31:03.222+0000] {processor.py:153} INFO - Started process (PID=54855) to work on /home/airflow/.local/lib/python3.7/site-packages/airflow/example_dags/example_branch_python_dop_operator_3.py
[2023-07-01T00:31:03.223+0000] {processor.py:743} INFO - Processing file /home/airflow/.local/lib/python3.7/site-packages/airflow/example_dags/example_branch_python_dop_operator_3.py for tasks to queue
[2023-07-01T00:31:03.223+0000] {logging_mixin.py:137} INFO - [2023-07-01T00:31:03.223+0000] {dagbag.py:532} INFO - Filling up the DagBag from /home/airflow/.local/lib/python3.7/site-packages/airflow/example_dags/example_branch_python_dop_operator_3.py
[2023-07-01T00:31:03.239+0000] {processor.py:753} INFO - DAG(s) dict_keys(['example_branch_dop_operator_v3']) retrieved from /home/airflow/.local/lib/python3.7/site-packages/airflow/example_dags/example_branch_python_dop_operator_3.py
[2023-07-01T00:31:03.257+0000] {logging_mixin.py:137} INFO - [2023-07-01T00:31:03.257+0000] {dag.py:2705} INFO - Sync 1 DAGs
[2023-07-01T00:31:03.274+0000] {logging_mixin.py:137} INFO - [2023-07-01T00:31:03.274+0000] {dag.py:3456} INFO - Setting next_dagrun for example_branch_dop_operator_v3 to 2023-07-01T00:30:00+00:00, run_after=2023-07-01T00:31:00+00:00
[2023-07-01T00:31:03.284+0000] {processor.py:175} INFO - Processing /home/airflow/.local/lib/python3.7/site-packages/airflow/example_dags/example_branch_python_dop_operator_3.py took 0.065 seconds
[2023-07-01T00:31:34.072+0000] {processor.py:153} INFO - Started process (PID=54912) to work on /home/airflow/.local/lib/python3.7/site-packages/airflow/example_dags/example_branch_python_dop_operator_3.py
[2023-07-01T00:31:34.073+0000] {processor.py:743} INFO - Processing file /home/airflow/.local/lib/python3.7/site-packages/airflow/example_dags/example_branch_python_dop_operator_3.py for tasks to queue
[2023-07-01T00:31:34.073+0000] {logging_mixin.py:137} INFO - [2023-07-01T00:31:34.073+0000] {dagbag.py:532} INFO - Filling up the DagBag from /home/airflow/.local/lib/python3.7/site-packages/airflow/example_dags/example_branch_python_dop_operator_3.py
[2023-07-01T00:31:34.089+0000] {processor.py:753} INFO - DAG(s) dict_keys(['example_branch_dop_operator_v3']) retrieved from /home/airflow/.local/lib/python3.7/site-packages/airflow/example_dags/example_branch_python_dop_operator_3.py
[2023-07-01T00:31:34.107+0000] {logging_mixin.py:137} INFO - [2023-07-01T00:31:34.107+0000] {dag.py:2705} INFO - Sync 1 DAGs
[2023-07-01T00:31:34.123+0000] {logging_mixin.py:137} INFO - [2023-07-01T00:31:34.123+0000] {dag.py:3456} INFO - Setting next_dagrun for example_branch_dop_operator_v3 to 2023-07-01T00:30:00+00:00, run_after=2023-07-01T00:31:00+00:00
[2023-07-01T00:31:34.133+0000] {processor.py:175} INFO - Processing /home/airflow/.local/lib/python3.7/site-packages/airflow/example_dags/example_branch_python_dop_operator_3.py took 0.064 seconds
[2023-07-01T00:32:05.098+0000] {processor.py:153} INFO - Started process (PID=54969) to work on /home/airflow/.local/lib/python3.7/site-packages/airflow/example_dags/example_branch_python_dop_operator_3.py
[2023-07-01T00:32:05.099+0000] {processor.py:743} INFO - Processing file /home/airflow/.local/lib/python3.7/site-packages/airflow/example_dags/example_branch_python_dop_operator_3.py for tasks to queue
[2023-07-01T00:32:05.100+0000] {logging_mixin.py:137} INFO - [2023-07-01T00:32:05.100+0000] {dagbag.py:532} INFO - Filling up the DagBag from /home/airflow/.local/lib/python3.7/site-packages/airflow/example_dags/example_branch_python_dop_operator_3.py
[2023-07-01T00:32:05.116+0000] {processor.py:753} INFO - DAG(s) dict_keys(['example_branch_dop_operator_v3']) retrieved from /home/airflow/.local/lib/python3.7/site-packages/airflow/example_dags/example_branch_python_dop_operator_3.py
[2023-07-01T00:32:05.134+0000] {logging_mixin.py:137} INFO - [2023-07-01T00:32:05.134+0000] {dag.py:2705} INFO - Sync 1 DAGs
[2023-07-01T00:32:05.150+0000] {logging_mixin.py:137} INFO - [2023-07-01T00:32:05.150+0000] {dag.py:3456} INFO - Setting next_dagrun for example_branch_dop_operator_v3 to 2023-07-01T00:31:00+00:00, run_after=2023-07-01T00:32:00+00:00
[2023-07-01T00:32:05.160+0000] {processor.py:175} INFO - Processing /home/airflow/.local/lib/python3.7/site-packages/airflow/example_dags/example_branch_python_dop_operator_3.py took 0.065 seconds
[2023-07-01T00:32:36.047+0000] {processor.py:153} INFO - Started process (PID=55027) to work on /home/airflow/.local/lib/python3.7/site-packages/airflow/example_dags/example_branch_python_dop_operator_3.py
[2023-07-01T00:32:36.049+0000] {processor.py:743} INFO - Processing file /home/airflow/.local/lib/python3.7/site-packages/airflow/example_dags/example_branch_python_dop_operator_3.py for tasks to queue
[2023-07-01T00:32:36.049+0000] {logging_mixin.py:137} INFO - [2023-07-01T00:32:36.049+0000] {dagbag.py:532} INFO - Filling up the DagBag from /home/airflow/.local/lib/python3.7/site-packages/airflow/example_dags/example_branch_python_dop_operator_3.py
[2023-07-01T00:32:36.065+0000] {processor.py:753} INFO - DAG(s) dict_keys(['example_branch_dop_operator_v3']) retrieved from /home/airflow/.local/lib/python3.7/site-packages/airflow/example_dags/example_branch_python_dop_operator_3.py
[2023-07-01T00:32:36.083+0000] {logging_mixin.py:137} INFO - [2023-07-01T00:32:36.083+0000] {dag.py:2705} INFO - Sync 1 DAGs
[2023-07-01T00:32:36.100+0000] {logging_mixin.py:137} INFO - [2023-07-01T00:32:36.100+0000] {dag.py:3456} INFO - Setting next_dagrun for example_branch_dop_operator_v3 to 2023-07-01T00:31:00+00:00, run_after=2023-07-01T00:32:00+00:00
[2023-07-01T00:32:36.109+0000] {processor.py:175} INFO - Processing /home/airflow/.local/lib/python3.7/site-packages/airflow/example_dags/example_branch_python_dop_operator_3.py took 0.065 seconds
[2023-07-01T00:33:07.141+0000] {processor.py:153} INFO - Started process (PID=55084) to work on /home/airflow/.local/lib/python3.7/site-packages/airflow/example_dags/example_branch_python_dop_operator_3.py
[2023-07-01T00:33:07.142+0000] {processor.py:743} INFO - Processing file /home/airflow/.local/lib/python3.7/site-packages/airflow/example_dags/example_branch_python_dop_operator_3.py for tasks to queue
[2023-07-01T00:33:07.142+0000] {logging_mixin.py:137} INFO - [2023-07-01T00:33:07.142+0000] {dagbag.py:532} INFO - Filling up the DagBag from /home/airflow/.local/lib/python3.7/site-packages/airflow/example_dags/example_branch_python_dop_operator_3.py
[2023-07-01T00:33:07.159+0000] {processor.py:753} INFO - DAG(s) dict_keys(['example_branch_dop_operator_v3']) retrieved from /home/airflow/.local/lib/python3.7/site-packages/airflow/example_dags/example_branch_python_dop_operator_3.py
[2023-07-01T00:33:07.178+0000] {logging_mixin.py:137} INFO - [2023-07-01T00:33:07.178+0000] {dag.py:2705} INFO - Sync 1 DAGs
[2023-07-01T00:33:07.195+0000] {logging_mixin.py:137} INFO - [2023-07-01T00:33:07.195+0000] {dag.py:3456} INFO - Setting next_dagrun for example_branch_dop_operator_v3 to 2023-07-01T00:32:00+00:00, run_after=2023-07-01T00:33:00+00:00
[2023-07-01T00:33:07.205+0000] {processor.py:175} INFO - Processing /home/airflow/.local/lib/python3.7/site-packages/airflow/example_dags/example_branch_python_dop_operator_3.py took 0.069 seconds
[2023-07-01T00:33:37.266+0000] {processor.py:153} INFO - Started process (PID=55141) to work on /home/airflow/.local/lib/python3.7/site-packages/airflow/example_dags/example_branch_python_dop_operator_3.py
[2023-07-01T00:33:37.267+0000] {processor.py:743} INFO - Processing file /home/airflow/.local/lib/python3.7/site-packages/airflow/example_dags/example_branch_python_dop_operator_3.py for tasks to queue
[2023-07-01T00:33:37.268+0000] {logging_mixin.py:137} INFO - [2023-07-01T00:33:37.268+0000] {dagbag.py:532} INFO - Filling up the DagBag from /home/airflow/.local/lib/python3.7/site-packages/airflow/example_dags/example_branch_python_dop_operator_3.py
[2023-07-01T00:33:37.284+0000] {processor.py:753} INFO - DAG(s) dict_keys(['example_branch_dop_operator_v3']) retrieved from /home/airflow/.local/lib/python3.7/site-packages/airflow/example_dags/example_branch_python_dop_operator_3.py
[2023-07-01T00:33:37.301+0000] {logging_mixin.py:137} INFO - [2023-07-01T00:33:37.301+0000] {dag.py:2705} INFO - Sync 1 DAGs
[2023-07-01T00:33:37.317+0000] {logging_mixin.py:137} INFO - [2023-07-01T00:33:37.317+0000] {dag.py:3456} INFO - Setting next_dagrun for example_branch_dop_operator_v3 to 2023-07-01T00:32:00+00:00, run_after=2023-07-01T00:33:00+00:00
[2023-07-01T00:33:37.326+0000] {processor.py:175} INFO - Processing /home/airflow/.local/lib/python3.7/site-packages/airflow/example_dags/example_branch_python_dop_operator_3.py took 0.063 seconds
[2023-07-01T00:34:07.584+0000] {processor.py:153} INFO - Started process (PID=55198) to work on /home/airflow/.local/lib/python3.7/site-packages/airflow/example_dags/example_branch_python_dop_operator_3.py
[2023-07-01T00:34:07.586+0000] {processor.py:743} INFO - Processing file /home/airflow/.local/lib/python3.7/site-packages/airflow/example_dags/example_branch_python_dop_operator_3.py for tasks to queue
[2023-07-01T00:34:07.586+0000] {logging_mixin.py:137} INFO - [2023-07-01T00:34:07.586+0000] {dagbag.py:532} INFO - Filling up the DagBag from /home/airflow/.local/lib/python3.7/site-packages/airflow/example_dags/example_branch_python_dop_operator_3.py
[2023-07-01T00:34:07.603+0000] {processor.py:753} INFO - DAG(s) dict_keys(['example_branch_dop_operator_v3']) retrieved from /home/airflow/.local/lib/python3.7/site-packages/airflow/example_dags/example_branch_python_dop_operator_3.py
[2023-07-01T00:34:07.622+0000] {logging_mixin.py:137} INFO - [2023-07-01T00:34:07.622+0000] {dag.py:2705} INFO - Sync 1 DAGs
[2023-07-01T00:34:07.640+0000] {logging_mixin.py:137} INFO - [2023-07-01T00:34:07.640+0000] {dag.py:3456} INFO - Setting next_dagrun for example_branch_dop_operator_v3 to 2023-07-01T00:33:00+00:00, run_after=2023-07-01T00:34:00+00:00
[2023-07-01T00:34:07.652+0000] {processor.py:175} INFO - Processing /home/airflow/.local/lib/python3.7/site-packages/airflow/example_dags/example_branch_python_dop_operator_3.py took 0.071 seconds
[2023-07-01T00:34:38.436+0000] {processor.py:153} INFO - Started process (PID=55255) to work on /home/airflow/.local/lib/python3.7/site-packages/airflow/example_dags/example_branch_python_dop_operator_3.py
[2023-07-01T00:34:38.437+0000] {processor.py:743} INFO - Processing file /home/airflow/.local/lib/python3.7/site-packages/airflow/example_dags/example_branch_python_dop_operator_3.py for tasks to queue
[2023-07-01T00:34:38.438+0000] {logging_mixin.py:137} INFO - [2023-07-01T00:34:38.438+0000] {dagbag.py:532} INFO - Filling up the DagBag from /home/airflow/.local/lib/python3.7/site-packages/airflow/example_dags/example_branch_python_dop_operator_3.py
[2023-07-01T00:34:38.456+0000] {processor.py:753} INFO - DAG(s) dict_keys(['example_branch_dop_operator_v3']) retrieved from /home/airflow/.local/lib/python3.7/site-packages/airflow/example_dags/example_branch_python_dop_operator_3.py
[2023-07-01T00:34:38.474+0000] {logging_mixin.py:137} INFO - [2023-07-01T00:34:38.474+0000] {dag.py:2705} INFO - Sync 1 DAGs
[2023-07-01T00:34:38.490+0000] {logging_mixin.py:137} INFO - [2023-07-01T00:34:38.490+0000] {dag.py:3456} INFO - Setting next_dagrun for example_branch_dop_operator_v3 to 2023-07-01T00:33:00+00:00, run_after=2023-07-01T00:34:00+00:00
[2023-07-01T00:34:38.500+0000] {processor.py:175} INFO - Processing /home/airflow/.local/lib/python3.7/site-packages/airflow/example_dags/example_branch_python_dop_operator_3.py took 0.066 seconds
