[2023-07-01T00:00:24.712+0000] {processor.py:153} INFO - Started process (PID=51439) to work on /home/airflow/.local/lib/python3.7/site-packages/airflow/example_dags/example_time_delta_sensor_async.py
[2023-07-01T00:00:24.713+0000] {processor.py:743} INFO - Processing file /home/airflow/.local/lib/python3.7/site-packages/airflow/example_dags/example_time_delta_sensor_async.py for tasks to queue
[2023-07-01T00:00:24.713+0000] {logging_mixin.py:137} INFO - [2023-07-01T00:00:24.713+0000] {dagbag.py:532} INFO - Filling up the DagBag from /home/airflow/.local/lib/python3.7/site-packages/airflow/example_dags/example_time_delta_sensor_async.py
[2023-07-01T00:00:24.723+0000] {processor.py:753} INFO - DAG(s) dict_keys(['example_time_delta_sensor_async']) retrieved from /home/airflow/.local/lib/python3.7/site-packages/airflow/example_dags/example_time_delta_sensor_async.py
[2023-07-01T00:00:24.741+0000] {logging_mixin.py:137} INFO - [2023-07-01T00:00:24.741+0000] {dag.py:2705} INFO - Sync 1 DAGs
[2023-07-01T00:00:24.755+0000] {logging_mixin.py:137} INFO - [2023-07-01T00:00:24.755+0000] {dag.py:3456} INFO - Setting next_dagrun for example_time_delta_sensor_async to None, run_after=None
[2023-07-01T00:00:24.765+0000] {processor.py:175} INFO - Processing /home/airflow/.local/lib/python3.7/site-packages/airflow/example_dags/example_time_delta_sensor_async.py took 0.056 seconds
[2023-07-01T00:00:55.791+0000] {processor.py:153} INFO - Started process (PID=51496) to work on /home/airflow/.local/lib/python3.7/site-packages/airflow/example_dags/example_time_delta_sensor_async.py
[2023-07-01T00:00:55.792+0000] {processor.py:743} INFO - Processing file /home/airflow/.local/lib/python3.7/site-packages/airflow/example_dags/example_time_delta_sensor_async.py for tasks to queue
[2023-07-01T00:00:55.793+0000] {logging_mixin.py:137} INFO - [2023-07-01T00:00:55.793+0000] {dagbag.py:532} INFO - Filling up the DagBag from /home/airflow/.local/lib/python3.7/site-packages/airflow/example_dags/example_time_delta_sensor_async.py
[2023-07-01T00:00:55.801+0000] {processor.py:753} INFO - DAG(s) dict_keys(['example_time_delta_sensor_async']) retrieved from /home/airflow/.local/lib/python3.7/site-packages/airflow/example_dags/example_time_delta_sensor_async.py
[2023-07-01T00:00:55.820+0000] {logging_mixin.py:137} INFO - [2023-07-01T00:00:55.820+0000] {dag.py:2705} INFO - Sync 1 DAGs
[2023-07-01T00:00:55.834+0000] {logging_mixin.py:137} INFO - [2023-07-01T00:00:55.834+0000] {dag.py:3456} INFO - Setting next_dagrun for example_time_delta_sensor_async to None, run_after=None
[2023-07-01T00:00:55.843+0000] {processor.py:175} INFO - Processing /home/airflow/.local/lib/python3.7/site-packages/airflow/example_dags/example_time_delta_sensor_async.py took 0.055 seconds
[2023-07-01T00:01:26.489+0000] {processor.py:153} INFO - Started process (PID=51554) to work on /home/airflow/.local/lib/python3.7/site-packages/airflow/example_dags/example_time_delta_sensor_async.py
[2023-07-01T00:01:26.490+0000] {processor.py:743} INFO - Processing file /home/airflow/.local/lib/python3.7/site-packages/airflow/example_dags/example_time_delta_sensor_async.py for tasks to queue
[2023-07-01T00:01:26.491+0000] {logging_mixin.py:137} INFO - [2023-07-01T00:01:26.491+0000] {dagbag.py:532} INFO - Filling up the DagBag from /home/airflow/.local/lib/python3.7/site-packages/airflow/example_dags/example_time_delta_sensor_async.py
[2023-07-01T00:01:26.503+0000] {processor.py:753} INFO - DAG(s) dict_keys(['example_time_delta_sensor_async']) retrieved from /home/airflow/.local/lib/python3.7/site-packages/airflow/example_dags/example_time_delta_sensor_async.py
[2023-07-01T00:01:26.522+0000] {logging_mixin.py:137} INFO - [2023-07-01T00:01:26.522+0000] {dag.py:2705} INFO - Sync 1 DAGs
[2023-07-01T00:01:26.536+0000] {logging_mixin.py:137} INFO - [2023-07-01T00:01:26.535+0000] {dag.py:3456} INFO - Setting next_dagrun for example_time_delta_sensor_async to None, run_after=None
[2023-07-01T00:01:26.546+0000] {processor.py:175} INFO - Processing /home/airflow/.local/lib/python3.7/site-packages/airflow/example_dags/example_time_delta_sensor_async.py took 0.059 seconds
[2023-07-01T00:01:57.269+0000] {processor.py:153} INFO - Started process (PID=51610) to work on /home/airflow/.local/lib/python3.7/site-packages/airflow/example_dags/example_time_delta_sensor_async.py
[2023-07-01T00:01:57.270+0000] {processor.py:743} INFO - Processing file /home/airflow/.local/lib/python3.7/site-packages/airflow/example_dags/example_time_delta_sensor_async.py for tasks to queue
[2023-07-01T00:01:57.271+0000] {logging_mixin.py:137} INFO - [2023-07-01T00:01:57.271+0000] {dagbag.py:532} INFO - Filling up the DagBag from /home/airflow/.local/lib/python3.7/site-packages/airflow/example_dags/example_time_delta_sensor_async.py
[2023-07-01T00:01:57.279+0000] {processor.py:753} INFO - DAG(s) dict_keys(['example_time_delta_sensor_async']) retrieved from /home/airflow/.local/lib/python3.7/site-packages/airflow/example_dags/example_time_delta_sensor_async.py
[2023-07-01T00:01:57.297+0000] {logging_mixin.py:137} INFO - [2023-07-01T00:01:57.297+0000] {dag.py:2705} INFO - Sync 1 DAGs
[2023-07-01T00:01:57.311+0000] {logging_mixin.py:137} INFO - [2023-07-01T00:01:57.311+0000] {dag.py:3456} INFO - Setting next_dagrun for example_time_delta_sensor_async to None, run_after=None
[2023-07-01T00:01:57.320+0000] {processor.py:175} INFO - Processing /home/airflow/.local/lib/python3.7/site-packages/airflow/example_dags/example_time_delta_sensor_async.py took 0.053 seconds
[2023-07-01T00:02:28.154+0000] {processor.py:153} INFO - Started process (PID=51666) to work on /home/airflow/.local/lib/python3.7/site-packages/airflow/example_dags/example_time_delta_sensor_async.py
[2023-07-01T00:02:28.154+0000] {processor.py:743} INFO - Processing file /home/airflow/.local/lib/python3.7/site-packages/airflow/example_dags/example_time_delta_sensor_async.py for tasks to queue
[2023-07-01T00:02:28.155+0000] {logging_mixin.py:137} INFO - [2023-07-01T00:02:28.155+0000] {dagbag.py:532} INFO - Filling up the DagBag from /home/airflow/.local/lib/python3.7/site-packages/airflow/example_dags/example_time_delta_sensor_async.py
[2023-07-01T00:02:28.164+0000] {processor.py:753} INFO - DAG(s) dict_keys(['example_time_delta_sensor_async']) retrieved from /home/airflow/.local/lib/python3.7/site-packages/airflow/example_dags/example_time_delta_sensor_async.py
[2023-07-01T00:02:28.182+0000] {logging_mixin.py:137} INFO - [2023-07-01T00:02:28.182+0000] {dag.py:2705} INFO - Sync 1 DAGs
[2023-07-01T00:02:28.196+0000] {logging_mixin.py:137} INFO - [2023-07-01T00:02:28.196+0000] {dag.py:3456} INFO - Setting next_dagrun for example_time_delta_sensor_async to None, run_after=None
[2023-07-01T00:02:28.205+0000] {processor.py:175} INFO - Processing /home/airflow/.local/lib/python3.7/site-packages/airflow/example_dags/example_time_delta_sensor_async.py took 0.055 seconds
[2023-07-01T00:02:59.139+0000] {processor.py:153} INFO - Started process (PID=51723) to work on /home/airflow/.local/lib/python3.7/site-packages/airflow/example_dags/example_time_delta_sensor_async.py
[2023-07-01T00:02:59.140+0000] {processor.py:743} INFO - Processing file /home/airflow/.local/lib/python3.7/site-packages/airflow/example_dags/example_time_delta_sensor_async.py for tasks to queue
[2023-07-01T00:02:59.141+0000] {logging_mixin.py:137} INFO - [2023-07-01T00:02:59.141+0000] {dagbag.py:532} INFO - Filling up the DagBag from /home/airflow/.local/lib/python3.7/site-packages/airflow/example_dags/example_time_delta_sensor_async.py
[2023-07-01T00:02:59.150+0000] {processor.py:753} INFO - DAG(s) dict_keys(['example_time_delta_sensor_async']) retrieved from /home/airflow/.local/lib/python3.7/site-packages/airflow/example_dags/example_time_delta_sensor_async.py
[2023-07-01T00:02:59.167+0000] {logging_mixin.py:137} INFO - [2023-07-01T00:02:59.167+0000] {dag.py:2705} INFO - Sync 1 DAGs
[2023-07-01T00:02:59.183+0000] {logging_mixin.py:137} INFO - [2023-07-01T00:02:59.182+0000] {dag.py:3456} INFO - Setting next_dagrun for example_time_delta_sensor_async to None, run_after=None
[2023-07-01T00:02:59.260+0000] {processor.py:175} INFO - Processing /home/airflow/.local/lib/python3.7/site-packages/airflow/example_dags/example_time_delta_sensor_async.py took 0.123 seconds
[2023-07-01T00:03:30.335+0000] {processor.py:153} INFO - Started process (PID=51780) to work on /home/airflow/.local/lib/python3.7/site-packages/airflow/example_dags/example_time_delta_sensor_async.py
[2023-07-01T00:03:30.336+0000] {processor.py:743} INFO - Processing file /home/airflow/.local/lib/python3.7/site-packages/airflow/example_dags/example_time_delta_sensor_async.py for tasks to queue
[2023-07-01T00:03:30.337+0000] {logging_mixin.py:137} INFO - [2023-07-01T00:03:30.337+0000] {dagbag.py:532} INFO - Filling up the DagBag from /home/airflow/.local/lib/python3.7/site-packages/airflow/example_dags/example_time_delta_sensor_async.py
[2023-07-01T00:03:30.346+0000] {processor.py:753} INFO - DAG(s) dict_keys(['example_time_delta_sensor_async']) retrieved from /home/airflow/.local/lib/python3.7/site-packages/airflow/example_dags/example_time_delta_sensor_async.py
[2023-07-01T00:03:30.366+0000] {logging_mixin.py:137} INFO - [2023-07-01T00:03:30.366+0000] {dag.py:2705} INFO - Sync 1 DAGs
[2023-07-01T00:03:30.382+0000] {logging_mixin.py:137} INFO - [2023-07-01T00:03:30.382+0000] {dag.py:3456} INFO - Setting next_dagrun for example_time_delta_sensor_async to None, run_after=None
[2023-07-01T00:03:30.392+0000] {processor.py:175} INFO - Processing /home/airflow/.local/lib/python3.7/site-packages/airflow/example_dags/example_time_delta_sensor_async.py took 0.060 seconds
[2023-07-01T00:04:01.228+0000] {processor.py:153} INFO - Started process (PID=51837) to work on /home/airflow/.local/lib/python3.7/site-packages/airflow/example_dags/example_time_delta_sensor_async.py
[2023-07-01T00:04:01.230+0000] {processor.py:743} INFO - Processing file /home/airflow/.local/lib/python3.7/site-packages/airflow/example_dags/example_time_delta_sensor_async.py for tasks to queue
[2023-07-01T00:04:01.231+0000] {logging_mixin.py:137} INFO - [2023-07-01T00:04:01.231+0000] {dagbag.py:532} INFO - Filling up the DagBag from /home/airflow/.local/lib/python3.7/site-packages/airflow/example_dags/example_time_delta_sensor_async.py
[2023-07-01T00:04:01.239+0000] {processor.py:753} INFO - DAG(s) dict_keys(['example_time_delta_sensor_async']) retrieved from /home/airflow/.local/lib/python3.7/site-packages/airflow/example_dags/example_time_delta_sensor_async.py
[2023-07-01T00:04:01.263+0000] {logging_mixin.py:137} INFO - [2023-07-01T00:04:01.263+0000] {dag.py:2705} INFO - Sync 1 DAGs
[2023-07-01T00:04:01.284+0000] {logging_mixin.py:137} INFO - [2023-07-01T00:04:01.284+0000] {dag.py:3456} INFO - Setting next_dagrun for example_time_delta_sensor_async to None, run_after=None
[2023-07-01T00:04:01.309+0000] {processor.py:175} INFO - Processing /home/airflow/.local/lib/python3.7/site-packages/airflow/example_dags/example_time_delta_sensor_async.py took 0.084 seconds
[2023-07-01T00:04:32.072+0000] {processor.py:153} INFO - Started process (PID=51894) to work on /home/airflow/.local/lib/python3.7/site-packages/airflow/example_dags/example_time_delta_sensor_async.py
[2023-07-01T00:04:32.073+0000] {processor.py:743} INFO - Processing file /home/airflow/.local/lib/python3.7/site-packages/airflow/example_dags/example_time_delta_sensor_async.py for tasks to queue
[2023-07-01T00:04:32.073+0000] {logging_mixin.py:137} INFO - [2023-07-01T00:04:32.073+0000] {dagbag.py:532} INFO - Filling up the DagBag from /home/airflow/.local/lib/python3.7/site-packages/airflow/example_dags/example_time_delta_sensor_async.py
[2023-07-01T00:04:32.083+0000] {processor.py:753} INFO - DAG(s) dict_keys(['example_time_delta_sensor_async']) retrieved from /home/airflow/.local/lib/python3.7/site-packages/airflow/example_dags/example_time_delta_sensor_async.py
[2023-07-01T00:04:32.101+0000] {logging_mixin.py:137} INFO - [2023-07-01T00:04:32.101+0000] {dag.py:2705} INFO - Sync 1 DAGs
[2023-07-01T00:04:32.115+0000] {logging_mixin.py:137} INFO - [2023-07-01T00:04:32.115+0000] {dag.py:3456} INFO - Setting next_dagrun for example_time_delta_sensor_async to None, run_after=None
[2023-07-01T00:04:32.124+0000] {processor.py:175} INFO - Processing /home/airflow/.local/lib/python3.7/site-packages/airflow/example_dags/example_time_delta_sensor_async.py took 0.057 seconds
[2023-07-01T00:05:02.949+0000] {processor.py:153} INFO - Started process (PID=51950) to work on /home/airflow/.local/lib/python3.7/site-packages/airflow/example_dags/example_time_delta_sensor_async.py
[2023-07-01T00:05:02.950+0000] {processor.py:743} INFO - Processing file /home/airflow/.local/lib/python3.7/site-packages/airflow/example_dags/example_time_delta_sensor_async.py for tasks to queue
[2023-07-01T00:05:02.951+0000] {logging_mixin.py:137} INFO - [2023-07-01T00:05:02.951+0000] {dagbag.py:532} INFO - Filling up the DagBag from /home/airflow/.local/lib/python3.7/site-packages/airflow/example_dags/example_time_delta_sensor_async.py
[2023-07-01T00:05:02.959+0000] {processor.py:753} INFO - DAG(s) dict_keys(['example_time_delta_sensor_async']) retrieved from /home/airflow/.local/lib/python3.7/site-packages/airflow/example_dags/example_time_delta_sensor_async.py
[2023-07-01T00:05:02.978+0000] {logging_mixin.py:137} INFO - [2023-07-01T00:05:02.978+0000] {dag.py:2705} INFO - Sync 1 DAGs
[2023-07-01T00:05:02.993+0000] {logging_mixin.py:137} INFO - [2023-07-01T00:05:02.993+0000] {dag.py:3456} INFO - Setting next_dagrun for example_time_delta_sensor_async to None, run_after=None
[2023-07-01T00:05:03.003+0000] {processor.py:175} INFO - Processing /home/airflow/.local/lib/python3.7/site-packages/airflow/example_dags/example_time_delta_sensor_async.py took 0.056 seconds
[2023-07-01T00:05:34.181+0000] {processor.py:153} INFO - Started process (PID=52007) to work on /home/airflow/.local/lib/python3.7/site-packages/airflow/example_dags/example_time_delta_sensor_async.py
[2023-07-01T00:05:34.183+0000] {processor.py:743} INFO - Processing file /home/airflow/.local/lib/python3.7/site-packages/airflow/example_dags/example_time_delta_sensor_async.py for tasks to queue
[2023-07-01T00:05:34.185+0000] {logging_mixin.py:137} INFO - [2023-07-01T00:05:34.184+0000] {dagbag.py:532} INFO - Filling up the DagBag from /home/airflow/.local/lib/python3.7/site-packages/airflow/example_dags/example_time_delta_sensor_async.py
[2023-07-01T00:05:34.197+0000] {processor.py:753} INFO - DAG(s) dict_keys(['example_time_delta_sensor_async']) retrieved from /home/airflow/.local/lib/python3.7/site-packages/airflow/example_dags/example_time_delta_sensor_async.py
[2023-07-01T00:05:34.217+0000] {logging_mixin.py:137} INFO - [2023-07-01T00:05:34.217+0000] {dag.py:2705} INFO - Sync 1 DAGs
[2023-07-01T00:05:34.233+0000] {logging_mixin.py:137} INFO - [2023-07-01T00:05:34.233+0000] {dag.py:3456} INFO - Setting next_dagrun for example_time_delta_sensor_async to None, run_after=None
[2023-07-01T00:05:34.245+0000] {processor.py:175} INFO - Processing /home/airflow/.local/lib/python3.7/site-packages/airflow/example_dags/example_time_delta_sensor_async.py took 0.069 seconds
[2023-07-01T00:06:05.552+0000] {processor.py:153} INFO - Started process (PID=52064) to work on /home/airflow/.local/lib/python3.7/site-packages/airflow/example_dags/example_time_delta_sensor_async.py
[2023-07-01T00:06:05.553+0000] {processor.py:743} INFO - Processing file /home/airflow/.local/lib/python3.7/site-packages/airflow/example_dags/example_time_delta_sensor_async.py for tasks to queue
[2023-07-01T00:06:05.554+0000] {logging_mixin.py:137} INFO - [2023-07-01T00:06:05.553+0000] {dagbag.py:532} INFO - Filling up the DagBag from /home/airflow/.local/lib/python3.7/site-packages/airflow/example_dags/example_time_delta_sensor_async.py
[2023-07-01T00:06:05.563+0000] {processor.py:753} INFO - DAG(s) dict_keys(['example_time_delta_sensor_async']) retrieved from /home/airflow/.local/lib/python3.7/site-packages/airflow/example_dags/example_time_delta_sensor_async.py
[2023-07-01T00:06:05.580+0000] {logging_mixin.py:137} INFO - [2023-07-01T00:06:05.580+0000] {dag.py:2705} INFO - Sync 1 DAGs
[2023-07-01T00:06:05.595+0000] {logging_mixin.py:137} INFO - [2023-07-01T00:06:05.595+0000] {dag.py:3456} INFO - Setting next_dagrun for example_time_delta_sensor_async to None, run_after=None
[2023-07-01T00:06:05.605+0000] {processor.py:175} INFO - Processing /home/airflow/.local/lib/python3.7/site-packages/airflow/example_dags/example_time_delta_sensor_async.py took 0.055 seconds
[2023-07-01T00:06:36.487+0000] {processor.py:153} INFO - Started process (PID=52121) to work on /home/airflow/.local/lib/python3.7/site-packages/airflow/example_dags/example_time_delta_sensor_async.py
[2023-07-01T00:06:36.488+0000] {processor.py:743} INFO - Processing file /home/airflow/.local/lib/python3.7/site-packages/airflow/example_dags/example_time_delta_sensor_async.py for tasks to queue
[2023-07-01T00:06:36.488+0000] {logging_mixin.py:137} INFO - [2023-07-01T00:06:36.488+0000] {dagbag.py:532} INFO - Filling up the DagBag from /home/airflow/.local/lib/python3.7/site-packages/airflow/example_dags/example_time_delta_sensor_async.py
[2023-07-01T00:06:36.496+0000] {processor.py:753} INFO - DAG(s) dict_keys(['example_time_delta_sensor_async']) retrieved from /home/airflow/.local/lib/python3.7/site-packages/airflow/example_dags/example_time_delta_sensor_async.py
[2023-07-01T00:06:36.515+0000] {logging_mixin.py:137} INFO - [2023-07-01T00:06:36.515+0000] {dag.py:2705} INFO - Sync 1 DAGs
[2023-07-01T00:06:36.530+0000] {logging_mixin.py:137} INFO - [2023-07-01T00:06:36.530+0000] {dag.py:3456} INFO - Setting next_dagrun for example_time_delta_sensor_async to None, run_after=None
[2023-07-01T00:06:36.539+0000] {processor.py:175} INFO - Processing /home/airflow/.local/lib/python3.7/site-packages/airflow/example_dags/example_time_delta_sensor_async.py took 0.056 seconds
[2023-07-01T00:07:07.161+0000] {processor.py:153} INFO - Started process (PID=52178) to work on /home/airflow/.local/lib/python3.7/site-packages/airflow/example_dags/example_time_delta_sensor_async.py
[2023-07-01T00:07:07.162+0000] {processor.py:743} INFO - Processing file /home/airflow/.local/lib/python3.7/site-packages/airflow/example_dags/example_time_delta_sensor_async.py for tasks to queue
[2023-07-01T00:07:07.163+0000] {logging_mixin.py:137} INFO - [2023-07-01T00:07:07.163+0000] {dagbag.py:532} INFO - Filling up the DagBag from /home/airflow/.local/lib/python3.7/site-packages/airflow/example_dags/example_time_delta_sensor_async.py
[2023-07-01T00:07:07.172+0000] {processor.py:753} INFO - DAG(s) dict_keys(['example_time_delta_sensor_async']) retrieved from /home/airflow/.local/lib/python3.7/site-packages/airflow/example_dags/example_time_delta_sensor_async.py
[2023-07-01T00:07:07.193+0000] {logging_mixin.py:137} INFO - [2023-07-01T00:07:07.192+0000] {dag.py:2705} INFO - Sync 1 DAGs
[2023-07-01T00:07:07.209+0000] {logging_mixin.py:137} INFO - [2023-07-01T00:07:07.209+0000] {dag.py:3456} INFO - Setting next_dagrun for example_time_delta_sensor_async to None, run_after=None
[2023-07-01T00:07:07.219+0000] {processor.py:175} INFO - Processing /home/airflow/.local/lib/python3.7/site-packages/airflow/example_dags/example_time_delta_sensor_async.py took 0.061 seconds
[2023-07-01T00:07:38.541+0000] {processor.py:153} INFO - Started process (PID=52235) to work on /home/airflow/.local/lib/python3.7/site-packages/airflow/example_dags/example_time_delta_sensor_async.py
[2023-07-01T00:07:38.542+0000] {processor.py:743} INFO - Processing file /home/airflow/.local/lib/python3.7/site-packages/airflow/example_dags/example_time_delta_sensor_async.py for tasks to queue
[2023-07-01T00:07:38.543+0000] {logging_mixin.py:137} INFO - [2023-07-01T00:07:38.543+0000] {dagbag.py:532} INFO - Filling up the DagBag from /home/airflow/.local/lib/python3.7/site-packages/airflow/example_dags/example_time_delta_sensor_async.py
[2023-07-01T00:07:38.556+0000] {processor.py:753} INFO - DAG(s) dict_keys(['example_time_delta_sensor_async']) retrieved from /home/airflow/.local/lib/python3.7/site-packages/airflow/example_dags/example_time_delta_sensor_async.py
[2023-07-01T00:07:38.585+0000] {logging_mixin.py:137} INFO - [2023-07-01T00:07:38.585+0000] {dag.py:2705} INFO - Sync 1 DAGs
[2023-07-01T00:07:38.603+0000] {logging_mixin.py:137} INFO - [2023-07-01T00:07:38.603+0000] {dag.py:3456} INFO - Setting next_dagrun for example_time_delta_sensor_async to None, run_after=None
[2023-07-01T00:07:38.614+0000] {processor.py:175} INFO - Processing /home/airflow/.local/lib/python3.7/site-packages/airflow/example_dags/example_time_delta_sensor_async.py took 0.077 seconds
[2023-07-01T00:08:09.772+0000] {processor.py:153} INFO - Started process (PID=52299) to work on /home/airflow/.local/lib/python3.7/site-packages/airflow/example_dags/example_time_delta_sensor_async.py
[2023-07-01T00:08:09.773+0000] {processor.py:743} INFO - Processing file /home/airflow/.local/lib/python3.7/site-packages/airflow/example_dags/example_time_delta_sensor_async.py for tasks to queue
[2023-07-01T00:08:09.774+0000] {logging_mixin.py:137} INFO - [2023-07-01T00:08:09.774+0000] {dagbag.py:532} INFO - Filling up the DagBag from /home/airflow/.local/lib/python3.7/site-packages/airflow/example_dags/example_time_delta_sensor_async.py
[2023-07-01T00:08:09.785+0000] {processor.py:753} INFO - DAG(s) dict_keys(['example_time_delta_sensor_async']) retrieved from /home/airflow/.local/lib/python3.7/site-packages/airflow/example_dags/example_time_delta_sensor_async.py
[2023-07-01T00:08:09.818+0000] {logging_mixin.py:137} INFO - [2023-07-01T00:08:09.818+0000] {dag.py:2705} INFO - Sync 1 DAGs
[2023-07-01T00:08:09.854+0000] {logging_mixin.py:137} INFO - [2023-07-01T00:08:09.853+0000] {dag.py:3456} INFO - Setting next_dagrun for example_time_delta_sensor_async to None, run_after=None
[2023-07-01T00:08:09.890+0000] {processor.py:175} INFO - Processing /home/airflow/.local/lib/python3.7/site-packages/airflow/example_dags/example_time_delta_sensor_async.py took 0.121 seconds
[2023-07-01T00:08:40.224+0000] {processor.py:153} INFO - Started process (PID=52356) to work on /home/airflow/.local/lib/python3.7/site-packages/airflow/example_dags/example_time_delta_sensor_async.py
[2023-07-01T00:08:40.226+0000] {processor.py:743} INFO - Processing file /home/airflow/.local/lib/python3.7/site-packages/airflow/example_dags/example_time_delta_sensor_async.py for tasks to queue
[2023-07-01T00:08:40.227+0000] {logging_mixin.py:137} INFO - [2023-07-01T00:08:40.227+0000] {dagbag.py:532} INFO - Filling up the DagBag from /home/airflow/.local/lib/python3.7/site-packages/airflow/example_dags/example_time_delta_sensor_async.py
[2023-07-01T00:08:40.239+0000] {processor.py:753} INFO - DAG(s) dict_keys(['example_time_delta_sensor_async']) retrieved from /home/airflow/.local/lib/python3.7/site-packages/airflow/example_dags/example_time_delta_sensor_async.py
[2023-07-01T00:08:40.272+0000] {logging_mixin.py:137} INFO - [2023-07-01T00:08:40.272+0000] {dag.py:2705} INFO - Sync 1 DAGs
[2023-07-01T00:08:40.293+0000] {logging_mixin.py:137} INFO - [2023-07-01T00:08:40.293+0000] {dag.py:3456} INFO - Setting next_dagrun for example_time_delta_sensor_async to None, run_after=None
[2023-07-01T00:08:40.306+0000] {processor.py:175} INFO - Processing /home/airflow/.local/lib/python3.7/site-packages/airflow/example_dags/example_time_delta_sensor_async.py took 0.087 seconds
[2023-07-01T00:09:11.392+0000] {processor.py:153} INFO - Started process (PID=52413) to work on /home/airflow/.local/lib/python3.7/site-packages/airflow/example_dags/example_time_delta_sensor_async.py
[2023-07-01T00:09:11.393+0000] {processor.py:743} INFO - Processing file /home/airflow/.local/lib/python3.7/site-packages/airflow/example_dags/example_time_delta_sensor_async.py for tasks to queue
[2023-07-01T00:09:11.394+0000] {logging_mixin.py:137} INFO - [2023-07-01T00:09:11.394+0000] {dagbag.py:532} INFO - Filling up the DagBag from /home/airflow/.local/lib/python3.7/site-packages/airflow/example_dags/example_time_delta_sensor_async.py
[2023-07-01T00:09:11.410+0000] {processor.py:753} INFO - DAG(s) dict_keys(['example_time_delta_sensor_async']) retrieved from /home/airflow/.local/lib/python3.7/site-packages/airflow/example_dags/example_time_delta_sensor_async.py
[2023-07-01T00:09:11.444+0000] {logging_mixin.py:137} INFO - [2023-07-01T00:09:11.444+0000] {dag.py:2705} INFO - Sync 1 DAGs
[2023-07-01T00:09:11.465+0000] {logging_mixin.py:137} INFO - [2023-07-01T00:09:11.465+0000] {dag.py:3456} INFO - Setting next_dagrun for example_time_delta_sensor_async to None, run_after=None
[2023-07-01T00:09:11.478+0000] {processor.py:175} INFO - Processing /home/airflow/.local/lib/python3.7/site-packages/airflow/example_dags/example_time_delta_sensor_async.py took 0.090 seconds
[2023-07-01T00:09:41.785+0000] {processor.py:153} INFO - Started process (PID=52469) to work on /home/airflow/.local/lib/python3.7/site-packages/airflow/example_dags/example_time_delta_sensor_async.py
[2023-07-01T00:09:41.787+0000] {processor.py:743} INFO - Processing file /home/airflow/.local/lib/python3.7/site-packages/airflow/example_dags/example_time_delta_sensor_async.py for tasks to queue
[2023-07-01T00:09:41.789+0000] {logging_mixin.py:137} INFO - [2023-07-01T00:09:41.789+0000] {dagbag.py:532} INFO - Filling up the DagBag from /home/airflow/.local/lib/python3.7/site-packages/airflow/example_dags/example_time_delta_sensor_async.py
[2023-07-01T00:09:41.802+0000] {processor.py:753} INFO - DAG(s) dict_keys(['example_time_delta_sensor_async']) retrieved from /home/airflow/.local/lib/python3.7/site-packages/airflow/example_dags/example_time_delta_sensor_async.py
[2023-07-01T00:09:41.827+0000] {logging_mixin.py:137} INFO - [2023-07-01T00:09:41.827+0000] {dag.py:2705} INFO - Sync 1 DAGs
[2023-07-01T00:09:41.842+0000] {logging_mixin.py:137} INFO - [2023-07-01T00:09:41.842+0000] {dag.py:3456} INFO - Setting next_dagrun for example_time_delta_sensor_async to None, run_after=None
[2023-07-01T00:09:41.854+0000] {processor.py:175} INFO - Processing /home/airflow/.local/lib/python3.7/site-packages/airflow/example_dags/example_time_delta_sensor_async.py took 0.074 seconds
[2023-07-01T00:10:12.012+0000] {processor.py:153} INFO - Started process (PID=52526) to work on /home/airflow/.local/lib/python3.7/site-packages/airflow/example_dags/example_time_delta_sensor_async.py
[2023-07-01T00:10:12.012+0000] {processor.py:743} INFO - Processing file /home/airflow/.local/lib/python3.7/site-packages/airflow/example_dags/example_time_delta_sensor_async.py for tasks to queue
[2023-07-01T00:10:12.013+0000] {logging_mixin.py:137} INFO - [2023-07-01T00:10:12.013+0000] {dagbag.py:532} INFO - Filling up the DagBag from /home/airflow/.local/lib/python3.7/site-packages/airflow/example_dags/example_time_delta_sensor_async.py
[2023-07-01T00:10:12.024+0000] {processor.py:753} INFO - DAG(s) dict_keys(['example_time_delta_sensor_async']) retrieved from /home/airflow/.local/lib/python3.7/site-packages/airflow/example_dags/example_time_delta_sensor_async.py
[2023-07-01T00:10:12.047+0000] {logging_mixin.py:137} INFO - [2023-07-01T00:10:12.047+0000] {dag.py:2705} INFO - Sync 1 DAGs
[2023-07-01T00:10:12.062+0000] {logging_mixin.py:137} INFO - [2023-07-01T00:10:12.062+0000] {dag.py:3456} INFO - Setting next_dagrun for example_time_delta_sensor_async to None, run_after=None
[2023-07-01T00:10:12.073+0000] {processor.py:175} INFO - Processing /home/airflow/.local/lib/python3.7/site-packages/airflow/example_dags/example_time_delta_sensor_async.py took 0.065 seconds
[2023-07-01T00:10:42.469+0000] {processor.py:153} INFO - Started process (PID=52584) to work on /home/airflow/.local/lib/python3.7/site-packages/airflow/example_dags/example_time_delta_sensor_async.py
[2023-07-01T00:10:42.472+0000] {processor.py:743} INFO - Processing file /home/airflow/.local/lib/python3.7/site-packages/airflow/example_dags/example_time_delta_sensor_async.py for tasks to queue
[2023-07-01T00:10:42.473+0000] {logging_mixin.py:137} INFO - [2023-07-01T00:10:42.473+0000] {dagbag.py:532} INFO - Filling up the DagBag from /home/airflow/.local/lib/python3.7/site-packages/airflow/example_dags/example_time_delta_sensor_async.py
[2023-07-01T00:10:42.483+0000] {processor.py:753} INFO - DAG(s) dict_keys(['example_time_delta_sensor_async']) retrieved from /home/airflow/.local/lib/python3.7/site-packages/airflow/example_dags/example_time_delta_sensor_async.py
[2023-07-01T00:10:42.507+0000] {logging_mixin.py:137} INFO - [2023-07-01T00:10:42.506+0000] {dag.py:2705} INFO - Sync 1 DAGs
[2023-07-01T00:10:42.522+0000] {logging_mixin.py:137} INFO - [2023-07-01T00:10:42.522+0000] {dag.py:3456} INFO - Setting next_dagrun for example_time_delta_sensor_async to None, run_after=None
[2023-07-01T00:10:42.532+0000] {processor.py:175} INFO - Processing /home/airflow/.local/lib/python3.7/site-packages/airflow/example_dags/example_time_delta_sensor_async.py took 0.068 seconds
[2023-07-01T00:11:13.339+0000] {processor.py:153} INFO - Started process (PID=52642) to work on /home/airflow/.local/lib/python3.7/site-packages/airflow/example_dags/example_time_delta_sensor_async.py
[2023-07-01T00:11:13.341+0000] {processor.py:743} INFO - Processing file /home/airflow/.local/lib/python3.7/site-packages/airflow/example_dags/example_time_delta_sensor_async.py for tasks to queue
[2023-07-01T00:11:13.342+0000] {logging_mixin.py:137} INFO - [2023-07-01T00:11:13.342+0000] {dagbag.py:532} INFO - Filling up the DagBag from /home/airflow/.local/lib/python3.7/site-packages/airflow/example_dags/example_time_delta_sensor_async.py
[2023-07-01T00:11:13.356+0000] {processor.py:753} INFO - DAG(s) dict_keys(['example_time_delta_sensor_async']) retrieved from /home/airflow/.local/lib/python3.7/site-packages/airflow/example_dags/example_time_delta_sensor_async.py
[2023-07-01T00:11:13.377+0000] {logging_mixin.py:137} INFO - [2023-07-01T00:11:13.377+0000] {dag.py:2705} INFO - Sync 1 DAGs
[2023-07-01T00:11:13.391+0000] {logging_mixin.py:137} INFO - [2023-07-01T00:11:13.391+0000] {dag.py:3456} INFO - Setting next_dagrun for example_time_delta_sensor_async to None, run_after=None
[2023-07-01T00:11:13.402+0000] {processor.py:175} INFO - Processing /home/airflow/.local/lib/python3.7/site-packages/airflow/example_dags/example_time_delta_sensor_async.py took 0.067 seconds
[2023-07-01T00:11:44.140+0000] {processor.py:153} INFO - Started process (PID=52699) to work on /home/airflow/.local/lib/python3.7/site-packages/airflow/example_dags/example_time_delta_sensor_async.py
[2023-07-01T00:11:44.141+0000] {processor.py:743} INFO - Processing file /home/airflow/.local/lib/python3.7/site-packages/airflow/example_dags/example_time_delta_sensor_async.py for tasks to queue
[2023-07-01T00:11:44.142+0000] {logging_mixin.py:137} INFO - [2023-07-01T00:11:44.142+0000] {dagbag.py:532} INFO - Filling up the DagBag from /home/airflow/.local/lib/python3.7/site-packages/airflow/example_dags/example_time_delta_sensor_async.py
[2023-07-01T00:11:44.154+0000] {processor.py:753} INFO - DAG(s) dict_keys(['example_time_delta_sensor_async']) retrieved from /home/airflow/.local/lib/python3.7/site-packages/airflow/example_dags/example_time_delta_sensor_async.py
[2023-07-01T00:11:44.173+0000] {logging_mixin.py:137} INFO - [2023-07-01T00:11:44.173+0000] {dag.py:2705} INFO - Sync 1 DAGs
[2023-07-01T00:11:44.186+0000] {logging_mixin.py:137} INFO - [2023-07-01T00:11:44.186+0000] {dag.py:3456} INFO - Setting next_dagrun for example_time_delta_sensor_async to None, run_after=None
[2023-07-01T00:11:44.197+0000] {processor.py:175} INFO - Processing /home/airflow/.local/lib/python3.7/site-packages/airflow/example_dags/example_time_delta_sensor_async.py took 0.061 seconds
[2023-07-01T00:12:14.839+0000] {processor.py:153} INFO - Started process (PID=52756) to work on /home/airflow/.local/lib/python3.7/site-packages/airflow/example_dags/example_time_delta_sensor_async.py
[2023-07-01T00:12:14.840+0000] {processor.py:743} INFO - Processing file /home/airflow/.local/lib/python3.7/site-packages/airflow/example_dags/example_time_delta_sensor_async.py for tasks to queue
[2023-07-01T00:12:14.842+0000] {logging_mixin.py:137} INFO - [2023-07-01T00:12:14.841+0000] {dagbag.py:532} INFO - Filling up the DagBag from /home/airflow/.local/lib/python3.7/site-packages/airflow/example_dags/example_time_delta_sensor_async.py
[2023-07-01T00:12:14.855+0000] {processor.py:753} INFO - DAG(s) dict_keys(['example_time_delta_sensor_async']) retrieved from /home/airflow/.local/lib/python3.7/site-packages/airflow/example_dags/example_time_delta_sensor_async.py
[2023-07-01T00:12:14.877+0000] {logging_mixin.py:137} INFO - [2023-07-01T00:12:14.876+0000] {dag.py:2705} INFO - Sync 1 DAGs
[2023-07-01T00:12:14.891+0000] {logging_mixin.py:137} INFO - [2023-07-01T00:12:14.891+0000] {dag.py:3456} INFO - Setting next_dagrun for example_time_delta_sensor_async to None, run_after=None
[2023-07-01T00:12:14.902+0000] {processor.py:175} INFO - Processing /home/airflow/.local/lib/python3.7/site-packages/airflow/example_dags/example_time_delta_sensor_async.py took 0.067 seconds
[2023-07-01T00:12:45.473+0000] {processor.py:153} INFO - Started process (PID=52813) to work on /home/airflow/.local/lib/python3.7/site-packages/airflow/example_dags/example_time_delta_sensor_async.py
[2023-07-01T00:12:45.474+0000] {processor.py:743} INFO - Processing file /home/airflow/.local/lib/python3.7/site-packages/airflow/example_dags/example_time_delta_sensor_async.py for tasks to queue
[2023-07-01T00:12:45.475+0000] {logging_mixin.py:137} INFO - [2023-07-01T00:12:45.475+0000] {dagbag.py:532} INFO - Filling up the DagBag from /home/airflow/.local/lib/python3.7/site-packages/airflow/example_dags/example_time_delta_sensor_async.py
[2023-07-01T00:12:45.483+0000] {processor.py:753} INFO - DAG(s) dict_keys(['example_time_delta_sensor_async']) retrieved from /home/airflow/.local/lib/python3.7/site-packages/airflow/example_dags/example_time_delta_sensor_async.py
[2023-07-01T00:12:45.502+0000] {logging_mixin.py:137} INFO - [2023-07-01T00:12:45.502+0000] {dag.py:2705} INFO - Sync 1 DAGs
[2023-07-01T00:12:45.516+0000] {logging_mixin.py:137} INFO - [2023-07-01T00:12:45.515+0000] {dag.py:3456} INFO - Setting next_dagrun for example_time_delta_sensor_async to None, run_after=None
[2023-07-01T00:12:45.525+0000] {processor.py:175} INFO - Processing /home/airflow/.local/lib/python3.7/site-packages/airflow/example_dags/example_time_delta_sensor_async.py took 0.055 seconds
[2023-07-01T00:13:16.360+0000] {processor.py:153} INFO - Started process (PID=52870) to work on /home/airflow/.local/lib/python3.7/site-packages/airflow/example_dags/example_time_delta_sensor_async.py
[2023-07-01T00:13:16.362+0000] {processor.py:743} INFO - Processing file /home/airflow/.local/lib/python3.7/site-packages/airflow/example_dags/example_time_delta_sensor_async.py for tasks to queue
[2023-07-01T00:13:16.363+0000] {logging_mixin.py:137} INFO - [2023-07-01T00:13:16.363+0000] {dagbag.py:532} INFO - Filling up the DagBag from /home/airflow/.local/lib/python3.7/site-packages/airflow/example_dags/example_time_delta_sensor_async.py
[2023-07-01T00:13:16.378+0000] {processor.py:753} INFO - DAG(s) dict_keys(['example_time_delta_sensor_async']) retrieved from /home/airflow/.local/lib/python3.7/site-packages/airflow/example_dags/example_time_delta_sensor_async.py
[2023-07-01T00:13:16.407+0000] {logging_mixin.py:137} INFO - [2023-07-01T00:13:16.407+0000] {dag.py:2705} INFO - Sync 1 DAGs
[2023-07-01T00:13:16.421+0000] {logging_mixin.py:137} INFO - [2023-07-01T00:13:16.421+0000] {dag.py:3456} INFO - Setting next_dagrun for example_time_delta_sensor_async to None, run_after=None
[2023-07-01T00:13:16.433+0000] {processor.py:175} INFO - Processing /home/airflow/.local/lib/python3.7/site-packages/airflow/example_dags/example_time_delta_sensor_async.py took 0.079 seconds
[2023-07-01T00:13:46.506+0000] {processor.py:153} INFO - Started process (PID=52928) to work on /home/airflow/.local/lib/python3.7/site-packages/airflow/example_dags/example_time_delta_sensor_async.py
[2023-07-01T00:13:46.508+0000] {processor.py:743} INFO - Processing file /home/airflow/.local/lib/python3.7/site-packages/airflow/example_dags/example_time_delta_sensor_async.py for tasks to queue
[2023-07-01T00:13:46.509+0000] {logging_mixin.py:137} INFO - [2023-07-01T00:13:46.509+0000] {dagbag.py:532} INFO - Filling up the DagBag from /home/airflow/.local/lib/python3.7/site-packages/airflow/example_dags/example_time_delta_sensor_async.py
[2023-07-01T00:13:46.528+0000] {processor.py:753} INFO - DAG(s) dict_keys(['example_time_delta_sensor_async']) retrieved from /home/airflow/.local/lib/python3.7/site-packages/airflow/example_dags/example_time_delta_sensor_async.py
[2023-07-01T00:13:46.568+0000] {logging_mixin.py:137} INFO - [2023-07-01T00:13:46.568+0000] {dag.py:2705} INFO - Sync 1 DAGs
[2023-07-01T00:13:46.589+0000] {logging_mixin.py:137} INFO - [2023-07-01T00:13:46.589+0000] {dag.py:3456} INFO - Setting next_dagrun for example_time_delta_sensor_async to None, run_after=None
[2023-07-01T00:13:46.602+0000] {processor.py:175} INFO - Processing /home/airflow/.local/lib/python3.7/site-packages/airflow/example_dags/example_time_delta_sensor_async.py took 0.102 seconds
[2023-07-01T00:14:16.658+0000] {processor.py:153} INFO - Started process (PID=52985) to work on /home/airflow/.local/lib/python3.7/site-packages/airflow/example_dags/example_time_delta_sensor_async.py
[2023-07-01T00:14:16.659+0000] {processor.py:743} INFO - Processing file /home/airflow/.local/lib/python3.7/site-packages/airflow/example_dags/example_time_delta_sensor_async.py for tasks to queue
[2023-07-01T00:14:16.661+0000] {logging_mixin.py:137} INFO - [2023-07-01T00:14:16.661+0000] {dagbag.py:532} INFO - Filling up the DagBag from /home/airflow/.local/lib/python3.7/site-packages/airflow/example_dags/example_time_delta_sensor_async.py
[2023-07-01T00:14:16.681+0000] {processor.py:753} INFO - DAG(s) dict_keys(['example_time_delta_sensor_async']) retrieved from /home/airflow/.local/lib/python3.7/site-packages/airflow/example_dags/example_time_delta_sensor_async.py
[2023-07-01T00:14:16.715+0000] {logging_mixin.py:137} INFO - [2023-07-01T00:14:16.715+0000] {dag.py:2705} INFO - Sync 1 DAGs
[2023-07-01T00:14:16.738+0000] {logging_mixin.py:137} INFO - [2023-07-01T00:14:16.738+0000] {dag.py:3456} INFO - Setting next_dagrun for example_time_delta_sensor_async to None, run_after=None
[2023-07-01T00:14:16.750+0000] {processor.py:175} INFO - Processing /home/airflow/.local/lib/python3.7/site-packages/airflow/example_dags/example_time_delta_sensor_async.py took 0.097 seconds
[2023-07-01T00:14:46.979+0000] {processor.py:153} INFO - Started process (PID=53042) to work on /home/airflow/.local/lib/python3.7/site-packages/airflow/example_dags/example_time_delta_sensor_async.py
[2023-07-01T00:14:46.980+0000] {processor.py:743} INFO - Processing file /home/airflow/.local/lib/python3.7/site-packages/airflow/example_dags/example_time_delta_sensor_async.py for tasks to queue
[2023-07-01T00:14:46.981+0000] {logging_mixin.py:137} INFO - [2023-07-01T00:14:46.981+0000] {dagbag.py:532} INFO - Filling up the DagBag from /home/airflow/.local/lib/python3.7/site-packages/airflow/example_dags/example_time_delta_sensor_async.py
[2023-07-01T00:14:46.998+0000] {processor.py:753} INFO - DAG(s) dict_keys(['example_time_delta_sensor_async']) retrieved from /home/airflow/.local/lib/python3.7/site-packages/airflow/example_dags/example_time_delta_sensor_async.py
[2023-07-01T00:14:47.023+0000] {logging_mixin.py:137} INFO - [2023-07-01T00:14:47.023+0000] {dag.py:2705} INFO - Sync 1 DAGs
[2023-07-01T00:14:47.041+0000] {logging_mixin.py:137} INFO - [2023-07-01T00:14:47.041+0000] {dag.py:3456} INFO - Setting next_dagrun for example_time_delta_sensor_async to None, run_after=None
[2023-07-01T00:14:47.052+0000] {processor.py:175} INFO - Processing /home/airflow/.local/lib/python3.7/site-packages/airflow/example_dags/example_time_delta_sensor_async.py took 0.080 seconds
[2023-07-01T00:15:17.375+0000] {processor.py:153} INFO - Started process (PID=53099) to work on /home/airflow/.local/lib/python3.7/site-packages/airflow/example_dags/example_time_delta_sensor_async.py
[2023-07-01T00:15:17.376+0000] {processor.py:743} INFO - Processing file /home/airflow/.local/lib/python3.7/site-packages/airflow/example_dags/example_time_delta_sensor_async.py for tasks to queue
[2023-07-01T00:15:17.377+0000] {logging_mixin.py:137} INFO - [2023-07-01T00:15:17.377+0000] {dagbag.py:532} INFO - Filling up the DagBag from /home/airflow/.local/lib/python3.7/site-packages/airflow/example_dags/example_time_delta_sensor_async.py
[2023-07-01T00:15:17.393+0000] {processor.py:753} INFO - DAG(s) dict_keys(['example_time_delta_sensor_async']) retrieved from /home/airflow/.local/lib/python3.7/site-packages/airflow/example_dags/example_time_delta_sensor_async.py
[2023-07-01T00:15:17.426+0000] {logging_mixin.py:137} INFO - [2023-07-01T00:15:17.425+0000] {dag.py:2705} INFO - Sync 1 DAGs
[2023-07-01T00:15:17.442+0000] {logging_mixin.py:137} INFO - [2023-07-01T00:15:17.442+0000] {dag.py:3456} INFO - Setting next_dagrun for example_time_delta_sensor_async to None, run_after=None
[2023-07-01T00:15:17.454+0000] {processor.py:175} INFO - Processing /home/airflow/.local/lib/python3.7/site-packages/airflow/example_dags/example_time_delta_sensor_async.py took 0.083 seconds
[2023-07-01T00:15:47.556+0000] {processor.py:153} INFO - Started process (PID=53155) to work on /home/airflow/.local/lib/python3.7/site-packages/airflow/example_dags/example_time_delta_sensor_async.py
[2023-07-01T00:15:47.558+0000] {processor.py:743} INFO - Processing file /home/airflow/.local/lib/python3.7/site-packages/airflow/example_dags/example_time_delta_sensor_async.py for tasks to queue
[2023-07-01T00:15:47.559+0000] {logging_mixin.py:137} INFO - [2023-07-01T00:15:47.559+0000] {dagbag.py:532} INFO - Filling up the DagBag from /home/airflow/.local/lib/python3.7/site-packages/airflow/example_dags/example_time_delta_sensor_async.py
[2023-07-01T00:15:47.575+0000] {processor.py:753} INFO - DAG(s) dict_keys(['example_time_delta_sensor_async']) retrieved from /home/airflow/.local/lib/python3.7/site-packages/airflow/example_dags/example_time_delta_sensor_async.py
[2023-07-01T00:15:47.599+0000] {logging_mixin.py:137} INFO - [2023-07-01T00:15:47.599+0000] {dag.py:2705} INFO - Sync 1 DAGs
[2023-07-01T00:15:47.615+0000] {logging_mixin.py:137} INFO - [2023-07-01T00:15:47.615+0000] {dag.py:3456} INFO - Setting next_dagrun for example_time_delta_sensor_async to None, run_after=None
[2023-07-01T00:15:47.625+0000] {processor.py:175} INFO - Processing /home/airflow/.local/lib/python3.7/site-packages/airflow/example_dags/example_time_delta_sensor_async.py took 0.075 seconds
[2023-07-01T00:16:17.758+0000] {processor.py:153} INFO - Started process (PID=53212) to work on /home/airflow/.local/lib/python3.7/site-packages/airflow/example_dags/example_time_delta_sensor_async.py
[2023-07-01T00:16:17.760+0000] {processor.py:743} INFO - Processing file /home/airflow/.local/lib/python3.7/site-packages/airflow/example_dags/example_time_delta_sensor_async.py for tasks to queue
[2023-07-01T00:16:17.761+0000] {logging_mixin.py:137} INFO - [2023-07-01T00:16:17.761+0000] {dagbag.py:532} INFO - Filling up the DagBag from /home/airflow/.local/lib/python3.7/site-packages/airflow/example_dags/example_time_delta_sensor_async.py
[2023-07-01T00:16:17.775+0000] {processor.py:753} INFO - DAG(s) dict_keys(['example_time_delta_sensor_async']) retrieved from /home/airflow/.local/lib/python3.7/site-packages/airflow/example_dags/example_time_delta_sensor_async.py
[2023-07-01T00:16:17.799+0000] {logging_mixin.py:137} INFO - [2023-07-01T00:16:17.799+0000] {dag.py:2705} INFO - Sync 1 DAGs
[2023-07-01T00:16:17.814+0000] {logging_mixin.py:137} INFO - [2023-07-01T00:16:17.814+0000] {dag.py:3456} INFO - Setting next_dagrun for example_time_delta_sensor_async to None, run_after=None
[2023-07-01T00:16:17.824+0000] {processor.py:175} INFO - Processing /home/airflow/.local/lib/python3.7/site-packages/airflow/example_dags/example_time_delta_sensor_async.py took 0.072 seconds
[2023-07-01T00:16:48.283+0000] {processor.py:153} INFO - Started process (PID=53269) to work on /home/airflow/.local/lib/python3.7/site-packages/airflow/example_dags/example_time_delta_sensor_async.py
[2023-07-01T00:16:48.285+0000] {processor.py:743} INFO - Processing file /home/airflow/.local/lib/python3.7/site-packages/airflow/example_dags/example_time_delta_sensor_async.py for tasks to queue
[2023-07-01T00:16:48.286+0000] {logging_mixin.py:137} INFO - [2023-07-01T00:16:48.286+0000] {dagbag.py:532} INFO - Filling up the DagBag from /home/airflow/.local/lib/python3.7/site-packages/airflow/example_dags/example_time_delta_sensor_async.py
[2023-07-01T00:16:48.301+0000] {processor.py:753} INFO - DAG(s) dict_keys(['example_time_delta_sensor_async']) retrieved from /home/airflow/.local/lib/python3.7/site-packages/airflow/example_dags/example_time_delta_sensor_async.py
[2023-07-01T00:16:48.324+0000] {logging_mixin.py:137} INFO - [2023-07-01T00:16:48.324+0000] {dag.py:2705} INFO - Sync 1 DAGs
[2023-07-01T00:16:48.343+0000] {logging_mixin.py:137} INFO - [2023-07-01T00:16:48.342+0000] {dag.py:3456} INFO - Setting next_dagrun for example_time_delta_sensor_async to None, run_after=None
[2023-07-01T00:16:48.356+0000] {processor.py:175} INFO - Processing /home/airflow/.local/lib/python3.7/site-packages/airflow/example_dags/example_time_delta_sensor_async.py took 0.078 seconds
[2023-07-01T00:17:18.412+0000] {processor.py:153} INFO - Started process (PID=53326) to work on /home/airflow/.local/lib/python3.7/site-packages/airflow/example_dags/example_time_delta_sensor_async.py
[2023-07-01T00:17:18.412+0000] {processor.py:743} INFO - Processing file /home/airflow/.local/lib/python3.7/site-packages/airflow/example_dags/example_time_delta_sensor_async.py for tasks to queue
[2023-07-01T00:17:18.413+0000] {logging_mixin.py:137} INFO - [2023-07-01T00:17:18.413+0000] {dagbag.py:532} INFO - Filling up the DagBag from /home/airflow/.local/lib/python3.7/site-packages/airflow/example_dags/example_time_delta_sensor_async.py
[2023-07-01T00:17:18.423+0000] {processor.py:753} INFO - DAG(s) dict_keys(['example_time_delta_sensor_async']) retrieved from /home/airflow/.local/lib/python3.7/site-packages/airflow/example_dags/example_time_delta_sensor_async.py
[2023-07-01T00:17:18.442+0000] {logging_mixin.py:137} INFO - [2023-07-01T00:17:18.442+0000] {dag.py:2705} INFO - Sync 1 DAGs
[2023-07-01T00:17:18.457+0000] {logging_mixin.py:137} INFO - [2023-07-01T00:17:18.457+0000] {dag.py:3456} INFO - Setting next_dagrun for example_time_delta_sensor_async to None, run_after=None
[2023-07-01T00:17:18.468+0000] {processor.py:175} INFO - Processing /home/airflow/.local/lib/python3.7/site-packages/airflow/example_dags/example_time_delta_sensor_async.py took 0.061 seconds
[2023-07-01T00:17:49.185+0000] {processor.py:153} INFO - Started process (PID=53383) to work on /home/airflow/.local/lib/python3.7/site-packages/airflow/example_dags/example_time_delta_sensor_async.py
[2023-07-01T00:17:49.186+0000] {processor.py:743} INFO - Processing file /home/airflow/.local/lib/python3.7/site-packages/airflow/example_dags/example_time_delta_sensor_async.py for tasks to queue
[2023-07-01T00:17:49.187+0000] {logging_mixin.py:137} INFO - [2023-07-01T00:17:49.187+0000] {dagbag.py:532} INFO - Filling up the DagBag from /home/airflow/.local/lib/python3.7/site-packages/airflow/example_dags/example_time_delta_sensor_async.py
[2023-07-01T00:17:49.196+0000] {processor.py:753} INFO - DAG(s) dict_keys(['example_time_delta_sensor_async']) retrieved from /home/airflow/.local/lib/python3.7/site-packages/airflow/example_dags/example_time_delta_sensor_async.py
[2023-07-01T00:17:49.214+0000] {logging_mixin.py:137} INFO - [2023-07-01T00:17:49.214+0000] {dag.py:2705} INFO - Sync 1 DAGs
[2023-07-01T00:17:49.229+0000] {logging_mixin.py:137} INFO - [2023-07-01T00:17:49.228+0000] {dag.py:3456} INFO - Setting next_dagrun for example_time_delta_sensor_async to None, run_after=None
[2023-07-01T00:17:49.238+0000] {processor.py:175} INFO - Processing /home/airflow/.local/lib/python3.7/site-packages/airflow/example_dags/example_time_delta_sensor_async.py took 0.055 seconds
[2023-07-01T00:18:19.904+0000] {processor.py:153} INFO - Started process (PID=53440) to work on /home/airflow/.local/lib/python3.7/site-packages/airflow/example_dags/example_time_delta_sensor_async.py
[2023-07-01T00:18:19.905+0000] {processor.py:743} INFO - Processing file /home/airflow/.local/lib/python3.7/site-packages/airflow/example_dags/example_time_delta_sensor_async.py for tasks to queue
[2023-07-01T00:18:19.906+0000] {logging_mixin.py:137} INFO - [2023-07-01T00:18:19.906+0000] {dagbag.py:532} INFO - Filling up the DagBag from /home/airflow/.local/lib/python3.7/site-packages/airflow/example_dags/example_time_delta_sensor_async.py
[2023-07-01T00:18:19.916+0000] {processor.py:753} INFO - DAG(s) dict_keys(['example_time_delta_sensor_async']) retrieved from /home/airflow/.local/lib/python3.7/site-packages/airflow/example_dags/example_time_delta_sensor_async.py
[2023-07-01T00:18:19.934+0000] {logging_mixin.py:137} INFO - [2023-07-01T00:18:19.934+0000] {dag.py:2705} INFO - Sync 1 DAGs
[2023-07-01T00:18:19.951+0000] {logging_mixin.py:137} INFO - [2023-07-01T00:18:19.951+0000] {dag.py:3456} INFO - Setting next_dagrun for example_time_delta_sensor_async to None, run_after=None
[2023-07-01T00:18:19.961+0000] {processor.py:175} INFO - Processing /home/airflow/.local/lib/python3.7/site-packages/airflow/example_dags/example_time_delta_sensor_async.py took 0.060 seconds
[2023-07-01T00:18:50.971+0000] {processor.py:153} INFO - Started process (PID=53497) to work on /home/airflow/.local/lib/python3.7/site-packages/airflow/example_dags/example_time_delta_sensor_async.py
[2023-07-01T00:18:50.973+0000] {processor.py:743} INFO - Processing file /home/airflow/.local/lib/python3.7/site-packages/airflow/example_dags/example_time_delta_sensor_async.py for tasks to queue
[2023-07-01T00:18:50.974+0000] {logging_mixin.py:137} INFO - [2023-07-01T00:18:50.974+0000] {dagbag.py:532} INFO - Filling up the DagBag from /home/airflow/.local/lib/python3.7/site-packages/airflow/example_dags/example_time_delta_sensor_async.py
[2023-07-01T00:18:50.988+0000] {processor.py:753} INFO - DAG(s) dict_keys(['example_time_delta_sensor_async']) retrieved from /home/airflow/.local/lib/python3.7/site-packages/airflow/example_dags/example_time_delta_sensor_async.py
[2023-07-01T00:18:51.008+0000] {logging_mixin.py:137} INFO - [2023-07-01T00:18:51.008+0000] {dag.py:2705} INFO - Sync 1 DAGs
[2023-07-01T00:18:51.025+0000] {logging_mixin.py:137} INFO - [2023-07-01T00:18:51.025+0000] {dag.py:3456} INFO - Setting next_dagrun for example_time_delta_sensor_async to None, run_after=None
[2023-07-01T00:18:51.035+0000] {processor.py:175} INFO - Processing /home/airflow/.local/lib/python3.7/site-packages/airflow/example_dags/example_time_delta_sensor_async.py took 0.066 seconds
[2023-07-01T00:19:21.226+0000] {processor.py:153} INFO - Started process (PID=53555) to work on /home/airflow/.local/lib/python3.7/site-packages/airflow/example_dags/example_time_delta_sensor_async.py
[2023-07-01T00:19:21.227+0000] {processor.py:743} INFO - Processing file /home/airflow/.local/lib/python3.7/site-packages/airflow/example_dags/example_time_delta_sensor_async.py for tasks to queue
[2023-07-01T00:19:21.228+0000] {logging_mixin.py:137} INFO - [2023-07-01T00:19:21.228+0000] {dagbag.py:532} INFO - Filling up the DagBag from /home/airflow/.local/lib/python3.7/site-packages/airflow/example_dags/example_time_delta_sensor_async.py
[2023-07-01T00:19:21.238+0000] {processor.py:753} INFO - DAG(s) dict_keys(['example_time_delta_sensor_async']) retrieved from /home/airflow/.local/lib/python3.7/site-packages/airflow/example_dags/example_time_delta_sensor_async.py
[2023-07-01T00:19:21.256+0000] {logging_mixin.py:137} INFO - [2023-07-01T00:19:21.256+0000] {dag.py:2705} INFO - Sync 1 DAGs
[2023-07-01T00:19:21.272+0000] {logging_mixin.py:137} INFO - [2023-07-01T00:19:21.272+0000] {dag.py:3456} INFO - Setting next_dagrun for example_time_delta_sensor_async to None, run_after=None
[2023-07-01T00:19:21.283+0000] {processor.py:175} INFO - Processing /home/airflow/.local/lib/python3.7/site-packages/airflow/example_dags/example_time_delta_sensor_async.py took 0.060 seconds
[2023-07-01T00:19:51.699+0000] {processor.py:153} INFO - Started process (PID=53612) to work on /home/airflow/.local/lib/python3.7/site-packages/airflow/example_dags/example_time_delta_sensor_async.py
[2023-07-01T00:19:51.700+0000] {processor.py:743} INFO - Processing file /home/airflow/.local/lib/python3.7/site-packages/airflow/example_dags/example_time_delta_sensor_async.py for tasks to queue
[2023-07-01T00:19:51.701+0000] {logging_mixin.py:137} INFO - [2023-07-01T00:19:51.701+0000] {dagbag.py:532} INFO - Filling up the DagBag from /home/airflow/.local/lib/python3.7/site-packages/airflow/example_dags/example_time_delta_sensor_async.py
[2023-07-01T00:19:51.710+0000] {processor.py:753} INFO - DAG(s) dict_keys(['example_time_delta_sensor_async']) retrieved from /home/airflow/.local/lib/python3.7/site-packages/airflow/example_dags/example_time_delta_sensor_async.py
[2023-07-01T00:19:51.728+0000] {logging_mixin.py:137} INFO - [2023-07-01T00:19:51.728+0000] {dag.py:2705} INFO - Sync 1 DAGs
[2023-07-01T00:19:51.742+0000] {logging_mixin.py:137} INFO - [2023-07-01T00:19:51.742+0000] {dag.py:3456} INFO - Setting next_dagrun for example_time_delta_sensor_async to None, run_after=None
[2023-07-01T00:19:51.751+0000] {processor.py:175} INFO - Processing /home/airflow/.local/lib/python3.7/site-packages/airflow/example_dags/example_time_delta_sensor_async.py took 0.055 seconds
[2023-07-01T00:20:22.003+0000] {processor.py:153} INFO - Started process (PID=53669) to work on /home/airflow/.local/lib/python3.7/site-packages/airflow/example_dags/example_time_delta_sensor_async.py
[2023-07-01T00:20:22.004+0000] {processor.py:743} INFO - Processing file /home/airflow/.local/lib/python3.7/site-packages/airflow/example_dags/example_time_delta_sensor_async.py for tasks to queue
[2023-07-01T00:20:22.005+0000] {logging_mixin.py:137} INFO - [2023-07-01T00:20:22.005+0000] {dagbag.py:532} INFO - Filling up the DagBag from /home/airflow/.local/lib/python3.7/site-packages/airflow/example_dags/example_time_delta_sensor_async.py
[2023-07-01T00:20:22.014+0000] {processor.py:753} INFO - DAG(s) dict_keys(['example_time_delta_sensor_async']) retrieved from /home/airflow/.local/lib/python3.7/site-packages/airflow/example_dags/example_time_delta_sensor_async.py
[2023-07-01T00:20:22.031+0000] {logging_mixin.py:137} INFO - [2023-07-01T00:20:22.031+0000] {dag.py:2705} INFO - Sync 1 DAGs
[2023-07-01T00:20:22.046+0000] {logging_mixin.py:137} INFO - [2023-07-01T00:20:22.046+0000] {dag.py:3456} INFO - Setting next_dagrun for example_time_delta_sensor_async to None, run_after=None
[2023-07-01T00:20:22.056+0000] {processor.py:175} INFO - Processing /home/airflow/.local/lib/python3.7/site-packages/airflow/example_dags/example_time_delta_sensor_async.py took 0.055 seconds
[2023-07-01T00:20:52.174+0000] {processor.py:153} INFO - Started process (PID=53727) to work on /home/airflow/.local/lib/python3.7/site-packages/airflow/example_dags/example_time_delta_sensor_async.py
[2023-07-01T00:20:52.175+0000] {processor.py:743} INFO - Processing file /home/airflow/.local/lib/python3.7/site-packages/airflow/example_dags/example_time_delta_sensor_async.py for tasks to queue
[2023-07-01T00:20:52.176+0000] {logging_mixin.py:137} INFO - [2023-07-01T00:20:52.176+0000] {dagbag.py:532} INFO - Filling up the DagBag from /home/airflow/.local/lib/python3.7/site-packages/airflow/example_dags/example_time_delta_sensor_async.py
[2023-07-01T00:20:52.185+0000] {processor.py:753} INFO - DAG(s) dict_keys(['example_time_delta_sensor_async']) retrieved from /home/airflow/.local/lib/python3.7/site-packages/airflow/example_dags/example_time_delta_sensor_async.py
[2023-07-01T00:20:52.202+0000] {logging_mixin.py:137} INFO - [2023-07-01T00:20:52.202+0000] {dag.py:2705} INFO - Sync 1 DAGs
[2023-07-01T00:20:52.216+0000] {logging_mixin.py:137} INFO - [2023-07-01T00:20:52.216+0000] {dag.py:3456} INFO - Setting next_dagrun for example_time_delta_sensor_async to None, run_after=None
[2023-07-01T00:20:52.225+0000] {processor.py:175} INFO - Processing /home/airflow/.local/lib/python3.7/site-packages/airflow/example_dags/example_time_delta_sensor_async.py took 0.053 seconds
[2023-07-01T00:21:22.331+0000] {processor.py:153} INFO - Started process (PID=53784) to work on /home/airflow/.local/lib/python3.7/site-packages/airflow/example_dags/example_time_delta_sensor_async.py
[2023-07-01T00:21:22.331+0000] {processor.py:743} INFO - Processing file /home/airflow/.local/lib/python3.7/site-packages/airflow/example_dags/example_time_delta_sensor_async.py for tasks to queue
[2023-07-01T00:21:22.332+0000] {logging_mixin.py:137} INFO - [2023-07-01T00:21:22.332+0000] {dagbag.py:532} INFO - Filling up the DagBag from /home/airflow/.local/lib/python3.7/site-packages/airflow/example_dags/example_time_delta_sensor_async.py
[2023-07-01T00:21:22.340+0000] {processor.py:753} INFO - DAG(s) dict_keys(['example_time_delta_sensor_async']) retrieved from /home/airflow/.local/lib/python3.7/site-packages/airflow/example_dags/example_time_delta_sensor_async.py
[2023-07-01T00:21:22.357+0000] {logging_mixin.py:137} INFO - [2023-07-01T00:21:22.357+0000] {dag.py:2705} INFO - Sync 1 DAGs
[2023-07-01T00:21:22.371+0000] {logging_mixin.py:137} INFO - [2023-07-01T00:21:22.371+0000] {dag.py:3456} INFO - Setting next_dagrun for example_time_delta_sensor_async to None, run_after=None
[2023-07-01T00:21:22.380+0000] {processor.py:175} INFO - Processing /home/airflow/.local/lib/python3.7/site-packages/airflow/example_dags/example_time_delta_sensor_async.py took 0.052 seconds
[2023-07-01T00:21:53.132+0000] {processor.py:153} INFO - Started process (PID=53842) to work on /home/airflow/.local/lib/python3.7/site-packages/airflow/example_dags/example_time_delta_sensor_async.py
[2023-07-01T00:21:53.133+0000] {processor.py:743} INFO - Processing file /home/airflow/.local/lib/python3.7/site-packages/airflow/example_dags/example_time_delta_sensor_async.py for tasks to queue
[2023-07-01T00:21:53.134+0000] {logging_mixin.py:137} INFO - [2023-07-01T00:21:53.134+0000] {dagbag.py:532} INFO - Filling up the DagBag from /home/airflow/.local/lib/python3.7/site-packages/airflow/example_dags/example_time_delta_sensor_async.py
[2023-07-01T00:21:53.143+0000] {processor.py:753} INFO - DAG(s) dict_keys(['example_time_delta_sensor_async']) retrieved from /home/airflow/.local/lib/python3.7/site-packages/airflow/example_dags/example_time_delta_sensor_async.py
[2023-07-01T00:21:53.161+0000] {logging_mixin.py:137} INFO - [2023-07-01T00:21:53.161+0000] {dag.py:2705} INFO - Sync 1 DAGs
[2023-07-01T00:21:53.175+0000] {logging_mixin.py:137} INFO - [2023-07-01T00:21:53.175+0000] {dag.py:3456} INFO - Setting next_dagrun for example_time_delta_sensor_async to None, run_after=None
[2023-07-01T00:21:53.185+0000] {processor.py:175} INFO - Processing /home/airflow/.local/lib/python3.7/site-packages/airflow/example_dags/example_time_delta_sensor_async.py took 0.055 seconds
[2023-07-01T00:22:24.018+0000] {processor.py:153} INFO - Started process (PID=53899) to work on /home/airflow/.local/lib/python3.7/site-packages/airflow/example_dags/example_time_delta_sensor_async.py
[2023-07-01T00:22:24.019+0000] {processor.py:743} INFO - Processing file /home/airflow/.local/lib/python3.7/site-packages/airflow/example_dags/example_time_delta_sensor_async.py for tasks to queue
[2023-07-01T00:22:24.020+0000] {logging_mixin.py:137} INFO - [2023-07-01T00:22:24.020+0000] {dagbag.py:532} INFO - Filling up the DagBag from /home/airflow/.local/lib/python3.7/site-packages/airflow/example_dags/example_time_delta_sensor_async.py
[2023-07-01T00:22:24.029+0000] {processor.py:753} INFO - DAG(s) dict_keys(['example_time_delta_sensor_async']) retrieved from /home/airflow/.local/lib/python3.7/site-packages/airflow/example_dags/example_time_delta_sensor_async.py
[2023-07-01T00:22:24.048+0000] {logging_mixin.py:137} INFO - [2023-07-01T00:22:24.048+0000] {dag.py:2705} INFO - Sync 1 DAGs
[2023-07-01T00:22:24.063+0000] {logging_mixin.py:137} INFO - [2023-07-01T00:22:24.063+0000] {dag.py:3456} INFO - Setting next_dagrun for example_time_delta_sensor_async to None, run_after=None
[2023-07-01T00:22:24.073+0000] {processor.py:175} INFO - Processing /home/airflow/.local/lib/python3.7/site-packages/airflow/example_dags/example_time_delta_sensor_async.py took 0.058 seconds
[2023-07-01T00:22:54.570+0000] {processor.py:153} INFO - Started process (PID=53956) to work on /home/airflow/.local/lib/python3.7/site-packages/airflow/example_dags/example_time_delta_sensor_async.py
[2023-07-01T00:22:54.571+0000] {processor.py:743} INFO - Processing file /home/airflow/.local/lib/python3.7/site-packages/airflow/example_dags/example_time_delta_sensor_async.py for tasks to queue
[2023-07-01T00:22:54.572+0000] {logging_mixin.py:137} INFO - [2023-07-01T00:22:54.572+0000] {dagbag.py:532} INFO - Filling up the DagBag from /home/airflow/.local/lib/python3.7/site-packages/airflow/example_dags/example_time_delta_sensor_async.py
[2023-07-01T00:22:54.581+0000] {processor.py:753} INFO - DAG(s) dict_keys(['example_time_delta_sensor_async']) retrieved from /home/airflow/.local/lib/python3.7/site-packages/airflow/example_dags/example_time_delta_sensor_async.py
[2023-07-01T00:22:54.599+0000] {logging_mixin.py:137} INFO - [2023-07-01T00:22:54.599+0000] {dag.py:2705} INFO - Sync 1 DAGs
[2023-07-01T00:22:54.613+0000] {logging_mixin.py:137} INFO - [2023-07-01T00:22:54.613+0000] {dag.py:3456} INFO - Setting next_dagrun for example_time_delta_sensor_async to None, run_after=None
[2023-07-01T00:22:54.624+0000] {processor.py:175} INFO - Processing /home/airflow/.local/lib/python3.7/site-packages/airflow/example_dags/example_time_delta_sensor_async.py took 0.056 seconds
[2023-07-01T00:23:25.258+0000] {processor.py:153} INFO - Started process (PID=54013) to work on /home/airflow/.local/lib/python3.7/site-packages/airflow/example_dags/example_time_delta_sensor_async.py
[2023-07-01T00:23:25.259+0000] {processor.py:743} INFO - Processing file /home/airflow/.local/lib/python3.7/site-packages/airflow/example_dags/example_time_delta_sensor_async.py for tasks to queue
[2023-07-01T00:23:25.259+0000] {logging_mixin.py:137} INFO - [2023-07-01T00:23:25.259+0000] {dagbag.py:532} INFO - Filling up the DagBag from /home/airflow/.local/lib/python3.7/site-packages/airflow/example_dags/example_time_delta_sensor_async.py
[2023-07-01T00:23:25.268+0000] {processor.py:753} INFO - DAG(s) dict_keys(['example_time_delta_sensor_async']) retrieved from /home/airflow/.local/lib/python3.7/site-packages/airflow/example_dags/example_time_delta_sensor_async.py
[2023-07-01T00:23:25.286+0000] {logging_mixin.py:137} INFO - [2023-07-01T00:23:25.286+0000] {dag.py:2705} INFO - Sync 1 DAGs
[2023-07-01T00:23:25.300+0000] {logging_mixin.py:137} INFO - [2023-07-01T00:23:25.300+0000] {dag.py:3456} INFO - Setting next_dagrun for example_time_delta_sensor_async to None, run_after=None
[2023-07-01T00:23:25.309+0000] {processor.py:175} INFO - Processing /home/airflow/.local/lib/python3.7/site-packages/airflow/example_dags/example_time_delta_sensor_async.py took 0.054 seconds
[2023-07-01T00:23:56.138+0000] {processor.py:153} INFO - Started process (PID=54070) to work on /home/airflow/.local/lib/python3.7/site-packages/airflow/example_dags/example_time_delta_sensor_async.py
[2023-07-01T00:23:56.138+0000] {processor.py:743} INFO - Processing file /home/airflow/.local/lib/python3.7/site-packages/airflow/example_dags/example_time_delta_sensor_async.py for tasks to queue
[2023-07-01T00:23:56.139+0000] {logging_mixin.py:137} INFO - [2023-07-01T00:23:56.139+0000] {dagbag.py:532} INFO - Filling up the DagBag from /home/airflow/.local/lib/python3.7/site-packages/airflow/example_dags/example_time_delta_sensor_async.py
[2023-07-01T00:23:56.147+0000] {processor.py:753} INFO - DAG(s) dict_keys(['example_time_delta_sensor_async']) retrieved from /home/airflow/.local/lib/python3.7/site-packages/airflow/example_dags/example_time_delta_sensor_async.py
[2023-07-01T00:23:56.165+0000] {logging_mixin.py:137} INFO - [2023-07-01T00:23:56.165+0000] {dag.py:2705} INFO - Sync 1 DAGs
[2023-07-01T00:23:56.179+0000] {logging_mixin.py:137} INFO - [2023-07-01T00:23:56.179+0000] {dag.py:3456} INFO - Setting next_dagrun for example_time_delta_sensor_async to None, run_after=None
[2023-07-01T00:23:56.189+0000] {processor.py:175} INFO - Processing /home/airflow/.local/lib/python3.7/site-packages/airflow/example_dags/example_time_delta_sensor_async.py took 0.055 seconds
[2023-07-01T00:24:26.795+0000] {processor.py:153} INFO - Started process (PID=54127) to work on /home/airflow/.local/lib/python3.7/site-packages/airflow/example_dags/example_time_delta_sensor_async.py
[2023-07-01T00:24:26.796+0000] {processor.py:743} INFO - Processing file /home/airflow/.local/lib/python3.7/site-packages/airflow/example_dags/example_time_delta_sensor_async.py for tasks to queue
[2023-07-01T00:24:26.796+0000] {logging_mixin.py:137} INFO - [2023-07-01T00:24:26.796+0000] {dagbag.py:532} INFO - Filling up the DagBag from /home/airflow/.local/lib/python3.7/site-packages/airflow/example_dags/example_time_delta_sensor_async.py
[2023-07-01T00:24:26.805+0000] {processor.py:753} INFO - DAG(s) dict_keys(['example_time_delta_sensor_async']) retrieved from /home/airflow/.local/lib/python3.7/site-packages/airflow/example_dags/example_time_delta_sensor_async.py
[2023-07-01T00:24:26.822+0000] {logging_mixin.py:137} INFO - [2023-07-01T00:24:26.822+0000] {dag.py:2705} INFO - Sync 1 DAGs
[2023-07-01T00:24:26.835+0000] {logging_mixin.py:137} INFO - [2023-07-01T00:24:26.835+0000] {dag.py:3456} INFO - Setting next_dagrun for example_time_delta_sensor_async to None, run_after=None
[2023-07-01T00:24:26.845+0000] {processor.py:175} INFO - Processing /home/airflow/.local/lib/python3.7/site-packages/airflow/example_dags/example_time_delta_sensor_async.py took 0.052 seconds
[2023-07-01T00:24:57.579+0000] {processor.py:153} INFO - Started process (PID=54183) to work on /home/airflow/.local/lib/python3.7/site-packages/airflow/example_dags/example_time_delta_sensor_async.py
[2023-07-01T00:24:57.580+0000] {processor.py:743} INFO - Processing file /home/airflow/.local/lib/python3.7/site-packages/airflow/example_dags/example_time_delta_sensor_async.py for tasks to queue
[2023-07-01T00:24:57.580+0000] {logging_mixin.py:137} INFO - [2023-07-01T00:24:57.580+0000] {dagbag.py:532} INFO - Filling up the DagBag from /home/airflow/.local/lib/python3.7/site-packages/airflow/example_dags/example_time_delta_sensor_async.py
[2023-07-01T00:24:57.592+0000] {processor.py:753} INFO - DAG(s) dict_keys(['example_time_delta_sensor_async']) retrieved from /home/airflow/.local/lib/python3.7/site-packages/airflow/example_dags/example_time_delta_sensor_async.py
[2023-07-01T00:24:57.611+0000] {logging_mixin.py:137} INFO - [2023-07-01T00:24:57.611+0000] {dag.py:2705} INFO - Sync 1 DAGs
[2023-07-01T00:24:57.630+0000] {logging_mixin.py:137} INFO - [2023-07-01T00:24:57.630+0000] {dag.py:3456} INFO - Setting next_dagrun for example_time_delta_sensor_async to None, run_after=None
[2023-07-01T00:24:57.642+0000] {processor.py:175} INFO - Processing /home/airflow/.local/lib/python3.7/site-packages/airflow/example_dags/example_time_delta_sensor_async.py took 0.067 seconds
[2023-07-01T00:25:27.862+0000] {processor.py:153} INFO - Started process (PID=54240) to work on /home/airflow/.local/lib/python3.7/site-packages/airflow/example_dags/example_time_delta_sensor_async.py
[2023-07-01T00:25:27.863+0000] {processor.py:743} INFO - Processing file /home/airflow/.local/lib/python3.7/site-packages/airflow/example_dags/example_time_delta_sensor_async.py for tasks to queue
[2023-07-01T00:25:27.864+0000] {logging_mixin.py:137} INFO - [2023-07-01T00:25:27.864+0000] {dagbag.py:532} INFO - Filling up the DagBag from /home/airflow/.local/lib/python3.7/site-packages/airflow/example_dags/example_time_delta_sensor_async.py
[2023-07-01T00:25:27.873+0000] {processor.py:753} INFO - DAG(s) dict_keys(['example_time_delta_sensor_async']) retrieved from /home/airflow/.local/lib/python3.7/site-packages/airflow/example_dags/example_time_delta_sensor_async.py
[2023-07-01T00:25:27.890+0000] {logging_mixin.py:137} INFO - [2023-07-01T00:25:27.890+0000] {dag.py:2705} INFO - Sync 1 DAGs
[2023-07-01T00:25:27.904+0000] {logging_mixin.py:137} INFO - [2023-07-01T00:25:27.904+0000] {dag.py:3456} INFO - Setting next_dagrun for example_time_delta_sensor_async to None, run_after=None
[2023-07-01T00:25:27.914+0000] {processor.py:175} INFO - Processing /home/airflow/.local/lib/python3.7/site-packages/airflow/example_dags/example_time_delta_sensor_async.py took 0.054 seconds
[2023-07-01T00:25:58.069+0000] {processor.py:153} INFO - Started process (PID=54298) to work on /home/airflow/.local/lib/python3.7/site-packages/airflow/example_dags/example_time_delta_sensor_async.py
[2023-07-01T00:25:58.070+0000] {processor.py:743} INFO - Processing file /home/airflow/.local/lib/python3.7/site-packages/airflow/example_dags/example_time_delta_sensor_async.py for tasks to queue
[2023-07-01T00:25:58.071+0000] {logging_mixin.py:137} INFO - [2023-07-01T00:25:58.071+0000] {dagbag.py:532} INFO - Filling up the DagBag from /home/airflow/.local/lib/python3.7/site-packages/airflow/example_dags/example_time_delta_sensor_async.py
[2023-07-01T00:25:58.081+0000] {processor.py:753} INFO - DAG(s) dict_keys(['example_time_delta_sensor_async']) retrieved from /home/airflow/.local/lib/python3.7/site-packages/airflow/example_dags/example_time_delta_sensor_async.py
[2023-07-01T00:25:58.100+0000] {logging_mixin.py:137} INFO - [2023-07-01T00:25:58.100+0000] {dag.py:2705} INFO - Sync 1 DAGs
[2023-07-01T00:25:58.117+0000] {logging_mixin.py:137} INFO - [2023-07-01T00:25:58.117+0000] {dag.py:3456} INFO - Setting next_dagrun for example_time_delta_sensor_async to None, run_after=None
[2023-07-01T00:25:58.127+0000] {processor.py:175} INFO - Processing /home/airflow/.local/lib/python3.7/site-packages/airflow/example_dags/example_time_delta_sensor_async.py took 0.061 seconds
[2023-07-01T00:26:29.091+0000] {processor.py:153} INFO - Started process (PID=54355) to work on /home/airflow/.local/lib/python3.7/site-packages/airflow/example_dags/example_time_delta_sensor_async.py
[2023-07-01T00:26:29.092+0000] {processor.py:743} INFO - Processing file /home/airflow/.local/lib/python3.7/site-packages/airflow/example_dags/example_time_delta_sensor_async.py for tasks to queue
[2023-07-01T00:26:29.093+0000] {logging_mixin.py:137} INFO - [2023-07-01T00:26:29.093+0000] {dagbag.py:532} INFO - Filling up the DagBag from /home/airflow/.local/lib/python3.7/site-packages/airflow/example_dags/example_time_delta_sensor_async.py
[2023-07-01T00:26:29.103+0000] {processor.py:753} INFO - DAG(s) dict_keys(['example_time_delta_sensor_async']) retrieved from /home/airflow/.local/lib/python3.7/site-packages/airflow/example_dags/example_time_delta_sensor_async.py
[2023-07-01T00:26:29.123+0000] {logging_mixin.py:137} INFO - [2023-07-01T00:26:29.123+0000] {dag.py:2705} INFO - Sync 1 DAGs
[2023-07-01T00:26:29.137+0000] {logging_mixin.py:137} INFO - [2023-07-01T00:26:29.137+0000] {dag.py:3456} INFO - Setting next_dagrun for example_time_delta_sensor_async to None, run_after=None
[2023-07-01T00:26:29.147+0000] {processor.py:175} INFO - Processing /home/airflow/.local/lib/python3.7/site-packages/airflow/example_dags/example_time_delta_sensor_async.py took 0.058 seconds
[2023-07-01T00:26:59.811+0000] {processor.py:153} INFO - Started process (PID=54412) to work on /home/airflow/.local/lib/python3.7/site-packages/airflow/example_dags/example_time_delta_sensor_async.py
[2023-07-01T00:26:59.812+0000] {processor.py:743} INFO - Processing file /home/airflow/.local/lib/python3.7/site-packages/airflow/example_dags/example_time_delta_sensor_async.py for tasks to queue
[2023-07-01T00:26:59.814+0000] {logging_mixin.py:137} INFO - [2023-07-01T00:26:59.814+0000] {dagbag.py:532} INFO - Filling up the DagBag from /home/airflow/.local/lib/python3.7/site-packages/airflow/example_dags/example_time_delta_sensor_async.py
[2023-07-01T00:26:59.824+0000] {processor.py:753} INFO - DAG(s) dict_keys(['example_time_delta_sensor_async']) retrieved from /home/airflow/.local/lib/python3.7/site-packages/airflow/example_dags/example_time_delta_sensor_async.py
[2023-07-01T00:26:59.843+0000] {logging_mixin.py:137} INFO - [2023-07-01T00:26:59.843+0000] {dag.py:2705} INFO - Sync 1 DAGs
[2023-07-01T00:26:59.858+0000] {logging_mixin.py:137} INFO - [2023-07-01T00:26:59.858+0000] {dag.py:3456} INFO - Setting next_dagrun for example_time_delta_sensor_async to None, run_after=None
[2023-07-01T00:26:59.869+0000] {processor.py:175} INFO - Processing /home/airflow/.local/lib/python3.7/site-packages/airflow/example_dags/example_time_delta_sensor_async.py took 0.060 seconds
[2023-07-01T00:27:30.739+0000] {processor.py:153} INFO - Started process (PID=54469) to work on /home/airflow/.local/lib/python3.7/site-packages/airflow/example_dags/example_time_delta_sensor_async.py
[2023-07-01T00:27:30.740+0000] {processor.py:743} INFO - Processing file /home/airflow/.local/lib/python3.7/site-packages/airflow/example_dags/example_time_delta_sensor_async.py for tasks to queue
[2023-07-01T00:27:30.741+0000] {logging_mixin.py:137} INFO - [2023-07-01T00:27:30.741+0000] {dagbag.py:532} INFO - Filling up the DagBag from /home/airflow/.local/lib/python3.7/site-packages/airflow/example_dags/example_time_delta_sensor_async.py
[2023-07-01T00:27:30.750+0000] {processor.py:753} INFO - DAG(s) dict_keys(['example_time_delta_sensor_async']) retrieved from /home/airflow/.local/lib/python3.7/site-packages/airflow/example_dags/example_time_delta_sensor_async.py
[2023-07-01T00:27:30.767+0000] {logging_mixin.py:137} INFO - [2023-07-01T00:27:30.767+0000] {dag.py:2705} INFO - Sync 1 DAGs
[2023-07-01T00:27:30.781+0000] {logging_mixin.py:137} INFO - [2023-07-01T00:27:30.781+0000] {dag.py:3456} INFO - Setting next_dagrun for example_time_delta_sensor_async to None, run_after=None
[2023-07-01T00:27:30.790+0000] {processor.py:175} INFO - Processing /home/airflow/.local/lib/python3.7/site-packages/airflow/example_dags/example_time_delta_sensor_async.py took 0.053 seconds
[2023-07-01T00:28:01.537+0000] {processor.py:153} INFO - Started process (PID=54525) to work on /home/airflow/.local/lib/python3.7/site-packages/airflow/example_dags/example_time_delta_sensor_async.py
[2023-07-01T00:28:01.539+0000] {processor.py:743} INFO - Processing file /home/airflow/.local/lib/python3.7/site-packages/airflow/example_dags/example_time_delta_sensor_async.py for tasks to queue
[2023-07-01T00:28:01.539+0000] {logging_mixin.py:137} INFO - [2023-07-01T00:28:01.539+0000] {dagbag.py:532} INFO - Filling up the DagBag from /home/airflow/.local/lib/python3.7/site-packages/airflow/example_dags/example_time_delta_sensor_async.py
[2023-07-01T00:28:01.547+0000] {processor.py:753} INFO - DAG(s) dict_keys(['example_time_delta_sensor_async']) retrieved from /home/airflow/.local/lib/python3.7/site-packages/airflow/example_dags/example_time_delta_sensor_async.py
[2023-07-01T00:28:01.564+0000] {logging_mixin.py:137} INFO - [2023-07-01T00:28:01.564+0000] {dag.py:2705} INFO - Sync 1 DAGs
[2023-07-01T00:28:01.578+0000] {logging_mixin.py:137} INFO - [2023-07-01T00:28:01.578+0000] {dag.py:3456} INFO - Setting next_dagrun for example_time_delta_sensor_async to None, run_after=None
[2023-07-01T00:28:01.588+0000] {processor.py:175} INFO - Processing /home/airflow/.local/lib/python3.7/site-packages/airflow/example_dags/example_time_delta_sensor_async.py took 0.053 seconds
[2023-07-01T00:28:32.341+0000] {processor.py:153} INFO - Started process (PID=54582) to work on /home/airflow/.local/lib/python3.7/site-packages/airflow/example_dags/example_time_delta_sensor_async.py
[2023-07-01T00:28:32.342+0000] {processor.py:743} INFO - Processing file /home/airflow/.local/lib/python3.7/site-packages/airflow/example_dags/example_time_delta_sensor_async.py for tasks to queue
[2023-07-01T00:28:32.342+0000] {logging_mixin.py:137} INFO - [2023-07-01T00:28:32.342+0000] {dagbag.py:532} INFO - Filling up the DagBag from /home/airflow/.local/lib/python3.7/site-packages/airflow/example_dags/example_time_delta_sensor_async.py
[2023-07-01T00:28:32.350+0000] {processor.py:753} INFO - DAG(s) dict_keys(['example_time_delta_sensor_async']) retrieved from /home/airflow/.local/lib/python3.7/site-packages/airflow/example_dags/example_time_delta_sensor_async.py
[2023-07-01T00:28:32.367+0000] {logging_mixin.py:137} INFO - [2023-07-01T00:28:32.367+0000] {dag.py:2705} INFO - Sync 1 DAGs
[2023-07-01T00:28:32.381+0000] {logging_mixin.py:137} INFO - [2023-07-01T00:28:32.381+0000] {dag.py:3456} INFO - Setting next_dagrun for example_time_delta_sensor_async to None, run_after=None
[2023-07-01T00:28:32.390+0000] {processor.py:175} INFO - Processing /home/airflow/.local/lib/python3.7/site-packages/airflow/example_dags/example_time_delta_sensor_async.py took 0.052 seconds
[2023-07-01T00:29:03.089+0000] {processor.py:153} INFO - Started process (PID=54640) to work on /home/airflow/.local/lib/python3.7/site-packages/airflow/example_dags/example_time_delta_sensor_async.py
[2023-07-01T00:29:03.090+0000] {processor.py:743} INFO - Processing file /home/airflow/.local/lib/python3.7/site-packages/airflow/example_dags/example_time_delta_sensor_async.py for tasks to queue
[2023-07-01T00:29:03.091+0000] {logging_mixin.py:137} INFO - [2023-07-01T00:29:03.091+0000] {dagbag.py:532} INFO - Filling up the DagBag from /home/airflow/.local/lib/python3.7/site-packages/airflow/example_dags/example_time_delta_sensor_async.py
[2023-07-01T00:29:03.100+0000] {processor.py:753} INFO - DAG(s) dict_keys(['example_time_delta_sensor_async']) retrieved from /home/airflow/.local/lib/python3.7/site-packages/airflow/example_dags/example_time_delta_sensor_async.py
[2023-07-01T00:29:03.117+0000] {logging_mixin.py:137} INFO - [2023-07-01T00:29:03.117+0000] {dag.py:2705} INFO - Sync 1 DAGs
[2023-07-01T00:29:03.131+0000] {logging_mixin.py:137} INFO - [2023-07-01T00:29:03.131+0000] {dag.py:3456} INFO - Setting next_dagrun for example_time_delta_sensor_async to None, run_after=None
[2023-07-01T00:29:03.141+0000] {processor.py:175} INFO - Processing /home/airflow/.local/lib/python3.7/site-packages/airflow/example_dags/example_time_delta_sensor_async.py took 0.054 seconds
[2023-07-01T00:29:34.124+0000] {processor.py:153} INFO - Started process (PID=54697) to work on /home/airflow/.local/lib/python3.7/site-packages/airflow/example_dags/example_time_delta_sensor_async.py
[2023-07-01T00:29:34.125+0000] {processor.py:743} INFO - Processing file /home/airflow/.local/lib/python3.7/site-packages/airflow/example_dags/example_time_delta_sensor_async.py for tasks to queue
[2023-07-01T00:29:34.125+0000] {logging_mixin.py:137} INFO - [2023-07-01T00:29:34.125+0000] {dagbag.py:532} INFO - Filling up the DagBag from /home/airflow/.local/lib/python3.7/site-packages/airflow/example_dags/example_time_delta_sensor_async.py
[2023-07-01T00:29:34.134+0000] {processor.py:753} INFO - DAG(s) dict_keys(['example_time_delta_sensor_async']) retrieved from /home/airflow/.local/lib/python3.7/site-packages/airflow/example_dags/example_time_delta_sensor_async.py
[2023-07-01T00:29:34.150+0000] {logging_mixin.py:137} INFO - [2023-07-01T00:29:34.150+0000] {dag.py:2705} INFO - Sync 1 DAGs
[2023-07-01T00:29:34.165+0000] {logging_mixin.py:137} INFO - [2023-07-01T00:29:34.165+0000] {dag.py:3456} INFO - Setting next_dagrun for example_time_delta_sensor_async to None, run_after=None
[2023-07-01T00:29:34.174+0000] {processor.py:175} INFO - Processing /home/airflow/.local/lib/python3.7/site-packages/airflow/example_dags/example_time_delta_sensor_async.py took 0.053 seconds
[2023-07-01T00:30:04.287+0000] {processor.py:153} INFO - Started process (PID=54755) to work on /home/airflow/.local/lib/python3.7/site-packages/airflow/example_dags/example_time_delta_sensor_async.py
[2023-07-01T00:30:04.288+0000] {processor.py:743} INFO - Processing file /home/airflow/.local/lib/python3.7/site-packages/airflow/example_dags/example_time_delta_sensor_async.py for tasks to queue
[2023-07-01T00:30:04.288+0000] {logging_mixin.py:137} INFO - [2023-07-01T00:30:04.288+0000] {dagbag.py:532} INFO - Filling up the DagBag from /home/airflow/.local/lib/python3.7/site-packages/airflow/example_dags/example_time_delta_sensor_async.py
[2023-07-01T00:30:04.297+0000] {processor.py:753} INFO - DAG(s) dict_keys(['example_time_delta_sensor_async']) retrieved from /home/airflow/.local/lib/python3.7/site-packages/airflow/example_dags/example_time_delta_sensor_async.py
[2023-07-01T00:30:04.314+0000] {logging_mixin.py:137} INFO - [2023-07-01T00:30:04.314+0000] {dag.py:2705} INFO - Sync 1 DAGs
[2023-07-01T00:30:04.328+0000] {logging_mixin.py:137} INFO - [2023-07-01T00:30:04.328+0000] {dag.py:3456} INFO - Setting next_dagrun for example_time_delta_sensor_async to None, run_after=None
[2023-07-01T00:30:04.337+0000] {processor.py:175} INFO - Processing /home/airflow/.local/lib/python3.7/site-packages/airflow/example_dags/example_time_delta_sensor_async.py took 0.053 seconds
[2023-07-01T00:30:35.134+0000] {processor.py:153} INFO - Started process (PID=54812) to work on /home/airflow/.local/lib/python3.7/site-packages/airflow/example_dags/example_time_delta_sensor_async.py
[2023-07-01T00:30:35.135+0000] {processor.py:743} INFO - Processing file /home/airflow/.local/lib/python3.7/site-packages/airflow/example_dags/example_time_delta_sensor_async.py for tasks to queue
[2023-07-01T00:30:35.136+0000] {logging_mixin.py:137} INFO - [2023-07-01T00:30:35.135+0000] {dagbag.py:532} INFO - Filling up the DagBag from /home/airflow/.local/lib/python3.7/site-packages/airflow/example_dags/example_time_delta_sensor_async.py
[2023-07-01T00:30:35.144+0000] {processor.py:753} INFO - DAG(s) dict_keys(['example_time_delta_sensor_async']) retrieved from /home/airflow/.local/lib/python3.7/site-packages/airflow/example_dags/example_time_delta_sensor_async.py
[2023-07-01T00:30:35.161+0000] {logging_mixin.py:137} INFO - [2023-07-01T00:30:35.161+0000] {dag.py:2705} INFO - Sync 1 DAGs
[2023-07-01T00:30:35.175+0000] {logging_mixin.py:137} INFO - [2023-07-01T00:30:35.175+0000] {dag.py:3456} INFO - Setting next_dagrun for example_time_delta_sensor_async to None, run_after=None
[2023-07-01T00:30:35.184+0000] {processor.py:175} INFO - Processing /home/airflow/.local/lib/python3.7/site-packages/airflow/example_dags/example_time_delta_sensor_async.py took 0.052 seconds
[2023-07-01T00:31:05.855+0000] {processor.py:153} INFO - Started process (PID=54870) to work on /home/airflow/.local/lib/python3.7/site-packages/airflow/example_dags/example_time_delta_sensor_async.py
[2023-07-01T00:31:05.856+0000] {processor.py:743} INFO - Processing file /home/airflow/.local/lib/python3.7/site-packages/airflow/example_dags/example_time_delta_sensor_async.py for tasks to queue
[2023-07-01T00:31:05.857+0000] {logging_mixin.py:137} INFO - [2023-07-01T00:31:05.857+0000] {dagbag.py:532} INFO - Filling up the DagBag from /home/airflow/.local/lib/python3.7/site-packages/airflow/example_dags/example_time_delta_sensor_async.py
[2023-07-01T00:31:05.866+0000] {processor.py:753} INFO - DAG(s) dict_keys(['example_time_delta_sensor_async']) retrieved from /home/airflow/.local/lib/python3.7/site-packages/airflow/example_dags/example_time_delta_sensor_async.py
[2023-07-01T00:31:05.883+0000] {logging_mixin.py:137} INFO - [2023-07-01T00:31:05.883+0000] {dag.py:2705} INFO - Sync 1 DAGs
[2023-07-01T00:31:05.897+0000] {logging_mixin.py:137} INFO - [2023-07-01T00:31:05.897+0000] {dag.py:3456} INFO - Setting next_dagrun for example_time_delta_sensor_async to None, run_after=None
[2023-07-01T00:31:05.907+0000] {processor.py:175} INFO - Processing /home/airflow/.local/lib/python3.7/site-packages/airflow/example_dags/example_time_delta_sensor_async.py took 0.053 seconds
[2023-07-01T00:31:36.773+0000] {processor.py:153} INFO - Started process (PID=54927) to work on /home/airflow/.local/lib/python3.7/site-packages/airflow/example_dags/example_time_delta_sensor_async.py
[2023-07-01T00:31:36.773+0000] {processor.py:743} INFO - Processing file /home/airflow/.local/lib/python3.7/site-packages/airflow/example_dags/example_time_delta_sensor_async.py for tasks to queue
[2023-07-01T00:31:36.774+0000] {logging_mixin.py:137} INFO - [2023-07-01T00:31:36.774+0000] {dagbag.py:532} INFO - Filling up the DagBag from /home/airflow/.local/lib/python3.7/site-packages/airflow/example_dags/example_time_delta_sensor_async.py
[2023-07-01T00:31:36.783+0000] {processor.py:753} INFO - DAG(s) dict_keys(['example_time_delta_sensor_async']) retrieved from /home/airflow/.local/lib/python3.7/site-packages/airflow/example_dags/example_time_delta_sensor_async.py
[2023-07-01T00:31:36.801+0000] {logging_mixin.py:137} INFO - [2023-07-01T00:31:36.801+0000] {dag.py:2705} INFO - Sync 1 DAGs
[2023-07-01T00:31:36.815+0000] {logging_mixin.py:137} INFO - [2023-07-01T00:31:36.815+0000] {dag.py:3456} INFO - Setting next_dagrun for example_time_delta_sensor_async to None, run_after=None
[2023-07-01T00:31:36.825+0000] {processor.py:175} INFO - Processing /home/airflow/.local/lib/python3.7/site-packages/airflow/example_dags/example_time_delta_sensor_async.py took 0.055 seconds
[2023-07-01T00:32:07.764+0000] {processor.py:153} INFO - Started process (PID=54984) to work on /home/airflow/.local/lib/python3.7/site-packages/airflow/example_dags/example_time_delta_sensor_async.py
[2023-07-01T00:32:07.765+0000] {processor.py:743} INFO - Processing file /home/airflow/.local/lib/python3.7/site-packages/airflow/example_dags/example_time_delta_sensor_async.py for tasks to queue
[2023-07-01T00:32:07.765+0000] {logging_mixin.py:137} INFO - [2023-07-01T00:32:07.765+0000] {dagbag.py:532} INFO - Filling up the DagBag from /home/airflow/.local/lib/python3.7/site-packages/airflow/example_dags/example_time_delta_sensor_async.py
[2023-07-01T00:32:07.774+0000] {processor.py:753} INFO - DAG(s) dict_keys(['example_time_delta_sensor_async']) retrieved from /home/airflow/.local/lib/python3.7/site-packages/airflow/example_dags/example_time_delta_sensor_async.py
[2023-07-01T00:32:07.792+0000] {logging_mixin.py:137} INFO - [2023-07-01T00:32:07.792+0000] {dag.py:2705} INFO - Sync 1 DAGs
[2023-07-01T00:32:07.806+0000] {logging_mixin.py:137} INFO - [2023-07-01T00:32:07.806+0000] {dag.py:3456} INFO - Setting next_dagrun for example_time_delta_sensor_async to None, run_after=None
[2023-07-01T00:32:07.816+0000] {processor.py:175} INFO - Processing /home/airflow/.local/lib/python3.7/site-packages/airflow/example_dags/example_time_delta_sensor_async.py took 0.055 seconds
[2023-07-01T00:32:38.698+0000] {processor.py:153} INFO - Started process (PID=55042) to work on /home/airflow/.local/lib/python3.7/site-packages/airflow/example_dags/example_time_delta_sensor_async.py
[2023-07-01T00:32:38.699+0000] {processor.py:743} INFO - Processing file /home/airflow/.local/lib/python3.7/site-packages/airflow/example_dags/example_time_delta_sensor_async.py for tasks to queue
[2023-07-01T00:32:38.700+0000] {logging_mixin.py:137} INFO - [2023-07-01T00:32:38.700+0000] {dagbag.py:532} INFO - Filling up the DagBag from /home/airflow/.local/lib/python3.7/site-packages/airflow/example_dags/example_time_delta_sensor_async.py
[2023-07-01T00:32:38.709+0000] {processor.py:753} INFO - DAG(s) dict_keys(['example_time_delta_sensor_async']) retrieved from /home/airflow/.local/lib/python3.7/site-packages/airflow/example_dags/example_time_delta_sensor_async.py
[2023-07-01T00:32:38.727+0000] {logging_mixin.py:137} INFO - [2023-07-01T00:32:38.727+0000] {dag.py:2705} INFO - Sync 1 DAGs
[2023-07-01T00:32:38.742+0000] {logging_mixin.py:137} INFO - [2023-07-01T00:32:38.742+0000] {dag.py:3456} INFO - Setting next_dagrun for example_time_delta_sensor_async to None, run_after=None
[2023-07-01T00:32:38.751+0000] {processor.py:175} INFO - Processing /home/airflow/.local/lib/python3.7/site-packages/airflow/example_dags/example_time_delta_sensor_async.py took 0.057 seconds
[2023-07-01T00:33:08.929+0000] {processor.py:153} INFO - Started process (PID=55099) to work on /home/airflow/.local/lib/python3.7/site-packages/airflow/example_dags/example_time_delta_sensor_async.py
[2023-07-01T00:33:08.930+0000] {processor.py:743} INFO - Processing file /home/airflow/.local/lib/python3.7/site-packages/airflow/example_dags/example_time_delta_sensor_async.py for tasks to queue
[2023-07-01T00:33:08.931+0000] {logging_mixin.py:137} INFO - [2023-07-01T00:33:08.931+0000] {dagbag.py:532} INFO - Filling up the DagBag from /home/airflow/.local/lib/python3.7/site-packages/airflow/example_dags/example_time_delta_sensor_async.py
[2023-07-01T00:33:08.939+0000] {processor.py:753} INFO - DAG(s) dict_keys(['example_time_delta_sensor_async']) retrieved from /home/airflow/.local/lib/python3.7/site-packages/airflow/example_dags/example_time_delta_sensor_async.py
[2023-07-01T00:33:08.962+0000] {logging_mixin.py:137} INFO - [2023-07-01T00:33:08.962+0000] {dag.py:2705} INFO - Sync 1 DAGs
[2023-07-01T00:33:08.978+0000] {logging_mixin.py:137} INFO - [2023-07-01T00:33:08.978+0000] {dag.py:3456} INFO - Setting next_dagrun for example_time_delta_sensor_async to None, run_after=None
[2023-07-01T00:33:08.989+0000] {processor.py:175} INFO - Processing /home/airflow/.local/lib/python3.7/site-packages/airflow/example_dags/example_time_delta_sensor_async.py took 0.062 seconds
[2023-07-01T00:33:39.115+0000] {processor.py:153} INFO - Started process (PID=55156) to work on /home/airflow/.local/lib/python3.7/site-packages/airflow/example_dags/example_time_delta_sensor_async.py
[2023-07-01T00:33:39.116+0000] {processor.py:743} INFO - Processing file /home/airflow/.local/lib/python3.7/site-packages/airflow/example_dags/example_time_delta_sensor_async.py for tasks to queue
[2023-07-01T00:33:39.117+0000] {logging_mixin.py:137} INFO - [2023-07-01T00:33:39.117+0000] {dagbag.py:532} INFO - Filling up the DagBag from /home/airflow/.local/lib/python3.7/site-packages/airflow/example_dags/example_time_delta_sensor_async.py
[2023-07-01T00:33:39.128+0000] {processor.py:753} INFO - DAG(s) dict_keys(['example_time_delta_sensor_async']) retrieved from /home/airflow/.local/lib/python3.7/site-packages/airflow/example_dags/example_time_delta_sensor_async.py
[2023-07-01T00:33:39.150+0000] {logging_mixin.py:137} INFO - [2023-07-01T00:33:39.150+0000] {dag.py:2705} INFO - Sync 1 DAGs
[2023-07-01T00:33:39.165+0000] {logging_mixin.py:137} INFO - [2023-07-01T00:33:39.165+0000] {dag.py:3456} INFO - Setting next_dagrun for example_time_delta_sensor_async to None, run_after=None
[2023-07-01T00:33:39.176+0000] {processor.py:175} INFO - Processing /home/airflow/.local/lib/python3.7/site-packages/airflow/example_dags/example_time_delta_sensor_async.py took 0.065 seconds
[2023-07-01T00:34:09.298+0000] {processor.py:153} INFO - Started process (PID=55213) to work on /home/airflow/.local/lib/python3.7/site-packages/airflow/example_dags/example_time_delta_sensor_async.py
[2023-07-01T00:34:09.299+0000] {processor.py:743} INFO - Processing file /home/airflow/.local/lib/python3.7/site-packages/airflow/example_dags/example_time_delta_sensor_async.py for tasks to queue
[2023-07-01T00:34:09.300+0000] {logging_mixin.py:137} INFO - [2023-07-01T00:34:09.300+0000] {dagbag.py:532} INFO - Filling up the DagBag from /home/airflow/.local/lib/python3.7/site-packages/airflow/example_dags/example_time_delta_sensor_async.py
[2023-07-01T00:34:09.309+0000] {processor.py:753} INFO - DAG(s) dict_keys(['example_time_delta_sensor_async']) retrieved from /home/airflow/.local/lib/python3.7/site-packages/airflow/example_dags/example_time_delta_sensor_async.py
[2023-07-01T00:34:09.327+0000] {logging_mixin.py:137} INFO - [2023-07-01T00:34:09.327+0000] {dag.py:2705} INFO - Sync 1 DAGs
[2023-07-01T00:34:09.342+0000] {logging_mixin.py:137} INFO - [2023-07-01T00:34:09.342+0000] {dag.py:3456} INFO - Setting next_dagrun for example_time_delta_sensor_async to None, run_after=None
[2023-07-01T00:34:09.351+0000] {processor.py:175} INFO - Processing /home/airflow/.local/lib/python3.7/site-packages/airflow/example_dags/example_time_delta_sensor_async.py took 0.056 seconds
[2023-07-01T00:34:40.157+0000] {processor.py:153} INFO - Started process (PID=55270) to work on /home/airflow/.local/lib/python3.7/site-packages/airflow/example_dags/example_time_delta_sensor_async.py
[2023-07-01T00:34:40.158+0000] {processor.py:743} INFO - Processing file /home/airflow/.local/lib/python3.7/site-packages/airflow/example_dags/example_time_delta_sensor_async.py for tasks to queue
[2023-07-01T00:34:40.159+0000] {logging_mixin.py:137} INFO - [2023-07-01T00:34:40.159+0000] {dagbag.py:532} INFO - Filling up the DagBag from /home/airflow/.local/lib/python3.7/site-packages/airflow/example_dags/example_time_delta_sensor_async.py
[2023-07-01T00:34:40.168+0000] {processor.py:753} INFO - DAG(s) dict_keys(['example_time_delta_sensor_async']) retrieved from /home/airflow/.local/lib/python3.7/site-packages/airflow/example_dags/example_time_delta_sensor_async.py
[2023-07-01T00:34:40.186+0000] {logging_mixin.py:137} INFO - [2023-07-01T00:34:40.186+0000] {dag.py:2705} INFO - Sync 1 DAGs
[2023-07-01T00:34:40.204+0000] {logging_mixin.py:137} INFO - [2023-07-01T00:34:40.204+0000] {dag.py:3456} INFO - Setting next_dagrun for example_time_delta_sensor_async to None, run_after=None
[2023-07-01T00:34:40.214+0000] {processor.py:175} INFO - Processing /home/airflow/.local/lib/python3.7/site-packages/airflow/example_dags/example_time_delta_sensor_async.py took 0.061 seconds
