[2023-07-01T00:00:23.362+0000] {processor.py:153} INFO - Started process (PID=51419) to work on /home/airflow/.local/lib/python3.7/site-packages/airflow/example_dags/example_xcom.py
[2023-07-01T00:00:23.362+0000] {processor.py:743} INFO - Processing file /home/airflow/.local/lib/python3.7/site-packages/airflow/example_dags/example_xcom.py for tasks to queue
[2023-07-01T00:00:23.363+0000] {logging_mixin.py:137} INFO - [2023-07-01T00:00:23.363+0000] {dagbag.py:532} INFO - Filling up the DagBag from /home/airflow/.local/lib/python3.7/site-packages/airflow/example_dags/example_xcom.py
[2023-07-01T00:00:23.379+0000] {processor.py:753} INFO - DAG(s) dict_keys(['example_xcom']) retrieved from /home/airflow/.local/lib/python3.7/site-packages/airflow/example_dags/example_xcom.py
[2023-07-01T00:00:23.400+0000] {logging_mixin.py:137} INFO - [2023-07-01T00:00:23.400+0000] {dag.py:2705} INFO - Sync 1 DAGs
[2023-07-01T00:00:23.419+0000] {logging_mixin.py:137} INFO - [2023-07-01T00:00:23.419+0000] {dag.py:3456} INFO - Setting next_dagrun for example_xcom to 2021-01-01T00:00:00+00:00, run_after=2021-01-01T00:00:00+00:00
[2023-07-01T00:00:23.433+0000] {processor.py:175} INFO - Processing /home/airflow/.local/lib/python3.7/site-packages/airflow/example_dags/example_xcom.py took 0.075 seconds
[2023-07-01T00:00:53.611+0000] {processor.py:153} INFO - Started process (PID=51475) to work on /home/airflow/.local/lib/python3.7/site-packages/airflow/example_dags/example_xcom.py
[2023-07-01T00:00:53.612+0000] {processor.py:743} INFO - Processing file /home/airflow/.local/lib/python3.7/site-packages/airflow/example_dags/example_xcom.py for tasks to queue
[2023-07-01T00:00:53.612+0000] {logging_mixin.py:137} INFO - [2023-07-01T00:00:53.612+0000] {dagbag.py:532} INFO - Filling up the DagBag from /home/airflow/.local/lib/python3.7/site-packages/airflow/example_dags/example_xcom.py
[2023-07-01T00:00:53.628+0000] {processor.py:753} INFO - DAG(s) dict_keys(['example_xcom']) retrieved from /home/airflow/.local/lib/python3.7/site-packages/airflow/example_dags/example_xcom.py
[2023-07-01T00:00:53.646+0000] {logging_mixin.py:137} INFO - [2023-07-01T00:00:53.646+0000] {dag.py:2705} INFO - Sync 1 DAGs
[2023-07-01T00:00:53.660+0000] {logging_mixin.py:137} INFO - [2023-07-01T00:00:53.660+0000] {dag.py:3456} INFO - Setting next_dagrun for example_xcom to 2021-01-01T00:00:00+00:00, run_after=2021-01-01T00:00:00+00:00
[2023-07-01T00:00:53.670+0000] {processor.py:175} INFO - Processing /home/airflow/.local/lib/python3.7/site-packages/airflow/example_dags/example_xcom.py took 0.062 seconds
[2023-07-01T00:01:24.510+0000] {processor.py:153} INFO - Started process (PID=51533) to work on /home/airflow/.local/lib/python3.7/site-packages/airflow/example_dags/example_xcom.py
[2023-07-01T00:01:24.511+0000] {processor.py:743} INFO - Processing file /home/airflow/.local/lib/python3.7/site-packages/airflow/example_dags/example_xcom.py for tasks to queue
[2023-07-01T00:01:24.513+0000] {logging_mixin.py:137} INFO - [2023-07-01T00:01:24.513+0000] {dagbag.py:532} INFO - Filling up the DagBag from /home/airflow/.local/lib/python3.7/site-packages/airflow/example_dags/example_xcom.py
[2023-07-01T00:01:24.527+0000] {processor.py:753} INFO - DAG(s) dict_keys(['example_xcom']) retrieved from /home/airflow/.local/lib/python3.7/site-packages/airflow/example_dags/example_xcom.py
[2023-07-01T00:01:24.543+0000] {logging_mixin.py:137} INFO - [2023-07-01T00:01:24.543+0000] {dag.py:2705} INFO - Sync 1 DAGs
[2023-07-01T00:01:24.557+0000] {logging_mixin.py:137} INFO - [2023-07-01T00:01:24.556+0000] {dag.py:3456} INFO - Setting next_dagrun for example_xcom to 2021-01-01T00:00:00+00:00, run_after=2021-01-01T00:00:00+00:00
[2023-07-01T00:01:24.566+0000] {processor.py:175} INFO - Processing /home/airflow/.local/lib/python3.7/site-packages/airflow/example_dags/example_xcom.py took 0.058 seconds
[2023-07-01T00:01:55.248+0000] {processor.py:153} INFO - Started process (PID=51589) to work on /home/airflow/.local/lib/python3.7/site-packages/airflow/example_dags/example_xcom.py
[2023-07-01T00:01:55.251+0000] {processor.py:743} INFO - Processing file /home/airflow/.local/lib/python3.7/site-packages/airflow/example_dags/example_xcom.py for tasks to queue
[2023-07-01T00:01:55.253+0000] {logging_mixin.py:137} INFO - [2023-07-01T00:01:55.253+0000] {dagbag.py:532} INFO - Filling up the DagBag from /home/airflow/.local/lib/python3.7/site-packages/airflow/example_dags/example_xcom.py
[2023-07-01T00:01:55.267+0000] {processor.py:753} INFO - DAG(s) dict_keys(['example_xcom']) retrieved from /home/airflow/.local/lib/python3.7/site-packages/airflow/example_dags/example_xcom.py
[2023-07-01T00:01:55.284+0000] {logging_mixin.py:137} INFO - [2023-07-01T00:01:55.284+0000] {dag.py:2705} INFO - Sync 1 DAGs
[2023-07-01T00:01:55.297+0000] {logging_mixin.py:137} INFO - [2023-07-01T00:01:55.297+0000] {dag.py:3456} INFO - Setting next_dagrun for example_xcom to 2021-01-01T00:00:00+00:00, run_after=2021-01-01T00:00:00+00:00
[2023-07-01T00:01:55.307+0000] {processor.py:175} INFO - Processing /home/airflow/.local/lib/python3.7/site-packages/airflow/example_dags/example_xcom.py took 0.062 seconds
[2023-07-01T00:02:26.000+0000] {processor.py:153} INFO - Started process (PID=51645) to work on /home/airflow/.local/lib/python3.7/site-packages/airflow/example_dags/example_xcom.py
[2023-07-01T00:02:26.001+0000] {processor.py:743} INFO - Processing file /home/airflow/.local/lib/python3.7/site-packages/airflow/example_dags/example_xcom.py for tasks to queue
[2023-07-01T00:02:26.002+0000] {logging_mixin.py:137} INFO - [2023-07-01T00:02:26.002+0000] {dagbag.py:532} INFO - Filling up the DagBag from /home/airflow/.local/lib/python3.7/site-packages/airflow/example_dags/example_xcom.py
[2023-07-01T00:02:26.016+0000] {processor.py:753} INFO - DAG(s) dict_keys(['example_xcom']) retrieved from /home/airflow/.local/lib/python3.7/site-packages/airflow/example_dags/example_xcom.py
[2023-07-01T00:02:26.033+0000] {logging_mixin.py:137} INFO - [2023-07-01T00:02:26.033+0000] {dag.py:2705} INFO - Sync 1 DAGs
[2023-07-01T00:02:26.046+0000] {logging_mixin.py:137} INFO - [2023-07-01T00:02:26.046+0000] {dag.py:3456} INFO - Setting next_dagrun for example_xcom to 2021-01-01T00:00:00+00:00, run_after=2021-01-01T00:00:00+00:00
[2023-07-01T00:02:26.056+0000] {processor.py:175} INFO - Processing /home/airflow/.local/lib/python3.7/site-packages/airflow/example_dags/example_xcom.py took 0.058 seconds
[2023-07-01T00:02:57.015+0000] {processor.py:153} INFO - Started process (PID=51702) to work on /home/airflow/.local/lib/python3.7/site-packages/airflow/example_dags/example_xcom.py
[2023-07-01T00:02:57.016+0000] {processor.py:743} INFO - Processing file /home/airflow/.local/lib/python3.7/site-packages/airflow/example_dags/example_xcom.py for tasks to queue
[2023-07-01T00:02:57.018+0000] {logging_mixin.py:137} INFO - [2023-07-01T00:02:57.018+0000] {dagbag.py:532} INFO - Filling up the DagBag from /home/airflow/.local/lib/python3.7/site-packages/airflow/example_dags/example_xcom.py
[2023-07-01T00:02:57.032+0000] {processor.py:753} INFO - DAG(s) dict_keys(['example_xcom']) retrieved from /home/airflow/.local/lib/python3.7/site-packages/airflow/example_dags/example_xcom.py
[2023-07-01T00:02:57.049+0000] {logging_mixin.py:137} INFO - [2023-07-01T00:02:57.049+0000] {dag.py:2705} INFO - Sync 1 DAGs
[2023-07-01T00:02:57.063+0000] {logging_mixin.py:137} INFO - [2023-07-01T00:02:57.063+0000] {dag.py:3456} INFO - Setting next_dagrun for example_xcom to 2021-01-01T00:00:00+00:00, run_after=2021-01-01T00:00:00+00:00
[2023-07-01T00:02:57.072+0000] {processor.py:175} INFO - Processing /home/airflow/.local/lib/python3.7/site-packages/airflow/example_dags/example_xcom.py took 0.059 seconds
[2023-07-01T00:03:27.174+0000] {processor.py:153} INFO - Started process (PID=51759) to work on /home/airflow/.local/lib/python3.7/site-packages/airflow/example_dags/example_xcom.py
[2023-07-01T00:03:27.175+0000] {processor.py:743} INFO - Processing file /home/airflow/.local/lib/python3.7/site-packages/airflow/example_dags/example_xcom.py for tasks to queue
[2023-07-01T00:03:27.175+0000] {logging_mixin.py:137} INFO - [2023-07-01T00:03:27.175+0000] {dagbag.py:532} INFO - Filling up the DagBag from /home/airflow/.local/lib/python3.7/site-packages/airflow/example_dags/example_xcom.py
[2023-07-01T00:03:27.190+0000] {processor.py:753} INFO - DAG(s) dict_keys(['example_xcom']) retrieved from /home/airflow/.local/lib/python3.7/site-packages/airflow/example_dags/example_xcom.py
[2023-07-01T00:03:27.209+0000] {logging_mixin.py:137} INFO - [2023-07-01T00:03:27.209+0000] {dag.py:2705} INFO - Sync 1 DAGs
[2023-07-01T00:03:27.223+0000] {logging_mixin.py:137} INFO - [2023-07-01T00:03:27.222+0000] {dag.py:3456} INFO - Setting next_dagrun for example_xcom to 2021-01-01T00:00:00+00:00, run_after=2021-01-01T00:00:00+00:00
[2023-07-01T00:03:27.232+0000] {processor.py:175} INFO - Processing /home/airflow/.local/lib/python3.7/site-packages/airflow/example_dags/example_xcom.py took 0.061 seconds
[2023-07-01T00:03:58.068+0000] {processor.py:153} INFO - Started process (PID=51816) to work on /home/airflow/.local/lib/python3.7/site-packages/airflow/example_dags/example_xcom.py
[2023-07-01T00:03:58.069+0000] {processor.py:743} INFO - Processing file /home/airflow/.local/lib/python3.7/site-packages/airflow/example_dags/example_xcom.py for tasks to queue
[2023-07-01T00:03:58.070+0000] {logging_mixin.py:137} INFO - [2023-07-01T00:03:58.070+0000] {dagbag.py:532} INFO - Filling up the DagBag from /home/airflow/.local/lib/python3.7/site-packages/airflow/example_dags/example_xcom.py
[2023-07-01T00:03:58.087+0000] {processor.py:753} INFO - DAG(s) dict_keys(['example_xcom']) retrieved from /home/airflow/.local/lib/python3.7/site-packages/airflow/example_dags/example_xcom.py
[2023-07-01T00:03:58.105+0000] {logging_mixin.py:137} INFO - [2023-07-01T00:03:58.104+0000] {dag.py:2705} INFO - Sync 1 DAGs
[2023-07-01T00:03:58.119+0000] {logging_mixin.py:137} INFO - [2023-07-01T00:03:58.119+0000] {dag.py:3456} INFO - Setting next_dagrun for example_xcom to 2021-01-01T00:00:00+00:00, run_after=2021-01-01T00:00:00+00:00
[2023-07-01T00:03:58.129+0000] {processor.py:175} INFO - Processing /home/airflow/.local/lib/python3.7/site-packages/airflow/example_dags/example_xcom.py took 0.064 seconds
[2023-07-01T00:04:28.986+0000] {processor.py:153} INFO - Started process (PID=51873) to work on /home/airflow/.local/lib/python3.7/site-packages/airflow/example_dags/example_xcom.py
[2023-07-01T00:04:28.987+0000] {processor.py:743} INFO - Processing file /home/airflow/.local/lib/python3.7/site-packages/airflow/example_dags/example_xcom.py for tasks to queue
[2023-07-01T00:04:28.988+0000] {logging_mixin.py:137} INFO - [2023-07-01T00:04:28.988+0000] {dagbag.py:532} INFO - Filling up the DagBag from /home/airflow/.local/lib/python3.7/site-packages/airflow/example_dags/example_xcom.py
[2023-07-01T00:04:29.004+0000] {processor.py:753} INFO - DAG(s) dict_keys(['example_xcom']) retrieved from /home/airflow/.local/lib/python3.7/site-packages/airflow/example_dags/example_xcom.py
[2023-07-01T00:04:29.023+0000] {logging_mixin.py:137} INFO - [2023-07-01T00:04:29.023+0000] {dag.py:2705} INFO - Sync 1 DAGs
[2023-07-01T00:04:29.037+0000] {logging_mixin.py:137} INFO - [2023-07-01T00:04:29.037+0000] {dag.py:3456} INFO - Setting next_dagrun for example_xcom to 2021-01-01T00:00:00+00:00, run_after=2021-01-01T00:00:00+00:00
[2023-07-01T00:04:29.047+0000] {processor.py:175} INFO - Processing /home/airflow/.local/lib/python3.7/site-packages/airflow/example_dags/example_xcom.py took 0.064 seconds
[2023-07-01T00:04:59.823+0000] {processor.py:153} INFO - Started process (PID=51929) to work on /home/airflow/.local/lib/python3.7/site-packages/airflow/example_dags/example_xcom.py
[2023-07-01T00:04:59.824+0000] {processor.py:743} INFO - Processing file /home/airflow/.local/lib/python3.7/site-packages/airflow/example_dags/example_xcom.py for tasks to queue
[2023-07-01T00:04:59.825+0000] {logging_mixin.py:137} INFO - [2023-07-01T00:04:59.825+0000] {dagbag.py:532} INFO - Filling up the DagBag from /home/airflow/.local/lib/python3.7/site-packages/airflow/example_dags/example_xcom.py
[2023-07-01T00:04:59.840+0000] {processor.py:753} INFO - DAG(s) dict_keys(['example_xcom']) retrieved from /home/airflow/.local/lib/python3.7/site-packages/airflow/example_dags/example_xcom.py
[2023-07-01T00:04:59.857+0000] {logging_mixin.py:137} INFO - [2023-07-01T00:04:59.857+0000] {dag.py:2705} INFO - Sync 1 DAGs
[2023-07-01T00:04:59.870+0000] {logging_mixin.py:137} INFO - [2023-07-01T00:04:59.870+0000] {dag.py:3456} INFO - Setting next_dagrun for example_xcom to 2021-01-01T00:00:00+00:00, run_after=2021-01-01T00:00:00+00:00
[2023-07-01T00:04:59.879+0000] {processor.py:175} INFO - Processing /home/airflow/.local/lib/python3.7/site-packages/airflow/example_dags/example_xcom.py took 0.059 seconds
[2023-07-01T00:05:30.818+0000] {processor.py:153} INFO - Started process (PID=51986) to work on /home/airflow/.local/lib/python3.7/site-packages/airflow/example_dags/example_xcom.py
[2023-07-01T00:05:30.819+0000] {processor.py:743} INFO - Processing file /home/airflow/.local/lib/python3.7/site-packages/airflow/example_dags/example_xcom.py for tasks to queue
[2023-07-01T00:05:30.819+0000] {logging_mixin.py:137} INFO - [2023-07-01T00:05:30.819+0000] {dagbag.py:532} INFO - Filling up the DagBag from /home/airflow/.local/lib/python3.7/site-packages/airflow/example_dags/example_xcom.py
[2023-07-01T00:05:30.834+0000] {processor.py:753} INFO - DAG(s) dict_keys(['example_xcom']) retrieved from /home/airflow/.local/lib/python3.7/site-packages/airflow/example_dags/example_xcom.py
[2023-07-01T00:05:30.854+0000] {logging_mixin.py:137} INFO - [2023-07-01T00:05:30.854+0000] {dag.py:2705} INFO - Sync 1 DAGs
[2023-07-01T00:05:30.868+0000] {logging_mixin.py:137} INFO - [2023-07-01T00:05:30.868+0000] {dag.py:3456} INFO - Setting next_dagrun for example_xcom to 2021-01-01T00:00:00+00:00, run_after=2021-01-01T00:00:00+00:00
[2023-07-01T00:05:30.879+0000] {processor.py:175} INFO - Processing /home/airflow/.local/lib/python3.7/site-packages/airflow/example_dags/example_xcom.py took 0.065 seconds
[2023-07-01T00:06:01.144+0000] {processor.py:153} INFO - Started process (PID=52043) to work on /home/airflow/.local/lib/python3.7/site-packages/airflow/example_dags/example_xcom.py
[2023-07-01T00:06:01.146+0000] {processor.py:743} INFO - Processing file /home/airflow/.local/lib/python3.7/site-packages/airflow/example_dags/example_xcom.py for tasks to queue
[2023-07-01T00:06:01.147+0000] {logging_mixin.py:137} INFO - [2023-07-01T00:06:01.147+0000] {dagbag.py:532} INFO - Filling up the DagBag from /home/airflow/.local/lib/python3.7/site-packages/airflow/example_dags/example_xcom.py
[2023-07-01T00:06:01.164+0000] {processor.py:753} INFO - DAG(s) dict_keys(['example_xcom']) retrieved from /home/airflow/.local/lib/python3.7/site-packages/airflow/example_dags/example_xcom.py
[2023-07-01T00:06:01.185+0000] {logging_mixin.py:137} INFO - [2023-07-01T00:06:01.185+0000] {dag.py:2705} INFO - Sync 1 DAGs
[2023-07-01T00:06:01.200+0000] {logging_mixin.py:137} INFO - [2023-07-01T00:06:01.200+0000] {dag.py:3456} INFO - Setting next_dagrun for example_xcom to 2021-01-01T00:00:00+00:00, run_after=2021-01-01T00:00:00+00:00
[2023-07-01T00:06:01.210+0000] {processor.py:175} INFO - Processing /home/airflow/.local/lib/python3.7/site-packages/airflow/example_dags/example_xcom.py took 0.070 seconds
[2023-07-01T00:06:31.306+0000] {processor.py:153} INFO - Started process (PID=52100) to work on /home/airflow/.local/lib/python3.7/site-packages/airflow/example_dags/example_xcom.py
[2023-07-01T00:06:31.307+0000] {processor.py:743} INFO - Processing file /home/airflow/.local/lib/python3.7/site-packages/airflow/example_dags/example_xcom.py for tasks to queue
[2023-07-01T00:06:31.307+0000] {logging_mixin.py:137} INFO - [2023-07-01T00:06:31.307+0000] {dagbag.py:532} INFO - Filling up the DagBag from /home/airflow/.local/lib/python3.7/site-packages/airflow/example_dags/example_xcom.py
[2023-07-01T00:06:31.322+0000] {processor.py:753} INFO - DAG(s) dict_keys(['example_xcom']) retrieved from /home/airflow/.local/lib/python3.7/site-packages/airflow/example_dags/example_xcom.py
[2023-07-01T00:06:31.339+0000] {logging_mixin.py:137} INFO - [2023-07-01T00:06:31.338+0000] {dag.py:2705} INFO - Sync 1 DAGs
[2023-07-01T00:06:31.353+0000] {logging_mixin.py:137} INFO - [2023-07-01T00:06:31.353+0000] {dag.py:3456} INFO - Setting next_dagrun for example_xcom to 2021-01-01T00:00:00+00:00, run_after=2021-01-01T00:00:00+00:00
[2023-07-01T00:06:31.362+0000] {processor.py:175} INFO - Processing /home/airflow/.local/lib/python3.7/site-packages/airflow/example_dags/example_xcom.py took 0.060 seconds
[2023-07-01T00:07:02.007+0000] {processor.py:153} INFO - Started process (PID=52157) to work on /home/airflow/.local/lib/python3.7/site-packages/airflow/example_dags/example_xcom.py
[2023-07-01T00:07:02.008+0000] {processor.py:743} INFO - Processing file /home/airflow/.local/lib/python3.7/site-packages/airflow/example_dags/example_xcom.py for tasks to queue
[2023-07-01T00:07:02.009+0000] {logging_mixin.py:137} INFO - [2023-07-01T00:07:02.009+0000] {dagbag.py:532} INFO - Filling up the DagBag from /home/airflow/.local/lib/python3.7/site-packages/airflow/example_dags/example_xcom.py
[2023-07-01T00:07:02.025+0000] {processor.py:753} INFO - DAG(s) dict_keys(['example_xcom']) retrieved from /home/airflow/.local/lib/python3.7/site-packages/airflow/example_dags/example_xcom.py
[2023-07-01T00:07:02.043+0000] {logging_mixin.py:137} INFO - [2023-07-01T00:07:02.043+0000] {dag.py:2705} INFO - Sync 1 DAGs
[2023-07-01T00:07:02.056+0000] {logging_mixin.py:137} INFO - [2023-07-01T00:07:02.056+0000] {dag.py:3456} INFO - Setting next_dagrun for example_xcom to 2021-01-01T00:00:00+00:00, run_after=2021-01-01T00:00:00+00:00
[2023-07-01T00:07:02.066+0000] {processor.py:175} INFO - Processing /home/airflow/.local/lib/python3.7/site-packages/airflow/example_dags/example_xcom.py took 0.061 seconds
[2023-07-01T00:07:32.814+0000] {processor.py:153} INFO - Started process (PID=52214) to work on /home/airflow/.local/lib/python3.7/site-packages/airflow/example_dags/example_xcom.py
[2023-07-01T00:07:32.815+0000] {processor.py:743} INFO - Processing file /home/airflow/.local/lib/python3.7/site-packages/airflow/example_dags/example_xcom.py for tasks to queue
[2023-07-01T00:07:32.816+0000] {logging_mixin.py:137} INFO - [2023-07-01T00:07:32.816+0000] {dagbag.py:532} INFO - Filling up the DagBag from /home/airflow/.local/lib/python3.7/site-packages/airflow/example_dags/example_xcom.py
[2023-07-01T00:07:32.832+0000] {processor.py:753} INFO - DAG(s) dict_keys(['example_xcom']) retrieved from /home/airflow/.local/lib/python3.7/site-packages/airflow/example_dags/example_xcom.py
[2023-07-01T00:07:32.848+0000] {logging_mixin.py:137} INFO - [2023-07-01T00:07:32.848+0000] {dag.py:2705} INFO - Sync 1 DAGs
[2023-07-01T00:07:32.862+0000] {logging_mixin.py:137} INFO - [2023-07-01T00:07:32.861+0000] {dag.py:3456} INFO - Setting next_dagrun for example_xcom to 2021-01-01T00:00:00+00:00, run_after=2021-01-01T00:00:00+00:00
[2023-07-01T00:07:32.871+0000] {processor.py:175} INFO - Processing /home/airflow/.local/lib/python3.7/site-packages/airflow/example_dags/example_xcom.py took 0.059 seconds
[2023-07-01T00:08:03.419+0000] {processor.py:153} INFO - Started process (PID=52271) to work on /home/airflow/.local/lib/python3.7/site-packages/airflow/example_dags/example_xcom.py
[2023-07-01T00:08:03.420+0000] {processor.py:743} INFO - Processing file /home/airflow/.local/lib/python3.7/site-packages/airflow/example_dags/example_xcom.py for tasks to queue
[2023-07-01T00:08:03.420+0000] {logging_mixin.py:137} INFO - [2023-07-01T00:08:03.420+0000] {dagbag.py:532} INFO - Filling up the DagBag from /home/airflow/.local/lib/python3.7/site-packages/airflow/example_dags/example_xcom.py
[2023-07-01T00:08:03.434+0000] {processor.py:753} INFO - DAG(s) dict_keys(['example_xcom']) retrieved from /home/airflow/.local/lib/python3.7/site-packages/airflow/example_dags/example_xcom.py
[2023-07-01T00:08:03.453+0000] {logging_mixin.py:137} INFO - [2023-07-01T00:08:03.453+0000] {dag.py:2705} INFO - Sync 1 DAGs
[2023-07-01T00:08:03.466+0000] {logging_mixin.py:137} INFO - [2023-07-01T00:08:03.466+0000] {dag.py:3456} INFO - Setting next_dagrun for example_xcom to 2021-01-01T00:00:00+00:00, run_after=2021-01-01T00:00:00+00:00
[2023-07-01T00:08:03.476+0000] {processor.py:175} INFO - Processing /home/airflow/.local/lib/python3.7/site-packages/airflow/example_dags/example_xcom.py took 0.060 seconds
[2023-07-01T00:08:33.756+0000] {processor.py:153} INFO - Started process (PID=52328) to work on /home/airflow/.local/lib/python3.7/site-packages/airflow/example_dags/example_xcom.py
[2023-07-01T00:08:33.757+0000] {processor.py:743} INFO - Processing file /home/airflow/.local/lib/python3.7/site-packages/airflow/example_dags/example_xcom.py for tasks to queue
[2023-07-01T00:08:33.758+0000] {logging_mixin.py:137} INFO - [2023-07-01T00:08:33.758+0000] {dagbag.py:532} INFO - Filling up the DagBag from /home/airflow/.local/lib/python3.7/site-packages/airflow/example_dags/example_xcom.py
[2023-07-01T00:08:33.773+0000] {processor.py:753} INFO - DAG(s) dict_keys(['example_xcom']) retrieved from /home/airflow/.local/lib/python3.7/site-packages/airflow/example_dags/example_xcom.py
[2023-07-01T00:08:33.791+0000] {logging_mixin.py:137} INFO - [2023-07-01T00:08:33.790+0000] {dag.py:2705} INFO - Sync 1 DAGs
[2023-07-01T00:08:33.805+0000] {logging_mixin.py:137} INFO - [2023-07-01T00:08:33.805+0000] {dag.py:3456} INFO - Setting next_dagrun for example_xcom to 2021-01-01T00:00:00+00:00, run_after=2021-01-01T00:00:00+00:00
[2023-07-01T00:08:33.814+0000] {processor.py:175} INFO - Processing /home/airflow/.local/lib/python3.7/site-packages/airflow/example_dags/example_xcom.py took 0.061 seconds
[2023-07-01T00:09:04.010+0000] {processor.py:153} INFO - Started process (PID=52385) to work on /home/airflow/.local/lib/python3.7/site-packages/airflow/example_dags/example_xcom.py
[2023-07-01T00:09:04.011+0000] {processor.py:743} INFO - Processing file /home/airflow/.local/lib/python3.7/site-packages/airflow/example_dags/example_xcom.py for tasks to queue
[2023-07-01T00:09:04.012+0000] {logging_mixin.py:137} INFO - [2023-07-01T00:09:04.012+0000] {dagbag.py:532} INFO - Filling up the DagBag from /home/airflow/.local/lib/python3.7/site-packages/airflow/example_dags/example_xcom.py
[2023-07-01T00:09:04.027+0000] {processor.py:753} INFO - DAG(s) dict_keys(['example_xcom']) retrieved from /home/airflow/.local/lib/python3.7/site-packages/airflow/example_dags/example_xcom.py
[2023-07-01T00:09:04.046+0000] {logging_mixin.py:137} INFO - [2023-07-01T00:09:04.046+0000] {dag.py:2705} INFO - Sync 1 DAGs
[2023-07-01T00:09:04.062+0000] {logging_mixin.py:137} INFO - [2023-07-01T00:09:04.062+0000] {dag.py:3456} INFO - Setting next_dagrun for example_xcom to 2021-01-01T00:00:00+00:00, run_after=2021-01-01T00:00:00+00:00
[2023-07-01T00:09:04.075+0000] {processor.py:175} INFO - Processing /home/airflow/.local/lib/python3.7/site-packages/airflow/example_dags/example_xcom.py took 0.067 seconds
[2023-07-01T00:09:34.510+0000] {processor.py:153} INFO - Started process (PID=52442) to work on /home/airflow/.local/lib/python3.7/site-packages/airflow/example_dags/example_xcom.py
[2023-07-01T00:09:34.512+0000] {processor.py:743} INFO - Processing file /home/airflow/.local/lib/python3.7/site-packages/airflow/example_dags/example_xcom.py for tasks to queue
[2023-07-01T00:09:34.512+0000] {logging_mixin.py:137} INFO - [2023-07-01T00:09:34.512+0000] {dagbag.py:532} INFO - Filling up the DagBag from /home/airflow/.local/lib/python3.7/site-packages/airflow/example_dags/example_xcom.py
[2023-07-01T00:09:34.529+0000] {processor.py:753} INFO - DAG(s) dict_keys(['example_xcom']) retrieved from /home/airflow/.local/lib/python3.7/site-packages/airflow/example_dags/example_xcom.py
[2023-07-01T00:09:34.548+0000] {logging_mixin.py:137} INFO - [2023-07-01T00:09:34.548+0000] {dag.py:2705} INFO - Sync 1 DAGs
[2023-07-01T00:09:34.564+0000] {logging_mixin.py:137} INFO - [2023-07-01T00:09:34.563+0000] {dag.py:3456} INFO - Setting next_dagrun for example_xcom to 2021-01-01T00:00:00+00:00, run_after=2021-01-01T00:00:00+00:00
[2023-07-01T00:09:34.574+0000] {processor.py:175} INFO - Processing /home/airflow/.local/lib/python3.7/site-packages/airflow/example_dags/example_xcom.py took 0.067 seconds
[2023-07-01T00:10:05.039+0000] {processor.py:153} INFO - Started process (PID=52500) to work on /home/airflow/.local/lib/python3.7/site-packages/airflow/example_dags/example_xcom.py
[2023-07-01T00:10:05.040+0000] {processor.py:743} INFO - Processing file /home/airflow/.local/lib/python3.7/site-packages/airflow/example_dags/example_xcom.py for tasks to queue
[2023-07-01T00:10:05.041+0000] {logging_mixin.py:137} INFO - [2023-07-01T00:10:05.041+0000] {dagbag.py:532} INFO - Filling up the DagBag from /home/airflow/.local/lib/python3.7/site-packages/airflow/example_dags/example_xcom.py
[2023-07-01T00:10:05.056+0000] {processor.py:753} INFO - DAG(s) dict_keys(['example_xcom']) retrieved from /home/airflow/.local/lib/python3.7/site-packages/airflow/example_dags/example_xcom.py
[2023-07-01T00:10:05.073+0000] {logging_mixin.py:137} INFO - [2023-07-01T00:10:05.073+0000] {dag.py:2705} INFO - Sync 1 DAGs
[2023-07-01T00:10:05.087+0000] {logging_mixin.py:137} INFO - [2023-07-01T00:10:05.087+0000] {dag.py:3456} INFO - Setting next_dagrun for example_xcom to 2021-01-01T00:00:00+00:00, run_after=2021-01-01T00:00:00+00:00
[2023-07-01T00:10:05.096+0000] {processor.py:175} INFO - Processing /home/airflow/.local/lib/python3.7/site-packages/airflow/example_dags/example_xcom.py took 0.059 seconds
[2023-07-01T00:10:36.582+0000] {processor.py:153} INFO - Started process (PID=52557) to work on /home/airflow/.local/lib/python3.7/site-packages/airflow/example_dags/example_xcom.py
[2023-07-01T00:10:36.583+0000] {processor.py:743} INFO - Processing file /home/airflow/.local/lib/python3.7/site-packages/airflow/example_dags/example_xcom.py for tasks to queue
[2023-07-01T00:10:36.583+0000] {logging_mixin.py:137} INFO - [2023-07-01T00:10:36.583+0000] {dagbag.py:532} INFO - Filling up the DagBag from /home/airflow/.local/lib/python3.7/site-packages/airflow/example_dags/example_xcom.py
[2023-07-01T00:10:36.600+0000] {processor.py:753} INFO - DAG(s) dict_keys(['example_xcom']) retrieved from /home/airflow/.local/lib/python3.7/site-packages/airflow/example_dags/example_xcom.py
[2023-07-01T00:10:36.621+0000] {logging_mixin.py:137} INFO - [2023-07-01T00:10:36.621+0000] {dag.py:2705} INFO - Sync 1 DAGs
[2023-07-01T00:10:36.636+0000] {logging_mixin.py:137} INFO - [2023-07-01T00:10:36.636+0000] {dag.py:3456} INFO - Setting next_dagrun for example_xcom to 2021-01-01T00:00:00+00:00, run_after=2021-01-01T00:00:00+00:00
[2023-07-01T00:10:36.646+0000] {processor.py:175} INFO - Processing /home/airflow/.local/lib/python3.7/site-packages/airflow/example_dags/example_xcom.py took 0.067 seconds
[2023-07-01T00:11:07.494+0000] {processor.py:153} INFO - Started process (PID=52615) to work on /home/airflow/.local/lib/python3.7/site-packages/airflow/example_dags/example_xcom.py
[2023-07-01T00:11:07.495+0000] {processor.py:743} INFO - Processing file /home/airflow/.local/lib/python3.7/site-packages/airflow/example_dags/example_xcom.py for tasks to queue
[2023-07-01T00:11:07.496+0000] {logging_mixin.py:137} INFO - [2023-07-01T00:11:07.495+0000] {dagbag.py:532} INFO - Filling up the DagBag from /home/airflow/.local/lib/python3.7/site-packages/airflow/example_dags/example_xcom.py
[2023-07-01T00:11:07.513+0000] {processor.py:753} INFO - DAG(s) dict_keys(['example_xcom']) retrieved from /home/airflow/.local/lib/python3.7/site-packages/airflow/example_dags/example_xcom.py
[2023-07-01T00:11:07.530+0000] {logging_mixin.py:137} INFO - [2023-07-01T00:11:07.530+0000] {dag.py:2705} INFO - Sync 1 DAGs
[2023-07-01T00:11:07.544+0000] {logging_mixin.py:137} INFO - [2023-07-01T00:11:07.544+0000] {dag.py:3456} INFO - Setting next_dagrun for example_xcom to 2021-01-01T00:00:00+00:00, run_after=2021-01-01T00:00:00+00:00
[2023-07-01T00:11:07.557+0000] {processor.py:175} INFO - Processing /home/airflow/.local/lib/python3.7/site-packages/airflow/example_dags/example_xcom.py took 0.068 seconds
[2023-07-01T00:11:38.289+0000] {processor.py:153} INFO - Started process (PID=52673) to work on /home/airflow/.local/lib/python3.7/site-packages/airflow/example_dags/example_xcom.py
[2023-07-01T00:11:38.290+0000] {processor.py:743} INFO - Processing file /home/airflow/.local/lib/python3.7/site-packages/airflow/example_dags/example_xcom.py for tasks to queue
[2023-07-01T00:11:38.290+0000] {logging_mixin.py:137} INFO - [2023-07-01T00:11:38.290+0000] {dagbag.py:532} INFO - Filling up the DagBag from /home/airflow/.local/lib/python3.7/site-packages/airflow/example_dags/example_xcom.py
[2023-07-01T00:11:38.307+0000] {processor.py:753} INFO - DAG(s) dict_keys(['example_xcom']) retrieved from /home/airflow/.local/lib/python3.7/site-packages/airflow/example_dags/example_xcom.py
[2023-07-01T00:11:38.326+0000] {logging_mixin.py:137} INFO - [2023-07-01T00:11:38.325+0000] {dag.py:2705} INFO - Sync 1 DAGs
[2023-07-01T00:11:38.340+0000] {logging_mixin.py:137} INFO - [2023-07-01T00:11:38.340+0000] {dag.py:3456} INFO - Setting next_dagrun for example_xcom to 2021-01-01T00:00:00+00:00, run_after=2021-01-01T00:00:00+00:00
[2023-07-01T00:11:38.349+0000] {processor.py:175} INFO - Processing /home/airflow/.local/lib/python3.7/site-packages/airflow/example_dags/example_xcom.py took 0.063 seconds
[2023-07-01T00:12:08.971+0000] {processor.py:153} INFO - Started process (PID=52730) to work on /home/airflow/.local/lib/python3.7/site-packages/airflow/example_dags/example_xcom.py
[2023-07-01T00:12:08.972+0000] {processor.py:743} INFO - Processing file /home/airflow/.local/lib/python3.7/site-packages/airflow/example_dags/example_xcom.py for tasks to queue
[2023-07-01T00:12:08.973+0000] {logging_mixin.py:137} INFO - [2023-07-01T00:12:08.972+0000] {dagbag.py:532} INFO - Filling up the DagBag from /home/airflow/.local/lib/python3.7/site-packages/airflow/example_dags/example_xcom.py
[2023-07-01T00:12:08.988+0000] {processor.py:753} INFO - DAG(s) dict_keys(['example_xcom']) retrieved from /home/airflow/.local/lib/python3.7/site-packages/airflow/example_dags/example_xcom.py
[2023-07-01T00:12:09.007+0000] {logging_mixin.py:137} INFO - [2023-07-01T00:12:09.007+0000] {dag.py:2705} INFO - Sync 1 DAGs
[2023-07-01T00:12:09.021+0000] {logging_mixin.py:137} INFO - [2023-07-01T00:12:09.021+0000] {dag.py:3456} INFO - Setting next_dagrun for example_xcom to 2021-01-01T00:00:00+00:00, run_after=2021-01-01T00:00:00+00:00
[2023-07-01T00:12:09.031+0000] {processor.py:175} INFO - Processing /home/airflow/.local/lib/python3.7/site-packages/airflow/example_dags/example_xcom.py took 0.063 seconds
[2023-07-01T00:12:39.709+0000] {processor.py:153} INFO - Started process (PID=52787) to work on /home/airflow/.local/lib/python3.7/site-packages/airflow/example_dags/example_xcom.py
[2023-07-01T00:12:39.710+0000] {processor.py:743} INFO - Processing file /home/airflow/.local/lib/python3.7/site-packages/airflow/example_dags/example_xcom.py for tasks to queue
[2023-07-01T00:12:39.711+0000] {logging_mixin.py:137} INFO - [2023-07-01T00:12:39.711+0000] {dagbag.py:532} INFO - Filling up the DagBag from /home/airflow/.local/lib/python3.7/site-packages/airflow/example_dags/example_xcom.py
[2023-07-01T00:12:39.726+0000] {processor.py:753} INFO - DAG(s) dict_keys(['example_xcom']) retrieved from /home/airflow/.local/lib/python3.7/site-packages/airflow/example_dags/example_xcom.py
[2023-07-01T00:12:39.745+0000] {logging_mixin.py:137} INFO - [2023-07-01T00:12:39.744+0000] {dag.py:2705} INFO - Sync 1 DAGs
[2023-07-01T00:12:39.758+0000] {logging_mixin.py:137} INFO - [2023-07-01T00:12:39.758+0000] {dag.py:3456} INFO - Setting next_dagrun for example_xcom to 2021-01-01T00:00:00+00:00, run_after=2021-01-01T00:00:00+00:00
[2023-07-01T00:12:39.767+0000] {processor.py:175} INFO - Processing /home/airflow/.local/lib/python3.7/site-packages/airflow/example_dags/example_xcom.py took 0.061 seconds
[2023-07-01T00:13:10.410+0000] {processor.py:153} INFO - Started process (PID=52851) to work on /home/airflow/.local/lib/python3.7/site-packages/airflow/example_dags/example_xcom.py
[2023-07-01T00:13:10.411+0000] {processor.py:743} INFO - Processing file /home/airflow/.local/lib/python3.7/site-packages/airflow/example_dags/example_xcom.py for tasks to queue
[2023-07-01T00:13:10.411+0000] {logging_mixin.py:137} INFO - [2023-07-01T00:13:10.411+0000] {dagbag.py:532} INFO - Filling up the DagBag from /home/airflow/.local/lib/python3.7/site-packages/airflow/example_dags/example_xcom.py
[2023-07-01T00:13:10.428+0000] {processor.py:753} INFO - DAG(s) dict_keys(['example_xcom']) retrieved from /home/airflow/.local/lib/python3.7/site-packages/airflow/example_dags/example_xcom.py
[2023-07-01T00:13:10.446+0000] {logging_mixin.py:137} INFO - [2023-07-01T00:13:10.446+0000] {dag.py:2705} INFO - Sync 1 DAGs
[2023-07-01T00:13:10.461+0000] {logging_mixin.py:137} INFO - [2023-07-01T00:13:10.461+0000] {dag.py:3456} INFO - Setting next_dagrun for example_xcom to 2021-01-01T00:00:00+00:00, run_after=2021-01-01T00:00:00+00:00
[2023-07-01T00:13:10.472+0000] {processor.py:175} INFO - Processing /home/airflow/.local/lib/python3.7/site-packages/airflow/example_dags/example_xcom.py took 0.064 seconds
[2023-07-01T00:13:41.587+0000] {processor.py:153} INFO - Started process (PID=52909) to work on /home/airflow/.local/lib/python3.7/site-packages/airflow/example_dags/example_xcom.py
[2023-07-01T00:13:41.588+0000] {processor.py:743} INFO - Processing file /home/airflow/.local/lib/python3.7/site-packages/airflow/example_dags/example_xcom.py for tasks to queue
[2023-07-01T00:13:41.589+0000] {logging_mixin.py:137} INFO - [2023-07-01T00:13:41.589+0000] {dagbag.py:532} INFO - Filling up the DagBag from /home/airflow/.local/lib/python3.7/site-packages/airflow/example_dags/example_xcom.py
[2023-07-01T00:13:41.603+0000] {processor.py:753} INFO - DAG(s) dict_keys(['example_xcom']) retrieved from /home/airflow/.local/lib/python3.7/site-packages/airflow/example_dags/example_xcom.py
[2023-07-01T00:13:41.621+0000] {logging_mixin.py:137} INFO - [2023-07-01T00:13:41.621+0000] {dag.py:2705} INFO - Sync 1 DAGs
[2023-07-01T00:13:41.634+0000] {logging_mixin.py:137} INFO - [2023-07-01T00:13:41.634+0000] {dag.py:3456} INFO - Setting next_dagrun for example_xcom to 2021-01-01T00:00:00+00:00, run_after=2021-01-01T00:00:00+00:00
[2023-07-01T00:13:41.644+0000] {processor.py:175} INFO - Processing /home/airflow/.local/lib/python3.7/site-packages/airflow/example_dags/example_xcom.py took 0.059 seconds
[2023-07-01T00:14:11.748+0000] {processor.py:153} INFO - Started process (PID=52966) to work on /home/airflow/.local/lib/python3.7/site-packages/airflow/example_dags/example_xcom.py
[2023-07-01T00:14:11.749+0000] {processor.py:743} INFO - Processing file /home/airflow/.local/lib/python3.7/site-packages/airflow/example_dags/example_xcom.py for tasks to queue
[2023-07-01T00:14:11.750+0000] {logging_mixin.py:137} INFO - [2023-07-01T00:14:11.750+0000] {dagbag.py:532} INFO - Filling up the DagBag from /home/airflow/.local/lib/python3.7/site-packages/airflow/example_dags/example_xcom.py
[2023-07-01T00:14:11.769+0000] {processor.py:753} INFO - DAG(s) dict_keys(['example_xcom']) retrieved from /home/airflow/.local/lib/python3.7/site-packages/airflow/example_dags/example_xcom.py
[2023-07-01T00:14:11.791+0000] {logging_mixin.py:137} INFO - [2023-07-01T00:14:11.791+0000] {dag.py:2705} INFO - Sync 1 DAGs
[2023-07-01T00:14:11.805+0000] {logging_mixin.py:137} INFO - [2023-07-01T00:14:11.805+0000] {dag.py:3456} INFO - Setting next_dagrun for example_xcom to 2021-01-01T00:00:00+00:00, run_after=2021-01-01T00:00:00+00:00
[2023-07-01T00:14:11.815+0000] {processor.py:175} INFO - Processing /home/airflow/.local/lib/python3.7/site-packages/airflow/example_dags/example_xcom.py took 0.069 seconds
[2023-07-01T00:14:42.021+0000] {processor.py:153} INFO - Started process (PID=53023) to work on /home/airflow/.local/lib/python3.7/site-packages/airflow/example_dags/example_xcom.py
[2023-07-01T00:14:42.022+0000] {processor.py:743} INFO - Processing file /home/airflow/.local/lib/python3.7/site-packages/airflow/example_dags/example_xcom.py for tasks to queue
[2023-07-01T00:14:42.022+0000] {logging_mixin.py:137} INFO - [2023-07-01T00:14:42.022+0000] {dagbag.py:532} INFO - Filling up the DagBag from /home/airflow/.local/lib/python3.7/site-packages/airflow/example_dags/example_xcom.py
[2023-07-01T00:14:42.038+0000] {processor.py:753} INFO - DAG(s) dict_keys(['example_xcom']) retrieved from /home/airflow/.local/lib/python3.7/site-packages/airflow/example_dags/example_xcom.py
[2023-07-01T00:14:42.057+0000] {logging_mixin.py:137} INFO - [2023-07-01T00:14:42.057+0000] {dag.py:2705} INFO - Sync 1 DAGs
[2023-07-01T00:14:42.071+0000] {logging_mixin.py:137} INFO - [2023-07-01T00:14:42.071+0000] {dag.py:3456} INFO - Setting next_dagrun for example_xcom to 2021-01-01T00:00:00+00:00, run_after=2021-01-01T00:00:00+00:00
[2023-07-01T00:14:42.081+0000] {processor.py:175} INFO - Processing /home/airflow/.local/lib/python3.7/site-packages/airflow/example_dags/example_xcom.py took 0.063 seconds
[2023-07-01T00:15:12.371+0000] {processor.py:153} INFO - Started process (PID=53080) to work on /home/airflow/.local/lib/python3.7/site-packages/airflow/example_dags/example_xcom.py
[2023-07-01T00:15:12.372+0000] {processor.py:743} INFO - Processing file /home/airflow/.local/lib/python3.7/site-packages/airflow/example_dags/example_xcom.py for tasks to queue
[2023-07-01T00:15:12.372+0000] {logging_mixin.py:137} INFO - [2023-07-01T00:15:12.372+0000] {dagbag.py:532} INFO - Filling up the DagBag from /home/airflow/.local/lib/python3.7/site-packages/airflow/example_dags/example_xcom.py
[2023-07-01T00:15:12.388+0000] {processor.py:753} INFO - DAG(s) dict_keys(['example_xcom']) retrieved from /home/airflow/.local/lib/python3.7/site-packages/airflow/example_dags/example_xcom.py
[2023-07-01T00:15:12.407+0000] {logging_mixin.py:137} INFO - [2023-07-01T00:15:12.407+0000] {dag.py:2705} INFO - Sync 1 DAGs
[2023-07-01T00:15:12.422+0000] {logging_mixin.py:137} INFO - [2023-07-01T00:15:12.422+0000] {dag.py:3456} INFO - Setting next_dagrun for example_xcom to 2021-01-01T00:00:00+00:00, run_after=2021-01-01T00:00:00+00:00
[2023-07-01T00:15:12.431+0000] {processor.py:175} INFO - Processing /home/airflow/.local/lib/python3.7/site-packages/airflow/example_dags/example_xcom.py took 0.063 seconds
[2023-07-01T00:15:43.520+0000] {processor.py:153} INFO - Started process (PID=53136) to work on /home/airflow/.local/lib/python3.7/site-packages/airflow/example_dags/example_xcom.py
[2023-07-01T00:15:43.521+0000] {processor.py:743} INFO - Processing file /home/airflow/.local/lib/python3.7/site-packages/airflow/example_dags/example_xcom.py for tasks to queue
[2023-07-01T00:15:43.522+0000] {logging_mixin.py:137} INFO - [2023-07-01T00:15:43.522+0000] {dagbag.py:532} INFO - Filling up the DagBag from /home/airflow/.local/lib/python3.7/site-packages/airflow/example_dags/example_xcom.py
[2023-07-01T00:15:43.540+0000] {processor.py:753} INFO - DAG(s) dict_keys(['example_xcom']) retrieved from /home/airflow/.local/lib/python3.7/site-packages/airflow/example_dags/example_xcom.py
[2023-07-01T00:15:43.559+0000] {logging_mixin.py:137} INFO - [2023-07-01T00:15:43.559+0000] {dag.py:2705} INFO - Sync 1 DAGs
[2023-07-01T00:15:43.574+0000] {logging_mixin.py:137} INFO - [2023-07-01T00:15:43.574+0000] {dag.py:3456} INFO - Setting next_dagrun for example_xcom to 2021-01-01T00:00:00+00:00, run_after=2021-01-01T00:00:00+00:00
[2023-07-01T00:15:43.584+0000] {processor.py:175} INFO - Processing /home/airflow/.local/lib/python3.7/site-packages/airflow/example_dags/example_xcom.py took 0.067 seconds
[2023-07-01T00:16:13.723+0000] {processor.py:153} INFO - Started process (PID=53193) to work on /home/airflow/.local/lib/python3.7/site-packages/airflow/example_dags/example_xcom.py
[2023-07-01T00:16:13.725+0000] {processor.py:743} INFO - Processing file /home/airflow/.local/lib/python3.7/site-packages/airflow/example_dags/example_xcom.py for tasks to queue
[2023-07-01T00:16:13.725+0000] {logging_mixin.py:137} INFO - [2023-07-01T00:16:13.725+0000] {dagbag.py:532} INFO - Filling up the DagBag from /home/airflow/.local/lib/python3.7/site-packages/airflow/example_dags/example_xcom.py
[2023-07-01T00:16:13.743+0000] {processor.py:753} INFO - DAG(s) dict_keys(['example_xcom']) retrieved from /home/airflow/.local/lib/python3.7/site-packages/airflow/example_dags/example_xcom.py
[2023-07-01T00:16:13.781+0000] {logging_mixin.py:137} INFO - [2023-07-01T00:16:13.781+0000] {dag.py:2705} INFO - Sync 1 DAGs
[2023-07-01T00:16:13.804+0000] {logging_mixin.py:137} INFO - [2023-07-01T00:16:13.804+0000] {dag.py:3456} INFO - Setting next_dagrun for example_xcom to 2021-01-01T00:00:00+00:00, run_after=2021-01-01T00:00:00+00:00
[2023-07-01T00:16:13.815+0000] {processor.py:175} INFO - Processing /home/airflow/.local/lib/python3.7/site-packages/airflow/example_dags/example_xcom.py took 0.094 seconds
[2023-07-01T00:16:44.087+0000] {processor.py:153} INFO - Started process (PID=53250) to work on /home/airflow/.local/lib/python3.7/site-packages/airflow/example_dags/example_xcom.py
[2023-07-01T00:16:44.089+0000] {processor.py:743} INFO - Processing file /home/airflow/.local/lib/python3.7/site-packages/airflow/example_dags/example_xcom.py for tasks to queue
[2023-07-01T00:16:44.092+0000] {logging_mixin.py:137} INFO - [2023-07-01T00:16:44.092+0000] {dagbag.py:532} INFO - Filling up the DagBag from /home/airflow/.local/lib/python3.7/site-packages/airflow/example_dags/example_xcom.py
[2023-07-01T00:16:44.113+0000] {processor.py:753} INFO - DAG(s) dict_keys(['example_xcom']) retrieved from /home/airflow/.local/lib/python3.7/site-packages/airflow/example_dags/example_xcom.py
[2023-07-01T00:16:44.146+0000] {logging_mixin.py:137} INFO - [2023-07-01T00:16:44.146+0000] {dag.py:2705} INFO - Sync 1 DAGs
[2023-07-01T00:16:44.165+0000] {logging_mixin.py:137} INFO - [2023-07-01T00:16:44.165+0000] {dag.py:3456} INFO - Setting next_dagrun for example_xcom to 2021-01-01T00:00:00+00:00, run_after=2021-01-01T00:00:00+00:00
[2023-07-01T00:16:44.176+0000] {processor.py:175} INFO - Processing /home/airflow/.local/lib/python3.7/site-packages/airflow/example_dags/example_xcom.py took 0.092 seconds
[2023-07-01T00:17:14.262+0000] {processor.py:153} INFO - Started process (PID=53307) to work on /home/airflow/.local/lib/python3.7/site-packages/airflow/example_dags/example_xcom.py
[2023-07-01T00:17:14.263+0000] {processor.py:743} INFO - Processing file /home/airflow/.local/lib/python3.7/site-packages/airflow/example_dags/example_xcom.py for tasks to queue
[2023-07-01T00:17:14.265+0000] {logging_mixin.py:137} INFO - [2023-07-01T00:17:14.265+0000] {dagbag.py:532} INFO - Filling up the DagBag from /home/airflow/.local/lib/python3.7/site-packages/airflow/example_dags/example_xcom.py
[2023-07-01T00:17:14.279+0000] {processor.py:753} INFO - DAG(s) dict_keys(['example_xcom']) retrieved from /home/airflow/.local/lib/python3.7/site-packages/airflow/example_dags/example_xcom.py
[2023-07-01T00:17:14.303+0000] {logging_mixin.py:137} INFO - [2023-07-01T00:17:14.303+0000] {dag.py:2705} INFO - Sync 1 DAGs
[2023-07-01T00:17:14.318+0000] {logging_mixin.py:137} INFO - [2023-07-01T00:17:14.318+0000] {dag.py:3456} INFO - Setting next_dagrun for example_xcom to 2021-01-01T00:00:00+00:00, run_after=2021-01-01T00:00:00+00:00
[2023-07-01T00:17:14.329+0000] {processor.py:175} INFO - Processing /home/airflow/.local/lib/python3.7/site-packages/airflow/example_dags/example_xcom.py took 0.069 seconds
[2023-07-01T00:17:45.256+0000] {processor.py:153} INFO - Started process (PID=53364) to work on /home/airflow/.local/lib/python3.7/site-packages/airflow/example_dags/example_xcom.py
[2023-07-01T00:17:45.257+0000] {processor.py:743} INFO - Processing file /home/airflow/.local/lib/python3.7/site-packages/airflow/example_dags/example_xcom.py for tasks to queue
[2023-07-01T00:17:45.257+0000] {logging_mixin.py:137} INFO - [2023-07-01T00:17:45.257+0000] {dagbag.py:532} INFO - Filling up the DagBag from /home/airflow/.local/lib/python3.7/site-packages/airflow/example_dags/example_xcom.py
[2023-07-01T00:17:45.273+0000] {processor.py:753} INFO - DAG(s) dict_keys(['example_xcom']) retrieved from /home/airflow/.local/lib/python3.7/site-packages/airflow/example_dags/example_xcom.py
[2023-07-01T00:17:45.293+0000] {logging_mixin.py:137} INFO - [2023-07-01T00:17:45.293+0000] {dag.py:2705} INFO - Sync 1 DAGs
[2023-07-01T00:17:45.308+0000] {logging_mixin.py:137} INFO - [2023-07-01T00:17:45.308+0000] {dag.py:3456} INFO - Setting next_dagrun for example_xcom to 2021-01-01T00:00:00+00:00, run_after=2021-01-01T00:00:00+00:00
[2023-07-01T00:17:45.321+0000] {processor.py:175} INFO - Processing /home/airflow/.local/lib/python3.7/site-packages/airflow/example_dags/example_xcom.py took 0.068 seconds
[2023-07-01T00:18:15.959+0000] {processor.py:153} INFO - Started process (PID=53421) to work on /home/airflow/.local/lib/python3.7/site-packages/airflow/example_dags/example_xcom.py
[2023-07-01T00:18:15.960+0000] {processor.py:743} INFO - Processing file /home/airflow/.local/lib/python3.7/site-packages/airflow/example_dags/example_xcom.py for tasks to queue
[2023-07-01T00:18:15.961+0000] {logging_mixin.py:137} INFO - [2023-07-01T00:18:15.961+0000] {dagbag.py:532} INFO - Filling up the DagBag from /home/airflow/.local/lib/python3.7/site-packages/airflow/example_dags/example_xcom.py
[2023-07-01T00:18:15.976+0000] {processor.py:753} INFO - DAG(s) dict_keys(['example_xcom']) retrieved from /home/airflow/.local/lib/python3.7/site-packages/airflow/example_dags/example_xcom.py
[2023-07-01T00:18:15.995+0000] {logging_mixin.py:137} INFO - [2023-07-01T00:18:15.995+0000] {dag.py:2705} INFO - Sync 1 DAGs
[2023-07-01T00:18:16.008+0000] {logging_mixin.py:137} INFO - [2023-07-01T00:18:16.008+0000] {dag.py:3456} INFO - Setting next_dagrun for example_xcom to 2021-01-01T00:00:00+00:00, run_after=2021-01-01T00:00:00+00:00
[2023-07-01T00:18:16.019+0000] {processor.py:175} INFO - Processing /home/airflow/.local/lib/python3.7/site-packages/airflow/example_dags/example_xcom.py took 0.063 seconds
[2023-07-01T00:18:46.829+0000] {processor.py:153} INFO - Started process (PID=53478) to work on /home/airflow/.local/lib/python3.7/site-packages/airflow/example_dags/example_xcom.py
[2023-07-01T00:18:46.830+0000] {processor.py:743} INFO - Processing file /home/airflow/.local/lib/python3.7/site-packages/airflow/example_dags/example_xcom.py for tasks to queue
[2023-07-01T00:18:46.831+0000] {logging_mixin.py:137} INFO - [2023-07-01T00:18:46.831+0000] {dagbag.py:532} INFO - Filling up the DagBag from /home/airflow/.local/lib/python3.7/site-packages/airflow/example_dags/example_xcom.py
[2023-07-01T00:18:46.847+0000] {processor.py:753} INFO - DAG(s) dict_keys(['example_xcom']) retrieved from /home/airflow/.local/lib/python3.7/site-packages/airflow/example_dags/example_xcom.py
[2023-07-01T00:18:46.866+0000] {logging_mixin.py:137} INFO - [2023-07-01T00:18:46.866+0000] {dag.py:2705} INFO - Sync 1 DAGs
[2023-07-01T00:18:46.880+0000] {logging_mixin.py:137} INFO - [2023-07-01T00:18:46.880+0000] {dag.py:3456} INFO - Setting next_dagrun for example_xcom to 2021-01-01T00:00:00+00:00, run_after=2021-01-01T00:00:00+00:00
[2023-07-01T00:18:46.889+0000] {processor.py:175} INFO - Processing /home/airflow/.local/lib/python3.7/site-packages/airflow/example_dags/example_xcom.py took 0.063 seconds
[2023-07-01T00:19:17.178+0000] {processor.py:153} INFO - Started process (PID=53536) to work on /home/airflow/.local/lib/python3.7/site-packages/airflow/example_dags/example_xcom.py
[2023-07-01T00:19:17.179+0000] {processor.py:743} INFO - Processing file /home/airflow/.local/lib/python3.7/site-packages/airflow/example_dags/example_xcom.py for tasks to queue
[2023-07-01T00:19:17.180+0000] {logging_mixin.py:137} INFO - [2023-07-01T00:19:17.180+0000] {dagbag.py:532} INFO - Filling up the DagBag from /home/airflow/.local/lib/python3.7/site-packages/airflow/example_dags/example_xcom.py
[2023-07-01T00:19:17.195+0000] {processor.py:753} INFO - DAG(s) dict_keys(['example_xcom']) retrieved from /home/airflow/.local/lib/python3.7/site-packages/airflow/example_dags/example_xcom.py
[2023-07-01T00:19:17.214+0000] {logging_mixin.py:137} INFO - [2023-07-01T00:19:17.214+0000] {dag.py:2705} INFO - Sync 1 DAGs
[2023-07-01T00:19:17.228+0000] {logging_mixin.py:137} INFO - [2023-07-01T00:19:17.227+0000] {dag.py:3456} INFO - Setting next_dagrun for example_xcom to 2021-01-01T00:00:00+00:00, run_after=2021-01-01T00:00:00+00:00
[2023-07-01T00:19:17.237+0000] {processor.py:175} INFO - Processing /home/airflow/.local/lib/python3.7/site-packages/airflow/example_dags/example_xcom.py took 0.061 seconds
[2023-07-01T00:19:47.726+0000] {processor.py:153} INFO - Started process (PID=53593) to work on /home/airflow/.local/lib/python3.7/site-packages/airflow/example_dags/example_xcom.py
[2023-07-01T00:19:47.727+0000] {processor.py:743} INFO - Processing file /home/airflow/.local/lib/python3.7/site-packages/airflow/example_dags/example_xcom.py for tasks to queue
[2023-07-01T00:19:47.727+0000] {logging_mixin.py:137} INFO - [2023-07-01T00:19:47.727+0000] {dagbag.py:532} INFO - Filling up the DagBag from /home/airflow/.local/lib/python3.7/site-packages/airflow/example_dags/example_xcom.py
[2023-07-01T00:19:47.741+0000] {processor.py:753} INFO - DAG(s) dict_keys(['example_xcom']) retrieved from /home/airflow/.local/lib/python3.7/site-packages/airflow/example_dags/example_xcom.py
[2023-07-01T00:19:47.760+0000] {logging_mixin.py:137} INFO - [2023-07-01T00:19:47.760+0000] {dag.py:2705} INFO - Sync 1 DAGs
[2023-07-01T00:19:47.774+0000] {logging_mixin.py:137} INFO - [2023-07-01T00:19:47.774+0000] {dag.py:3456} INFO - Setting next_dagrun for example_xcom to 2021-01-01T00:00:00+00:00, run_after=2021-01-01T00:00:00+00:00
[2023-07-01T00:19:47.784+0000] {processor.py:175} INFO - Processing /home/airflow/.local/lib/python3.7/site-packages/airflow/example_dags/example_xcom.py took 0.061 seconds
[2023-07-01T00:20:18.080+0000] {processor.py:153} INFO - Started process (PID=53650) to work on /home/airflow/.local/lib/python3.7/site-packages/airflow/example_dags/example_xcom.py
[2023-07-01T00:20:18.081+0000] {processor.py:743} INFO - Processing file /home/airflow/.local/lib/python3.7/site-packages/airflow/example_dags/example_xcom.py for tasks to queue
[2023-07-01T00:20:18.082+0000] {logging_mixin.py:137} INFO - [2023-07-01T00:20:18.082+0000] {dagbag.py:532} INFO - Filling up the DagBag from /home/airflow/.local/lib/python3.7/site-packages/airflow/example_dags/example_xcom.py
[2023-07-01T00:20:18.098+0000] {processor.py:753} INFO - DAG(s) dict_keys(['example_xcom']) retrieved from /home/airflow/.local/lib/python3.7/site-packages/airflow/example_dags/example_xcom.py
[2023-07-01T00:20:18.116+0000] {logging_mixin.py:137} INFO - [2023-07-01T00:20:18.116+0000] {dag.py:2705} INFO - Sync 1 DAGs
[2023-07-01T00:20:18.131+0000] {logging_mixin.py:137} INFO - [2023-07-01T00:20:18.131+0000] {dag.py:3456} INFO - Setting next_dagrun for example_xcom to 2021-01-01T00:00:00+00:00, run_after=2021-01-01T00:00:00+00:00
[2023-07-01T00:20:18.141+0000] {processor.py:175} INFO - Processing /home/airflow/.local/lib/python3.7/site-packages/airflow/example_dags/example_xcom.py took 0.063 seconds
[2023-07-01T00:20:49.161+0000] {processor.py:153} INFO - Started process (PID=53708) to work on /home/airflow/.local/lib/python3.7/site-packages/airflow/example_dags/example_xcom.py
[2023-07-01T00:20:49.162+0000] {processor.py:743} INFO - Processing file /home/airflow/.local/lib/python3.7/site-packages/airflow/example_dags/example_xcom.py for tasks to queue
[2023-07-01T00:20:49.163+0000] {logging_mixin.py:137} INFO - [2023-07-01T00:20:49.163+0000] {dagbag.py:532} INFO - Filling up the DagBag from /home/airflow/.local/lib/python3.7/site-packages/airflow/example_dags/example_xcom.py
[2023-07-01T00:20:49.177+0000] {processor.py:753} INFO - DAG(s) dict_keys(['example_xcom']) retrieved from /home/airflow/.local/lib/python3.7/site-packages/airflow/example_dags/example_xcom.py
[2023-07-01T00:20:49.195+0000] {logging_mixin.py:137} INFO - [2023-07-01T00:20:49.195+0000] {dag.py:2705} INFO - Sync 1 DAGs
[2023-07-01T00:20:49.215+0000] {logging_mixin.py:137} INFO - [2023-07-01T00:20:49.215+0000] {dag.py:3456} INFO - Setting next_dagrun for example_xcom to 2021-01-01T00:00:00+00:00, run_after=2021-01-01T00:00:00+00:00
[2023-07-01T00:20:49.224+0000] {processor.py:175} INFO - Processing /home/airflow/.local/lib/python3.7/site-packages/airflow/example_dags/example_xcom.py took 0.065 seconds
[2023-07-01T00:21:19.356+0000] {processor.py:153} INFO - Started process (PID=53765) to work on /home/airflow/.local/lib/python3.7/site-packages/airflow/example_dags/example_xcom.py
[2023-07-01T00:21:19.357+0000] {processor.py:743} INFO - Processing file /home/airflow/.local/lib/python3.7/site-packages/airflow/example_dags/example_xcom.py for tasks to queue
[2023-07-01T00:21:19.358+0000] {logging_mixin.py:137} INFO - [2023-07-01T00:21:19.358+0000] {dagbag.py:532} INFO - Filling up the DagBag from /home/airflow/.local/lib/python3.7/site-packages/airflow/example_dags/example_xcom.py
[2023-07-01T00:21:19.373+0000] {processor.py:753} INFO - DAG(s) dict_keys(['example_xcom']) retrieved from /home/airflow/.local/lib/python3.7/site-packages/airflow/example_dags/example_xcom.py
[2023-07-01T00:21:19.394+0000] {logging_mixin.py:137} INFO - [2023-07-01T00:21:19.394+0000] {dag.py:2705} INFO - Sync 1 DAGs
[2023-07-01T00:21:19.408+0000] {logging_mixin.py:137} INFO - [2023-07-01T00:21:19.408+0000] {dag.py:3456} INFO - Setting next_dagrun for example_xcom to 2021-01-01T00:00:00+00:00, run_after=2021-01-01T00:00:00+00:00
[2023-07-01T00:21:19.417+0000] {processor.py:175} INFO - Processing /home/airflow/.local/lib/python3.7/site-packages/airflow/example_dags/example_xcom.py took 0.064 seconds
[2023-07-01T00:21:50.265+0000] {processor.py:153} INFO - Started process (PID=53823) to work on /home/airflow/.local/lib/python3.7/site-packages/airflow/example_dags/example_xcom.py
[2023-07-01T00:21:50.267+0000] {processor.py:743} INFO - Processing file /home/airflow/.local/lib/python3.7/site-packages/airflow/example_dags/example_xcom.py for tasks to queue
[2023-07-01T00:21:50.267+0000] {logging_mixin.py:137} INFO - [2023-07-01T00:21:50.267+0000] {dagbag.py:532} INFO - Filling up the DagBag from /home/airflow/.local/lib/python3.7/site-packages/airflow/example_dags/example_xcom.py
[2023-07-01T00:21:50.283+0000] {processor.py:753} INFO - DAG(s) dict_keys(['example_xcom']) retrieved from /home/airflow/.local/lib/python3.7/site-packages/airflow/example_dags/example_xcom.py
[2023-07-01T00:21:50.302+0000] {logging_mixin.py:137} INFO - [2023-07-01T00:21:50.302+0000] {dag.py:2705} INFO - Sync 1 DAGs
[2023-07-01T00:21:50.315+0000] {logging_mixin.py:137} INFO - [2023-07-01T00:21:50.315+0000] {dag.py:3456} INFO - Setting next_dagrun for example_xcom to 2021-01-01T00:00:00+00:00, run_after=2021-01-01T00:00:00+00:00
[2023-07-01T00:21:50.326+0000] {processor.py:175} INFO - Processing /home/airflow/.local/lib/python3.7/site-packages/airflow/example_dags/example_xcom.py took 0.063 seconds
[2023-07-01T00:22:21.158+0000] {processor.py:153} INFO - Started process (PID=53880) to work on /home/airflow/.local/lib/python3.7/site-packages/airflow/example_dags/example_xcom.py
[2023-07-01T00:22:21.159+0000] {processor.py:743} INFO - Processing file /home/airflow/.local/lib/python3.7/site-packages/airflow/example_dags/example_xcom.py for tasks to queue
[2023-07-01T00:22:21.160+0000] {logging_mixin.py:137} INFO - [2023-07-01T00:22:21.159+0000] {dagbag.py:532} INFO - Filling up the DagBag from /home/airflow/.local/lib/python3.7/site-packages/airflow/example_dags/example_xcom.py
[2023-07-01T00:22:21.175+0000] {processor.py:753} INFO - DAG(s) dict_keys(['example_xcom']) retrieved from /home/airflow/.local/lib/python3.7/site-packages/airflow/example_dags/example_xcom.py
[2023-07-01T00:22:21.193+0000] {logging_mixin.py:137} INFO - [2023-07-01T00:22:21.193+0000] {dag.py:2705} INFO - Sync 1 DAGs
[2023-07-01T00:22:21.209+0000] {logging_mixin.py:137} INFO - [2023-07-01T00:22:21.209+0000] {dag.py:3456} INFO - Setting next_dagrun for example_xcom to 2021-01-01T00:00:00+00:00, run_after=2021-01-01T00:00:00+00:00
[2023-07-01T00:22:21.220+0000] {processor.py:175} INFO - Processing /home/airflow/.local/lib/python3.7/site-packages/airflow/example_dags/example_xcom.py took 0.065 seconds
[2023-07-01T00:22:51.657+0000] {processor.py:153} INFO - Started process (PID=53937) to work on /home/airflow/.local/lib/python3.7/site-packages/airflow/example_dags/example_xcom.py
[2023-07-01T00:22:51.658+0000] {processor.py:743} INFO - Processing file /home/airflow/.local/lib/python3.7/site-packages/airflow/example_dags/example_xcom.py for tasks to queue
[2023-07-01T00:22:51.658+0000] {logging_mixin.py:137} INFO - [2023-07-01T00:22:51.658+0000] {dagbag.py:532} INFO - Filling up the DagBag from /home/airflow/.local/lib/python3.7/site-packages/airflow/example_dags/example_xcom.py
[2023-07-01T00:22:51.674+0000] {processor.py:753} INFO - DAG(s) dict_keys(['example_xcom']) retrieved from /home/airflow/.local/lib/python3.7/site-packages/airflow/example_dags/example_xcom.py
[2023-07-01T00:22:51.693+0000] {logging_mixin.py:137} INFO - [2023-07-01T00:22:51.693+0000] {dag.py:2705} INFO - Sync 1 DAGs
[2023-07-01T00:22:51.708+0000] {logging_mixin.py:137} INFO - [2023-07-01T00:22:51.708+0000] {dag.py:3456} INFO - Setting next_dagrun for example_xcom to 2021-01-01T00:00:00+00:00, run_after=2021-01-01T00:00:00+00:00
[2023-07-01T00:22:51.719+0000] {processor.py:175} INFO - Processing /home/airflow/.local/lib/python3.7/site-packages/airflow/example_dags/example_xcom.py took 0.065 seconds
[2023-07-01T00:23:22.400+0000] {processor.py:153} INFO - Started process (PID=53994) to work on /home/airflow/.local/lib/python3.7/site-packages/airflow/example_dags/example_xcom.py
[2023-07-01T00:23:22.401+0000] {processor.py:743} INFO - Processing file /home/airflow/.local/lib/python3.7/site-packages/airflow/example_dags/example_xcom.py for tasks to queue
[2023-07-01T00:23:22.401+0000] {logging_mixin.py:137} INFO - [2023-07-01T00:23:22.401+0000] {dagbag.py:532} INFO - Filling up the DagBag from /home/airflow/.local/lib/python3.7/site-packages/airflow/example_dags/example_xcom.py
[2023-07-01T00:23:22.419+0000] {processor.py:753} INFO - DAG(s) dict_keys(['example_xcom']) retrieved from /home/airflow/.local/lib/python3.7/site-packages/airflow/example_dags/example_xcom.py
[2023-07-01T00:23:22.437+0000] {logging_mixin.py:137} INFO - [2023-07-01T00:23:22.437+0000] {dag.py:2705} INFO - Sync 1 DAGs
[2023-07-01T00:23:22.452+0000] {logging_mixin.py:137} INFO - [2023-07-01T00:23:22.452+0000] {dag.py:3456} INFO - Setting next_dagrun for example_xcom to 2021-01-01T00:00:00+00:00, run_after=2021-01-01T00:00:00+00:00
[2023-07-01T00:23:22.461+0000] {processor.py:175} INFO - Processing /home/airflow/.local/lib/python3.7/site-packages/airflow/example_dags/example_xcom.py took 0.065 seconds
[2023-07-01T00:23:53.270+0000] {processor.py:153} INFO - Started process (PID=54051) to work on /home/airflow/.local/lib/python3.7/site-packages/airflow/example_dags/example_xcom.py
[2023-07-01T00:23:53.271+0000] {processor.py:743} INFO - Processing file /home/airflow/.local/lib/python3.7/site-packages/airflow/example_dags/example_xcom.py for tasks to queue
[2023-07-01T00:23:53.272+0000] {logging_mixin.py:137} INFO - [2023-07-01T00:23:53.272+0000] {dagbag.py:532} INFO - Filling up the DagBag from /home/airflow/.local/lib/python3.7/site-packages/airflow/example_dags/example_xcom.py
[2023-07-01T00:23:53.287+0000] {processor.py:753} INFO - DAG(s) dict_keys(['example_xcom']) retrieved from /home/airflow/.local/lib/python3.7/site-packages/airflow/example_dags/example_xcom.py
[2023-07-01T00:23:53.311+0000] {logging_mixin.py:137} INFO - [2023-07-01T00:23:53.311+0000] {dag.py:2705} INFO - Sync 1 DAGs
[2023-07-01T00:23:53.327+0000] {logging_mixin.py:137} INFO - [2023-07-01T00:23:53.327+0000] {dag.py:3456} INFO - Setting next_dagrun for example_xcom to 2021-01-01T00:00:00+00:00, run_after=2021-01-01T00:00:00+00:00
[2023-07-01T00:23:53.337+0000] {processor.py:175} INFO - Processing /home/airflow/.local/lib/python3.7/site-packages/airflow/example_dags/example_xcom.py took 0.073 seconds
[2023-07-01T00:24:23.883+0000] {processor.py:153} INFO - Started process (PID=54108) to work on /home/airflow/.local/lib/python3.7/site-packages/airflow/example_dags/example_xcom.py
[2023-07-01T00:24:23.885+0000] {processor.py:743} INFO - Processing file /home/airflow/.local/lib/python3.7/site-packages/airflow/example_dags/example_xcom.py for tasks to queue
[2023-07-01T00:24:23.887+0000] {logging_mixin.py:137} INFO - [2023-07-01T00:24:23.887+0000] {dagbag.py:532} INFO - Filling up the DagBag from /home/airflow/.local/lib/python3.7/site-packages/airflow/example_dags/example_xcom.py
[2023-07-01T00:24:23.914+0000] {processor.py:753} INFO - DAG(s) dict_keys(['example_xcom']) retrieved from /home/airflow/.local/lib/python3.7/site-packages/airflow/example_dags/example_xcom.py
[2023-07-01T00:24:23.940+0000] {logging_mixin.py:137} INFO - [2023-07-01T00:24:23.939+0000] {dag.py:2705} INFO - Sync 1 DAGs
[2023-07-01T00:24:23.962+0000] {logging_mixin.py:137} INFO - [2023-07-01T00:24:23.962+0000] {dag.py:3456} INFO - Setting next_dagrun for example_xcom to 2021-01-01T00:00:00+00:00, run_after=2021-01-01T00:00:00+00:00
[2023-07-01T00:24:23.978+0000] {processor.py:175} INFO - Processing /home/airflow/.local/lib/python3.7/site-packages/airflow/example_dags/example_xcom.py took 0.101 seconds
[2023-07-01T00:24:54.698+0000] {processor.py:153} INFO - Started process (PID=54164) to work on /home/airflow/.local/lib/python3.7/site-packages/airflow/example_dags/example_xcom.py
[2023-07-01T00:24:54.699+0000] {processor.py:743} INFO - Processing file /home/airflow/.local/lib/python3.7/site-packages/airflow/example_dags/example_xcom.py for tasks to queue
[2023-07-01T00:24:54.700+0000] {logging_mixin.py:137} INFO - [2023-07-01T00:24:54.700+0000] {dagbag.py:532} INFO - Filling up the DagBag from /home/airflow/.local/lib/python3.7/site-packages/airflow/example_dags/example_xcom.py
[2023-07-01T00:24:54.718+0000] {processor.py:753} INFO - DAG(s) dict_keys(['example_xcom']) retrieved from /home/airflow/.local/lib/python3.7/site-packages/airflow/example_dags/example_xcom.py
[2023-07-01T00:24:54.738+0000] {logging_mixin.py:137} INFO - [2023-07-01T00:24:54.737+0000] {dag.py:2705} INFO - Sync 1 DAGs
[2023-07-01T00:24:54.752+0000] {logging_mixin.py:137} INFO - [2023-07-01T00:24:54.752+0000] {dag.py:3456} INFO - Setting next_dagrun for example_xcom to 2021-01-01T00:00:00+00:00, run_after=2021-01-01T00:00:00+00:00
[2023-07-01T00:24:54.762+0000] {processor.py:175} INFO - Processing /home/airflow/.local/lib/python3.7/site-packages/airflow/example_dags/example_xcom.py took 0.066 seconds
[2023-07-01T00:25:24.978+0000] {processor.py:153} INFO - Started process (PID=54221) to work on /home/airflow/.local/lib/python3.7/site-packages/airflow/example_dags/example_xcom.py
[2023-07-01T00:25:24.979+0000] {processor.py:743} INFO - Processing file /home/airflow/.local/lib/python3.7/site-packages/airflow/example_dags/example_xcom.py for tasks to queue
[2023-07-01T00:25:24.980+0000] {logging_mixin.py:137} INFO - [2023-07-01T00:25:24.979+0000] {dagbag.py:532} INFO - Filling up the DagBag from /home/airflow/.local/lib/python3.7/site-packages/airflow/example_dags/example_xcom.py
[2023-07-01T00:25:24.996+0000] {processor.py:753} INFO - DAG(s) dict_keys(['example_xcom']) retrieved from /home/airflow/.local/lib/python3.7/site-packages/airflow/example_dags/example_xcom.py
[2023-07-01T00:25:25.015+0000] {logging_mixin.py:137} INFO - [2023-07-01T00:25:25.015+0000] {dag.py:2705} INFO - Sync 1 DAGs
[2023-07-01T00:25:25.030+0000] {logging_mixin.py:137} INFO - [2023-07-01T00:25:25.030+0000] {dag.py:3456} INFO - Setting next_dagrun for example_xcom to 2021-01-01T00:00:00+00:00, run_after=2021-01-01T00:00:00+00:00
[2023-07-01T00:25:25.043+0000] {processor.py:175} INFO - Processing /home/airflow/.local/lib/python3.7/site-packages/airflow/example_dags/example_xcom.py took 0.069 seconds
[2023-07-01T00:25:55.200+0000] {processor.py:153} INFO - Started process (PID=54279) to work on /home/airflow/.local/lib/python3.7/site-packages/airflow/example_dags/example_xcom.py
[2023-07-01T00:25:55.201+0000] {processor.py:743} INFO - Processing file /home/airflow/.local/lib/python3.7/site-packages/airflow/example_dags/example_xcom.py for tasks to queue
[2023-07-01T00:25:55.201+0000] {logging_mixin.py:137} INFO - [2023-07-01T00:25:55.201+0000] {dagbag.py:532} INFO - Filling up the DagBag from /home/airflow/.local/lib/python3.7/site-packages/airflow/example_dags/example_xcom.py
[2023-07-01T00:25:55.217+0000] {processor.py:753} INFO - DAG(s) dict_keys(['example_xcom']) retrieved from /home/airflow/.local/lib/python3.7/site-packages/airflow/example_dags/example_xcom.py
[2023-07-01T00:25:55.237+0000] {logging_mixin.py:137} INFO - [2023-07-01T00:25:55.237+0000] {dag.py:2705} INFO - Sync 1 DAGs
[2023-07-01T00:25:55.251+0000] {logging_mixin.py:137} INFO - [2023-07-01T00:25:55.251+0000] {dag.py:3456} INFO - Setting next_dagrun for example_xcom to 2021-01-01T00:00:00+00:00, run_after=2021-01-01T00:00:00+00:00
[2023-07-01T00:25:55.260+0000] {processor.py:175} INFO - Processing /home/airflow/.local/lib/python3.7/site-packages/airflow/example_dags/example_xcom.py took 0.064 seconds
[2023-07-01T00:26:26.182+0000] {processor.py:153} INFO - Started process (PID=54336) to work on /home/airflow/.local/lib/python3.7/site-packages/airflow/example_dags/example_xcom.py
[2023-07-01T00:26:26.183+0000] {processor.py:743} INFO - Processing file /home/airflow/.local/lib/python3.7/site-packages/airflow/example_dags/example_xcom.py for tasks to queue
[2023-07-01T00:26:26.183+0000] {logging_mixin.py:137} INFO - [2023-07-01T00:26:26.183+0000] {dagbag.py:532} INFO - Filling up the DagBag from /home/airflow/.local/lib/python3.7/site-packages/airflow/example_dags/example_xcom.py
[2023-07-01T00:26:26.199+0000] {processor.py:753} INFO - DAG(s) dict_keys(['example_xcom']) retrieved from /home/airflow/.local/lib/python3.7/site-packages/airflow/example_dags/example_xcom.py
[2023-07-01T00:26:26.219+0000] {logging_mixin.py:137} INFO - [2023-07-01T00:26:26.219+0000] {dag.py:2705} INFO - Sync 1 DAGs
[2023-07-01T00:26:26.233+0000] {logging_mixin.py:137} INFO - [2023-07-01T00:26:26.233+0000] {dag.py:3456} INFO - Setting next_dagrun for example_xcom to 2021-01-01T00:00:00+00:00, run_after=2021-01-01T00:00:00+00:00
[2023-07-01T00:26:26.243+0000] {processor.py:175} INFO - Processing /home/airflow/.local/lib/python3.7/site-packages/airflow/example_dags/example_xcom.py took 0.064 seconds
[2023-07-01T00:26:56.933+0000] {processor.py:153} INFO - Started process (PID=54393) to work on /home/airflow/.local/lib/python3.7/site-packages/airflow/example_dags/example_xcom.py
[2023-07-01T00:26:56.934+0000] {processor.py:743} INFO - Processing file /home/airflow/.local/lib/python3.7/site-packages/airflow/example_dags/example_xcom.py for tasks to queue
[2023-07-01T00:26:56.934+0000] {logging_mixin.py:137} INFO - [2023-07-01T00:26:56.934+0000] {dagbag.py:532} INFO - Filling up the DagBag from /home/airflow/.local/lib/python3.7/site-packages/airflow/example_dags/example_xcom.py
[2023-07-01T00:26:56.950+0000] {processor.py:753} INFO - DAG(s) dict_keys(['example_xcom']) retrieved from /home/airflow/.local/lib/python3.7/site-packages/airflow/example_dags/example_xcom.py
[2023-07-01T00:26:56.969+0000] {logging_mixin.py:137} INFO - [2023-07-01T00:26:56.969+0000] {dag.py:2705} INFO - Sync 1 DAGs
[2023-07-01T00:26:56.983+0000] {logging_mixin.py:137} INFO - [2023-07-01T00:26:56.982+0000] {dag.py:3456} INFO - Setting next_dagrun for example_xcom to 2021-01-01T00:00:00+00:00, run_after=2021-01-01T00:00:00+00:00
[2023-07-01T00:26:56.993+0000] {processor.py:175} INFO - Processing /home/airflow/.local/lib/python3.7/site-packages/airflow/example_dags/example_xcom.py took 0.063 seconds
[2023-07-01T00:27:27.962+0000] {processor.py:153} INFO - Started process (PID=54450) to work on /home/airflow/.local/lib/python3.7/site-packages/airflow/example_dags/example_xcom.py
[2023-07-01T00:27:27.963+0000] {processor.py:743} INFO - Processing file /home/airflow/.local/lib/python3.7/site-packages/airflow/example_dags/example_xcom.py for tasks to queue
[2023-07-01T00:27:27.964+0000] {logging_mixin.py:137} INFO - [2023-07-01T00:27:27.964+0000] {dagbag.py:532} INFO - Filling up the DagBag from /home/airflow/.local/lib/python3.7/site-packages/airflow/example_dags/example_xcom.py
[2023-07-01T00:27:27.979+0000] {processor.py:753} INFO - DAG(s) dict_keys(['example_xcom']) retrieved from /home/airflow/.local/lib/python3.7/site-packages/airflow/example_dags/example_xcom.py
[2023-07-01T00:27:27.998+0000] {logging_mixin.py:137} INFO - [2023-07-01T00:27:27.998+0000] {dag.py:2705} INFO - Sync 1 DAGs
[2023-07-01T00:27:28.012+0000] {logging_mixin.py:137} INFO - [2023-07-01T00:27:28.012+0000] {dag.py:3456} INFO - Setting next_dagrun for example_xcom to 2021-01-01T00:00:00+00:00, run_after=2021-01-01T00:00:00+00:00
[2023-07-01T00:27:28.022+0000] {processor.py:175} INFO - Processing /home/airflow/.local/lib/python3.7/site-packages/airflow/example_dags/example_xcom.py took 0.062 seconds
[2023-07-01T00:27:58.694+0000] {processor.py:153} INFO - Started process (PID=54506) to work on /home/airflow/.local/lib/python3.7/site-packages/airflow/example_dags/example_xcom.py
[2023-07-01T00:27:58.695+0000] {processor.py:743} INFO - Processing file /home/airflow/.local/lib/python3.7/site-packages/airflow/example_dags/example_xcom.py for tasks to queue
[2023-07-01T00:27:58.696+0000] {logging_mixin.py:137} INFO - [2023-07-01T00:27:58.695+0000] {dagbag.py:532} INFO - Filling up the DagBag from /home/airflow/.local/lib/python3.7/site-packages/airflow/example_dags/example_xcom.py
[2023-07-01T00:27:58.712+0000] {processor.py:753} INFO - DAG(s) dict_keys(['example_xcom']) retrieved from /home/airflow/.local/lib/python3.7/site-packages/airflow/example_dags/example_xcom.py
[2023-07-01T00:27:58.731+0000] {logging_mixin.py:137} INFO - [2023-07-01T00:27:58.731+0000] {dag.py:2705} INFO - Sync 1 DAGs
[2023-07-01T00:27:58.745+0000] {logging_mixin.py:137} INFO - [2023-07-01T00:27:58.745+0000] {dag.py:3456} INFO - Setting next_dagrun for example_xcom to 2021-01-01T00:00:00+00:00, run_after=2021-01-01T00:00:00+00:00
[2023-07-01T00:27:58.754+0000] {processor.py:175} INFO - Processing /home/airflow/.local/lib/python3.7/site-packages/airflow/example_dags/example_xcom.py took 0.062 seconds
[2023-07-01T00:28:29.497+0000] {processor.py:153} INFO - Started process (PID=54563) to work on /home/airflow/.local/lib/python3.7/site-packages/airflow/example_dags/example_xcom.py
[2023-07-01T00:28:29.497+0000] {processor.py:743} INFO - Processing file /home/airflow/.local/lib/python3.7/site-packages/airflow/example_dags/example_xcom.py for tasks to queue
[2023-07-01T00:28:29.498+0000] {logging_mixin.py:137} INFO - [2023-07-01T00:28:29.498+0000] {dagbag.py:532} INFO - Filling up the DagBag from /home/airflow/.local/lib/python3.7/site-packages/airflow/example_dags/example_xcom.py
[2023-07-01T00:28:29.512+0000] {processor.py:753} INFO - DAG(s) dict_keys(['example_xcom']) retrieved from /home/airflow/.local/lib/python3.7/site-packages/airflow/example_dags/example_xcom.py
[2023-07-01T00:28:29.531+0000] {logging_mixin.py:137} INFO - [2023-07-01T00:28:29.531+0000] {dag.py:2705} INFO - Sync 1 DAGs
[2023-07-01T00:28:29.544+0000] {logging_mixin.py:137} INFO - [2023-07-01T00:28:29.544+0000] {dag.py:3456} INFO - Setting next_dagrun for example_xcom to 2021-01-01T00:00:00+00:00, run_after=2021-01-01T00:00:00+00:00
[2023-07-01T00:28:29.554+0000] {processor.py:175} INFO - Processing /home/airflow/.local/lib/python3.7/site-packages/airflow/example_dags/example_xcom.py took 0.060 seconds
[2023-07-01T00:29:00.256+0000] {processor.py:153} INFO - Started process (PID=54621) to work on /home/airflow/.local/lib/python3.7/site-packages/airflow/example_dags/example_xcom.py
[2023-07-01T00:29:00.257+0000] {processor.py:743} INFO - Processing file /home/airflow/.local/lib/python3.7/site-packages/airflow/example_dags/example_xcom.py for tasks to queue
[2023-07-01T00:29:00.258+0000] {logging_mixin.py:137} INFO - [2023-07-01T00:29:00.258+0000] {dagbag.py:532} INFO - Filling up the DagBag from /home/airflow/.local/lib/python3.7/site-packages/airflow/example_dags/example_xcom.py
[2023-07-01T00:29:00.272+0000] {processor.py:753} INFO - DAG(s) dict_keys(['example_xcom']) retrieved from /home/airflow/.local/lib/python3.7/site-packages/airflow/example_dags/example_xcom.py
[2023-07-01T00:29:00.290+0000] {logging_mixin.py:137} INFO - [2023-07-01T00:29:00.290+0000] {dag.py:2705} INFO - Sync 1 DAGs
[2023-07-01T00:29:00.305+0000] {logging_mixin.py:137} INFO - [2023-07-01T00:29:00.304+0000] {dag.py:3456} INFO - Setting next_dagrun for example_xcom to 2021-01-01T00:00:00+00:00, run_after=2021-01-01T00:00:00+00:00
[2023-07-01T00:29:00.314+0000] {processor.py:175} INFO - Processing /home/airflow/.local/lib/python3.7/site-packages/airflow/example_dags/example_xcom.py took 0.061 seconds
[2023-07-01T00:29:31.248+0000] {processor.py:153} INFO - Started process (PID=54678) to work on /home/airflow/.local/lib/python3.7/site-packages/airflow/example_dags/example_xcom.py
[2023-07-01T00:29:31.249+0000] {processor.py:743} INFO - Processing file /home/airflow/.local/lib/python3.7/site-packages/airflow/example_dags/example_xcom.py for tasks to queue
[2023-07-01T00:29:31.249+0000] {logging_mixin.py:137} INFO - [2023-07-01T00:29:31.249+0000] {dagbag.py:532} INFO - Filling up the DagBag from /home/airflow/.local/lib/python3.7/site-packages/airflow/example_dags/example_xcom.py
[2023-07-01T00:29:31.276+0000] {processor.py:753} INFO - DAG(s) dict_keys(['example_xcom']) retrieved from /home/airflow/.local/lib/python3.7/site-packages/airflow/example_dags/example_xcom.py
[2023-07-01T00:29:31.302+0000] {logging_mixin.py:137} INFO - [2023-07-01T00:29:31.302+0000] {dag.py:2705} INFO - Sync 1 DAGs
[2023-07-01T00:29:31.318+0000] {logging_mixin.py:137} INFO - [2023-07-01T00:29:31.318+0000] {dag.py:3456} INFO - Setting next_dagrun for example_xcom to 2021-01-01T00:00:00+00:00, run_after=2021-01-01T00:00:00+00:00
[2023-07-01T00:29:31.328+0000] {processor.py:175} INFO - Processing /home/airflow/.local/lib/python3.7/site-packages/airflow/example_dags/example_xcom.py took 0.083 seconds
[2023-07-01T00:30:01.390+0000] {processor.py:153} INFO - Started process (PID=54736) to work on /home/airflow/.local/lib/python3.7/site-packages/airflow/example_dags/example_xcom.py
[2023-07-01T00:30:01.400+0000] {processor.py:743} INFO - Processing file /home/airflow/.local/lib/python3.7/site-packages/airflow/example_dags/example_xcom.py for tasks to queue
[2023-07-01T00:30:01.401+0000] {logging_mixin.py:137} INFO - [2023-07-01T00:30:01.401+0000] {dagbag.py:532} INFO - Filling up the DagBag from /home/airflow/.local/lib/python3.7/site-packages/airflow/example_dags/example_xcom.py
[2023-07-01T00:30:01.425+0000] {processor.py:753} INFO - DAG(s) dict_keys(['example_xcom']) retrieved from /home/airflow/.local/lib/python3.7/site-packages/airflow/example_dags/example_xcom.py
[2023-07-01T00:30:01.452+0000] {logging_mixin.py:137} INFO - [2023-07-01T00:30:01.452+0000] {dag.py:2705} INFO - Sync 1 DAGs
[2023-07-01T00:30:01.467+0000] {logging_mixin.py:137} INFO - [2023-07-01T00:30:01.467+0000] {dag.py:3456} INFO - Setting next_dagrun for example_xcom to 2021-01-01T00:00:00+00:00, run_after=2021-01-01T00:00:00+00:00
[2023-07-01T00:30:01.477+0000] {processor.py:175} INFO - Processing /home/airflow/.local/lib/python3.7/site-packages/airflow/example_dags/example_xcom.py took 0.090 seconds
[2023-07-01T00:30:32.299+0000] {processor.py:153} INFO - Started process (PID=54793) to work on /home/airflow/.local/lib/python3.7/site-packages/airflow/example_dags/example_xcom.py
[2023-07-01T00:30:32.300+0000] {processor.py:743} INFO - Processing file /home/airflow/.local/lib/python3.7/site-packages/airflow/example_dags/example_xcom.py for tasks to queue
[2023-07-01T00:30:32.301+0000] {logging_mixin.py:137} INFO - [2023-07-01T00:30:32.301+0000] {dagbag.py:532} INFO - Filling up the DagBag from /home/airflow/.local/lib/python3.7/site-packages/airflow/example_dags/example_xcom.py
[2023-07-01T00:30:32.317+0000] {processor.py:753} INFO - DAG(s) dict_keys(['example_xcom']) retrieved from /home/airflow/.local/lib/python3.7/site-packages/airflow/example_dags/example_xcom.py
[2023-07-01T00:30:32.337+0000] {logging_mixin.py:137} INFO - [2023-07-01T00:30:32.337+0000] {dag.py:2705} INFO - Sync 1 DAGs
[2023-07-01T00:30:32.350+0000] {logging_mixin.py:137} INFO - [2023-07-01T00:30:32.350+0000] {dag.py:3456} INFO - Setting next_dagrun for example_xcom to 2021-01-01T00:00:00+00:00, run_after=2021-01-01T00:00:00+00:00
[2023-07-01T00:30:32.361+0000] {processor.py:175} INFO - Processing /home/airflow/.local/lib/python3.7/site-packages/airflow/example_dags/example_xcom.py took 0.064 seconds
[2023-07-01T00:31:03.055+0000] {processor.py:153} INFO - Started process (PID=54851) to work on /home/airflow/.local/lib/python3.7/site-packages/airflow/example_dags/example_xcom.py
[2023-07-01T00:31:03.056+0000] {processor.py:743} INFO - Processing file /home/airflow/.local/lib/python3.7/site-packages/airflow/example_dags/example_xcom.py for tasks to queue
[2023-07-01T00:31:03.057+0000] {logging_mixin.py:137} INFO - [2023-07-01T00:31:03.057+0000] {dagbag.py:532} INFO - Filling up the DagBag from /home/airflow/.local/lib/python3.7/site-packages/airflow/example_dags/example_xcom.py
[2023-07-01T00:31:03.075+0000] {processor.py:753} INFO - DAG(s) dict_keys(['example_xcom']) retrieved from /home/airflow/.local/lib/python3.7/site-packages/airflow/example_dags/example_xcom.py
[2023-07-01T00:31:03.093+0000] {logging_mixin.py:137} INFO - [2023-07-01T00:31:03.093+0000] {dag.py:2705} INFO - Sync 1 DAGs
[2023-07-01T00:31:03.107+0000] {logging_mixin.py:137} INFO - [2023-07-01T00:31:03.107+0000] {dag.py:3456} INFO - Setting next_dagrun for example_xcom to 2021-01-01T00:00:00+00:00, run_after=2021-01-01T00:00:00+00:00
[2023-07-01T00:31:03.117+0000] {processor.py:175} INFO - Processing /home/airflow/.local/lib/python3.7/site-packages/airflow/example_dags/example_xcom.py took 0.065 seconds
[2023-07-01T00:31:33.904+0000] {processor.py:153} INFO - Started process (PID=54908) to work on /home/airflow/.local/lib/python3.7/site-packages/airflow/example_dags/example_xcom.py
[2023-07-01T00:31:33.905+0000] {processor.py:743} INFO - Processing file /home/airflow/.local/lib/python3.7/site-packages/airflow/example_dags/example_xcom.py for tasks to queue
[2023-07-01T00:31:33.906+0000] {logging_mixin.py:137} INFO - [2023-07-01T00:31:33.906+0000] {dagbag.py:532} INFO - Filling up the DagBag from /home/airflow/.local/lib/python3.7/site-packages/airflow/example_dags/example_xcom.py
[2023-07-01T00:31:33.920+0000] {processor.py:753} INFO - DAG(s) dict_keys(['example_xcom']) retrieved from /home/airflow/.local/lib/python3.7/site-packages/airflow/example_dags/example_xcom.py
[2023-07-01T00:31:33.939+0000] {logging_mixin.py:137} INFO - [2023-07-01T00:31:33.939+0000] {dag.py:2705} INFO - Sync 1 DAGs
[2023-07-01T00:31:33.953+0000] {logging_mixin.py:137} INFO - [2023-07-01T00:31:33.953+0000] {dag.py:3456} INFO - Setting next_dagrun for example_xcom to 2021-01-01T00:00:00+00:00, run_after=2021-01-01T00:00:00+00:00
[2023-07-01T00:31:33.963+0000] {processor.py:175} INFO - Processing /home/airflow/.local/lib/python3.7/site-packages/airflow/example_dags/example_xcom.py took 0.062 seconds
[2023-07-01T00:32:04.930+0000] {processor.py:153} INFO - Started process (PID=54965) to work on /home/airflow/.local/lib/python3.7/site-packages/airflow/example_dags/example_xcom.py
[2023-07-01T00:32:04.931+0000] {processor.py:743} INFO - Processing file /home/airflow/.local/lib/python3.7/site-packages/airflow/example_dags/example_xcom.py for tasks to queue
[2023-07-01T00:32:04.932+0000] {logging_mixin.py:137} INFO - [2023-07-01T00:32:04.932+0000] {dagbag.py:532} INFO - Filling up the DagBag from /home/airflow/.local/lib/python3.7/site-packages/airflow/example_dags/example_xcom.py
[2023-07-01T00:32:04.947+0000] {processor.py:753} INFO - DAG(s) dict_keys(['example_xcom']) retrieved from /home/airflow/.local/lib/python3.7/site-packages/airflow/example_dags/example_xcom.py
[2023-07-01T00:32:04.965+0000] {logging_mixin.py:137} INFO - [2023-07-01T00:32:04.965+0000] {dag.py:2705} INFO - Sync 1 DAGs
[2023-07-01T00:32:04.978+0000] {logging_mixin.py:137} INFO - [2023-07-01T00:32:04.978+0000] {dag.py:3456} INFO - Setting next_dagrun for example_xcom to 2021-01-01T00:00:00+00:00, run_after=2021-01-01T00:00:00+00:00
[2023-07-01T00:32:04.989+0000] {processor.py:175} INFO - Processing /home/airflow/.local/lib/python3.7/site-packages/airflow/example_dags/example_xcom.py took 0.061 seconds
[2023-07-01T00:32:35.871+0000] {processor.py:153} INFO - Started process (PID=55023) to work on /home/airflow/.local/lib/python3.7/site-packages/airflow/example_dags/example_xcom.py
[2023-07-01T00:32:35.872+0000] {processor.py:743} INFO - Processing file /home/airflow/.local/lib/python3.7/site-packages/airflow/example_dags/example_xcom.py for tasks to queue
[2023-07-01T00:32:35.873+0000] {logging_mixin.py:137} INFO - [2023-07-01T00:32:35.873+0000] {dagbag.py:532} INFO - Filling up the DagBag from /home/airflow/.local/lib/python3.7/site-packages/airflow/example_dags/example_xcom.py
[2023-07-01T00:32:35.895+0000] {processor.py:753} INFO - DAG(s) dict_keys(['example_xcom']) retrieved from /home/airflow/.local/lib/python3.7/site-packages/airflow/example_dags/example_xcom.py
[2023-07-01T00:32:35.914+0000] {logging_mixin.py:137} INFO - [2023-07-01T00:32:35.914+0000] {dag.py:2705} INFO - Sync 1 DAGs
[2023-07-01T00:32:35.929+0000] {logging_mixin.py:137} INFO - [2023-07-01T00:32:35.929+0000] {dag.py:3456} INFO - Setting next_dagrun for example_xcom to 2021-01-01T00:00:00+00:00, run_after=2021-01-01T00:00:00+00:00
[2023-07-01T00:32:35.939+0000] {processor.py:175} INFO - Processing /home/airflow/.local/lib/python3.7/site-packages/airflow/example_dags/example_xcom.py took 0.071 seconds
[2023-07-01T00:33:06.963+0000] {processor.py:153} INFO - Started process (PID=55080) to work on /home/airflow/.local/lib/python3.7/site-packages/airflow/example_dags/example_xcom.py
[2023-07-01T00:33:06.964+0000] {processor.py:743} INFO - Processing file /home/airflow/.local/lib/python3.7/site-packages/airflow/example_dags/example_xcom.py for tasks to queue
[2023-07-01T00:33:06.964+0000] {logging_mixin.py:137} INFO - [2023-07-01T00:33:06.964+0000] {dagbag.py:532} INFO - Filling up the DagBag from /home/airflow/.local/lib/python3.7/site-packages/airflow/example_dags/example_xcom.py
[2023-07-01T00:33:06.979+0000] {processor.py:753} INFO - DAG(s) dict_keys(['example_xcom']) retrieved from /home/airflow/.local/lib/python3.7/site-packages/airflow/example_dags/example_xcom.py
[2023-07-01T00:33:07.000+0000] {logging_mixin.py:137} INFO - [2023-07-01T00:33:07.000+0000] {dag.py:2705} INFO - Sync 1 DAGs
[2023-07-01T00:33:07.016+0000] {logging_mixin.py:137} INFO - [2023-07-01T00:33:07.016+0000] {dag.py:3456} INFO - Setting next_dagrun for example_xcom to 2021-01-01T00:00:00+00:00, run_after=2021-01-01T00:00:00+00:00
[2023-07-01T00:33:07.026+0000] {processor.py:175} INFO - Processing /home/airflow/.local/lib/python3.7/site-packages/airflow/example_dags/example_xcom.py took 0.066 seconds
[2023-07-01T00:33:37.102+0000] {processor.py:153} INFO - Started process (PID=55137) to work on /home/airflow/.local/lib/python3.7/site-packages/airflow/example_dags/example_xcom.py
[2023-07-01T00:33:37.103+0000] {processor.py:743} INFO - Processing file /home/airflow/.local/lib/python3.7/site-packages/airflow/example_dags/example_xcom.py for tasks to queue
[2023-07-01T00:33:37.103+0000] {logging_mixin.py:137} INFO - [2023-07-01T00:33:37.103+0000] {dagbag.py:532} INFO - Filling up the DagBag from /home/airflow/.local/lib/python3.7/site-packages/airflow/example_dags/example_xcom.py
[2023-07-01T00:33:37.120+0000] {processor.py:753} INFO - DAG(s) dict_keys(['example_xcom']) retrieved from /home/airflow/.local/lib/python3.7/site-packages/airflow/example_dags/example_xcom.py
[2023-07-01T00:33:37.138+0000] {logging_mixin.py:137} INFO - [2023-07-01T00:33:37.138+0000] {dag.py:2705} INFO - Sync 1 DAGs
[2023-07-01T00:33:37.152+0000] {logging_mixin.py:137} INFO - [2023-07-01T00:33:37.152+0000] {dag.py:3456} INFO - Setting next_dagrun for example_xcom to 2021-01-01T00:00:00+00:00, run_after=2021-01-01T00:00:00+00:00
[2023-07-01T00:33:37.161+0000] {processor.py:175} INFO - Processing /home/airflow/.local/lib/python3.7/site-packages/airflow/example_dags/example_xcom.py took 0.062 seconds
[2023-07-01T00:34:07.365+0000] {processor.py:153} INFO - Started process (PID=55194) to work on /home/airflow/.local/lib/python3.7/site-packages/airflow/example_dags/example_xcom.py
[2023-07-01T00:34:07.366+0000] {processor.py:743} INFO - Processing file /home/airflow/.local/lib/python3.7/site-packages/airflow/example_dags/example_xcom.py for tasks to queue
[2023-07-01T00:34:07.369+0000] {logging_mixin.py:137} INFO - [2023-07-01T00:34:07.369+0000] {dagbag.py:532} INFO - Filling up the DagBag from /home/airflow/.local/lib/python3.7/site-packages/airflow/example_dags/example_xcom.py
[2023-07-01T00:34:07.394+0000] {processor.py:753} INFO - DAG(s) dict_keys(['example_xcom']) retrieved from /home/airflow/.local/lib/python3.7/site-packages/airflow/example_dags/example_xcom.py
[2023-07-01T00:34:07.419+0000] {logging_mixin.py:137} INFO - [2023-07-01T00:34:07.419+0000] {dag.py:2705} INFO - Sync 1 DAGs
[2023-07-01T00:34:07.438+0000] {logging_mixin.py:137} INFO - [2023-07-01T00:34:07.438+0000] {dag.py:3456} INFO - Setting next_dagrun for example_xcom to 2021-01-01T00:00:00+00:00, run_after=2021-01-01T00:00:00+00:00
[2023-07-01T00:34:07.449+0000] {processor.py:175} INFO - Processing /home/airflow/.local/lib/python3.7/site-packages/airflow/example_dags/example_xcom.py took 0.088 seconds
[2023-07-01T00:34:38.258+0000] {processor.py:153} INFO - Started process (PID=55251) to work on /home/airflow/.local/lib/python3.7/site-packages/airflow/example_dags/example_xcom.py
[2023-07-01T00:34:38.259+0000] {processor.py:743} INFO - Processing file /home/airflow/.local/lib/python3.7/site-packages/airflow/example_dags/example_xcom.py for tasks to queue
[2023-07-01T00:34:38.260+0000] {logging_mixin.py:137} INFO - [2023-07-01T00:34:38.260+0000] {dagbag.py:532} INFO - Filling up the DagBag from /home/airflow/.local/lib/python3.7/site-packages/airflow/example_dags/example_xcom.py
[2023-07-01T00:34:38.276+0000] {processor.py:753} INFO - DAG(s) dict_keys(['example_xcom']) retrieved from /home/airflow/.local/lib/python3.7/site-packages/airflow/example_dags/example_xcom.py
[2023-07-01T00:34:38.294+0000] {logging_mixin.py:137} INFO - [2023-07-01T00:34:38.294+0000] {dag.py:2705} INFO - Sync 1 DAGs
[2023-07-01T00:34:38.310+0000] {logging_mixin.py:137} INFO - [2023-07-01T00:34:38.310+0000] {dag.py:3456} INFO - Setting next_dagrun for example_xcom to 2021-01-01T00:00:00+00:00, run_after=2021-01-01T00:00:00+00:00
[2023-07-01T00:34:38.319+0000] {processor.py:175} INFO - Processing /home/airflow/.local/lib/python3.7/site-packages/airflow/example_dags/example_xcom.py took 0.063 seconds
