[2023-07-01T00:00:24.562+0000] {processor.py:153} INFO - Started process (PID=51437) to work on /home/airflow/.local/lib/python3.7/site-packages/airflow/example_dags/example_trigger_controller_dag.py
[2023-07-01T00:00:24.563+0000] {processor.py:743} INFO - Processing file /home/airflow/.local/lib/python3.7/site-packages/airflow/example_dags/example_trigger_controller_dag.py for tasks to queue
[2023-07-01T00:00:24.564+0000] {logging_mixin.py:137} INFO - [2023-07-01T00:00:24.564+0000] {dagbag.py:532} INFO - Filling up the DagBag from /home/airflow/.local/lib/python3.7/site-packages/airflow/example_dags/example_trigger_controller_dag.py
[2023-07-01T00:00:24.574+0000] {processor.py:753} INFO - DAG(s) dict_keys(['example_trigger_controller_dag']) retrieved from /home/airflow/.local/lib/python3.7/site-packages/airflow/example_dags/example_trigger_controller_dag.py
[2023-07-01T00:00:24.592+0000] {logging_mixin.py:137} INFO - [2023-07-01T00:00:24.592+0000] {dag.py:2705} INFO - Sync 1 DAGs
[2023-07-01T00:00:24.606+0000] {logging_mixin.py:137} INFO - [2023-07-01T00:00:24.606+0000] {dag.py:3456} INFO - Setting next_dagrun for example_trigger_controller_dag to 2021-01-01T00:00:00+00:00, run_after=2021-01-01T00:00:00+00:00
[2023-07-01T00:00:24.615+0000] {processor.py:175} INFO - Processing /home/airflow/.local/lib/python3.7/site-packages/airflow/example_dags/example_trigger_controller_dag.py took 0.057 seconds
[2023-07-01T00:00:55.713+0000] {processor.py:153} INFO - Started process (PID=51494) to work on /home/airflow/.local/lib/python3.7/site-packages/airflow/example_dags/example_trigger_controller_dag.py
[2023-07-01T00:00:55.714+0000] {processor.py:743} INFO - Processing file /home/airflow/.local/lib/python3.7/site-packages/airflow/example_dags/example_trigger_controller_dag.py for tasks to queue
[2023-07-01T00:00:55.715+0000] {logging_mixin.py:137} INFO - [2023-07-01T00:00:55.715+0000] {dagbag.py:532} INFO - Filling up the DagBag from /home/airflow/.local/lib/python3.7/site-packages/airflow/example_dags/example_trigger_controller_dag.py
[2023-07-01T00:00:55.723+0000] {processor.py:753} INFO - DAG(s) dict_keys(['example_trigger_controller_dag']) retrieved from /home/airflow/.local/lib/python3.7/site-packages/airflow/example_dags/example_trigger_controller_dag.py
[2023-07-01T00:00:55.743+0000] {logging_mixin.py:137} INFO - [2023-07-01T00:00:55.743+0000] {dag.py:2705} INFO - Sync 1 DAGs
[2023-07-01T00:00:55.757+0000] {logging_mixin.py:137} INFO - [2023-07-01T00:00:55.757+0000] {dag.py:3456} INFO - Setting next_dagrun for example_trigger_controller_dag to 2021-01-01T00:00:00+00:00, run_after=2021-01-01T00:00:00+00:00
[2023-07-01T00:00:55.767+0000] {processor.py:175} INFO - Processing /home/airflow/.local/lib/python3.7/site-packages/airflow/example_dags/example_trigger_controller_dag.py took 0.058 seconds
[2023-07-01T00:01:26.420+0000] {processor.py:153} INFO - Started process (PID=51552) to work on /home/airflow/.local/lib/python3.7/site-packages/airflow/example_dags/example_trigger_controller_dag.py
[2023-07-01T00:01:26.421+0000] {processor.py:743} INFO - Processing file /home/airflow/.local/lib/python3.7/site-packages/airflow/example_dags/example_trigger_controller_dag.py for tasks to queue
[2023-07-01T00:01:26.422+0000] {logging_mixin.py:137} INFO - [2023-07-01T00:01:26.422+0000] {dagbag.py:532} INFO - Filling up the DagBag from /home/airflow/.local/lib/python3.7/site-packages/airflow/example_dags/example_trigger_controller_dag.py
[2023-07-01T00:01:26.430+0000] {processor.py:753} INFO - DAG(s) dict_keys(['example_trigger_controller_dag']) retrieved from /home/airflow/.local/lib/python3.7/site-packages/airflow/example_dags/example_trigger_controller_dag.py
[2023-07-01T00:01:26.447+0000] {logging_mixin.py:137} INFO - [2023-07-01T00:01:26.447+0000] {dag.py:2705} INFO - Sync 1 DAGs
[2023-07-01T00:01:26.460+0000] {logging_mixin.py:137} INFO - [2023-07-01T00:01:26.460+0000] {dag.py:3456} INFO - Setting next_dagrun for example_trigger_controller_dag to 2021-01-01T00:00:00+00:00, run_after=2021-01-01T00:00:00+00:00
[2023-07-01T00:01:26.470+0000] {processor.py:175} INFO - Processing /home/airflow/.local/lib/python3.7/site-packages/airflow/example_dags/example_trigger_controller_dag.py took 0.052 seconds
[2023-07-01T00:01:57.198+0000] {processor.py:153} INFO - Started process (PID=51608) to work on /home/airflow/.local/lib/python3.7/site-packages/airflow/example_dags/example_trigger_controller_dag.py
[2023-07-01T00:01:57.199+0000] {processor.py:743} INFO - Processing file /home/airflow/.local/lib/python3.7/site-packages/airflow/example_dags/example_trigger_controller_dag.py for tasks to queue
[2023-07-01T00:01:57.200+0000] {logging_mixin.py:137} INFO - [2023-07-01T00:01:57.200+0000] {dagbag.py:532} INFO - Filling up the DagBag from /home/airflow/.local/lib/python3.7/site-packages/airflow/example_dags/example_trigger_controller_dag.py
[2023-07-01T00:01:57.207+0000] {processor.py:753} INFO - DAG(s) dict_keys(['example_trigger_controller_dag']) retrieved from /home/airflow/.local/lib/python3.7/site-packages/airflow/example_dags/example_trigger_controller_dag.py
[2023-07-01T00:01:57.225+0000] {logging_mixin.py:137} INFO - [2023-07-01T00:01:57.225+0000] {dag.py:2705} INFO - Sync 1 DAGs
[2023-07-01T00:01:57.240+0000] {logging_mixin.py:137} INFO - [2023-07-01T00:01:57.240+0000] {dag.py:3456} INFO - Setting next_dagrun for example_trigger_controller_dag to 2021-01-01T00:00:00+00:00, run_after=2021-01-01T00:00:00+00:00
[2023-07-01T00:01:57.249+0000] {processor.py:175} INFO - Processing /home/airflow/.local/lib/python3.7/site-packages/airflow/example_dags/example_trigger_controller_dag.py took 0.054 seconds
[2023-07-01T00:02:28.075+0000] {processor.py:153} INFO - Started process (PID=51664) to work on /home/airflow/.local/lib/python3.7/site-packages/airflow/example_dags/example_trigger_controller_dag.py
[2023-07-01T00:02:28.076+0000] {processor.py:743} INFO - Processing file /home/airflow/.local/lib/python3.7/site-packages/airflow/example_dags/example_trigger_controller_dag.py for tasks to queue
[2023-07-01T00:02:28.077+0000] {logging_mixin.py:137} INFO - [2023-07-01T00:02:28.077+0000] {dagbag.py:532} INFO - Filling up the DagBag from /home/airflow/.local/lib/python3.7/site-packages/airflow/example_dags/example_trigger_controller_dag.py
[2023-07-01T00:02:28.087+0000] {processor.py:753} INFO - DAG(s) dict_keys(['example_trigger_controller_dag']) retrieved from /home/airflow/.local/lib/python3.7/site-packages/airflow/example_dags/example_trigger_controller_dag.py
[2023-07-01T00:02:28.107+0000] {logging_mixin.py:137} INFO - [2023-07-01T00:02:28.107+0000] {dag.py:2705} INFO - Sync 1 DAGs
[2023-07-01T00:02:28.122+0000] {logging_mixin.py:137} INFO - [2023-07-01T00:02:28.122+0000] {dag.py:3456} INFO - Setting next_dagrun for example_trigger_controller_dag to 2021-01-01T00:00:00+00:00, run_after=2021-01-01T00:00:00+00:00
[2023-07-01T00:02:28.132+0000] {processor.py:175} INFO - Processing /home/airflow/.local/lib/python3.7/site-packages/airflow/example_dags/example_trigger_controller_dag.py took 0.062 seconds
[2023-07-01T00:02:59.065+0000] {processor.py:153} INFO - Started process (PID=51721) to work on /home/airflow/.local/lib/python3.7/site-packages/airflow/example_dags/example_trigger_controller_dag.py
[2023-07-01T00:02:59.066+0000] {processor.py:743} INFO - Processing file /home/airflow/.local/lib/python3.7/site-packages/airflow/example_dags/example_trigger_controller_dag.py for tasks to queue
[2023-07-01T00:02:59.067+0000] {logging_mixin.py:137} INFO - [2023-07-01T00:02:59.067+0000] {dagbag.py:532} INFO - Filling up the DagBag from /home/airflow/.local/lib/python3.7/site-packages/airflow/example_dags/example_trigger_controller_dag.py
[2023-07-01T00:02:59.075+0000] {processor.py:753} INFO - DAG(s) dict_keys(['example_trigger_controller_dag']) retrieved from /home/airflow/.local/lib/python3.7/site-packages/airflow/example_dags/example_trigger_controller_dag.py
[2023-07-01T00:02:59.094+0000] {logging_mixin.py:137} INFO - [2023-07-01T00:02:59.094+0000] {dag.py:2705} INFO - Sync 1 DAGs
[2023-07-01T00:02:59.108+0000] {logging_mixin.py:137} INFO - [2023-07-01T00:02:59.108+0000] {dag.py:3456} INFO - Setting next_dagrun for example_trigger_controller_dag to 2021-01-01T00:00:00+00:00, run_after=2021-01-01T00:00:00+00:00
[2023-07-01T00:02:59.118+0000] {processor.py:175} INFO - Processing /home/airflow/.local/lib/python3.7/site-packages/airflow/example_dags/example_trigger_controller_dag.py took 0.056 seconds
[2023-07-01T00:03:30.262+0000] {processor.py:153} INFO - Started process (PID=51778) to work on /home/airflow/.local/lib/python3.7/site-packages/airflow/example_dags/example_trigger_controller_dag.py
[2023-07-01T00:03:30.263+0000] {processor.py:743} INFO - Processing file /home/airflow/.local/lib/python3.7/site-packages/airflow/example_dags/example_trigger_controller_dag.py for tasks to queue
[2023-07-01T00:03:30.263+0000] {logging_mixin.py:137} INFO - [2023-07-01T00:03:30.263+0000] {dagbag.py:532} INFO - Filling up the DagBag from /home/airflow/.local/lib/python3.7/site-packages/airflow/example_dags/example_trigger_controller_dag.py
[2023-07-01T00:03:30.271+0000] {processor.py:753} INFO - DAG(s) dict_keys(['example_trigger_controller_dag']) retrieved from /home/airflow/.local/lib/python3.7/site-packages/airflow/example_dags/example_trigger_controller_dag.py
[2023-07-01T00:03:30.290+0000] {logging_mixin.py:137} INFO - [2023-07-01T00:03:30.290+0000] {dag.py:2705} INFO - Sync 1 DAGs
[2023-07-01T00:03:30.305+0000] {logging_mixin.py:137} INFO - [2023-07-01T00:03:30.305+0000] {dag.py:3456} INFO - Setting next_dagrun for example_trigger_controller_dag to 2021-01-01T00:00:00+00:00, run_after=2021-01-01T00:00:00+00:00
[2023-07-01T00:03:30.314+0000] {processor.py:175} INFO - Processing /home/airflow/.local/lib/python3.7/site-packages/airflow/example_dags/example_trigger_controller_dag.py took 0.055 seconds
[2023-07-01T00:04:01.155+0000] {processor.py:153} INFO - Started process (PID=51835) to work on /home/airflow/.local/lib/python3.7/site-packages/airflow/example_dags/example_trigger_controller_dag.py
[2023-07-01T00:04:01.156+0000] {processor.py:743} INFO - Processing file /home/airflow/.local/lib/python3.7/site-packages/airflow/example_dags/example_trigger_controller_dag.py for tasks to queue
[2023-07-01T00:04:01.157+0000] {logging_mixin.py:137} INFO - [2023-07-01T00:04:01.157+0000] {dagbag.py:532} INFO - Filling up the DagBag from /home/airflow/.local/lib/python3.7/site-packages/airflow/example_dags/example_trigger_controller_dag.py
[2023-07-01T00:04:01.165+0000] {processor.py:753} INFO - DAG(s) dict_keys(['example_trigger_controller_dag']) retrieved from /home/airflow/.local/lib/python3.7/site-packages/airflow/example_dags/example_trigger_controller_dag.py
[2023-07-01T00:04:01.183+0000] {logging_mixin.py:137} INFO - [2023-07-01T00:04:01.183+0000] {dag.py:2705} INFO - Sync 1 DAGs
[2023-07-01T00:04:01.197+0000] {logging_mixin.py:137} INFO - [2023-07-01T00:04:01.197+0000] {dag.py:3456} INFO - Setting next_dagrun for example_trigger_controller_dag to 2021-01-01T00:00:00+00:00, run_after=2021-01-01T00:00:00+00:00
[2023-07-01T00:04:01.207+0000] {processor.py:175} INFO - Processing /home/airflow/.local/lib/python3.7/site-packages/airflow/example_dags/example_trigger_controller_dag.py took 0.054 seconds
[2023-07-01T00:04:31.994+0000] {processor.py:153} INFO - Started process (PID=51892) to work on /home/airflow/.local/lib/python3.7/site-packages/airflow/example_dags/example_trigger_controller_dag.py
[2023-07-01T00:04:31.996+0000] {processor.py:743} INFO - Processing file /home/airflow/.local/lib/python3.7/site-packages/airflow/example_dags/example_trigger_controller_dag.py for tasks to queue
[2023-07-01T00:04:31.996+0000] {logging_mixin.py:137} INFO - [2023-07-01T00:04:31.996+0000] {dagbag.py:532} INFO - Filling up the DagBag from /home/airflow/.local/lib/python3.7/site-packages/airflow/example_dags/example_trigger_controller_dag.py
[2023-07-01T00:04:32.004+0000] {processor.py:753} INFO - DAG(s) dict_keys(['example_trigger_controller_dag']) retrieved from /home/airflow/.local/lib/python3.7/site-packages/airflow/example_dags/example_trigger_controller_dag.py
[2023-07-01T00:04:32.023+0000] {logging_mixin.py:137} INFO - [2023-07-01T00:04:32.023+0000] {dag.py:2705} INFO - Sync 1 DAGs
[2023-07-01T00:04:32.038+0000] {logging_mixin.py:137} INFO - [2023-07-01T00:04:32.037+0000] {dag.py:3456} INFO - Setting next_dagrun for example_trigger_controller_dag to 2021-01-01T00:00:00+00:00, run_after=2021-01-01T00:00:00+00:00
[2023-07-01T00:04:32.047+0000] {processor.py:175} INFO - Processing /home/airflow/.local/lib/python3.7/site-packages/airflow/example_dags/example_trigger_controller_dag.py took 0.055 seconds
[2023-07-01T00:05:02.869+0000] {processor.py:153} INFO - Started process (PID=51948) to work on /home/airflow/.local/lib/python3.7/site-packages/airflow/example_dags/example_trigger_controller_dag.py
[2023-07-01T00:05:02.870+0000] {processor.py:743} INFO - Processing file /home/airflow/.local/lib/python3.7/site-packages/airflow/example_dags/example_trigger_controller_dag.py for tasks to queue
[2023-07-01T00:05:02.871+0000] {logging_mixin.py:137} INFO - [2023-07-01T00:05:02.871+0000] {dagbag.py:532} INFO - Filling up the DagBag from /home/airflow/.local/lib/python3.7/site-packages/airflow/example_dags/example_trigger_controller_dag.py
[2023-07-01T00:05:02.881+0000] {processor.py:753} INFO - DAG(s) dict_keys(['example_trigger_controller_dag']) retrieved from /home/airflow/.local/lib/python3.7/site-packages/airflow/example_dags/example_trigger_controller_dag.py
[2023-07-01T00:05:02.901+0000] {logging_mixin.py:137} INFO - [2023-07-01T00:05:02.901+0000] {dag.py:2705} INFO - Sync 1 DAGs
[2023-07-01T00:05:02.917+0000] {logging_mixin.py:137} INFO - [2023-07-01T00:05:02.916+0000] {dag.py:3456} INFO - Setting next_dagrun for example_trigger_controller_dag to 2021-01-01T00:00:00+00:00, run_after=2021-01-01T00:00:00+00:00
[2023-07-01T00:05:02.927+0000] {processor.py:175} INFO - Processing /home/airflow/.local/lib/python3.7/site-packages/airflow/example_dags/example_trigger_controller_dag.py took 0.063 seconds
[2023-07-01T00:05:34.087+0000] {processor.py:153} INFO - Started process (PID=52005) to work on /home/airflow/.local/lib/python3.7/site-packages/airflow/example_dags/example_trigger_controller_dag.py
[2023-07-01T00:05:34.088+0000] {processor.py:743} INFO - Processing file /home/airflow/.local/lib/python3.7/site-packages/airflow/example_dags/example_trigger_controller_dag.py for tasks to queue
[2023-07-01T00:05:34.089+0000] {logging_mixin.py:137} INFO - [2023-07-01T00:05:34.089+0000] {dagbag.py:532} INFO - Filling up the DagBag from /home/airflow/.local/lib/python3.7/site-packages/airflow/example_dags/example_trigger_controller_dag.py
[2023-07-01T00:05:34.097+0000] {processor.py:753} INFO - DAG(s) dict_keys(['example_trigger_controller_dag']) retrieved from /home/airflow/.local/lib/python3.7/site-packages/airflow/example_dags/example_trigger_controller_dag.py
[2023-07-01T00:05:34.118+0000] {logging_mixin.py:137} INFO - [2023-07-01T00:05:34.118+0000] {dag.py:2705} INFO - Sync 1 DAGs
[2023-07-01T00:05:34.138+0000] {logging_mixin.py:137} INFO - [2023-07-01T00:05:34.138+0000] {dag.py:3456} INFO - Setting next_dagrun for example_trigger_controller_dag to 2021-01-01T00:00:00+00:00, run_after=2021-01-01T00:00:00+00:00
[2023-07-01T00:05:34.153+0000] {processor.py:175} INFO - Processing /home/airflow/.local/lib/python3.7/site-packages/airflow/example_dags/example_trigger_controller_dag.py took 0.068 seconds
[2023-07-01T00:06:05.476+0000] {processor.py:153} INFO - Started process (PID=52062) to work on /home/airflow/.local/lib/python3.7/site-packages/airflow/example_dags/example_trigger_controller_dag.py
[2023-07-01T00:06:05.477+0000] {processor.py:743} INFO - Processing file /home/airflow/.local/lib/python3.7/site-packages/airflow/example_dags/example_trigger_controller_dag.py for tasks to queue
[2023-07-01T00:06:05.477+0000] {logging_mixin.py:137} INFO - [2023-07-01T00:06:05.477+0000] {dagbag.py:532} INFO - Filling up the DagBag from /home/airflow/.local/lib/python3.7/site-packages/airflow/example_dags/example_trigger_controller_dag.py
[2023-07-01T00:06:05.486+0000] {processor.py:753} INFO - DAG(s) dict_keys(['example_trigger_controller_dag']) retrieved from /home/airflow/.local/lib/python3.7/site-packages/airflow/example_dags/example_trigger_controller_dag.py
[2023-07-01T00:06:05.506+0000] {logging_mixin.py:137} INFO - [2023-07-01T00:06:05.506+0000] {dag.py:2705} INFO - Sync 1 DAGs
[2023-07-01T00:06:05.522+0000] {logging_mixin.py:137} INFO - [2023-07-01T00:06:05.522+0000] {dag.py:3456} INFO - Setting next_dagrun for example_trigger_controller_dag to 2021-01-01T00:00:00+00:00, run_after=2021-01-01T00:00:00+00:00
[2023-07-01T00:06:05.532+0000] {processor.py:175} INFO - Processing /home/airflow/.local/lib/python3.7/site-packages/airflow/example_dags/example_trigger_controller_dag.py took 0.059 seconds
[2023-07-01T00:06:36.414+0000] {processor.py:153} INFO - Started process (PID=52119) to work on /home/airflow/.local/lib/python3.7/site-packages/airflow/example_dags/example_trigger_controller_dag.py
[2023-07-01T00:06:36.415+0000] {processor.py:743} INFO - Processing file /home/airflow/.local/lib/python3.7/site-packages/airflow/example_dags/example_trigger_controller_dag.py for tasks to queue
[2023-07-01T00:06:36.416+0000] {logging_mixin.py:137} INFO - [2023-07-01T00:06:36.415+0000] {dagbag.py:532} INFO - Filling up the DagBag from /home/airflow/.local/lib/python3.7/site-packages/airflow/example_dags/example_trigger_controller_dag.py
[2023-07-01T00:06:36.423+0000] {processor.py:753} INFO - DAG(s) dict_keys(['example_trigger_controller_dag']) retrieved from /home/airflow/.local/lib/python3.7/site-packages/airflow/example_dags/example_trigger_controller_dag.py
[2023-07-01T00:06:36.442+0000] {logging_mixin.py:137} INFO - [2023-07-01T00:06:36.441+0000] {dag.py:2705} INFO - Sync 1 DAGs
[2023-07-01T00:06:36.456+0000] {logging_mixin.py:137} INFO - [2023-07-01T00:06:36.456+0000] {dag.py:3456} INFO - Setting next_dagrun for example_trigger_controller_dag to 2021-01-01T00:00:00+00:00, run_after=2021-01-01T00:00:00+00:00
[2023-07-01T00:06:36.465+0000] {processor.py:175} INFO - Processing /home/airflow/.local/lib/python3.7/site-packages/airflow/example_dags/example_trigger_controller_dag.py took 0.055 seconds
[2023-07-01T00:07:07.077+0000] {processor.py:153} INFO - Started process (PID=52176) to work on /home/airflow/.local/lib/python3.7/site-packages/airflow/example_dags/example_trigger_controller_dag.py
[2023-07-01T00:07:07.078+0000] {processor.py:743} INFO - Processing file /home/airflow/.local/lib/python3.7/site-packages/airflow/example_dags/example_trigger_controller_dag.py for tasks to queue
[2023-07-01T00:07:07.079+0000] {logging_mixin.py:137} INFO - [2023-07-01T00:07:07.079+0000] {dagbag.py:532} INFO - Filling up the DagBag from /home/airflow/.local/lib/python3.7/site-packages/airflow/example_dags/example_trigger_controller_dag.py
[2023-07-01T00:07:07.089+0000] {processor.py:753} INFO - DAG(s) dict_keys(['example_trigger_controller_dag']) retrieved from /home/airflow/.local/lib/python3.7/site-packages/airflow/example_dags/example_trigger_controller_dag.py
[2023-07-01T00:07:07.111+0000] {logging_mixin.py:137} INFO - [2023-07-01T00:07:07.111+0000] {dag.py:2705} INFO - Sync 1 DAGs
[2023-07-01T00:07:07.129+0000] {logging_mixin.py:137} INFO - [2023-07-01T00:07:07.129+0000] {dag.py:3456} INFO - Setting next_dagrun for example_trigger_controller_dag to 2021-01-01T00:00:00+00:00, run_after=2021-01-01T00:00:00+00:00
[2023-07-01T00:07:07.138+0000] {processor.py:175} INFO - Processing /home/airflow/.local/lib/python3.7/site-packages/airflow/example_dags/example_trigger_controller_dag.py took 0.064 seconds
[2023-07-01T00:07:38.383+0000] {processor.py:153} INFO - Started process (PID=52233) to work on /home/airflow/.local/lib/python3.7/site-packages/airflow/example_dags/example_trigger_controller_dag.py
[2023-07-01T00:07:38.384+0000] {processor.py:743} INFO - Processing file /home/airflow/.local/lib/python3.7/site-packages/airflow/example_dags/example_trigger_controller_dag.py for tasks to queue
[2023-07-01T00:07:38.384+0000] {logging_mixin.py:137} INFO - [2023-07-01T00:07:38.384+0000] {dagbag.py:532} INFO - Filling up the DagBag from /home/airflow/.local/lib/python3.7/site-packages/airflow/example_dags/example_trigger_controller_dag.py
[2023-07-01T00:07:38.393+0000] {processor.py:753} INFO - DAG(s) dict_keys(['example_trigger_controller_dag']) retrieved from /home/airflow/.local/lib/python3.7/site-packages/airflow/example_dags/example_trigger_controller_dag.py
[2023-07-01T00:07:38.418+0000] {logging_mixin.py:137} INFO - [2023-07-01T00:07:38.418+0000] {dag.py:2705} INFO - Sync 1 DAGs
[2023-07-01T00:07:38.434+0000] {logging_mixin.py:137} INFO - [2023-07-01T00:07:38.434+0000] {dag.py:3456} INFO - Setting next_dagrun for example_trigger_controller_dag to 2021-01-01T00:00:00+00:00, run_after=2021-01-01T00:00:00+00:00
[2023-07-01T00:07:38.444+0000] {processor.py:175} INFO - Processing /home/airflow/.local/lib/python3.7/site-packages/airflow/example_dags/example_trigger_controller_dag.py took 0.064 seconds
[2023-07-01T00:08:09.668+0000] {processor.py:153} INFO - Started process (PID=52297) to work on /home/airflow/.local/lib/python3.7/site-packages/airflow/example_dags/example_trigger_controller_dag.py
[2023-07-01T00:08:09.669+0000] {processor.py:743} INFO - Processing file /home/airflow/.local/lib/python3.7/site-packages/airflow/example_dags/example_trigger_controller_dag.py for tasks to queue
[2023-07-01T00:08:09.670+0000] {logging_mixin.py:137} INFO - [2023-07-01T00:08:09.670+0000] {dagbag.py:532} INFO - Filling up the DagBag from /home/airflow/.local/lib/python3.7/site-packages/airflow/example_dags/example_trigger_controller_dag.py
[2023-07-01T00:08:09.679+0000] {processor.py:753} INFO - DAG(s) dict_keys(['example_trigger_controller_dag']) retrieved from /home/airflow/.local/lib/python3.7/site-packages/airflow/example_dags/example_trigger_controller_dag.py
[2023-07-01T00:08:09.704+0000] {logging_mixin.py:137} INFO - [2023-07-01T00:08:09.704+0000] {dag.py:2705} INFO - Sync 1 DAGs
[2023-07-01T00:08:09.722+0000] {logging_mixin.py:137} INFO - [2023-07-01T00:08:09.722+0000] {dag.py:3456} INFO - Setting next_dagrun for example_trigger_controller_dag to 2021-01-01T00:00:00+00:00, run_after=2021-01-01T00:00:00+00:00
[2023-07-01T00:08:09.737+0000] {processor.py:175} INFO - Processing /home/airflow/.local/lib/python3.7/site-packages/airflow/example_dags/example_trigger_controller_dag.py took 0.073 seconds
[2023-07-01T00:08:39.996+0000] {processor.py:153} INFO - Started process (PID=52354) to work on /home/airflow/.local/lib/python3.7/site-packages/airflow/example_dags/example_trigger_controller_dag.py
[2023-07-01T00:08:39.997+0000] {processor.py:743} INFO - Processing file /home/airflow/.local/lib/python3.7/site-packages/airflow/example_dags/example_trigger_controller_dag.py for tasks to queue
[2023-07-01T00:08:39.998+0000] {logging_mixin.py:137} INFO - [2023-07-01T00:08:39.998+0000] {dagbag.py:532} INFO - Filling up the DagBag from /home/airflow/.local/lib/python3.7/site-packages/airflow/example_dags/example_trigger_controller_dag.py
[2023-07-01T00:08:40.006+0000] {processor.py:753} INFO - DAG(s) dict_keys(['example_trigger_controller_dag']) retrieved from /home/airflow/.local/lib/python3.7/site-packages/airflow/example_dags/example_trigger_controller_dag.py
[2023-07-01T00:08:40.028+0000] {logging_mixin.py:137} INFO - [2023-07-01T00:08:40.028+0000] {dag.py:2705} INFO - Sync 1 DAGs
[2023-07-01T00:08:40.051+0000] {logging_mixin.py:137} INFO - [2023-07-01T00:08:40.051+0000] {dag.py:3456} INFO - Setting next_dagrun for example_trigger_controller_dag to 2021-01-01T00:00:00+00:00, run_after=2021-01-01T00:00:00+00:00
[2023-07-01T00:08:40.068+0000] {processor.py:175} INFO - Processing /home/airflow/.local/lib/python3.7/site-packages/airflow/example_dags/example_trigger_controller_dag.py took 0.076 seconds
[2023-07-01T00:09:10.120+0000] {processor.py:153} INFO - Started process (PID=52409) to work on /home/airflow/.local/lib/python3.7/site-packages/airflow/example_dags/example_trigger_controller_dag.py
[2023-07-01T00:09:10.121+0000] {processor.py:743} INFO - Processing file /home/airflow/.local/lib/python3.7/site-packages/airflow/example_dags/example_trigger_controller_dag.py for tasks to queue
[2023-07-01T00:09:10.122+0000] {logging_mixin.py:137} INFO - [2023-07-01T00:09:10.121+0000] {dagbag.py:532} INFO - Filling up the DagBag from /home/airflow/.local/lib/python3.7/site-packages/airflow/example_dags/example_trigger_controller_dag.py
[2023-07-01T00:09:10.131+0000] {processor.py:753} INFO - DAG(s) dict_keys(['example_trigger_controller_dag']) retrieved from /home/airflow/.local/lib/python3.7/site-packages/airflow/example_dags/example_trigger_controller_dag.py
[2023-07-01T00:09:10.152+0000] {logging_mixin.py:137} INFO - [2023-07-01T00:09:10.152+0000] {dag.py:2705} INFO - Sync 1 DAGs
[2023-07-01T00:09:10.172+0000] {logging_mixin.py:137} INFO - [2023-07-01T00:09:10.172+0000] {dag.py:3456} INFO - Setting next_dagrun for example_trigger_controller_dag to 2021-01-01T00:00:00+00:00, run_after=2021-01-01T00:00:00+00:00
[2023-07-01T00:09:10.183+0000] {processor.py:175} INFO - Processing /home/airflow/.local/lib/python3.7/site-packages/airflow/example_dags/example_trigger_controller_dag.py took 0.066 seconds
[2023-07-01T00:09:40.733+0000] {processor.py:153} INFO - Started process (PID=52467) to work on /home/airflow/.local/lib/python3.7/site-packages/airflow/example_dags/example_trigger_controller_dag.py
[2023-07-01T00:09:40.735+0000] {processor.py:743} INFO - Processing file /home/airflow/.local/lib/python3.7/site-packages/airflow/example_dags/example_trigger_controller_dag.py for tasks to queue
[2023-07-01T00:09:40.736+0000] {logging_mixin.py:137} INFO - [2023-07-01T00:09:40.736+0000] {dagbag.py:532} INFO - Filling up the DagBag from /home/airflow/.local/lib/python3.7/site-packages/airflow/example_dags/example_trigger_controller_dag.py
[2023-07-01T00:09:40.745+0000] {processor.py:753} INFO - DAG(s) dict_keys(['example_trigger_controller_dag']) retrieved from /home/airflow/.local/lib/python3.7/site-packages/airflow/example_dags/example_trigger_controller_dag.py
[2023-07-01T00:09:40.763+0000] {logging_mixin.py:137} INFO - [2023-07-01T00:09:40.763+0000] {dag.py:2705} INFO - Sync 1 DAGs
[2023-07-01T00:09:40.779+0000] {logging_mixin.py:137} INFO - [2023-07-01T00:09:40.779+0000] {dag.py:3456} INFO - Setting next_dagrun for example_trigger_controller_dag to 2021-01-01T00:00:00+00:00, run_after=2021-01-01T00:00:00+00:00
[2023-07-01T00:09:40.789+0000] {processor.py:175} INFO - Processing /home/airflow/.local/lib/python3.7/site-packages/airflow/example_dags/example_trigger_controller_dag.py took 0.060 seconds
[2023-07-01T00:10:10.972+0000] {processor.py:153} INFO - Started process (PID=52524) to work on /home/airflow/.local/lib/python3.7/site-packages/airflow/example_dags/example_trigger_controller_dag.py
[2023-07-01T00:10:10.973+0000] {processor.py:743} INFO - Processing file /home/airflow/.local/lib/python3.7/site-packages/airflow/example_dags/example_trigger_controller_dag.py for tasks to queue
[2023-07-01T00:10:10.974+0000] {logging_mixin.py:137} INFO - [2023-07-01T00:10:10.974+0000] {dagbag.py:532} INFO - Filling up the DagBag from /home/airflow/.local/lib/python3.7/site-packages/airflow/example_dags/example_trigger_controller_dag.py
[2023-07-01T00:10:10.982+0000] {processor.py:753} INFO - DAG(s) dict_keys(['example_trigger_controller_dag']) retrieved from /home/airflow/.local/lib/python3.7/site-packages/airflow/example_dags/example_trigger_controller_dag.py
[2023-07-01T00:10:11.000+0000] {logging_mixin.py:137} INFO - [2023-07-01T00:10:11.000+0000] {dag.py:2705} INFO - Sync 1 DAGs
[2023-07-01T00:10:11.013+0000] {logging_mixin.py:137} INFO - [2023-07-01T00:10:11.013+0000] {dag.py:3456} INFO - Setting next_dagrun for example_trigger_controller_dag to 2021-01-01T00:00:00+00:00, run_after=2021-01-01T00:00:00+00:00
[2023-07-01T00:10:11.023+0000] {processor.py:175} INFO - Processing /home/airflow/.local/lib/python3.7/site-packages/airflow/example_dags/example_trigger_controller_dag.py took 0.054 seconds
[2023-07-01T00:10:41.430+0000] {processor.py:153} INFO - Started process (PID=52582) to work on /home/airflow/.local/lib/python3.7/site-packages/airflow/example_dags/example_trigger_controller_dag.py
[2023-07-01T00:10:41.431+0000] {processor.py:743} INFO - Processing file /home/airflow/.local/lib/python3.7/site-packages/airflow/example_dags/example_trigger_controller_dag.py for tasks to queue
[2023-07-01T00:10:41.431+0000] {logging_mixin.py:137} INFO - [2023-07-01T00:10:41.431+0000] {dagbag.py:532} INFO - Filling up the DagBag from /home/airflow/.local/lib/python3.7/site-packages/airflow/example_dags/example_trigger_controller_dag.py
[2023-07-01T00:10:41.439+0000] {processor.py:753} INFO - DAG(s) dict_keys(['example_trigger_controller_dag']) retrieved from /home/airflow/.local/lib/python3.7/site-packages/airflow/example_dags/example_trigger_controller_dag.py
[2023-07-01T00:10:41.455+0000] {logging_mixin.py:137} INFO - [2023-07-01T00:10:41.455+0000] {dag.py:2705} INFO - Sync 1 DAGs
[2023-07-01T00:10:41.469+0000] {logging_mixin.py:137} INFO - [2023-07-01T00:10:41.469+0000] {dag.py:3456} INFO - Setting next_dagrun for example_trigger_controller_dag to 2021-01-01T00:00:00+00:00, run_after=2021-01-01T00:00:00+00:00
[2023-07-01T00:10:41.478+0000] {processor.py:175} INFO - Processing /home/airflow/.local/lib/python3.7/site-packages/airflow/example_dags/example_trigger_controller_dag.py took 0.051 seconds
[2023-07-01T00:11:12.287+0000] {processor.py:153} INFO - Started process (PID=52640) to work on /home/airflow/.local/lib/python3.7/site-packages/airflow/example_dags/example_trigger_controller_dag.py
[2023-07-01T00:11:12.288+0000] {processor.py:743} INFO - Processing file /home/airflow/.local/lib/python3.7/site-packages/airflow/example_dags/example_trigger_controller_dag.py for tasks to queue
[2023-07-01T00:11:12.288+0000] {logging_mixin.py:137} INFO - [2023-07-01T00:11:12.288+0000] {dagbag.py:532} INFO - Filling up the DagBag from /home/airflow/.local/lib/python3.7/site-packages/airflow/example_dags/example_trigger_controller_dag.py
[2023-07-01T00:11:12.295+0000] {processor.py:753} INFO - DAG(s) dict_keys(['example_trigger_controller_dag']) retrieved from /home/airflow/.local/lib/python3.7/site-packages/airflow/example_dags/example_trigger_controller_dag.py
[2023-07-01T00:11:12.313+0000] {logging_mixin.py:137} INFO - [2023-07-01T00:11:12.313+0000] {dag.py:2705} INFO - Sync 1 DAGs
[2023-07-01T00:11:12.326+0000] {logging_mixin.py:137} INFO - [2023-07-01T00:11:12.326+0000] {dag.py:3456} INFO - Setting next_dagrun for example_trigger_controller_dag to 2021-01-01T00:00:00+00:00, run_after=2021-01-01T00:00:00+00:00
[2023-07-01T00:11:12.335+0000] {processor.py:175} INFO - Processing /home/airflow/.local/lib/python3.7/site-packages/airflow/example_dags/example_trigger_controller_dag.py took 0.051 seconds
[2023-07-01T00:11:43.085+0000] {processor.py:153} INFO - Started process (PID=52697) to work on /home/airflow/.local/lib/python3.7/site-packages/airflow/example_dags/example_trigger_controller_dag.py
[2023-07-01T00:11:43.086+0000] {processor.py:743} INFO - Processing file /home/airflow/.local/lib/python3.7/site-packages/airflow/example_dags/example_trigger_controller_dag.py for tasks to queue
[2023-07-01T00:11:43.086+0000] {logging_mixin.py:137} INFO - [2023-07-01T00:11:43.086+0000] {dagbag.py:532} INFO - Filling up the DagBag from /home/airflow/.local/lib/python3.7/site-packages/airflow/example_dags/example_trigger_controller_dag.py
[2023-07-01T00:11:43.095+0000] {processor.py:753} INFO - DAG(s) dict_keys(['example_trigger_controller_dag']) retrieved from /home/airflow/.local/lib/python3.7/site-packages/airflow/example_dags/example_trigger_controller_dag.py
[2023-07-01T00:11:43.111+0000] {logging_mixin.py:137} INFO - [2023-07-01T00:11:43.111+0000] {dag.py:2705} INFO - Sync 1 DAGs
[2023-07-01T00:11:43.125+0000] {logging_mixin.py:137} INFO - [2023-07-01T00:11:43.125+0000] {dag.py:3456} INFO - Setting next_dagrun for example_trigger_controller_dag to 2021-01-01T00:00:00+00:00, run_after=2021-01-01T00:00:00+00:00
[2023-07-01T00:11:43.135+0000] {processor.py:175} INFO - Processing /home/airflow/.local/lib/python3.7/site-packages/airflow/example_dags/example_trigger_controller_dag.py took 0.052 seconds
[2023-07-01T00:12:13.794+0000] {processor.py:153} INFO - Started process (PID=52754) to work on /home/airflow/.local/lib/python3.7/site-packages/airflow/example_dags/example_trigger_controller_dag.py
[2023-07-01T00:12:13.795+0000] {processor.py:743} INFO - Processing file /home/airflow/.local/lib/python3.7/site-packages/airflow/example_dags/example_trigger_controller_dag.py for tasks to queue
[2023-07-01T00:12:13.796+0000] {logging_mixin.py:137} INFO - [2023-07-01T00:12:13.796+0000] {dagbag.py:532} INFO - Filling up the DagBag from /home/airflow/.local/lib/python3.7/site-packages/airflow/example_dags/example_trigger_controller_dag.py
[2023-07-01T00:12:13.803+0000] {processor.py:753} INFO - DAG(s) dict_keys(['example_trigger_controller_dag']) retrieved from /home/airflow/.local/lib/python3.7/site-packages/airflow/example_dags/example_trigger_controller_dag.py
[2023-07-01T00:12:13.821+0000] {logging_mixin.py:137} INFO - [2023-07-01T00:12:13.821+0000] {dag.py:2705} INFO - Sync 1 DAGs
[2023-07-01T00:12:13.835+0000] {logging_mixin.py:137} INFO - [2023-07-01T00:12:13.834+0000] {dag.py:3456} INFO - Setting next_dagrun for example_trigger_controller_dag to 2021-01-01T00:00:00+00:00, run_after=2021-01-01T00:00:00+00:00
[2023-07-01T00:12:13.844+0000] {processor.py:175} INFO - Processing /home/airflow/.local/lib/python3.7/site-packages/airflow/example_dags/example_trigger_controller_dag.py took 0.053 seconds
[2023-07-01T00:12:44.461+0000] {processor.py:153} INFO - Started process (PID=52811) to work on /home/airflow/.local/lib/python3.7/site-packages/airflow/example_dags/example_trigger_controller_dag.py
[2023-07-01T00:12:44.461+0000] {processor.py:743} INFO - Processing file /home/airflow/.local/lib/python3.7/site-packages/airflow/example_dags/example_trigger_controller_dag.py for tasks to queue
[2023-07-01T00:12:44.462+0000] {logging_mixin.py:137} INFO - [2023-07-01T00:12:44.462+0000] {dagbag.py:532} INFO - Filling up the DagBag from /home/airflow/.local/lib/python3.7/site-packages/airflow/example_dags/example_trigger_controller_dag.py
[2023-07-01T00:12:44.469+0000] {processor.py:753} INFO - DAG(s) dict_keys(['example_trigger_controller_dag']) retrieved from /home/airflow/.local/lib/python3.7/site-packages/airflow/example_dags/example_trigger_controller_dag.py
[2023-07-01T00:12:44.488+0000] {logging_mixin.py:137} INFO - [2023-07-01T00:12:44.488+0000] {dag.py:2705} INFO - Sync 1 DAGs
[2023-07-01T00:12:44.502+0000] {logging_mixin.py:137} INFO - [2023-07-01T00:12:44.502+0000] {dag.py:3456} INFO - Setting next_dagrun for example_trigger_controller_dag to 2021-01-01T00:00:00+00:00, run_after=2021-01-01T00:00:00+00:00
[2023-07-01T00:12:44.511+0000] {processor.py:175} INFO - Processing /home/airflow/.local/lib/python3.7/site-packages/airflow/example_dags/example_trigger_controller_dag.py took 0.054 seconds
[2023-07-01T00:13:15.300+0000] {processor.py:153} INFO - Started process (PID=52868) to work on /home/airflow/.local/lib/python3.7/site-packages/airflow/example_dags/example_trigger_controller_dag.py
[2023-07-01T00:13:15.301+0000] {processor.py:743} INFO - Processing file /home/airflow/.local/lib/python3.7/site-packages/airflow/example_dags/example_trigger_controller_dag.py for tasks to queue
[2023-07-01T00:13:15.302+0000] {logging_mixin.py:137} INFO - [2023-07-01T00:13:15.302+0000] {dagbag.py:532} INFO - Filling up the DagBag from /home/airflow/.local/lib/python3.7/site-packages/airflow/example_dags/example_trigger_controller_dag.py
[2023-07-01T00:13:15.309+0000] {processor.py:753} INFO - DAG(s) dict_keys(['example_trigger_controller_dag']) retrieved from /home/airflow/.local/lib/python3.7/site-packages/airflow/example_dags/example_trigger_controller_dag.py
[2023-07-01T00:13:15.334+0000] {logging_mixin.py:137} INFO - [2023-07-01T00:13:15.334+0000] {dag.py:2705} INFO - Sync 1 DAGs
[2023-07-01T00:13:15.350+0000] {logging_mixin.py:137} INFO - [2023-07-01T00:13:15.350+0000] {dag.py:3456} INFO - Setting next_dagrun for example_trigger_controller_dag to 2021-01-01T00:00:00+00:00, run_after=2021-01-01T00:00:00+00:00
[2023-07-01T00:13:15.361+0000] {processor.py:175} INFO - Processing /home/airflow/.local/lib/python3.7/site-packages/airflow/example_dags/example_trigger_controller_dag.py took 0.063 seconds
[2023-07-01T00:13:45.401+0000] {processor.py:153} INFO - Started process (PID=52926) to work on /home/airflow/.local/lib/python3.7/site-packages/airflow/example_dags/example_trigger_controller_dag.py
[2023-07-01T00:13:45.402+0000] {processor.py:743} INFO - Processing file /home/airflow/.local/lib/python3.7/site-packages/airflow/example_dags/example_trigger_controller_dag.py for tasks to queue
[2023-07-01T00:13:45.402+0000] {logging_mixin.py:137} INFO - [2023-07-01T00:13:45.402+0000] {dagbag.py:532} INFO - Filling up the DagBag from /home/airflow/.local/lib/python3.7/site-packages/airflow/example_dags/example_trigger_controller_dag.py
[2023-07-01T00:13:45.410+0000] {processor.py:753} INFO - DAG(s) dict_keys(['example_trigger_controller_dag']) retrieved from /home/airflow/.local/lib/python3.7/site-packages/airflow/example_dags/example_trigger_controller_dag.py
[2023-07-01T00:13:45.429+0000] {logging_mixin.py:137} INFO - [2023-07-01T00:13:45.429+0000] {dag.py:2705} INFO - Sync 1 DAGs
[2023-07-01T00:13:45.443+0000] {logging_mixin.py:137} INFO - [2023-07-01T00:13:45.443+0000] {dag.py:3456} INFO - Setting next_dagrun for example_trigger_controller_dag to 2021-01-01T00:00:00+00:00, run_after=2021-01-01T00:00:00+00:00
[2023-07-01T00:13:45.453+0000] {processor.py:175} INFO - Processing /home/airflow/.local/lib/python3.7/site-packages/airflow/example_dags/example_trigger_controller_dag.py took 0.055 seconds
[2023-07-01T00:14:15.557+0000] {processor.py:153} INFO - Started process (PID=52983) to work on /home/airflow/.local/lib/python3.7/site-packages/airflow/example_dags/example_trigger_controller_dag.py
[2023-07-01T00:14:15.558+0000] {processor.py:743} INFO - Processing file /home/airflow/.local/lib/python3.7/site-packages/airflow/example_dags/example_trigger_controller_dag.py for tasks to queue
[2023-07-01T00:14:15.559+0000] {logging_mixin.py:137} INFO - [2023-07-01T00:14:15.558+0000] {dagbag.py:532} INFO - Filling up the DagBag from /home/airflow/.local/lib/python3.7/site-packages/airflow/example_dags/example_trigger_controller_dag.py
[2023-07-01T00:14:15.566+0000] {processor.py:753} INFO - DAG(s) dict_keys(['example_trigger_controller_dag']) retrieved from /home/airflow/.local/lib/python3.7/site-packages/airflow/example_dags/example_trigger_controller_dag.py
[2023-07-01T00:14:15.585+0000] {logging_mixin.py:137} INFO - [2023-07-01T00:14:15.585+0000] {dag.py:2705} INFO - Sync 1 DAGs
[2023-07-01T00:14:15.599+0000] {logging_mixin.py:137} INFO - [2023-07-01T00:14:15.599+0000] {dag.py:3456} INFO - Setting next_dagrun for example_trigger_controller_dag to 2021-01-01T00:00:00+00:00, run_after=2021-01-01T00:00:00+00:00
[2023-07-01T00:14:15.608+0000] {processor.py:175} INFO - Processing /home/airflow/.local/lib/python3.7/site-packages/airflow/example_dags/example_trigger_controller_dag.py took 0.054 seconds
[2023-07-01T00:14:45.854+0000] {processor.py:153} INFO - Started process (PID=53040) to work on /home/airflow/.local/lib/python3.7/site-packages/airflow/example_dags/example_trigger_controller_dag.py
[2023-07-01T00:14:45.855+0000] {processor.py:743} INFO - Processing file /home/airflow/.local/lib/python3.7/site-packages/airflow/example_dags/example_trigger_controller_dag.py for tasks to queue
[2023-07-01T00:14:45.856+0000] {logging_mixin.py:137} INFO - [2023-07-01T00:14:45.856+0000] {dagbag.py:532} INFO - Filling up the DagBag from /home/airflow/.local/lib/python3.7/site-packages/airflow/example_dags/example_trigger_controller_dag.py
[2023-07-01T00:14:45.864+0000] {processor.py:753} INFO - DAG(s) dict_keys(['example_trigger_controller_dag']) retrieved from /home/airflow/.local/lib/python3.7/site-packages/airflow/example_dags/example_trigger_controller_dag.py
[2023-07-01T00:14:45.884+0000] {logging_mixin.py:137} INFO - [2023-07-01T00:14:45.884+0000] {dag.py:2705} INFO - Sync 1 DAGs
[2023-07-01T00:14:45.899+0000] {logging_mixin.py:137} INFO - [2023-07-01T00:14:45.899+0000] {dag.py:3456} INFO - Setting next_dagrun for example_trigger_controller_dag to 2021-01-01T00:00:00+00:00, run_after=2021-01-01T00:00:00+00:00
[2023-07-01T00:14:45.909+0000] {processor.py:175} INFO - Processing /home/airflow/.local/lib/python3.7/site-packages/airflow/example_dags/example_trigger_controller_dag.py took 0.057 seconds
[2023-07-01T00:15:16.240+0000] {processor.py:153} INFO - Started process (PID=53097) to work on /home/airflow/.local/lib/python3.7/site-packages/airflow/example_dags/example_trigger_controller_dag.py
[2023-07-01T00:15:16.241+0000] {processor.py:743} INFO - Processing file /home/airflow/.local/lib/python3.7/site-packages/airflow/example_dags/example_trigger_controller_dag.py for tasks to queue
[2023-07-01T00:15:16.241+0000] {logging_mixin.py:137} INFO - [2023-07-01T00:15:16.241+0000] {dagbag.py:532} INFO - Filling up the DagBag from /home/airflow/.local/lib/python3.7/site-packages/airflow/example_dags/example_trigger_controller_dag.py
[2023-07-01T00:15:16.249+0000] {processor.py:753} INFO - DAG(s) dict_keys(['example_trigger_controller_dag']) retrieved from /home/airflow/.local/lib/python3.7/site-packages/airflow/example_dags/example_trigger_controller_dag.py
[2023-07-01T00:15:16.269+0000] {logging_mixin.py:137} INFO - [2023-07-01T00:15:16.269+0000] {dag.py:2705} INFO - Sync 1 DAGs
[2023-07-01T00:15:16.285+0000] {logging_mixin.py:137} INFO - [2023-07-01T00:15:16.284+0000] {dag.py:3456} INFO - Setting next_dagrun for example_trigger_controller_dag to 2021-01-01T00:00:00+00:00, run_after=2021-01-01T00:00:00+00:00
[2023-07-01T00:15:16.295+0000] {processor.py:175} INFO - Processing /home/airflow/.local/lib/python3.7/site-packages/airflow/example_dags/example_trigger_controller_dag.py took 0.058 seconds
[2023-07-01T00:15:46.427+0000] {processor.py:153} INFO - Started process (PID=53153) to work on /home/airflow/.local/lib/python3.7/site-packages/airflow/example_dags/example_trigger_controller_dag.py
[2023-07-01T00:15:46.427+0000] {processor.py:743} INFO - Processing file /home/airflow/.local/lib/python3.7/site-packages/airflow/example_dags/example_trigger_controller_dag.py for tasks to queue
[2023-07-01T00:15:46.428+0000] {logging_mixin.py:137} INFO - [2023-07-01T00:15:46.428+0000] {dagbag.py:532} INFO - Filling up the DagBag from /home/airflow/.local/lib/python3.7/site-packages/airflow/example_dags/example_trigger_controller_dag.py
[2023-07-01T00:15:46.436+0000] {processor.py:753} INFO - DAG(s) dict_keys(['example_trigger_controller_dag']) retrieved from /home/airflow/.local/lib/python3.7/site-packages/airflow/example_dags/example_trigger_controller_dag.py
[2023-07-01T00:15:46.456+0000] {logging_mixin.py:137} INFO - [2023-07-01T00:15:46.456+0000] {dag.py:2705} INFO - Sync 1 DAGs
[2023-07-01T00:15:46.471+0000] {logging_mixin.py:137} INFO - [2023-07-01T00:15:46.471+0000] {dag.py:3456} INFO - Setting next_dagrun for example_trigger_controller_dag to 2021-01-01T00:00:00+00:00, run_after=2021-01-01T00:00:00+00:00
[2023-07-01T00:15:46.481+0000] {processor.py:175} INFO - Processing /home/airflow/.local/lib/python3.7/site-packages/airflow/example_dags/example_trigger_controller_dag.py took 0.058 seconds
[2023-07-01T00:16:16.700+0000] {processor.py:153} INFO - Started process (PID=53210) to work on /home/airflow/.local/lib/python3.7/site-packages/airflow/example_dags/example_trigger_controller_dag.py
[2023-07-01T00:16:16.700+0000] {processor.py:743} INFO - Processing file /home/airflow/.local/lib/python3.7/site-packages/airflow/example_dags/example_trigger_controller_dag.py for tasks to queue
[2023-07-01T00:16:16.701+0000] {logging_mixin.py:137} INFO - [2023-07-01T00:16:16.701+0000] {dagbag.py:532} INFO - Filling up the DagBag from /home/airflow/.local/lib/python3.7/site-packages/airflow/example_dags/example_trigger_controller_dag.py
[2023-07-01T00:16:16.709+0000] {processor.py:753} INFO - DAG(s) dict_keys(['example_trigger_controller_dag']) retrieved from /home/airflow/.local/lib/python3.7/site-packages/airflow/example_dags/example_trigger_controller_dag.py
[2023-07-01T00:16:16.726+0000] {logging_mixin.py:137} INFO - [2023-07-01T00:16:16.726+0000] {dag.py:2705} INFO - Sync 1 DAGs
[2023-07-01T00:16:16.739+0000] {logging_mixin.py:137} INFO - [2023-07-01T00:16:16.739+0000] {dag.py:3456} INFO - Setting next_dagrun for example_trigger_controller_dag to 2021-01-01T00:00:00+00:00, run_after=2021-01-01T00:00:00+00:00
[2023-07-01T00:16:16.749+0000] {processor.py:175} INFO - Processing /home/airflow/.local/lib/python3.7/site-packages/airflow/example_dags/example_trigger_controller_dag.py took 0.051 seconds
[2023-07-01T00:16:47.219+0000] {processor.py:153} INFO - Started process (PID=53267) to work on /home/airflow/.local/lib/python3.7/site-packages/airflow/example_dags/example_trigger_controller_dag.py
[2023-07-01T00:16:47.220+0000] {processor.py:743} INFO - Processing file /home/airflow/.local/lib/python3.7/site-packages/airflow/example_dags/example_trigger_controller_dag.py for tasks to queue
[2023-07-01T00:16:47.221+0000] {logging_mixin.py:137} INFO - [2023-07-01T00:16:47.221+0000] {dagbag.py:532} INFO - Filling up the DagBag from /home/airflow/.local/lib/python3.7/site-packages/airflow/example_dags/example_trigger_controller_dag.py
[2023-07-01T00:16:47.229+0000] {processor.py:753} INFO - DAG(s) dict_keys(['example_trigger_controller_dag']) retrieved from /home/airflow/.local/lib/python3.7/site-packages/airflow/example_dags/example_trigger_controller_dag.py
[2023-07-01T00:16:47.251+0000] {logging_mixin.py:137} INFO - [2023-07-01T00:16:47.251+0000] {dag.py:2705} INFO - Sync 1 DAGs
[2023-07-01T00:16:47.267+0000] {logging_mixin.py:137} INFO - [2023-07-01T00:16:47.267+0000] {dag.py:3456} INFO - Setting next_dagrun for example_trigger_controller_dag to 2021-01-01T00:00:00+00:00, run_after=2021-01-01T00:00:00+00:00
[2023-07-01T00:16:47.277+0000] {processor.py:175} INFO - Processing /home/airflow/.local/lib/python3.7/site-packages/airflow/example_dags/example_trigger_controller_dag.py took 0.060 seconds
[2023-07-01T00:17:18.338+0000] {processor.py:153} INFO - Started process (PID=53324) to work on /home/airflow/.local/lib/python3.7/site-packages/airflow/example_dags/example_trigger_controller_dag.py
[2023-07-01T00:17:18.339+0000] {processor.py:743} INFO - Processing file /home/airflow/.local/lib/python3.7/site-packages/airflow/example_dags/example_trigger_controller_dag.py for tasks to queue
[2023-07-01T00:17:18.339+0000] {logging_mixin.py:137} INFO - [2023-07-01T00:17:18.339+0000] {dagbag.py:532} INFO - Filling up the DagBag from /home/airflow/.local/lib/python3.7/site-packages/airflow/example_dags/example_trigger_controller_dag.py
[2023-07-01T00:17:18.347+0000] {processor.py:753} INFO - DAG(s) dict_keys(['example_trigger_controller_dag']) retrieved from /home/airflow/.local/lib/python3.7/site-packages/airflow/example_dags/example_trigger_controller_dag.py
[2023-07-01T00:17:18.364+0000] {logging_mixin.py:137} INFO - [2023-07-01T00:17:18.364+0000] {dag.py:2705} INFO - Sync 1 DAGs
[2023-07-01T00:17:18.378+0000] {logging_mixin.py:137} INFO - [2023-07-01T00:17:18.378+0000] {dag.py:3456} INFO - Setting next_dagrun for example_trigger_controller_dag to 2021-01-01T00:00:00+00:00, run_after=2021-01-01T00:00:00+00:00
[2023-07-01T00:17:18.387+0000] {processor.py:175} INFO - Processing /home/airflow/.local/lib/python3.7/site-packages/airflow/example_dags/example_trigger_controller_dag.py took 0.052 seconds
[2023-07-01T00:17:49.110+0000] {processor.py:153} INFO - Started process (PID=53381) to work on /home/airflow/.local/lib/python3.7/site-packages/airflow/example_dags/example_trigger_controller_dag.py
[2023-07-01T00:17:49.111+0000] {processor.py:743} INFO - Processing file /home/airflow/.local/lib/python3.7/site-packages/airflow/example_dags/example_trigger_controller_dag.py for tasks to queue
[2023-07-01T00:17:49.112+0000] {logging_mixin.py:137} INFO - [2023-07-01T00:17:49.111+0000] {dagbag.py:532} INFO - Filling up the DagBag from /home/airflow/.local/lib/python3.7/site-packages/airflow/example_dags/example_trigger_controller_dag.py
[2023-07-01T00:17:49.121+0000] {processor.py:753} INFO - DAG(s) dict_keys(['example_trigger_controller_dag']) retrieved from /home/airflow/.local/lib/python3.7/site-packages/airflow/example_dags/example_trigger_controller_dag.py
[2023-07-01T00:17:49.141+0000] {logging_mixin.py:137} INFO - [2023-07-01T00:17:49.141+0000] {dag.py:2705} INFO - Sync 1 DAGs
[2023-07-01T00:17:49.155+0000] {logging_mixin.py:137} INFO - [2023-07-01T00:17:49.155+0000] {dag.py:3456} INFO - Setting next_dagrun for example_trigger_controller_dag to 2021-01-01T00:00:00+00:00, run_after=2021-01-01T00:00:00+00:00
[2023-07-01T00:17:49.165+0000] {processor.py:175} INFO - Processing /home/airflow/.local/lib/python3.7/site-packages/airflow/example_dags/example_trigger_controller_dag.py took 0.057 seconds
[2023-07-01T00:18:19.824+0000] {processor.py:153} INFO - Started process (PID=53438) to work on /home/airflow/.local/lib/python3.7/site-packages/airflow/example_dags/example_trigger_controller_dag.py
[2023-07-01T00:18:19.825+0000] {processor.py:743} INFO - Processing file /home/airflow/.local/lib/python3.7/site-packages/airflow/example_dags/example_trigger_controller_dag.py for tasks to queue
[2023-07-01T00:18:19.826+0000] {logging_mixin.py:137} INFO - [2023-07-01T00:18:19.826+0000] {dagbag.py:532} INFO - Filling up the DagBag from /home/airflow/.local/lib/python3.7/site-packages/airflow/example_dags/example_trigger_controller_dag.py
[2023-07-01T00:18:19.836+0000] {processor.py:753} INFO - DAG(s) dict_keys(['example_trigger_controller_dag']) retrieved from /home/airflow/.local/lib/python3.7/site-packages/airflow/example_dags/example_trigger_controller_dag.py
[2023-07-01T00:18:19.858+0000] {logging_mixin.py:137} INFO - [2023-07-01T00:18:19.858+0000] {dag.py:2705} INFO - Sync 1 DAGs
[2023-07-01T00:18:19.873+0000] {logging_mixin.py:137} INFO - [2023-07-01T00:18:19.873+0000] {dag.py:3456} INFO - Setting next_dagrun for example_trigger_controller_dag to 2021-01-01T00:00:00+00:00, run_after=2021-01-01T00:00:00+00:00
[2023-07-01T00:18:19.882+0000] {processor.py:175} INFO - Processing /home/airflow/.local/lib/python3.7/site-packages/airflow/example_dags/example_trigger_controller_dag.py took 0.061 seconds
[2023-07-01T00:18:50.885+0000] {processor.py:153} INFO - Started process (PID=53495) to work on /home/airflow/.local/lib/python3.7/site-packages/airflow/example_dags/example_trigger_controller_dag.py
[2023-07-01T00:18:50.886+0000] {processor.py:743} INFO - Processing file /home/airflow/.local/lib/python3.7/site-packages/airflow/example_dags/example_trigger_controller_dag.py for tasks to queue
[2023-07-01T00:18:50.887+0000] {logging_mixin.py:137} INFO - [2023-07-01T00:18:50.887+0000] {dagbag.py:532} INFO - Filling up the DagBag from /home/airflow/.local/lib/python3.7/site-packages/airflow/example_dags/example_trigger_controller_dag.py
[2023-07-01T00:18:50.897+0000] {processor.py:753} INFO - DAG(s) dict_keys(['example_trigger_controller_dag']) retrieved from /home/airflow/.local/lib/python3.7/site-packages/airflow/example_dags/example_trigger_controller_dag.py
[2023-07-01T00:18:50.919+0000] {logging_mixin.py:137} INFO - [2023-07-01T00:18:50.919+0000] {dag.py:2705} INFO - Sync 1 DAGs
[2023-07-01T00:18:50.935+0000] {logging_mixin.py:137} INFO - [2023-07-01T00:18:50.934+0000] {dag.py:3456} INFO - Setting next_dagrun for example_trigger_controller_dag to 2021-01-01T00:00:00+00:00, run_after=2021-01-01T00:00:00+00:00
[2023-07-01T00:18:50.945+0000] {processor.py:175} INFO - Processing /home/airflow/.local/lib/python3.7/site-packages/airflow/example_dags/example_trigger_controller_dag.py took 0.063 seconds
[2023-07-01T00:19:21.143+0000] {processor.py:153} INFO - Started process (PID=53553) to work on /home/airflow/.local/lib/python3.7/site-packages/airflow/example_dags/example_trigger_controller_dag.py
[2023-07-01T00:19:21.144+0000] {processor.py:743} INFO - Processing file /home/airflow/.local/lib/python3.7/site-packages/airflow/example_dags/example_trigger_controller_dag.py for tasks to queue
[2023-07-01T00:19:21.145+0000] {logging_mixin.py:137} INFO - [2023-07-01T00:19:21.145+0000] {dagbag.py:532} INFO - Filling up the DagBag from /home/airflow/.local/lib/python3.7/site-packages/airflow/example_dags/example_trigger_controller_dag.py
[2023-07-01T00:19:21.154+0000] {processor.py:753} INFO - DAG(s) dict_keys(['example_trigger_controller_dag']) retrieved from /home/airflow/.local/lib/python3.7/site-packages/airflow/example_dags/example_trigger_controller_dag.py
[2023-07-01T00:19:21.175+0000] {logging_mixin.py:137} INFO - [2023-07-01T00:19:21.175+0000] {dag.py:2705} INFO - Sync 1 DAGs
[2023-07-01T00:19:21.190+0000] {logging_mixin.py:137} INFO - [2023-07-01T00:19:21.190+0000] {dag.py:3456} INFO - Setting next_dagrun for example_trigger_controller_dag to 2021-01-01T00:00:00+00:00, run_after=2021-01-01T00:00:00+00:00
[2023-07-01T00:19:21.201+0000] {processor.py:175} INFO - Processing /home/airflow/.local/lib/python3.7/site-packages/airflow/example_dags/example_trigger_controller_dag.py took 0.061 seconds
[2023-07-01T00:19:51.618+0000] {processor.py:153} INFO - Started process (PID=53610) to work on /home/airflow/.local/lib/python3.7/site-packages/airflow/example_dags/example_trigger_controller_dag.py
[2023-07-01T00:19:51.619+0000] {processor.py:743} INFO - Processing file /home/airflow/.local/lib/python3.7/site-packages/airflow/example_dags/example_trigger_controller_dag.py for tasks to queue
[2023-07-01T00:19:51.619+0000] {logging_mixin.py:137} INFO - [2023-07-01T00:19:51.619+0000] {dagbag.py:532} INFO - Filling up the DagBag from /home/airflow/.local/lib/python3.7/site-packages/airflow/example_dags/example_trigger_controller_dag.py
[2023-07-01T00:19:51.628+0000] {processor.py:753} INFO - DAG(s) dict_keys(['example_trigger_controller_dag']) retrieved from /home/airflow/.local/lib/python3.7/site-packages/airflow/example_dags/example_trigger_controller_dag.py
[2023-07-01T00:19:51.650+0000] {logging_mixin.py:137} INFO - [2023-07-01T00:19:51.650+0000] {dag.py:2705} INFO - Sync 1 DAGs
[2023-07-01T00:19:51.668+0000] {logging_mixin.py:137} INFO - [2023-07-01T00:19:51.668+0000] {dag.py:3456} INFO - Setting next_dagrun for example_trigger_controller_dag to 2021-01-01T00:00:00+00:00, run_after=2021-01-01T00:00:00+00:00
[2023-07-01T00:19:51.678+0000] {processor.py:175} INFO - Processing /home/airflow/.local/lib/python3.7/site-packages/airflow/example_dags/example_trigger_controller_dag.py took 0.063 seconds
[2023-07-01T00:20:21.925+0000] {processor.py:153} INFO - Started process (PID=53667) to work on /home/airflow/.local/lib/python3.7/site-packages/airflow/example_dags/example_trigger_controller_dag.py
[2023-07-01T00:20:21.926+0000] {processor.py:743} INFO - Processing file /home/airflow/.local/lib/python3.7/site-packages/airflow/example_dags/example_trigger_controller_dag.py for tasks to queue
[2023-07-01T00:20:21.927+0000] {logging_mixin.py:137} INFO - [2023-07-01T00:20:21.927+0000] {dagbag.py:532} INFO - Filling up the DagBag from /home/airflow/.local/lib/python3.7/site-packages/airflow/example_dags/example_trigger_controller_dag.py
[2023-07-01T00:20:21.935+0000] {processor.py:753} INFO - DAG(s) dict_keys(['example_trigger_controller_dag']) retrieved from /home/airflow/.local/lib/python3.7/site-packages/airflow/example_dags/example_trigger_controller_dag.py
[2023-07-01T00:20:21.954+0000] {logging_mixin.py:137} INFO - [2023-07-01T00:20:21.954+0000] {dag.py:2705} INFO - Sync 1 DAGs
[2023-07-01T00:20:21.969+0000] {logging_mixin.py:137} INFO - [2023-07-01T00:20:21.969+0000] {dag.py:3456} INFO - Setting next_dagrun for example_trigger_controller_dag to 2021-01-01T00:00:00+00:00, run_after=2021-01-01T00:00:00+00:00
[2023-07-01T00:20:21.981+0000] {processor.py:175} INFO - Processing /home/airflow/.local/lib/python3.7/site-packages/airflow/example_dags/example_trigger_controller_dag.py took 0.059 seconds
[2023-07-01T00:20:52.014+0000] {processor.py:153} INFO - Started process (PID=53725) to work on /home/airflow/.local/lib/python3.7/site-packages/airflow/example_dags/example_trigger_controller_dag.py
[2023-07-01T00:20:52.016+0000] {processor.py:743} INFO - Processing file /home/airflow/.local/lib/python3.7/site-packages/airflow/example_dags/example_trigger_controller_dag.py for tasks to queue
[2023-07-01T00:20:52.016+0000] {logging_mixin.py:137} INFO - [2023-07-01T00:20:52.016+0000] {dagbag.py:532} INFO - Filling up the DagBag from /home/airflow/.local/lib/python3.7/site-packages/airflow/example_dags/example_trigger_controller_dag.py
[2023-07-01T00:20:52.025+0000] {processor.py:753} INFO - DAG(s) dict_keys(['example_trigger_controller_dag']) retrieved from /home/airflow/.local/lib/python3.7/site-packages/airflow/example_dags/example_trigger_controller_dag.py
[2023-07-01T00:20:52.044+0000] {logging_mixin.py:137} INFO - [2023-07-01T00:20:52.044+0000] {dag.py:2705} INFO - Sync 1 DAGs
[2023-07-01T00:20:52.058+0000] {logging_mixin.py:137} INFO - [2023-07-01T00:20:52.058+0000] {dag.py:3456} INFO - Setting next_dagrun for example_trigger_controller_dag to 2021-01-01T00:00:00+00:00, run_after=2021-01-01T00:00:00+00:00
[2023-07-01T00:20:52.069+0000] {processor.py:175} INFO - Processing /home/airflow/.local/lib/python3.7/site-packages/airflow/example_dags/example_trigger_controller_dag.py took 0.057 seconds
[2023-07-01T00:21:22.172+0000] {processor.py:153} INFO - Started process (PID=53781) to work on /home/airflow/.local/lib/python3.7/site-packages/airflow/example_dags/example_trigger_controller_dag.py
[2023-07-01T00:21:22.175+0000] {processor.py:743} INFO - Processing file /home/airflow/.local/lib/python3.7/site-packages/airflow/example_dags/example_trigger_controller_dag.py for tasks to queue
[2023-07-01T00:21:22.176+0000] {logging_mixin.py:137} INFO - [2023-07-01T00:21:22.176+0000] {dagbag.py:532} INFO - Filling up the DagBag from /home/airflow/.local/lib/python3.7/site-packages/airflow/example_dags/example_trigger_controller_dag.py
[2023-07-01T00:21:22.185+0000] {processor.py:753} INFO - DAG(s) dict_keys(['example_trigger_controller_dag']) retrieved from /home/airflow/.local/lib/python3.7/site-packages/airflow/example_dags/example_trigger_controller_dag.py
[2023-07-01T00:21:22.204+0000] {logging_mixin.py:137} INFO - [2023-07-01T00:21:22.204+0000] {dag.py:2705} INFO - Sync 1 DAGs
[2023-07-01T00:21:22.218+0000] {logging_mixin.py:137} INFO - [2023-07-01T00:21:22.218+0000] {dag.py:3456} INFO - Setting next_dagrun for example_trigger_controller_dag to 2021-01-01T00:00:00+00:00, run_after=2021-01-01T00:00:00+00:00
[2023-07-01T00:21:22.227+0000] {processor.py:175} INFO - Processing /home/airflow/.local/lib/python3.7/site-packages/airflow/example_dags/example_trigger_controller_dag.py took 0.061 seconds
[2023-07-01T00:21:53.052+0000] {processor.py:153} INFO - Started process (PID=53840) to work on /home/airflow/.local/lib/python3.7/site-packages/airflow/example_dags/example_trigger_controller_dag.py
[2023-07-01T00:21:53.053+0000] {processor.py:743} INFO - Processing file /home/airflow/.local/lib/python3.7/site-packages/airflow/example_dags/example_trigger_controller_dag.py for tasks to queue
[2023-07-01T00:21:53.054+0000] {logging_mixin.py:137} INFO - [2023-07-01T00:21:53.054+0000] {dagbag.py:532} INFO - Filling up the DagBag from /home/airflow/.local/lib/python3.7/site-packages/airflow/example_dags/example_trigger_controller_dag.py
[2023-07-01T00:21:53.063+0000] {processor.py:753} INFO - DAG(s) dict_keys(['example_trigger_controller_dag']) retrieved from /home/airflow/.local/lib/python3.7/site-packages/airflow/example_dags/example_trigger_controller_dag.py
[2023-07-01T00:21:53.083+0000] {logging_mixin.py:137} INFO - [2023-07-01T00:21:53.083+0000] {dag.py:2705} INFO - Sync 1 DAGs
[2023-07-01T00:21:53.099+0000] {logging_mixin.py:137} INFO - [2023-07-01T00:21:53.099+0000] {dag.py:3456} INFO - Setting next_dagrun for example_trigger_controller_dag to 2021-01-01T00:00:00+00:00, run_after=2021-01-01T00:00:00+00:00
[2023-07-01T00:21:53.110+0000] {processor.py:175} INFO - Processing /home/airflow/.local/lib/python3.7/site-packages/airflow/example_dags/example_trigger_controller_dag.py took 0.062 seconds
[2023-07-01T00:22:23.867+0000] {processor.py:153} INFO - Started process (PID=53897) to work on /home/airflow/.local/lib/python3.7/site-packages/airflow/example_dags/example_trigger_controller_dag.py
[2023-07-01T00:22:23.868+0000] {processor.py:743} INFO - Processing file /home/airflow/.local/lib/python3.7/site-packages/airflow/example_dags/example_trigger_controller_dag.py for tasks to queue
[2023-07-01T00:22:23.869+0000] {logging_mixin.py:137} INFO - [2023-07-01T00:22:23.869+0000] {dagbag.py:532} INFO - Filling up the DagBag from /home/airflow/.local/lib/python3.7/site-packages/airflow/example_dags/example_trigger_controller_dag.py
[2023-07-01T00:22:23.877+0000] {processor.py:753} INFO - DAG(s) dict_keys(['example_trigger_controller_dag']) retrieved from /home/airflow/.local/lib/python3.7/site-packages/airflow/example_dags/example_trigger_controller_dag.py
[2023-07-01T00:22:23.896+0000] {logging_mixin.py:137} INFO - [2023-07-01T00:22:23.896+0000] {dag.py:2705} INFO - Sync 1 DAGs
[2023-07-01T00:22:23.910+0000] {logging_mixin.py:137} INFO - [2023-07-01T00:22:23.910+0000] {dag.py:3456} INFO - Setting next_dagrun for example_trigger_controller_dag to 2021-01-01T00:00:00+00:00, run_after=2021-01-01T00:00:00+00:00
[2023-07-01T00:22:23.920+0000] {processor.py:175} INFO - Processing /home/airflow/.local/lib/python3.7/site-packages/airflow/example_dags/example_trigger_controller_dag.py took 0.055 seconds
[2023-07-01T00:22:54.423+0000] {processor.py:153} INFO - Started process (PID=53954) to work on /home/airflow/.local/lib/python3.7/site-packages/airflow/example_dags/example_trigger_controller_dag.py
[2023-07-01T00:22:54.424+0000] {processor.py:743} INFO - Processing file /home/airflow/.local/lib/python3.7/site-packages/airflow/example_dags/example_trigger_controller_dag.py for tasks to queue
[2023-07-01T00:22:54.424+0000] {logging_mixin.py:137} INFO - [2023-07-01T00:22:54.424+0000] {dagbag.py:532} INFO - Filling up the DagBag from /home/airflow/.local/lib/python3.7/site-packages/airflow/example_dags/example_trigger_controller_dag.py
[2023-07-01T00:22:54.432+0000] {processor.py:753} INFO - DAG(s) dict_keys(['example_trigger_controller_dag']) retrieved from /home/airflow/.local/lib/python3.7/site-packages/airflow/example_dags/example_trigger_controller_dag.py
[2023-07-01T00:22:54.451+0000] {logging_mixin.py:137} INFO - [2023-07-01T00:22:54.451+0000] {dag.py:2705} INFO - Sync 1 DAGs
[2023-07-01T00:22:54.465+0000] {logging_mixin.py:137} INFO - [2023-07-01T00:22:54.465+0000] {dag.py:3456} INFO - Setting next_dagrun for example_trigger_controller_dag to 2021-01-01T00:00:00+00:00, run_after=2021-01-01T00:00:00+00:00
[2023-07-01T00:22:54.476+0000] {processor.py:175} INFO - Processing /home/airflow/.local/lib/python3.7/site-packages/airflow/example_dags/example_trigger_controller_dag.py took 0.055 seconds
[2023-07-01T00:23:25.183+0000] {processor.py:153} INFO - Started process (PID=54011) to work on /home/airflow/.local/lib/python3.7/site-packages/airflow/example_dags/example_trigger_controller_dag.py
[2023-07-01T00:23:25.184+0000] {processor.py:743} INFO - Processing file /home/airflow/.local/lib/python3.7/site-packages/airflow/example_dags/example_trigger_controller_dag.py for tasks to queue
[2023-07-01T00:23:25.185+0000] {logging_mixin.py:137} INFO - [2023-07-01T00:23:25.185+0000] {dagbag.py:532} INFO - Filling up the DagBag from /home/airflow/.local/lib/python3.7/site-packages/airflow/example_dags/example_trigger_controller_dag.py
[2023-07-01T00:23:25.193+0000] {processor.py:753} INFO - DAG(s) dict_keys(['example_trigger_controller_dag']) retrieved from /home/airflow/.local/lib/python3.7/site-packages/airflow/example_dags/example_trigger_controller_dag.py
[2023-07-01T00:23:25.211+0000] {logging_mixin.py:137} INFO - [2023-07-01T00:23:25.211+0000] {dag.py:2705} INFO - Sync 1 DAGs
[2023-07-01T00:23:25.225+0000] {logging_mixin.py:137} INFO - [2023-07-01T00:23:25.225+0000] {dag.py:3456} INFO - Setting next_dagrun for example_trigger_controller_dag to 2021-01-01T00:00:00+00:00, run_after=2021-01-01T00:00:00+00:00
[2023-07-01T00:23:25.235+0000] {processor.py:175} INFO - Processing /home/airflow/.local/lib/python3.7/site-packages/airflow/example_dags/example_trigger_controller_dag.py took 0.054 seconds
[2023-07-01T00:23:56.064+0000] {processor.py:153} INFO - Started process (PID=54068) to work on /home/airflow/.local/lib/python3.7/site-packages/airflow/example_dags/example_trigger_controller_dag.py
[2023-07-01T00:23:56.065+0000] {processor.py:743} INFO - Processing file /home/airflow/.local/lib/python3.7/site-packages/airflow/example_dags/example_trigger_controller_dag.py for tasks to queue
[2023-07-01T00:23:56.066+0000] {logging_mixin.py:137} INFO - [2023-07-01T00:23:56.066+0000] {dagbag.py:532} INFO - Filling up the DagBag from /home/airflow/.local/lib/python3.7/site-packages/airflow/example_dags/example_trigger_controller_dag.py
[2023-07-01T00:23:56.074+0000] {processor.py:753} INFO - DAG(s) dict_keys(['example_trigger_controller_dag']) retrieved from /home/airflow/.local/lib/python3.7/site-packages/airflow/example_dags/example_trigger_controller_dag.py
[2023-07-01T00:23:56.092+0000] {logging_mixin.py:137} INFO - [2023-07-01T00:23:56.092+0000] {dag.py:2705} INFO - Sync 1 DAGs
[2023-07-01T00:23:56.106+0000] {logging_mixin.py:137} INFO - [2023-07-01T00:23:56.106+0000] {dag.py:3456} INFO - Setting next_dagrun for example_trigger_controller_dag to 2021-01-01T00:00:00+00:00, run_after=2021-01-01T00:00:00+00:00
[2023-07-01T00:23:56.116+0000] {processor.py:175} INFO - Processing /home/airflow/.local/lib/python3.7/site-packages/airflow/example_dags/example_trigger_controller_dag.py took 0.054 seconds
[2023-07-01T00:24:26.710+0000] {processor.py:153} INFO - Started process (PID=54125) to work on /home/airflow/.local/lib/python3.7/site-packages/airflow/example_dags/example_trigger_controller_dag.py
[2023-07-01T00:24:26.711+0000] {processor.py:743} INFO - Processing file /home/airflow/.local/lib/python3.7/site-packages/airflow/example_dags/example_trigger_controller_dag.py for tasks to queue
[2023-07-01T00:24:26.712+0000] {logging_mixin.py:137} INFO - [2023-07-01T00:24:26.712+0000] {dagbag.py:532} INFO - Filling up the DagBag from /home/airflow/.local/lib/python3.7/site-packages/airflow/example_dags/example_trigger_controller_dag.py
[2023-07-01T00:24:26.721+0000] {processor.py:753} INFO - DAG(s) dict_keys(['example_trigger_controller_dag']) retrieved from /home/airflow/.local/lib/python3.7/site-packages/airflow/example_dags/example_trigger_controller_dag.py
[2023-07-01T00:24:26.744+0000] {logging_mixin.py:137} INFO - [2023-07-01T00:24:26.744+0000] {dag.py:2705} INFO - Sync 1 DAGs
[2023-07-01T00:24:26.764+0000] {logging_mixin.py:137} INFO - [2023-07-01T00:24:26.764+0000] {dag.py:3456} INFO - Setting next_dagrun for example_trigger_controller_dag to 2021-01-01T00:00:00+00:00, run_after=2021-01-01T00:00:00+00:00
[2023-07-01T00:24:26.775+0000] {processor.py:175} INFO - Processing /home/airflow/.local/lib/python3.7/site-packages/airflow/example_dags/example_trigger_controller_dag.py took 0.067 seconds
[2023-07-01T00:24:57.503+0000] {processor.py:153} INFO - Started process (PID=54181) to work on /home/airflow/.local/lib/python3.7/site-packages/airflow/example_dags/example_trigger_controller_dag.py
[2023-07-01T00:24:57.504+0000] {processor.py:743} INFO - Processing file /home/airflow/.local/lib/python3.7/site-packages/airflow/example_dags/example_trigger_controller_dag.py for tasks to queue
[2023-07-01T00:24:57.505+0000] {logging_mixin.py:137} INFO - [2023-07-01T00:24:57.505+0000] {dagbag.py:532} INFO - Filling up the DagBag from /home/airflow/.local/lib/python3.7/site-packages/airflow/example_dags/example_trigger_controller_dag.py
[2023-07-01T00:24:57.514+0000] {processor.py:753} INFO - DAG(s) dict_keys(['example_trigger_controller_dag']) retrieved from /home/airflow/.local/lib/python3.7/site-packages/airflow/example_dags/example_trigger_controller_dag.py
[2023-07-01T00:24:57.532+0000] {logging_mixin.py:137} INFO - [2023-07-01T00:24:57.532+0000] {dag.py:2705} INFO - Sync 1 DAGs
[2023-07-01T00:24:57.546+0000] {logging_mixin.py:137} INFO - [2023-07-01T00:24:57.546+0000] {dag.py:3456} INFO - Setting next_dagrun for example_trigger_controller_dag to 2021-01-01T00:00:00+00:00, run_after=2021-01-01T00:00:00+00:00
[2023-07-01T00:24:57.556+0000] {processor.py:175} INFO - Processing /home/airflow/.local/lib/python3.7/site-packages/airflow/example_dags/example_trigger_controller_dag.py took 0.055 seconds
[2023-07-01T00:25:27.789+0000] {processor.py:153} INFO - Started process (PID=54238) to work on /home/airflow/.local/lib/python3.7/site-packages/airflow/example_dags/example_trigger_controller_dag.py
[2023-07-01T00:25:27.791+0000] {processor.py:743} INFO - Processing file /home/airflow/.local/lib/python3.7/site-packages/airflow/example_dags/example_trigger_controller_dag.py for tasks to queue
[2023-07-01T00:25:27.791+0000] {logging_mixin.py:137} INFO - [2023-07-01T00:25:27.791+0000] {dagbag.py:532} INFO - Filling up the DagBag from /home/airflow/.local/lib/python3.7/site-packages/airflow/example_dags/example_trigger_controller_dag.py
[2023-07-01T00:25:27.800+0000] {processor.py:753} INFO - DAG(s) dict_keys(['example_trigger_controller_dag']) retrieved from /home/airflow/.local/lib/python3.7/site-packages/airflow/example_dags/example_trigger_controller_dag.py
[2023-07-01T00:25:27.817+0000] {logging_mixin.py:137} INFO - [2023-07-01T00:25:27.817+0000] {dag.py:2705} INFO - Sync 1 DAGs
[2023-07-01T00:25:27.832+0000] {logging_mixin.py:137} INFO - [2023-07-01T00:25:27.832+0000] {dag.py:3456} INFO - Setting next_dagrun for example_trigger_controller_dag to 2021-01-01T00:00:00+00:00, run_after=2021-01-01T00:00:00+00:00
[2023-07-01T00:25:27.842+0000] {processor.py:175} INFO - Processing /home/airflow/.local/lib/python3.7/site-packages/airflow/example_dags/example_trigger_controller_dag.py took 0.055 seconds
[2023-07-01T00:25:57.958+0000] {processor.py:153} INFO - Started process (PID=54296) to work on /home/airflow/.local/lib/python3.7/site-packages/airflow/example_dags/example_trigger_controller_dag.py
[2023-07-01T00:25:57.959+0000] {processor.py:743} INFO - Processing file /home/airflow/.local/lib/python3.7/site-packages/airflow/example_dags/example_trigger_controller_dag.py for tasks to queue
[2023-07-01T00:25:57.960+0000] {logging_mixin.py:137} INFO - [2023-07-01T00:25:57.960+0000] {dagbag.py:532} INFO - Filling up the DagBag from /home/airflow/.local/lib/python3.7/site-packages/airflow/example_dags/example_trigger_controller_dag.py
[2023-07-01T00:25:57.978+0000] {processor.py:753} INFO - DAG(s) dict_keys(['example_trigger_controller_dag']) retrieved from /home/airflow/.local/lib/python3.7/site-packages/airflow/example_dags/example_trigger_controller_dag.py
[2023-07-01T00:25:58.021+0000] {logging_mixin.py:137} INFO - [2023-07-01T00:25:58.021+0000] {dag.py:2705} INFO - Sync 1 DAGs
[2023-07-01T00:25:58.037+0000] {logging_mixin.py:137} INFO - [2023-07-01T00:25:58.037+0000] {dag.py:3456} INFO - Setting next_dagrun for example_trigger_controller_dag to 2021-01-01T00:00:00+00:00, run_after=2021-01-01T00:00:00+00:00
[2023-07-01T00:25:58.048+0000] {processor.py:175} INFO - Processing /home/airflow/.local/lib/python3.7/site-packages/airflow/example_dags/example_trigger_controller_dag.py took 0.094 seconds
[2023-07-01T00:26:28.916+0000] {processor.py:153} INFO - Started process (PID=54353) to work on /home/airflow/.local/lib/python3.7/site-packages/airflow/example_dags/example_trigger_controller_dag.py
[2023-07-01T00:26:28.917+0000] {processor.py:743} INFO - Processing file /home/airflow/.local/lib/python3.7/site-packages/airflow/example_dags/example_trigger_controller_dag.py for tasks to queue
[2023-07-01T00:26:28.917+0000] {logging_mixin.py:137} INFO - [2023-07-01T00:26:28.917+0000] {dagbag.py:532} INFO - Filling up the DagBag from /home/airflow/.local/lib/python3.7/site-packages/airflow/example_dags/example_trigger_controller_dag.py
[2023-07-01T00:26:28.926+0000] {processor.py:753} INFO - DAG(s) dict_keys(['example_trigger_controller_dag']) retrieved from /home/airflow/.local/lib/python3.7/site-packages/airflow/example_dags/example_trigger_controller_dag.py
[2023-07-01T00:26:28.946+0000] {logging_mixin.py:137} INFO - [2023-07-01T00:26:28.946+0000] {dag.py:2705} INFO - Sync 1 DAGs
[2023-07-01T00:26:28.960+0000] {logging_mixin.py:137} INFO - [2023-07-01T00:26:28.960+0000] {dag.py:3456} INFO - Setting next_dagrun for example_trigger_controller_dag to 2021-01-01T00:00:00+00:00, run_after=2021-01-01T00:00:00+00:00
[2023-07-01T00:26:28.972+0000] {processor.py:175} INFO - Processing /home/airflow/.local/lib/python3.7/site-packages/airflow/example_dags/example_trigger_controller_dag.py took 0.062 seconds
[2023-07-01T00:26:59.726+0000] {processor.py:153} INFO - Started process (PID=54410) to work on /home/airflow/.local/lib/python3.7/site-packages/airflow/example_dags/example_trigger_controller_dag.py
[2023-07-01T00:26:59.727+0000] {processor.py:743} INFO - Processing file /home/airflow/.local/lib/python3.7/site-packages/airflow/example_dags/example_trigger_controller_dag.py for tasks to queue
[2023-07-01T00:26:59.728+0000] {logging_mixin.py:137} INFO - [2023-07-01T00:26:59.728+0000] {dagbag.py:532} INFO - Filling up the DagBag from /home/airflow/.local/lib/python3.7/site-packages/airflow/example_dags/example_trigger_controller_dag.py
[2023-07-01T00:26:59.737+0000] {processor.py:753} INFO - DAG(s) dict_keys(['example_trigger_controller_dag']) retrieved from /home/airflow/.local/lib/python3.7/site-packages/airflow/example_dags/example_trigger_controller_dag.py
[2023-07-01T00:26:59.760+0000] {logging_mixin.py:137} INFO - [2023-07-01T00:26:59.760+0000] {dag.py:2705} INFO - Sync 1 DAGs
[2023-07-01T00:26:59.776+0000] {logging_mixin.py:137} INFO - [2023-07-01T00:26:59.776+0000] {dag.py:3456} INFO - Setting next_dagrun for example_trigger_controller_dag to 2021-01-01T00:00:00+00:00, run_after=2021-01-01T00:00:00+00:00
[2023-07-01T00:26:59.788+0000] {processor.py:175} INFO - Processing /home/airflow/.local/lib/python3.7/site-packages/airflow/example_dags/example_trigger_controller_dag.py took 0.065 seconds
[2023-07-01T00:27:30.668+0000] {processor.py:153} INFO - Started process (PID=54467) to work on /home/airflow/.local/lib/python3.7/site-packages/airflow/example_dags/example_trigger_controller_dag.py
[2023-07-01T00:27:30.669+0000] {processor.py:743} INFO - Processing file /home/airflow/.local/lib/python3.7/site-packages/airflow/example_dags/example_trigger_controller_dag.py for tasks to queue
[2023-07-01T00:27:30.669+0000] {logging_mixin.py:137} INFO - [2023-07-01T00:27:30.669+0000] {dagbag.py:532} INFO - Filling up the DagBag from /home/airflow/.local/lib/python3.7/site-packages/airflow/example_dags/example_trigger_controller_dag.py
[2023-07-01T00:27:30.678+0000] {processor.py:753} INFO - DAG(s) dict_keys(['example_trigger_controller_dag']) retrieved from /home/airflow/.local/lib/python3.7/site-packages/airflow/example_dags/example_trigger_controller_dag.py
[2023-07-01T00:27:30.696+0000] {logging_mixin.py:137} INFO - [2023-07-01T00:27:30.696+0000] {dag.py:2705} INFO - Sync 1 DAGs
[2023-07-01T00:27:30.710+0000] {logging_mixin.py:137} INFO - [2023-07-01T00:27:30.710+0000] {dag.py:3456} INFO - Setting next_dagrun for example_trigger_controller_dag to 2021-01-01T00:00:00+00:00, run_after=2021-01-01T00:00:00+00:00
[2023-07-01T00:27:30.720+0000] {processor.py:175} INFO - Processing /home/airflow/.local/lib/python3.7/site-packages/airflow/example_dags/example_trigger_controller_dag.py took 0.055 seconds
[2023-07-01T00:28:01.463+0000] {processor.py:153} INFO - Started process (PID=54523) to work on /home/airflow/.local/lib/python3.7/site-packages/airflow/example_dags/example_trigger_controller_dag.py
[2023-07-01T00:28:01.464+0000] {processor.py:743} INFO - Processing file /home/airflow/.local/lib/python3.7/site-packages/airflow/example_dags/example_trigger_controller_dag.py for tasks to queue
[2023-07-01T00:28:01.465+0000] {logging_mixin.py:137} INFO - [2023-07-01T00:28:01.465+0000] {dagbag.py:532} INFO - Filling up the DagBag from /home/airflow/.local/lib/python3.7/site-packages/airflow/example_dags/example_trigger_controller_dag.py
[2023-07-01T00:28:01.473+0000] {processor.py:753} INFO - DAG(s) dict_keys(['example_trigger_controller_dag']) retrieved from /home/airflow/.local/lib/python3.7/site-packages/airflow/example_dags/example_trigger_controller_dag.py
[2023-07-01T00:28:01.492+0000] {logging_mixin.py:137} INFO - [2023-07-01T00:28:01.492+0000] {dag.py:2705} INFO - Sync 1 DAGs
[2023-07-01T00:28:01.507+0000] {logging_mixin.py:137} INFO - [2023-07-01T00:28:01.507+0000] {dag.py:3456} INFO - Setting next_dagrun for example_trigger_controller_dag to 2021-01-01T00:00:00+00:00, run_after=2021-01-01T00:00:00+00:00
[2023-07-01T00:28:01.517+0000] {processor.py:175} INFO - Processing /home/airflow/.local/lib/python3.7/site-packages/airflow/example_dags/example_trigger_controller_dag.py took 0.056 seconds
[2023-07-01T00:28:32.268+0000] {processor.py:153} INFO - Started process (PID=54580) to work on /home/airflow/.local/lib/python3.7/site-packages/airflow/example_dags/example_trigger_controller_dag.py
[2023-07-01T00:28:32.269+0000] {processor.py:743} INFO - Processing file /home/airflow/.local/lib/python3.7/site-packages/airflow/example_dags/example_trigger_controller_dag.py for tasks to queue
[2023-07-01T00:28:32.270+0000] {logging_mixin.py:137} INFO - [2023-07-01T00:28:32.270+0000] {dagbag.py:532} INFO - Filling up the DagBag from /home/airflow/.local/lib/python3.7/site-packages/airflow/example_dags/example_trigger_controller_dag.py
[2023-07-01T00:28:32.278+0000] {processor.py:753} INFO - DAG(s) dict_keys(['example_trigger_controller_dag']) retrieved from /home/airflow/.local/lib/python3.7/site-packages/airflow/example_dags/example_trigger_controller_dag.py
[2023-07-01T00:28:32.297+0000] {logging_mixin.py:137} INFO - [2023-07-01T00:28:32.297+0000] {dag.py:2705} INFO - Sync 1 DAGs
[2023-07-01T00:28:32.311+0000] {logging_mixin.py:137} INFO - [2023-07-01T00:28:32.311+0000] {dag.py:3456} INFO - Setting next_dagrun for example_trigger_controller_dag to 2021-01-01T00:00:00+00:00, run_after=2021-01-01T00:00:00+00:00
[2023-07-01T00:28:32.321+0000] {processor.py:175} INFO - Processing /home/airflow/.local/lib/python3.7/site-packages/airflow/example_dags/example_trigger_controller_dag.py took 0.056 seconds
[2023-07-01T00:29:03.016+0000] {processor.py:153} INFO - Started process (PID=54638) to work on /home/airflow/.local/lib/python3.7/site-packages/airflow/example_dags/example_trigger_controller_dag.py
[2023-07-01T00:29:03.017+0000] {processor.py:743} INFO - Processing file /home/airflow/.local/lib/python3.7/site-packages/airflow/example_dags/example_trigger_controller_dag.py for tasks to queue
[2023-07-01T00:29:03.018+0000] {logging_mixin.py:137} INFO - [2023-07-01T00:29:03.018+0000] {dagbag.py:532} INFO - Filling up the DagBag from /home/airflow/.local/lib/python3.7/site-packages/airflow/example_dags/example_trigger_controller_dag.py
[2023-07-01T00:29:03.027+0000] {processor.py:753} INFO - DAG(s) dict_keys(['example_trigger_controller_dag']) retrieved from /home/airflow/.local/lib/python3.7/site-packages/airflow/example_dags/example_trigger_controller_dag.py
[2023-07-01T00:29:03.045+0000] {logging_mixin.py:137} INFO - [2023-07-01T00:29:03.045+0000] {dag.py:2705} INFO - Sync 1 DAGs
[2023-07-01T00:29:03.059+0000] {logging_mixin.py:137} INFO - [2023-07-01T00:29:03.059+0000] {dag.py:3456} INFO - Setting next_dagrun for example_trigger_controller_dag to 2021-01-01T00:00:00+00:00, run_after=2021-01-01T00:00:00+00:00
[2023-07-01T00:29:03.070+0000] {processor.py:175} INFO - Processing /home/airflow/.local/lib/python3.7/site-packages/airflow/example_dags/example_trigger_controller_dag.py took 0.056 seconds
[2023-07-01T00:29:34.050+0000] {processor.py:153} INFO - Started process (PID=54695) to work on /home/airflow/.local/lib/python3.7/site-packages/airflow/example_dags/example_trigger_controller_dag.py
[2023-07-01T00:29:34.051+0000] {processor.py:743} INFO - Processing file /home/airflow/.local/lib/python3.7/site-packages/airflow/example_dags/example_trigger_controller_dag.py for tasks to queue
[2023-07-01T00:29:34.052+0000] {logging_mixin.py:137} INFO - [2023-07-01T00:29:34.051+0000] {dagbag.py:532} INFO - Filling up the DagBag from /home/airflow/.local/lib/python3.7/site-packages/airflow/example_dags/example_trigger_controller_dag.py
[2023-07-01T00:29:34.060+0000] {processor.py:753} INFO - DAG(s) dict_keys(['example_trigger_controller_dag']) retrieved from /home/airflow/.local/lib/python3.7/site-packages/airflow/example_dags/example_trigger_controller_dag.py
[2023-07-01T00:29:34.079+0000] {logging_mixin.py:137} INFO - [2023-07-01T00:29:34.079+0000] {dag.py:2705} INFO - Sync 1 DAGs
[2023-07-01T00:29:34.094+0000] {logging_mixin.py:137} INFO - [2023-07-01T00:29:34.094+0000] {dag.py:3456} INFO - Setting next_dagrun for example_trigger_controller_dag to 2021-01-01T00:00:00+00:00, run_after=2021-01-01T00:00:00+00:00
[2023-07-01T00:29:34.103+0000] {processor.py:175} INFO - Processing /home/airflow/.local/lib/python3.7/site-packages/airflow/example_dags/example_trigger_controller_dag.py took 0.056 seconds
[2023-07-01T00:30:04.204+0000] {processor.py:153} INFO - Started process (PID=54753) to work on /home/airflow/.local/lib/python3.7/site-packages/airflow/example_dags/example_trigger_controller_dag.py
[2023-07-01T00:30:04.205+0000] {processor.py:743} INFO - Processing file /home/airflow/.local/lib/python3.7/site-packages/airflow/example_dags/example_trigger_controller_dag.py for tasks to queue
[2023-07-01T00:30:04.206+0000] {logging_mixin.py:137} INFO - [2023-07-01T00:30:04.206+0000] {dagbag.py:532} INFO - Filling up the DagBag from /home/airflow/.local/lib/python3.7/site-packages/airflow/example_dags/example_trigger_controller_dag.py
[2023-07-01T00:30:04.215+0000] {processor.py:753} INFO - DAG(s) dict_keys(['example_trigger_controller_dag']) retrieved from /home/airflow/.local/lib/python3.7/site-packages/airflow/example_dags/example_trigger_controller_dag.py
[2023-07-01T00:30:04.234+0000] {logging_mixin.py:137} INFO - [2023-07-01T00:30:04.234+0000] {dag.py:2705} INFO - Sync 1 DAGs
[2023-07-01T00:30:04.248+0000] {logging_mixin.py:137} INFO - [2023-07-01T00:30:04.248+0000] {dag.py:3456} INFO - Setting next_dagrun for example_trigger_controller_dag to 2021-01-01T00:00:00+00:00, run_after=2021-01-01T00:00:00+00:00
[2023-07-01T00:30:04.257+0000] {processor.py:175} INFO - Processing /home/airflow/.local/lib/python3.7/site-packages/airflow/example_dags/example_trigger_controller_dag.py took 0.055 seconds
[2023-07-01T00:30:35.062+0000] {processor.py:153} INFO - Started process (PID=54810) to work on /home/airflow/.local/lib/python3.7/site-packages/airflow/example_dags/example_trigger_controller_dag.py
[2023-07-01T00:30:35.063+0000] {processor.py:743} INFO - Processing file /home/airflow/.local/lib/python3.7/site-packages/airflow/example_dags/example_trigger_controller_dag.py for tasks to queue
[2023-07-01T00:30:35.064+0000] {logging_mixin.py:137} INFO - [2023-07-01T00:30:35.064+0000] {dagbag.py:532} INFO - Filling up the DagBag from /home/airflow/.local/lib/python3.7/site-packages/airflow/example_dags/example_trigger_controller_dag.py
[2023-07-01T00:30:35.072+0000] {processor.py:753} INFO - DAG(s) dict_keys(['example_trigger_controller_dag']) retrieved from /home/airflow/.local/lib/python3.7/site-packages/airflow/example_dags/example_trigger_controller_dag.py
[2023-07-01T00:30:35.091+0000] {logging_mixin.py:137} INFO - [2023-07-01T00:30:35.091+0000] {dag.py:2705} INFO - Sync 1 DAGs
[2023-07-01T00:30:35.105+0000] {logging_mixin.py:137} INFO - [2023-07-01T00:30:35.105+0000] {dag.py:3456} INFO - Setting next_dagrun for example_trigger_controller_dag to 2021-01-01T00:00:00+00:00, run_after=2021-01-01T00:00:00+00:00
[2023-07-01T00:30:35.114+0000] {processor.py:175} INFO - Processing /home/airflow/.local/lib/python3.7/site-packages/airflow/example_dags/example_trigger_controller_dag.py took 0.055 seconds
[2023-07-01T00:31:05.777+0000] {processor.py:153} INFO - Started process (PID=54868) to work on /home/airflow/.local/lib/python3.7/site-packages/airflow/example_dags/example_trigger_controller_dag.py
[2023-07-01T00:31:05.778+0000] {processor.py:743} INFO - Processing file /home/airflow/.local/lib/python3.7/site-packages/airflow/example_dags/example_trigger_controller_dag.py for tasks to queue
[2023-07-01T00:31:05.779+0000] {logging_mixin.py:137} INFO - [2023-07-01T00:31:05.779+0000] {dagbag.py:532} INFO - Filling up the DagBag from /home/airflow/.local/lib/python3.7/site-packages/airflow/example_dags/example_trigger_controller_dag.py
[2023-07-01T00:31:05.791+0000] {processor.py:753} INFO - DAG(s) dict_keys(['example_trigger_controller_dag']) retrieved from /home/airflow/.local/lib/python3.7/site-packages/airflow/example_dags/example_trigger_controller_dag.py
[2023-07-01T00:31:05.811+0000] {logging_mixin.py:137} INFO - [2023-07-01T00:31:05.811+0000] {dag.py:2705} INFO - Sync 1 DAGs
[2023-07-01T00:31:05.826+0000] {logging_mixin.py:137} INFO - [2023-07-01T00:31:05.826+0000] {dag.py:3456} INFO - Setting next_dagrun for example_trigger_controller_dag to 2021-01-01T00:00:00+00:00, run_after=2021-01-01T00:00:00+00:00
[2023-07-01T00:31:05.836+0000] {processor.py:175} INFO - Processing /home/airflow/.local/lib/python3.7/site-packages/airflow/example_dags/example_trigger_controller_dag.py took 0.061 seconds
[2023-07-01T00:31:36.700+0000] {processor.py:153} INFO - Started process (PID=54925) to work on /home/airflow/.local/lib/python3.7/site-packages/airflow/example_dags/example_trigger_controller_dag.py
[2023-07-01T00:31:36.701+0000] {processor.py:743} INFO - Processing file /home/airflow/.local/lib/python3.7/site-packages/airflow/example_dags/example_trigger_controller_dag.py for tasks to queue
[2023-07-01T00:31:36.702+0000] {logging_mixin.py:137} INFO - [2023-07-01T00:31:36.702+0000] {dagbag.py:532} INFO - Filling up the DagBag from /home/airflow/.local/lib/python3.7/site-packages/airflow/example_dags/example_trigger_controller_dag.py
[2023-07-01T00:31:36.710+0000] {processor.py:753} INFO - DAG(s) dict_keys(['example_trigger_controller_dag']) retrieved from /home/airflow/.local/lib/python3.7/site-packages/airflow/example_dags/example_trigger_controller_dag.py
[2023-07-01T00:31:36.729+0000] {logging_mixin.py:137} INFO - [2023-07-01T00:31:36.729+0000] {dag.py:2705} INFO - Sync 1 DAGs
[2023-07-01T00:31:36.743+0000] {logging_mixin.py:137} INFO - [2023-07-01T00:31:36.742+0000] {dag.py:3456} INFO - Setting next_dagrun for example_trigger_controller_dag to 2021-01-01T00:00:00+00:00, run_after=2021-01-01T00:00:00+00:00
[2023-07-01T00:31:36.752+0000] {processor.py:175} INFO - Processing /home/airflow/.local/lib/python3.7/site-packages/airflow/example_dags/example_trigger_controller_dag.py took 0.054 seconds
[2023-07-01T00:32:07.692+0000] {processor.py:153} INFO - Started process (PID=54982) to work on /home/airflow/.local/lib/python3.7/site-packages/airflow/example_dags/example_trigger_controller_dag.py
[2023-07-01T00:32:07.693+0000] {processor.py:743} INFO - Processing file /home/airflow/.local/lib/python3.7/site-packages/airflow/example_dags/example_trigger_controller_dag.py for tasks to queue
[2023-07-01T00:32:07.693+0000] {logging_mixin.py:137} INFO - [2023-07-01T00:32:07.693+0000] {dagbag.py:532} INFO - Filling up the DagBag from /home/airflow/.local/lib/python3.7/site-packages/airflow/example_dags/example_trigger_controller_dag.py
[2023-07-01T00:32:07.702+0000] {processor.py:753} INFO - DAG(s) dict_keys(['example_trigger_controller_dag']) retrieved from /home/airflow/.local/lib/python3.7/site-packages/airflow/example_dags/example_trigger_controller_dag.py
[2023-07-01T00:32:07.720+0000] {logging_mixin.py:137} INFO - [2023-07-01T00:32:07.720+0000] {dag.py:2705} INFO - Sync 1 DAGs
[2023-07-01T00:32:07.734+0000] {logging_mixin.py:137} INFO - [2023-07-01T00:32:07.733+0000] {dag.py:3456} INFO - Setting next_dagrun for example_trigger_controller_dag to 2021-01-01T00:00:00+00:00, run_after=2021-01-01T00:00:00+00:00
[2023-07-01T00:32:07.743+0000] {processor.py:175} INFO - Processing /home/airflow/.local/lib/python3.7/site-packages/airflow/example_dags/example_trigger_controller_dag.py took 0.054 seconds
[2023-07-01T00:32:38.625+0000] {processor.py:153} INFO - Started process (PID=55040) to work on /home/airflow/.local/lib/python3.7/site-packages/airflow/example_dags/example_trigger_controller_dag.py
[2023-07-01T00:32:38.625+0000] {processor.py:743} INFO - Processing file /home/airflow/.local/lib/python3.7/site-packages/airflow/example_dags/example_trigger_controller_dag.py for tasks to queue
[2023-07-01T00:32:38.626+0000] {logging_mixin.py:137} INFO - [2023-07-01T00:32:38.626+0000] {dagbag.py:532} INFO - Filling up the DagBag from /home/airflow/.local/lib/python3.7/site-packages/airflow/example_dags/example_trigger_controller_dag.py
[2023-07-01T00:32:38.635+0000] {processor.py:753} INFO - DAG(s) dict_keys(['example_trigger_controller_dag']) retrieved from /home/airflow/.local/lib/python3.7/site-packages/airflow/example_dags/example_trigger_controller_dag.py
[2023-07-01T00:32:38.652+0000] {logging_mixin.py:137} INFO - [2023-07-01T00:32:38.652+0000] {dag.py:2705} INFO - Sync 1 DAGs
[2023-07-01T00:32:38.666+0000] {logging_mixin.py:137} INFO - [2023-07-01T00:32:38.666+0000] {dag.py:3456} INFO - Setting next_dagrun for example_trigger_controller_dag to 2021-01-01T00:00:00+00:00, run_after=2021-01-01T00:00:00+00:00
[2023-07-01T00:32:38.676+0000] {processor.py:175} INFO - Processing /home/airflow/.local/lib/python3.7/site-packages/airflow/example_dags/example_trigger_controller_dag.py took 0.054 seconds
[2023-07-01T00:33:08.851+0000] {processor.py:153} INFO - Started process (PID=55097) to work on /home/airflow/.local/lib/python3.7/site-packages/airflow/example_dags/example_trigger_controller_dag.py
[2023-07-01T00:33:08.852+0000] {processor.py:743} INFO - Processing file /home/airflow/.local/lib/python3.7/site-packages/airflow/example_dags/example_trigger_controller_dag.py for tasks to queue
[2023-07-01T00:33:08.853+0000] {logging_mixin.py:137} INFO - [2023-07-01T00:33:08.853+0000] {dagbag.py:532} INFO - Filling up the DagBag from /home/airflow/.local/lib/python3.7/site-packages/airflow/example_dags/example_trigger_controller_dag.py
[2023-07-01T00:33:08.862+0000] {processor.py:753} INFO - DAG(s) dict_keys(['example_trigger_controller_dag']) retrieved from /home/airflow/.local/lib/python3.7/site-packages/airflow/example_dags/example_trigger_controller_dag.py
[2023-07-01T00:33:08.881+0000] {logging_mixin.py:137} INFO - [2023-07-01T00:33:08.881+0000] {dag.py:2705} INFO - Sync 1 DAGs
[2023-07-01T00:33:08.895+0000] {logging_mixin.py:137} INFO - [2023-07-01T00:33:08.895+0000] {dag.py:3456} INFO - Setting next_dagrun for example_trigger_controller_dag to 2021-01-01T00:00:00+00:00, run_after=2021-01-01T00:00:00+00:00
[2023-07-01T00:33:08.904+0000] {processor.py:175} INFO - Processing /home/airflow/.local/lib/python3.7/site-packages/airflow/example_dags/example_trigger_controller_dag.py took 0.056 seconds
[2023-07-01T00:33:39.034+0000] {processor.py:153} INFO - Started process (PID=55154) to work on /home/airflow/.local/lib/python3.7/site-packages/airflow/example_dags/example_trigger_controller_dag.py
[2023-07-01T00:33:39.035+0000] {processor.py:743} INFO - Processing file /home/airflow/.local/lib/python3.7/site-packages/airflow/example_dags/example_trigger_controller_dag.py for tasks to queue
[2023-07-01T00:33:39.036+0000] {logging_mixin.py:137} INFO - [2023-07-01T00:33:39.036+0000] {dagbag.py:532} INFO - Filling up the DagBag from /home/airflow/.local/lib/python3.7/site-packages/airflow/example_dags/example_trigger_controller_dag.py
[2023-07-01T00:33:39.044+0000] {processor.py:753} INFO - DAG(s) dict_keys(['example_trigger_controller_dag']) retrieved from /home/airflow/.local/lib/python3.7/site-packages/airflow/example_dags/example_trigger_controller_dag.py
[2023-07-01T00:33:39.062+0000] {logging_mixin.py:137} INFO - [2023-07-01T00:33:39.062+0000] {dag.py:2705} INFO - Sync 1 DAGs
[2023-07-01T00:33:39.078+0000] {logging_mixin.py:137} INFO - [2023-07-01T00:33:39.078+0000] {dag.py:3456} INFO - Setting next_dagrun for example_trigger_controller_dag to 2021-01-01T00:00:00+00:00, run_after=2021-01-01T00:00:00+00:00
[2023-07-01T00:33:39.088+0000] {processor.py:175} INFO - Processing /home/airflow/.local/lib/python3.7/site-packages/airflow/example_dags/example_trigger_controller_dag.py took 0.056 seconds
[2023-07-01T00:34:09.221+0000] {processor.py:153} INFO - Started process (PID=55211) to work on /home/airflow/.local/lib/python3.7/site-packages/airflow/example_dags/example_trigger_controller_dag.py
[2023-07-01T00:34:09.222+0000] {processor.py:743} INFO - Processing file /home/airflow/.local/lib/python3.7/site-packages/airflow/example_dags/example_trigger_controller_dag.py for tasks to queue
[2023-07-01T00:34:09.222+0000] {logging_mixin.py:137} INFO - [2023-07-01T00:34:09.222+0000] {dagbag.py:532} INFO - Filling up the DagBag from /home/airflow/.local/lib/python3.7/site-packages/airflow/example_dags/example_trigger_controller_dag.py
[2023-07-01T00:34:09.231+0000] {processor.py:753} INFO - DAG(s) dict_keys(['example_trigger_controller_dag']) retrieved from /home/airflow/.local/lib/python3.7/site-packages/airflow/example_dags/example_trigger_controller_dag.py
[2023-07-01T00:34:09.250+0000] {logging_mixin.py:137} INFO - [2023-07-01T00:34:09.250+0000] {dag.py:2705} INFO - Sync 1 DAGs
[2023-07-01T00:34:09.265+0000] {logging_mixin.py:137} INFO - [2023-07-01T00:34:09.265+0000] {dag.py:3456} INFO - Setting next_dagrun for example_trigger_controller_dag to 2021-01-01T00:00:00+00:00, run_after=2021-01-01T00:00:00+00:00
[2023-07-01T00:34:09.276+0000] {processor.py:175} INFO - Processing /home/airflow/.local/lib/python3.7/site-packages/airflow/example_dags/example_trigger_controller_dag.py took 0.058 seconds
[2023-07-01T00:34:40.075+0000] {processor.py:153} INFO - Started process (PID=55268) to work on /home/airflow/.local/lib/python3.7/site-packages/airflow/example_dags/example_trigger_controller_dag.py
[2023-07-01T00:34:40.076+0000] {processor.py:743} INFO - Processing file /home/airflow/.local/lib/python3.7/site-packages/airflow/example_dags/example_trigger_controller_dag.py for tasks to queue
[2023-07-01T00:34:40.077+0000] {logging_mixin.py:137} INFO - [2023-07-01T00:34:40.077+0000] {dagbag.py:532} INFO - Filling up the DagBag from /home/airflow/.local/lib/python3.7/site-packages/airflow/example_dags/example_trigger_controller_dag.py
[2023-07-01T00:34:40.091+0000] {processor.py:753} INFO - DAG(s) dict_keys(['example_trigger_controller_dag']) retrieved from /home/airflow/.local/lib/python3.7/site-packages/airflow/example_dags/example_trigger_controller_dag.py
[2023-07-01T00:34:40.110+0000] {logging_mixin.py:137} INFO - [2023-07-01T00:34:40.110+0000] {dag.py:2705} INFO - Sync 1 DAGs
[2023-07-01T00:34:40.125+0000] {logging_mixin.py:137} INFO - [2023-07-01T00:34:40.125+0000] {dag.py:3456} INFO - Setting next_dagrun for example_trigger_controller_dag to 2021-01-01T00:00:00+00:00, run_after=2021-01-01T00:00:00+00:00
[2023-07-01T00:34:40.135+0000] {processor.py:175} INFO - Processing /home/airflow/.local/lib/python3.7/site-packages/airflow/example_dags/example_trigger_controller_dag.py took 0.066 seconds
