[2023-07-01T00:00:26.039+0000] {processor.py:153} INFO - Started process (PID=51447) to work on /home/airflow/.local/lib/python3.7/site-packages/airflow/example_dags/example_params_ui_tutorial.py
[2023-07-01T00:00:26.041+0000] {processor.py:743} INFO - Processing file /home/airflow/.local/lib/python3.7/site-packages/airflow/example_dags/example_params_ui_tutorial.py for tasks to queue
[2023-07-01T00:00:26.047+0000] {logging_mixin.py:137} INFO - [2023-07-01T00:00:26.047+0000] {dagbag.py:532} INFO - Filling up the DagBag from /home/airflow/.local/lib/python3.7/site-packages/airflow/example_dags/example_params_ui_tutorial.py
[2023-07-01T00:00:26.097+0000] {processor.py:753} INFO - DAG(s) dict_keys(['example_params_ui_tutorial']) retrieved from /home/airflow/.local/lib/python3.7/site-packages/airflow/example_dags/example_params_ui_tutorial.py
[2023-07-01T00:00:26.164+0000] {logging_mixin.py:137} INFO - [2023-07-01T00:00:26.163+0000] {dag.py:2705} INFO - Sync 1 DAGs
[2023-07-01T00:00:26.178+0000] {logging_mixin.py:137} INFO - [2023-07-01T00:00:26.178+0000] {dag.py:3456} INFO - Setting next_dagrun for example_params_ui_tutorial to None, run_after=None
[2023-07-01T00:00:26.190+0000] {processor.py:175} INFO - Processing /home/airflow/.local/lib/python3.7/site-packages/airflow/example_dags/example_params_ui_tutorial.py took 0.155 seconds
[2023-07-01T00:00:57.140+0000] {processor.py:153} INFO - Started process (PID=51504) to work on /home/airflow/.local/lib/python3.7/site-packages/airflow/example_dags/example_params_ui_tutorial.py
[2023-07-01T00:00:57.143+0000] {processor.py:743} INFO - Processing file /home/airflow/.local/lib/python3.7/site-packages/airflow/example_dags/example_params_ui_tutorial.py for tasks to queue
[2023-07-01T00:00:57.146+0000] {logging_mixin.py:137} INFO - [2023-07-01T00:00:57.146+0000] {dagbag.py:532} INFO - Filling up the DagBag from /home/airflow/.local/lib/python3.7/site-packages/airflow/example_dags/example_params_ui_tutorial.py
[2023-07-01T00:00:57.206+0000] {processor.py:753} INFO - DAG(s) dict_keys(['example_params_ui_tutorial']) retrieved from /home/airflow/.local/lib/python3.7/site-packages/airflow/example_dags/example_params_ui_tutorial.py
[2023-07-01T00:00:57.248+0000] {logging_mixin.py:137} INFO - [2023-07-01T00:00:57.248+0000] {dag.py:2705} INFO - Sync 1 DAGs
[2023-07-01T00:00:57.264+0000] {logging_mixin.py:137} INFO - [2023-07-01T00:00:57.264+0000] {dag.py:3456} INFO - Setting next_dagrun for example_params_ui_tutorial to None, run_after=None
[2023-07-01T00:00:57.274+0000] {processor.py:175} INFO - Processing /home/airflow/.local/lib/python3.7/site-packages/airflow/example_dags/example_params_ui_tutorial.py took 0.144 seconds
[2023-07-01T00:01:27.890+0000] {processor.py:153} INFO - Started process (PID=51562) to work on /home/airflow/.local/lib/python3.7/site-packages/airflow/example_dags/example_params_ui_tutorial.py
[2023-07-01T00:01:27.892+0000] {processor.py:743} INFO - Processing file /home/airflow/.local/lib/python3.7/site-packages/airflow/example_dags/example_params_ui_tutorial.py for tasks to queue
[2023-07-01T00:01:27.893+0000] {logging_mixin.py:137} INFO - [2023-07-01T00:01:27.893+0000] {dagbag.py:532} INFO - Filling up the DagBag from /home/airflow/.local/lib/python3.7/site-packages/airflow/example_dags/example_params_ui_tutorial.py
[2023-07-01T00:01:27.926+0000] {processor.py:753} INFO - DAG(s) dict_keys(['example_params_ui_tutorial']) retrieved from /home/airflow/.local/lib/python3.7/site-packages/airflow/example_dags/example_params_ui_tutorial.py
[2023-07-01T00:01:27.960+0000] {logging_mixin.py:137} INFO - [2023-07-01T00:01:27.960+0000] {dag.py:2705} INFO - Sync 1 DAGs
[2023-07-01T00:01:27.973+0000] {logging_mixin.py:137} INFO - [2023-07-01T00:01:27.973+0000] {dag.py:3456} INFO - Setting next_dagrun for example_params_ui_tutorial to None, run_after=None
[2023-07-01T00:01:27.983+0000] {processor.py:175} INFO - Processing /home/airflow/.local/lib/python3.7/site-packages/airflow/example_dags/example_params_ui_tutorial.py took 0.096 seconds
[2023-07-01T00:01:58.635+0000] {processor.py:153} INFO - Started process (PID=51618) to work on /home/airflow/.local/lib/python3.7/site-packages/airflow/example_dags/example_params_ui_tutorial.py
[2023-07-01T00:01:58.637+0000] {processor.py:743} INFO - Processing file /home/airflow/.local/lib/python3.7/site-packages/airflow/example_dags/example_params_ui_tutorial.py for tasks to queue
[2023-07-01T00:01:58.638+0000] {logging_mixin.py:137} INFO - [2023-07-01T00:01:58.638+0000] {dagbag.py:532} INFO - Filling up the DagBag from /home/airflow/.local/lib/python3.7/site-packages/airflow/example_dags/example_params_ui_tutorial.py
[2023-07-01T00:01:58.683+0000] {processor.py:753} INFO - DAG(s) dict_keys(['example_params_ui_tutorial']) retrieved from /home/airflow/.local/lib/python3.7/site-packages/airflow/example_dags/example_params_ui_tutorial.py
[2023-07-01T00:01:58.718+0000] {logging_mixin.py:137} INFO - [2023-07-01T00:01:58.718+0000] {dag.py:2705} INFO - Sync 1 DAGs
[2023-07-01T00:01:58.731+0000] {logging_mixin.py:137} INFO - [2023-07-01T00:01:58.731+0000] {dag.py:3456} INFO - Setting next_dagrun for example_params_ui_tutorial to None, run_after=None
[2023-07-01T00:01:58.741+0000] {processor.py:175} INFO - Processing /home/airflow/.local/lib/python3.7/site-packages/airflow/example_dags/example_params_ui_tutorial.py took 0.113 seconds
[2023-07-01T00:02:29.500+0000] {processor.py:153} INFO - Started process (PID=51674) to work on /home/airflow/.local/lib/python3.7/site-packages/airflow/example_dags/example_params_ui_tutorial.py
[2023-07-01T00:02:29.502+0000] {processor.py:743} INFO - Processing file /home/airflow/.local/lib/python3.7/site-packages/airflow/example_dags/example_params_ui_tutorial.py for tasks to queue
[2023-07-01T00:02:29.503+0000] {logging_mixin.py:137} INFO - [2023-07-01T00:02:29.503+0000] {dagbag.py:532} INFO - Filling up the DagBag from /home/airflow/.local/lib/python3.7/site-packages/airflow/example_dags/example_params_ui_tutorial.py
[2023-07-01T00:02:29.541+0000] {processor.py:753} INFO - DAG(s) dict_keys(['example_params_ui_tutorial']) retrieved from /home/airflow/.local/lib/python3.7/site-packages/airflow/example_dags/example_params_ui_tutorial.py
[2023-07-01T00:02:29.576+0000] {logging_mixin.py:137} INFO - [2023-07-01T00:02:29.576+0000] {dag.py:2705} INFO - Sync 1 DAGs
[2023-07-01T00:02:29.590+0000] {logging_mixin.py:137} INFO - [2023-07-01T00:02:29.590+0000] {dag.py:3456} INFO - Setting next_dagrun for example_params_ui_tutorial to None, run_after=None
[2023-07-01T00:02:29.599+0000] {processor.py:175} INFO - Processing /home/airflow/.local/lib/python3.7/site-packages/airflow/example_dags/example_params_ui_tutorial.py took 0.104 seconds
[2023-07-01T00:02:59.696+0000] {processor.py:153} INFO - Started process (PID=51731) to work on /home/airflow/.local/lib/python3.7/site-packages/airflow/example_dags/example_params_ui_tutorial.py
[2023-07-01T00:02:59.697+0000] {processor.py:743} INFO - Processing file /home/airflow/.local/lib/python3.7/site-packages/airflow/example_dags/example_params_ui_tutorial.py for tasks to queue
[2023-07-01T00:02:59.697+0000] {logging_mixin.py:137} INFO - [2023-07-01T00:02:59.697+0000] {dagbag.py:532} INFO - Filling up the DagBag from /home/airflow/.local/lib/python3.7/site-packages/airflow/example_dags/example_params_ui_tutorial.py
[2023-07-01T00:02:59.745+0000] {processor.py:753} INFO - DAG(s) dict_keys(['example_params_ui_tutorial']) retrieved from /home/airflow/.local/lib/python3.7/site-packages/airflow/example_dags/example_params_ui_tutorial.py
[2023-07-01T00:02:59.799+0000] {logging_mixin.py:137} INFO - [2023-07-01T00:02:59.798+0000] {dag.py:2705} INFO - Sync 1 DAGs
[2023-07-01T00:02:59.819+0000] {logging_mixin.py:137} INFO - [2023-07-01T00:02:59.819+0000] {dag.py:3456} INFO - Setting next_dagrun for example_params_ui_tutorial to None, run_after=None
[2023-07-01T00:02:59.830+0000] {processor.py:175} INFO - Processing /home/airflow/.local/lib/python3.7/site-packages/airflow/example_dags/example_params_ui_tutorial.py took 0.137 seconds
[2023-07-01T00:03:30.573+0000] {processor.py:153} INFO - Started process (PID=51786) to work on /home/airflow/.local/lib/python3.7/site-packages/airflow/example_dags/example_params_ui_tutorial.py
[2023-07-01T00:03:30.575+0000] {processor.py:743} INFO - Processing file /home/airflow/.local/lib/python3.7/site-packages/airflow/example_dags/example_params_ui_tutorial.py for tasks to queue
[2023-07-01T00:03:30.576+0000] {logging_mixin.py:137} INFO - [2023-07-01T00:03:30.576+0000] {dagbag.py:532} INFO - Filling up the DagBag from /home/airflow/.local/lib/python3.7/site-packages/airflow/example_dags/example_params_ui_tutorial.py
[2023-07-01T00:03:30.616+0000] {processor.py:753} INFO - DAG(s) dict_keys(['example_params_ui_tutorial']) retrieved from /home/airflow/.local/lib/python3.7/site-packages/airflow/example_dags/example_params_ui_tutorial.py
[2023-07-01T00:03:30.659+0000] {logging_mixin.py:137} INFO - [2023-07-01T00:03:30.659+0000] {dag.py:2705} INFO - Sync 1 DAGs
[2023-07-01T00:03:30.674+0000] {logging_mixin.py:137} INFO - [2023-07-01T00:03:30.674+0000] {dag.py:3456} INFO - Setting next_dagrun for example_params_ui_tutorial to None, run_after=None
[2023-07-01T00:03:30.684+0000] {processor.py:175} INFO - Processing /home/airflow/.local/lib/python3.7/site-packages/airflow/example_dags/example_params_ui_tutorial.py took 0.114 seconds
[2023-07-01T00:04:01.520+0000] {processor.py:153} INFO - Started process (PID=51843) to work on /home/airflow/.local/lib/python3.7/site-packages/airflow/example_dags/example_params_ui_tutorial.py
[2023-07-01T00:04:01.521+0000] {processor.py:743} INFO - Processing file /home/airflow/.local/lib/python3.7/site-packages/airflow/example_dags/example_params_ui_tutorial.py for tasks to queue
[2023-07-01T00:04:01.522+0000] {logging_mixin.py:137} INFO - [2023-07-01T00:04:01.522+0000] {dagbag.py:532} INFO - Filling up the DagBag from /home/airflow/.local/lib/python3.7/site-packages/airflow/example_dags/example_params_ui_tutorial.py
[2023-07-01T00:04:01.557+0000] {processor.py:753} INFO - DAG(s) dict_keys(['example_params_ui_tutorial']) retrieved from /home/airflow/.local/lib/python3.7/site-packages/airflow/example_dags/example_params_ui_tutorial.py
[2023-07-01T00:04:01.592+0000] {logging_mixin.py:137} INFO - [2023-07-01T00:04:01.592+0000] {dag.py:2705} INFO - Sync 1 DAGs
[2023-07-01T00:04:01.608+0000] {logging_mixin.py:137} INFO - [2023-07-01T00:04:01.607+0000] {dag.py:3456} INFO - Setting next_dagrun for example_params_ui_tutorial to None, run_after=None
[2023-07-01T00:04:01.618+0000] {processor.py:175} INFO - Processing /home/airflow/.local/lib/python3.7/site-packages/airflow/example_dags/example_params_ui_tutorial.py took 0.101 seconds
[2023-07-01T00:04:32.419+0000] {processor.py:153} INFO - Started process (PID=51900) to work on /home/airflow/.local/lib/python3.7/site-packages/airflow/example_dags/example_params_ui_tutorial.py
[2023-07-01T00:04:32.420+0000] {processor.py:743} INFO - Processing file /home/airflow/.local/lib/python3.7/site-packages/airflow/example_dags/example_params_ui_tutorial.py for tasks to queue
[2023-07-01T00:04:32.421+0000] {logging_mixin.py:137} INFO - [2023-07-01T00:04:32.421+0000] {dagbag.py:532} INFO - Filling up the DagBag from /home/airflow/.local/lib/python3.7/site-packages/airflow/example_dags/example_params_ui_tutorial.py
[2023-07-01T00:04:32.451+0000] {processor.py:753} INFO - DAG(s) dict_keys(['example_params_ui_tutorial']) retrieved from /home/airflow/.local/lib/python3.7/site-packages/airflow/example_dags/example_params_ui_tutorial.py
[2023-07-01T00:04:32.483+0000] {logging_mixin.py:137} INFO - [2023-07-01T00:04:32.483+0000] {dag.py:2705} INFO - Sync 1 DAGs
[2023-07-01T00:04:32.497+0000] {logging_mixin.py:137} INFO - [2023-07-01T00:04:32.497+0000] {dag.py:3456} INFO - Setting next_dagrun for example_params_ui_tutorial to None, run_after=None
[2023-07-01T00:04:32.507+0000] {processor.py:175} INFO - Processing /home/airflow/.local/lib/python3.7/site-packages/airflow/example_dags/example_params_ui_tutorial.py took 0.090 seconds
[2023-07-01T00:05:03.182+0000] {processor.py:153} INFO - Started process (PID=51956) to work on /home/airflow/.local/lib/python3.7/site-packages/airflow/example_dags/example_params_ui_tutorial.py
[2023-07-01T00:05:03.183+0000] {processor.py:743} INFO - Processing file /home/airflow/.local/lib/python3.7/site-packages/airflow/example_dags/example_params_ui_tutorial.py for tasks to queue
[2023-07-01T00:05:03.183+0000] {logging_mixin.py:137} INFO - [2023-07-01T00:05:03.183+0000] {dagbag.py:532} INFO - Filling up the DagBag from /home/airflow/.local/lib/python3.7/site-packages/airflow/example_dags/example_params_ui_tutorial.py
[2023-07-01T00:05:03.216+0000] {processor.py:753} INFO - DAG(s) dict_keys(['example_params_ui_tutorial']) retrieved from /home/airflow/.local/lib/python3.7/site-packages/airflow/example_dags/example_params_ui_tutorial.py
[2023-07-01T00:05:03.255+0000] {logging_mixin.py:137} INFO - [2023-07-01T00:05:03.254+0000] {dag.py:2705} INFO - Sync 1 DAGs
[2023-07-01T00:05:03.273+0000] {logging_mixin.py:137} INFO - [2023-07-01T00:05:03.273+0000] {dag.py:3456} INFO - Setting next_dagrun for example_params_ui_tutorial to None, run_after=None
[2023-07-01T00:05:03.284+0000] {processor.py:175} INFO - Processing /home/airflow/.local/lib/python3.7/site-packages/airflow/example_dags/example_params_ui_tutorial.py took 0.105 seconds
[2023-07-01T00:05:34.454+0000] {processor.py:153} INFO - Started process (PID=52013) to work on /home/airflow/.local/lib/python3.7/site-packages/airflow/example_dags/example_params_ui_tutorial.py
[2023-07-01T00:05:34.455+0000] {processor.py:743} INFO - Processing file /home/airflow/.local/lib/python3.7/site-packages/airflow/example_dags/example_params_ui_tutorial.py for tasks to queue
[2023-07-01T00:05:34.456+0000] {logging_mixin.py:137} INFO - [2023-07-01T00:05:34.455+0000] {dagbag.py:532} INFO - Filling up the DagBag from /home/airflow/.local/lib/python3.7/site-packages/airflow/example_dags/example_params_ui_tutorial.py
[2023-07-01T00:05:34.489+0000] {processor.py:753} INFO - DAG(s) dict_keys(['example_params_ui_tutorial']) retrieved from /home/airflow/.local/lib/python3.7/site-packages/airflow/example_dags/example_params_ui_tutorial.py
[2023-07-01T00:05:34.528+0000] {logging_mixin.py:137} INFO - [2023-07-01T00:05:34.528+0000] {dag.py:2705} INFO - Sync 1 DAGs
[2023-07-01T00:05:34.541+0000] {logging_mixin.py:137} INFO - [2023-07-01T00:05:34.541+0000] {dag.py:3456} INFO - Setting next_dagrun for example_params_ui_tutorial to None, run_after=None
[2023-07-01T00:05:34.552+0000] {processor.py:175} INFO - Processing /home/airflow/.local/lib/python3.7/site-packages/airflow/example_dags/example_params_ui_tutorial.py took 0.101 seconds
[2023-07-01T00:06:05.840+0000] {processor.py:153} INFO - Started process (PID=52070) to work on /home/airflow/.local/lib/python3.7/site-packages/airflow/example_dags/example_params_ui_tutorial.py
[2023-07-01T00:06:05.841+0000] {processor.py:743} INFO - Processing file /home/airflow/.local/lib/python3.7/site-packages/airflow/example_dags/example_params_ui_tutorial.py for tasks to queue
[2023-07-01T00:06:05.842+0000] {logging_mixin.py:137} INFO - [2023-07-01T00:06:05.842+0000] {dagbag.py:532} INFO - Filling up the DagBag from /home/airflow/.local/lib/python3.7/site-packages/airflow/example_dags/example_params_ui_tutorial.py
[2023-07-01T00:06:05.888+0000] {processor.py:753} INFO - DAG(s) dict_keys(['example_params_ui_tutorial']) retrieved from /home/airflow/.local/lib/python3.7/site-packages/airflow/example_dags/example_params_ui_tutorial.py
[2023-07-01T00:06:05.928+0000] {logging_mixin.py:137} INFO - [2023-07-01T00:06:05.928+0000] {dag.py:2705} INFO - Sync 1 DAGs
[2023-07-01T00:06:05.944+0000] {logging_mixin.py:137} INFO - [2023-07-01T00:06:05.944+0000] {dag.py:3456} INFO - Setting next_dagrun for example_params_ui_tutorial to None, run_after=None
[2023-07-01T00:06:05.954+0000] {processor.py:175} INFO - Processing /home/airflow/.local/lib/python3.7/site-packages/airflow/example_dags/example_params_ui_tutorial.py took 0.117 seconds
[2023-07-01T00:06:36.718+0000] {processor.py:153} INFO - Started process (PID=52127) to work on /home/airflow/.local/lib/python3.7/site-packages/airflow/example_dags/example_params_ui_tutorial.py
[2023-07-01T00:06:36.720+0000] {processor.py:743} INFO - Processing file /home/airflow/.local/lib/python3.7/site-packages/airflow/example_dags/example_params_ui_tutorial.py for tasks to queue
[2023-07-01T00:06:36.720+0000] {logging_mixin.py:137} INFO - [2023-07-01T00:06:36.720+0000] {dagbag.py:532} INFO - Filling up the DagBag from /home/airflow/.local/lib/python3.7/site-packages/airflow/example_dags/example_params_ui_tutorial.py
[2023-07-01T00:06:36.752+0000] {processor.py:753} INFO - DAG(s) dict_keys(['example_params_ui_tutorial']) retrieved from /home/airflow/.local/lib/python3.7/site-packages/airflow/example_dags/example_params_ui_tutorial.py
[2023-07-01T00:06:36.789+0000] {logging_mixin.py:137} INFO - [2023-07-01T00:06:36.789+0000] {dag.py:2705} INFO - Sync 1 DAGs
[2023-07-01T00:06:36.803+0000] {logging_mixin.py:137} INFO - [2023-07-01T00:06:36.803+0000] {dag.py:3456} INFO - Setting next_dagrun for example_params_ui_tutorial to None, run_after=None
[2023-07-01T00:06:36.812+0000] {processor.py:175} INFO - Processing /home/airflow/.local/lib/python3.7/site-packages/airflow/example_dags/example_params_ui_tutorial.py took 0.096 seconds
[2023-07-01T00:07:07.433+0000] {processor.py:153} INFO - Started process (PID=52184) to work on /home/airflow/.local/lib/python3.7/site-packages/airflow/example_dags/example_params_ui_tutorial.py
[2023-07-01T00:07:07.434+0000] {processor.py:743} INFO - Processing file /home/airflow/.local/lib/python3.7/site-packages/airflow/example_dags/example_params_ui_tutorial.py for tasks to queue
[2023-07-01T00:07:07.435+0000] {logging_mixin.py:137} INFO - [2023-07-01T00:07:07.435+0000] {dagbag.py:532} INFO - Filling up the DagBag from /home/airflow/.local/lib/python3.7/site-packages/airflow/example_dags/example_params_ui_tutorial.py
[2023-07-01T00:07:07.474+0000] {processor.py:753} INFO - DAG(s) dict_keys(['example_params_ui_tutorial']) retrieved from /home/airflow/.local/lib/python3.7/site-packages/airflow/example_dags/example_params_ui_tutorial.py
[2023-07-01T00:07:07.511+0000] {logging_mixin.py:137} INFO - [2023-07-01T00:07:07.511+0000] {dag.py:2705} INFO - Sync 1 DAGs
[2023-07-01T00:07:07.524+0000] {logging_mixin.py:137} INFO - [2023-07-01T00:07:07.524+0000] {dag.py:3456} INFO - Setting next_dagrun for example_params_ui_tutorial to None, run_after=None
[2023-07-01T00:07:07.535+0000] {processor.py:175} INFO - Processing /home/airflow/.local/lib/python3.7/site-packages/airflow/example_dags/example_params_ui_tutorial.py took 0.105 seconds
[2023-07-01T00:07:38.844+0000] {processor.py:153} INFO - Started process (PID=52248) to work on /home/airflow/.local/lib/python3.7/site-packages/airflow/example_dags/example_params_ui_tutorial.py
[2023-07-01T00:07:38.846+0000] {processor.py:743} INFO - Processing file /home/airflow/.local/lib/python3.7/site-packages/airflow/example_dags/example_params_ui_tutorial.py for tasks to queue
[2023-07-01T00:07:38.847+0000] {logging_mixin.py:137} INFO - [2023-07-01T00:07:38.846+0000] {dagbag.py:532} INFO - Filling up the DagBag from /home/airflow/.local/lib/python3.7/site-packages/airflow/example_dags/example_params_ui_tutorial.py
[2023-07-01T00:07:38.899+0000] {processor.py:753} INFO - DAG(s) dict_keys(['example_params_ui_tutorial']) retrieved from /home/airflow/.local/lib/python3.7/site-packages/airflow/example_dags/example_params_ui_tutorial.py
[2023-07-01T00:07:38.940+0000] {logging_mixin.py:137} INFO - [2023-07-01T00:07:38.940+0000] {dag.py:2705} INFO - Sync 1 DAGs
[2023-07-01T00:07:38.956+0000] {logging_mixin.py:137} INFO - [2023-07-01T00:07:38.956+0000] {dag.py:3456} INFO - Setting next_dagrun for example_params_ui_tutorial to None, run_after=None
[2023-07-01T00:07:38.966+0000] {processor.py:175} INFO - Processing /home/airflow/.local/lib/python3.7/site-packages/airflow/example_dags/example_params_ui_tutorial.py took 0.126 seconds
[2023-07-01T00:08:10.185+0000] {processor.py:153} INFO - Started process (PID=52305) to work on /home/airflow/.local/lib/python3.7/site-packages/airflow/example_dags/example_params_ui_tutorial.py
[2023-07-01T00:08:10.187+0000] {processor.py:743} INFO - Processing file /home/airflow/.local/lib/python3.7/site-packages/airflow/example_dags/example_params_ui_tutorial.py for tasks to queue
[2023-07-01T00:08:10.189+0000] {logging_mixin.py:137} INFO - [2023-07-01T00:08:10.189+0000] {dagbag.py:532} INFO - Filling up the DagBag from /home/airflow/.local/lib/python3.7/site-packages/airflow/example_dags/example_params_ui_tutorial.py
[2023-07-01T00:08:10.238+0000] {processor.py:753} INFO - DAG(s) dict_keys(['example_params_ui_tutorial']) retrieved from /home/airflow/.local/lib/python3.7/site-packages/airflow/example_dags/example_params_ui_tutorial.py
[2023-07-01T00:08:10.279+0000] {logging_mixin.py:137} INFO - [2023-07-01T00:08:10.279+0000] {dag.py:2705} INFO - Sync 1 DAGs
[2023-07-01T00:08:10.297+0000] {logging_mixin.py:137} INFO - [2023-07-01T00:08:10.297+0000] {dag.py:3456} INFO - Setting next_dagrun for example_params_ui_tutorial to None, run_after=None
[2023-07-01T00:08:10.312+0000] {processor.py:175} INFO - Processing /home/airflow/.local/lib/python3.7/site-packages/airflow/example_dags/example_params_ui_tutorial.py took 0.131 seconds
[2023-07-01T00:08:40.542+0000] {processor.py:153} INFO - Started process (PID=52362) to work on /home/airflow/.local/lib/python3.7/site-packages/airflow/example_dags/example_params_ui_tutorial.py
[2023-07-01T00:08:40.543+0000] {processor.py:743} INFO - Processing file /home/airflow/.local/lib/python3.7/site-packages/airflow/example_dags/example_params_ui_tutorial.py for tasks to queue
[2023-07-01T00:08:40.543+0000] {logging_mixin.py:137} INFO - [2023-07-01T00:08:40.543+0000] {dagbag.py:532} INFO - Filling up the DagBag from /home/airflow/.local/lib/python3.7/site-packages/airflow/example_dags/example_params_ui_tutorial.py
[2023-07-01T00:08:40.587+0000] {processor.py:753} INFO - DAG(s) dict_keys(['example_params_ui_tutorial']) retrieved from /home/airflow/.local/lib/python3.7/site-packages/airflow/example_dags/example_params_ui_tutorial.py
[2023-07-01T00:08:40.626+0000] {logging_mixin.py:137} INFO - [2023-07-01T00:08:40.626+0000] {dag.py:2705} INFO - Sync 1 DAGs
[2023-07-01T00:08:40.640+0000] {logging_mixin.py:137} INFO - [2023-07-01T00:08:40.640+0000] {dag.py:3456} INFO - Setting next_dagrun for example_params_ui_tutorial to None, run_after=None
[2023-07-01T00:08:40.649+0000] {processor.py:175} INFO - Processing /home/airflow/.local/lib/python3.7/site-packages/airflow/example_dags/example_params_ui_tutorial.py took 0.111 seconds
[2023-07-01T00:09:11.996+0000] {processor.py:153} INFO - Started process (PID=52419) to work on /home/airflow/.local/lib/python3.7/site-packages/airflow/example_dags/example_params_ui_tutorial.py
[2023-07-01T00:09:11.997+0000] {processor.py:743} INFO - Processing file /home/airflow/.local/lib/python3.7/site-packages/airflow/example_dags/example_params_ui_tutorial.py for tasks to queue
[2023-07-01T00:09:11.998+0000] {logging_mixin.py:137} INFO - [2023-07-01T00:09:11.998+0000] {dagbag.py:532} INFO - Filling up the DagBag from /home/airflow/.local/lib/python3.7/site-packages/airflow/example_dags/example_params_ui_tutorial.py
[2023-07-01T00:09:12.041+0000] {processor.py:753} INFO - DAG(s) dict_keys(['example_params_ui_tutorial']) retrieved from /home/airflow/.local/lib/python3.7/site-packages/airflow/example_dags/example_params_ui_tutorial.py
[2023-07-01T00:09:12.083+0000] {logging_mixin.py:137} INFO - [2023-07-01T00:09:12.083+0000] {dag.py:2705} INFO - Sync 1 DAGs
[2023-07-01T00:09:12.103+0000] {logging_mixin.py:137} INFO - [2023-07-01T00:09:12.103+0000] {dag.py:3456} INFO - Setting next_dagrun for example_params_ui_tutorial to None, run_after=None
[2023-07-01T00:09:12.114+0000] {processor.py:175} INFO - Processing /home/airflow/.local/lib/python3.7/site-packages/airflow/example_dags/example_params_ui_tutorial.py took 0.120 seconds
[2023-07-01T00:09:42.467+0000] {processor.py:153} INFO - Started process (PID=52477) to work on /home/airflow/.local/lib/python3.7/site-packages/airflow/example_dags/example_params_ui_tutorial.py
[2023-07-01T00:09:42.469+0000] {processor.py:743} INFO - Processing file /home/airflow/.local/lib/python3.7/site-packages/airflow/example_dags/example_params_ui_tutorial.py for tasks to queue
[2023-07-01T00:09:42.470+0000] {logging_mixin.py:137} INFO - [2023-07-01T00:09:42.470+0000] {dagbag.py:532} INFO - Filling up the DagBag from /home/airflow/.local/lib/python3.7/site-packages/airflow/example_dags/example_params_ui_tutorial.py
[2023-07-01T00:09:42.514+0000] {processor.py:753} INFO - DAG(s) dict_keys(['example_params_ui_tutorial']) retrieved from /home/airflow/.local/lib/python3.7/site-packages/airflow/example_dags/example_params_ui_tutorial.py
[2023-07-01T00:09:42.559+0000] {logging_mixin.py:137} INFO - [2023-07-01T00:09:42.559+0000] {dag.py:2705} INFO - Sync 1 DAGs
[2023-07-01T00:09:42.579+0000] {logging_mixin.py:137} INFO - [2023-07-01T00:09:42.579+0000] {dag.py:3456} INFO - Setting next_dagrun for example_params_ui_tutorial to None, run_after=None
[2023-07-01T00:09:42.597+0000] {processor.py:175} INFO - Processing /home/airflow/.local/lib/python3.7/site-packages/airflow/example_dags/example_params_ui_tutorial.py took 0.136 seconds
[2023-07-01T00:10:13.481+0000] {processor.py:153} INFO - Started process (PID=52534) to work on /home/airflow/.local/lib/python3.7/site-packages/airflow/example_dags/example_params_ui_tutorial.py
[2023-07-01T00:10:13.482+0000] {processor.py:743} INFO - Processing file /home/airflow/.local/lib/python3.7/site-packages/airflow/example_dags/example_params_ui_tutorial.py for tasks to queue
[2023-07-01T00:10:13.483+0000] {logging_mixin.py:137} INFO - [2023-07-01T00:10:13.483+0000] {dagbag.py:532} INFO - Filling up the DagBag from /home/airflow/.local/lib/python3.7/site-packages/airflow/example_dags/example_params_ui_tutorial.py
[2023-07-01T00:10:13.523+0000] {processor.py:753} INFO - DAG(s) dict_keys(['example_params_ui_tutorial']) retrieved from /home/airflow/.local/lib/python3.7/site-packages/airflow/example_dags/example_params_ui_tutorial.py
[2023-07-01T00:10:13.567+0000] {logging_mixin.py:137} INFO - [2023-07-01T00:10:13.566+0000] {dag.py:2705} INFO - Sync 1 DAGs
[2023-07-01T00:10:13.585+0000] {logging_mixin.py:137} INFO - [2023-07-01T00:10:13.585+0000] {dag.py:3456} INFO - Setting next_dagrun for example_params_ui_tutorial to None, run_after=None
[2023-07-01T00:10:13.598+0000] {processor.py:175} INFO - Processing /home/airflow/.local/lib/python3.7/site-packages/airflow/example_dags/example_params_ui_tutorial.py took 0.121 seconds
[2023-07-01T00:10:43.774+0000] {processor.py:153} INFO - Started process (PID=52590) to work on /home/airflow/.local/lib/python3.7/site-packages/airflow/example_dags/example_params_ui_tutorial.py
[2023-07-01T00:10:43.775+0000] {processor.py:743} INFO - Processing file /home/airflow/.local/lib/python3.7/site-packages/airflow/example_dags/example_params_ui_tutorial.py for tasks to queue
[2023-07-01T00:10:43.777+0000] {logging_mixin.py:137} INFO - [2023-07-01T00:10:43.777+0000] {dagbag.py:532} INFO - Filling up the DagBag from /home/airflow/.local/lib/python3.7/site-packages/airflow/example_dags/example_params_ui_tutorial.py
[2023-07-01T00:10:43.824+0000] {processor.py:753} INFO - DAG(s) dict_keys(['example_params_ui_tutorial']) retrieved from /home/airflow/.local/lib/python3.7/site-packages/airflow/example_dags/example_params_ui_tutorial.py
[2023-07-01T00:10:43.860+0000] {logging_mixin.py:137} INFO - [2023-07-01T00:10:43.860+0000] {dag.py:2705} INFO - Sync 1 DAGs
[2023-07-01T00:10:43.873+0000] {logging_mixin.py:137} INFO - [2023-07-01T00:10:43.873+0000] {dag.py:3456} INFO - Setting next_dagrun for example_params_ui_tutorial to None, run_after=None
[2023-07-01T00:10:43.884+0000] {processor.py:175} INFO - Processing /home/airflow/.local/lib/python3.7/site-packages/airflow/example_dags/example_params_ui_tutorial.py took 0.116 seconds
[2023-07-01T00:11:14.737+0000] {processor.py:153} INFO - Started process (PID=52650) to work on /home/airflow/.local/lib/python3.7/site-packages/airflow/example_dags/example_params_ui_tutorial.py
[2023-07-01T00:11:14.740+0000] {processor.py:743} INFO - Processing file /home/airflow/.local/lib/python3.7/site-packages/airflow/example_dags/example_params_ui_tutorial.py for tasks to queue
[2023-07-01T00:11:14.741+0000] {logging_mixin.py:137} INFO - [2023-07-01T00:11:14.741+0000] {dagbag.py:532} INFO - Filling up the DagBag from /home/airflow/.local/lib/python3.7/site-packages/airflow/example_dags/example_params_ui_tutorial.py
[2023-07-01T00:11:14.783+0000] {processor.py:753} INFO - DAG(s) dict_keys(['example_params_ui_tutorial']) retrieved from /home/airflow/.local/lib/python3.7/site-packages/airflow/example_dags/example_params_ui_tutorial.py
[2023-07-01T00:11:14.829+0000] {logging_mixin.py:137} INFO - [2023-07-01T00:11:14.828+0000] {dag.py:2705} INFO - Sync 1 DAGs
[2023-07-01T00:11:14.847+0000] {logging_mixin.py:137} INFO - [2023-07-01T00:11:14.847+0000] {dag.py:3456} INFO - Setting next_dagrun for example_params_ui_tutorial to None, run_after=None
[2023-07-01T00:11:14.861+0000] {processor.py:175} INFO - Processing /home/airflow/.local/lib/python3.7/site-packages/airflow/example_dags/example_params_ui_tutorial.py took 0.128 seconds
[2023-07-01T00:11:45.499+0000] {processor.py:153} INFO - Started process (PID=52707) to work on /home/airflow/.local/lib/python3.7/site-packages/airflow/example_dags/example_params_ui_tutorial.py
[2023-07-01T00:11:45.500+0000] {processor.py:743} INFO - Processing file /home/airflow/.local/lib/python3.7/site-packages/airflow/example_dags/example_params_ui_tutorial.py for tasks to queue
[2023-07-01T00:11:45.501+0000] {logging_mixin.py:137} INFO - [2023-07-01T00:11:45.501+0000] {dagbag.py:532} INFO - Filling up the DagBag from /home/airflow/.local/lib/python3.7/site-packages/airflow/example_dags/example_params_ui_tutorial.py
[2023-07-01T00:11:45.534+0000] {processor.py:753} INFO - DAG(s) dict_keys(['example_params_ui_tutorial']) retrieved from /home/airflow/.local/lib/python3.7/site-packages/airflow/example_dags/example_params_ui_tutorial.py
[2023-07-01T00:11:45.575+0000] {logging_mixin.py:137} INFO - [2023-07-01T00:11:45.574+0000] {dag.py:2705} INFO - Sync 1 DAGs
[2023-07-01T00:11:45.594+0000] {logging_mixin.py:137} INFO - [2023-07-01T00:11:45.593+0000] {dag.py:3456} INFO - Setting next_dagrun for example_params_ui_tutorial to None, run_after=None
[2023-07-01T00:11:45.605+0000] {processor.py:175} INFO - Processing /home/airflow/.local/lib/python3.7/site-packages/airflow/example_dags/example_params_ui_tutorial.py took 0.109 seconds
[2023-07-01T00:12:16.217+0000] {processor.py:153} INFO - Started process (PID=52764) to work on /home/airflow/.local/lib/python3.7/site-packages/airflow/example_dags/example_params_ui_tutorial.py
[2023-07-01T00:12:16.218+0000] {processor.py:743} INFO - Processing file /home/airflow/.local/lib/python3.7/site-packages/airflow/example_dags/example_params_ui_tutorial.py for tasks to queue
[2023-07-01T00:12:16.218+0000] {logging_mixin.py:137} INFO - [2023-07-01T00:12:16.218+0000] {dagbag.py:532} INFO - Filling up the DagBag from /home/airflow/.local/lib/python3.7/site-packages/airflow/example_dags/example_params_ui_tutorial.py
[2023-07-01T00:12:16.263+0000] {processor.py:753} INFO - DAG(s) dict_keys(['example_params_ui_tutorial']) retrieved from /home/airflow/.local/lib/python3.7/site-packages/airflow/example_dags/example_params_ui_tutorial.py
[2023-07-01T00:12:16.305+0000] {logging_mixin.py:137} INFO - [2023-07-01T00:12:16.305+0000] {dag.py:2705} INFO - Sync 1 DAGs
[2023-07-01T00:12:16.322+0000] {logging_mixin.py:137} INFO - [2023-07-01T00:12:16.322+0000] {dag.py:3456} INFO - Setting next_dagrun for example_params_ui_tutorial to None, run_after=None
[2023-07-01T00:12:16.338+0000] {processor.py:175} INFO - Processing /home/airflow/.local/lib/python3.7/site-packages/airflow/example_dags/example_params_ui_tutorial.py took 0.124 seconds
[2023-07-01T00:12:46.827+0000] {processor.py:153} INFO - Started process (PID=52821) to work on /home/airflow/.local/lib/python3.7/site-packages/airflow/example_dags/example_params_ui_tutorial.py
[2023-07-01T00:12:46.828+0000] {processor.py:743} INFO - Processing file /home/airflow/.local/lib/python3.7/site-packages/airflow/example_dags/example_params_ui_tutorial.py for tasks to queue
[2023-07-01T00:12:46.829+0000] {logging_mixin.py:137} INFO - [2023-07-01T00:12:46.829+0000] {dagbag.py:532} INFO - Filling up the DagBag from /home/airflow/.local/lib/python3.7/site-packages/airflow/example_dags/example_params_ui_tutorial.py
[2023-07-01T00:12:46.869+0000] {processor.py:753} INFO - DAG(s) dict_keys(['example_params_ui_tutorial']) retrieved from /home/airflow/.local/lib/python3.7/site-packages/airflow/example_dags/example_params_ui_tutorial.py
[2023-07-01T00:12:46.912+0000] {logging_mixin.py:137} INFO - [2023-07-01T00:12:46.911+0000] {dag.py:2705} INFO - Sync 1 DAGs
[2023-07-01T00:12:46.930+0000] {logging_mixin.py:137} INFO - [2023-07-01T00:12:46.930+0000] {dag.py:3456} INFO - Setting next_dagrun for example_params_ui_tutorial to None, run_after=None
[2023-07-01T00:12:46.943+0000] {processor.py:175} INFO - Processing /home/airflow/.local/lib/python3.7/site-packages/airflow/example_dags/example_params_ui_tutorial.py took 0.119 seconds
[2023-07-01T00:13:17.801+0000] {processor.py:153} INFO - Started process (PID=52878) to work on /home/airflow/.local/lib/python3.7/site-packages/airflow/example_dags/example_params_ui_tutorial.py
[2023-07-01T00:13:17.802+0000] {processor.py:743} INFO - Processing file /home/airflow/.local/lib/python3.7/site-packages/airflow/example_dags/example_params_ui_tutorial.py for tasks to queue
[2023-07-01T00:13:17.803+0000] {logging_mixin.py:137} INFO - [2023-07-01T00:13:17.803+0000] {dagbag.py:532} INFO - Filling up the DagBag from /home/airflow/.local/lib/python3.7/site-packages/airflow/example_dags/example_params_ui_tutorial.py
[2023-07-01T00:13:17.851+0000] {processor.py:753} INFO - DAG(s) dict_keys(['example_params_ui_tutorial']) retrieved from /home/airflow/.local/lib/python3.7/site-packages/airflow/example_dags/example_params_ui_tutorial.py
[2023-07-01T00:13:17.911+0000] {logging_mixin.py:137} INFO - [2023-07-01T00:13:17.911+0000] {dag.py:2705} INFO - Sync 1 DAGs
[2023-07-01T00:13:17.930+0000] {logging_mixin.py:137} INFO - [2023-07-01T00:13:17.930+0000] {dag.py:3456} INFO - Setting next_dagrun for example_params_ui_tutorial to None, run_after=None
[2023-07-01T00:13:17.942+0000] {processor.py:175} INFO - Processing /home/airflow/.local/lib/python3.7/site-packages/airflow/example_dags/example_params_ui_tutorial.py took 0.145 seconds
[2023-07-01T00:13:48.927+0000] {processor.py:153} INFO - Started process (PID=52935) to work on /home/airflow/.local/lib/python3.7/site-packages/airflow/example_dags/example_params_ui_tutorial.py
[2023-07-01T00:13:48.929+0000] {processor.py:743} INFO - Processing file /home/airflow/.local/lib/python3.7/site-packages/airflow/example_dags/example_params_ui_tutorial.py for tasks to queue
[2023-07-01T00:13:48.930+0000] {logging_mixin.py:137} INFO - [2023-07-01T00:13:48.930+0000] {dagbag.py:532} INFO - Filling up the DagBag from /home/airflow/.local/lib/python3.7/site-packages/airflow/example_dags/example_params_ui_tutorial.py
[2023-07-01T00:13:48.981+0000] {processor.py:753} INFO - DAG(s) dict_keys(['example_params_ui_tutorial']) retrieved from /home/airflow/.local/lib/python3.7/site-packages/airflow/example_dags/example_params_ui_tutorial.py
[2023-07-01T00:13:49.035+0000] {logging_mixin.py:137} INFO - [2023-07-01T00:13:49.035+0000] {dag.py:2705} INFO - Sync 1 DAGs
[2023-07-01T00:13:49.055+0000] {logging_mixin.py:137} INFO - [2023-07-01T00:13:49.055+0000] {dag.py:3456} INFO - Setting next_dagrun for example_params_ui_tutorial to None, run_after=None
[2023-07-01T00:13:49.069+0000] {processor.py:175} INFO - Processing /home/airflow/.local/lib/python3.7/site-packages/airflow/example_dags/example_params_ui_tutorial.py took 0.146 seconds
[2023-07-01T00:14:19.130+0000] {processor.py:153} INFO - Started process (PID=52991) to work on /home/airflow/.local/lib/python3.7/site-packages/airflow/example_dags/example_params_ui_tutorial.py
[2023-07-01T00:14:19.132+0000] {processor.py:743} INFO - Processing file /home/airflow/.local/lib/python3.7/site-packages/airflow/example_dags/example_params_ui_tutorial.py for tasks to queue
[2023-07-01T00:14:19.134+0000] {logging_mixin.py:137} INFO - [2023-07-01T00:14:19.134+0000] {dagbag.py:532} INFO - Filling up the DagBag from /home/airflow/.local/lib/python3.7/site-packages/airflow/example_dags/example_params_ui_tutorial.py
[2023-07-01T00:14:19.182+0000] {processor.py:753} INFO - DAG(s) dict_keys(['example_params_ui_tutorial']) retrieved from /home/airflow/.local/lib/python3.7/site-packages/airflow/example_dags/example_params_ui_tutorial.py
[2023-07-01T00:14:19.216+0000] {logging_mixin.py:137} INFO - [2023-07-01T00:14:19.216+0000] {dag.py:2705} INFO - Sync 1 DAGs
[2023-07-01T00:14:19.234+0000] {logging_mixin.py:137} INFO - [2023-07-01T00:14:19.234+0000] {dag.py:3456} INFO - Setting next_dagrun for example_params_ui_tutorial to None, run_after=None
[2023-07-01T00:14:19.245+0000] {processor.py:175} INFO - Processing /home/airflow/.local/lib/python3.7/site-packages/airflow/example_dags/example_params_ui_tutorial.py took 0.121 seconds
[2023-07-01T00:14:49.385+0000] {processor.py:153} INFO - Started process (PID=53048) to work on /home/airflow/.local/lib/python3.7/site-packages/airflow/example_dags/example_params_ui_tutorial.py
[2023-07-01T00:14:49.387+0000] {processor.py:743} INFO - Processing file /home/airflow/.local/lib/python3.7/site-packages/airflow/example_dags/example_params_ui_tutorial.py for tasks to queue
[2023-07-01T00:14:49.389+0000] {logging_mixin.py:137} INFO - [2023-07-01T00:14:49.389+0000] {dagbag.py:532} INFO - Filling up the DagBag from /home/airflow/.local/lib/python3.7/site-packages/airflow/example_dags/example_params_ui_tutorial.py
[2023-07-01T00:14:49.442+0000] {processor.py:753} INFO - DAG(s) dict_keys(['example_params_ui_tutorial']) retrieved from /home/airflow/.local/lib/python3.7/site-packages/airflow/example_dags/example_params_ui_tutorial.py
[2023-07-01T00:14:49.481+0000] {logging_mixin.py:137} INFO - [2023-07-01T00:14:49.481+0000] {dag.py:2705} INFO - Sync 1 DAGs
[2023-07-01T00:14:49.497+0000] {logging_mixin.py:137} INFO - [2023-07-01T00:14:49.497+0000] {dag.py:3456} INFO - Setting next_dagrun for example_params_ui_tutorial to None, run_after=None
[2023-07-01T00:14:49.507+0000] {processor.py:175} INFO - Processing /home/airflow/.local/lib/python3.7/site-packages/airflow/example_dags/example_params_ui_tutorial.py took 0.129 seconds
[2023-07-01T00:15:19.779+0000] {processor.py:153} INFO - Started process (PID=53105) to work on /home/airflow/.local/lib/python3.7/site-packages/airflow/example_dags/example_params_ui_tutorial.py
[2023-07-01T00:15:19.781+0000] {processor.py:743} INFO - Processing file /home/airflow/.local/lib/python3.7/site-packages/airflow/example_dags/example_params_ui_tutorial.py for tasks to queue
[2023-07-01T00:15:19.782+0000] {logging_mixin.py:137} INFO - [2023-07-01T00:15:19.782+0000] {dagbag.py:532} INFO - Filling up the DagBag from /home/airflow/.local/lib/python3.7/site-packages/airflow/example_dags/example_params_ui_tutorial.py
[2023-07-01T00:15:19.828+0000] {processor.py:753} INFO - DAG(s) dict_keys(['example_params_ui_tutorial']) retrieved from /home/airflow/.local/lib/python3.7/site-packages/airflow/example_dags/example_params_ui_tutorial.py
[2023-07-01T00:15:19.863+0000] {logging_mixin.py:137} INFO - [2023-07-01T00:15:19.863+0000] {dag.py:2705} INFO - Sync 1 DAGs
[2023-07-01T00:15:19.878+0000] {logging_mixin.py:137} INFO - [2023-07-01T00:15:19.878+0000] {dag.py:3456} INFO - Setting next_dagrun for example_params_ui_tutorial to None, run_after=None
[2023-07-01T00:15:19.887+0000] {processor.py:175} INFO - Processing /home/airflow/.local/lib/python3.7/site-packages/airflow/example_dags/example_params_ui_tutorial.py took 0.117 seconds
[2023-07-01T00:15:49.993+0000] {processor.py:153} INFO - Started process (PID=53163) to work on /home/airflow/.local/lib/python3.7/site-packages/airflow/example_dags/example_params_ui_tutorial.py
[2023-07-01T00:15:49.994+0000] {processor.py:743} INFO - Processing file /home/airflow/.local/lib/python3.7/site-packages/airflow/example_dags/example_params_ui_tutorial.py for tasks to queue
[2023-07-01T00:15:49.995+0000] {logging_mixin.py:137} INFO - [2023-07-01T00:15:49.995+0000] {dagbag.py:532} INFO - Filling up the DagBag from /home/airflow/.local/lib/python3.7/site-packages/airflow/example_dags/example_params_ui_tutorial.py
[2023-07-01T00:15:50.032+0000] {processor.py:753} INFO - DAG(s) dict_keys(['example_params_ui_tutorial']) retrieved from /home/airflow/.local/lib/python3.7/site-packages/airflow/example_dags/example_params_ui_tutorial.py
[2023-07-01T00:15:50.063+0000] {logging_mixin.py:137} INFO - [2023-07-01T00:15:50.063+0000] {dag.py:2705} INFO - Sync 1 DAGs
[2023-07-01T00:15:50.077+0000] {logging_mixin.py:137} INFO - [2023-07-01T00:15:50.076+0000] {dag.py:3456} INFO - Setting next_dagrun for example_params_ui_tutorial to None, run_after=None
[2023-07-01T00:15:50.086+0000] {processor.py:175} INFO - Processing /home/airflow/.local/lib/python3.7/site-packages/airflow/example_dags/example_params_ui_tutorial.py took 0.098 seconds
[2023-07-01T00:16:20.120+0000] {processor.py:153} INFO - Started process (PID=53218) to work on /home/airflow/.local/lib/python3.7/site-packages/airflow/example_dags/example_params_ui_tutorial.py
[2023-07-01T00:16:20.120+0000] {processor.py:743} INFO - Processing file /home/airflow/.local/lib/python3.7/site-packages/airflow/example_dags/example_params_ui_tutorial.py for tasks to queue
[2023-07-01T00:16:20.121+0000] {logging_mixin.py:137} INFO - [2023-07-01T00:16:20.121+0000] {dagbag.py:532} INFO - Filling up the DagBag from /home/airflow/.local/lib/python3.7/site-packages/airflow/example_dags/example_params_ui_tutorial.py
[2023-07-01T00:16:20.158+0000] {processor.py:753} INFO - DAG(s) dict_keys(['example_params_ui_tutorial']) retrieved from /home/airflow/.local/lib/python3.7/site-packages/airflow/example_dags/example_params_ui_tutorial.py
[2023-07-01T00:16:20.192+0000] {logging_mixin.py:137} INFO - [2023-07-01T00:16:20.192+0000] {dag.py:2705} INFO - Sync 1 DAGs
[2023-07-01T00:16:20.211+0000] {logging_mixin.py:137} INFO - [2023-07-01T00:16:20.211+0000] {dag.py:3456} INFO - Setting next_dagrun for example_params_ui_tutorial to None, run_after=None
[2023-07-01T00:16:20.223+0000] {processor.py:175} INFO - Processing /home/airflow/.local/lib/python3.7/site-packages/airflow/example_dags/example_params_ui_tutorial.py took 0.106 seconds
[2023-07-01T00:16:50.644+0000] {processor.py:153} INFO - Started process (PID=53275) to work on /home/airflow/.local/lib/python3.7/site-packages/airflow/example_dags/example_params_ui_tutorial.py
[2023-07-01T00:16:50.647+0000] {processor.py:743} INFO - Processing file /home/airflow/.local/lib/python3.7/site-packages/airflow/example_dags/example_params_ui_tutorial.py for tasks to queue
[2023-07-01T00:16:50.648+0000] {logging_mixin.py:137} INFO - [2023-07-01T00:16:50.647+0000] {dagbag.py:532} INFO - Filling up the DagBag from /home/airflow/.local/lib/python3.7/site-packages/airflow/example_dags/example_params_ui_tutorial.py
[2023-07-01T00:16:50.684+0000] {processor.py:753} INFO - DAG(s) dict_keys(['example_params_ui_tutorial']) retrieved from /home/airflow/.local/lib/python3.7/site-packages/airflow/example_dags/example_params_ui_tutorial.py
[2023-07-01T00:16:50.729+0000] {logging_mixin.py:137} INFO - [2023-07-01T00:16:50.729+0000] {dag.py:2705} INFO - Sync 1 DAGs
[2023-07-01T00:16:50.750+0000] {logging_mixin.py:137} INFO - [2023-07-01T00:16:50.750+0000] {dag.py:3456} INFO - Setting next_dagrun for example_params_ui_tutorial to None, run_after=None
[2023-07-01T00:16:50.772+0000] {processor.py:175} INFO - Processing /home/airflow/.local/lib/python3.7/site-packages/airflow/example_dags/example_params_ui_tutorial.py took 0.130 seconds
[2023-07-01T00:17:20.864+0000] {processor.py:153} INFO - Started process (PID=53333) to work on /home/airflow/.local/lib/python3.7/site-packages/airflow/example_dags/example_params_ui_tutorial.py
[2023-07-01T00:17:20.865+0000] {processor.py:743} INFO - Processing file /home/airflow/.local/lib/python3.7/site-packages/airflow/example_dags/example_params_ui_tutorial.py for tasks to queue
[2023-07-01T00:17:20.866+0000] {logging_mixin.py:137} INFO - [2023-07-01T00:17:20.866+0000] {dagbag.py:532} INFO - Filling up the DagBag from /home/airflow/.local/lib/python3.7/site-packages/airflow/example_dags/example_params_ui_tutorial.py
[2023-07-01T00:17:20.904+0000] {processor.py:753} INFO - DAG(s) dict_keys(['example_params_ui_tutorial']) retrieved from /home/airflow/.local/lib/python3.7/site-packages/airflow/example_dags/example_params_ui_tutorial.py
[2023-07-01T00:17:20.944+0000] {logging_mixin.py:137} INFO - [2023-07-01T00:17:20.944+0000] {dag.py:2705} INFO - Sync 1 DAGs
[2023-07-01T00:17:20.958+0000] {logging_mixin.py:137} INFO - [2023-07-01T00:17:20.958+0000] {dag.py:3456} INFO - Setting next_dagrun for example_params_ui_tutorial to None, run_after=None
[2023-07-01T00:17:20.968+0000] {processor.py:175} INFO - Processing /home/airflow/.local/lib/python3.7/site-packages/airflow/example_dags/example_params_ui_tutorial.py took 0.106 seconds
[2023-07-01T00:17:51.438+0000] {processor.py:153} INFO - Started process (PID=53389) to work on /home/airflow/.local/lib/python3.7/site-packages/airflow/example_dags/example_params_ui_tutorial.py
[2023-07-01T00:17:51.440+0000] {processor.py:743} INFO - Processing file /home/airflow/.local/lib/python3.7/site-packages/airflow/example_dags/example_params_ui_tutorial.py for tasks to queue
[2023-07-01T00:17:51.441+0000] {logging_mixin.py:137} INFO - [2023-07-01T00:17:51.441+0000] {dagbag.py:532} INFO - Filling up the DagBag from /home/airflow/.local/lib/python3.7/site-packages/airflow/example_dags/example_params_ui_tutorial.py
[2023-07-01T00:17:51.494+0000] {processor.py:753} INFO - DAG(s) dict_keys(['example_params_ui_tutorial']) retrieved from /home/airflow/.local/lib/python3.7/site-packages/airflow/example_dags/example_params_ui_tutorial.py
[2023-07-01T00:17:51.533+0000] {logging_mixin.py:137} INFO - [2023-07-01T00:17:51.533+0000] {dag.py:2705} INFO - Sync 1 DAGs
[2023-07-01T00:17:51.550+0000] {logging_mixin.py:137} INFO - [2023-07-01T00:17:51.550+0000] {dag.py:3456} INFO - Setting next_dagrun for example_params_ui_tutorial to None, run_after=None
[2023-07-01T00:17:51.563+0000] {processor.py:175} INFO - Processing /home/airflow/.local/lib/python3.7/site-packages/airflow/example_dags/example_params_ui_tutorial.py took 0.129 seconds
[2023-07-01T00:18:22.203+0000] {processor.py:153} INFO - Started process (PID=53446) to work on /home/airflow/.local/lib/python3.7/site-packages/airflow/example_dags/example_params_ui_tutorial.py
[2023-07-01T00:18:22.206+0000] {processor.py:743} INFO - Processing file /home/airflow/.local/lib/python3.7/site-packages/airflow/example_dags/example_params_ui_tutorial.py for tasks to queue
[2023-07-01T00:18:22.207+0000] {logging_mixin.py:137} INFO - [2023-07-01T00:18:22.207+0000] {dagbag.py:532} INFO - Filling up the DagBag from /home/airflow/.local/lib/python3.7/site-packages/airflow/example_dags/example_params_ui_tutorial.py
[2023-07-01T00:18:22.261+0000] {processor.py:753} INFO - DAG(s) dict_keys(['example_params_ui_tutorial']) retrieved from /home/airflow/.local/lib/python3.7/site-packages/airflow/example_dags/example_params_ui_tutorial.py
[2023-07-01T00:18:22.301+0000] {logging_mixin.py:137} INFO - [2023-07-01T00:18:22.301+0000] {dag.py:2705} INFO - Sync 1 DAGs
[2023-07-01T00:18:22.317+0000] {logging_mixin.py:137} INFO - [2023-07-01T00:18:22.317+0000] {dag.py:3456} INFO - Setting next_dagrun for example_params_ui_tutorial to None, run_after=None
[2023-07-01T00:18:22.326+0000] {processor.py:175} INFO - Processing /home/airflow/.local/lib/python3.7/site-packages/airflow/example_dags/example_params_ui_tutorial.py took 0.130 seconds
[2023-07-01T00:18:52.423+0000] {processor.py:153} INFO - Started process (PID=53504) to work on /home/airflow/.local/lib/python3.7/site-packages/airflow/example_dags/example_params_ui_tutorial.py
[2023-07-01T00:18:52.425+0000] {processor.py:743} INFO - Processing file /home/airflow/.local/lib/python3.7/site-packages/airflow/example_dags/example_params_ui_tutorial.py for tasks to queue
[2023-07-01T00:18:52.426+0000] {logging_mixin.py:137} INFO - [2023-07-01T00:18:52.426+0000] {dagbag.py:532} INFO - Filling up the DagBag from /home/airflow/.local/lib/python3.7/site-packages/airflow/example_dags/example_params_ui_tutorial.py
[2023-07-01T00:18:52.470+0000] {processor.py:753} INFO - DAG(s) dict_keys(['example_params_ui_tutorial']) retrieved from /home/airflow/.local/lib/python3.7/site-packages/airflow/example_dags/example_params_ui_tutorial.py
[2023-07-01T00:18:52.505+0000] {logging_mixin.py:137} INFO - [2023-07-01T00:18:52.505+0000] {dag.py:2705} INFO - Sync 1 DAGs
[2023-07-01T00:18:52.519+0000] {logging_mixin.py:137} INFO - [2023-07-01T00:18:52.519+0000] {dag.py:3456} INFO - Setting next_dagrun for example_params_ui_tutorial to None, run_after=None
[2023-07-01T00:18:52.529+0000] {processor.py:175} INFO - Processing /home/airflow/.local/lib/python3.7/site-packages/airflow/example_dags/example_params_ui_tutorial.py took 0.109 seconds
[2023-07-01T00:19:22.608+0000] {processor.py:153} INFO - Started process (PID=53563) to work on /home/airflow/.local/lib/python3.7/site-packages/airflow/example_dags/example_params_ui_tutorial.py
[2023-07-01T00:19:22.609+0000] {processor.py:743} INFO - Processing file /home/airflow/.local/lib/python3.7/site-packages/airflow/example_dags/example_params_ui_tutorial.py for tasks to queue
[2023-07-01T00:19:22.610+0000] {logging_mixin.py:137} INFO - [2023-07-01T00:19:22.610+0000] {dagbag.py:532} INFO - Filling up the DagBag from /home/airflow/.local/lib/python3.7/site-packages/airflow/example_dags/example_params_ui_tutorial.py
[2023-07-01T00:19:22.653+0000] {processor.py:753} INFO - DAG(s) dict_keys(['example_params_ui_tutorial']) retrieved from /home/airflow/.local/lib/python3.7/site-packages/airflow/example_dags/example_params_ui_tutorial.py
[2023-07-01T00:19:22.695+0000] {logging_mixin.py:137} INFO - [2023-07-01T00:19:22.695+0000] {dag.py:2705} INFO - Sync 1 DAGs
[2023-07-01T00:19:22.715+0000] {logging_mixin.py:137} INFO - [2023-07-01T00:19:22.715+0000] {dag.py:3456} INFO - Setting next_dagrun for example_params_ui_tutorial to None, run_after=None
[2023-07-01T00:19:22.739+0000] {processor.py:175} INFO - Processing /home/airflow/.local/lib/python3.7/site-packages/airflow/example_dags/example_params_ui_tutorial.py took 0.135 seconds
[2023-07-01T00:19:52.958+0000] {processor.py:153} INFO - Started process (PID=53618) to work on /home/airflow/.local/lib/python3.7/site-packages/airflow/example_dags/example_params_ui_tutorial.py
[2023-07-01T00:19:52.960+0000] {processor.py:743} INFO - Processing file /home/airflow/.local/lib/python3.7/site-packages/airflow/example_dags/example_params_ui_tutorial.py for tasks to queue
[2023-07-01T00:19:52.961+0000] {logging_mixin.py:137} INFO - [2023-07-01T00:19:52.961+0000] {dagbag.py:532} INFO - Filling up the DagBag from /home/airflow/.local/lib/python3.7/site-packages/airflow/example_dags/example_params_ui_tutorial.py
[2023-07-01T00:19:53.065+0000] {processor.py:753} INFO - DAG(s) dict_keys(['example_params_ui_tutorial']) retrieved from /home/airflow/.local/lib/python3.7/site-packages/airflow/example_dags/example_params_ui_tutorial.py
[2023-07-01T00:19:53.124+0000] {logging_mixin.py:137} INFO - [2023-07-01T00:19:53.124+0000] {dag.py:2705} INFO - Sync 1 DAGs
[2023-07-01T00:19:53.143+0000] {logging_mixin.py:137} INFO - [2023-07-01T00:19:53.143+0000] {dag.py:3456} INFO - Setting next_dagrun for example_params_ui_tutorial to None, run_after=None
[2023-07-01T00:19:53.161+0000] {processor.py:175} INFO - Processing /home/airflow/.local/lib/python3.7/site-packages/airflow/example_dags/example_params_ui_tutorial.py took 0.208 seconds
[2023-07-01T00:20:23.266+0000] {processor.py:153} INFO - Started process (PID=53675) to work on /home/airflow/.local/lib/python3.7/site-packages/airflow/example_dags/example_params_ui_tutorial.py
[2023-07-01T00:20:23.267+0000] {processor.py:743} INFO - Processing file /home/airflow/.local/lib/python3.7/site-packages/airflow/example_dags/example_params_ui_tutorial.py for tasks to queue
[2023-07-01T00:20:23.269+0000] {logging_mixin.py:137} INFO - [2023-07-01T00:20:23.269+0000] {dagbag.py:532} INFO - Filling up the DagBag from /home/airflow/.local/lib/python3.7/site-packages/airflow/example_dags/example_params_ui_tutorial.py
[2023-07-01T00:20:23.313+0000] {processor.py:753} INFO - DAG(s) dict_keys(['example_params_ui_tutorial']) retrieved from /home/airflow/.local/lib/python3.7/site-packages/airflow/example_dags/example_params_ui_tutorial.py
[2023-07-01T00:20:23.354+0000] {logging_mixin.py:137} INFO - [2023-07-01T00:20:23.354+0000] {dag.py:2705} INFO - Sync 1 DAGs
[2023-07-01T00:20:23.373+0000] {logging_mixin.py:137} INFO - [2023-07-01T00:20:23.373+0000] {dag.py:3456} INFO - Setting next_dagrun for example_params_ui_tutorial to None, run_after=None
[2023-07-01T00:20:23.384+0000] {processor.py:175} INFO - Processing /home/airflow/.local/lib/python3.7/site-packages/airflow/example_dags/example_params_ui_tutorial.py took 0.123 seconds
[2023-07-01T00:20:53.527+0000] {processor.py:153} INFO - Started process (PID=53733) to work on /home/airflow/.local/lib/python3.7/site-packages/airflow/example_dags/example_params_ui_tutorial.py
[2023-07-01T00:20:53.529+0000] {processor.py:743} INFO - Processing file /home/airflow/.local/lib/python3.7/site-packages/airflow/example_dags/example_params_ui_tutorial.py for tasks to queue
[2023-07-01T00:20:53.530+0000] {logging_mixin.py:137} INFO - [2023-07-01T00:20:53.530+0000] {dagbag.py:532} INFO - Filling up the DagBag from /home/airflow/.local/lib/python3.7/site-packages/airflow/example_dags/example_params_ui_tutorial.py
[2023-07-01T00:20:53.575+0000] {processor.py:753} INFO - DAG(s) dict_keys(['example_params_ui_tutorial']) retrieved from /home/airflow/.local/lib/python3.7/site-packages/airflow/example_dags/example_params_ui_tutorial.py
[2023-07-01T00:20:53.625+0000] {logging_mixin.py:137} INFO - [2023-07-01T00:20:53.625+0000] {dag.py:2705} INFO - Sync 1 DAGs
[2023-07-01T00:20:53.642+0000] {logging_mixin.py:137} INFO - [2023-07-01T00:20:53.642+0000] {dag.py:3456} INFO - Setting next_dagrun for example_params_ui_tutorial to None, run_after=None
[2023-07-01T00:20:53.653+0000] {processor.py:175} INFO - Processing /home/airflow/.local/lib/python3.7/site-packages/airflow/example_dags/example_params_ui_tutorial.py took 0.132 seconds
[2023-07-01T00:21:23.705+0000] {processor.py:153} INFO - Started process (PID=53791) to work on /home/airflow/.local/lib/python3.7/site-packages/airflow/example_dags/example_params_ui_tutorial.py
[2023-07-01T00:21:23.706+0000] {processor.py:743} INFO - Processing file /home/airflow/.local/lib/python3.7/site-packages/airflow/example_dags/example_params_ui_tutorial.py for tasks to queue
[2023-07-01T00:21:23.707+0000] {logging_mixin.py:137} INFO - [2023-07-01T00:21:23.707+0000] {dagbag.py:532} INFO - Filling up the DagBag from /home/airflow/.local/lib/python3.7/site-packages/airflow/example_dags/example_params_ui_tutorial.py
[2023-07-01T00:21:23.745+0000] {processor.py:753} INFO - DAG(s) dict_keys(['example_params_ui_tutorial']) retrieved from /home/airflow/.local/lib/python3.7/site-packages/airflow/example_dags/example_params_ui_tutorial.py
[2023-07-01T00:21:23.791+0000] {logging_mixin.py:137} INFO - [2023-07-01T00:21:23.790+0000] {dag.py:2705} INFO - Sync 1 DAGs
[2023-07-01T00:21:23.806+0000] {logging_mixin.py:137} INFO - [2023-07-01T00:21:23.806+0000] {dag.py:3456} INFO - Setting next_dagrun for example_params_ui_tutorial to None, run_after=None
[2023-07-01T00:21:23.816+0000] {processor.py:175} INFO - Processing /home/airflow/.local/lib/python3.7/site-packages/airflow/example_dags/example_params_ui_tutorial.py took 0.114 seconds
[2023-07-01T00:21:54.406+0000] {processor.py:153} INFO - Started process (PID=53848) to work on /home/airflow/.local/lib/python3.7/site-packages/airflow/example_dags/example_params_ui_tutorial.py
[2023-07-01T00:21:54.408+0000] {processor.py:743} INFO - Processing file /home/airflow/.local/lib/python3.7/site-packages/airflow/example_dags/example_params_ui_tutorial.py for tasks to queue
[2023-07-01T00:21:54.409+0000] {logging_mixin.py:137} INFO - [2023-07-01T00:21:54.409+0000] {dagbag.py:532} INFO - Filling up the DagBag from /home/airflow/.local/lib/python3.7/site-packages/airflow/example_dags/example_params_ui_tutorial.py
[2023-07-01T00:21:54.452+0000] {processor.py:753} INFO - DAG(s) dict_keys(['example_params_ui_tutorial']) retrieved from /home/airflow/.local/lib/python3.7/site-packages/airflow/example_dags/example_params_ui_tutorial.py
[2023-07-01T00:21:54.487+0000] {logging_mixin.py:137} INFO - [2023-07-01T00:21:54.487+0000] {dag.py:2705} INFO - Sync 1 DAGs
[2023-07-01T00:21:54.501+0000] {logging_mixin.py:137} INFO - [2023-07-01T00:21:54.501+0000] {dag.py:3456} INFO - Setting next_dagrun for example_params_ui_tutorial to None, run_after=None
[2023-07-01T00:21:54.513+0000] {processor.py:175} INFO - Processing /home/airflow/.local/lib/python3.7/site-packages/airflow/example_dags/example_params_ui_tutorial.py took 0.114 seconds
[2023-07-01T00:22:25.277+0000] {processor.py:153} INFO - Started process (PID=53905) to work on /home/airflow/.local/lib/python3.7/site-packages/airflow/example_dags/example_params_ui_tutorial.py
[2023-07-01T00:22:25.279+0000] {processor.py:743} INFO - Processing file /home/airflow/.local/lib/python3.7/site-packages/airflow/example_dags/example_params_ui_tutorial.py for tasks to queue
[2023-07-01T00:22:25.280+0000] {logging_mixin.py:137} INFO - [2023-07-01T00:22:25.279+0000] {dagbag.py:532} INFO - Filling up the DagBag from /home/airflow/.local/lib/python3.7/site-packages/airflow/example_dags/example_params_ui_tutorial.py
[2023-07-01T00:22:25.325+0000] {processor.py:753} INFO - DAG(s) dict_keys(['example_params_ui_tutorial']) retrieved from /home/airflow/.local/lib/python3.7/site-packages/airflow/example_dags/example_params_ui_tutorial.py
[2023-07-01T00:22:25.365+0000] {logging_mixin.py:137} INFO - [2023-07-01T00:22:25.365+0000] {dag.py:2705} INFO - Sync 1 DAGs
[2023-07-01T00:22:25.393+0000] {logging_mixin.py:137} INFO - [2023-07-01T00:22:25.393+0000] {dag.py:3456} INFO - Setting next_dagrun for example_params_ui_tutorial to None, run_after=None
[2023-07-01T00:22:25.403+0000] {processor.py:175} INFO - Processing /home/airflow/.local/lib/python3.7/site-packages/airflow/example_dags/example_params_ui_tutorial.py took 0.132 seconds
[2023-07-01T00:22:55.840+0000] {processor.py:153} INFO - Started process (PID=53962) to work on /home/airflow/.local/lib/python3.7/site-packages/airflow/example_dags/example_params_ui_tutorial.py
[2023-07-01T00:22:55.841+0000] {processor.py:743} INFO - Processing file /home/airflow/.local/lib/python3.7/site-packages/airflow/example_dags/example_params_ui_tutorial.py for tasks to queue
[2023-07-01T00:22:55.843+0000] {logging_mixin.py:137} INFO - [2023-07-01T00:22:55.842+0000] {dagbag.py:532} INFO - Filling up the DagBag from /home/airflow/.local/lib/python3.7/site-packages/airflow/example_dags/example_params_ui_tutorial.py
[2023-07-01T00:22:55.887+0000] {processor.py:753} INFO - DAG(s) dict_keys(['example_params_ui_tutorial']) retrieved from /home/airflow/.local/lib/python3.7/site-packages/airflow/example_dags/example_params_ui_tutorial.py
[2023-07-01T00:22:55.923+0000] {logging_mixin.py:137} INFO - [2023-07-01T00:22:55.923+0000] {dag.py:2705} INFO - Sync 1 DAGs
[2023-07-01T00:22:55.939+0000] {logging_mixin.py:137} INFO - [2023-07-01T00:22:55.939+0000] {dag.py:3456} INFO - Setting next_dagrun for example_params_ui_tutorial to None, run_after=None
[2023-07-01T00:22:55.949+0000] {processor.py:175} INFO - Processing /home/airflow/.local/lib/python3.7/site-packages/airflow/example_dags/example_params_ui_tutorial.py took 0.117 seconds
[2023-07-01T00:23:26.525+0000] {processor.py:153} INFO - Started process (PID=54019) to work on /home/airflow/.local/lib/python3.7/site-packages/airflow/example_dags/example_params_ui_tutorial.py
[2023-07-01T00:23:26.527+0000] {processor.py:743} INFO - Processing file /home/airflow/.local/lib/python3.7/site-packages/airflow/example_dags/example_params_ui_tutorial.py for tasks to queue
[2023-07-01T00:23:26.528+0000] {logging_mixin.py:137} INFO - [2023-07-01T00:23:26.528+0000] {dagbag.py:532} INFO - Filling up the DagBag from /home/airflow/.local/lib/python3.7/site-packages/airflow/example_dags/example_params_ui_tutorial.py
[2023-07-01T00:23:26.572+0000] {processor.py:753} INFO - DAG(s) dict_keys(['example_params_ui_tutorial']) retrieved from /home/airflow/.local/lib/python3.7/site-packages/airflow/example_dags/example_params_ui_tutorial.py
[2023-07-01T00:23:26.607+0000] {logging_mixin.py:137} INFO - [2023-07-01T00:23:26.607+0000] {dag.py:2705} INFO - Sync 1 DAGs
[2023-07-01T00:23:26.623+0000] {logging_mixin.py:137} INFO - [2023-07-01T00:23:26.622+0000] {dag.py:3456} INFO - Setting next_dagrun for example_params_ui_tutorial to None, run_after=None
[2023-07-01T00:23:26.635+0000] {processor.py:175} INFO - Processing /home/airflow/.local/lib/python3.7/site-packages/airflow/example_dags/example_params_ui_tutorial.py took 0.115 seconds
[2023-07-01T00:23:57.392+0000] {processor.py:153} INFO - Started process (PID=54076) to work on /home/airflow/.local/lib/python3.7/site-packages/airflow/example_dags/example_params_ui_tutorial.py
[2023-07-01T00:23:57.393+0000] {processor.py:743} INFO - Processing file /home/airflow/.local/lib/python3.7/site-packages/airflow/example_dags/example_params_ui_tutorial.py for tasks to queue
[2023-07-01T00:23:57.393+0000] {logging_mixin.py:137} INFO - [2023-07-01T00:23:57.393+0000] {dagbag.py:532} INFO - Filling up the DagBag from /home/airflow/.local/lib/python3.7/site-packages/airflow/example_dags/example_params_ui_tutorial.py
[2023-07-01T00:23:57.433+0000] {processor.py:753} INFO - DAG(s) dict_keys(['example_params_ui_tutorial']) retrieved from /home/airflow/.local/lib/python3.7/site-packages/airflow/example_dags/example_params_ui_tutorial.py
[2023-07-01T00:23:57.469+0000] {logging_mixin.py:137} INFO - [2023-07-01T00:23:57.469+0000] {dag.py:2705} INFO - Sync 1 DAGs
[2023-07-01T00:23:57.485+0000] {logging_mixin.py:137} INFO - [2023-07-01T00:23:57.485+0000] {dag.py:3456} INFO - Setting next_dagrun for example_params_ui_tutorial to None, run_after=None
[2023-07-01T00:23:57.502+0000] {processor.py:175} INFO - Processing /home/airflow/.local/lib/python3.7/site-packages/airflow/example_dags/example_params_ui_tutorial.py took 0.115 seconds
[2023-07-01T00:24:28.058+0000] {processor.py:153} INFO - Started process (PID=54133) to work on /home/airflow/.local/lib/python3.7/site-packages/airflow/example_dags/example_params_ui_tutorial.py
[2023-07-01T00:24:28.060+0000] {processor.py:743} INFO - Processing file /home/airflow/.local/lib/python3.7/site-packages/airflow/example_dags/example_params_ui_tutorial.py for tasks to queue
[2023-07-01T00:24:28.061+0000] {logging_mixin.py:137} INFO - [2023-07-01T00:24:28.061+0000] {dagbag.py:532} INFO - Filling up the DagBag from /home/airflow/.local/lib/python3.7/site-packages/airflow/example_dags/example_params_ui_tutorial.py
[2023-07-01T00:24:28.107+0000] {processor.py:753} INFO - DAG(s) dict_keys(['example_params_ui_tutorial']) retrieved from /home/airflow/.local/lib/python3.7/site-packages/airflow/example_dags/example_params_ui_tutorial.py
[2023-07-01T00:24:28.142+0000] {logging_mixin.py:137} INFO - [2023-07-01T00:24:28.142+0000] {dag.py:2705} INFO - Sync 1 DAGs
[2023-07-01T00:24:28.159+0000] {logging_mixin.py:137} INFO - [2023-07-01T00:24:28.159+0000] {dag.py:3456} INFO - Setting next_dagrun for example_params_ui_tutorial to None, run_after=None
[2023-07-01T00:24:28.172+0000] {processor.py:175} INFO - Processing /home/airflow/.local/lib/python3.7/site-packages/airflow/example_dags/example_params_ui_tutorial.py took 0.120 seconds
[2023-07-01T00:24:58.884+0000] {processor.py:153} INFO - Started process (PID=54189) to work on /home/airflow/.local/lib/python3.7/site-packages/airflow/example_dags/example_params_ui_tutorial.py
[2023-07-01T00:24:58.886+0000] {processor.py:743} INFO - Processing file /home/airflow/.local/lib/python3.7/site-packages/airflow/example_dags/example_params_ui_tutorial.py for tasks to queue
[2023-07-01T00:24:58.887+0000] {logging_mixin.py:137} INFO - [2023-07-01T00:24:58.887+0000] {dagbag.py:532} INFO - Filling up the DagBag from /home/airflow/.local/lib/python3.7/site-packages/airflow/example_dags/example_params_ui_tutorial.py
[2023-07-01T00:24:58.958+0000] {processor.py:753} INFO - DAG(s) dict_keys(['example_params_ui_tutorial']) retrieved from /home/airflow/.local/lib/python3.7/site-packages/airflow/example_dags/example_params_ui_tutorial.py
[2023-07-01T00:24:59.003+0000] {logging_mixin.py:137} INFO - [2023-07-01T00:24:59.003+0000] {dag.py:2705} INFO - Sync 1 DAGs
[2023-07-01T00:24:59.020+0000] {logging_mixin.py:137} INFO - [2023-07-01T00:24:59.020+0000] {dag.py:3456} INFO - Setting next_dagrun for example_params_ui_tutorial to None, run_after=None
[2023-07-01T00:24:59.031+0000] {processor.py:175} INFO - Processing /home/airflow/.local/lib/python3.7/site-packages/airflow/example_dags/example_params_ui_tutorial.py took 0.157 seconds
[2023-07-01T00:25:29.147+0000] {processor.py:153} INFO - Started process (PID=54246) to work on /home/airflow/.local/lib/python3.7/site-packages/airflow/example_dags/example_params_ui_tutorial.py
[2023-07-01T00:25:29.149+0000] {processor.py:743} INFO - Processing file /home/airflow/.local/lib/python3.7/site-packages/airflow/example_dags/example_params_ui_tutorial.py for tasks to queue
[2023-07-01T00:25:29.150+0000] {logging_mixin.py:137} INFO - [2023-07-01T00:25:29.150+0000] {dagbag.py:532} INFO - Filling up the DagBag from /home/airflow/.local/lib/python3.7/site-packages/airflow/example_dags/example_params_ui_tutorial.py
[2023-07-01T00:25:29.197+0000] {processor.py:753} INFO - DAG(s) dict_keys(['example_params_ui_tutorial']) retrieved from /home/airflow/.local/lib/python3.7/site-packages/airflow/example_dags/example_params_ui_tutorial.py
[2023-07-01T00:25:29.236+0000] {logging_mixin.py:137} INFO - [2023-07-01T00:25:29.236+0000] {dag.py:2705} INFO - Sync 1 DAGs
[2023-07-01T00:25:29.255+0000] {logging_mixin.py:137} INFO - [2023-07-01T00:25:29.255+0000] {dag.py:3456} INFO - Setting next_dagrun for example_params_ui_tutorial to None, run_after=None
[2023-07-01T00:25:29.268+0000] {processor.py:175} INFO - Processing /home/airflow/.local/lib/python3.7/site-packages/airflow/example_dags/example_params_ui_tutorial.py took 0.129 seconds
[2023-07-01T00:25:59.375+0000] {processor.py:153} INFO - Started process (PID=54304) to work on /home/airflow/.local/lib/python3.7/site-packages/airflow/example_dags/example_params_ui_tutorial.py
[2023-07-01T00:25:59.379+0000] {processor.py:743} INFO - Processing file /home/airflow/.local/lib/python3.7/site-packages/airflow/example_dags/example_params_ui_tutorial.py for tasks to queue
[2023-07-01T00:25:59.382+0000] {logging_mixin.py:137} INFO - [2023-07-01T00:25:59.382+0000] {dagbag.py:532} INFO - Filling up the DagBag from /home/airflow/.local/lib/python3.7/site-packages/airflow/example_dags/example_params_ui_tutorial.py
[2023-07-01T00:25:59.450+0000] {processor.py:753} INFO - DAG(s) dict_keys(['example_params_ui_tutorial']) retrieved from /home/airflow/.local/lib/python3.7/site-packages/airflow/example_dags/example_params_ui_tutorial.py
[2023-07-01T00:25:59.496+0000] {logging_mixin.py:137} INFO - [2023-07-01T00:25:59.495+0000] {dag.py:2705} INFO - Sync 1 DAGs
[2023-07-01T00:25:59.510+0000] {logging_mixin.py:137} INFO - [2023-07-01T00:25:59.510+0000] {dag.py:3456} INFO - Setting next_dagrun for example_params_ui_tutorial to None, run_after=None
[2023-07-01T00:25:59.523+0000] {processor.py:175} INFO - Processing /home/airflow/.local/lib/python3.7/site-packages/airflow/example_dags/example_params_ui_tutorial.py took 0.156 seconds
[2023-07-01T00:26:30.315+0000] {processor.py:153} INFO - Started process (PID=54361) to work on /home/airflow/.local/lib/python3.7/site-packages/airflow/example_dags/example_params_ui_tutorial.py
[2023-07-01T00:26:30.317+0000] {processor.py:743} INFO - Processing file /home/airflow/.local/lib/python3.7/site-packages/airflow/example_dags/example_params_ui_tutorial.py for tasks to queue
[2023-07-01T00:26:30.318+0000] {logging_mixin.py:137} INFO - [2023-07-01T00:26:30.318+0000] {dagbag.py:532} INFO - Filling up the DagBag from /home/airflow/.local/lib/python3.7/site-packages/airflow/example_dags/example_params_ui_tutorial.py
[2023-07-01T00:26:30.366+0000] {processor.py:753} INFO - DAG(s) dict_keys(['example_params_ui_tutorial']) retrieved from /home/airflow/.local/lib/python3.7/site-packages/airflow/example_dags/example_params_ui_tutorial.py
[2023-07-01T00:26:30.410+0000] {logging_mixin.py:137} INFO - [2023-07-01T00:26:30.410+0000] {dag.py:2705} INFO - Sync 1 DAGs
[2023-07-01T00:26:30.426+0000] {logging_mixin.py:137} INFO - [2023-07-01T00:26:30.426+0000] {dag.py:3456} INFO - Setting next_dagrun for example_params_ui_tutorial to None, run_after=None
[2023-07-01T00:26:30.439+0000] {processor.py:175} INFO - Processing /home/airflow/.local/lib/python3.7/site-packages/airflow/example_dags/example_params_ui_tutorial.py took 0.129 seconds
[2023-07-01T00:27:01.103+0000] {processor.py:153} INFO - Started process (PID=54418) to work on /home/airflow/.local/lib/python3.7/site-packages/airflow/example_dags/example_params_ui_tutorial.py
[2023-07-01T00:27:01.105+0000] {processor.py:743} INFO - Processing file /home/airflow/.local/lib/python3.7/site-packages/airflow/example_dags/example_params_ui_tutorial.py for tasks to queue
[2023-07-01T00:27:01.106+0000] {logging_mixin.py:137} INFO - [2023-07-01T00:27:01.106+0000] {dagbag.py:532} INFO - Filling up the DagBag from /home/airflow/.local/lib/python3.7/site-packages/airflow/example_dags/example_params_ui_tutorial.py
[2023-07-01T00:27:01.149+0000] {processor.py:753} INFO - DAG(s) dict_keys(['example_params_ui_tutorial']) retrieved from /home/airflow/.local/lib/python3.7/site-packages/airflow/example_dags/example_params_ui_tutorial.py
[2023-07-01T00:27:01.183+0000] {logging_mixin.py:137} INFO - [2023-07-01T00:27:01.183+0000] {dag.py:2705} INFO - Sync 1 DAGs
[2023-07-01T00:27:01.202+0000] {logging_mixin.py:137} INFO - [2023-07-01T00:27:01.202+0000] {dag.py:3456} INFO - Setting next_dagrun for example_params_ui_tutorial to None, run_after=None
[2023-07-01T00:27:01.214+0000] {processor.py:175} INFO - Processing /home/airflow/.local/lib/python3.7/site-packages/airflow/example_dags/example_params_ui_tutorial.py took 0.116 seconds
[2023-07-01T00:27:32.000+0000] {processor.py:153} INFO - Started process (PID=54475) to work on /home/airflow/.local/lib/python3.7/site-packages/airflow/example_dags/example_params_ui_tutorial.py
[2023-07-01T00:27:32.001+0000] {processor.py:743} INFO - Processing file /home/airflow/.local/lib/python3.7/site-packages/airflow/example_dags/example_params_ui_tutorial.py for tasks to queue
[2023-07-01T00:27:32.003+0000] {logging_mixin.py:137} INFO - [2023-07-01T00:27:32.002+0000] {dagbag.py:532} INFO - Filling up the DagBag from /home/airflow/.local/lib/python3.7/site-packages/airflow/example_dags/example_params_ui_tutorial.py
[2023-07-01T00:27:32.047+0000] {processor.py:753} INFO - DAG(s) dict_keys(['example_params_ui_tutorial']) retrieved from /home/airflow/.local/lib/python3.7/site-packages/airflow/example_dags/example_params_ui_tutorial.py
[2023-07-01T00:27:32.081+0000] {logging_mixin.py:137} INFO - [2023-07-01T00:27:32.081+0000] {dag.py:2705} INFO - Sync 1 DAGs
[2023-07-01T00:27:32.095+0000] {logging_mixin.py:137} INFO - [2023-07-01T00:27:32.095+0000] {dag.py:3456} INFO - Setting next_dagrun for example_params_ui_tutorial to None, run_after=None
[2023-07-01T00:27:32.105+0000] {processor.py:175} INFO - Processing /home/airflow/.local/lib/python3.7/site-packages/airflow/example_dags/example_params_ui_tutorial.py took 0.111 seconds
[2023-07-01T00:28:02.795+0000] {processor.py:153} INFO - Started process (PID=54531) to work on /home/airflow/.local/lib/python3.7/site-packages/airflow/example_dags/example_params_ui_tutorial.py
[2023-07-01T00:28:02.797+0000] {processor.py:743} INFO - Processing file /home/airflow/.local/lib/python3.7/site-packages/airflow/example_dags/example_params_ui_tutorial.py for tasks to queue
[2023-07-01T00:28:02.798+0000] {logging_mixin.py:137} INFO - [2023-07-01T00:28:02.798+0000] {dagbag.py:532} INFO - Filling up the DagBag from /home/airflow/.local/lib/python3.7/site-packages/airflow/example_dags/example_params_ui_tutorial.py
[2023-07-01T00:28:02.841+0000] {processor.py:753} INFO - DAG(s) dict_keys(['example_params_ui_tutorial']) retrieved from /home/airflow/.local/lib/python3.7/site-packages/airflow/example_dags/example_params_ui_tutorial.py
[2023-07-01T00:28:02.876+0000] {logging_mixin.py:137} INFO - [2023-07-01T00:28:02.876+0000] {dag.py:2705} INFO - Sync 1 DAGs
[2023-07-01T00:28:02.890+0000] {logging_mixin.py:137} INFO - [2023-07-01T00:28:02.890+0000] {dag.py:3456} INFO - Setting next_dagrun for example_params_ui_tutorial to None, run_after=None
[2023-07-01T00:28:02.900+0000] {processor.py:175} INFO - Processing /home/airflow/.local/lib/python3.7/site-packages/airflow/example_dags/example_params_ui_tutorial.py took 0.111 seconds
[2023-07-01T00:28:33.586+0000] {processor.py:153} INFO - Started process (PID=54588) to work on /home/airflow/.local/lib/python3.7/site-packages/airflow/example_dags/example_params_ui_tutorial.py
[2023-07-01T00:28:33.588+0000] {processor.py:743} INFO - Processing file /home/airflow/.local/lib/python3.7/site-packages/airflow/example_dags/example_params_ui_tutorial.py for tasks to queue
[2023-07-01T00:28:33.589+0000] {logging_mixin.py:137} INFO - [2023-07-01T00:28:33.589+0000] {dagbag.py:532} INFO - Filling up the DagBag from /home/airflow/.local/lib/python3.7/site-packages/airflow/example_dags/example_params_ui_tutorial.py
[2023-07-01T00:28:33.631+0000] {processor.py:753} INFO - DAG(s) dict_keys(['example_params_ui_tutorial']) retrieved from /home/airflow/.local/lib/python3.7/site-packages/airflow/example_dags/example_params_ui_tutorial.py
[2023-07-01T00:28:33.665+0000] {logging_mixin.py:137} INFO - [2023-07-01T00:28:33.665+0000] {dag.py:2705} INFO - Sync 1 DAGs
[2023-07-01T00:28:33.680+0000] {logging_mixin.py:137} INFO - [2023-07-01T00:28:33.680+0000] {dag.py:3456} INFO - Setting next_dagrun for example_params_ui_tutorial to None, run_after=None
[2023-07-01T00:28:33.689+0000] {processor.py:175} INFO - Processing /home/airflow/.local/lib/python3.7/site-packages/airflow/example_dags/example_params_ui_tutorial.py took 0.109 seconds
[2023-07-01T00:29:04.359+0000] {processor.py:153} INFO - Started process (PID=54646) to work on /home/airflow/.local/lib/python3.7/site-packages/airflow/example_dags/example_params_ui_tutorial.py
[2023-07-01T00:29:04.361+0000] {processor.py:743} INFO - Processing file /home/airflow/.local/lib/python3.7/site-packages/airflow/example_dags/example_params_ui_tutorial.py for tasks to queue
[2023-07-01T00:29:04.363+0000] {logging_mixin.py:137} INFO - [2023-07-01T00:29:04.362+0000] {dagbag.py:532} INFO - Filling up the DagBag from /home/airflow/.local/lib/python3.7/site-packages/airflow/example_dags/example_params_ui_tutorial.py
[2023-07-01T00:29:04.406+0000] {processor.py:753} INFO - DAG(s) dict_keys(['example_params_ui_tutorial']) retrieved from /home/airflow/.local/lib/python3.7/site-packages/airflow/example_dags/example_params_ui_tutorial.py
[2023-07-01T00:29:04.441+0000] {logging_mixin.py:137} INFO - [2023-07-01T00:29:04.441+0000] {dag.py:2705} INFO - Sync 1 DAGs
[2023-07-01T00:29:04.456+0000] {logging_mixin.py:137} INFO - [2023-07-01T00:29:04.455+0000] {dag.py:3456} INFO - Setting next_dagrun for example_params_ui_tutorial to None, run_after=None
[2023-07-01T00:29:04.465+0000] {processor.py:175} INFO - Processing /home/airflow/.local/lib/python3.7/site-packages/airflow/example_dags/example_params_ui_tutorial.py took 0.114 seconds
[2023-07-01T00:29:35.363+0000] {processor.py:153} INFO - Started process (PID=54703) to work on /home/airflow/.local/lib/python3.7/site-packages/airflow/example_dags/example_params_ui_tutorial.py
[2023-07-01T00:29:35.364+0000] {processor.py:743} INFO - Processing file /home/airflow/.local/lib/python3.7/site-packages/airflow/example_dags/example_params_ui_tutorial.py for tasks to queue
[2023-07-01T00:29:35.365+0000] {logging_mixin.py:137} INFO - [2023-07-01T00:29:35.365+0000] {dagbag.py:532} INFO - Filling up the DagBag from /home/airflow/.local/lib/python3.7/site-packages/airflow/example_dags/example_params_ui_tutorial.py
[2023-07-01T00:29:35.415+0000] {processor.py:753} INFO - DAG(s) dict_keys(['example_params_ui_tutorial']) retrieved from /home/airflow/.local/lib/python3.7/site-packages/airflow/example_dags/example_params_ui_tutorial.py
[2023-07-01T00:29:35.467+0000] {logging_mixin.py:137} INFO - [2023-07-01T00:29:35.467+0000] {dag.py:2705} INFO - Sync 1 DAGs
[2023-07-01T00:29:35.491+0000] {logging_mixin.py:137} INFO - [2023-07-01T00:29:35.491+0000] {dag.py:3456} INFO - Setting next_dagrun for example_params_ui_tutorial to None, run_after=None
[2023-07-01T00:29:35.502+0000] {processor.py:175} INFO - Processing /home/airflow/.local/lib/python3.7/site-packages/airflow/example_dags/example_params_ui_tutorial.py took 0.143 seconds
[2023-07-01T00:30:05.634+0000] {processor.py:153} INFO - Started process (PID=54761) to work on /home/airflow/.local/lib/python3.7/site-packages/airflow/example_dags/example_params_ui_tutorial.py
[2023-07-01T00:30:05.636+0000] {processor.py:743} INFO - Processing file /home/airflow/.local/lib/python3.7/site-packages/airflow/example_dags/example_params_ui_tutorial.py for tasks to queue
[2023-07-01T00:30:05.638+0000] {logging_mixin.py:137} INFO - [2023-07-01T00:30:05.637+0000] {dagbag.py:532} INFO - Filling up the DagBag from /home/airflow/.local/lib/python3.7/site-packages/airflow/example_dags/example_params_ui_tutorial.py
[2023-07-01T00:30:05.686+0000] {processor.py:753} INFO - DAG(s) dict_keys(['example_params_ui_tutorial']) retrieved from /home/airflow/.local/lib/python3.7/site-packages/airflow/example_dags/example_params_ui_tutorial.py
[2023-07-01T00:30:05.721+0000] {logging_mixin.py:137} INFO - [2023-07-01T00:30:05.721+0000] {dag.py:2705} INFO - Sync 1 DAGs
[2023-07-01T00:30:05.736+0000] {logging_mixin.py:137} INFO - [2023-07-01T00:30:05.736+0000] {dag.py:3456} INFO - Setting next_dagrun for example_params_ui_tutorial to None, run_after=None
[2023-07-01T00:30:05.746+0000] {processor.py:175} INFO - Processing /home/airflow/.local/lib/python3.7/site-packages/airflow/example_dags/example_params_ui_tutorial.py took 0.122 seconds
[2023-07-01T00:30:36.367+0000] {processor.py:153} INFO - Started process (PID=54818) to work on /home/airflow/.local/lib/python3.7/site-packages/airflow/example_dags/example_params_ui_tutorial.py
[2023-07-01T00:30:36.368+0000] {processor.py:743} INFO - Processing file /home/airflow/.local/lib/python3.7/site-packages/airflow/example_dags/example_params_ui_tutorial.py for tasks to queue
[2023-07-01T00:30:36.370+0000] {logging_mixin.py:137} INFO - [2023-07-01T00:30:36.370+0000] {dagbag.py:532} INFO - Filling up the DagBag from /home/airflow/.local/lib/python3.7/site-packages/airflow/example_dags/example_params_ui_tutorial.py
[2023-07-01T00:30:36.411+0000] {processor.py:753} INFO - DAG(s) dict_keys(['example_params_ui_tutorial']) retrieved from /home/airflow/.local/lib/python3.7/site-packages/airflow/example_dags/example_params_ui_tutorial.py
[2023-07-01T00:30:36.448+0000] {logging_mixin.py:137} INFO - [2023-07-01T00:30:36.447+0000] {dag.py:2705} INFO - Sync 1 DAGs
[2023-07-01T00:30:36.464+0000] {logging_mixin.py:137} INFO - [2023-07-01T00:30:36.464+0000] {dag.py:3456} INFO - Setting next_dagrun for example_params_ui_tutorial to None, run_after=None
[2023-07-01T00:30:36.475+0000] {processor.py:175} INFO - Processing /home/airflow/.local/lib/python3.7/site-packages/airflow/example_dags/example_params_ui_tutorial.py took 0.113 seconds
[2023-07-01T00:31:07.107+0000] {processor.py:153} INFO - Started process (PID=54876) to work on /home/airflow/.local/lib/python3.7/site-packages/airflow/example_dags/example_params_ui_tutorial.py
[2023-07-01T00:31:07.108+0000] {processor.py:743} INFO - Processing file /home/airflow/.local/lib/python3.7/site-packages/airflow/example_dags/example_params_ui_tutorial.py for tasks to queue
[2023-07-01T00:31:07.109+0000] {logging_mixin.py:137} INFO - [2023-07-01T00:31:07.109+0000] {dagbag.py:532} INFO - Filling up the DagBag from /home/airflow/.local/lib/python3.7/site-packages/airflow/example_dags/example_params_ui_tutorial.py
[2023-07-01T00:31:07.145+0000] {processor.py:753} INFO - DAG(s) dict_keys(['example_params_ui_tutorial']) retrieved from /home/airflow/.local/lib/python3.7/site-packages/airflow/example_dags/example_params_ui_tutorial.py
[2023-07-01T00:31:07.180+0000] {logging_mixin.py:137} INFO - [2023-07-01T00:31:07.180+0000] {dag.py:2705} INFO - Sync 1 DAGs
[2023-07-01T00:31:07.195+0000] {logging_mixin.py:137} INFO - [2023-07-01T00:31:07.195+0000] {dag.py:3456} INFO - Setting next_dagrun for example_params_ui_tutorial to None, run_after=None
[2023-07-01T00:31:07.204+0000] {processor.py:175} INFO - Processing /home/airflow/.local/lib/python3.7/site-packages/airflow/example_dags/example_params_ui_tutorial.py took 0.101 seconds
[2023-07-01T00:31:38.034+0000] {processor.py:153} INFO - Started process (PID=54933) to work on /home/airflow/.local/lib/python3.7/site-packages/airflow/example_dags/example_params_ui_tutorial.py
[2023-07-01T00:31:38.035+0000] {processor.py:743} INFO - Processing file /home/airflow/.local/lib/python3.7/site-packages/airflow/example_dags/example_params_ui_tutorial.py for tasks to queue
[2023-07-01T00:31:38.036+0000] {logging_mixin.py:137} INFO - [2023-07-01T00:31:38.036+0000] {dagbag.py:532} INFO - Filling up the DagBag from /home/airflow/.local/lib/python3.7/site-packages/airflow/example_dags/example_params_ui_tutorial.py
[2023-07-01T00:31:38.079+0000] {processor.py:753} INFO - DAG(s) dict_keys(['example_params_ui_tutorial']) retrieved from /home/airflow/.local/lib/python3.7/site-packages/airflow/example_dags/example_params_ui_tutorial.py
[2023-07-01T00:31:38.115+0000] {logging_mixin.py:137} INFO - [2023-07-01T00:31:38.115+0000] {dag.py:2705} INFO - Sync 1 DAGs
[2023-07-01T00:31:38.130+0000] {logging_mixin.py:137} INFO - [2023-07-01T00:31:38.130+0000] {dag.py:3456} INFO - Setting next_dagrun for example_params_ui_tutorial to None, run_after=None
[2023-07-01T00:31:38.148+0000] {processor.py:175} INFO - Processing /home/airflow/.local/lib/python3.7/site-packages/airflow/example_dags/example_params_ui_tutorial.py took 0.119 seconds
[2023-07-01T00:32:09.051+0000] {processor.py:153} INFO - Started process (PID=54990) to work on /home/airflow/.local/lib/python3.7/site-packages/airflow/example_dags/example_params_ui_tutorial.py
[2023-07-01T00:32:09.053+0000] {processor.py:743} INFO - Processing file /home/airflow/.local/lib/python3.7/site-packages/airflow/example_dags/example_params_ui_tutorial.py for tasks to queue
[2023-07-01T00:32:09.055+0000] {logging_mixin.py:137} INFO - [2023-07-01T00:32:09.054+0000] {dagbag.py:532} INFO - Filling up the DagBag from /home/airflow/.local/lib/python3.7/site-packages/airflow/example_dags/example_params_ui_tutorial.py
[2023-07-01T00:32:09.099+0000] {processor.py:753} INFO - DAG(s) dict_keys(['example_params_ui_tutorial']) retrieved from /home/airflow/.local/lib/python3.7/site-packages/airflow/example_dags/example_params_ui_tutorial.py
[2023-07-01T00:32:09.134+0000] {logging_mixin.py:137} INFO - [2023-07-01T00:32:09.134+0000] {dag.py:2705} INFO - Sync 1 DAGs
[2023-07-01T00:32:09.149+0000] {logging_mixin.py:137} INFO - [2023-07-01T00:32:09.149+0000] {dag.py:3456} INFO - Setting next_dagrun for example_params_ui_tutorial to None, run_after=None
[2023-07-01T00:32:09.159+0000] {processor.py:175} INFO - Processing /home/airflow/.local/lib/python3.7/site-packages/airflow/example_dags/example_params_ui_tutorial.py took 0.113 seconds
[2023-07-01T00:32:39.963+0000] {processor.py:153} INFO - Started process (PID=55048) to work on /home/airflow/.local/lib/python3.7/site-packages/airflow/example_dags/example_params_ui_tutorial.py
[2023-07-01T00:32:39.965+0000] {processor.py:743} INFO - Processing file /home/airflow/.local/lib/python3.7/site-packages/airflow/example_dags/example_params_ui_tutorial.py for tasks to queue
[2023-07-01T00:32:39.966+0000] {logging_mixin.py:137} INFO - [2023-07-01T00:32:39.966+0000] {dagbag.py:532} INFO - Filling up the DagBag from /home/airflow/.local/lib/python3.7/site-packages/airflow/example_dags/example_params_ui_tutorial.py
[2023-07-01T00:32:40.009+0000] {processor.py:753} INFO - DAG(s) dict_keys(['example_params_ui_tutorial']) retrieved from /home/airflow/.local/lib/python3.7/site-packages/airflow/example_dags/example_params_ui_tutorial.py
[2023-07-01T00:32:40.045+0000] {logging_mixin.py:137} INFO - [2023-07-01T00:32:40.044+0000] {dag.py:2705} INFO - Sync 1 DAGs
[2023-07-01T00:32:40.059+0000] {logging_mixin.py:137} INFO - [2023-07-01T00:32:40.059+0000] {dag.py:3456} INFO - Setting next_dagrun for example_params_ui_tutorial to None, run_after=None
[2023-07-01T00:32:40.070+0000] {processor.py:175} INFO - Processing /home/airflow/.local/lib/python3.7/site-packages/airflow/example_dags/example_params_ui_tutorial.py took 0.112 seconds
[2023-07-01T00:33:10.214+0000] {processor.py:153} INFO - Started process (PID=55105) to work on /home/airflow/.local/lib/python3.7/site-packages/airflow/example_dags/example_params_ui_tutorial.py
[2023-07-01T00:33:10.216+0000] {processor.py:743} INFO - Processing file /home/airflow/.local/lib/python3.7/site-packages/airflow/example_dags/example_params_ui_tutorial.py for tasks to queue
[2023-07-01T00:33:10.217+0000] {logging_mixin.py:137} INFO - [2023-07-01T00:33:10.217+0000] {dagbag.py:532} INFO - Filling up the DagBag from /home/airflow/.local/lib/python3.7/site-packages/airflow/example_dags/example_params_ui_tutorial.py
[2023-07-01T00:33:10.263+0000] {processor.py:753} INFO - DAG(s) dict_keys(['example_params_ui_tutorial']) retrieved from /home/airflow/.local/lib/python3.7/site-packages/airflow/example_dags/example_params_ui_tutorial.py
[2023-07-01T00:33:10.301+0000] {logging_mixin.py:137} INFO - [2023-07-01T00:33:10.301+0000] {dag.py:2705} INFO - Sync 1 DAGs
[2023-07-01T00:33:10.316+0000] {logging_mixin.py:137} INFO - [2023-07-01T00:33:10.316+0000] {dag.py:3456} INFO - Setting next_dagrun for example_params_ui_tutorial to None, run_after=None
[2023-07-01T00:33:10.326+0000] {processor.py:175} INFO - Processing /home/airflow/.local/lib/python3.7/site-packages/airflow/example_dags/example_params_ui_tutorial.py took 0.118 seconds
[2023-07-01T00:33:40.390+0000] {processor.py:153} INFO - Started process (PID=55162) to work on /home/airflow/.local/lib/python3.7/site-packages/airflow/example_dags/example_params_ui_tutorial.py
[2023-07-01T00:33:40.392+0000] {processor.py:743} INFO - Processing file /home/airflow/.local/lib/python3.7/site-packages/airflow/example_dags/example_params_ui_tutorial.py for tasks to queue
[2023-07-01T00:33:40.394+0000] {logging_mixin.py:137} INFO - [2023-07-01T00:33:40.394+0000] {dagbag.py:532} INFO - Filling up the DagBag from /home/airflow/.local/lib/python3.7/site-packages/airflow/example_dags/example_params_ui_tutorial.py
[2023-07-01T00:33:40.439+0000] {processor.py:753} INFO - DAG(s) dict_keys(['example_params_ui_tutorial']) retrieved from /home/airflow/.local/lib/python3.7/site-packages/airflow/example_dags/example_params_ui_tutorial.py
[2023-07-01T00:33:40.473+0000] {logging_mixin.py:137} INFO - [2023-07-01T00:33:40.473+0000] {dag.py:2705} INFO - Sync 1 DAGs
[2023-07-01T00:33:40.488+0000] {logging_mixin.py:137} INFO - [2023-07-01T00:33:40.488+0000] {dag.py:3456} INFO - Setting next_dagrun for example_params_ui_tutorial to None, run_after=None
[2023-07-01T00:33:40.498+0000] {processor.py:175} INFO - Processing /home/airflow/.local/lib/python3.7/site-packages/airflow/example_dags/example_params_ui_tutorial.py took 0.114 seconds
[2023-07-01T00:34:10.575+0000] {processor.py:153} INFO - Started process (PID=55219) to work on /home/airflow/.local/lib/python3.7/site-packages/airflow/example_dags/example_params_ui_tutorial.py
[2023-07-01T00:34:10.578+0000] {processor.py:743} INFO - Processing file /home/airflow/.local/lib/python3.7/site-packages/airflow/example_dags/example_params_ui_tutorial.py for tasks to queue
[2023-07-01T00:34:10.579+0000] {logging_mixin.py:137} INFO - [2023-07-01T00:34:10.579+0000] {dagbag.py:532} INFO - Filling up the DagBag from /home/airflow/.local/lib/python3.7/site-packages/airflow/example_dags/example_params_ui_tutorial.py
[2023-07-01T00:34:10.622+0000] {processor.py:753} INFO - DAG(s) dict_keys(['example_params_ui_tutorial']) retrieved from /home/airflow/.local/lib/python3.7/site-packages/airflow/example_dags/example_params_ui_tutorial.py
[2023-07-01T00:34:10.657+0000] {logging_mixin.py:137} INFO - [2023-07-01T00:34:10.657+0000] {dag.py:2705} INFO - Sync 1 DAGs
[2023-07-01T00:34:10.672+0000] {logging_mixin.py:137} INFO - [2023-07-01T00:34:10.672+0000] {dag.py:3456} INFO - Setting next_dagrun for example_params_ui_tutorial to None, run_after=None
[2023-07-01T00:34:10.683+0000] {processor.py:175} INFO - Processing /home/airflow/.local/lib/python3.7/site-packages/airflow/example_dags/example_params_ui_tutorial.py took 0.114 seconds
[2023-07-01T00:34:41.437+0000] {processor.py:153} INFO - Started process (PID=55276) to work on /home/airflow/.local/lib/python3.7/site-packages/airflow/example_dags/example_params_ui_tutorial.py
[2023-07-01T00:34:41.439+0000] {processor.py:743} INFO - Processing file /home/airflow/.local/lib/python3.7/site-packages/airflow/example_dags/example_params_ui_tutorial.py for tasks to queue
[2023-07-01T00:34:41.440+0000] {logging_mixin.py:137} INFO - [2023-07-01T00:34:41.440+0000] {dagbag.py:532} INFO - Filling up the DagBag from /home/airflow/.local/lib/python3.7/site-packages/airflow/example_dags/example_params_ui_tutorial.py
[2023-07-01T00:34:41.483+0000] {processor.py:753} INFO - DAG(s) dict_keys(['example_params_ui_tutorial']) retrieved from /home/airflow/.local/lib/python3.7/site-packages/airflow/example_dags/example_params_ui_tutorial.py
[2023-07-01T00:34:41.518+0000] {logging_mixin.py:137} INFO - [2023-07-01T00:34:41.518+0000] {dag.py:2705} INFO - Sync 1 DAGs
[2023-07-01T00:34:41.532+0000] {logging_mixin.py:137} INFO - [2023-07-01T00:34:41.532+0000] {dag.py:3456} INFO - Setting next_dagrun for example_params_ui_tutorial to None, run_after=None
[2023-07-01T00:34:41.541+0000] {processor.py:175} INFO - Processing /home/airflow/.local/lib/python3.7/site-packages/airflow/example_dags/example_params_ui_tutorial.py took 0.110 seconds
