[2023-07-01T00:00:24.554+0000] {processor.py:153} INFO - Started process (PID=51436) to work on /home/airflow/.local/lib/python3.7/site-packages/airflow/example_dags/example_task_group_decorator.py
[2023-07-01T00:00:24.555+0000] {processor.py:743} INFO - Processing file /home/airflow/.local/lib/python3.7/site-packages/airflow/example_dags/example_task_group_decorator.py for tasks to queue
[2023-07-01T00:00:24.556+0000] {logging_mixin.py:137} INFO - [2023-07-01T00:00:24.556+0000] {dagbag.py:532} INFO - Filling up the DagBag from /home/airflow/.local/lib/python3.7/site-packages/airflow/example_dags/example_task_group_decorator.py
[2023-07-01T00:00:24.577+0000] {processor.py:753} INFO - DAG(s) dict_keys(['example_task_group_decorator']) retrieved from /home/airflow/.local/lib/python3.7/site-packages/airflow/example_dags/example_task_group_decorator.py
[2023-07-01T00:00:24.596+0000] {logging_mixin.py:137} INFO - [2023-07-01T00:00:24.596+0000] {dag.py:2705} INFO - Sync 1 DAGs
[2023-07-01T00:00:24.609+0000] {logging_mixin.py:137} INFO - [2023-07-01T00:00:24.609+0000] {dag.py:3456} INFO - Setting next_dagrun for example_task_group_decorator to 2023-06-30T00:00:24.609063+00:00, run_after=2023-07-01T00:00:24.609063+00:00
[2023-07-01T00:00:24.617+0000] {processor.py:175} INFO - Processing /home/airflow/.local/lib/python3.7/site-packages/airflow/example_dags/example_task_group_decorator.py took 0.066 seconds
[2023-07-01T00:00:55.672+0000] {processor.py:153} INFO - Started process (PID=51493) to work on /home/airflow/.local/lib/python3.7/site-packages/airflow/example_dags/example_task_group_decorator.py
[2023-07-01T00:00:55.673+0000] {processor.py:743} INFO - Processing file /home/airflow/.local/lib/python3.7/site-packages/airflow/example_dags/example_task_group_decorator.py for tasks to queue
[2023-07-01T00:00:55.673+0000] {logging_mixin.py:137} INFO - [2023-07-01T00:00:55.673+0000] {dagbag.py:532} INFO - Filling up the DagBag from /home/airflow/.local/lib/python3.7/site-packages/airflow/example_dags/example_task_group_decorator.py
[2023-07-01T00:00:55.691+0000] {processor.py:753} INFO - DAG(s) dict_keys(['example_task_group_decorator']) retrieved from /home/airflow/.local/lib/python3.7/site-packages/airflow/example_dags/example_task_group_decorator.py
[2023-07-01T00:00:55.713+0000] {logging_mixin.py:137} INFO - [2023-07-01T00:00:55.713+0000] {dag.py:2705} INFO - Sync 1 DAGs
[2023-07-01T00:00:55.727+0000] {logging_mixin.py:137} INFO - [2023-07-01T00:00:55.727+0000] {dag.py:3456} INFO - Setting next_dagrun for example_task_group_decorator to 2023-06-30T00:00:55.727524+00:00, run_after=2023-07-01T00:00:55.727524+00:00
[2023-07-01T00:00:55.738+0000] {processor.py:175} INFO - Processing /home/airflow/.local/lib/python3.7/site-packages/airflow/example_dags/example_task_group_decorator.py took 0.069 seconds
[2023-07-01T00:01:26.399+0000] {processor.py:153} INFO - Started process (PID=51551) to work on /home/airflow/.local/lib/python3.7/site-packages/airflow/example_dags/example_task_group_decorator.py
[2023-07-01T00:01:26.400+0000] {processor.py:743} INFO - Processing file /home/airflow/.local/lib/python3.7/site-packages/airflow/example_dags/example_task_group_decorator.py for tasks to queue
[2023-07-01T00:01:26.401+0000] {logging_mixin.py:137} INFO - [2023-07-01T00:01:26.401+0000] {dagbag.py:532} INFO - Filling up the DagBag from /home/airflow/.local/lib/python3.7/site-packages/airflow/example_dags/example_task_group_decorator.py
[2023-07-01T00:01:26.419+0000] {processor.py:753} INFO - DAG(s) dict_keys(['example_task_group_decorator']) retrieved from /home/airflow/.local/lib/python3.7/site-packages/airflow/example_dags/example_task_group_decorator.py
[2023-07-01T00:01:26.437+0000] {logging_mixin.py:137} INFO - [2023-07-01T00:01:26.437+0000] {dag.py:2705} INFO - Sync 1 DAGs
[2023-07-01T00:01:26.452+0000] {logging_mixin.py:137} INFO - [2023-07-01T00:01:26.452+0000] {dag.py:3456} INFO - Setting next_dagrun for example_task_group_decorator to 2023-06-30T00:01:26.451910+00:00, run_after=2023-07-01T00:01:26.451910+00:00
[2023-07-01T00:01:26.461+0000] {processor.py:175} INFO - Processing /home/airflow/.local/lib/python3.7/site-packages/airflow/example_dags/example_task_group_decorator.py took 0.064 seconds
[2023-07-01T00:01:57.162+0000] {processor.py:153} INFO - Started process (PID=51607) to work on /home/airflow/.local/lib/python3.7/site-packages/airflow/example_dags/example_task_group_decorator.py
[2023-07-01T00:01:57.163+0000] {processor.py:743} INFO - Processing file /home/airflow/.local/lib/python3.7/site-packages/airflow/example_dags/example_task_group_decorator.py for tasks to queue
[2023-07-01T00:01:57.164+0000] {logging_mixin.py:137} INFO - [2023-07-01T00:01:57.164+0000] {dagbag.py:532} INFO - Filling up the DagBag from /home/airflow/.local/lib/python3.7/site-packages/airflow/example_dags/example_task_group_decorator.py
[2023-07-01T00:01:57.186+0000] {processor.py:753} INFO - DAG(s) dict_keys(['example_task_group_decorator']) retrieved from /home/airflow/.local/lib/python3.7/site-packages/airflow/example_dags/example_task_group_decorator.py
[2023-07-01T00:01:57.206+0000] {logging_mixin.py:137} INFO - [2023-07-01T00:01:57.206+0000] {dag.py:2705} INFO - Sync 1 DAGs
[2023-07-01T00:01:57.220+0000] {logging_mixin.py:137} INFO - [2023-07-01T00:01:57.220+0000] {dag.py:3456} INFO - Setting next_dagrun for example_task_group_decorator to 2023-06-30T00:01:57.220191+00:00, run_after=2023-07-01T00:01:57.220191+00:00
[2023-07-01T00:01:57.230+0000] {processor.py:175} INFO - Processing /home/airflow/.local/lib/python3.7/site-packages/airflow/example_dags/example_task_group_decorator.py took 0.071 seconds
[2023-07-01T00:02:28.025+0000] {processor.py:153} INFO - Started process (PID=51663) to work on /home/airflow/.local/lib/python3.7/site-packages/airflow/example_dags/example_task_group_decorator.py
[2023-07-01T00:02:28.026+0000] {processor.py:743} INFO - Processing file /home/airflow/.local/lib/python3.7/site-packages/airflow/example_dags/example_task_group_decorator.py for tasks to queue
[2023-07-01T00:02:28.026+0000] {logging_mixin.py:137} INFO - [2023-07-01T00:02:28.026+0000] {dagbag.py:532} INFO - Filling up the DagBag from /home/airflow/.local/lib/python3.7/site-packages/airflow/example_dags/example_task_group_decorator.py
[2023-07-01T00:02:28.049+0000] {processor.py:753} INFO - DAG(s) dict_keys(['example_task_group_decorator']) retrieved from /home/airflow/.local/lib/python3.7/site-packages/airflow/example_dags/example_task_group_decorator.py
[2023-07-01T00:02:28.081+0000] {logging_mixin.py:137} INFO - [2023-07-01T00:02:28.081+0000] {dag.py:2705} INFO - Sync 1 DAGs
[2023-07-01T00:02:28.098+0000] {logging_mixin.py:137} INFO - [2023-07-01T00:02:28.098+0000] {dag.py:3456} INFO - Setting next_dagrun for example_task_group_decorator to 2023-06-30T00:02:28.098429+00:00, run_after=2023-07-01T00:02:28.098429+00:00
[2023-07-01T00:02:28.111+0000] {processor.py:175} INFO - Processing /home/airflow/.local/lib/python3.7/site-packages/airflow/example_dags/example_task_group_decorator.py took 0.089 seconds
[2023-07-01T00:02:59.031+0000] {processor.py:153} INFO - Started process (PID=51720) to work on /home/airflow/.local/lib/python3.7/site-packages/airflow/example_dags/example_task_group_decorator.py
[2023-07-01T00:02:59.032+0000] {processor.py:743} INFO - Processing file /home/airflow/.local/lib/python3.7/site-packages/airflow/example_dags/example_task_group_decorator.py for tasks to queue
[2023-07-01T00:02:59.033+0000] {logging_mixin.py:137} INFO - [2023-07-01T00:02:59.033+0000] {dagbag.py:532} INFO - Filling up the DagBag from /home/airflow/.local/lib/python3.7/site-packages/airflow/example_dags/example_task_group_decorator.py
[2023-07-01T00:02:59.051+0000] {processor.py:753} INFO - DAG(s) dict_keys(['example_task_group_decorator']) retrieved from /home/airflow/.local/lib/python3.7/site-packages/airflow/example_dags/example_task_group_decorator.py
[2023-07-01T00:02:59.071+0000] {logging_mixin.py:137} INFO - [2023-07-01T00:02:59.071+0000] {dag.py:2705} INFO - Sync 1 DAGs
[2023-07-01T00:02:59.086+0000] {logging_mixin.py:137} INFO - [2023-07-01T00:02:59.086+0000] {dag.py:3456} INFO - Setting next_dagrun for example_task_group_decorator to 2023-06-30T00:02:59.086355+00:00, run_after=2023-07-01T00:02:59.086355+00:00
[2023-07-01T00:02:59.096+0000] {processor.py:175} INFO - Processing /home/airflow/.local/lib/python3.7/site-packages/airflow/example_dags/example_task_group_decorator.py took 0.068 seconds
[2023-07-01T00:03:30.211+0000] {processor.py:153} INFO - Started process (PID=51777) to work on /home/airflow/.local/lib/python3.7/site-packages/airflow/example_dags/example_task_group_decorator.py
[2023-07-01T00:03:30.212+0000] {processor.py:743} INFO - Processing file /home/airflow/.local/lib/python3.7/site-packages/airflow/example_dags/example_task_group_decorator.py for tasks to queue
[2023-07-01T00:03:30.213+0000] {logging_mixin.py:137} INFO - [2023-07-01T00:03:30.213+0000] {dagbag.py:532} INFO - Filling up the DagBag from /home/airflow/.local/lib/python3.7/site-packages/airflow/example_dags/example_task_group_decorator.py
[2023-07-01T00:03:30.237+0000] {processor.py:753} INFO - DAG(s) dict_keys(['example_task_group_decorator']) retrieved from /home/airflow/.local/lib/python3.7/site-packages/airflow/example_dags/example_task_group_decorator.py
[2023-07-01T00:03:30.260+0000] {logging_mixin.py:137} INFO - [2023-07-01T00:03:30.260+0000] {dag.py:2705} INFO - Sync 1 DAGs
[2023-07-01T00:03:30.274+0000] {logging_mixin.py:137} INFO - [2023-07-01T00:03:30.274+0000] {dag.py:3456} INFO - Setting next_dagrun for example_task_group_decorator to 2023-06-30T00:03:30.274250+00:00, run_after=2023-07-01T00:03:30.274250+00:00
[2023-07-01T00:03:30.284+0000] {processor.py:175} INFO - Processing /home/airflow/.local/lib/python3.7/site-packages/airflow/example_dags/example_task_group_decorator.py took 0.076 seconds
[2023-07-01T00:04:01.080+0000] {processor.py:153} INFO - Started process (PID=51834) to work on /home/airflow/.local/lib/python3.7/site-packages/airflow/example_dags/example_task_group_decorator.py
[2023-07-01T00:04:01.081+0000] {processor.py:743} INFO - Processing file /home/airflow/.local/lib/python3.7/site-packages/airflow/example_dags/example_task_group_decorator.py for tasks to queue
[2023-07-01T00:04:01.082+0000] {logging_mixin.py:137} INFO - [2023-07-01T00:04:01.082+0000] {dagbag.py:532} INFO - Filling up the DagBag from /home/airflow/.local/lib/python3.7/site-packages/airflow/example_dags/example_task_group_decorator.py
[2023-07-01T00:04:01.102+0000] {processor.py:753} INFO - DAG(s) dict_keys(['example_task_group_decorator']) retrieved from /home/airflow/.local/lib/python3.7/site-packages/airflow/example_dags/example_task_group_decorator.py
[2023-07-01T00:04:01.122+0000] {logging_mixin.py:137} INFO - [2023-07-01T00:04:01.122+0000] {dag.py:2705} INFO - Sync 1 DAGs
[2023-07-01T00:04:01.136+0000] {logging_mixin.py:137} INFO - [2023-07-01T00:04:01.136+0000] {dag.py:3456} INFO - Setting next_dagrun for example_task_group_decorator to 2023-06-30T00:04:01.135968+00:00, run_after=2023-07-01T00:04:01.135968+00:00
[2023-07-01T00:04:01.145+0000] {processor.py:175} INFO - Processing /home/airflow/.local/lib/python3.7/site-packages/airflow/example_dags/example_task_group_decorator.py took 0.068 seconds
[2023-07-01T00:04:31.964+0000] {processor.py:153} INFO - Started process (PID=51891) to work on /home/airflow/.local/lib/python3.7/site-packages/airflow/example_dags/example_task_group_decorator.py
[2023-07-01T00:04:31.965+0000] {processor.py:743} INFO - Processing file /home/airflow/.local/lib/python3.7/site-packages/airflow/example_dags/example_task_group_decorator.py for tasks to queue
[2023-07-01T00:04:31.965+0000] {logging_mixin.py:137} INFO - [2023-07-01T00:04:31.965+0000] {dagbag.py:532} INFO - Filling up the DagBag from /home/airflow/.local/lib/python3.7/site-packages/airflow/example_dags/example_task_group_decorator.py
[2023-07-01T00:04:31.985+0000] {processor.py:753} INFO - DAG(s) dict_keys(['example_task_group_decorator']) retrieved from /home/airflow/.local/lib/python3.7/site-packages/airflow/example_dags/example_task_group_decorator.py
[2023-07-01T00:04:32.004+0000] {logging_mixin.py:137} INFO - [2023-07-01T00:04:32.004+0000] {dag.py:2705} INFO - Sync 1 DAGs
[2023-07-01T00:04:32.020+0000] {logging_mixin.py:137} INFO - [2023-07-01T00:04:32.020+0000] {dag.py:3456} INFO - Setting next_dagrun for example_task_group_decorator to 2023-06-30T00:04:32.020612+00:00, run_after=2023-07-01T00:04:32.020612+00:00
[2023-07-01T00:04:32.030+0000] {processor.py:175} INFO - Processing /home/airflow/.local/lib/python3.7/site-packages/airflow/example_dags/example_task_group_decorator.py took 0.069 seconds
[2023-07-01T00:05:02.831+0000] {processor.py:153} INFO - Started process (PID=51947) to work on /home/airflow/.local/lib/python3.7/site-packages/airflow/example_dags/example_task_group_decorator.py
[2023-07-01T00:05:02.832+0000] {processor.py:743} INFO - Processing file /home/airflow/.local/lib/python3.7/site-packages/airflow/example_dags/example_task_group_decorator.py for tasks to queue
[2023-07-01T00:05:02.832+0000] {logging_mixin.py:137} INFO - [2023-07-01T00:05:02.832+0000] {dagbag.py:532} INFO - Filling up the DagBag from /home/airflow/.local/lib/python3.7/site-packages/airflow/example_dags/example_task_group_decorator.py
[2023-07-01T00:05:02.850+0000] {processor.py:753} INFO - DAG(s) dict_keys(['example_task_group_decorator']) retrieved from /home/airflow/.local/lib/python3.7/site-packages/airflow/example_dags/example_task_group_decorator.py
[2023-07-01T00:05:02.872+0000] {logging_mixin.py:137} INFO - [2023-07-01T00:05:02.872+0000] {dag.py:2705} INFO - Sync 1 DAGs
[2023-07-01T00:05:02.890+0000] {logging_mixin.py:137} INFO - [2023-07-01T00:05:02.890+0000] {dag.py:3456} INFO - Setting next_dagrun for example_task_group_decorator to 2023-06-30T00:05:02.890248+00:00, run_after=2023-07-01T00:05:02.890248+00:00
[2023-07-01T00:05:02.901+0000] {processor.py:175} INFO - Processing /home/airflow/.local/lib/python3.7/site-packages/airflow/example_dags/example_task_group_decorator.py took 0.073 seconds
[2023-07-01T00:05:34.050+0000] {processor.py:153} INFO - Started process (PID=52004) to work on /home/airflow/.local/lib/python3.7/site-packages/airflow/example_dags/example_task_group_decorator.py
[2023-07-01T00:05:34.051+0000] {processor.py:743} INFO - Processing file /home/airflow/.local/lib/python3.7/site-packages/airflow/example_dags/example_task_group_decorator.py for tasks to queue
[2023-07-01T00:05:34.053+0000] {logging_mixin.py:137} INFO - [2023-07-01T00:05:34.052+0000] {dagbag.py:532} INFO - Filling up the DagBag from /home/airflow/.local/lib/python3.7/site-packages/airflow/example_dags/example_task_group_decorator.py
[2023-07-01T00:05:34.072+0000] {processor.py:753} INFO - DAG(s) dict_keys(['example_task_group_decorator']) retrieved from /home/airflow/.local/lib/python3.7/site-packages/airflow/example_dags/example_task_group_decorator.py
[2023-07-01T00:05:34.093+0000] {logging_mixin.py:137} INFO - [2023-07-01T00:05:34.093+0000] {dag.py:2705} INFO - Sync 1 DAGs
[2023-07-01T00:05:34.107+0000] {logging_mixin.py:137} INFO - [2023-07-01T00:05:34.107+0000] {dag.py:3456} INFO - Setting next_dagrun for example_task_group_decorator to 2023-06-30T00:05:34.107737+00:00, run_after=2023-07-01T00:05:34.107737+00:00
[2023-07-01T00:05:34.119+0000] {processor.py:175} INFO - Processing /home/airflow/.local/lib/python3.7/site-packages/airflow/example_dags/example_task_group_decorator.py took 0.072 seconds
[2023-07-01T00:06:05.387+0000] {processor.py:153} INFO - Started process (PID=52061) to work on /home/airflow/.local/lib/python3.7/site-packages/airflow/example_dags/example_task_group_decorator.py
[2023-07-01T00:06:05.388+0000] {processor.py:743} INFO - Processing file /home/airflow/.local/lib/python3.7/site-packages/airflow/example_dags/example_task_group_decorator.py for tasks to queue
[2023-07-01T00:06:05.389+0000] {logging_mixin.py:137} INFO - [2023-07-01T00:06:05.389+0000] {dagbag.py:532} INFO - Filling up the DagBag from /home/airflow/.local/lib/python3.7/site-packages/airflow/example_dags/example_task_group_decorator.py
[2023-07-01T00:06:05.408+0000] {processor.py:753} INFO - DAG(s) dict_keys(['example_task_group_decorator']) retrieved from /home/airflow/.local/lib/python3.7/site-packages/airflow/example_dags/example_task_group_decorator.py
[2023-07-01T00:06:05.427+0000] {logging_mixin.py:137} INFO - [2023-07-01T00:06:05.427+0000] {dag.py:2705} INFO - Sync 1 DAGs
[2023-07-01T00:06:05.442+0000] {logging_mixin.py:137} INFO - [2023-07-01T00:06:05.442+0000] {dag.py:3456} INFO - Setting next_dagrun for example_task_group_decorator to 2023-06-30T00:06:05.442508+00:00, run_after=2023-07-01T00:06:05.442508+00:00
[2023-07-01T00:06:05.454+0000] {processor.py:175} INFO - Processing /home/airflow/.local/lib/python3.7/site-packages/airflow/example_dags/example_task_group_decorator.py took 0.069 seconds
[2023-07-01T00:06:36.368+0000] {processor.py:153} INFO - Started process (PID=52118) to work on /home/airflow/.local/lib/python3.7/site-packages/airflow/example_dags/example_task_group_decorator.py
[2023-07-01T00:06:36.369+0000] {processor.py:743} INFO - Processing file /home/airflow/.local/lib/python3.7/site-packages/airflow/example_dags/example_task_group_decorator.py for tasks to queue
[2023-07-01T00:06:36.370+0000] {logging_mixin.py:137} INFO - [2023-07-01T00:06:36.370+0000] {dagbag.py:532} INFO - Filling up the DagBag from /home/airflow/.local/lib/python3.7/site-packages/airflow/example_dags/example_task_group_decorator.py
[2023-07-01T00:06:36.388+0000] {processor.py:753} INFO - DAG(s) dict_keys(['example_task_group_decorator']) retrieved from /home/airflow/.local/lib/python3.7/site-packages/airflow/example_dags/example_task_group_decorator.py
[2023-07-01T00:06:36.408+0000] {logging_mixin.py:137} INFO - [2023-07-01T00:06:36.407+0000] {dag.py:2705} INFO - Sync 1 DAGs
[2023-07-01T00:06:36.423+0000] {logging_mixin.py:137} INFO - [2023-07-01T00:06:36.422+0000] {dag.py:3456} INFO - Setting next_dagrun for example_task_group_decorator to 2023-06-30T00:06:36.422753+00:00, run_after=2023-07-01T00:06:36.422753+00:00
[2023-07-01T00:06:36.432+0000] {processor.py:175} INFO - Processing /home/airflow/.local/lib/python3.7/site-packages/airflow/example_dags/example_task_group_decorator.py took 0.066 seconds
[2023-07-01T00:07:07.032+0000] {processor.py:153} INFO - Started process (PID=52175) to work on /home/airflow/.local/lib/python3.7/site-packages/airflow/example_dags/example_task_group_decorator.py
[2023-07-01T00:07:07.033+0000] {processor.py:743} INFO - Processing file /home/airflow/.local/lib/python3.7/site-packages/airflow/example_dags/example_task_group_decorator.py for tasks to queue
[2023-07-01T00:07:07.034+0000] {logging_mixin.py:137} INFO - [2023-07-01T00:07:07.034+0000] {dagbag.py:532} INFO - Filling up the DagBag from /home/airflow/.local/lib/python3.7/site-packages/airflow/example_dags/example_task_group_decorator.py
[2023-07-01T00:07:07.053+0000] {processor.py:753} INFO - DAG(s) dict_keys(['example_task_group_decorator']) retrieved from /home/airflow/.local/lib/python3.7/site-packages/airflow/example_dags/example_task_group_decorator.py
[2023-07-01T00:07:07.075+0000] {logging_mixin.py:137} INFO - [2023-07-01T00:07:07.075+0000] {dag.py:2705} INFO - Sync 1 DAGs
[2023-07-01T00:07:07.093+0000] {logging_mixin.py:137} INFO - [2023-07-01T00:07:07.093+0000] {dag.py:3456} INFO - Setting next_dagrun for example_task_group_decorator to 2023-06-30T00:07:07.092995+00:00, run_after=2023-07-01T00:07:07.092995+00:00
[2023-07-01T00:07:07.104+0000] {processor.py:175} INFO - Processing /home/airflow/.local/lib/python3.7/site-packages/airflow/example_dags/example_task_group_decorator.py took 0.074 seconds
[2023-07-01T00:07:38.365+0000] {processor.py:153} INFO - Started process (PID=52232) to work on /home/airflow/.local/lib/python3.7/site-packages/airflow/example_dags/example_task_group_decorator.py
[2023-07-01T00:07:38.366+0000] {processor.py:743} INFO - Processing file /home/airflow/.local/lib/python3.7/site-packages/airflow/example_dags/example_task_group_decorator.py for tasks to queue
[2023-07-01T00:07:38.366+0000] {logging_mixin.py:137} INFO - [2023-07-01T00:07:38.366+0000] {dagbag.py:532} INFO - Filling up the DagBag from /home/airflow/.local/lib/python3.7/site-packages/airflow/example_dags/example_task_group_decorator.py
[2023-07-01T00:07:38.386+0000] {processor.py:753} INFO - DAG(s) dict_keys(['example_task_group_decorator']) retrieved from /home/airflow/.local/lib/python3.7/site-packages/airflow/example_dags/example_task_group_decorator.py
[2023-07-01T00:07:38.409+0000] {logging_mixin.py:137} INFO - [2023-07-01T00:07:38.409+0000] {dag.py:2705} INFO - Sync 1 DAGs
[2023-07-01T00:07:38.428+0000] {logging_mixin.py:137} INFO - [2023-07-01T00:07:38.428+0000] {dag.py:3456} INFO - Setting next_dagrun for example_task_group_decorator to 2023-06-30T00:07:38.428146+00:00, run_after=2023-07-01T00:07:38.428146+00:00
[2023-07-01T00:07:38.439+0000] {processor.py:175} INFO - Processing /home/airflow/.local/lib/python3.7/site-packages/airflow/example_dags/example_task_group_decorator.py took 0.077 seconds
[2023-07-01T00:08:09.591+0000] {processor.py:153} INFO - Started process (PID=52296) to work on /home/airflow/.local/lib/python3.7/site-packages/airflow/example_dags/example_task_group_decorator.py
[2023-07-01T00:08:09.593+0000] {processor.py:743} INFO - Processing file /home/airflow/.local/lib/python3.7/site-packages/airflow/example_dags/example_task_group_decorator.py for tasks to queue
[2023-07-01T00:08:09.594+0000] {logging_mixin.py:137} INFO - [2023-07-01T00:08:09.594+0000] {dagbag.py:532} INFO - Filling up the DagBag from /home/airflow/.local/lib/python3.7/site-packages/airflow/example_dags/example_task_group_decorator.py
[2023-07-01T00:08:09.617+0000] {processor.py:753} INFO - DAG(s) dict_keys(['example_task_group_decorator']) retrieved from /home/airflow/.local/lib/python3.7/site-packages/airflow/example_dags/example_task_group_decorator.py
[2023-07-01T00:08:09.653+0000] {logging_mixin.py:137} INFO - [2023-07-01T00:08:09.653+0000] {dag.py:2705} INFO - Sync 1 DAGs
[2023-07-01T00:08:09.672+0000] {logging_mixin.py:137} INFO - [2023-07-01T00:08:09.672+0000] {dag.py:3456} INFO - Setting next_dagrun for example_task_group_decorator to 2023-06-30T00:08:09.672673+00:00, run_after=2023-07-01T00:08:09.672673+00:00
[2023-07-01T00:08:09.684+0000] {processor.py:175} INFO - Processing /home/airflow/.local/lib/python3.7/site-packages/airflow/example_dags/example_task_group_decorator.py took 0.097 seconds
[2023-07-01T00:08:39.867+0000] {processor.py:153} INFO - Started process (PID=52353) to work on /home/airflow/.local/lib/python3.7/site-packages/airflow/example_dags/example_task_group_decorator.py
[2023-07-01T00:08:39.868+0000] {processor.py:743} INFO - Processing file /home/airflow/.local/lib/python3.7/site-packages/airflow/example_dags/example_task_group_decorator.py for tasks to queue
[2023-07-01T00:08:39.869+0000] {logging_mixin.py:137} INFO - [2023-07-01T00:08:39.869+0000] {dagbag.py:532} INFO - Filling up the DagBag from /home/airflow/.local/lib/python3.7/site-packages/airflow/example_dags/example_task_group_decorator.py
[2023-07-01T00:08:39.889+0000] {processor.py:753} INFO - DAG(s) dict_keys(['example_task_group_decorator']) retrieved from /home/airflow/.local/lib/python3.7/site-packages/airflow/example_dags/example_task_group_decorator.py
[2023-07-01T00:08:39.912+0000] {logging_mixin.py:137} INFO - [2023-07-01T00:08:39.912+0000] {dag.py:2705} INFO - Sync 1 DAGs
[2023-07-01T00:08:39.928+0000] {logging_mixin.py:137} INFO - [2023-07-01T00:08:39.928+0000] {dag.py:3456} INFO - Setting next_dagrun for example_task_group_decorator to 2023-06-30T00:08:39.928635+00:00, run_after=2023-07-01T00:08:39.928635+00:00
[2023-07-01T00:08:39.942+0000] {processor.py:175} INFO - Processing /home/airflow/.local/lib/python3.7/site-packages/airflow/example_dags/example_task_group_decorator.py took 0.078 seconds
[2023-07-01T00:09:10.028+0000] {processor.py:153} INFO - Started process (PID=52408) to work on /home/airflow/.local/lib/python3.7/site-packages/airflow/example_dags/example_task_group_decorator.py
[2023-07-01T00:09:10.030+0000] {processor.py:743} INFO - Processing file /home/airflow/.local/lib/python3.7/site-packages/airflow/example_dags/example_task_group_decorator.py for tasks to queue
[2023-07-01T00:09:10.031+0000] {logging_mixin.py:137} INFO - [2023-07-01T00:09:10.030+0000] {dagbag.py:532} INFO - Filling up the DagBag from /home/airflow/.local/lib/python3.7/site-packages/airflow/example_dags/example_task_group_decorator.py
[2023-07-01T00:09:10.052+0000] {processor.py:753} INFO - DAG(s) dict_keys(['example_task_group_decorator']) retrieved from /home/airflow/.local/lib/python3.7/site-packages/airflow/example_dags/example_task_group_decorator.py
[2023-07-01T00:09:10.073+0000] {logging_mixin.py:137} INFO - [2023-07-01T00:09:10.073+0000] {dag.py:2705} INFO - Sync 1 DAGs
[2023-07-01T00:09:10.088+0000] {logging_mixin.py:137} INFO - [2023-07-01T00:09:10.088+0000] {dag.py:3456} INFO - Setting next_dagrun for example_task_group_decorator to 2023-06-30T00:09:10.088264+00:00, run_after=2023-07-01T00:09:10.088264+00:00
[2023-07-01T00:09:10.098+0000] {processor.py:175} INFO - Processing /home/airflow/.local/lib/python3.7/site-packages/airflow/example_dags/example_task_group_decorator.py took 0.074 seconds
[2023-07-01T00:09:40.647+0000] {processor.py:153} INFO - Started process (PID=52466) to work on /home/airflow/.local/lib/python3.7/site-packages/airflow/example_dags/example_task_group_decorator.py
[2023-07-01T00:09:40.648+0000] {processor.py:743} INFO - Processing file /home/airflow/.local/lib/python3.7/site-packages/airflow/example_dags/example_task_group_decorator.py for tasks to queue
[2023-07-01T00:09:40.649+0000] {logging_mixin.py:137} INFO - [2023-07-01T00:09:40.649+0000] {dagbag.py:532} INFO - Filling up the DagBag from /home/airflow/.local/lib/python3.7/site-packages/airflow/example_dags/example_task_group_decorator.py
[2023-07-01T00:09:40.670+0000] {processor.py:753} INFO - DAG(s) dict_keys(['example_task_group_decorator']) retrieved from /home/airflow/.local/lib/python3.7/site-packages/airflow/example_dags/example_task_group_decorator.py
[2023-07-01T00:09:40.693+0000] {logging_mixin.py:137} INFO - [2023-07-01T00:09:40.693+0000] {dag.py:2705} INFO - Sync 1 DAGs
[2023-07-01T00:09:40.708+0000] {logging_mixin.py:137} INFO - [2023-07-01T00:09:40.708+0000] {dag.py:3456} INFO - Setting next_dagrun for example_task_group_decorator to 2023-06-30T00:09:40.708125+00:00, run_after=2023-07-01T00:09:40.708125+00:00
[2023-07-01T00:09:40.720+0000] {processor.py:175} INFO - Processing /home/airflow/.local/lib/python3.7/site-packages/airflow/example_dags/example_task_group_decorator.py took 0.076 seconds
[2023-07-01T00:10:10.871+0000] {processor.py:153} INFO - Started process (PID=52523) to work on /home/airflow/.local/lib/python3.7/site-packages/airflow/example_dags/example_task_group_decorator.py
[2023-07-01T00:10:10.873+0000] {processor.py:743} INFO - Processing file /home/airflow/.local/lib/python3.7/site-packages/airflow/example_dags/example_task_group_decorator.py for tasks to queue
[2023-07-01T00:10:10.874+0000] {logging_mixin.py:137} INFO - [2023-07-01T00:10:10.874+0000] {dagbag.py:532} INFO - Filling up the DagBag from /home/airflow/.local/lib/python3.7/site-packages/airflow/example_dags/example_task_group_decorator.py
[2023-07-01T00:10:10.906+0000] {processor.py:753} INFO - DAG(s) dict_keys(['example_task_group_decorator']) retrieved from /home/airflow/.local/lib/python3.7/site-packages/airflow/example_dags/example_task_group_decorator.py
[2023-07-01T00:10:10.929+0000] {logging_mixin.py:137} INFO - [2023-07-01T00:10:10.928+0000] {dag.py:2705} INFO - Sync 1 DAGs
[2023-07-01T00:10:10.946+0000] {logging_mixin.py:137} INFO - [2023-07-01T00:10:10.946+0000] {dag.py:3456} INFO - Setting next_dagrun for example_task_group_decorator to 2023-06-30T00:10:10.946706+00:00, run_after=2023-07-01T00:10:10.946706+00:00
[2023-07-01T00:10:10.958+0000] {processor.py:175} INFO - Processing /home/airflow/.local/lib/python3.7/site-packages/airflow/example_dags/example_task_group_decorator.py took 0.091 seconds
[2023-07-01T00:10:41.354+0000] {processor.py:153} INFO - Started process (PID=52581) to work on /home/airflow/.local/lib/python3.7/site-packages/airflow/example_dags/example_task_group_decorator.py
[2023-07-01T00:10:41.355+0000] {processor.py:743} INFO - Processing file /home/airflow/.local/lib/python3.7/site-packages/airflow/example_dags/example_task_group_decorator.py for tasks to queue
[2023-07-01T00:10:41.357+0000] {logging_mixin.py:137} INFO - [2023-07-01T00:10:41.356+0000] {dagbag.py:532} INFO - Filling up the DagBag from /home/airflow/.local/lib/python3.7/site-packages/airflow/example_dags/example_task_group_decorator.py
[2023-07-01T00:10:41.375+0000] {processor.py:753} INFO - DAG(s) dict_keys(['example_task_group_decorator']) retrieved from /home/airflow/.local/lib/python3.7/site-packages/airflow/example_dags/example_task_group_decorator.py
[2023-07-01T00:10:41.395+0000] {logging_mixin.py:137} INFO - [2023-07-01T00:10:41.395+0000] {dag.py:2705} INFO - Sync 1 DAGs
[2023-07-01T00:10:41.409+0000] {logging_mixin.py:137} INFO - [2023-07-01T00:10:41.409+0000] {dag.py:3456} INFO - Setting next_dagrun for example_task_group_decorator to 2023-06-30T00:10:41.409103+00:00, run_after=2023-07-01T00:10:41.409103+00:00
[2023-07-01T00:10:41.419+0000] {processor.py:175} INFO - Processing /home/airflow/.local/lib/python3.7/site-packages/airflow/example_dags/example_task_group_decorator.py took 0.067 seconds
[2023-07-01T00:11:12.215+0000] {processor.py:153} INFO - Started process (PID=52639) to work on /home/airflow/.local/lib/python3.7/site-packages/airflow/example_dags/example_task_group_decorator.py
[2023-07-01T00:11:12.216+0000] {processor.py:743} INFO - Processing file /home/airflow/.local/lib/python3.7/site-packages/airflow/example_dags/example_task_group_decorator.py for tasks to queue
[2023-07-01T00:11:12.217+0000] {logging_mixin.py:137} INFO - [2023-07-01T00:11:12.217+0000] {dagbag.py:532} INFO - Filling up the DagBag from /home/airflow/.local/lib/python3.7/site-packages/airflow/example_dags/example_task_group_decorator.py
[2023-07-01T00:11:12.235+0000] {processor.py:753} INFO - DAG(s) dict_keys(['example_task_group_decorator']) retrieved from /home/airflow/.local/lib/python3.7/site-packages/airflow/example_dags/example_task_group_decorator.py
[2023-07-01T00:11:12.254+0000] {logging_mixin.py:137} INFO - [2023-07-01T00:11:12.253+0000] {dag.py:2705} INFO - Sync 1 DAGs
[2023-07-01T00:11:12.267+0000] {logging_mixin.py:137} INFO - [2023-07-01T00:11:12.267+0000] {dag.py:3456} INFO - Setting next_dagrun for example_task_group_decorator to 2023-06-30T00:11:12.267490+00:00, run_after=2023-07-01T00:11:12.267490+00:00
[2023-07-01T00:11:12.277+0000] {processor.py:175} INFO - Processing /home/airflow/.local/lib/python3.7/site-packages/airflow/example_dags/example_task_group_decorator.py took 0.064 seconds
[2023-07-01T00:11:43.008+0000] {processor.py:153} INFO - Started process (PID=52696) to work on /home/airflow/.local/lib/python3.7/site-packages/airflow/example_dags/example_task_group_decorator.py
[2023-07-01T00:11:43.009+0000] {processor.py:743} INFO - Processing file /home/airflow/.local/lib/python3.7/site-packages/airflow/example_dags/example_task_group_decorator.py for tasks to queue
[2023-07-01T00:11:43.010+0000] {logging_mixin.py:137} INFO - [2023-07-01T00:11:43.010+0000] {dagbag.py:532} INFO - Filling up the DagBag from /home/airflow/.local/lib/python3.7/site-packages/airflow/example_dags/example_task_group_decorator.py
[2023-07-01T00:11:43.029+0000] {processor.py:753} INFO - DAG(s) dict_keys(['example_task_group_decorator']) retrieved from /home/airflow/.local/lib/python3.7/site-packages/airflow/example_dags/example_task_group_decorator.py
[2023-07-01T00:11:43.048+0000] {logging_mixin.py:137} INFO - [2023-07-01T00:11:43.048+0000] {dag.py:2705} INFO - Sync 1 DAGs
[2023-07-01T00:11:43.062+0000] {logging_mixin.py:137} INFO - [2023-07-01T00:11:43.062+0000] {dag.py:3456} INFO - Setting next_dagrun for example_task_group_decorator to 2023-06-30T00:11:43.062289+00:00, run_after=2023-07-01T00:11:43.062289+00:00
[2023-07-01T00:11:43.072+0000] {processor.py:175} INFO - Processing /home/airflow/.local/lib/python3.7/site-packages/airflow/example_dags/example_task_group_decorator.py took 0.066 seconds
[2023-07-01T00:12:13.715+0000] {processor.py:153} INFO - Started process (PID=52753) to work on /home/airflow/.local/lib/python3.7/site-packages/airflow/example_dags/example_task_group_decorator.py
[2023-07-01T00:12:13.716+0000] {processor.py:743} INFO - Processing file /home/airflow/.local/lib/python3.7/site-packages/airflow/example_dags/example_task_group_decorator.py for tasks to queue
[2023-07-01T00:12:13.716+0000] {logging_mixin.py:137} INFO - [2023-07-01T00:12:13.716+0000] {dagbag.py:532} INFO - Filling up the DagBag from /home/airflow/.local/lib/python3.7/site-packages/airflow/example_dags/example_task_group_decorator.py
[2023-07-01T00:12:13.733+0000] {processor.py:753} INFO - DAG(s) dict_keys(['example_task_group_decorator']) retrieved from /home/airflow/.local/lib/python3.7/site-packages/airflow/example_dags/example_task_group_decorator.py
[2023-07-01T00:12:13.752+0000] {logging_mixin.py:137} INFO - [2023-07-01T00:12:13.752+0000] {dag.py:2705} INFO - Sync 1 DAGs
[2023-07-01T00:12:13.765+0000] {logging_mixin.py:137} INFO - [2023-07-01T00:12:13.765+0000] {dag.py:3456} INFO - Setting next_dagrun for example_task_group_decorator to 2023-06-30T00:12:13.765647+00:00, run_after=2023-07-01T00:12:13.765647+00:00
[2023-07-01T00:12:13.774+0000] {processor.py:175} INFO - Processing /home/airflow/.local/lib/python3.7/site-packages/airflow/example_dags/example_task_group_decorator.py took 0.062 seconds
[2023-07-01T00:12:44.453+0000] {processor.py:153} INFO - Started process (PID=52810) to work on /home/airflow/.local/lib/python3.7/site-packages/airflow/example_dags/example_task_group_decorator.py
[2023-07-01T00:12:44.454+0000] {processor.py:743} INFO - Processing file /home/airflow/.local/lib/python3.7/site-packages/airflow/example_dags/example_task_group_decorator.py for tasks to queue
[2023-07-01T00:12:44.455+0000] {logging_mixin.py:137} INFO - [2023-07-01T00:12:44.455+0000] {dagbag.py:532} INFO - Filling up the DagBag from /home/airflow/.local/lib/python3.7/site-packages/airflow/example_dags/example_task_group_decorator.py
[2023-07-01T00:12:44.472+0000] {processor.py:753} INFO - DAG(s) dict_keys(['example_task_group_decorator']) retrieved from /home/airflow/.local/lib/python3.7/site-packages/airflow/example_dags/example_task_group_decorator.py
[2023-07-01T00:12:44.490+0000] {logging_mixin.py:137} INFO - [2023-07-01T00:12:44.490+0000] {dag.py:2705} INFO - Sync 1 DAGs
[2023-07-01T00:12:44.503+0000] {logging_mixin.py:137} INFO - [2023-07-01T00:12:44.503+0000] {dag.py:3456} INFO - Setting next_dagrun for example_task_group_decorator to 2023-06-30T00:12:44.503436+00:00, run_after=2023-07-01T00:12:44.503436+00:00
[2023-07-01T00:12:44.512+0000] {processor.py:175} INFO - Processing /home/airflow/.local/lib/python3.7/site-packages/airflow/example_dags/example_task_group_decorator.py took 0.061 seconds
[2023-07-01T00:13:15.226+0000] {processor.py:153} INFO - Started process (PID=52867) to work on /home/airflow/.local/lib/python3.7/site-packages/airflow/example_dags/example_task_group_decorator.py
[2023-07-01T00:13:15.227+0000] {processor.py:743} INFO - Processing file /home/airflow/.local/lib/python3.7/site-packages/airflow/example_dags/example_task_group_decorator.py for tasks to queue
[2023-07-01T00:13:15.228+0000] {logging_mixin.py:137} INFO - [2023-07-01T00:13:15.228+0000] {dagbag.py:532} INFO - Filling up the DagBag from /home/airflow/.local/lib/python3.7/site-packages/airflow/example_dags/example_task_group_decorator.py
[2023-07-01T00:13:15.246+0000] {processor.py:753} INFO - DAG(s) dict_keys(['example_task_group_decorator']) retrieved from /home/airflow/.local/lib/python3.7/site-packages/airflow/example_dags/example_task_group_decorator.py
[2023-07-01T00:13:15.266+0000] {logging_mixin.py:137} INFO - [2023-07-01T00:13:15.265+0000] {dag.py:2705} INFO - Sync 1 DAGs
[2023-07-01T00:13:15.280+0000] {logging_mixin.py:137} INFO - [2023-07-01T00:13:15.280+0000] {dag.py:3456} INFO - Setting next_dagrun for example_task_group_decorator to 2023-06-30T00:13:15.280576+00:00, run_after=2023-07-01T00:13:15.280576+00:00
[2023-07-01T00:13:15.290+0000] {processor.py:175} INFO - Processing /home/airflow/.local/lib/python3.7/site-packages/airflow/example_dags/example_task_group_decorator.py took 0.066 seconds
[2023-07-01T00:13:45.372+0000] {processor.py:153} INFO - Started process (PID=52925) to work on /home/airflow/.local/lib/python3.7/site-packages/airflow/example_dags/example_task_group_decorator.py
[2023-07-01T00:13:45.373+0000] {processor.py:743} INFO - Processing file /home/airflow/.local/lib/python3.7/site-packages/airflow/example_dags/example_task_group_decorator.py for tasks to queue
[2023-07-01T00:13:45.374+0000] {logging_mixin.py:137} INFO - [2023-07-01T00:13:45.374+0000] {dagbag.py:532} INFO - Filling up the DagBag from /home/airflow/.local/lib/python3.7/site-packages/airflow/example_dags/example_task_group_decorator.py
[2023-07-01T00:13:45.393+0000] {processor.py:753} INFO - DAG(s) dict_keys(['example_task_group_decorator']) retrieved from /home/airflow/.local/lib/python3.7/site-packages/airflow/example_dags/example_task_group_decorator.py
[2023-07-01T00:13:45.413+0000] {logging_mixin.py:137} INFO - [2023-07-01T00:13:45.413+0000] {dag.py:2705} INFO - Sync 1 DAGs
[2023-07-01T00:13:45.427+0000] {logging_mixin.py:137} INFO - [2023-07-01T00:13:45.427+0000] {dag.py:3456} INFO - Setting next_dagrun for example_task_group_decorator to 2023-06-30T00:13:45.427701+00:00, run_after=2023-07-01T00:13:45.427701+00:00
[2023-07-01T00:13:45.437+0000] {processor.py:175} INFO - Processing /home/airflow/.local/lib/python3.7/site-packages/airflow/example_dags/example_task_group_decorator.py took 0.068 seconds
[2023-07-01T00:14:15.515+0000] {processor.py:153} INFO - Started process (PID=52982) to work on /home/airflow/.local/lib/python3.7/site-packages/airflow/example_dags/example_task_group_decorator.py
[2023-07-01T00:14:15.516+0000] {processor.py:743} INFO - Processing file /home/airflow/.local/lib/python3.7/site-packages/airflow/example_dags/example_task_group_decorator.py for tasks to queue
[2023-07-01T00:14:15.517+0000] {logging_mixin.py:137} INFO - [2023-07-01T00:14:15.517+0000] {dagbag.py:532} INFO - Filling up the DagBag from /home/airflow/.local/lib/python3.7/site-packages/airflow/example_dags/example_task_group_decorator.py
[2023-07-01T00:14:15.535+0000] {processor.py:753} INFO - DAG(s) dict_keys(['example_task_group_decorator']) retrieved from /home/airflow/.local/lib/python3.7/site-packages/airflow/example_dags/example_task_group_decorator.py
[2023-07-01T00:14:15.555+0000] {logging_mixin.py:137} INFO - [2023-07-01T00:14:15.555+0000] {dag.py:2705} INFO - Sync 1 DAGs
[2023-07-01T00:14:15.570+0000] {logging_mixin.py:137} INFO - [2023-07-01T00:14:15.570+0000] {dag.py:3456} INFO - Setting next_dagrun for example_task_group_decorator to 2023-06-30T00:14:15.569876+00:00, run_after=2023-07-01T00:14:15.569876+00:00
[2023-07-01T00:14:15.579+0000] {processor.py:175} INFO - Processing /home/airflow/.local/lib/python3.7/site-packages/airflow/example_dags/example_task_group_decorator.py took 0.066 seconds
[2023-07-01T00:14:45.851+0000] {processor.py:153} INFO - Started process (PID=53039) to work on /home/airflow/.local/lib/python3.7/site-packages/airflow/example_dags/example_task_group_decorator.py
[2023-07-01T00:14:45.852+0000] {processor.py:743} INFO - Processing file /home/airflow/.local/lib/python3.7/site-packages/airflow/example_dags/example_task_group_decorator.py for tasks to queue
[2023-07-01T00:14:45.853+0000] {logging_mixin.py:137} INFO - [2023-07-01T00:14:45.853+0000] {dagbag.py:532} INFO - Filling up the DagBag from /home/airflow/.local/lib/python3.7/site-packages/airflow/example_dags/example_task_group_decorator.py
[2023-07-01T00:14:45.871+0000] {processor.py:753} INFO - DAG(s) dict_keys(['example_task_group_decorator']) retrieved from /home/airflow/.local/lib/python3.7/site-packages/airflow/example_dags/example_task_group_decorator.py
[2023-07-01T00:14:45.892+0000] {logging_mixin.py:137} INFO - [2023-07-01T00:14:45.892+0000] {dag.py:2705} INFO - Sync 1 DAGs
[2023-07-01T00:14:45.906+0000] {logging_mixin.py:137} INFO - [2023-07-01T00:14:45.905+0000] {dag.py:3456} INFO - Setting next_dagrun for example_task_group_decorator to 2023-06-30T00:14:45.905824+00:00, run_after=2023-07-01T00:14:45.905824+00:00
[2023-07-01T00:14:45.916+0000] {processor.py:175} INFO - Processing /home/airflow/.local/lib/python3.7/site-packages/airflow/example_dags/example_task_group_decorator.py took 0.067 seconds
[2023-07-01T00:15:16.235+0000] {processor.py:153} INFO - Started process (PID=53096) to work on /home/airflow/.local/lib/python3.7/site-packages/airflow/example_dags/example_task_group_decorator.py
[2023-07-01T00:15:16.236+0000] {processor.py:743} INFO - Processing file /home/airflow/.local/lib/python3.7/site-packages/airflow/example_dags/example_task_group_decorator.py for tasks to queue
[2023-07-01T00:15:16.237+0000] {logging_mixin.py:137} INFO - [2023-07-01T00:15:16.237+0000] {dagbag.py:532} INFO - Filling up the DagBag from /home/airflow/.local/lib/python3.7/site-packages/airflow/example_dags/example_task_group_decorator.py
[2023-07-01T00:15:16.256+0000] {processor.py:753} INFO - DAG(s) dict_keys(['example_task_group_decorator']) retrieved from /home/airflow/.local/lib/python3.7/site-packages/airflow/example_dags/example_task_group_decorator.py
[2023-07-01T00:15:16.276+0000] {logging_mixin.py:137} INFO - [2023-07-01T00:15:16.276+0000] {dag.py:2705} INFO - Sync 1 DAGs
[2023-07-01T00:15:16.291+0000] {logging_mixin.py:137} INFO - [2023-07-01T00:15:16.291+0000] {dag.py:3456} INFO - Setting next_dagrun for example_task_group_decorator to 2023-06-30T00:15:16.291006+00:00, run_after=2023-07-01T00:15:16.291006+00:00
[2023-07-01T00:15:16.301+0000] {processor.py:175} INFO - Processing /home/airflow/.local/lib/python3.7/site-packages/airflow/example_dags/example_task_group_decorator.py took 0.069 seconds
[2023-07-01T00:15:46.424+0000] {processor.py:153} INFO - Started process (PID=53152) to work on /home/airflow/.local/lib/python3.7/site-packages/airflow/example_dags/example_task_group_decorator.py
[2023-07-01T00:15:46.425+0000] {processor.py:743} INFO - Processing file /home/airflow/.local/lib/python3.7/site-packages/airflow/example_dags/example_task_group_decorator.py for tasks to queue
[2023-07-01T00:15:46.426+0000] {logging_mixin.py:137} INFO - [2023-07-01T00:15:46.426+0000] {dagbag.py:532} INFO - Filling up the DagBag from /home/airflow/.local/lib/python3.7/site-packages/airflow/example_dags/example_task_group_decorator.py
[2023-07-01T00:15:46.446+0000] {processor.py:753} INFO - DAG(s) dict_keys(['example_task_group_decorator']) retrieved from /home/airflow/.local/lib/python3.7/site-packages/airflow/example_dags/example_task_group_decorator.py
[2023-07-01T00:15:46.466+0000] {logging_mixin.py:137} INFO - [2023-07-01T00:15:46.466+0000] {dag.py:2705} INFO - Sync 1 DAGs
[2023-07-01T00:15:46.481+0000] {logging_mixin.py:137} INFO - [2023-07-01T00:15:46.481+0000] {dag.py:3456} INFO - Setting next_dagrun for example_task_group_decorator to 2023-06-30T00:15:46.480967+00:00, run_after=2023-07-01T00:15:46.480967+00:00
[2023-07-01T00:15:46.490+0000] {processor.py:175} INFO - Processing /home/airflow/.local/lib/python3.7/site-packages/airflow/example_dags/example_task_group_decorator.py took 0.069 seconds
[2023-07-01T00:16:16.625+0000] {processor.py:153} INFO - Started process (PID=53209) to work on /home/airflow/.local/lib/python3.7/site-packages/airflow/example_dags/example_task_group_decorator.py
[2023-07-01T00:16:16.626+0000] {processor.py:743} INFO - Processing file /home/airflow/.local/lib/python3.7/site-packages/airflow/example_dags/example_task_group_decorator.py for tasks to queue
[2023-07-01T00:16:16.627+0000] {logging_mixin.py:137} INFO - [2023-07-01T00:16:16.627+0000] {dagbag.py:532} INFO - Filling up the DagBag from /home/airflow/.local/lib/python3.7/site-packages/airflow/example_dags/example_task_group_decorator.py
[2023-07-01T00:16:16.645+0000] {processor.py:753} INFO - DAG(s) dict_keys(['example_task_group_decorator']) retrieved from /home/airflow/.local/lib/python3.7/site-packages/airflow/example_dags/example_task_group_decorator.py
[2023-07-01T00:16:16.664+0000] {logging_mixin.py:137} INFO - [2023-07-01T00:16:16.664+0000] {dag.py:2705} INFO - Sync 1 DAGs
[2023-07-01T00:16:16.679+0000] {logging_mixin.py:137} INFO - [2023-07-01T00:16:16.679+0000] {dag.py:3456} INFO - Setting next_dagrun for example_task_group_decorator to 2023-06-30T00:16:16.679745+00:00, run_after=2023-07-01T00:16:16.679745+00:00
[2023-07-01T00:16:16.690+0000] {processor.py:175} INFO - Processing /home/airflow/.local/lib/python3.7/site-packages/airflow/example_dags/example_task_group_decorator.py took 0.067 seconds
[2023-07-01T00:16:47.143+0000] {processor.py:153} INFO - Started process (PID=53266) to work on /home/airflow/.local/lib/python3.7/site-packages/airflow/example_dags/example_task_group_decorator.py
[2023-07-01T00:16:47.143+0000] {processor.py:743} INFO - Processing file /home/airflow/.local/lib/python3.7/site-packages/airflow/example_dags/example_task_group_decorator.py for tasks to queue
[2023-07-01T00:16:47.144+0000] {logging_mixin.py:137} INFO - [2023-07-01T00:16:47.144+0000] {dagbag.py:532} INFO - Filling up the DagBag from /home/airflow/.local/lib/python3.7/site-packages/airflow/example_dags/example_task_group_decorator.py
[2023-07-01T00:16:47.162+0000] {processor.py:753} INFO - DAG(s) dict_keys(['example_task_group_decorator']) retrieved from /home/airflow/.local/lib/python3.7/site-packages/airflow/example_dags/example_task_group_decorator.py
[2023-07-01T00:16:47.184+0000] {logging_mixin.py:137} INFO - [2023-07-01T00:16:47.184+0000] {dag.py:2705} INFO - Sync 1 DAGs
[2023-07-01T00:16:47.201+0000] {logging_mixin.py:137} INFO - [2023-07-01T00:16:47.201+0000] {dag.py:3456} INFO - Setting next_dagrun for example_task_group_decorator to 2023-06-30T00:16:47.201026+00:00, run_after=2023-07-01T00:16:47.201026+00:00
[2023-07-01T00:16:47.212+0000] {processor.py:175} INFO - Processing /home/airflow/.local/lib/python3.7/site-packages/airflow/example_dags/example_task_group_decorator.py took 0.072 seconds
[2023-07-01T00:17:18.262+0000] {processor.py:153} INFO - Started process (PID=53323) to work on /home/airflow/.local/lib/python3.7/site-packages/airflow/example_dags/example_task_group_decorator.py
[2023-07-01T00:17:18.263+0000] {processor.py:743} INFO - Processing file /home/airflow/.local/lib/python3.7/site-packages/airflow/example_dags/example_task_group_decorator.py for tasks to queue
[2023-07-01T00:17:18.264+0000] {logging_mixin.py:137} INFO - [2023-07-01T00:17:18.264+0000] {dagbag.py:532} INFO - Filling up the DagBag from /home/airflow/.local/lib/python3.7/site-packages/airflow/example_dags/example_task_group_decorator.py
[2023-07-01T00:17:18.282+0000] {processor.py:753} INFO - DAG(s) dict_keys(['example_task_group_decorator']) retrieved from /home/airflow/.local/lib/python3.7/site-packages/airflow/example_dags/example_task_group_decorator.py
[2023-07-01T00:17:18.301+0000] {logging_mixin.py:137} INFO - [2023-07-01T00:17:18.301+0000] {dag.py:2705} INFO - Sync 1 DAGs
[2023-07-01T00:17:18.317+0000] {logging_mixin.py:137} INFO - [2023-07-01T00:17:18.317+0000] {dag.py:3456} INFO - Setting next_dagrun for example_task_group_decorator to 2023-06-30T00:17:18.317141+00:00, run_after=2023-07-01T00:17:18.317141+00:00
[2023-07-01T00:17:18.327+0000] {processor.py:175} INFO - Processing /home/airflow/.local/lib/python3.7/site-packages/airflow/example_dags/example_task_group_decorator.py took 0.068 seconds
[2023-07-01T00:17:49.035+0000] {processor.py:153} INFO - Started process (PID=53380) to work on /home/airflow/.local/lib/python3.7/site-packages/airflow/example_dags/example_task_group_decorator.py
[2023-07-01T00:17:49.036+0000] {processor.py:743} INFO - Processing file /home/airflow/.local/lib/python3.7/site-packages/airflow/example_dags/example_task_group_decorator.py for tasks to queue
[2023-07-01T00:17:49.037+0000] {logging_mixin.py:137} INFO - [2023-07-01T00:17:49.037+0000] {dagbag.py:532} INFO - Filling up the DagBag from /home/airflow/.local/lib/python3.7/site-packages/airflow/example_dags/example_task_group_decorator.py
[2023-07-01T00:17:49.056+0000] {processor.py:753} INFO - DAG(s) dict_keys(['example_task_group_decorator']) retrieved from /home/airflow/.local/lib/python3.7/site-packages/airflow/example_dags/example_task_group_decorator.py
[2023-07-01T00:17:49.075+0000] {logging_mixin.py:137} INFO - [2023-07-01T00:17:49.075+0000] {dag.py:2705} INFO - Sync 1 DAGs
[2023-07-01T00:17:49.089+0000] {logging_mixin.py:137} INFO - [2023-07-01T00:17:49.089+0000] {dag.py:3456} INFO - Setting next_dagrun for example_task_group_decorator to 2023-06-30T00:17:49.089375+00:00, run_after=2023-07-01T00:17:49.089375+00:00
[2023-07-01T00:17:49.099+0000] {processor.py:175} INFO - Processing /home/airflow/.local/lib/python3.7/site-packages/airflow/example_dags/example_task_group_decorator.py took 0.066 seconds
[2023-07-01T00:18:19.738+0000] {processor.py:153} INFO - Started process (PID=53437) to work on /home/airflow/.local/lib/python3.7/site-packages/airflow/example_dags/example_task_group_decorator.py
[2023-07-01T00:18:19.739+0000] {processor.py:743} INFO - Processing file /home/airflow/.local/lib/python3.7/site-packages/airflow/example_dags/example_task_group_decorator.py for tasks to queue
[2023-07-01T00:18:19.740+0000] {logging_mixin.py:137} INFO - [2023-07-01T00:18:19.740+0000] {dagbag.py:532} INFO - Filling up the DagBag from /home/airflow/.local/lib/python3.7/site-packages/airflow/example_dags/example_task_group_decorator.py
[2023-07-01T00:18:19.759+0000] {processor.py:753} INFO - DAG(s) dict_keys(['example_task_group_decorator']) retrieved from /home/airflow/.local/lib/python3.7/site-packages/airflow/example_dags/example_task_group_decorator.py
[2023-07-01T00:18:19.779+0000] {logging_mixin.py:137} INFO - [2023-07-01T00:18:19.779+0000] {dag.py:2705} INFO - Sync 1 DAGs
[2023-07-01T00:18:19.794+0000] {logging_mixin.py:137} INFO - [2023-07-01T00:18:19.794+0000] {dag.py:3456} INFO - Setting next_dagrun for example_task_group_decorator to 2023-06-30T00:18:19.794301+00:00, run_after=2023-07-01T00:18:19.794301+00:00
[2023-07-01T00:18:19.804+0000] {processor.py:175} INFO - Processing /home/airflow/.local/lib/python3.7/site-packages/airflow/example_dags/example_task_group_decorator.py took 0.069 seconds
[2023-07-01T00:18:50.805+0000] {processor.py:153} INFO - Started process (PID=53494) to work on /home/airflow/.local/lib/python3.7/site-packages/airflow/example_dags/example_task_group_decorator.py
[2023-07-01T00:18:50.805+0000] {processor.py:743} INFO - Processing file /home/airflow/.local/lib/python3.7/site-packages/airflow/example_dags/example_task_group_decorator.py for tasks to queue
[2023-07-01T00:18:50.806+0000] {logging_mixin.py:137} INFO - [2023-07-01T00:18:50.806+0000] {dagbag.py:532} INFO - Filling up the DagBag from /home/airflow/.local/lib/python3.7/site-packages/airflow/example_dags/example_task_group_decorator.py
[2023-07-01T00:18:50.826+0000] {processor.py:753} INFO - DAG(s) dict_keys(['example_task_group_decorator']) retrieved from /home/airflow/.local/lib/python3.7/site-packages/airflow/example_dags/example_task_group_decorator.py
[2023-07-01T00:18:50.846+0000] {logging_mixin.py:137} INFO - [2023-07-01T00:18:50.846+0000] {dag.py:2705} INFO - Sync 1 DAGs
[2023-07-01T00:18:50.862+0000] {logging_mixin.py:137} INFO - [2023-07-01T00:18:50.862+0000] {dag.py:3456} INFO - Setting next_dagrun for example_task_group_decorator to 2023-06-30T00:18:50.861898+00:00, run_after=2023-07-01T00:18:50.861898+00:00
[2023-07-01T00:18:50.873+0000] {processor.py:175} INFO - Processing /home/airflow/.local/lib/python3.7/site-packages/airflow/example_dags/example_task_group_decorator.py took 0.071 seconds
[2023-07-01T00:19:21.058+0000] {processor.py:153} INFO - Started process (PID=53552) to work on /home/airflow/.local/lib/python3.7/site-packages/airflow/example_dags/example_task_group_decorator.py
[2023-07-01T00:19:21.059+0000] {processor.py:743} INFO - Processing file /home/airflow/.local/lib/python3.7/site-packages/airflow/example_dags/example_task_group_decorator.py for tasks to queue
[2023-07-01T00:19:21.059+0000] {logging_mixin.py:137} INFO - [2023-07-01T00:19:21.059+0000] {dagbag.py:532} INFO - Filling up the DagBag from /home/airflow/.local/lib/python3.7/site-packages/airflow/example_dags/example_task_group_decorator.py
[2023-07-01T00:19:21.077+0000] {processor.py:753} INFO - DAG(s) dict_keys(['example_task_group_decorator']) retrieved from /home/airflow/.local/lib/python3.7/site-packages/airflow/example_dags/example_task_group_decorator.py
[2023-07-01T00:19:21.098+0000] {logging_mixin.py:137} INFO - [2023-07-01T00:19:21.098+0000] {dag.py:2705} INFO - Sync 1 DAGs
[2023-07-01T00:19:21.118+0000] {logging_mixin.py:137} INFO - [2023-07-01T00:19:21.118+0000] {dag.py:3456} INFO - Setting next_dagrun for example_task_group_decorator to 2023-06-30T00:19:21.118167+00:00, run_after=2023-07-01T00:19:21.118167+00:00
[2023-07-01T00:19:21.129+0000] {processor.py:175} INFO - Processing /home/airflow/.local/lib/python3.7/site-packages/airflow/example_dags/example_task_group_decorator.py took 0.074 seconds
[2023-07-01T00:19:51.544+0000] {processor.py:153} INFO - Started process (PID=53609) to work on /home/airflow/.local/lib/python3.7/site-packages/airflow/example_dags/example_task_group_decorator.py
[2023-07-01T00:19:51.544+0000] {processor.py:743} INFO - Processing file /home/airflow/.local/lib/python3.7/site-packages/airflow/example_dags/example_task_group_decorator.py for tasks to queue
[2023-07-01T00:19:51.545+0000] {logging_mixin.py:137} INFO - [2023-07-01T00:19:51.545+0000] {dagbag.py:532} INFO - Filling up the DagBag from /home/airflow/.local/lib/python3.7/site-packages/airflow/example_dags/example_task_group_decorator.py
[2023-07-01T00:19:51.564+0000] {processor.py:753} INFO - DAG(s) dict_keys(['example_task_group_decorator']) retrieved from /home/airflow/.local/lib/python3.7/site-packages/airflow/example_dags/example_task_group_decorator.py
[2023-07-01T00:19:51.585+0000] {logging_mixin.py:137} INFO - [2023-07-01T00:19:51.585+0000] {dag.py:2705} INFO - Sync 1 DAGs
[2023-07-01T00:19:51.600+0000] {logging_mixin.py:137} INFO - [2023-07-01T00:19:51.600+0000] {dag.py:3456} INFO - Setting next_dagrun for example_task_group_decorator to 2023-06-30T00:19:51.600596+00:00, run_after=2023-07-01T00:19:51.600596+00:00
[2023-07-01T00:19:51.611+0000] {processor.py:175} INFO - Processing /home/airflow/.local/lib/python3.7/site-packages/airflow/example_dags/example_task_group_decorator.py took 0.069 seconds
[2023-07-01T00:20:21.844+0000] {processor.py:153} INFO - Started process (PID=53666) to work on /home/airflow/.local/lib/python3.7/site-packages/airflow/example_dags/example_task_group_decorator.py
[2023-07-01T00:20:21.845+0000] {processor.py:743} INFO - Processing file /home/airflow/.local/lib/python3.7/site-packages/airflow/example_dags/example_task_group_decorator.py for tasks to queue
[2023-07-01T00:20:21.845+0000] {logging_mixin.py:137} INFO - [2023-07-01T00:20:21.845+0000] {dagbag.py:532} INFO - Filling up the DagBag from /home/airflow/.local/lib/python3.7/site-packages/airflow/example_dags/example_task_group_decorator.py
[2023-07-01T00:20:21.862+0000] {processor.py:753} INFO - DAG(s) dict_keys(['example_task_group_decorator']) retrieved from /home/airflow/.local/lib/python3.7/site-packages/airflow/example_dags/example_task_group_decorator.py
[2023-07-01T00:20:21.881+0000] {logging_mixin.py:137} INFO - [2023-07-01T00:20:21.881+0000] {dag.py:2705} INFO - Sync 1 DAGs
[2023-07-01T00:20:21.895+0000] {logging_mixin.py:137} INFO - [2023-07-01T00:20:21.895+0000] {dag.py:3456} INFO - Setting next_dagrun for example_task_group_decorator to 2023-06-30T00:20:21.895570+00:00, run_after=2023-07-01T00:20:21.895570+00:00
[2023-07-01T00:20:21.905+0000] {processor.py:175} INFO - Processing /home/airflow/.local/lib/python3.7/site-packages/airflow/example_dags/example_task_group_decorator.py took 0.063 seconds
[2023-07-01T00:20:52.005+0000] {processor.py:153} INFO - Started process (PID=53724) to work on /home/airflow/.local/lib/python3.7/site-packages/airflow/example_dags/example_task_group_decorator.py
[2023-07-01T00:20:52.006+0000] {processor.py:743} INFO - Processing file /home/airflow/.local/lib/python3.7/site-packages/airflow/example_dags/example_task_group_decorator.py for tasks to queue
[2023-07-01T00:20:52.007+0000] {logging_mixin.py:137} INFO - [2023-07-01T00:20:52.007+0000] {dagbag.py:532} INFO - Filling up the DagBag from /home/airflow/.local/lib/python3.7/site-packages/airflow/example_dags/example_task_group_decorator.py
[2023-07-01T00:20:52.026+0000] {processor.py:753} INFO - DAG(s) dict_keys(['example_task_group_decorator']) retrieved from /home/airflow/.local/lib/python3.7/site-packages/airflow/example_dags/example_task_group_decorator.py
[2023-07-01T00:20:52.045+0000] {logging_mixin.py:137} INFO - [2023-07-01T00:20:52.045+0000] {dag.py:2705} INFO - Sync 1 DAGs
[2023-07-01T00:20:52.059+0000] {logging_mixin.py:137} INFO - [2023-07-01T00:20:52.059+0000] {dag.py:3456} INFO - Setting next_dagrun for example_task_group_decorator to 2023-06-30T00:20:52.058902+00:00, run_after=2023-07-01T00:20:52.058902+00:00
[2023-07-01T00:20:52.069+0000] {processor.py:175} INFO - Processing /home/airflow/.local/lib/python3.7/site-packages/airflow/example_dags/example_task_group_decorator.py took 0.066 seconds
[2023-07-01T00:21:22.249+0000] {processor.py:153} INFO - Started process (PID=53782) to work on /home/airflow/.local/lib/python3.7/site-packages/airflow/example_dags/example_task_group_decorator.py
[2023-07-01T00:21:22.250+0000] {processor.py:743} INFO - Processing file /home/airflow/.local/lib/python3.7/site-packages/airflow/example_dags/example_task_group_decorator.py for tasks to queue
[2023-07-01T00:21:22.251+0000] {logging_mixin.py:137} INFO - [2023-07-01T00:21:22.251+0000] {dagbag.py:532} INFO - Filling up the DagBag from /home/airflow/.local/lib/python3.7/site-packages/airflow/example_dags/example_task_group_decorator.py
[2023-07-01T00:21:22.270+0000] {processor.py:753} INFO - DAG(s) dict_keys(['example_task_group_decorator']) retrieved from /home/airflow/.local/lib/python3.7/site-packages/airflow/example_dags/example_task_group_decorator.py
[2023-07-01T00:21:22.291+0000] {logging_mixin.py:137} INFO - [2023-07-01T00:21:22.291+0000] {dag.py:2705} INFO - Sync 1 DAGs
[2023-07-01T00:21:22.305+0000] {logging_mixin.py:137} INFO - [2023-07-01T00:21:22.305+0000] {dag.py:3456} INFO - Setting next_dagrun for example_task_group_decorator to 2023-06-30T00:21:22.305056+00:00, run_after=2023-07-01T00:21:22.305056+00:00
[2023-07-01T00:21:22.314+0000] {processor.py:175} INFO - Processing /home/airflow/.local/lib/python3.7/site-packages/airflow/example_dags/example_task_group_decorator.py took 0.068 seconds
[2023-07-01T00:21:52.974+0000] {processor.py:153} INFO - Started process (PID=53839) to work on /home/airflow/.local/lib/python3.7/site-packages/airflow/example_dags/example_task_group_decorator.py
[2023-07-01T00:21:52.975+0000] {processor.py:743} INFO - Processing file /home/airflow/.local/lib/python3.7/site-packages/airflow/example_dags/example_task_group_decorator.py for tasks to queue
[2023-07-01T00:21:52.976+0000] {logging_mixin.py:137} INFO - [2023-07-01T00:21:52.976+0000] {dagbag.py:532} INFO - Filling up the DagBag from /home/airflow/.local/lib/python3.7/site-packages/airflow/example_dags/example_task_group_decorator.py
[2023-07-01T00:21:52.994+0000] {processor.py:753} INFO - DAG(s) dict_keys(['example_task_group_decorator']) retrieved from /home/airflow/.local/lib/python3.7/site-packages/airflow/example_dags/example_task_group_decorator.py
[2023-07-01T00:21:53.014+0000] {logging_mixin.py:137} INFO - [2023-07-01T00:21:53.013+0000] {dag.py:2705} INFO - Sync 1 DAGs
[2023-07-01T00:21:53.028+0000] {logging_mixin.py:137} INFO - [2023-07-01T00:21:53.028+0000] {dag.py:3456} INFO - Setting next_dagrun for example_task_group_decorator to 2023-06-30T00:21:53.027900+00:00, run_after=2023-07-01T00:21:53.027900+00:00
[2023-07-01T00:21:53.040+0000] {processor.py:175} INFO - Processing /home/airflow/.local/lib/python3.7/site-packages/airflow/example_dags/example_task_group_decorator.py took 0.069 seconds
[2023-07-01T00:22:23.860+0000] {processor.py:153} INFO - Started process (PID=53896) to work on /home/airflow/.local/lib/python3.7/site-packages/airflow/example_dags/example_task_group_decorator.py
[2023-07-01T00:22:23.861+0000] {processor.py:743} INFO - Processing file /home/airflow/.local/lib/python3.7/site-packages/airflow/example_dags/example_task_group_decorator.py for tasks to queue
[2023-07-01T00:22:23.862+0000] {logging_mixin.py:137} INFO - [2023-07-01T00:22:23.862+0000] {dagbag.py:532} INFO - Filling up the DagBag from /home/airflow/.local/lib/python3.7/site-packages/airflow/example_dags/example_task_group_decorator.py
[2023-07-01T00:22:23.880+0000] {processor.py:753} INFO - DAG(s) dict_keys(['example_task_group_decorator']) retrieved from /home/airflow/.local/lib/python3.7/site-packages/airflow/example_dags/example_task_group_decorator.py
[2023-07-01T00:22:23.898+0000] {logging_mixin.py:137} INFO - [2023-07-01T00:22:23.898+0000] {dag.py:2705} INFO - Sync 1 DAGs
[2023-07-01T00:22:23.912+0000] {logging_mixin.py:137} INFO - [2023-07-01T00:22:23.912+0000] {dag.py:3456} INFO - Setting next_dagrun for example_task_group_decorator to 2023-06-30T00:22:23.912248+00:00, run_after=2023-07-01T00:22:23.912248+00:00
[2023-07-01T00:22:23.921+0000] {processor.py:175} INFO - Processing /home/airflow/.local/lib/python3.7/site-packages/airflow/example_dags/example_task_group_decorator.py took 0.063 seconds
[2023-07-01T00:22:54.416+0000] {processor.py:153} INFO - Started process (PID=53953) to work on /home/airflow/.local/lib/python3.7/site-packages/airflow/example_dags/example_task_group_decorator.py
[2023-07-01T00:22:54.417+0000] {processor.py:743} INFO - Processing file /home/airflow/.local/lib/python3.7/site-packages/airflow/example_dags/example_task_group_decorator.py for tasks to queue
[2023-07-01T00:22:54.418+0000] {logging_mixin.py:137} INFO - [2023-07-01T00:22:54.418+0000] {dagbag.py:532} INFO - Filling up the DagBag from /home/airflow/.local/lib/python3.7/site-packages/airflow/example_dags/example_task_group_decorator.py
[2023-07-01T00:22:54.436+0000] {processor.py:753} INFO - DAG(s) dict_keys(['example_task_group_decorator']) retrieved from /home/airflow/.local/lib/python3.7/site-packages/airflow/example_dags/example_task_group_decorator.py
[2023-07-01T00:22:54.455+0000] {logging_mixin.py:137} INFO - [2023-07-01T00:22:54.455+0000] {dag.py:2705} INFO - Sync 1 DAGs
[2023-07-01T00:22:54.468+0000] {logging_mixin.py:137} INFO - [2023-07-01T00:22:54.468+0000] {dag.py:3456} INFO - Setting next_dagrun for example_task_group_decorator to 2023-06-30T00:22:54.468312+00:00, run_after=2023-07-01T00:22:54.468312+00:00
[2023-07-01T00:22:54.479+0000] {processor.py:175} INFO - Processing /home/airflow/.local/lib/python3.7/site-packages/airflow/example_dags/example_task_group_decorator.py took 0.065 seconds
[2023-07-01T00:23:25.111+0000] {processor.py:153} INFO - Started process (PID=54010) to work on /home/airflow/.local/lib/python3.7/site-packages/airflow/example_dags/example_task_group_decorator.py
[2023-07-01T00:23:25.112+0000] {processor.py:743} INFO - Processing file /home/airflow/.local/lib/python3.7/site-packages/airflow/example_dags/example_task_group_decorator.py for tasks to queue
[2023-07-01T00:23:25.112+0000] {logging_mixin.py:137} INFO - [2023-07-01T00:23:25.112+0000] {dagbag.py:532} INFO - Filling up the DagBag from /home/airflow/.local/lib/python3.7/site-packages/airflow/example_dags/example_task_group_decorator.py
[2023-07-01T00:23:25.130+0000] {processor.py:753} INFO - DAG(s) dict_keys(['example_task_group_decorator']) retrieved from /home/airflow/.local/lib/python3.7/site-packages/airflow/example_dags/example_task_group_decorator.py
[2023-07-01T00:23:25.150+0000] {logging_mixin.py:137} INFO - [2023-07-01T00:23:25.150+0000] {dag.py:2705} INFO - Sync 1 DAGs
[2023-07-01T00:23:25.163+0000] {logging_mixin.py:137} INFO - [2023-07-01T00:23:25.163+0000] {dag.py:3456} INFO - Setting next_dagrun for example_task_group_decorator to 2023-06-30T00:23:25.163626+00:00, run_after=2023-07-01T00:23:25.163626+00:00
[2023-07-01T00:23:25.173+0000] {processor.py:175} INFO - Processing /home/airflow/.local/lib/python3.7/site-packages/airflow/example_dags/example_task_group_decorator.py took 0.065 seconds
[2023-07-01T00:23:55.991+0000] {processor.py:153} INFO - Started process (PID=54067) to work on /home/airflow/.local/lib/python3.7/site-packages/airflow/example_dags/example_task_group_decorator.py
[2023-07-01T00:23:55.992+0000] {processor.py:743} INFO - Processing file /home/airflow/.local/lib/python3.7/site-packages/airflow/example_dags/example_task_group_decorator.py for tasks to queue
[2023-07-01T00:23:55.993+0000] {logging_mixin.py:137} INFO - [2023-07-01T00:23:55.993+0000] {dagbag.py:532} INFO - Filling up the DagBag from /home/airflow/.local/lib/python3.7/site-packages/airflow/example_dags/example_task_group_decorator.py
[2023-07-01T00:23:56.010+0000] {processor.py:753} INFO - DAG(s) dict_keys(['example_task_group_decorator']) retrieved from /home/airflow/.local/lib/python3.7/site-packages/airflow/example_dags/example_task_group_decorator.py
[2023-07-01T00:23:56.030+0000] {logging_mixin.py:137} INFO - [2023-07-01T00:23:56.029+0000] {dag.py:2705} INFO - Sync 1 DAGs
[2023-07-01T00:23:56.044+0000] {logging_mixin.py:137} INFO - [2023-07-01T00:23:56.044+0000] {dag.py:3456} INFO - Setting next_dagrun for example_task_group_decorator to 2023-06-30T00:23:56.043857+00:00, run_after=2023-07-01T00:23:56.043857+00:00
[2023-07-01T00:23:56.053+0000] {processor.py:175} INFO - Processing /home/airflow/.local/lib/python3.7/site-packages/airflow/example_dags/example_task_group_decorator.py took 0.065 seconds
[2023-07-01T00:24:26.629+0000] {processor.py:153} INFO - Started process (PID=54124) to work on /home/airflow/.local/lib/python3.7/site-packages/airflow/example_dags/example_task_group_decorator.py
[2023-07-01T00:24:26.630+0000] {processor.py:743} INFO - Processing file /home/airflow/.local/lib/python3.7/site-packages/airflow/example_dags/example_task_group_decorator.py for tasks to queue
[2023-07-01T00:24:26.630+0000] {logging_mixin.py:137} INFO - [2023-07-01T00:24:26.630+0000] {dagbag.py:532} INFO - Filling up the DagBag from /home/airflow/.local/lib/python3.7/site-packages/airflow/example_dags/example_task_group_decorator.py
[2023-07-01T00:24:26.647+0000] {processor.py:753} INFO - DAG(s) dict_keys(['example_task_group_decorator']) retrieved from /home/airflow/.local/lib/python3.7/site-packages/airflow/example_dags/example_task_group_decorator.py
[2023-07-01T00:24:26.666+0000] {logging_mixin.py:137} INFO - [2023-07-01T00:24:26.666+0000] {dag.py:2705} INFO - Sync 1 DAGs
[2023-07-01T00:24:26.680+0000] {logging_mixin.py:137} INFO - [2023-07-01T00:24:26.680+0000] {dag.py:3456} INFO - Setting next_dagrun for example_task_group_decorator to 2023-06-30T00:24:26.680446+00:00, run_after=2023-07-01T00:24:26.680446+00:00
[2023-07-01T00:24:26.690+0000] {processor.py:175} INFO - Processing /home/airflow/.local/lib/python3.7/site-packages/airflow/example_dags/example_task_group_decorator.py took 0.063 seconds
[2023-07-01T00:24:57.430+0000] {processor.py:153} INFO - Started process (PID=54180) to work on /home/airflow/.local/lib/python3.7/site-packages/airflow/example_dags/example_task_group_decorator.py
[2023-07-01T00:24:57.431+0000] {processor.py:743} INFO - Processing file /home/airflow/.local/lib/python3.7/site-packages/airflow/example_dags/example_task_group_decorator.py for tasks to queue
[2023-07-01T00:24:57.432+0000] {logging_mixin.py:137} INFO - [2023-07-01T00:24:57.432+0000] {dagbag.py:532} INFO - Filling up the DagBag from /home/airflow/.local/lib/python3.7/site-packages/airflow/example_dags/example_task_group_decorator.py
[2023-07-01T00:24:57.450+0000] {processor.py:753} INFO - DAG(s) dict_keys(['example_task_group_decorator']) retrieved from /home/airflow/.local/lib/python3.7/site-packages/airflow/example_dags/example_task_group_decorator.py
[2023-07-01T00:24:57.470+0000] {logging_mixin.py:137} INFO - [2023-07-01T00:24:57.470+0000] {dag.py:2705} INFO - Sync 1 DAGs
[2023-07-01T00:24:57.484+0000] {logging_mixin.py:137} INFO - [2023-07-01T00:24:57.484+0000] {dag.py:3456} INFO - Setting next_dagrun for example_task_group_decorator to 2023-06-30T00:24:57.484280+00:00, run_after=2023-07-01T00:24:57.484280+00:00
[2023-07-01T00:24:57.494+0000] {processor.py:175} INFO - Processing /home/airflow/.local/lib/python3.7/site-packages/airflow/example_dags/example_task_group_decorator.py took 0.067 seconds
[2023-07-01T00:25:27.717+0000] {processor.py:153} INFO - Started process (PID=54237) to work on /home/airflow/.local/lib/python3.7/site-packages/airflow/example_dags/example_task_group_decorator.py
[2023-07-01T00:25:27.718+0000] {processor.py:743} INFO - Processing file /home/airflow/.local/lib/python3.7/site-packages/airflow/example_dags/example_task_group_decorator.py for tasks to queue
[2023-07-01T00:25:27.719+0000] {logging_mixin.py:137} INFO - [2023-07-01T00:25:27.719+0000] {dagbag.py:532} INFO - Filling up the DagBag from /home/airflow/.local/lib/python3.7/site-packages/airflow/example_dags/example_task_group_decorator.py
[2023-07-01T00:25:27.737+0000] {processor.py:753} INFO - DAG(s) dict_keys(['example_task_group_decorator']) retrieved from /home/airflow/.local/lib/python3.7/site-packages/airflow/example_dags/example_task_group_decorator.py
[2023-07-01T00:25:27.756+0000] {logging_mixin.py:137} INFO - [2023-07-01T00:25:27.756+0000] {dag.py:2705} INFO - Sync 1 DAGs
[2023-07-01T00:25:27.771+0000] {logging_mixin.py:137} INFO - [2023-07-01T00:25:27.771+0000] {dag.py:3456} INFO - Setting next_dagrun for example_task_group_decorator to 2023-06-30T00:25:27.770947+00:00, run_after=2023-07-01T00:25:27.770947+00:00
[2023-07-01T00:25:27.781+0000] {processor.py:175} INFO - Processing /home/airflow/.local/lib/python3.7/site-packages/airflow/example_dags/example_task_group_decorator.py took 0.066 seconds
[2023-07-01T00:25:57.871+0000] {processor.py:153} INFO - Started process (PID=54295) to work on /home/airflow/.local/lib/python3.7/site-packages/airflow/example_dags/example_task_group_decorator.py
[2023-07-01T00:25:57.872+0000] {processor.py:743} INFO - Processing file /home/airflow/.local/lib/python3.7/site-packages/airflow/example_dags/example_task_group_decorator.py for tasks to queue
[2023-07-01T00:25:57.872+0000] {logging_mixin.py:137} INFO - [2023-07-01T00:25:57.872+0000] {dagbag.py:532} INFO - Filling up the DagBag from /home/airflow/.local/lib/python3.7/site-packages/airflow/example_dags/example_task_group_decorator.py
[2023-07-01T00:25:57.898+0000] {processor.py:753} INFO - DAG(s) dict_keys(['example_task_group_decorator']) retrieved from /home/airflow/.local/lib/python3.7/site-packages/airflow/example_dags/example_task_group_decorator.py
[2023-07-01T00:25:57.925+0000] {logging_mixin.py:137} INFO - [2023-07-01T00:25:57.925+0000] {dag.py:2705} INFO - Sync 1 DAGs
[2023-07-01T00:25:57.939+0000] {logging_mixin.py:137} INFO - [2023-07-01T00:25:57.939+0000] {dag.py:3456} INFO - Setting next_dagrun for example_task_group_decorator to 2023-06-30T00:25:57.939131+00:00, run_after=2023-07-01T00:25:57.939131+00:00
[2023-07-01T00:25:57.949+0000] {processor.py:175} INFO - Processing /home/airflow/.local/lib/python3.7/site-packages/airflow/example_dags/example_task_group_decorator.py took 0.081 seconds
[2023-07-01T00:26:28.900+0000] {processor.py:153} INFO - Started process (PID=54352) to work on /home/airflow/.local/lib/python3.7/site-packages/airflow/example_dags/example_task_group_decorator.py
[2023-07-01T00:26:28.901+0000] {processor.py:743} INFO - Processing file /home/airflow/.local/lib/python3.7/site-packages/airflow/example_dags/example_task_group_decorator.py for tasks to queue
[2023-07-01T00:26:28.902+0000] {logging_mixin.py:137} INFO - [2023-07-01T00:26:28.901+0000] {dagbag.py:532} INFO - Filling up the DagBag from /home/airflow/.local/lib/python3.7/site-packages/airflow/example_dags/example_task_group_decorator.py
[2023-07-01T00:26:28.929+0000] {processor.py:753} INFO - DAG(s) dict_keys(['example_task_group_decorator']) retrieved from /home/airflow/.local/lib/python3.7/site-packages/airflow/example_dags/example_task_group_decorator.py
[2023-07-01T00:26:28.949+0000] {logging_mixin.py:137} INFO - [2023-07-01T00:26:28.949+0000] {dag.py:2705} INFO - Sync 1 DAGs
[2023-07-01T00:26:28.962+0000] {logging_mixin.py:137} INFO - [2023-07-01T00:26:28.962+0000] {dag.py:3456} INFO - Setting next_dagrun for example_task_group_decorator to 2023-06-30T00:26:28.962617+00:00, run_after=2023-07-01T00:26:28.962617+00:00
[2023-07-01T00:26:28.973+0000] {processor.py:175} INFO - Processing /home/airflow/.local/lib/python3.7/site-packages/airflow/example_dags/example_task_group_decorator.py took 0.075 seconds
[2023-07-01T00:26:59.642+0000] {processor.py:153} INFO - Started process (PID=54409) to work on /home/airflow/.local/lib/python3.7/site-packages/airflow/example_dags/example_task_group_decorator.py
[2023-07-01T00:26:59.643+0000] {processor.py:743} INFO - Processing file /home/airflow/.local/lib/python3.7/site-packages/airflow/example_dags/example_task_group_decorator.py for tasks to queue
[2023-07-01T00:26:59.644+0000] {logging_mixin.py:137} INFO - [2023-07-01T00:26:59.644+0000] {dagbag.py:532} INFO - Filling up the DagBag from /home/airflow/.local/lib/python3.7/site-packages/airflow/example_dags/example_task_group_decorator.py
[2023-07-01T00:26:59.663+0000] {processor.py:753} INFO - DAG(s) dict_keys(['example_task_group_decorator']) retrieved from /home/airflow/.local/lib/python3.7/site-packages/airflow/example_dags/example_task_group_decorator.py
[2023-07-01T00:26:59.683+0000] {logging_mixin.py:137} INFO - [2023-07-01T00:26:59.683+0000] {dag.py:2705} INFO - Sync 1 DAGs
[2023-07-01T00:26:59.700+0000] {logging_mixin.py:137} INFO - [2023-07-01T00:26:59.700+0000] {dag.py:3456} INFO - Setting next_dagrun for example_task_group_decorator to 2023-06-30T00:26:59.700711+00:00, run_after=2023-07-01T00:26:59.700711+00:00
[2023-07-01T00:26:59.713+0000] {processor.py:175} INFO - Processing /home/airflow/.local/lib/python3.7/site-packages/airflow/example_dags/example_task_group_decorator.py took 0.073 seconds
[2023-07-01T00:27:30.588+0000] {processor.py:153} INFO - Started process (PID=54466) to work on /home/airflow/.local/lib/python3.7/site-packages/airflow/example_dags/example_task_group_decorator.py
[2023-07-01T00:27:30.589+0000] {processor.py:743} INFO - Processing file /home/airflow/.local/lib/python3.7/site-packages/airflow/example_dags/example_task_group_decorator.py for tasks to queue
[2023-07-01T00:27:30.590+0000] {logging_mixin.py:137} INFO - [2023-07-01T00:27:30.590+0000] {dagbag.py:532} INFO - Filling up the DagBag from /home/airflow/.local/lib/python3.7/site-packages/airflow/example_dags/example_task_group_decorator.py
[2023-07-01T00:27:30.606+0000] {processor.py:753} INFO - DAG(s) dict_keys(['example_task_group_decorator']) retrieved from /home/airflow/.local/lib/python3.7/site-packages/airflow/example_dags/example_task_group_decorator.py
[2023-07-01T00:27:30.625+0000] {logging_mixin.py:137} INFO - [2023-07-01T00:27:30.625+0000] {dag.py:2705} INFO - Sync 1 DAGs
[2023-07-01T00:27:30.639+0000] {logging_mixin.py:137} INFO - [2023-07-01T00:27:30.639+0000] {dag.py:3456} INFO - Setting next_dagrun for example_task_group_decorator to 2023-06-30T00:27:30.639054+00:00, run_after=2023-07-01T00:27:30.639054+00:00
[2023-07-01T00:27:30.649+0000] {processor.py:175} INFO - Processing /home/airflow/.local/lib/python3.7/site-packages/airflow/example_dags/example_task_group_decorator.py took 0.062 seconds
[2023-07-01T00:28:01.384+0000] {processor.py:153} INFO - Started process (PID=54522) to work on /home/airflow/.local/lib/python3.7/site-packages/airflow/example_dags/example_task_group_decorator.py
[2023-07-01T00:28:01.384+0000] {processor.py:743} INFO - Processing file /home/airflow/.local/lib/python3.7/site-packages/airflow/example_dags/example_task_group_decorator.py for tasks to queue
[2023-07-01T00:28:01.385+0000] {logging_mixin.py:137} INFO - [2023-07-01T00:28:01.385+0000] {dagbag.py:532} INFO - Filling up the DagBag from /home/airflow/.local/lib/python3.7/site-packages/airflow/example_dags/example_task_group_decorator.py
[2023-07-01T00:28:01.402+0000] {processor.py:753} INFO - DAG(s) dict_keys(['example_task_group_decorator']) retrieved from /home/airflow/.local/lib/python3.7/site-packages/airflow/example_dags/example_task_group_decorator.py
[2023-07-01T00:28:01.421+0000] {logging_mixin.py:137} INFO - [2023-07-01T00:28:01.421+0000] {dag.py:2705} INFO - Sync 1 DAGs
[2023-07-01T00:28:01.434+0000] {logging_mixin.py:137} INFO - [2023-07-01T00:28:01.434+0000] {dag.py:3456} INFO - Setting next_dagrun for example_task_group_decorator to 2023-06-30T00:28:01.434666+00:00, run_after=2023-07-01T00:28:01.434666+00:00
[2023-07-01T00:28:01.444+0000] {processor.py:175} INFO - Processing /home/airflow/.local/lib/python3.7/site-packages/airflow/example_dags/example_task_group_decorator.py took 0.063 seconds
[2023-07-01T00:28:32.190+0000] {processor.py:153} INFO - Started process (PID=54579) to work on /home/airflow/.local/lib/python3.7/site-packages/airflow/example_dags/example_task_group_decorator.py
[2023-07-01T00:28:32.191+0000] {processor.py:743} INFO - Processing file /home/airflow/.local/lib/python3.7/site-packages/airflow/example_dags/example_task_group_decorator.py for tasks to queue
[2023-07-01T00:28:32.191+0000] {logging_mixin.py:137} INFO - [2023-07-01T00:28:32.191+0000] {dagbag.py:532} INFO - Filling up the DagBag from /home/airflow/.local/lib/python3.7/site-packages/airflow/example_dags/example_task_group_decorator.py
[2023-07-01T00:28:32.208+0000] {processor.py:753} INFO - DAG(s) dict_keys(['example_task_group_decorator']) retrieved from /home/airflow/.local/lib/python3.7/site-packages/airflow/example_dags/example_task_group_decorator.py
[2023-07-01T00:28:32.226+0000] {logging_mixin.py:137} INFO - [2023-07-01T00:28:32.226+0000] {dag.py:2705} INFO - Sync 1 DAGs
[2023-07-01T00:28:32.239+0000] {logging_mixin.py:137} INFO - [2023-07-01T00:28:32.239+0000] {dag.py:3456} INFO - Setting next_dagrun for example_task_group_decorator to 2023-06-30T00:28:32.239655+00:00, run_after=2023-07-01T00:28:32.239655+00:00
[2023-07-01T00:28:32.249+0000] {processor.py:175} INFO - Processing /home/airflow/.local/lib/python3.7/site-packages/airflow/example_dags/example_task_group_decorator.py took 0.061 seconds
[2023-07-01T00:29:02.936+0000] {processor.py:153} INFO - Started process (PID=54637) to work on /home/airflow/.local/lib/python3.7/site-packages/airflow/example_dags/example_task_group_decorator.py
[2023-07-01T00:29:02.937+0000] {processor.py:743} INFO - Processing file /home/airflow/.local/lib/python3.7/site-packages/airflow/example_dags/example_task_group_decorator.py for tasks to queue
[2023-07-01T00:29:02.938+0000] {logging_mixin.py:137} INFO - [2023-07-01T00:29:02.938+0000] {dagbag.py:532} INFO - Filling up the DagBag from /home/airflow/.local/lib/python3.7/site-packages/airflow/example_dags/example_task_group_decorator.py
[2023-07-01T00:29:02.955+0000] {processor.py:753} INFO - DAG(s) dict_keys(['example_task_group_decorator']) retrieved from /home/airflow/.local/lib/python3.7/site-packages/airflow/example_dags/example_task_group_decorator.py
[2023-07-01T00:29:02.974+0000] {logging_mixin.py:137} INFO - [2023-07-01T00:29:02.974+0000] {dag.py:2705} INFO - Sync 1 DAGs
[2023-07-01T00:29:02.988+0000] {logging_mixin.py:137} INFO - [2023-07-01T00:29:02.988+0000] {dag.py:3456} INFO - Setting next_dagrun for example_task_group_decorator to 2023-06-30T00:29:02.988242+00:00, run_after=2023-07-01T00:29:02.988242+00:00
[2023-07-01T00:29:02.997+0000] {processor.py:175} INFO - Processing /home/airflow/.local/lib/python3.7/site-packages/airflow/example_dags/example_task_group_decorator.py took 0.063 seconds
[2023-07-01T00:29:33.968+0000] {processor.py:153} INFO - Started process (PID=54694) to work on /home/airflow/.local/lib/python3.7/site-packages/airflow/example_dags/example_task_group_decorator.py
[2023-07-01T00:29:33.969+0000] {processor.py:743} INFO - Processing file /home/airflow/.local/lib/python3.7/site-packages/airflow/example_dags/example_task_group_decorator.py for tasks to queue
[2023-07-01T00:29:33.969+0000] {logging_mixin.py:137} INFO - [2023-07-01T00:29:33.969+0000] {dagbag.py:532} INFO - Filling up the DagBag from /home/airflow/.local/lib/python3.7/site-packages/airflow/example_dags/example_task_group_decorator.py
[2023-07-01T00:29:33.987+0000] {processor.py:753} INFO - DAG(s) dict_keys(['example_task_group_decorator']) retrieved from /home/airflow/.local/lib/python3.7/site-packages/airflow/example_dags/example_task_group_decorator.py
[2023-07-01T00:29:34.006+0000] {logging_mixin.py:137} INFO - [2023-07-01T00:29:34.006+0000] {dag.py:2705} INFO - Sync 1 DAGs
[2023-07-01T00:29:34.020+0000] {logging_mixin.py:137} INFO - [2023-07-01T00:29:34.020+0000] {dag.py:3456} INFO - Setting next_dagrun for example_task_group_decorator to 2023-06-30T00:29:34.020736+00:00, run_after=2023-07-01T00:29:34.020736+00:00
[2023-07-01T00:29:34.030+0000] {processor.py:175} INFO - Processing /home/airflow/.local/lib/python3.7/site-packages/airflow/example_dags/example_task_group_decorator.py took 0.064 seconds
[2023-07-01T00:30:04.202+0000] {processor.py:153} INFO - Started process (PID=54752) to work on /home/airflow/.local/lib/python3.7/site-packages/airflow/example_dags/example_task_group_decorator.py
[2023-07-01T00:30:04.203+0000] {processor.py:743} INFO - Processing file /home/airflow/.local/lib/python3.7/site-packages/airflow/example_dags/example_task_group_decorator.py for tasks to queue
[2023-07-01T00:30:04.204+0000] {logging_mixin.py:137} INFO - [2023-07-01T00:30:04.204+0000] {dagbag.py:532} INFO - Filling up the DagBag from /home/airflow/.local/lib/python3.7/site-packages/airflow/example_dags/example_task_group_decorator.py
[2023-07-01T00:30:04.224+0000] {processor.py:753} INFO - DAG(s) dict_keys(['example_task_group_decorator']) retrieved from /home/airflow/.local/lib/python3.7/site-packages/airflow/example_dags/example_task_group_decorator.py
[2023-07-01T00:30:04.243+0000] {logging_mixin.py:137} INFO - [2023-07-01T00:30:04.243+0000] {dag.py:2705} INFO - Sync 1 DAGs
[2023-07-01T00:30:04.256+0000] {logging_mixin.py:137} INFO - [2023-07-01T00:30:04.256+0000] {dag.py:3456} INFO - Setting next_dagrun for example_task_group_decorator to 2023-06-30T00:30:04.256567+00:00, run_after=2023-07-01T00:30:04.256567+00:00
[2023-07-01T00:30:04.266+0000] {processor.py:175} INFO - Processing /home/airflow/.local/lib/python3.7/site-packages/airflow/example_dags/example_task_group_decorator.py took 0.066 seconds
[2023-07-01T00:30:34.982+0000] {processor.py:153} INFO - Started process (PID=54809) to work on /home/airflow/.local/lib/python3.7/site-packages/airflow/example_dags/example_task_group_decorator.py
[2023-07-01T00:30:34.983+0000] {processor.py:743} INFO - Processing file /home/airflow/.local/lib/python3.7/site-packages/airflow/example_dags/example_task_group_decorator.py for tasks to queue
[2023-07-01T00:30:34.983+0000] {logging_mixin.py:137} INFO - [2023-07-01T00:30:34.983+0000] {dagbag.py:532} INFO - Filling up the DagBag from /home/airflow/.local/lib/python3.7/site-packages/airflow/example_dags/example_task_group_decorator.py
[2023-07-01T00:30:35.000+0000] {processor.py:753} INFO - DAG(s) dict_keys(['example_task_group_decorator']) retrieved from /home/airflow/.local/lib/python3.7/site-packages/airflow/example_dags/example_task_group_decorator.py
[2023-07-01T00:30:35.019+0000] {logging_mixin.py:137} INFO - [2023-07-01T00:30:35.019+0000] {dag.py:2705} INFO - Sync 1 DAGs
[2023-07-01T00:30:35.033+0000] {logging_mixin.py:137} INFO - [2023-07-01T00:30:35.033+0000] {dag.py:3456} INFO - Setting next_dagrun for example_task_group_decorator to 2023-06-30T00:30:35.033314+00:00, run_after=2023-07-01T00:30:35.033314+00:00
[2023-07-01T00:30:35.043+0000] {processor.py:175} INFO - Processing /home/airflow/.local/lib/python3.7/site-packages/airflow/example_dags/example_task_group_decorator.py took 0.063 seconds
[2023-07-01T00:31:05.693+0000] {processor.py:153} INFO - Started process (PID=54867) to work on /home/airflow/.local/lib/python3.7/site-packages/airflow/example_dags/example_task_group_decorator.py
[2023-07-01T00:31:05.694+0000] {processor.py:743} INFO - Processing file /home/airflow/.local/lib/python3.7/site-packages/airflow/example_dags/example_task_group_decorator.py for tasks to queue
[2023-07-01T00:31:05.695+0000] {logging_mixin.py:137} INFO - [2023-07-01T00:31:05.694+0000] {dagbag.py:532} INFO - Filling up the DagBag from /home/airflow/.local/lib/python3.7/site-packages/airflow/example_dags/example_task_group_decorator.py
[2023-07-01T00:31:05.711+0000] {processor.py:753} INFO - DAG(s) dict_keys(['example_task_group_decorator']) retrieved from /home/airflow/.local/lib/python3.7/site-packages/airflow/example_dags/example_task_group_decorator.py
[2023-07-01T00:31:05.730+0000] {logging_mixin.py:137} INFO - [2023-07-01T00:31:05.730+0000] {dag.py:2705} INFO - Sync 1 DAGs
[2023-07-01T00:31:05.744+0000] {logging_mixin.py:137} INFO - [2023-07-01T00:31:05.744+0000] {dag.py:3456} INFO - Setting next_dagrun for example_task_group_decorator to 2023-06-30T00:31:05.744544+00:00, run_after=2023-07-01T00:31:05.744544+00:00
[2023-07-01T00:31:05.754+0000] {processor.py:175} INFO - Processing /home/airflow/.local/lib/python3.7/site-packages/airflow/example_dags/example_task_group_decorator.py took 0.063 seconds
[2023-07-01T00:31:36.627+0000] {processor.py:153} INFO - Started process (PID=54924) to work on /home/airflow/.local/lib/python3.7/site-packages/airflow/example_dags/example_task_group_decorator.py
[2023-07-01T00:31:36.628+0000] {processor.py:743} INFO - Processing file /home/airflow/.local/lib/python3.7/site-packages/airflow/example_dags/example_task_group_decorator.py for tasks to queue
[2023-07-01T00:31:36.628+0000] {logging_mixin.py:137} INFO - [2023-07-01T00:31:36.628+0000] {dagbag.py:532} INFO - Filling up the DagBag from /home/airflow/.local/lib/python3.7/site-packages/airflow/example_dags/example_task_group_decorator.py
[2023-07-01T00:31:36.646+0000] {processor.py:753} INFO - DAG(s) dict_keys(['example_task_group_decorator']) retrieved from /home/airflow/.local/lib/python3.7/site-packages/airflow/example_dags/example_task_group_decorator.py
[2023-07-01T00:31:36.666+0000] {logging_mixin.py:137} INFO - [2023-07-01T00:31:36.666+0000] {dag.py:2705} INFO - Sync 1 DAGs
[2023-07-01T00:31:36.680+0000] {logging_mixin.py:137} INFO - [2023-07-01T00:31:36.680+0000] {dag.py:3456} INFO - Setting next_dagrun for example_task_group_decorator to 2023-06-30T00:31:36.679829+00:00, run_after=2023-07-01T00:31:36.679829+00:00
[2023-07-01T00:31:36.689+0000] {processor.py:175} INFO - Processing /home/airflow/.local/lib/python3.7/site-packages/airflow/example_dags/example_task_group_decorator.py took 0.065 seconds
[2023-07-01T00:32:07.618+0000] {processor.py:153} INFO - Started process (PID=54981) to work on /home/airflow/.local/lib/python3.7/site-packages/airflow/example_dags/example_task_group_decorator.py
[2023-07-01T00:32:07.619+0000] {processor.py:743} INFO - Processing file /home/airflow/.local/lib/python3.7/site-packages/airflow/example_dags/example_task_group_decorator.py for tasks to queue
[2023-07-01T00:32:07.620+0000] {logging_mixin.py:137} INFO - [2023-07-01T00:32:07.620+0000] {dagbag.py:532} INFO - Filling up the DagBag from /home/airflow/.local/lib/python3.7/site-packages/airflow/example_dags/example_task_group_decorator.py
[2023-07-01T00:32:07.637+0000] {processor.py:753} INFO - DAG(s) dict_keys(['example_task_group_decorator']) retrieved from /home/airflow/.local/lib/python3.7/site-packages/airflow/example_dags/example_task_group_decorator.py
[2023-07-01T00:32:07.657+0000] {logging_mixin.py:137} INFO - [2023-07-01T00:32:07.657+0000] {dag.py:2705} INFO - Sync 1 DAGs
[2023-07-01T00:32:07.671+0000] {logging_mixin.py:137} INFO - [2023-07-01T00:32:07.671+0000] {dag.py:3456} INFO - Setting next_dagrun for example_task_group_decorator to 2023-06-30T00:32:07.670940+00:00, run_after=2023-07-01T00:32:07.670940+00:00
[2023-07-01T00:32:07.682+0000] {processor.py:175} INFO - Processing /home/airflow/.local/lib/python3.7/site-packages/airflow/example_dags/example_task_group_decorator.py took 0.066 seconds
[2023-07-01T00:32:38.546+0000] {processor.py:153} INFO - Started process (PID=55039) to work on /home/airflow/.local/lib/python3.7/site-packages/airflow/example_dags/example_task_group_decorator.py
[2023-07-01T00:32:38.547+0000] {processor.py:743} INFO - Processing file /home/airflow/.local/lib/python3.7/site-packages/airflow/example_dags/example_task_group_decorator.py for tasks to queue
[2023-07-01T00:32:38.548+0000] {logging_mixin.py:137} INFO - [2023-07-01T00:32:38.548+0000] {dagbag.py:532} INFO - Filling up the DagBag from /home/airflow/.local/lib/python3.7/site-packages/airflow/example_dags/example_task_group_decorator.py
[2023-07-01T00:32:38.566+0000] {processor.py:753} INFO - DAG(s) dict_keys(['example_task_group_decorator']) retrieved from /home/airflow/.local/lib/python3.7/site-packages/airflow/example_dags/example_task_group_decorator.py
[2023-07-01T00:32:38.586+0000] {logging_mixin.py:137} INFO - [2023-07-01T00:32:38.585+0000] {dag.py:2705} INFO - Sync 1 DAGs
[2023-07-01T00:32:38.600+0000] {logging_mixin.py:137} INFO - [2023-07-01T00:32:38.600+0000] {dag.py:3456} INFO - Setting next_dagrun for example_task_group_decorator to 2023-06-30T00:32:38.600099+00:00, run_after=2023-07-01T00:32:38.600099+00:00
[2023-07-01T00:32:38.610+0000] {processor.py:175} INFO - Processing /home/airflow/.local/lib/python3.7/site-packages/airflow/example_dags/example_task_group_decorator.py took 0.067 seconds
[2023-07-01T00:33:08.763+0000] {processor.py:153} INFO - Started process (PID=55096) to work on /home/airflow/.local/lib/python3.7/site-packages/airflow/example_dags/example_task_group_decorator.py
[2023-07-01T00:33:08.764+0000] {processor.py:743} INFO - Processing file /home/airflow/.local/lib/python3.7/site-packages/airflow/example_dags/example_task_group_decorator.py for tasks to queue
[2023-07-01T00:33:08.765+0000] {logging_mixin.py:137} INFO - [2023-07-01T00:33:08.765+0000] {dagbag.py:532} INFO - Filling up the DagBag from /home/airflow/.local/lib/python3.7/site-packages/airflow/example_dags/example_task_group_decorator.py
[2023-07-01T00:33:08.789+0000] {processor.py:753} INFO - DAG(s) dict_keys(['example_task_group_decorator']) retrieved from /home/airflow/.local/lib/python3.7/site-packages/airflow/example_dags/example_task_group_decorator.py
[2023-07-01T00:33:08.813+0000] {logging_mixin.py:137} INFO - [2023-07-01T00:33:08.813+0000] {dag.py:2705} INFO - Sync 1 DAGs
[2023-07-01T00:33:08.829+0000] {logging_mixin.py:137} INFO - [2023-07-01T00:33:08.829+0000] {dag.py:3456} INFO - Setting next_dagrun for example_task_group_decorator to 2023-06-30T00:33:08.828939+00:00, run_after=2023-07-01T00:33:08.828939+00:00
[2023-07-01T00:33:08.840+0000] {processor.py:175} INFO - Processing /home/airflow/.local/lib/python3.7/site-packages/airflow/example_dags/example_task_group_decorator.py took 0.080 seconds
[2023-07-01T00:33:38.953+0000] {processor.py:153} INFO - Started process (PID=55153) to work on /home/airflow/.local/lib/python3.7/site-packages/airflow/example_dags/example_task_group_decorator.py
[2023-07-01T00:33:38.954+0000] {processor.py:743} INFO - Processing file /home/airflow/.local/lib/python3.7/site-packages/airflow/example_dags/example_task_group_decorator.py for tasks to queue
[2023-07-01T00:33:38.955+0000] {logging_mixin.py:137} INFO - [2023-07-01T00:33:38.955+0000] {dagbag.py:532} INFO - Filling up the DagBag from /home/airflow/.local/lib/python3.7/site-packages/airflow/example_dags/example_task_group_decorator.py
[2023-07-01T00:33:38.977+0000] {processor.py:753} INFO - DAG(s) dict_keys(['example_task_group_decorator']) retrieved from /home/airflow/.local/lib/python3.7/site-packages/airflow/example_dags/example_task_group_decorator.py
[2023-07-01T00:33:38.998+0000] {logging_mixin.py:137} INFO - [2023-07-01T00:33:38.998+0000] {dag.py:2705} INFO - Sync 1 DAGs
[2023-07-01T00:33:39.013+0000] {logging_mixin.py:137} INFO - [2023-07-01T00:33:39.013+0000] {dag.py:3456} INFO - Setting next_dagrun for example_task_group_decorator to 2023-06-30T00:33:39.013254+00:00, run_after=2023-07-01T00:33:39.013254+00:00
[2023-07-01T00:33:39.023+0000] {processor.py:175} INFO - Processing /home/airflow/.local/lib/python3.7/site-packages/airflow/example_dags/example_task_group_decorator.py took 0.075 seconds
[2023-07-01T00:34:09.144+0000] {processor.py:153} INFO - Started process (PID=55210) to work on /home/airflow/.local/lib/python3.7/site-packages/airflow/example_dags/example_task_group_decorator.py
[2023-07-01T00:34:09.145+0000] {processor.py:743} INFO - Processing file /home/airflow/.local/lib/python3.7/site-packages/airflow/example_dags/example_task_group_decorator.py for tasks to queue
[2023-07-01T00:34:09.146+0000] {logging_mixin.py:137} INFO - [2023-07-01T00:34:09.146+0000] {dagbag.py:532} INFO - Filling up the DagBag from /home/airflow/.local/lib/python3.7/site-packages/airflow/example_dags/example_task_group_decorator.py
[2023-07-01T00:34:09.165+0000] {processor.py:753} INFO - DAG(s) dict_keys(['example_task_group_decorator']) retrieved from /home/airflow/.local/lib/python3.7/site-packages/airflow/example_dags/example_task_group_decorator.py
[2023-07-01T00:34:09.185+0000] {logging_mixin.py:137} INFO - [2023-07-01T00:34:09.185+0000] {dag.py:2705} INFO - Sync 1 DAGs
[2023-07-01T00:34:09.201+0000] {logging_mixin.py:137} INFO - [2023-07-01T00:34:09.201+0000] {dag.py:3456} INFO - Setting next_dagrun for example_task_group_decorator to 2023-06-30T00:34:09.201205+00:00, run_after=2023-07-01T00:34:09.201205+00:00
[2023-07-01T00:34:09.212+0000] {processor.py:175} INFO - Processing /home/airflow/.local/lib/python3.7/site-packages/airflow/example_dags/example_task_group_decorator.py took 0.071 seconds
[2023-07-01T00:34:39.981+0000] {processor.py:153} INFO - Started process (PID=55267) to work on /home/airflow/.local/lib/python3.7/site-packages/airflow/example_dags/example_task_group_decorator.py
[2023-07-01T00:34:39.981+0000] {processor.py:743} INFO - Processing file /home/airflow/.local/lib/python3.7/site-packages/airflow/example_dags/example_task_group_decorator.py for tasks to queue
[2023-07-01T00:34:39.982+0000] {logging_mixin.py:137} INFO - [2023-07-01T00:34:39.982+0000] {dagbag.py:532} INFO - Filling up the DagBag from /home/airflow/.local/lib/python3.7/site-packages/airflow/example_dags/example_task_group_decorator.py
[2023-07-01T00:34:40.002+0000] {processor.py:753} INFO - DAG(s) dict_keys(['example_task_group_decorator']) retrieved from /home/airflow/.local/lib/python3.7/site-packages/airflow/example_dags/example_task_group_decorator.py
[2023-07-01T00:34:40.029+0000] {logging_mixin.py:137} INFO - [2023-07-01T00:34:40.029+0000] {dag.py:2705} INFO - Sync 1 DAGs
[2023-07-01T00:34:40.045+0000] {logging_mixin.py:137} INFO - [2023-07-01T00:34:40.045+0000] {dag.py:3456} INFO - Setting next_dagrun for example_task_group_decorator to 2023-06-30T00:34:40.044887+00:00, run_after=2023-07-01T00:34:40.044887+00:00
[2023-07-01T00:34:40.055+0000] {processor.py:175} INFO - Processing /home/airflow/.local/lib/python3.7/site-packages/airflow/example_dags/example_task_group_decorator.py took 0.077 seconds
