[2023-07-01T00:00:24.467+0000] {processor.py:153} INFO - Started process (PID=51434) to work on /home/airflow/.local/lib/python3.7/site-packages/airflow/example_dags/example_branch_operator_decorator.py
[2023-07-01T00:00:24.469+0000] {processor.py:743} INFO - Processing file /home/airflow/.local/lib/python3.7/site-packages/airflow/example_dags/example_branch_operator_decorator.py for tasks to queue
[2023-07-01T00:00:24.469+0000] {logging_mixin.py:137} INFO - [2023-07-01T00:00:24.469+0000] {dagbag.py:532} INFO - Filling up the DagBag from /home/airflow/.local/lib/python3.7/site-packages/airflow/example_dags/example_branch_operator_decorator.py
[2023-07-01T00:00:24.489+0000] {processor.py:753} INFO - DAG(s) dict_keys(['example_branch_python_operator_decorator']) retrieved from /home/airflow/.local/lib/python3.7/site-packages/airflow/example_dags/example_branch_operator_decorator.py
[2023-07-01T00:00:24.508+0000] {logging_mixin.py:137} INFO - [2023-07-01T00:00:24.508+0000] {dag.py:2705} INFO - Sync 1 DAGs
[2023-07-01T00:00:24.522+0000] {logging_mixin.py:137} INFO - [2023-07-01T00:00:24.522+0000] {dag.py:3456} INFO - Setting next_dagrun for example_branch_python_operator_decorator to 2023-06-30T00:00:00+00:00, run_after=2023-07-01T00:00:00+00:00
[2023-07-01T00:00:24.535+0000] {processor.py:175} INFO - Processing /home/airflow/.local/lib/python3.7/site-packages/airflow/example_dags/example_branch_operator_decorator.py took 0.072 seconds
[2023-07-01T00:00:55.589+0000] {processor.py:153} INFO - Started process (PID=51491) to work on /home/airflow/.local/lib/python3.7/site-packages/airflow/example_dags/example_branch_operator_decorator.py
[2023-07-01T00:00:55.590+0000] {processor.py:743} INFO - Processing file /home/airflow/.local/lib/python3.7/site-packages/airflow/example_dags/example_branch_operator_decorator.py for tasks to queue
[2023-07-01T00:00:55.591+0000] {logging_mixin.py:137} INFO - [2023-07-01T00:00:55.591+0000] {dagbag.py:532} INFO - Filling up the DagBag from /home/airflow/.local/lib/python3.7/site-packages/airflow/example_dags/example_branch_operator_decorator.py
[2023-07-01T00:00:55.607+0000] {processor.py:753} INFO - DAG(s) dict_keys(['example_branch_python_operator_decorator']) retrieved from /home/airflow/.local/lib/python3.7/site-packages/airflow/example_dags/example_branch_operator_decorator.py
[2023-07-01T00:00:55.626+0000] {logging_mixin.py:137} INFO - [2023-07-01T00:00:55.626+0000] {dag.py:2705} INFO - Sync 1 DAGs
[2023-07-01T00:00:55.641+0000] {logging_mixin.py:137} INFO - [2023-07-01T00:00:55.641+0000] {dag.py:3456} INFO - Setting next_dagrun for example_branch_python_operator_decorator to 2023-06-30T00:00:00+00:00, run_after=2023-07-01T00:00:00+00:00
[2023-07-01T00:00:55.651+0000] {processor.py:175} INFO - Processing /home/airflow/.local/lib/python3.7/site-packages/airflow/example_dags/example_branch_operator_decorator.py took 0.064 seconds
[2023-07-01T00:01:26.320+0000] {processor.py:153} INFO - Started process (PID=51549) to work on /home/airflow/.local/lib/python3.7/site-packages/airflow/example_dags/example_branch_operator_decorator.py
[2023-07-01T00:01:26.321+0000] {processor.py:743} INFO - Processing file /home/airflow/.local/lib/python3.7/site-packages/airflow/example_dags/example_branch_operator_decorator.py for tasks to queue
[2023-07-01T00:01:26.322+0000] {logging_mixin.py:137} INFO - [2023-07-01T00:01:26.322+0000] {dagbag.py:532} INFO - Filling up the DagBag from /home/airflow/.local/lib/python3.7/site-packages/airflow/example_dags/example_branch_operator_decorator.py
[2023-07-01T00:01:26.338+0000] {processor.py:753} INFO - DAG(s) dict_keys(['example_branch_python_operator_decorator']) retrieved from /home/airflow/.local/lib/python3.7/site-packages/airflow/example_dags/example_branch_operator_decorator.py
[2023-07-01T00:01:26.355+0000] {logging_mixin.py:137} INFO - [2023-07-01T00:01:26.355+0000] {dag.py:2705} INFO - Sync 1 DAGs
[2023-07-01T00:01:26.370+0000] {logging_mixin.py:137} INFO - [2023-07-01T00:01:26.370+0000] {dag.py:3456} INFO - Setting next_dagrun for example_branch_python_operator_decorator to 2023-06-30T00:00:00+00:00, run_after=2023-07-01T00:00:00+00:00
[2023-07-01T00:01:26.380+0000] {processor.py:175} INFO - Processing /home/airflow/.local/lib/python3.7/site-packages/airflow/example_dags/example_branch_operator_decorator.py took 0.062 seconds
[2023-07-01T00:01:57.080+0000] {processor.py:153} INFO - Started process (PID=51605) to work on /home/airflow/.local/lib/python3.7/site-packages/airflow/example_dags/example_branch_operator_decorator.py
[2023-07-01T00:01:57.081+0000] {processor.py:743} INFO - Processing file /home/airflow/.local/lib/python3.7/site-packages/airflow/example_dags/example_branch_operator_decorator.py for tasks to queue
[2023-07-01T00:01:57.081+0000] {logging_mixin.py:137} INFO - [2023-07-01T00:01:57.081+0000] {dagbag.py:532} INFO - Filling up the DagBag from /home/airflow/.local/lib/python3.7/site-packages/airflow/example_dags/example_branch_operator_decorator.py
[2023-07-01T00:01:57.097+0000] {processor.py:753} INFO - DAG(s) dict_keys(['example_branch_python_operator_decorator']) retrieved from /home/airflow/.local/lib/python3.7/site-packages/airflow/example_dags/example_branch_operator_decorator.py
[2023-07-01T00:01:57.116+0000] {logging_mixin.py:137} INFO - [2023-07-01T00:01:57.116+0000] {dag.py:2705} INFO - Sync 1 DAGs
[2023-07-01T00:01:57.130+0000] {logging_mixin.py:137} INFO - [2023-07-01T00:01:57.130+0000] {dag.py:3456} INFO - Setting next_dagrun for example_branch_python_operator_decorator to 2023-06-30T00:00:00+00:00, run_after=2023-07-01T00:00:00+00:00
[2023-07-01T00:01:57.140+0000] {processor.py:175} INFO - Processing /home/airflow/.local/lib/python3.7/site-packages/airflow/example_dags/example_branch_operator_decorator.py took 0.063 seconds
[2023-07-01T00:02:27.938+0000] {processor.py:153} INFO - Started process (PID=51661) to work on /home/airflow/.local/lib/python3.7/site-packages/airflow/example_dags/example_branch_operator_decorator.py
[2023-07-01T00:02:27.939+0000] {processor.py:743} INFO - Processing file /home/airflow/.local/lib/python3.7/site-packages/airflow/example_dags/example_branch_operator_decorator.py for tasks to queue
[2023-07-01T00:02:27.940+0000] {logging_mixin.py:137} INFO - [2023-07-01T00:02:27.940+0000] {dagbag.py:532} INFO - Filling up the DagBag from /home/airflow/.local/lib/python3.7/site-packages/airflow/example_dags/example_branch_operator_decorator.py
[2023-07-01T00:02:27.957+0000] {processor.py:753} INFO - DAG(s) dict_keys(['example_branch_python_operator_decorator']) retrieved from /home/airflow/.local/lib/python3.7/site-packages/airflow/example_dags/example_branch_operator_decorator.py
[2023-07-01T00:02:27.977+0000] {logging_mixin.py:137} INFO - [2023-07-01T00:02:27.977+0000] {dag.py:2705} INFO - Sync 1 DAGs
[2023-07-01T00:02:27.993+0000] {logging_mixin.py:137} INFO - [2023-07-01T00:02:27.993+0000] {dag.py:3456} INFO - Setting next_dagrun for example_branch_python_operator_decorator to 2023-06-30T00:00:00+00:00, run_after=2023-07-01T00:00:00+00:00
[2023-07-01T00:02:28.002+0000] {processor.py:175} INFO - Processing /home/airflow/.local/lib/python3.7/site-packages/airflow/example_dags/example_branch_operator_decorator.py took 0.067 seconds
[2023-07-01T00:02:58.945+0000] {processor.py:153} INFO - Started process (PID=51718) to work on /home/airflow/.local/lib/python3.7/site-packages/airflow/example_dags/example_branch_operator_decorator.py
[2023-07-01T00:02:58.946+0000] {processor.py:743} INFO - Processing file /home/airflow/.local/lib/python3.7/site-packages/airflow/example_dags/example_branch_operator_decorator.py for tasks to queue
[2023-07-01T00:02:58.946+0000] {logging_mixin.py:137} INFO - [2023-07-01T00:02:58.946+0000] {dagbag.py:532} INFO - Filling up the DagBag from /home/airflow/.local/lib/python3.7/site-packages/airflow/example_dags/example_branch_operator_decorator.py
[2023-07-01T00:02:58.963+0000] {processor.py:753} INFO - DAG(s) dict_keys(['example_branch_python_operator_decorator']) retrieved from /home/airflow/.local/lib/python3.7/site-packages/airflow/example_dags/example_branch_operator_decorator.py
[2023-07-01T00:02:58.984+0000] {logging_mixin.py:137} INFO - [2023-07-01T00:02:58.984+0000] {dag.py:2705} INFO - Sync 1 DAGs
[2023-07-01T00:02:59.000+0000] {logging_mixin.py:137} INFO - [2023-07-01T00:02:59.000+0000] {dag.py:3456} INFO - Setting next_dagrun for example_branch_python_operator_decorator to 2023-06-30T00:00:00+00:00, run_after=2023-07-01T00:00:00+00:00
[2023-07-01T00:02:59.010+0000] {processor.py:175} INFO - Processing /home/airflow/.local/lib/python3.7/site-packages/airflow/example_dags/example_branch_operator_decorator.py took 0.068 seconds
[2023-07-01T00:03:30.119+0000] {processor.py:153} INFO - Started process (PID=51775) to work on /home/airflow/.local/lib/python3.7/site-packages/airflow/example_dags/example_branch_operator_decorator.py
[2023-07-01T00:03:30.120+0000] {processor.py:743} INFO - Processing file /home/airflow/.local/lib/python3.7/site-packages/airflow/example_dags/example_branch_operator_decorator.py for tasks to queue
[2023-07-01T00:03:30.121+0000] {logging_mixin.py:137} INFO - [2023-07-01T00:03:30.121+0000] {dagbag.py:532} INFO - Filling up the DagBag from /home/airflow/.local/lib/python3.7/site-packages/airflow/example_dags/example_branch_operator_decorator.py
[2023-07-01T00:03:30.138+0000] {processor.py:753} INFO - DAG(s) dict_keys(['example_branch_python_operator_decorator']) retrieved from /home/airflow/.local/lib/python3.7/site-packages/airflow/example_dags/example_branch_operator_decorator.py
[2023-07-01T00:03:30.160+0000] {logging_mixin.py:137} INFO - [2023-07-01T00:03:30.160+0000] {dag.py:2705} INFO - Sync 1 DAGs
[2023-07-01T00:03:30.175+0000] {logging_mixin.py:137} INFO - [2023-07-01T00:03:30.175+0000] {dag.py:3456} INFO - Setting next_dagrun for example_branch_python_operator_decorator to 2023-06-30T00:00:00+00:00, run_after=2023-07-01T00:00:00+00:00
[2023-07-01T00:03:30.186+0000] {processor.py:175} INFO - Processing /home/airflow/.local/lib/python3.7/site-packages/airflow/example_dags/example_branch_operator_decorator.py took 0.070 seconds
[2023-07-01T00:04:00.998+0000] {processor.py:153} INFO - Started process (PID=51832) to work on /home/airflow/.local/lib/python3.7/site-packages/airflow/example_dags/example_branch_operator_decorator.py
[2023-07-01T00:04:00.999+0000] {processor.py:743} INFO - Processing file /home/airflow/.local/lib/python3.7/site-packages/airflow/example_dags/example_branch_operator_decorator.py for tasks to queue
[2023-07-01T00:04:01.000+0000] {logging_mixin.py:137} INFO - [2023-07-01T00:04:01.000+0000] {dagbag.py:532} INFO - Filling up the DagBag from /home/airflow/.local/lib/python3.7/site-packages/airflow/example_dags/example_branch_operator_decorator.py
[2023-07-01T00:04:01.015+0000] {processor.py:753} INFO - DAG(s) dict_keys(['example_branch_python_operator_decorator']) retrieved from /home/airflow/.local/lib/python3.7/site-packages/airflow/example_dags/example_branch_operator_decorator.py
[2023-07-01T00:04:01.033+0000] {logging_mixin.py:137} INFO - [2023-07-01T00:04:01.033+0000] {dag.py:2705} INFO - Sync 1 DAGs
[2023-07-01T00:04:01.047+0000] {logging_mixin.py:137} INFO - [2023-07-01T00:04:01.047+0000] {dag.py:3456} INFO - Setting next_dagrun for example_branch_python_operator_decorator to 2023-06-30T00:00:00+00:00, run_after=2023-07-01T00:00:00+00:00
[2023-07-01T00:04:01.057+0000] {processor.py:175} INFO - Processing /home/airflow/.local/lib/python3.7/site-packages/airflow/example_dags/example_branch_operator_decorator.py took 0.061 seconds
[2023-07-01T00:04:31.878+0000] {processor.py:153} INFO - Started process (PID=51889) to work on /home/airflow/.local/lib/python3.7/site-packages/airflow/example_dags/example_branch_operator_decorator.py
[2023-07-01T00:04:31.879+0000] {processor.py:743} INFO - Processing file /home/airflow/.local/lib/python3.7/site-packages/airflow/example_dags/example_branch_operator_decorator.py for tasks to queue
[2023-07-01T00:04:31.880+0000] {logging_mixin.py:137} INFO - [2023-07-01T00:04:31.880+0000] {dagbag.py:532} INFO - Filling up the DagBag from /home/airflow/.local/lib/python3.7/site-packages/airflow/example_dags/example_branch_operator_decorator.py
[2023-07-01T00:04:31.897+0000] {processor.py:753} INFO - DAG(s) dict_keys(['example_branch_python_operator_decorator']) retrieved from /home/airflow/.local/lib/python3.7/site-packages/airflow/example_dags/example_branch_operator_decorator.py
[2023-07-01T00:04:31.917+0000] {logging_mixin.py:137} INFO - [2023-07-01T00:04:31.916+0000] {dag.py:2705} INFO - Sync 1 DAGs
[2023-07-01T00:04:31.931+0000] {logging_mixin.py:137} INFO - [2023-07-01T00:04:31.931+0000] {dag.py:3456} INFO - Setting next_dagrun for example_branch_python_operator_decorator to 2023-06-30T00:00:00+00:00, run_after=2023-07-01T00:00:00+00:00
[2023-07-01T00:04:31.942+0000] {processor.py:175} INFO - Processing /home/airflow/.local/lib/python3.7/site-packages/airflow/example_dags/example_branch_operator_decorator.py took 0.066 seconds
[2023-07-01T00:05:02.746+0000] {processor.py:153} INFO - Started process (PID=51945) to work on /home/airflow/.local/lib/python3.7/site-packages/airflow/example_dags/example_branch_operator_decorator.py
[2023-07-01T00:05:02.747+0000] {processor.py:743} INFO - Processing file /home/airflow/.local/lib/python3.7/site-packages/airflow/example_dags/example_branch_operator_decorator.py for tasks to queue
[2023-07-01T00:05:02.748+0000] {logging_mixin.py:137} INFO - [2023-07-01T00:05:02.748+0000] {dagbag.py:532} INFO - Filling up the DagBag from /home/airflow/.local/lib/python3.7/site-packages/airflow/example_dags/example_branch_operator_decorator.py
[2023-07-01T00:05:02.765+0000] {processor.py:753} INFO - DAG(s) dict_keys(['example_branch_python_operator_decorator']) retrieved from /home/airflow/.local/lib/python3.7/site-packages/airflow/example_dags/example_branch_operator_decorator.py
[2023-07-01T00:05:02.784+0000] {logging_mixin.py:137} INFO - [2023-07-01T00:05:02.784+0000] {dag.py:2705} INFO - Sync 1 DAGs
[2023-07-01T00:05:02.800+0000] {logging_mixin.py:137} INFO - [2023-07-01T00:05:02.800+0000] {dag.py:3456} INFO - Setting next_dagrun for example_branch_python_operator_decorator to 2023-06-30T00:00:00+00:00, run_after=2023-07-01T00:00:00+00:00
[2023-07-01T00:05:02.809+0000] {processor.py:175} INFO - Processing /home/airflow/.local/lib/python3.7/site-packages/airflow/example_dags/example_branch_operator_decorator.py took 0.066 seconds
[2023-07-01T00:05:33.947+0000] {processor.py:153} INFO - Started process (PID=52002) to work on /home/airflow/.local/lib/python3.7/site-packages/airflow/example_dags/example_branch_operator_decorator.py
[2023-07-01T00:05:33.948+0000] {processor.py:743} INFO - Processing file /home/airflow/.local/lib/python3.7/site-packages/airflow/example_dags/example_branch_operator_decorator.py for tasks to queue
[2023-07-01T00:05:33.949+0000] {logging_mixin.py:137} INFO - [2023-07-01T00:05:33.949+0000] {dagbag.py:532} INFO - Filling up the DagBag from /home/airflow/.local/lib/python3.7/site-packages/airflow/example_dags/example_branch_operator_decorator.py
[2023-07-01T00:05:33.965+0000] {processor.py:753} INFO - DAG(s) dict_keys(['example_branch_python_operator_decorator']) retrieved from /home/airflow/.local/lib/python3.7/site-packages/airflow/example_dags/example_branch_operator_decorator.py
[2023-07-01T00:05:33.985+0000] {logging_mixin.py:137} INFO - [2023-07-01T00:05:33.985+0000] {dag.py:2705} INFO - Sync 1 DAGs
[2023-07-01T00:05:34.010+0000] {logging_mixin.py:137} INFO - [2023-07-01T00:05:34.010+0000] {dag.py:3456} INFO - Setting next_dagrun for example_branch_python_operator_decorator to 2023-06-30T00:00:00+00:00, run_after=2023-07-01T00:00:00+00:00
[2023-07-01T00:05:34.026+0000] {processor.py:175} INFO - Processing /home/airflow/.local/lib/python3.7/site-packages/airflow/example_dags/example_branch_operator_decorator.py took 0.081 seconds
[2023-07-01T00:06:05.288+0000] {processor.py:153} INFO - Started process (PID=52059) to work on /home/airflow/.local/lib/python3.7/site-packages/airflow/example_dags/example_branch_operator_decorator.py
[2023-07-01T00:06:05.289+0000] {processor.py:743} INFO - Processing file /home/airflow/.local/lib/python3.7/site-packages/airflow/example_dags/example_branch_operator_decorator.py for tasks to queue
[2023-07-01T00:06:05.291+0000] {logging_mixin.py:137} INFO - [2023-07-01T00:06:05.291+0000] {dagbag.py:532} INFO - Filling up the DagBag from /home/airflow/.local/lib/python3.7/site-packages/airflow/example_dags/example_branch_operator_decorator.py
[2023-07-01T00:06:05.312+0000] {processor.py:753} INFO - DAG(s) dict_keys(['example_branch_python_operator_decorator']) retrieved from /home/airflow/.local/lib/python3.7/site-packages/airflow/example_dags/example_branch_operator_decorator.py
[2023-07-01T00:06:05.336+0000] {logging_mixin.py:137} INFO - [2023-07-01T00:06:05.336+0000] {dag.py:2705} INFO - Sync 1 DAGs
[2023-07-01T00:06:05.354+0000] {logging_mixin.py:137} INFO - [2023-07-01T00:06:05.354+0000] {dag.py:3456} INFO - Setting next_dagrun for example_branch_python_operator_decorator to 2023-06-30T00:00:00+00:00, run_after=2023-07-01T00:00:00+00:00
[2023-07-01T00:06:05.365+0000] {processor.py:175} INFO - Processing /home/airflow/.local/lib/python3.7/site-packages/airflow/example_dags/example_branch_operator_decorator.py took 0.080 seconds
[2023-07-01T00:06:36.285+0000] {processor.py:153} INFO - Started process (PID=52116) to work on /home/airflow/.local/lib/python3.7/site-packages/airflow/example_dags/example_branch_operator_decorator.py
[2023-07-01T00:06:36.286+0000] {processor.py:743} INFO - Processing file /home/airflow/.local/lib/python3.7/site-packages/airflow/example_dags/example_branch_operator_decorator.py for tasks to queue
[2023-07-01T00:06:36.287+0000] {logging_mixin.py:137} INFO - [2023-07-01T00:06:36.287+0000] {dagbag.py:532} INFO - Filling up the DagBag from /home/airflow/.local/lib/python3.7/site-packages/airflow/example_dags/example_branch_operator_decorator.py
[2023-07-01T00:06:36.303+0000] {processor.py:753} INFO - DAG(s) dict_keys(['example_branch_python_operator_decorator']) retrieved from /home/airflow/.local/lib/python3.7/site-packages/airflow/example_dags/example_branch_operator_decorator.py
[2023-07-01T00:06:36.323+0000] {logging_mixin.py:137} INFO - [2023-07-01T00:06:36.323+0000] {dag.py:2705} INFO - Sync 1 DAGs
[2023-07-01T00:06:36.339+0000] {logging_mixin.py:137} INFO - [2023-07-01T00:06:36.339+0000] {dag.py:3456} INFO - Setting next_dagrun for example_branch_python_operator_decorator to 2023-06-30T00:00:00+00:00, run_after=2023-07-01T00:00:00+00:00
[2023-07-01T00:06:36.348+0000] {processor.py:175} INFO - Processing /home/airflow/.local/lib/python3.7/site-packages/airflow/example_dags/example_branch_operator_decorator.py took 0.066 seconds
[2023-07-01T00:07:06.928+0000] {processor.py:153} INFO - Started process (PID=52173) to work on /home/airflow/.local/lib/python3.7/site-packages/airflow/example_dags/example_branch_operator_decorator.py
[2023-07-01T00:07:06.929+0000] {processor.py:743} INFO - Processing file /home/airflow/.local/lib/python3.7/site-packages/airflow/example_dags/example_branch_operator_decorator.py for tasks to queue
[2023-07-01T00:07:06.930+0000] {logging_mixin.py:137} INFO - [2023-07-01T00:07:06.929+0000] {dagbag.py:532} INFO - Filling up the DagBag from /home/airflow/.local/lib/python3.7/site-packages/airflow/example_dags/example_branch_operator_decorator.py
[2023-07-01T00:07:06.951+0000] {processor.py:753} INFO - DAG(s) dict_keys(['example_branch_python_operator_decorator']) retrieved from /home/airflow/.local/lib/python3.7/site-packages/airflow/example_dags/example_branch_operator_decorator.py
[2023-07-01T00:07:06.977+0000] {logging_mixin.py:137} INFO - [2023-07-01T00:07:06.977+0000] {dag.py:2705} INFO - Sync 1 DAGs
[2023-07-01T00:07:06.998+0000] {logging_mixin.py:137} INFO - [2023-07-01T00:07:06.998+0000] {dag.py:3456} INFO - Setting next_dagrun for example_branch_python_operator_decorator to 2023-06-30T00:00:00+00:00, run_after=2023-07-01T00:00:00+00:00
[2023-07-01T00:07:07.008+0000] {processor.py:175} INFO - Processing /home/airflow/.local/lib/python3.7/site-packages/airflow/example_dags/example_branch_operator_decorator.py took 0.083 seconds
[2023-07-01T00:07:38.262+0000] {processor.py:153} INFO - Started process (PID=52230) to work on /home/airflow/.local/lib/python3.7/site-packages/airflow/example_dags/example_branch_operator_decorator.py
[2023-07-01T00:07:38.264+0000] {processor.py:743} INFO - Processing file /home/airflow/.local/lib/python3.7/site-packages/airflow/example_dags/example_branch_operator_decorator.py for tasks to queue
[2023-07-01T00:07:38.265+0000] {logging_mixin.py:137} INFO - [2023-07-01T00:07:38.265+0000] {dagbag.py:532} INFO - Filling up the DagBag from /home/airflow/.local/lib/python3.7/site-packages/airflow/example_dags/example_branch_operator_decorator.py
[2023-07-01T00:07:38.292+0000] {processor.py:753} INFO - DAG(s) dict_keys(['example_branch_python_operator_decorator']) retrieved from /home/airflow/.local/lib/python3.7/site-packages/airflow/example_dags/example_branch_operator_decorator.py
[2023-07-01T00:07:38.316+0000] {logging_mixin.py:137} INFO - [2023-07-01T00:07:38.316+0000] {dag.py:2705} INFO - Sync 1 DAGs
[2023-07-01T00:07:38.331+0000] {logging_mixin.py:137} INFO - [2023-07-01T00:07:38.331+0000] {dag.py:3456} INFO - Setting next_dagrun for example_branch_python_operator_decorator to 2023-06-30T00:00:00+00:00, run_after=2023-07-01T00:00:00+00:00
[2023-07-01T00:07:38.341+0000] {processor.py:175} INFO - Processing /home/airflow/.local/lib/python3.7/site-packages/airflow/example_dags/example_branch_operator_decorator.py took 0.084 seconds
[2023-07-01T00:08:09.270+0000] {processor.py:153} INFO - Started process (PID=52294) to work on /home/airflow/.local/lib/python3.7/site-packages/airflow/example_dags/example_branch_operator_decorator.py
[2023-07-01T00:08:09.271+0000] {processor.py:743} INFO - Processing file /home/airflow/.local/lib/python3.7/site-packages/airflow/example_dags/example_branch_operator_decorator.py for tasks to queue
[2023-07-01T00:08:09.272+0000] {logging_mixin.py:137} INFO - [2023-07-01T00:08:09.272+0000] {dagbag.py:532} INFO - Filling up the DagBag from /home/airflow/.local/lib/python3.7/site-packages/airflow/example_dags/example_branch_operator_decorator.py
[2023-07-01T00:08:09.294+0000] {processor.py:753} INFO - DAG(s) dict_keys(['example_branch_python_operator_decorator']) retrieved from /home/airflow/.local/lib/python3.7/site-packages/airflow/example_dags/example_branch_operator_decorator.py
[2023-07-01T00:08:09.335+0000] {logging_mixin.py:137} INFO - [2023-07-01T00:08:09.335+0000] {dag.py:2705} INFO - Sync 1 DAGs
[2023-07-01T00:08:09.371+0000] {logging_mixin.py:137} INFO - [2023-07-01T00:08:09.371+0000] {dag.py:3456} INFO - Setting next_dagrun for example_branch_python_operator_decorator to 2023-06-30T00:00:00+00:00, run_after=2023-07-01T00:00:00+00:00
[2023-07-01T00:08:09.394+0000] {processor.py:175} INFO - Processing /home/airflow/.local/lib/python3.7/site-packages/airflow/example_dags/example_branch_operator_decorator.py took 0.128 seconds
[2023-07-01T00:08:39.682+0000] {processor.py:153} INFO - Started process (PID=52349) to work on /home/airflow/.local/lib/python3.7/site-packages/airflow/example_dags/example_branch_operator_decorator.py
[2023-07-01T00:08:39.684+0000] {processor.py:743} INFO - Processing file /home/airflow/.local/lib/python3.7/site-packages/airflow/example_dags/example_branch_operator_decorator.py for tasks to queue
[2023-07-01T00:08:39.685+0000] {logging_mixin.py:137} INFO - [2023-07-01T00:08:39.684+0000] {dagbag.py:532} INFO - Filling up the DagBag from /home/airflow/.local/lib/python3.7/site-packages/airflow/example_dags/example_branch_operator_decorator.py
[2023-07-01T00:08:39.708+0000] {processor.py:753} INFO - DAG(s) dict_keys(['example_branch_python_operator_decorator']) retrieved from /home/airflow/.local/lib/python3.7/site-packages/airflow/example_dags/example_branch_operator_decorator.py
[2023-07-01T00:08:39.729+0000] {logging_mixin.py:137} INFO - [2023-07-01T00:08:39.729+0000] {dag.py:2705} INFO - Sync 1 DAGs
[2023-07-01T00:08:39.744+0000] {logging_mixin.py:137} INFO - [2023-07-01T00:08:39.744+0000] {dag.py:3456} INFO - Setting next_dagrun for example_branch_python_operator_decorator to 2023-06-30T00:00:00+00:00, run_after=2023-07-01T00:00:00+00:00
[2023-07-01T00:08:39.754+0000] {processor.py:175} INFO - Processing /home/airflow/.local/lib/python3.7/site-packages/airflow/example_dags/example_branch_operator_decorator.py took 0.074 seconds
[2023-07-01T00:09:09.858+0000] {processor.py:153} INFO - Started process (PID=52406) to work on /home/airflow/.local/lib/python3.7/site-packages/airflow/example_dags/example_branch_operator_decorator.py
[2023-07-01T00:09:09.859+0000] {processor.py:743} INFO - Processing file /home/airflow/.local/lib/python3.7/site-packages/airflow/example_dags/example_branch_operator_decorator.py for tasks to queue
[2023-07-01T00:09:09.860+0000] {logging_mixin.py:137} INFO - [2023-07-01T00:09:09.860+0000] {dagbag.py:532} INFO - Filling up the DagBag from /home/airflow/.local/lib/python3.7/site-packages/airflow/example_dags/example_branch_operator_decorator.py
[2023-07-01T00:09:09.876+0000] {processor.py:753} INFO - DAG(s) dict_keys(['example_branch_python_operator_decorator']) retrieved from /home/airflow/.local/lib/python3.7/site-packages/airflow/example_dags/example_branch_operator_decorator.py
[2023-07-01T00:09:09.894+0000] {logging_mixin.py:137} INFO - [2023-07-01T00:09:09.894+0000] {dag.py:2705} INFO - Sync 1 DAGs
[2023-07-01T00:09:09.908+0000] {logging_mixin.py:137} INFO - [2023-07-01T00:09:09.908+0000] {dag.py:3456} INFO - Setting next_dagrun for example_branch_python_operator_decorator to 2023-06-30T00:00:00+00:00, run_after=2023-07-01T00:00:00+00:00
[2023-07-01T00:09:09.918+0000] {processor.py:175} INFO - Processing /home/airflow/.local/lib/python3.7/site-packages/airflow/example_dags/example_branch_operator_decorator.py took 0.062 seconds
[2023-07-01T00:09:40.539+0000] {processor.py:153} INFO - Started process (PID=52464) to work on /home/airflow/.local/lib/python3.7/site-packages/airflow/example_dags/example_branch_operator_decorator.py
[2023-07-01T00:09:40.540+0000] {processor.py:743} INFO - Processing file /home/airflow/.local/lib/python3.7/site-packages/airflow/example_dags/example_branch_operator_decorator.py for tasks to queue
[2023-07-01T00:09:40.541+0000] {logging_mixin.py:137} INFO - [2023-07-01T00:09:40.541+0000] {dagbag.py:532} INFO - Filling up the DagBag from /home/airflow/.local/lib/python3.7/site-packages/airflow/example_dags/example_branch_operator_decorator.py
[2023-07-01T00:09:40.561+0000] {processor.py:753} INFO - DAG(s) dict_keys(['example_branch_python_operator_decorator']) retrieved from /home/airflow/.local/lib/python3.7/site-packages/airflow/example_dags/example_branch_operator_decorator.py
[2023-07-01T00:09:40.590+0000] {logging_mixin.py:137} INFO - [2023-07-01T00:09:40.590+0000] {dag.py:2705} INFO - Sync 1 DAGs
[2023-07-01T00:09:40.610+0000] {logging_mixin.py:137} INFO - [2023-07-01T00:09:40.610+0000] {dag.py:3456} INFO - Setting next_dagrun for example_branch_python_operator_decorator to 2023-06-30T00:00:00+00:00, run_after=2023-07-01T00:00:00+00:00
[2023-07-01T00:09:40.621+0000] {processor.py:175} INFO - Processing /home/airflow/.local/lib/python3.7/site-packages/airflow/example_dags/example_branch_operator_decorator.py took 0.086 seconds
[2023-07-01T00:10:10.752+0000] {processor.py:153} INFO - Started process (PID=52521) to work on /home/airflow/.local/lib/python3.7/site-packages/airflow/example_dags/example_branch_operator_decorator.py
[2023-07-01T00:10:10.754+0000] {processor.py:743} INFO - Processing file /home/airflow/.local/lib/python3.7/site-packages/airflow/example_dags/example_branch_operator_decorator.py for tasks to queue
[2023-07-01T00:10:10.754+0000] {logging_mixin.py:137} INFO - [2023-07-01T00:10:10.754+0000] {dagbag.py:532} INFO - Filling up the DagBag from /home/airflow/.local/lib/python3.7/site-packages/airflow/example_dags/example_branch_operator_decorator.py
[2023-07-01T00:10:10.780+0000] {processor.py:753} INFO - DAG(s) dict_keys(['example_branch_python_operator_decorator']) retrieved from /home/airflow/.local/lib/python3.7/site-packages/airflow/example_dags/example_branch_operator_decorator.py
[2023-07-01T00:10:10.800+0000] {logging_mixin.py:137} INFO - [2023-07-01T00:10:10.800+0000] {dag.py:2705} INFO - Sync 1 DAGs
[2023-07-01T00:10:10.818+0000] {logging_mixin.py:137} INFO - [2023-07-01T00:10:10.818+0000] {dag.py:3456} INFO - Setting next_dagrun for example_branch_python_operator_decorator to 2023-06-30T00:00:00+00:00, run_after=2023-07-01T00:00:00+00:00
[2023-07-01T00:10:10.831+0000] {processor.py:175} INFO - Processing /home/airflow/.local/lib/python3.7/site-packages/airflow/example_dags/example_branch_operator_decorator.py took 0.082 seconds
[2023-07-01T00:10:41.262+0000] {processor.py:153} INFO - Started process (PID=52579) to work on /home/airflow/.local/lib/python3.7/site-packages/airflow/example_dags/example_branch_operator_decorator.py
[2023-07-01T00:10:41.263+0000] {processor.py:743} INFO - Processing file /home/airflow/.local/lib/python3.7/site-packages/airflow/example_dags/example_branch_operator_decorator.py for tasks to queue
[2023-07-01T00:10:41.263+0000] {logging_mixin.py:137} INFO - [2023-07-01T00:10:41.263+0000] {dagbag.py:532} INFO - Filling up the DagBag from /home/airflow/.local/lib/python3.7/site-packages/airflow/example_dags/example_branch_operator_decorator.py
[2023-07-01T00:10:41.279+0000] {processor.py:753} INFO - DAG(s) dict_keys(['example_branch_python_operator_decorator']) retrieved from /home/airflow/.local/lib/python3.7/site-packages/airflow/example_dags/example_branch_operator_decorator.py
[2023-07-01T00:10:41.302+0000] {logging_mixin.py:137} INFO - [2023-07-01T00:10:41.301+0000] {dag.py:2705} INFO - Sync 1 DAGs
[2023-07-01T00:10:41.317+0000] {logging_mixin.py:137} INFO - [2023-07-01T00:10:41.317+0000] {dag.py:3456} INFO - Setting next_dagrun for example_branch_python_operator_decorator to 2023-06-30T00:00:00+00:00, run_after=2023-07-01T00:00:00+00:00
[2023-07-01T00:10:41.328+0000] {processor.py:175} INFO - Processing /home/airflow/.local/lib/python3.7/site-packages/airflow/example_dags/example_branch_operator_decorator.py took 0.069 seconds
[2023-07-01T00:11:12.135+0000] {processor.py:153} INFO - Started process (PID=52637) to work on /home/airflow/.local/lib/python3.7/site-packages/airflow/example_dags/example_branch_operator_decorator.py
[2023-07-01T00:11:12.136+0000] {processor.py:743} INFO - Processing file /home/airflow/.local/lib/python3.7/site-packages/airflow/example_dags/example_branch_operator_decorator.py for tasks to queue
[2023-07-01T00:11:12.137+0000] {logging_mixin.py:137} INFO - [2023-07-01T00:11:12.137+0000] {dagbag.py:532} INFO - Filling up the DagBag from /home/airflow/.local/lib/python3.7/site-packages/airflow/example_dags/example_branch_operator_decorator.py
[2023-07-01T00:11:12.152+0000] {processor.py:753} INFO - DAG(s) dict_keys(['example_branch_python_operator_decorator']) retrieved from /home/airflow/.local/lib/python3.7/site-packages/airflow/example_dags/example_branch_operator_decorator.py
[2023-07-01T00:11:12.170+0000] {logging_mixin.py:137} INFO - [2023-07-01T00:11:12.170+0000] {dag.py:2705} INFO - Sync 1 DAGs
[2023-07-01T00:11:12.184+0000] {logging_mixin.py:137} INFO - [2023-07-01T00:11:12.184+0000] {dag.py:3456} INFO - Setting next_dagrun for example_branch_python_operator_decorator to 2023-06-30T00:00:00+00:00, run_after=2023-07-01T00:00:00+00:00
[2023-07-01T00:11:12.193+0000] {processor.py:175} INFO - Processing /home/airflow/.local/lib/python3.7/site-packages/airflow/example_dags/example_branch_operator_decorator.py took 0.060 seconds
[2023-07-01T00:11:42.925+0000] {processor.py:153} INFO - Started process (PID=52694) to work on /home/airflow/.local/lib/python3.7/site-packages/airflow/example_dags/example_branch_operator_decorator.py
[2023-07-01T00:11:42.926+0000] {processor.py:743} INFO - Processing file /home/airflow/.local/lib/python3.7/site-packages/airflow/example_dags/example_branch_operator_decorator.py for tasks to queue
[2023-07-01T00:11:42.927+0000] {logging_mixin.py:137} INFO - [2023-07-01T00:11:42.927+0000] {dagbag.py:532} INFO - Filling up the DagBag from /home/airflow/.local/lib/python3.7/site-packages/airflow/example_dags/example_branch_operator_decorator.py
[2023-07-01T00:11:42.942+0000] {processor.py:753} INFO - DAG(s) dict_keys(['example_branch_python_operator_decorator']) retrieved from /home/airflow/.local/lib/python3.7/site-packages/airflow/example_dags/example_branch_operator_decorator.py
[2023-07-01T00:11:42.962+0000] {logging_mixin.py:137} INFO - [2023-07-01T00:11:42.961+0000] {dag.py:2705} INFO - Sync 1 DAGs
[2023-07-01T00:11:42.977+0000] {logging_mixin.py:137} INFO - [2023-07-01T00:11:42.977+0000] {dag.py:3456} INFO - Setting next_dagrun for example_branch_python_operator_decorator to 2023-06-30T00:00:00+00:00, run_after=2023-07-01T00:00:00+00:00
[2023-07-01T00:11:42.986+0000] {processor.py:175} INFO - Processing /home/airflow/.local/lib/python3.7/site-packages/airflow/example_dags/example_branch_operator_decorator.py took 0.064 seconds
[2023-07-01T00:12:13.637+0000] {processor.py:153} INFO - Started process (PID=52751) to work on /home/airflow/.local/lib/python3.7/site-packages/airflow/example_dags/example_branch_operator_decorator.py
[2023-07-01T00:12:13.638+0000] {processor.py:743} INFO - Processing file /home/airflow/.local/lib/python3.7/site-packages/airflow/example_dags/example_branch_operator_decorator.py for tasks to queue
[2023-07-01T00:12:13.639+0000] {logging_mixin.py:137} INFO - [2023-07-01T00:12:13.639+0000] {dagbag.py:532} INFO - Filling up the DagBag from /home/airflow/.local/lib/python3.7/site-packages/airflow/example_dags/example_branch_operator_decorator.py
[2023-07-01T00:12:13.657+0000] {processor.py:753} INFO - DAG(s) dict_keys(['example_branch_python_operator_decorator']) retrieved from /home/airflow/.local/lib/python3.7/site-packages/airflow/example_dags/example_branch_operator_decorator.py
[2023-07-01T00:12:13.676+0000] {logging_mixin.py:137} INFO - [2023-07-01T00:12:13.676+0000] {dag.py:2705} INFO - Sync 1 DAGs
[2023-07-01T00:12:13.690+0000] {logging_mixin.py:137} INFO - [2023-07-01T00:12:13.690+0000] {dag.py:3456} INFO - Setting next_dagrun for example_branch_python_operator_decorator to 2023-06-30T00:00:00+00:00, run_after=2023-07-01T00:00:00+00:00
[2023-07-01T00:12:13.699+0000] {processor.py:175} INFO - Processing /home/airflow/.local/lib/python3.7/site-packages/airflow/example_dags/example_branch_operator_decorator.py took 0.065 seconds
[2023-07-01T00:12:44.379+0000] {processor.py:153} INFO - Started process (PID=52808) to work on /home/airflow/.local/lib/python3.7/site-packages/airflow/example_dags/example_branch_operator_decorator.py
[2023-07-01T00:12:44.380+0000] {processor.py:743} INFO - Processing file /home/airflow/.local/lib/python3.7/site-packages/airflow/example_dags/example_branch_operator_decorator.py for tasks to queue
[2023-07-01T00:12:44.380+0000] {logging_mixin.py:137} INFO - [2023-07-01T00:12:44.380+0000] {dagbag.py:532} INFO - Filling up the DagBag from /home/airflow/.local/lib/python3.7/site-packages/airflow/example_dags/example_branch_operator_decorator.py
[2023-07-01T00:12:44.397+0000] {processor.py:753} INFO - DAG(s) dict_keys(['example_branch_python_operator_decorator']) retrieved from /home/airflow/.local/lib/python3.7/site-packages/airflow/example_dags/example_branch_operator_decorator.py
[2023-07-01T00:12:44.416+0000] {logging_mixin.py:137} INFO - [2023-07-01T00:12:44.416+0000] {dag.py:2705} INFO - Sync 1 DAGs
[2023-07-01T00:12:44.430+0000] {logging_mixin.py:137} INFO - [2023-07-01T00:12:44.430+0000] {dag.py:3456} INFO - Setting next_dagrun for example_branch_python_operator_decorator to 2023-06-30T00:00:00+00:00, run_after=2023-07-01T00:00:00+00:00
[2023-07-01T00:12:44.439+0000] {processor.py:175} INFO - Processing /home/airflow/.local/lib/python3.7/site-packages/airflow/example_dags/example_branch_operator_decorator.py took 0.063 seconds
[2023-07-01T00:13:15.142+0000] {processor.py:153} INFO - Started process (PID=52865) to work on /home/airflow/.local/lib/python3.7/site-packages/airflow/example_dags/example_branch_operator_decorator.py
[2023-07-01T00:13:15.143+0000] {processor.py:743} INFO - Processing file /home/airflow/.local/lib/python3.7/site-packages/airflow/example_dags/example_branch_operator_decorator.py for tasks to queue
[2023-07-01T00:13:15.143+0000] {logging_mixin.py:137} INFO - [2023-07-01T00:13:15.143+0000] {dagbag.py:532} INFO - Filling up the DagBag from /home/airflow/.local/lib/python3.7/site-packages/airflow/example_dags/example_branch_operator_decorator.py
[2023-07-01T00:13:15.160+0000] {processor.py:753} INFO - DAG(s) dict_keys(['example_branch_python_operator_decorator']) retrieved from /home/airflow/.local/lib/python3.7/site-packages/airflow/example_dags/example_branch_operator_decorator.py
[2023-07-01T00:13:15.179+0000] {logging_mixin.py:137} INFO - [2023-07-01T00:13:15.179+0000] {dag.py:2705} INFO - Sync 1 DAGs
[2023-07-01T00:13:15.193+0000] {logging_mixin.py:137} INFO - [2023-07-01T00:13:15.193+0000] {dag.py:3456} INFO - Setting next_dagrun for example_branch_python_operator_decorator to 2023-06-30T00:00:00+00:00, run_after=2023-07-01T00:00:00+00:00
[2023-07-01T00:13:15.203+0000] {processor.py:175} INFO - Processing /home/airflow/.local/lib/python3.7/site-packages/airflow/example_dags/example_branch_operator_decorator.py took 0.064 seconds
[2023-07-01T00:13:45.286+0000] {processor.py:153} INFO - Started process (PID=52923) to work on /home/airflow/.local/lib/python3.7/site-packages/airflow/example_dags/example_branch_operator_decorator.py
[2023-07-01T00:13:45.287+0000] {processor.py:743} INFO - Processing file /home/airflow/.local/lib/python3.7/site-packages/airflow/example_dags/example_branch_operator_decorator.py for tasks to queue
[2023-07-01T00:13:45.288+0000] {logging_mixin.py:137} INFO - [2023-07-01T00:13:45.288+0000] {dagbag.py:532} INFO - Filling up the DagBag from /home/airflow/.local/lib/python3.7/site-packages/airflow/example_dags/example_branch_operator_decorator.py
[2023-07-01T00:13:45.307+0000] {processor.py:753} INFO - DAG(s) dict_keys(['example_branch_python_operator_decorator']) retrieved from /home/airflow/.local/lib/python3.7/site-packages/airflow/example_dags/example_branch_operator_decorator.py
[2023-07-01T00:13:45.327+0000] {logging_mixin.py:137} INFO - [2023-07-01T00:13:45.326+0000] {dag.py:2705} INFO - Sync 1 DAGs
[2023-07-01T00:13:45.341+0000] {logging_mixin.py:137} INFO - [2023-07-01T00:13:45.341+0000] {dag.py:3456} INFO - Setting next_dagrun for example_branch_python_operator_decorator to 2023-06-30T00:00:00+00:00, run_after=2023-07-01T00:00:00+00:00
[2023-07-01T00:13:45.351+0000] {processor.py:175} INFO - Processing /home/airflow/.local/lib/python3.7/site-packages/airflow/example_dags/example_branch_operator_decorator.py took 0.068 seconds
[2023-07-01T00:14:15.422+0000] {processor.py:153} INFO - Started process (PID=52980) to work on /home/airflow/.local/lib/python3.7/site-packages/airflow/example_dags/example_branch_operator_decorator.py
[2023-07-01T00:14:15.423+0000] {processor.py:743} INFO - Processing file /home/airflow/.local/lib/python3.7/site-packages/airflow/example_dags/example_branch_operator_decorator.py for tasks to queue
[2023-07-01T00:14:15.424+0000] {logging_mixin.py:137} INFO - [2023-07-01T00:14:15.424+0000] {dagbag.py:532} INFO - Filling up the DagBag from /home/airflow/.local/lib/python3.7/site-packages/airflow/example_dags/example_branch_operator_decorator.py
[2023-07-01T00:14:15.446+0000] {processor.py:753} INFO - DAG(s) dict_keys(['example_branch_python_operator_decorator']) retrieved from /home/airflow/.local/lib/python3.7/site-packages/airflow/example_dags/example_branch_operator_decorator.py
[2023-07-01T00:14:15.468+0000] {logging_mixin.py:137} INFO - [2023-07-01T00:14:15.468+0000] {dag.py:2705} INFO - Sync 1 DAGs
[2023-07-01T00:14:15.485+0000] {logging_mixin.py:137} INFO - [2023-07-01T00:14:15.485+0000] {dag.py:3456} INFO - Setting next_dagrun for example_branch_python_operator_decorator to 2023-06-30T00:00:00+00:00, run_after=2023-07-01T00:00:00+00:00
[2023-07-01T00:14:15.494+0000] {processor.py:175} INFO - Processing /home/airflow/.local/lib/python3.7/site-packages/airflow/example_dags/example_branch_operator_decorator.py took 0.076 seconds
[2023-07-01T00:14:45.693+0000] {processor.py:153} INFO - Started process (PID=53037) to work on /home/airflow/.local/lib/python3.7/site-packages/airflow/example_dags/example_branch_operator_decorator.py
[2023-07-01T00:14:45.695+0000] {processor.py:743} INFO - Processing file /home/airflow/.local/lib/python3.7/site-packages/airflow/example_dags/example_branch_operator_decorator.py for tasks to queue
[2023-07-01T00:14:45.696+0000] {logging_mixin.py:137} INFO - [2023-07-01T00:14:45.696+0000] {dagbag.py:532} INFO - Filling up the DagBag from /home/airflow/.local/lib/python3.7/site-packages/airflow/example_dags/example_branch_operator_decorator.py
[2023-07-01T00:14:45.713+0000] {processor.py:753} INFO - DAG(s) dict_keys(['example_branch_python_operator_decorator']) retrieved from /home/airflow/.local/lib/python3.7/site-packages/airflow/example_dags/example_branch_operator_decorator.py
[2023-07-01T00:14:45.734+0000] {logging_mixin.py:137} INFO - [2023-07-01T00:14:45.734+0000] {dag.py:2705} INFO - Sync 1 DAGs
[2023-07-01T00:14:45.749+0000] {logging_mixin.py:137} INFO - [2023-07-01T00:14:45.749+0000] {dag.py:3456} INFO - Setting next_dagrun for example_branch_python_operator_decorator to 2023-06-30T00:00:00+00:00, run_after=2023-07-01T00:00:00+00:00
[2023-07-01T00:14:45.759+0000] {processor.py:175} INFO - Processing /home/airflow/.local/lib/python3.7/site-packages/airflow/example_dags/example_branch_operator_decorator.py took 0.068 seconds
[2023-07-01T00:15:16.081+0000] {processor.py:153} INFO - Started process (PID=53094) to work on /home/airflow/.local/lib/python3.7/site-packages/airflow/example_dags/example_branch_operator_decorator.py
[2023-07-01T00:15:16.082+0000] {processor.py:743} INFO - Processing file /home/airflow/.local/lib/python3.7/site-packages/airflow/example_dags/example_branch_operator_decorator.py for tasks to queue
[2023-07-01T00:15:16.082+0000] {logging_mixin.py:137} INFO - [2023-07-01T00:15:16.082+0000] {dagbag.py:532} INFO - Filling up the DagBag from /home/airflow/.local/lib/python3.7/site-packages/airflow/example_dags/example_branch_operator_decorator.py
[2023-07-01T00:15:16.099+0000] {processor.py:753} INFO - DAG(s) dict_keys(['example_branch_python_operator_decorator']) retrieved from /home/airflow/.local/lib/python3.7/site-packages/airflow/example_dags/example_branch_operator_decorator.py
[2023-07-01T00:15:16.119+0000] {logging_mixin.py:137} INFO - [2023-07-01T00:15:16.119+0000] {dag.py:2705} INFO - Sync 1 DAGs
[2023-07-01T00:15:16.134+0000] {logging_mixin.py:137} INFO - [2023-07-01T00:15:16.134+0000] {dag.py:3456} INFO - Setting next_dagrun for example_branch_python_operator_decorator to 2023-06-30T00:00:00+00:00, run_after=2023-07-01T00:00:00+00:00
[2023-07-01T00:15:16.143+0000] {processor.py:175} INFO - Processing /home/airflow/.local/lib/python3.7/site-packages/airflow/example_dags/example_branch_operator_decorator.py took 0.065 seconds
[2023-07-01T00:15:46.267+0000] {processor.py:153} INFO - Started process (PID=53150) to work on /home/airflow/.local/lib/python3.7/site-packages/airflow/example_dags/example_branch_operator_decorator.py
[2023-07-01T00:15:46.268+0000] {processor.py:743} INFO - Processing file /home/airflow/.local/lib/python3.7/site-packages/airflow/example_dags/example_branch_operator_decorator.py for tasks to queue
[2023-07-01T00:15:46.269+0000] {logging_mixin.py:137} INFO - [2023-07-01T00:15:46.269+0000] {dagbag.py:532} INFO - Filling up the DagBag from /home/airflow/.local/lib/python3.7/site-packages/airflow/example_dags/example_branch_operator_decorator.py
[2023-07-01T00:15:46.284+0000] {processor.py:753} INFO - DAG(s) dict_keys(['example_branch_python_operator_decorator']) retrieved from /home/airflow/.local/lib/python3.7/site-packages/airflow/example_dags/example_branch_operator_decorator.py
[2023-07-01T00:15:46.302+0000] {logging_mixin.py:137} INFO - [2023-07-01T00:15:46.302+0000] {dag.py:2705} INFO - Sync 1 DAGs
[2023-07-01T00:15:46.316+0000] {logging_mixin.py:137} INFO - [2023-07-01T00:15:46.316+0000] {dag.py:3456} INFO - Setting next_dagrun for example_branch_python_operator_decorator to 2023-06-30T00:00:00+00:00, run_after=2023-07-01T00:00:00+00:00
[2023-07-01T00:15:46.325+0000] {processor.py:175} INFO - Processing /home/airflow/.local/lib/python3.7/site-packages/airflow/example_dags/example_branch_operator_decorator.py took 0.061 seconds
[2023-07-01T00:16:16.540+0000] {processor.py:153} INFO - Started process (PID=53207) to work on /home/airflow/.local/lib/python3.7/site-packages/airflow/example_dags/example_branch_operator_decorator.py
[2023-07-01T00:16:16.541+0000] {processor.py:743} INFO - Processing file /home/airflow/.local/lib/python3.7/site-packages/airflow/example_dags/example_branch_operator_decorator.py for tasks to queue
[2023-07-01T00:16:16.542+0000] {logging_mixin.py:137} INFO - [2023-07-01T00:16:16.542+0000] {dagbag.py:532} INFO - Filling up the DagBag from /home/airflow/.local/lib/python3.7/site-packages/airflow/example_dags/example_branch_operator_decorator.py
[2023-07-01T00:16:16.557+0000] {processor.py:753} INFO - DAG(s) dict_keys(['example_branch_python_operator_decorator']) retrieved from /home/airflow/.local/lib/python3.7/site-packages/airflow/example_dags/example_branch_operator_decorator.py
[2023-07-01T00:16:16.577+0000] {logging_mixin.py:137} INFO - [2023-07-01T00:16:16.576+0000] {dag.py:2705} INFO - Sync 1 DAGs
[2023-07-01T00:16:16.592+0000] {logging_mixin.py:137} INFO - [2023-07-01T00:16:16.592+0000] {dag.py:3456} INFO - Setting next_dagrun for example_branch_python_operator_decorator to 2023-06-30T00:00:00+00:00, run_after=2023-07-01T00:00:00+00:00
[2023-07-01T00:16:16.602+0000] {processor.py:175} INFO - Processing /home/airflow/.local/lib/python3.7/site-packages/airflow/example_dags/example_branch_operator_decorator.py took 0.064 seconds
[2023-07-01T00:16:47.054+0000] {processor.py:153} INFO - Started process (PID=53264) to work on /home/airflow/.local/lib/python3.7/site-packages/airflow/example_dags/example_branch_operator_decorator.py
[2023-07-01T00:16:47.055+0000] {processor.py:743} INFO - Processing file /home/airflow/.local/lib/python3.7/site-packages/airflow/example_dags/example_branch_operator_decorator.py for tasks to queue
[2023-07-01T00:16:47.055+0000] {logging_mixin.py:137} INFO - [2023-07-01T00:16:47.055+0000] {dagbag.py:532} INFO - Filling up the DagBag from /home/airflow/.local/lib/python3.7/site-packages/airflow/example_dags/example_branch_operator_decorator.py
[2023-07-01T00:16:47.072+0000] {processor.py:753} INFO - DAG(s) dict_keys(['example_branch_python_operator_decorator']) retrieved from /home/airflow/.local/lib/python3.7/site-packages/airflow/example_dags/example_branch_operator_decorator.py
[2023-07-01T00:16:47.091+0000] {logging_mixin.py:137} INFO - [2023-07-01T00:16:47.091+0000] {dag.py:2705} INFO - Sync 1 DAGs
[2023-07-01T00:16:47.106+0000] {logging_mixin.py:137} INFO - [2023-07-01T00:16:47.106+0000] {dag.py:3456} INFO - Setting next_dagrun for example_branch_python_operator_decorator to 2023-06-30T00:00:00+00:00, run_after=2023-07-01T00:00:00+00:00
[2023-07-01T00:16:47.117+0000] {processor.py:175} INFO - Processing /home/airflow/.local/lib/python3.7/site-packages/airflow/example_dags/example_branch_operator_decorator.py took 0.065 seconds
[2023-07-01T00:17:18.177+0000] {processor.py:153} INFO - Started process (PID=53321) to work on /home/airflow/.local/lib/python3.7/site-packages/airflow/example_dags/example_branch_operator_decorator.py
[2023-07-01T00:17:18.178+0000] {processor.py:743} INFO - Processing file /home/airflow/.local/lib/python3.7/site-packages/airflow/example_dags/example_branch_operator_decorator.py for tasks to queue
[2023-07-01T00:17:18.179+0000] {logging_mixin.py:137} INFO - [2023-07-01T00:17:18.179+0000] {dagbag.py:532} INFO - Filling up the DagBag from /home/airflow/.local/lib/python3.7/site-packages/airflow/example_dags/example_branch_operator_decorator.py
[2023-07-01T00:17:18.196+0000] {processor.py:753} INFO - DAG(s) dict_keys(['example_branch_python_operator_decorator']) retrieved from /home/airflow/.local/lib/python3.7/site-packages/airflow/example_dags/example_branch_operator_decorator.py
[2023-07-01T00:17:18.215+0000] {logging_mixin.py:137} INFO - [2023-07-01T00:17:18.215+0000] {dag.py:2705} INFO - Sync 1 DAGs
[2023-07-01T00:17:18.230+0000] {logging_mixin.py:137} INFO - [2023-07-01T00:17:18.230+0000] {dag.py:3456} INFO - Setting next_dagrun for example_branch_python_operator_decorator to 2023-06-30T00:00:00+00:00, run_after=2023-07-01T00:00:00+00:00
[2023-07-01T00:17:18.240+0000] {processor.py:175} INFO - Processing /home/airflow/.local/lib/python3.7/site-packages/airflow/example_dags/example_branch_operator_decorator.py took 0.065 seconds
[2023-07-01T00:17:48.953+0000] {processor.py:153} INFO - Started process (PID=53378) to work on /home/airflow/.local/lib/python3.7/site-packages/airflow/example_dags/example_branch_operator_decorator.py
[2023-07-01T00:17:48.954+0000] {processor.py:743} INFO - Processing file /home/airflow/.local/lib/python3.7/site-packages/airflow/example_dags/example_branch_operator_decorator.py for tasks to queue
[2023-07-01T00:17:48.955+0000] {logging_mixin.py:137} INFO - [2023-07-01T00:17:48.955+0000] {dagbag.py:532} INFO - Filling up the DagBag from /home/airflow/.local/lib/python3.7/site-packages/airflow/example_dags/example_branch_operator_decorator.py
[2023-07-01T00:17:48.970+0000] {processor.py:753} INFO - DAG(s) dict_keys(['example_branch_python_operator_decorator']) retrieved from /home/airflow/.local/lib/python3.7/site-packages/airflow/example_dags/example_branch_operator_decorator.py
[2023-07-01T00:17:48.989+0000] {logging_mixin.py:137} INFO - [2023-07-01T00:17:48.989+0000] {dag.py:2705} INFO - Sync 1 DAGs
[2023-07-01T00:17:49.003+0000] {logging_mixin.py:137} INFO - [2023-07-01T00:17:49.003+0000] {dag.py:3456} INFO - Setting next_dagrun for example_branch_python_operator_decorator to 2023-06-30T00:00:00+00:00, run_after=2023-07-01T00:00:00+00:00
[2023-07-01T00:17:49.013+0000] {processor.py:175} INFO - Processing /home/airflow/.local/lib/python3.7/site-packages/airflow/example_dags/example_branch_operator_decorator.py took 0.062 seconds
[2023-07-01T00:18:19.644+0000] {processor.py:153} INFO - Started process (PID=53435) to work on /home/airflow/.local/lib/python3.7/site-packages/airflow/example_dags/example_branch_operator_decorator.py
[2023-07-01T00:18:19.646+0000] {processor.py:743} INFO - Processing file /home/airflow/.local/lib/python3.7/site-packages/airflow/example_dags/example_branch_operator_decorator.py for tasks to queue
[2023-07-01T00:18:19.646+0000] {logging_mixin.py:137} INFO - [2023-07-01T00:18:19.646+0000] {dagbag.py:532} INFO - Filling up the DagBag from /home/airflow/.local/lib/python3.7/site-packages/airflow/example_dags/example_branch_operator_decorator.py
[2023-07-01T00:18:19.664+0000] {processor.py:753} INFO - DAG(s) dict_keys(['example_branch_python_operator_decorator']) retrieved from /home/airflow/.local/lib/python3.7/site-packages/airflow/example_dags/example_branch_operator_decorator.py
[2023-07-01T00:18:19.682+0000] {logging_mixin.py:137} INFO - [2023-07-01T00:18:19.682+0000] {dag.py:2705} INFO - Sync 1 DAGs
[2023-07-01T00:18:19.697+0000] {logging_mixin.py:137} INFO - [2023-07-01T00:18:19.697+0000] {dag.py:3456} INFO - Setting next_dagrun for example_branch_python_operator_decorator to 2023-06-30T00:00:00+00:00, run_after=2023-07-01T00:00:00+00:00
[2023-07-01T00:18:19.719+0000] {processor.py:175} INFO - Processing /home/airflow/.local/lib/python3.7/site-packages/airflow/example_dags/example_branch_operator_decorator.py took 0.078 seconds
[2023-07-01T00:18:50.712+0000] {processor.py:153} INFO - Started process (PID=53492) to work on /home/airflow/.local/lib/python3.7/site-packages/airflow/example_dags/example_branch_operator_decorator.py
[2023-07-01T00:18:50.713+0000] {processor.py:743} INFO - Processing file /home/airflow/.local/lib/python3.7/site-packages/airflow/example_dags/example_branch_operator_decorator.py for tasks to queue
[2023-07-01T00:18:50.714+0000] {logging_mixin.py:137} INFO - [2023-07-01T00:18:50.714+0000] {dagbag.py:532} INFO - Filling up the DagBag from /home/airflow/.local/lib/python3.7/site-packages/airflow/example_dags/example_branch_operator_decorator.py
[2023-07-01T00:18:50.733+0000] {processor.py:753} INFO - DAG(s) dict_keys(['example_branch_python_operator_decorator']) retrieved from /home/airflow/.local/lib/python3.7/site-packages/airflow/example_dags/example_branch_operator_decorator.py
[2023-07-01T00:18:50.754+0000] {logging_mixin.py:137} INFO - [2023-07-01T00:18:50.754+0000] {dag.py:2705} INFO - Sync 1 DAGs
[2023-07-01T00:18:50.771+0000] {logging_mixin.py:137} INFO - [2023-07-01T00:18:50.771+0000] {dag.py:3456} INFO - Setting next_dagrun for example_branch_python_operator_decorator to 2023-06-30T00:00:00+00:00, run_after=2023-07-01T00:00:00+00:00
[2023-07-01T00:18:50.781+0000] {processor.py:175} INFO - Processing /home/airflow/.local/lib/python3.7/site-packages/airflow/example_dags/example_branch_operator_decorator.py took 0.073 seconds
[2023-07-01T00:19:20.970+0000] {processor.py:153} INFO - Started process (PID=53550) to work on /home/airflow/.local/lib/python3.7/site-packages/airflow/example_dags/example_branch_operator_decorator.py
[2023-07-01T00:19:20.971+0000] {processor.py:743} INFO - Processing file /home/airflow/.local/lib/python3.7/site-packages/airflow/example_dags/example_branch_operator_decorator.py for tasks to queue
[2023-07-01T00:19:20.972+0000] {logging_mixin.py:137} INFO - [2023-07-01T00:19:20.972+0000] {dagbag.py:532} INFO - Filling up the DagBag from /home/airflow/.local/lib/python3.7/site-packages/airflow/example_dags/example_branch_operator_decorator.py
[2023-07-01T00:19:20.989+0000] {processor.py:753} INFO - DAG(s) dict_keys(['example_branch_python_operator_decorator']) retrieved from /home/airflow/.local/lib/python3.7/site-packages/airflow/example_dags/example_branch_operator_decorator.py
[2023-07-01T00:19:21.009+0000] {logging_mixin.py:137} INFO - [2023-07-01T00:19:21.009+0000] {dag.py:2705} INFO - Sync 1 DAGs
[2023-07-01T00:19:21.023+0000] {logging_mixin.py:137} INFO - [2023-07-01T00:19:21.023+0000] {dag.py:3456} INFO - Setting next_dagrun for example_branch_python_operator_decorator to 2023-06-30T00:00:00+00:00, run_after=2023-07-01T00:00:00+00:00
[2023-07-01T00:19:21.033+0000] {processor.py:175} INFO - Processing /home/airflow/.local/lib/python3.7/site-packages/airflow/example_dags/example_branch_operator_decorator.py took 0.066 seconds
[2023-07-01T00:19:51.461+0000] {processor.py:153} INFO - Started process (PID=53607) to work on /home/airflow/.local/lib/python3.7/site-packages/airflow/example_dags/example_branch_operator_decorator.py
[2023-07-01T00:19:51.462+0000] {processor.py:743} INFO - Processing file /home/airflow/.local/lib/python3.7/site-packages/airflow/example_dags/example_branch_operator_decorator.py for tasks to queue
[2023-07-01T00:19:51.462+0000] {logging_mixin.py:137} INFO - [2023-07-01T00:19:51.462+0000] {dagbag.py:532} INFO - Filling up the DagBag from /home/airflow/.local/lib/python3.7/site-packages/airflow/example_dags/example_branch_operator_decorator.py
[2023-07-01T00:19:51.478+0000] {processor.py:753} INFO - DAG(s) dict_keys(['example_branch_python_operator_decorator']) retrieved from /home/airflow/.local/lib/python3.7/site-packages/airflow/example_dags/example_branch_operator_decorator.py
[2023-07-01T00:19:51.497+0000] {logging_mixin.py:137} INFO - [2023-07-01T00:19:51.497+0000] {dag.py:2705} INFO - Sync 1 DAGs
[2023-07-01T00:19:51.511+0000] {logging_mixin.py:137} INFO - [2023-07-01T00:19:51.511+0000] {dag.py:3456} INFO - Setting next_dagrun for example_branch_python_operator_decorator to 2023-06-30T00:00:00+00:00, run_after=2023-07-01T00:00:00+00:00
[2023-07-01T00:19:51.520+0000] {processor.py:175} INFO - Processing /home/airflow/.local/lib/python3.7/site-packages/airflow/example_dags/example_branch_operator_decorator.py took 0.062 seconds
[2023-07-01T00:20:21.766+0000] {processor.py:153} INFO - Started process (PID=53664) to work on /home/airflow/.local/lib/python3.7/site-packages/airflow/example_dags/example_branch_operator_decorator.py
[2023-07-01T00:20:21.767+0000] {processor.py:743} INFO - Processing file /home/airflow/.local/lib/python3.7/site-packages/airflow/example_dags/example_branch_operator_decorator.py for tasks to queue
[2023-07-01T00:20:21.768+0000] {logging_mixin.py:137} INFO - [2023-07-01T00:20:21.768+0000] {dagbag.py:532} INFO - Filling up the DagBag from /home/airflow/.local/lib/python3.7/site-packages/airflow/example_dags/example_branch_operator_decorator.py
[2023-07-01T00:20:21.785+0000] {processor.py:753} INFO - DAG(s) dict_keys(['example_branch_python_operator_decorator']) retrieved from /home/airflow/.local/lib/python3.7/site-packages/airflow/example_dags/example_branch_operator_decorator.py
[2023-07-01T00:20:21.804+0000] {logging_mixin.py:137} INFO - [2023-07-01T00:20:21.804+0000] {dag.py:2705} INFO - Sync 1 DAGs
[2023-07-01T00:20:21.819+0000] {logging_mixin.py:137} INFO - [2023-07-01T00:20:21.819+0000] {dag.py:3456} INFO - Setting next_dagrun for example_branch_python_operator_decorator to 2023-06-30T00:00:00+00:00, run_after=2023-07-01T00:00:00+00:00
[2023-07-01T00:20:21.828+0000] {processor.py:175} INFO - Processing /home/airflow/.local/lib/python3.7/site-packages/airflow/example_dags/example_branch_operator_decorator.py took 0.065 seconds
[2023-07-01T00:20:51.914+0000] {processor.py:153} INFO - Started process (PID=53722) to work on /home/airflow/.local/lib/python3.7/site-packages/airflow/example_dags/example_branch_operator_decorator.py
[2023-07-01T00:20:51.915+0000] {processor.py:743} INFO - Processing file /home/airflow/.local/lib/python3.7/site-packages/airflow/example_dags/example_branch_operator_decorator.py for tasks to queue
[2023-07-01T00:20:51.916+0000] {logging_mixin.py:137} INFO - [2023-07-01T00:20:51.916+0000] {dagbag.py:532} INFO - Filling up the DagBag from /home/airflow/.local/lib/python3.7/site-packages/airflow/example_dags/example_branch_operator_decorator.py
[2023-07-01T00:20:51.934+0000] {processor.py:753} INFO - DAG(s) dict_keys(['example_branch_python_operator_decorator']) retrieved from /home/airflow/.local/lib/python3.7/site-packages/airflow/example_dags/example_branch_operator_decorator.py
[2023-07-01T00:20:51.954+0000] {logging_mixin.py:137} INFO - [2023-07-01T00:20:51.954+0000] {dag.py:2705} INFO - Sync 1 DAGs
[2023-07-01T00:20:51.969+0000] {logging_mixin.py:137} INFO - [2023-07-01T00:20:51.969+0000] {dag.py:3456} INFO - Setting next_dagrun for example_branch_python_operator_decorator to 2023-06-30T00:00:00+00:00, run_after=2023-07-01T00:00:00+00:00
[2023-07-01T00:20:51.986+0000] {processor.py:175} INFO - Processing /home/airflow/.local/lib/python3.7/site-packages/airflow/example_dags/example_branch_operator_decorator.py took 0.075 seconds
[2023-07-01T00:21:22.090+0000] {processor.py:153} INFO - Started process (PID=53779) to work on /home/airflow/.local/lib/python3.7/site-packages/airflow/example_dags/example_branch_operator_decorator.py
[2023-07-01T00:21:22.091+0000] {processor.py:743} INFO - Processing file /home/airflow/.local/lib/python3.7/site-packages/airflow/example_dags/example_branch_operator_decorator.py for tasks to queue
[2023-07-01T00:21:22.092+0000] {logging_mixin.py:137} INFO - [2023-07-01T00:21:22.092+0000] {dagbag.py:532} INFO - Filling up the DagBag from /home/airflow/.local/lib/python3.7/site-packages/airflow/example_dags/example_branch_operator_decorator.py
[2023-07-01T00:21:22.108+0000] {processor.py:753} INFO - DAG(s) dict_keys(['example_branch_python_operator_decorator']) retrieved from /home/airflow/.local/lib/python3.7/site-packages/airflow/example_dags/example_branch_operator_decorator.py
[2023-07-01T00:21:22.127+0000] {logging_mixin.py:137} INFO - [2023-07-01T00:21:22.127+0000] {dag.py:2705} INFO - Sync 1 DAGs
[2023-07-01T00:21:22.141+0000] {logging_mixin.py:137} INFO - [2023-07-01T00:21:22.141+0000] {dag.py:3456} INFO - Setting next_dagrun for example_branch_python_operator_decorator to 2023-06-30T00:00:00+00:00, run_after=2023-07-01T00:00:00+00:00
[2023-07-01T00:21:22.150+0000] {processor.py:175} INFO - Processing /home/airflow/.local/lib/python3.7/site-packages/airflow/example_dags/example_branch_operator_decorator.py took 0.063 seconds
[2023-07-01T00:21:52.891+0000] {processor.py:153} INFO - Started process (PID=53837) to work on /home/airflow/.local/lib/python3.7/site-packages/airflow/example_dags/example_branch_operator_decorator.py
[2023-07-01T00:21:52.893+0000] {processor.py:743} INFO - Processing file /home/airflow/.local/lib/python3.7/site-packages/airflow/example_dags/example_branch_operator_decorator.py for tasks to queue
[2023-07-01T00:21:52.894+0000] {logging_mixin.py:137} INFO - [2023-07-01T00:21:52.894+0000] {dagbag.py:532} INFO - Filling up the DagBag from /home/airflow/.local/lib/python3.7/site-packages/airflow/example_dags/example_branch_operator_decorator.py
[2023-07-01T00:21:52.909+0000] {processor.py:753} INFO - DAG(s) dict_keys(['example_branch_python_operator_decorator']) retrieved from /home/airflow/.local/lib/python3.7/site-packages/airflow/example_dags/example_branch_operator_decorator.py
[2023-07-01T00:21:52.928+0000] {logging_mixin.py:137} INFO - [2023-07-01T00:21:52.928+0000] {dag.py:2705} INFO - Sync 1 DAGs
[2023-07-01T00:21:52.942+0000] {logging_mixin.py:137} INFO - [2023-07-01T00:21:52.942+0000] {dag.py:3456} INFO - Setting next_dagrun for example_branch_python_operator_decorator to 2023-06-30T00:00:00+00:00, run_after=2023-07-01T00:00:00+00:00
[2023-07-01T00:21:52.952+0000] {processor.py:175} INFO - Processing /home/airflow/.local/lib/python3.7/site-packages/airflow/example_dags/example_branch_operator_decorator.py took 0.063 seconds
[2023-07-01T00:22:23.782+0000] {processor.py:153} INFO - Started process (PID=53894) to work on /home/airflow/.local/lib/python3.7/site-packages/airflow/example_dags/example_branch_operator_decorator.py
[2023-07-01T00:22:23.782+0000] {processor.py:743} INFO - Processing file /home/airflow/.local/lib/python3.7/site-packages/airflow/example_dags/example_branch_operator_decorator.py for tasks to queue
[2023-07-01T00:22:23.783+0000] {logging_mixin.py:137} INFO - [2023-07-01T00:22:23.783+0000] {dagbag.py:532} INFO - Filling up the DagBag from /home/airflow/.local/lib/python3.7/site-packages/airflow/example_dags/example_branch_operator_decorator.py
[2023-07-01T00:22:23.800+0000] {processor.py:753} INFO - DAG(s) dict_keys(['example_branch_python_operator_decorator']) retrieved from /home/airflow/.local/lib/python3.7/site-packages/airflow/example_dags/example_branch_operator_decorator.py
[2023-07-01T00:22:23.818+0000] {logging_mixin.py:137} INFO - [2023-07-01T00:22:23.818+0000] {dag.py:2705} INFO - Sync 1 DAGs
[2023-07-01T00:22:23.837+0000] {logging_mixin.py:137} INFO - [2023-07-01T00:22:23.837+0000] {dag.py:3456} INFO - Setting next_dagrun for example_branch_python_operator_decorator to 2023-06-30T00:00:00+00:00, run_after=2023-07-01T00:00:00+00:00
[2023-07-01T00:22:23.846+0000] {processor.py:175} INFO - Processing /home/airflow/.local/lib/python3.7/site-packages/airflow/example_dags/example_branch_operator_decorator.py took 0.068 seconds
[2023-07-01T00:22:54.331+0000] {processor.py:153} INFO - Started process (PID=53951) to work on /home/airflow/.local/lib/python3.7/site-packages/airflow/example_dags/example_branch_operator_decorator.py
[2023-07-01T00:22:54.332+0000] {processor.py:743} INFO - Processing file /home/airflow/.local/lib/python3.7/site-packages/airflow/example_dags/example_branch_operator_decorator.py for tasks to queue
[2023-07-01T00:22:54.332+0000] {logging_mixin.py:137} INFO - [2023-07-01T00:22:54.332+0000] {dagbag.py:532} INFO - Filling up the DagBag from /home/airflow/.local/lib/python3.7/site-packages/airflow/example_dags/example_branch_operator_decorator.py
[2023-07-01T00:22:54.350+0000] {processor.py:753} INFO - DAG(s) dict_keys(['example_branch_python_operator_decorator']) retrieved from /home/airflow/.local/lib/python3.7/site-packages/airflow/example_dags/example_branch_operator_decorator.py
[2023-07-01T00:22:54.370+0000] {logging_mixin.py:137} INFO - [2023-07-01T00:22:54.370+0000] {dag.py:2705} INFO - Sync 1 DAGs
[2023-07-01T00:22:54.388+0000] {logging_mixin.py:137} INFO - [2023-07-01T00:22:54.388+0000] {dag.py:3456} INFO - Setting next_dagrun for example_branch_python_operator_decorator to 2023-06-30T00:00:00+00:00, run_after=2023-07-01T00:00:00+00:00
[2023-07-01T00:22:54.400+0000] {processor.py:175} INFO - Processing /home/airflow/.local/lib/python3.7/site-packages/airflow/example_dags/example_branch_operator_decorator.py took 0.072 seconds
[2023-07-01T00:23:25.029+0000] {processor.py:153} INFO - Started process (PID=54008) to work on /home/airflow/.local/lib/python3.7/site-packages/airflow/example_dags/example_branch_operator_decorator.py
[2023-07-01T00:23:25.030+0000] {processor.py:743} INFO - Processing file /home/airflow/.local/lib/python3.7/site-packages/airflow/example_dags/example_branch_operator_decorator.py for tasks to queue
[2023-07-01T00:23:25.031+0000] {logging_mixin.py:137} INFO - [2023-07-01T00:23:25.030+0000] {dagbag.py:532} INFO - Filling up the DagBag from /home/airflow/.local/lib/python3.7/site-packages/airflow/example_dags/example_branch_operator_decorator.py
[2023-07-01T00:23:25.046+0000] {processor.py:753} INFO - DAG(s) dict_keys(['example_branch_python_operator_decorator']) retrieved from /home/airflow/.local/lib/python3.7/site-packages/airflow/example_dags/example_branch_operator_decorator.py
[2023-07-01T00:23:25.065+0000] {logging_mixin.py:137} INFO - [2023-07-01T00:23:25.065+0000] {dag.py:2705} INFO - Sync 1 DAGs
[2023-07-01T00:23:25.079+0000] {logging_mixin.py:137} INFO - [2023-07-01T00:23:25.079+0000] {dag.py:3456} INFO - Setting next_dagrun for example_branch_python_operator_decorator to 2023-06-30T00:00:00+00:00, run_after=2023-07-01T00:00:00+00:00
[2023-07-01T00:23:25.088+0000] {processor.py:175} INFO - Processing /home/airflow/.local/lib/python3.7/site-packages/airflow/example_dags/example_branch_operator_decorator.py took 0.062 seconds
[2023-07-01T00:23:55.910+0000] {processor.py:153} INFO - Started process (PID=54065) to work on /home/airflow/.local/lib/python3.7/site-packages/airflow/example_dags/example_branch_operator_decorator.py
[2023-07-01T00:23:55.911+0000] {processor.py:743} INFO - Processing file /home/airflow/.local/lib/python3.7/site-packages/airflow/example_dags/example_branch_operator_decorator.py for tasks to queue
[2023-07-01T00:23:55.912+0000] {logging_mixin.py:137} INFO - [2023-07-01T00:23:55.912+0000] {dagbag.py:532} INFO - Filling up the DagBag from /home/airflow/.local/lib/python3.7/site-packages/airflow/example_dags/example_branch_operator_decorator.py
[2023-07-01T00:23:55.927+0000] {processor.py:753} INFO - DAG(s) dict_keys(['example_branch_python_operator_decorator']) retrieved from /home/airflow/.local/lib/python3.7/site-packages/airflow/example_dags/example_branch_operator_decorator.py
[2023-07-01T00:23:55.945+0000] {logging_mixin.py:137} INFO - [2023-07-01T00:23:55.945+0000] {dag.py:2705} INFO - Sync 1 DAGs
[2023-07-01T00:23:55.960+0000] {logging_mixin.py:137} INFO - [2023-07-01T00:23:55.960+0000] {dag.py:3456} INFO - Setting next_dagrun for example_branch_python_operator_decorator to 2023-06-30T00:00:00+00:00, run_after=2023-07-01T00:00:00+00:00
[2023-07-01T00:23:55.970+0000] {processor.py:175} INFO - Processing /home/airflow/.local/lib/python3.7/site-packages/airflow/example_dags/example_branch_operator_decorator.py took 0.062 seconds
[2023-07-01T00:24:26.548+0000] {processor.py:153} INFO - Started process (PID=54122) to work on /home/airflow/.local/lib/python3.7/site-packages/airflow/example_dags/example_branch_operator_decorator.py
[2023-07-01T00:24:26.549+0000] {processor.py:743} INFO - Processing file /home/airflow/.local/lib/python3.7/site-packages/airflow/example_dags/example_branch_operator_decorator.py for tasks to queue
[2023-07-01T00:24:26.550+0000] {logging_mixin.py:137} INFO - [2023-07-01T00:24:26.549+0000] {dagbag.py:532} INFO - Filling up the DagBag from /home/airflow/.local/lib/python3.7/site-packages/airflow/example_dags/example_branch_operator_decorator.py
[2023-07-01T00:24:26.566+0000] {processor.py:753} INFO - DAG(s) dict_keys(['example_branch_python_operator_decorator']) retrieved from /home/airflow/.local/lib/python3.7/site-packages/airflow/example_dags/example_branch_operator_decorator.py
[2023-07-01T00:24:26.585+0000] {logging_mixin.py:137} INFO - [2023-07-01T00:24:26.585+0000] {dag.py:2705} INFO - Sync 1 DAGs
[2023-07-01T00:24:26.599+0000] {logging_mixin.py:137} INFO - [2023-07-01T00:24:26.599+0000] {dag.py:3456} INFO - Setting next_dagrun for example_branch_python_operator_decorator to 2023-06-30T00:00:00+00:00, run_after=2023-07-01T00:00:00+00:00
[2023-07-01T00:24:26.612+0000] {processor.py:175} INFO - Processing /home/airflow/.local/lib/python3.7/site-packages/airflow/example_dags/example_branch_operator_decorator.py took 0.067 seconds
[2023-07-01T00:24:57.334+0000] {processor.py:153} INFO - Started process (PID=54178) to work on /home/airflow/.local/lib/python3.7/site-packages/airflow/example_dags/example_branch_operator_decorator.py
[2023-07-01T00:24:57.335+0000] {processor.py:743} INFO - Processing file /home/airflow/.local/lib/python3.7/site-packages/airflow/example_dags/example_branch_operator_decorator.py for tasks to queue
[2023-07-01T00:24:57.336+0000] {logging_mixin.py:137} INFO - [2023-07-01T00:24:57.336+0000] {dagbag.py:532} INFO - Filling up the DagBag from /home/airflow/.local/lib/python3.7/site-packages/airflow/example_dags/example_branch_operator_decorator.py
[2023-07-01T00:24:57.362+0000] {processor.py:753} INFO - DAG(s) dict_keys(['example_branch_python_operator_decorator']) retrieved from /home/airflow/.local/lib/python3.7/site-packages/airflow/example_dags/example_branch_operator_decorator.py
[2023-07-01T00:24:57.383+0000] {logging_mixin.py:137} INFO - [2023-07-01T00:24:57.383+0000] {dag.py:2705} INFO - Sync 1 DAGs
[2023-07-01T00:24:57.397+0000] {logging_mixin.py:137} INFO - [2023-07-01T00:24:57.396+0000] {dag.py:3456} INFO - Setting next_dagrun for example_branch_python_operator_decorator to 2023-06-30T00:00:00+00:00, run_after=2023-07-01T00:00:00+00:00
[2023-07-01T00:24:57.406+0000] {processor.py:175} INFO - Processing /home/airflow/.local/lib/python3.7/site-packages/airflow/example_dags/example_branch_operator_decorator.py took 0.075 seconds
[2023-07-01T00:25:27.634+0000] {processor.py:153} INFO - Started process (PID=54235) to work on /home/airflow/.local/lib/python3.7/site-packages/airflow/example_dags/example_branch_operator_decorator.py
[2023-07-01T00:25:27.635+0000] {processor.py:743} INFO - Processing file /home/airflow/.local/lib/python3.7/site-packages/airflow/example_dags/example_branch_operator_decorator.py for tasks to queue
[2023-07-01T00:25:27.636+0000] {logging_mixin.py:137} INFO - [2023-07-01T00:25:27.636+0000] {dagbag.py:532} INFO - Filling up the DagBag from /home/airflow/.local/lib/python3.7/site-packages/airflow/example_dags/example_branch_operator_decorator.py
[2023-07-01T00:25:27.652+0000] {processor.py:753} INFO - DAG(s) dict_keys(['example_branch_python_operator_decorator']) retrieved from /home/airflow/.local/lib/python3.7/site-packages/airflow/example_dags/example_branch_operator_decorator.py
[2023-07-01T00:25:27.670+0000] {logging_mixin.py:137} INFO - [2023-07-01T00:25:27.670+0000] {dag.py:2705} INFO - Sync 1 DAGs
[2023-07-01T00:25:27.685+0000] {logging_mixin.py:137} INFO - [2023-07-01T00:25:27.685+0000] {dag.py:3456} INFO - Setting next_dagrun for example_branch_python_operator_decorator to 2023-06-30T00:00:00+00:00, run_after=2023-07-01T00:00:00+00:00
[2023-07-01T00:25:27.694+0000] {processor.py:175} INFO - Processing /home/airflow/.local/lib/python3.7/site-packages/airflow/example_dags/example_branch_operator_decorator.py took 0.063 seconds
[2023-07-01T00:25:57.783+0000] {processor.py:153} INFO - Started process (PID=54293) to work on /home/airflow/.local/lib/python3.7/site-packages/airflow/example_dags/example_branch_operator_decorator.py
[2023-07-01T00:25:57.784+0000] {processor.py:743} INFO - Processing file /home/airflow/.local/lib/python3.7/site-packages/airflow/example_dags/example_branch_operator_decorator.py for tasks to queue
[2023-07-01T00:25:57.784+0000] {logging_mixin.py:137} INFO - [2023-07-01T00:25:57.784+0000] {dagbag.py:532} INFO - Filling up the DagBag from /home/airflow/.local/lib/python3.7/site-packages/airflow/example_dags/example_branch_operator_decorator.py
[2023-07-01T00:25:57.800+0000] {processor.py:753} INFO - DAG(s) dict_keys(['example_branch_python_operator_decorator']) retrieved from /home/airflow/.local/lib/python3.7/site-packages/airflow/example_dags/example_branch_operator_decorator.py
[2023-07-01T00:25:57.819+0000] {logging_mixin.py:137} INFO - [2023-07-01T00:25:57.819+0000] {dag.py:2705} INFO - Sync 1 DAGs
[2023-07-01T00:25:57.834+0000] {logging_mixin.py:137} INFO - [2023-07-01T00:25:57.834+0000] {dag.py:3456} INFO - Setting next_dagrun for example_branch_python_operator_decorator to 2023-06-30T00:00:00+00:00, run_after=2023-07-01T00:00:00+00:00
[2023-07-01T00:25:57.845+0000] {processor.py:175} INFO - Processing /home/airflow/.local/lib/python3.7/site-packages/airflow/example_dags/example_branch_operator_decorator.py took 0.064 seconds
[2023-07-01T00:26:28.809+0000] {processor.py:153} INFO - Started process (PID=54350) to work on /home/airflow/.local/lib/python3.7/site-packages/airflow/example_dags/example_branch_operator_decorator.py
[2023-07-01T00:26:28.810+0000] {processor.py:743} INFO - Processing file /home/airflow/.local/lib/python3.7/site-packages/airflow/example_dags/example_branch_operator_decorator.py for tasks to queue
[2023-07-01T00:26:28.811+0000] {logging_mixin.py:137} INFO - [2023-07-01T00:26:28.811+0000] {dagbag.py:532} INFO - Filling up the DagBag from /home/airflow/.local/lib/python3.7/site-packages/airflow/example_dags/example_branch_operator_decorator.py
[2023-07-01T00:26:28.832+0000] {processor.py:753} INFO - DAG(s) dict_keys(['example_branch_python_operator_decorator']) retrieved from /home/airflow/.local/lib/python3.7/site-packages/airflow/example_dags/example_branch_operator_decorator.py
[2023-07-01T00:26:28.860+0000] {logging_mixin.py:137} INFO - [2023-07-01T00:26:28.859+0000] {dag.py:2705} INFO - Sync 1 DAGs
[2023-07-01T00:26:28.877+0000] {logging_mixin.py:137} INFO - [2023-07-01T00:26:28.877+0000] {dag.py:3456} INFO - Setting next_dagrun for example_branch_python_operator_decorator to 2023-06-30T00:00:00+00:00, run_after=2023-07-01T00:00:00+00:00
[2023-07-01T00:26:28.887+0000] {processor.py:175} INFO - Processing /home/airflow/.local/lib/python3.7/site-packages/airflow/example_dags/example_branch_operator_decorator.py took 0.082 seconds
[2023-07-01T00:26:59.557+0000] {processor.py:153} INFO - Started process (PID=54407) to work on /home/airflow/.local/lib/python3.7/site-packages/airflow/example_dags/example_branch_operator_decorator.py
[2023-07-01T00:26:59.557+0000] {processor.py:743} INFO - Processing file /home/airflow/.local/lib/python3.7/site-packages/airflow/example_dags/example_branch_operator_decorator.py for tasks to queue
[2023-07-01T00:26:59.558+0000] {logging_mixin.py:137} INFO - [2023-07-01T00:26:59.558+0000] {dagbag.py:532} INFO - Filling up the DagBag from /home/airflow/.local/lib/python3.7/site-packages/airflow/example_dags/example_branch_operator_decorator.py
[2023-07-01T00:26:59.575+0000] {processor.py:753} INFO - DAG(s) dict_keys(['example_branch_python_operator_decorator']) retrieved from /home/airflow/.local/lib/python3.7/site-packages/airflow/example_dags/example_branch_operator_decorator.py
[2023-07-01T00:26:59.595+0000] {logging_mixin.py:137} INFO - [2023-07-01T00:26:59.594+0000] {dag.py:2705} INFO - Sync 1 DAGs
[2023-07-01T00:26:59.609+0000] {logging_mixin.py:137} INFO - [2023-07-01T00:26:59.609+0000] {dag.py:3456} INFO - Setting next_dagrun for example_branch_python_operator_decorator to 2023-06-30T00:00:00+00:00, run_after=2023-07-01T00:00:00+00:00
[2023-07-01T00:26:59.619+0000] {processor.py:175} INFO - Processing /home/airflow/.local/lib/python3.7/site-packages/airflow/example_dags/example_branch_operator_decorator.py took 0.065 seconds
[2023-07-01T00:27:30.514+0000] {processor.py:153} INFO - Started process (PID=54464) to work on /home/airflow/.local/lib/python3.7/site-packages/airflow/example_dags/example_branch_operator_decorator.py
[2023-07-01T00:27:30.515+0000] {processor.py:743} INFO - Processing file /home/airflow/.local/lib/python3.7/site-packages/airflow/example_dags/example_branch_operator_decorator.py for tasks to queue
[2023-07-01T00:27:30.515+0000] {logging_mixin.py:137} INFO - [2023-07-01T00:27:30.515+0000] {dagbag.py:532} INFO - Filling up the DagBag from /home/airflow/.local/lib/python3.7/site-packages/airflow/example_dags/example_branch_operator_decorator.py
[2023-07-01T00:27:30.532+0000] {processor.py:753} INFO - DAG(s) dict_keys(['example_branch_python_operator_decorator']) retrieved from /home/airflow/.local/lib/python3.7/site-packages/airflow/example_dags/example_branch_operator_decorator.py
[2023-07-01T00:27:30.550+0000] {logging_mixin.py:137} INFO - [2023-07-01T00:27:30.550+0000] {dag.py:2705} INFO - Sync 1 DAGs
[2023-07-01T00:27:30.565+0000] {logging_mixin.py:137} INFO - [2023-07-01T00:27:30.565+0000] {dag.py:3456} INFO - Setting next_dagrun for example_branch_python_operator_decorator to 2023-06-30T00:00:00+00:00, run_after=2023-07-01T00:00:00+00:00
[2023-07-01T00:27:30.574+0000] {processor.py:175} INFO - Processing /home/airflow/.local/lib/python3.7/site-packages/airflow/example_dags/example_branch_operator_decorator.py took 0.063 seconds
[2023-07-01T00:28:01.309+0000] {processor.py:153} INFO - Started process (PID=54520) to work on /home/airflow/.local/lib/python3.7/site-packages/airflow/example_dags/example_branch_operator_decorator.py
[2023-07-01T00:28:01.309+0000] {processor.py:743} INFO - Processing file /home/airflow/.local/lib/python3.7/site-packages/airflow/example_dags/example_branch_operator_decorator.py for tasks to queue
[2023-07-01T00:28:01.310+0000] {logging_mixin.py:137} INFO - [2023-07-01T00:28:01.310+0000] {dagbag.py:532} INFO - Filling up the DagBag from /home/airflow/.local/lib/python3.7/site-packages/airflow/example_dags/example_branch_operator_decorator.py
[2023-07-01T00:28:01.326+0000] {processor.py:753} INFO - DAG(s) dict_keys(['example_branch_python_operator_decorator']) retrieved from /home/airflow/.local/lib/python3.7/site-packages/airflow/example_dags/example_branch_operator_decorator.py
[2023-07-01T00:28:01.344+0000] {logging_mixin.py:137} INFO - [2023-07-01T00:28:01.344+0000] {dag.py:2705} INFO - Sync 1 DAGs
[2023-07-01T00:28:01.358+0000] {logging_mixin.py:137} INFO - [2023-07-01T00:28:01.358+0000] {dag.py:3456} INFO - Setting next_dagrun for example_branch_python_operator_decorator to 2023-06-30T00:00:00+00:00, run_after=2023-07-01T00:00:00+00:00
[2023-07-01T00:28:01.367+0000] {processor.py:175} INFO - Processing /home/airflow/.local/lib/python3.7/site-packages/airflow/example_dags/example_branch_operator_decorator.py took 0.061 seconds
[2023-07-01T00:28:32.116+0000] {processor.py:153} INFO - Started process (PID=54577) to work on /home/airflow/.local/lib/python3.7/site-packages/airflow/example_dags/example_branch_operator_decorator.py
[2023-07-01T00:28:32.117+0000] {processor.py:743} INFO - Processing file /home/airflow/.local/lib/python3.7/site-packages/airflow/example_dags/example_branch_operator_decorator.py for tasks to queue
[2023-07-01T00:28:32.117+0000] {logging_mixin.py:137} INFO - [2023-07-01T00:28:32.117+0000] {dagbag.py:532} INFO - Filling up the DagBag from /home/airflow/.local/lib/python3.7/site-packages/airflow/example_dags/example_branch_operator_decorator.py
[2023-07-01T00:28:32.134+0000] {processor.py:753} INFO - DAG(s) dict_keys(['example_branch_python_operator_decorator']) retrieved from /home/airflow/.local/lib/python3.7/site-packages/airflow/example_dags/example_branch_operator_decorator.py
[2023-07-01T00:28:32.152+0000] {logging_mixin.py:137} INFO - [2023-07-01T00:28:32.152+0000] {dag.py:2705} INFO - Sync 1 DAGs
[2023-07-01T00:28:32.166+0000] {logging_mixin.py:137} INFO - [2023-07-01T00:28:32.166+0000] {dag.py:3456} INFO - Setting next_dagrun for example_branch_python_operator_decorator to 2023-06-30T00:00:00+00:00, run_after=2023-07-01T00:00:00+00:00
[2023-07-01T00:28:32.175+0000] {processor.py:175} INFO - Processing /home/airflow/.local/lib/python3.7/site-packages/airflow/example_dags/example_branch_operator_decorator.py took 0.063 seconds
[2023-07-01T00:29:02.856+0000] {processor.py:153} INFO - Started process (PID=54635) to work on /home/airflow/.local/lib/python3.7/site-packages/airflow/example_dags/example_branch_operator_decorator.py
[2023-07-01T00:29:02.857+0000] {processor.py:743} INFO - Processing file /home/airflow/.local/lib/python3.7/site-packages/airflow/example_dags/example_branch_operator_decorator.py for tasks to queue
[2023-07-01T00:29:02.858+0000] {logging_mixin.py:137} INFO - [2023-07-01T00:29:02.858+0000] {dagbag.py:532} INFO - Filling up the DagBag from /home/airflow/.local/lib/python3.7/site-packages/airflow/example_dags/example_branch_operator_decorator.py
[2023-07-01T00:29:02.874+0000] {processor.py:753} INFO - DAG(s) dict_keys(['example_branch_python_operator_decorator']) retrieved from /home/airflow/.local/lib/python3.7/site-packages/airflow/example_dags/example_branch_operator_decorator.py
[2023-07-01T00:29:02.895+0000] {logging_mixin.py:137} INFO - [2023-07-01T00:29:02.895+0000] {dag.py:2705} INFO - Sync 1 DAGs
[2023-07-01T00:29:02.911+0000] {logging_mixin.py:137} INFO - [2023-07-01T00:29:02.911+0000] {dag.py:3456} INFO - Setting next_dagrun for example_branch_python_operator_decorator to 2023-06-30T00:00:00+00:00, run_after=2023-07-01T00:00:00+00:00
[2023-07-01T00:29:02.921+0000] {processor.py:175} INFO - Processing /home/airflow/.local/lib/python3.7/site-packages/airflow/example_dags/example_branch_operator_decorator.py took 0.068 seconds
[2023-07-01T00:29:33.878+0000] {processor.py:153} INFO - Started process (PID=54692) to work on /home/airflow/.local/lib/python3.7/site-packages/airflow/example_dags/example_branch_operator_decorator.py
[2023-07-01T00:29:33.880+0000] {processor.py:743} INFO - Processing file /home/airflow/.local/lib/python3.7/site-packages/airflow/example_dags/example_branch_operator_decorator.py for tasks to queue
[2023-07-01T00:29:33.881+0000] {logging_mixin.py:137} INFO - [2023-07-01T00:29:33.881+0000] {dagbag.py:532} INFO - Filling up the DagBag from /home/airflow/.local/lib/python3.7/site-packages/airflow/example_dags/example_branch_operator_decorator.py
[2023-07-01T00:29:33.901+0000] {processor.py:753} INFO - DAG(s) dict_keys(['example_branch_python_operator_decorator']) retrieved from /home/airflow/.local/lib/python3.7/site-packages/airflow/example_dags/example_branch_operator_decorator.py
[2023-07-01T00:29:33.921+0000] {logging_mixin.py:137} INFO - [2023-07-01T00:29:33.921+0000] {dag.py:2705} INFO - Sync 1 DAGs
[2023-07-01T00:29:33.937+0000] {logging_mixin.py:137} INFO - [2023-07-01T00:29:33.936+0000] {dag.py:3456} INFO - Setting next_dagrun for example_branch_python_operator_decorator to 2023-06-30T00:00:00+00:00, run_after=2023-07-01T00:00:00+00:00
[2023-07-01T00:29:33.946+0000] {processor.py:175} INFO - Processing /home/airflow/.local/lib/python3.7/site-packages/airflow/example_dags/example_branch_operator_decorator.py took 0.073 seconds
[2023-07-01T00:30:04.049+0000] {processor.py:153} INFO - Started process (PID=54750) to work on /home/airflow/.local/lib/python3.7/site-packages/airflow/example_dags/example_branch_operator_decorator.py
[2023-07-01T00:30:04.050+0000] {processor.py:743} INFO - Processing file /home/airflow/.local/lib/python3.7/site-packages/airflow/example_dags/example_branch_operator_decorator.py for tasks to queue
[2023-07-01T00:30:04.051+0000] {logging_mixin.py:137} INFO - [2023-07-01T00:30:04.051+0000] {dagbag.py:532} INFO - Filling up the DagBag from /home/airflow/.local/lib/python3.7/site-packages/airflow/example_dags/example_branch_operator_decorator.py
[2023-07-01T00:30:04.066+0000] {processor.py:753} INFO - DAG(s) dict_keys(['example_branch_python_operator_decorator']) retrieved from /home/airflow/.local/lib/python3.7/site-packages/airflow/example_dags/example_branch_operator_decorator.py
[2023-07-01T00:30:04.084+0000] {logging_mixin.py:137} INFO - [2023-07-01T00:30:04.084+0000] {dag.py:2705} INFO - Sync 1 DAGs
[2023-07-01T00:30:04.101+0000] {logging_mixin.py:137} INFO - [2023-07-01T00:30:04.101+0000] {dag.py:3456} INFO - Setting next_dagrun for example_branch_python_operator_decorator to 2023-06-30T00:00:00+00:00, run_after=2023-07-01T00:00:00+00:00
[2023-07-01T00:30:04.110+0000] {processor.py:175} INFO - Processing /home/airflow/.local/lib/python3.7/site-packages/airflow/example_dags/example_branch_operator_decorator.py took 0.063 seconds
[2023-07-01T00:30:34.905+0000] {processor.py:153} INFO - Started process (PID=54807) to work on /home/airflow/.local/lib/python3.7/site-packages/airflow/example_dags/example_branch_operator_decorator.py
[2023-07-01T00:30:34.907+0000] {processor.py:743} INFO - Processing file /home/airflow/.local/lib/python3.7/site-packages/airflow/example_dags/example_branch_operator_decorator.py for tasks to queue
[2023-07-01T00:30:34.907+0000] {logging_mixin.py:137} INFO - [2023-07-01T00:30:34.907+0000] {dagbag.py:532} INFO - Filling up the DagBag from /home/airflow/.local/lib/python3.7/site-packages/airflow/example_dags/example_branch_operator_decorator.py
[2023-07-01T00:30:34.923+0000] {processor.py:753} INFO - DAG(s) dict_keys(['example_branch_python_operator_decorator']) retrieved from /home/airflow/.local/lib/python3.7/site-packages/airflow/example_dags/example_branch_operator_decorator.py
[2023-07-01T00:30:34.942+0000] {logging_mixin.py:137} INFO - [2023-07-01T00:30:34.942+0000] {dag.py:2705} INFO - Sync 1 DAGs
[2023-07-01T00:30:34.957+0000] {logging_mixin.py:137} INFO - [2023-07-01T00:30:34.957+0000] {dag.py:3456} INFO - Setting next_dagrun for example_branch_python_operator_decorator to 2023-06-30T00:00:00+00:00, run_after=2023-07-01T00:00:00+00:00
[2023-07-01T00:30:34.967+0000] {processor.py:175} INFO - Processing /home/airflow/.local/lib/python3.7/site-packages/airflow/example_dags/example_branch_operator_decorator.py took 0.064 seconds
[2023-07-01T00:31:05.617+0000] {processor.py:153} INFO - Started process (PID=54865) to work on /home/airflow/.local/lib/python3.7/site-packages/airflow/example_dags/example_branch_operator_decorator.py
[2023-07-01T00:31:05.617+0000] {processor.py:743} INFO - Processing file /home/airflow/.local/lib/python3.7/site-packages/airflow/example_dags/example_branch_operator_decorator.py for tasks to queue
[2023-07-01T00:31:05.619+0000] {logging_mixin.py:137} INFO - [2023-07-01T00:31:05.619+0000] {dagbag.py:532} INFO - Filling up the DagBag from /home/airflow/.local/lib/python3.7/site-packages/airflow/example_dags/example_branch_operator_decorator.py
[2023-07-01T00:31:05.636+0000] {processor.py:753} INFO - DAG(s) dict_keys(['example_branch_python_operator_decorator']) retrieved from /home/airflow/.local/lib/python3.7/site-packages/airflow/example_dags/example_branch_operator_decorator.py
[2023-07-01T00:31:05.655+0000] {logging_mixin.py:137} INFO - [2023-07-01T00:31:05.655+0000] {dag.py:2705} INFO - Sync 1 DAGs
[2023-07-01T00:31:05.669+0000] {logging_mixin.py:137} INFO - [2023-07-01T00:31:05.669+0000] {dag.py:3456} INFO - Setting next_dagrun for example_branch_python_operator_decorator to 2023-06-30T00:00:00+00:00, run_after=2023-07-01T00:00:00+00:00
[2023-07-01T00:31:05.678+0000] {processor.py:175} INFO - Processing /home/airflow/.local/lib/python3.7/site-packages/airflow/example_dags/example_branch_operator_decorator.py took 0.064 seconds
[2023-07-01T00:31:36.545+0000] {processor.py:153} INFO - Started process (PID=54922) to work on /home/airflow/.local/lib/python3.7/site-packages/airflow/example_dags/example_branch_operator_decorator.py
[2023-07-01T00:31:36.546+0000] {processor.py:743} INFO - Processing file /home/airflow/.local/lib/python3.7/site-packages/airflow/example_dags/example_branch_operator_decorator.py for tasks to queue
[2023-07-01T00:31:36.546+0000] {logging_mixin.py:137} INFO - [2023-07-01T00:31:36.546+0000] {dagbag.py:532} INFO - Filling up the DagBag from /home/airflow/.local/lib/python3.7/site-packages/airflow/example_dags/example_branch_operator_decorator.py
[2023-07-01T00:31:36.562+0000] {processor.py:753} INFO - DAG(s) dict_keys(['example_branch_python_operator_decorator']) retrieved from /home/airflow/.local/lib/python3.7/site-packages/airflow/example_dags/example_branch_operator_decorator.py
[2023-07-01T00:31:36.580+0000] {logging_mixin.py:137} INFO - [2023-07-01T00:31:36.580+0000] {dag.py:2705} INFO - Sync 1 DAGs
[2023-07-01T00:31:36.595+0000] {logging_mixin.py:137} INFO - [2023-07-01T00:31:36.595+0000] {dag.py:3456} INFO - Setting next_dagrun for example_branch_python_operator_decorator to 2023-06-30T00:00:00+00:00, run_after=2023-07-01T00:00:00+00:00
[2023-07-01T00:31:36.605+0000] {processor.py:175} INFO - Processing /home/airflow/.local/lib/python3.7/site-packages/airflow/example_dags/example_branch_operator_decorator.py took 0.062 seconds
[2023-07-01T00:32:07.536+0000] {processor.py:153} INFO - Started process (PID=54979) to work on /home/airflow/.local/lib/python3.7/site-packages/airflow/example_dags/example_branch_operator_decorator.py
[2023-07-01T00:32:07.537+0000] {processor.py:743} INFO - Processing file /home/airflow/.local/lib/python3.7/site-packages/airflow/example_dags/example_branch_operator_decorator.py for tasks to queue
[2023-07-01T00:32:07.538+0000] {logging_mixin.py:137} INFO - [2023-07-01T00:32:07.537+0000] {dagbag.py:532} INFO - Filling up the DagBag from /home/airflow/.local/lib/python3.7/site-packages/airflow/example_dags/example_branch_operator_decorator.py
[2023-07-01T00:32:07.553+0000] {processor.py:753} INFO - DAG(s) dict_keys(['example_branch_python_operator_decorator']) retrieved from /home/airflow/.local/lib/python3.7/site-packages/airflow/example_dags/example_branch_operator_decorator.py
[2023-07-01T00:32:07.571+0000] {logging_mixin.py:137} INFO - [2023-07-01T00:32:07.571+0000] {dag.py:2705} INFO - Sync 1 DAGs
[2023-07-01T00:32:07.585+0000] {logging_mixin.py:137} INFO - [2023-07-01T00:32:07.585+0000] {dag.py:3456} INFO - Setting next_dagrun for example_branch_python_operator_decorator to 2023-06-30T00:00:00+00:00, run_after=2023-07-01T00:00:00+00:00
[2023-07-01T00:32:07.595+0000] {processor.py:175} INFO - Processing /home/airflow/.local/lib/python3.7/site-packages/airflow/example_dags/example_branch_operator_decorator.py took 0.061 seconds
[2023-07-01T00:32:38.457+0000] {processor.py:153} INFO - Started process (PID=55037) to work on /home/airflow/.local/lib/python3.7/site-packages/airflow/example_dags/example_branch_operator_decorator.py
[2023-07-01T00:32:38.458+0000] {processor.py:743} INFO - Processing file /home/airflow/.local/lib/python3.7/site-packages/airflow/example_dags/example_branch_operator_decorator.py for tasks to queue
[2023-07-01T00:32:38.458+0000] {logging_mixin.py:137} INFO - [2023-07-01T00:32:38.458+0000] {dagbag.py:532} INFO - Filling up the DagBag from /home/airflow/.local/lib/python3.7/site-packages/airflow/example_dags/example_branch_operator_decorator.py
[2023-07-01T00:32:38.473+0000] {processor.py:753} INFO - DAG(s) dict_keys(['example_branch_python_operator_decorator']) retrieved from /home/airflow/.local/lib/python3.7/site-packages/airflow/example_dags/example_branch_operator_decorator.py
[2023-07-01T00:32:38.494+0000] {logging_mixin.py:137} INFO - [2023-07-01T00:32:38.494+0000] {dag.py:2705} INFO - Sync 1 DAGs
[2023-07-01T00:32:38.511+0000] {logging_mixin.py:137} INFO - [2023-07-01T00:32:38.511+0000] {dag.py:3456} INFO - Setting next_dagrun for example_branch_python_operator_decorator to 2023-06-30T00:00:00+00:00, run_after=2023-07-01T00:00:00+00:00
[2023-07-01T00:32:38.522+0000] {processor.py:175} INFO - Processing /home/airflow/.local/lib/python3.7/site-packages/airflow/example_dags/example_branch_operator_decorator.py took 0.067 seconds
[2023-07-01T00:33:08.662+0000] {processor.py:153} INFO - Started process (PID=55094) to work on /home/airflow/.local/lib/python3.7/site-packages/airflow/example_dags/example_branch_operator_decorator.py
[2023-07-01T00:33:08.663+0000] {processor.py:743} INFO - Processing file /home/airflow/.local/lib/python3.7/site-packages/airflow/example_dags/example_branch_operator_decorator.py for tasks to queue
[2023-07-01T00:33:08.664+0000] {logging_mixin.py:137} INFO - [2023-07-01T00:33:08.664+0000] {dagbag.py:532} INFO - Filling up the DagBag from /home/airflow/.local/lib/python3.7/site-packages/airflow/example_dags/example_branch_operator_decorator.py
[2023-07-01T00:33:08.684+0000] {processor.py:753} INFO - DAG(s) dict_keys(['example_branch_python_operator_decorator']) retrieved from /home/airflow/.local/lib/python3.7/site-packages/airflow/example_dags/example_branch_operator_decorator.py
[2023-07-01T00:33:08.706+0000] {logging_mixin.py:137} INFO - [2023-07-01T00:33:08.705+0000] {dag.py:2705} INFO - Sync 1 DAGs
[2023-07-01T00:33:08.725+0000] {logging_mixin.py:137} INFO - [2023-07-01T00:33:08.725+0000] {dag.py:3456} INFO - Setting next_dagrun for example_branch_python_operator_decorator to 2023-06-30T00:00:00+00:00, run_after=2023-07-01T00:00:00+00:00
[2023-07-01T00:33:08.736+0000] {processor.py:175} INFO - Processing /home/airflow/.local/lib/python3.7/site-packages/airflow/example_dags/example_branch_operator_decorator.py took 0.076 seconds
[2023-07-01T00:33:38.850+0000] {processor.py:153} INFO - Started process (PID=55151) to work on /home/airflow/.local/lib/python3.7/site-packages/airflow/example_dags/example_branch_operator_decorator.py
[2023-07-01T00:33:38.851+0000] {processor.py:743} INFO - Processing file /home/airflow/.local/lib/python3.7/site-packages/airflow/example_dags/example_branch_operator_decorator.py for tasks to queue
[2023-07-01T00:33:38.852+0000] {logging_mixin.py:137} INFO - [2023-07-01T00:33:38.851+0000] {dagbag.py:532} INFO - Filling up the DagBag from /home/airflow/.local/lib/python3.7/site-packages/airflow/example_dags/example_branch_operator_decorator.py
[2023-07-01T00:33:38.873+0000] {processor.py:753} INFO - DAG(s) dict_keys(['example_branch_python_operator_decorator']) retrieved from /home/airflow/.local/lib/python3.7/site-packages/airflow/example_dags/example_branch_operator_decorator.py
[2023-07-01T00:33:38.895+0000] {logging_mixin.py:137} INFO - [2023-07-01T00:33:38.895+0000] {dag.py:2705} INFO - Sync 1 DAGs
[2023-07-01T00:33:38.914+0000] {logging_mixin.py:137} INFO - [2023-07-01T00:33:38.914+0000] {dag.py:3456} INFO - Setting next_dagrun for example_branch_python_operator_decorator to 2023-06-30T00:00:00+00:00, run_after=2023-07-01T00:00:00+00:00
[2023-07-01T00:33:38.924+0000] {processor.py:175} INFO - Processing /home/airflow/.local/lib/python3.7/site-packages/airflow/example_dags/example_branch_operator_decorator.py took 0.078 seconds
[2023-07-01T00:34:09.053+0000] {processor.py:153} INFO - Started process (PID=55208) to work on /home/airflow/.local/lib/python3.7/site-packages/airflow/example_dags/example_branch_operator_decorator.py
[2023-07-01T00:34:09.054+0000] {processor.py:743} INFO - Processing file /home/airflow/.local/lib/python3.7/site-packages/airflow/example_dags/example_branch_operator_decorator.py for tasks to queue
[2023-07-01T00:34:09.054+0000] {logging_mixin.py:137} INFO - [2023-07-01T00:34:09.054+0000] {dagbag.py:532} INFO - Filling up the DagBag from /home/airflow/.local/lib/python3.7/site-packages/airflow/example_dags/example_branch_operator_decorator.py
[2023-07-01T00:34:09.071+0000] {processor.py:753} INFO - DAG(s) dict_keys(['example_branch_python_operator_decorator']) retrieved from /home/airflow/.local/lib/python3.7/site-packages/airflow/example_dags/example_branch_operator_decorator.py
[2023-07-01T00:34:09.091+0000] {logging_mixin.py:137} INFO - [2023-07-01T00:34:09.091+0000] {dag.py:2705} INFO - Sync 1 DAGs
[2023-07-01T00:34:09.108+0000] {logging_mixin.py:137} INFO - [2023-07-01T00:34:09.108+0000] {dag.py:3456} INFO - Setting next_dagrun for example_branch_python_operator_decorator to 2023-06-30T00:00:00+00:00, run_after=2023-07-01T00:00:00+00:00
[2023-07-01T00:34:09.118+0000] {processor.py:175} INFO - Processing /home/airflow/.local/lib/python3.7/site-packages/airflow/example_dags/example_branch_operator_decorator.py took 0.067 seconds
[2023-07-01T00:34:39.895+0000] {processor.py:153} INFO - Started process (PID=55265) to work on /home/airflow/.local/lib/python3.7/site-packages/airflow/example_dags/example_branch_operator_decorator.py
[2023-07-01T00:34:39.896+0000] {processor.py:743} INFO - Processing file /home/airflow/.local/lib/python3.7/site-packages/airflow/example_dags/example_branch_operator_decorator.py for tasks to queue
[2023-07-01T00:34:39.896+0000] {logging_mixin.py:137} INFO - [2023-07-01T00:34:39.896+0000] {dagbag.py:532} INFO - Filling up the DagBag from /home/airflow/.local/lib/python3.7/site-packages/airflow/example_dags/example_branch_operator_decorator.py
[2023-07-01T00:34:39.913+0000] {processor.py:753} INFO - DAG(s) dict_keys(['example_branch_python_operator_decorator']) retrieved from /home/airflow/.local/lib/python3.7/site-packages/airflow/example_dags/example_branch_operator_decorator.py
[2023-07-01T00:34:39.931+0000] {logging_mixin.py:137} INFO - [2023-07-01T00:34:39.931+0000] {dag.py:2705} INFO - Sync 1 DAGs
[2023-07-01T00:34:39.948+0000] {logging_mixin.py:137} INFO - [2023-07-01T00:34:39.948+0000] {dag.py:3456} INFO - Setting next_dagrun for example_branch_python_operator_decorator to 2023-06-30T00:00:00+00:00, run_after=2023-07-01T00:00:00+00:00
[2023-07-01T00:34:39.958+0000] {processor.py:175} INFO - Processing /home/airflow/.local/lib/python3.7/site-packages/airflow/example_dags/example_branch_operator_decorator.py took 0.066 seconds
