[2023-07-01T00:00:24.469+0000] {processor.py:153} INFO - Started process (PID=51435) to work on /home/airflow/.local/lib/python3.7/site-packages/airflow/example_dags/example_skip_dag.py
[2023-07-01T00:00:24.471+0000] {processor.py:743} INFO - Processing file /home/airflow/.local/lib/python3.7/site-packages/airflow/example_dags/example_skip_dag.py for tasks to queue
[2023-07-01T00:00:24.471+0000] {logging_mixin.py:137} INFO - [2023-07-01T00:00:24.471+0000] {dagbag.py:532} INFO - Filling up the DagBag from /home/airflow/.local/lib/python3.7/site-packages/airflow/example_dags/example_skip_dag.py
[2023-07-01T00:00:24.483+0000] {processor.py:753} INFO - DAG(s) dict_keys(['example_skip_dag']) retrieved from /home/airflow/.local/lib/python3.7/site-packages/airflow/example_dags/example_skip_dag.py
[2023-07-01T00:00:24.502+0000] {logging_mixin.py:137} INFO - [2023-07-01T00:00:24.502+0000] {dag.py:2705} INFO - Sync 1 DAGs
[2023-07-01T00:00:24.517+0000] {logging_mixin.py:137} INFO - [2023-07-01T00:00:24.517+0000] {dag.py:3456} INFO - Setting next_dagrun for example_skip_dag to 2023-06-30T00:00:24.517207+00:00, run_after=2023-07-01T00:00:24.517207+00:00
[2023-07-01T00:00:24.527+0000] {processor.py:175} INFO - Processing /home/airflow/.local/lib/python3.7/site-packages/airflow/example_dags/example_skip_dag.py took 0.060 seconds
[2023-07-01T00:00:55.638+0000] {processor.py:153} INFO - Started process (PID=51492) to work on /home/airflow/.local/lib/python3.7/site-packages/airflow/example_dags/example_skip_dag.py
[2023-07-01T00:00:55.639+0000] {processor.py:743} INFO - Processing file /home/airflow/.local/lib/python3.7/site-packages/airflow/example_dags/example_skip_dag.py for tasks to queue
[2023-07-01T00:00:55.639+0000] {logging_mixin.py:137} INFO - [2023-07-01T00:00:55.639+0000] {dagbag.py:532} INFO - Filling up the DagBag from /home/airflow/.local/lib/python3.7/site-packages/airflow/example_dags/example_skip_dag.py
[2023-07-01T00:00:55.649+0000] {processor.py:753} INFO - DAG(s) dict_keys(['example_skip_dag']) retrieved from /home/airflow/.local/lib/python3.7/site-packages/airflow/example_dags/example_skip_dag.py
[2023-07-01T00:00:55.667+0000] {logging_mixin.py:137} INFO - [2023-07-01T00:00:55.667+0000] {dag.py:2705} INFO - Sync 1 DAGs
[2023-07-01T00:00:55.681+0000] {logging_mixin.py:137} INFO - [2023-07-01T00:00:55.681+0000] {dag.py:3456} INFO - Setting next_dagrun for example_skip_dag to 2023-06-30T00:00:55.681420+00:00, run_after=2023-07-01T00:00:55.681420+00:00
[2023-07-01T00:00:55.691+0000] {processor.py:175} INFO - Processing /home/airflow/.local/lib/python3.7/site-packages/airflow/example_dags/example_skip_dag.py took 0.056 seconds
[2023-07-01T00:01:26.349+0000] {processor.py:153} INFO - Started process (PID=51550) to work on /home/airflow/.local/lib/python3.7/site-packages/airflow/example_dags/example_skip_dag.py
[2023-07-01T00:01:26.350+0000] {processor.py:743} INFO - Processing file /home/airflow/.local/lib/python3.7/site-packages/airflow/example_dags/example_skip_dag.py for tasks to queue
[2023-07-01T00:01:26.350+0000] {logging_mixin.py:137} INFO - [2023-07-01T00:01:26.350+0000] {dagbag.py:532} INFO - Filling up the DagBag from /home/airflow/.local/lib/python3.7/site-packages/airflow/example_dags/example_skip_dag.py
[2023-07-01T00:01:26.360+0000] {processor.py:753} INFO - DAG(s) dict_keys(['example_skip_dag']) retrieved from /home/airflow/.local/lib/python3.7/site-packages/airflow/example_dags/example_skip_dag.py
[2023-07-01T00:01:26.377+0000] {logging_mixin.py:137} INFO - [2023-07-01T00:01:26.377+0000] {dag.py:2705} INFO - Sync 1 DAGs
[2023-07-01T00:01:26.391+0000] {logging_mixin.py:137} INFO - [2023-07-01T00:01:26.391+0000] {dag.py:3456} INFO - Setting next_dagrun for example_skip_dag to 2023-06-30T00:01:26.391219+00:00, run_after=2023-07-01T00:01:26.391219+00:00
[2023-07-01T00:01:26.401+0000] {processor.py:175} INFO - Processing /home/airflow/.local/lib/python3.7/site-packages/airflow/example_dags/example_skip_dag.py took 0.055 seconds
[2023-07-01T00:01:57.118+0000] {processor.py:153} INFO - Started process (PID=51606) to work on /home/airflow/.local/lib/python3.7/site-packages/airflow/example_dags/example_skip_dag.py
[2023-07-01T00:01:57.119+0000] {processor.py:743} INFO - Processing file /home/airflow/.local/lib/python3.7/site-packages/airflow/example_dags/example_skip_dag.py for tasks to queue
[2023-07-01T00:01:57.120+0000] {logging_mixin.py:137} INFO - [2023-07-01T00:01:57.120+0000] {dagbag.py:532} INFO - Filling up the DagBag from /home/airflow/.local/lib/python3.7/site-packages/airflow/example_dags/example_skip_dag.py
[2023-07-01T00:01:57.129+0000] {processor.py:753} INFO - DAG(s) dict_keys(['example_skip_dag']) retrieved from /home/airflow/.local/lib/python3.7/site-packages/airflow/example_dags/example_skip_dag.py
[2023-07-01T00:01:57.147+0000] {logging_mixin.py:137} INFO - [2023-07-01T00:01:57.147+0000] {dag.py:2705} INFO - Sync 1 DAGs
[2023-07-01T00:01:57.165+0000] {logging_mixin.py:137} INFO - [2023-07-01T00:01:57.165+0000] {dag.py:3456} INFO - Setting next_dagrun for example_skip_dag to 2023-06-30T00:01:57.164872+00:00, run_after=2023-07-01T00:01:57.164872+00:00
[2023-07-01T00:01:57.176+0000] {processor.py:175} INFO - Processing /home/airflow/.local/lib/python3.7/site-packages/airflow/example_dags/example_skip_dag.py took 0.061 seconds
[2023-07-01T00:02:27.986+0000] {processor.py:153} INFO - Started process (PID=51662) to work on /home/airflow/.local/lib/python3.7/site-packages/airflow/example_dags/example_skip_dag.py
[2023-07-01T00:02:27.987+0000] {processor.py:743} INFO - Processing file /home/airflow/.local/lib/python3.7/site-packages/airflow/example_dags/example_skip_dag.py for tasks to queue
[2023-07-01T00:02:27.987+0000] {logging_mixin.py:137} INFO - [2023-07-01T00:02:27.987+0000] {dagbag.py:532} INFO - Filling up the DagBag from /home/airflow/.local/lib/python3.7/site-packages/airflow/example_dags/example_skip_dag.py
[2023-07-01T00:02:27.997+0000] {processor.py:753} INFO - DAG(s) dict_keys(['example_skip_dag']) retrieved from /home/airflow/.local/lib/python3.7/site-packages/airflow/example_dags/example_skip_dag.py
[2023-07-01T00:02:28.016+0000] {logging_mixin.py:137} INFO - [2023-07-01T00:02:28.016+0000] {dag.py:2705} INFO - Sync 1 DAGs
[2023-07-01T00:02:28.031+0000] {logging_mixin.py:137} INFO - [2023-07-01T00:02:28.031+0000] {dag.py:3456} INFO - Setting next_dagrun for example_skip_dag to 2023-06-30T00:02:28.030829+00:00, run_after=2023-07-01T00:02:28.030829+00:00
[2023-07-01T00:02:28.041+0000] {processor.py:175} INFO - Processing /home/airflow/.local/lib/python3.7/site-packages/airflow/example_dags/example_skip_dag.py took 0.059 seconds
[2023-07-01T00:02:58.990+0000] {processor.py:153} INFO - Started process (PID=51719) to work on /home/airflow/.local/lib/python3.7/site-packages/airflow/example_dags/example_skip_dag.py
[2023-07-01T00:02:58.991+0000] {processor.py:743} INFO - Processing file /home/airflow/.local/lib/python3.7/site-packages/airflow/example_dags/example_skip_dag.py for tasks to queue
[2023-07-01T00:02:58.991+0000] {logging_mixin.py:137} INFO - [2023-07-01T00:02:58.991+0000] {dagbag.py:532} INFO - Filling up the DagBag from /home/airflow/.local/lib/python3.7/site-packages/airflow/example_dags/example_skip_dag.py
[2023-07-01T00:02:59.001+0000] {processor.py:753} INFO - DAG(s) dict_keys(['example_skip_dag']) retrieved from /home/airflow/.local/lib/python3.7/site-packages/airflow/example_dags/example_skip_dag.py
[2023-07-01T00:02:59.019+0000] {logging_mixin.py:137} INFO - [2023-07-01T00:02:59.019+0000] {dag.py:2705} INFO - Sync 1 DAGs
[2023-07-01T00:02:59.034+0000] {logging_mixin.py:137} INFO - [2023-07-01T00:02:59.034+0000] {dag.py:3456} INFO - Setting next_dagrun for example_skip_dag to 2023-06-30T00:02:59.034425+00:00, run_after=2023-07-01T00:02:59.034425+00:00
[2023-07-01T00:02:59.044+0000] {processor.py:175} INFO - Processing /home/airflow/.local/lib/python3.7/site-packages/airflow/example_dags/example_skip_dag.py took 0.057 seconds
[2023-07-01T00:03:30.171+0000] {processor.py:153} INFO - Started process (PID=51776) to work on /home/airflow/.local/lib/python3.7/site-packages/airflow/example_dags/example_skip_dag.py
[2023-07-01T00:03:30.173+0000] {processor.py:743} INFO - Processing file /home/airflow/.local/lib/python3.7/site-packages/airflow/example_dags/example_skip_dag.py for tasks to queue
[2023-07-01T00:03:30.173+0000] {logging_mixin.py:137} INFO - [2023-07-01T00:03:30.173+0000] {dagbag.py:532} INFO - Filling up the DagBag from /home/airflow/.local/lib/python3.7/site-packages/airflow/example_dags/example_skip_dag.py
[2023-07-01T00:03:30.185+0000] {processor.py:753} INFO - DAG(s) dict_keys(['example_skip_dag']) retrieved from /home/airflow/.local/lib/python3.7/site-packages/airflow/example_dags/example_skip_dag.py
[2023-07-01T00:03:30.206+0000] {logging_mixin.py:137} INFO - [2023-07-01T00:03:30.206+0000] {dag.py:2705} INFO - Sync 1 DAGs
[2023-07-01T00:03:30.222+0000] {logging_mixin.py:137} INFO - [2023-07-01T00:03:30.222+0000] {dag.py:3456} INFO - Setting next_dagrun for example_skip_dag to 2023-06-30T00:03:30.222249+00:00, run_after=2023-07-01T00:03:30.222249+00:00
[2023-07-01T00:03:30.236+0000] {processor.py:175} INFO - Processing /home/airflow/.local/lib/python3.7/site-packages/airflow/example_dags/example_skip_dag.py took 0.067 seconds
[2023-07-01T00:04:01.077+0000] {processor.py:153} INFO - Started process (PID=51833) to work on /home/airflow/.local/lib/python3.7/site-packages/airflow/example_dags/example_skip_dag.py
[2023-07-01T00:04:01.078+0000] {processor.py:743} INFO - Processing file /home/airflow/.local/lib/python3.7/site-packages/airflow/example_dags/example_skip_dag.py for tasks to queue
[2023-07-01T00:04:01.078+0000] {logging_mixin.py:137} INFO - [2023-07-01T00:04:01.078+0000] {dagbag.py:532} INFO - Filling up the DagBag from /home/airflow/.local/lib/python3.7/site-packages/airflow/example_dags/example_skip_dag.py
[2023-07-01T00:04:01.089+0000] {processor.py:753} INFO - DAG(s) dict_keys(['example_skip_dag']) retrieved from /home/airflow/.local/lib/python3.7/site-packages/airflow/example_dags/example_skip_dag.py
[2023-07-01T00:04:01.109+0000] {logging_mixin.py:137} INFO - [2023-07-01T00:04:01.109+0000] {dag.py:2705} INFO - Sync 1 DAGs
[2023-07-01T00:04:01.123+0000] {logging_mixin.py:137} INFO - [2023-07-01T00:04:01.123+0000] {dag.py:3456} INFO - Setting next_dagrun for example_skip_dag to 2023-06-30T00:04:01.123609+00:00, run_after=2023-07-01T00:04:01.123609+00:00
[2023-07-01T00:04:01.133+0000] {processor.py:175} INFO - Processing /home/airflow/.local/lib/python3.7/site-packages/airflow/example_dags/example_skip_dag.py took 0.059 seconds
[2023-07-01T00:04:31.917+0000] {processor.py:153} INFO - Started process (PID=51890) to work on /home/airflow/.local/lib/python3.7/site-packages/airflow/example_dags/example_skip_dag.py
[2023-07-01T00:04:31.918+0000] {processor.py:743} INFO - Processing file /home/airflow/.local/lib/python3.7/site-packages/airflow/example_dags/example_skip_dag.py for tasks to queue
[2023-07-01T00:04:31.919+0000] {logging_mixin.py:137} INFO - [2023-07-01T00:04:31.919+0000] {dagbag.py:532} INFO - Filling up the DagBag from /home/airflow/.local/lib/python3.7/site-packages/airflow/example_dags/example_skip_dag.py
[2023-07-01T00:04:31.929+0000] {processor.py:753} INFO - DAG(s) dict_keys(['example_skip_dag']) retrieved from /home/airflow/.local/lib/python3.7/site-packages/airflow/example_dags/example_skip_dag.py
[2023-07-01T00:04:31.948+0000] {logging_mixin.py:137} INFO - [2023-07-01T00:04:31.948+0000] {dag.py:2705} INFO - Sync 1 DAGs
[2023-07-01T00:04:31.963+0000] {logging_mixin.py:137} INFO - [2023-07-01T00:04:31.963+0000] {dag.py:3456} INFO - Setting next_dagrun for example_skip_dag to 2023-06-30T00:04:31.963353+00:00, run_after=2023-07-01T00:04:31.963353+00:00
[2023-07-01T00:04:31.973+0000] {processor.py:175} INFO - Processing /home/airflow/.local/lib/python3.7/site-packages/airflow/example_dags/example_skip_dag.py took 0.059 seconds
[2023-07-01T00:05:02.791+0000] {processor.py:153} INFO - Started process (PID=51946) to work on /home/airflow/.local/lib/python3.7/site-packages/airflow/example_dags/example_skip_dag.py
[2023-07-01T00:05:02.792+0000] {processor.py:743} INFO - Processing file /home/airflow/.local/lib/python3.7/site-packages/airflow/example_dags/example_skip_dag.py for tasks to queue
[2023-07-01T00:05:02.793+0000] {logging_mixin.py:137} INFO - [2023-07-01T00:05:02.793+0000] {dagbag.py:532} INFO - Filling up the DagBag from /home/airflow/.local/lib/python3.7/site-packages/airflow/example_dags/example_skip_dag.py
[2023-07-01T00:05:02.803+0000] {processor.py:753} INFO - DAG(s) dict_keys(['example_skip_dag']) retrieved from /home/airflow/.local/lib/python3.7/site-packages/airflow/example_dags/example_skip_dag.py
[2023-07-01T00:05:02.821+0000] {logging_mixin.py:137} INFO - [2023-07-01T00:05:02.821+0000] {dag.py:2705} INFO - Sync 1 DAGs
[2023-07-01T00:05:02.836+0000] {logging_mixin.py:137} INFO - [2023-07-01T00:05:02.836+0000] {dag.py:3456} INFO - Setting next_dagrun for example_skip_dag to 2023-06-30T00:05:02.836477+00:00, run_after=2023-07-01T00:05:02.836477+00:00
[2023-07-01T00:05:02.845+0000] {processor.py:175} INFO - Processing /home/airflow/.local/lib/python3.7/site-packages/airflow/example_dags/example_skip_dag.py took 0.057 seconds
[2023-07-01T00:05:33.991+0000] {processor.py:153} INFO - Started process (PID=52003) to work on /home/airflow/.local/lib/python3.7/site-packages/airflow/example_dags/example_skip_dag.py
[2023-07-01T00:05:33.992+0000] {processor.py:743} INFO - Processing file /home/airflow/.local/lib/python3.7/site-packages/airflow/example_dags/example_skip_dag.py for tasks to queue
[2023-07-01T00:05:33.993+0000] {logging_mixin.py:137} INFO - [2023-07-01T00:05:33.993+0000] {dagbag.py:532} INFO - Filling up the DagBag from /home/airflow/.local/lib/python3.7/site-packages/airflow/example_dags/example_skip_dag.py
[2023-07-01T00:05:34.015+0000] {processor.py:753} INFO - DAG(s) dict_keys(['example_skip_dag']) retrieved from /home/airflow/.local/lib/python3.7/site-packages/airflow/example_dags/example_skip_dag.py
[2023-07-01T00:05:34.039+0000] {logging_mixin.py:137} INFO - [2023-07-01T00:05:34.038+0000] {dag.py:2705} INFO - Sync 1 DAGs
[2023-07-01T00:05:34.055+0000] {logging_mixin.py:137} INFO - [2023-07-01T00:05:34.054+0000] {dag.py:3456} INFO - Setting next_dagrun for example_skip_dag to 2023-06-30T00:05:34.054746+00:00, run_after=2023-07-01T00:05:34.054746+00:00
[2023-07-01T00:05:34.064+0000] {processor.py:175} INFO - Processing /home/airflow/.local/lib/python3.7/site-packages/airflow/example_dags/example_skip_dag.py took 0.076 seconds
[2023-07-01T00:06:05.306+0000] {processor.py:153} INFO - Started process (PID=52060) to work on /home/airflow/.local/lib/python3.7/site-packages/airflow/example_dags/example_skip_dag.py
[2023-07-01T00:06:05.307+0000] {processor.py:743} INFO - Processing file /home/airflow/.local/lib/python3.7/site-packages/airflow/example_dags/example_skip_dag.py for tasks to queue
[2023-07-01T00:06:05.307+0000] {logging_mixin.py:137} INFO - [2023-07-01T00:06:05.307+0000] {dagbag.py:532} INFO - Filling up the DagBag from /home/airflow/.local/lib/python3.7/site-packages/airflow/example_dags/example_skip_dag.py
[2023-07-01T00:06:05.320+0000] {processor.py:753} INFO - DAG(s) dict_keys(['example_skip_dag']) retrieved from /home/airflow/.local/lib/python3.7/site-packages/airflow/example_dags/example_skip_dag.py
[2023-07-01T00:06:05.341+0000] {logging_mixin.py:137} INFO - [2023-07-01T00:06:05.341+0000] {dag.py:2705} INFO - Sync 1 DAGs
[2023-07-01T00:06:05.357+0000] {logging_mixin.py:137} INFO - [2023-07-01T00:06:05.357+0000] {dag.py:3456} INFO - Setting next_dagrun for example_skip_dag to 2023-06-30T00:06:05.357496+00:00, run_after=2023-07-01T00:06:05.357496+00:00
[2023-07-01T00:06:05.368+0000] {processor.py:175} INFO - Processing /home/airflow/.local/lib/python3.7/site-packages/airflow/example_dags/example_skip_dag.py took 0.066 seconds
[2023-07-01T00:06:36.339+0000] {processor.py:153} INFO - Started process (PID=52117) to work on /home/airflow/.local/lib/python3.7/site-packages/airflow/example_dags/example_skip_dag.py
[2023-07-01T00:06:36.340+0000] {processor.py:743} INFO - Processing file /home/airflow/.local/lib/python3.7/site-packages/airflow/example_dags/example_skip_dag.py for tasks to queue
[2023-07-01T00:06:36.341+0000] {logging_mixin.py:137} INFO - [2023-07-01T00:06:36.341+0000] {dagbag.py:532} INFO - Filling up the DagBag from /home/airflow/.local/lib/python3.7/site-packages/airflow/example_dags/example_skip_dag.py
[2023-07-01T00:06:36.351+0000] {processor.py:753} INFO - DAG(s) dict_keys(['example_skip_dag']) retrieved from /home/airflow/.local/lib/python3.7/site-packages/airflow/example_dags/example_skip_dag.py
[2023-07-01T00:06:36.369+0000] {logging_mixin.py:137} INFO - [2023-07-01T00:06:36.369+0000] {dag.py:2705} INFO - Sync 1 DAGs
[2023-07-01T00:06:36.383+0000] {logging_mixin.py:137} INFO - [2023-07-01T00:06:36.383+0000] {dag.py:3456} INFO - Setting next_dagrun for example_skip_dag to 2023-06-30T00:06:36.383040+00:00, run_after=2023-07-01T00:06:36.383040+00:00
[2023-07-01T00:06:36.393+0000] {processor.py:175} INFO - Processing /home/airflow/.local/lib/python3.7/site-packages/airflow/example_dags/example_skip_dag.py took 0.056 seconds
[2023-07-01T00:07:06.994+0000] {processor.py:153} INFO - Started process (PID=52174) to work on /home/airflow/.local/lib/python3.7/site-packages/airflow/example_dags/example_skip_dag.py
[2023-07-01T00:07:06.995+0000] {processor.py:743} INFO - Processing file /home/airflow/.local/lib/python3.7/site-packages/airflow/example_dags/example_skip_dag.py for tasks to queue
[2023-07-01T00:07:06.996+0000] {logging_mixin.py:137} INFO - [2023-07-01T00:07:06.996+0000] {dagbag.py:532} INFO - Filling up the DagBag from /home/airflow/.local/lib/python3.7/site-packages/airflow/example_dags/example_skip_dag.py
[2023-07-01T00:07:07.007+0000] {processor.py:753} INFO - DAG(s) dict_keys(['example_skip_dag']) retrieved from /home/airflow/.local/lib/python3.7/site-packages/airflow/example_dags/example_skip_dag.py
[2023-07-01T00:07:07.028+0000] {logging_mixin.py:137} INFO - [2023-07-01T00:07:07.028+0000] {dag.py:2705} INFO - Sync 1 DAGs
[2023-07-01T00:07:07.044+0000] {logging_mixin.py:137} INFO - [2023-07-01T00:07:07.044+0000] {dag.py:3456} INFO - Setting next_dagrun for example_skip_dag to 2023-06-30T00:07:07.043839+00:00, run_after=2023-07-01T00:07:07.043839+00:00
[2023-07-01T00:07:07.054+0000] {processor.py:175} INFO - Processing /home/airflow/.local/lib/python3.7/site-packages/airflow/example_dags/example_skip_dag.py took 0.062 seconds
[2023-07-01T00:07:38.302+0000] {processor.py:153} INFO - Started process (PID=52231) to work on /home/airflow/.local/lib/python3.7/site-packages/airflow/example_dags/example_skip_dag.py
[2023-07-01T00:07:38.303+0000] {processor.py:743} INFO - Processing file /home/airflow/.local/lib/python3.7/site-packages/airflow/example_dags/example_skip_dag.py for tasks to queue
[2023-07-01T00:07:38.304+0000] {logging_mixin.py:137} INFO - [2023-07-01T00:07:38.304+0000] {dagbag.py:532} INFO - Filling up the DagBag from /home/airflow/.local/lib/python3.7/site-packages/airflow/example_dags/example_skip_dag.py
[2023-07-01T00:07:38.315+0000] {processor.py:753} INFO - DAG(s) dict_keys(['example_skip_dag']) retrieved from /home/airflow/.local/lib/python3.7/site-packages/airflow/example_dags/example_skip_dag.py
[2023-07-01T00:07:38.335+0000] {logging_mixin.py:137} INFO - [2023-07-01T00:07:38.335+0000] {dag.py:2705} INFO - Sync 1 DAGs
[2023-07-01T00:07:38.349+0000] {logging_mixin.py:137} INFO - [2023-07-01T00:07:38.349+0000] {dag.py:3456} INFO - Setting next_dagrun for example_skip_dag to 2023-06-30T00:07:38.349432+00:00, run_after=2023-07-01T00:07:38.349432+00:00
[2023-07-01T00:07:38.361+0000] {processor.py:175} INFO - Processing /home/airflow/.local/lib/python3.7/site-packages/airflow/example_dags/example_skip_dag.py took 0.062 seconds
[2023-07-01T00:08:09.435+0000] {processor.py:153} INFO - Started process (PID=52295) to work on /home/airflow/.local/lib/python3.7/site-packages/airflow/example_dags/example_skip_dag.py
[2023-07-01T00:08:09.437+0000] {processor.py:743} INFO - Processing file /home/airflow/.local/lib/python3.7/site-packages/airflow/example_dags/example_skip_dag.py for tasks to queue
[2023-07-01T00:08:09.438+0000] {logging_mixin.py:137} INFO - [2023-07-01T00:08:09.437+0000] {dagbag.py:532} INFO - Filling up the DagBag from /home/airflow/.local/lib/python3.7/site-packages/airflow/example_dags/example_skip_dag.py
[2023-07-01T00:08:09.455+0000] {processor.py:753} INFO - DAG(s) dict_keys(['example_skip_dag']) retrieved from /home/airflow/.local/lib/python3.7/site-packages/airflow/example_dags/example_skip_dag.py
[2023-07-01T00:08:09.484+0000] {logging_mixin.py:137} INFO - [2023-07-01T00:08:09.484+0000] {dag.py:2705} INFO - Sync 1 DAGs
[2023-07-01T00:08:09.509+0000] {logging_mixin.py:137} INFO - [2023-07-01T00:08:09.509+0000] {dag.py:3456} INFO - Setting next_dagrun for example_skip_dag to 2023-06-30T00:08:09.509567+00:00, run_after=2023-07-01T00:08:09.509567+00:00
[2023-07-01T00:08:09.525+0000] {processor.py:175} INFO - Processing /home/airflow/.local/lib/python3.7/site-packages/airflow/example_dags/example_skip_dag.py took 0.093 seconds
[2023-07-01T00:08:39.781+0000] {processor.py:153} INFO - Started process (PID=52351) to work on /home/airflow/.local/lib/python3.7/site-packages/airflow/example_dags/example_skip_dag.py
[2023-07-01T00:08:39.781+0000] {processor.py:743} INFO - Processing file /home/airflow/.local/lib/python3.7/site-packages/airflow/example_dags/example_skip_dag.py for tasks to queue
[2023-07-01T00:08:39.782+0000] {logging_mixin.py:137} INFO - [2023-07-01T00:08:39.782+0000] {dagbag.py:532} INFO - Filling up the DagBag from /home/airflow/.local/lib/python3.7/site-packages/airflow/example_dags/example_skip_dag.py
[2023-07-01T00:08:39.793+0000] {processor.py:753} INFO - DAG(s) dict_keys(['example_skip_dag']) retrieved from /home/airflow/.local/lib/python3.7/site-packages/airflow/example_dags/example_skip_dag.py
[2023-07-01T00:08:39.813+0000] {logging_mixin.py:137} INFO - [2023-07-01T00:08:39.812+0000] {dag.py:2705} INFO - Sync 1 DAGs
[2023-07-01T00:08:39.831+0000] {logging_mixin.py:137} INFO - [2023-07-01T00:08:39.831+0000] {dag.py:3456} INFO - Setting next_dagrun for example_skip_dag to 2023-06-30T00:08:39.831139+00:00, run_after=2023-07-01T00:08:39.831139+00:00
[2023-07-01T00:08:39.842+0000] {processor.py:175} INFO - Processing /home/airflow/.local/lib/python3.7/site-packages/airflow/example_dags/example_skip_dag.py took 0.065 seconds
[2023-07-01T00:09:09.940+0000] {processor.py:153} INFO - Started process (PID=52407) to work on /home/airflow/.local/lib/python3.7/site-packages/airflow/example_dags/example_skip_dag.py
[2023-07-01T00:09:09.941+0000] {processor.py:743} INFO - Processing file /home/airflow/.local/lib/python3.7/site-packages/airflow/example_dags/example_skip_dag.py for tasks to queue
[2023-07-01T00:09:09.942+0000] {logging_mixin.py:137} INFO - [2023-07-01T00:09:09.942+0000] {dagbag.py:532} INFO - Filling up the DagBag from /home/airflow/.local/lib/python3.7/site-packages/airflow/example_dags/example_skip_dag.py
[2023-07-01T00:09:09.951+0000] {processor.py:753} INFO - DAG(s) dict_keys(['example_skip_dag']) retrieved from /home/airflow/.local/lib/python3.7/site-packages/airflow/example_dags/example_skip_dag.py
[2023-07-01T00:09:09.969+0000] {logging_mixin.py:137} INFO - [2023-07-01T00:09:09.969+0000] {dag.py:2705} INFO - Sync 1 DAGs
[2023-07-01T00:09:09.989+0000] {logging_mixin.py:137} INFO - [2023-07-01T00:09:09.989+0000] {dag.py:3456} INFO - Setting next_dagrun for example_skip_dag to 2023-06-30T00:09:09.988869+00:00, run_after=2023-07-01T00:09:09.988869+00:00
[2023-07-01T00:09:10.002+0000] {processor.py:175} INFO - Processing /home/airflow/.local/lib/python3.7/site-packages/airflow/example_dags/example_skip_dag.py took 0.065 seconds
[2023-07-01T00:09:40.644+0000] {processor.py:153} INFO - Started process (PID=52465) to work on /home/airflow/.local/lib/python3.7/site-packages/airflow/example_dags/example_skip_dag.py
[2023-07-01T00:09:40.646+0000] {processor.py:743} INFO - Processing file /home/airflow/.local/lib/python3.7/site-packages/airflow/example_dags/example_skip_dag.py for tasks to queue
[2023-07-01T00:09:40.647+0000] {logging_mixin.py:137} INFO - [2023-07-01T00:09:40.647+0000] {dagbag.py:532} INFO - Filling up the DagBag from /home/airflow/.local/lib/python3.7/site-packages/airflow/example_dags/example_skip_dag.py
[2023-07-01T00:09:40.659+0000] {processor.py:753} INFO - DAG(s) dict_keys(['example_skip_dag']) retrieved from /home/airflow/.local/lib/python3.7/site-packages/airflow/example_dags/example_skip_dag.py
[2023-07-01T00:09:40.682+0000] {logging_mixin.py:137} INFO - [2023-07-01T00:09:40.682+0000] {dag.py:2705} INFO - Sync 1 DAGs
[2023-07-01T00:09:40.697+0000] {logging_mixin.py:137} INFO - [2023-07-01T00:09:40.697+0000] {dag.py:3456} INFO - Setting next_dagrun for example_skip_dag to 2023-06-30T00:09:40.697374+00:00, run_after=2023-07-01T00:09:40.697374+00:00
[2023-07-01T00:09:40.708+0000] {processor.py:175} INFO - Processing /home/airflow/.local/lib/python3.7/site-packages/airflow/example_dags/example_skip_dag.py took 0.066 seconds
[2023-07-01T00:10:10.867+0000] {processor.py:153} INFO - Started process (PID=52522) to work on /home/airflow/.local/lib/python3.7/site-packages/airflow/example_dags/example_skip_dag.py
[2023-07-01T00:10:10.868+0000] {processor.py:743} INFO - Processing file /home/airflow/.local/lib/python3.7/site-packages/airflow/example_dags/example_skip_dag.py for tasks to queue
[2023-07-01T00:10:10.869+0000] {logging_mixin.py:137} INFO - [2023-07-01T00:10:10.869+0000] {dagbag.py:532} INFO - Filling up the DagBag from /home/airflow/.local/lib/python3.7/site-packages/airflow/example_dags/example_skip_dag.py
[2023-07-01T00:10:10.892+0000] {processor.py:753} INFO - DAG(s) dict_keys(['example_skip_dag']) retrieved from /home/airflow/.local/lib/python3.7/site-packages/airflow/example_dags/example_skip_dag.py
[2023-07-01T00:10:10.916+0000] {logging_mixin.py:137} INFO - [2023-07-01T00:10:10.916+0000] {dag.py:2705} INFO - Sync 1 DAGs
[2023-07-01T00:10:10.934+0000] {logging_mixin.py:137} INFO - [2023-07-01T00:10:10.934+0000] {dag.py:3456} INFO - Setting next_dagrun for example_skip_dag to 2023-06-30T00:10:10.933722+00:00, run_after=2023-07-01T00:10:10.933722+00:00
[2023-07-01T00:10:10.945+0000] {processor.py:175} INFO - Processing /home/airflow/.local/lib/python3.7/site-packages/airflow/example_dags/example_skip_dag.py took 0.083 seconds
[2023-07-01T00:10:41.351+0000] {processor.py:153} INFO - Started process (PID=52580) to work on /home/airflow/.local/lib/python3.7/site-packages/airflow/example_dags/example_skip_dag.py
[2023-07-01T00:10:41.352+0000] {processor.py:743} INFO - Processing file /home/airflow/.local/lib/python3.7/site-packages/airflow/example_dags/example_skip_dag.py for tasks to queue
[2023-07-01T00:10:41.353+0000] {logging_mixin.py:137} INFO - [2023-07-01T00:10:41.353+0000] {dagbag.py:532} INFO - Filling up the DagBag from /home/airflow/.local/lib/python3.7/site-packages/airflow/example_dags/example_skip_dag.py
[2023-07-01T00:10:41.364+0000] {processor.py:753} INFO - DAG(s) dict_keys(['example_skip_dag']) retrieved from /home/airflow/.local/lib/python3.7/site-packages/airflow/example_dags/example_skip_dag.py
[2023-07-01T00:10:41.383+0000] {logging_mixin.py:137} INFO - [2023-07-01T00:10:41.383+0000] {dag.py:2705} INFO - Sync 1 DAGs
[2023-07-01T00:10:41.398+0000] {logging_mixin.py:137} INFO - [2023-07-01T00:10:41.398+0000] {dag.py:3456} INFO - Setting next_dagrun for example_skip_dag to 2023-06-30T00:10:41.397910+00:00, run_after=2023-07-01T00:10:41.397910+00:00
[2023-07-01T00:10:41.407+0000] {processor.py:175} INFO - Processing /home/airflow/.local/lib/python3.7/site-packages/airflow/example_dags/example_skip_dag.py took 0.060 seconds
[2023-07-01T00:11:12.212+0000] {processor.py:153} INFO - Started process (PID=52638) to work on /home/airflow/.local/lib/python3.7/site-packages/airflow/example_dags/example_skip_dag.py
[2023-07-01T00:11:12.213+0000] {processor.py:743} INFO - Processing file /home/airflow/.local/lib/python3.7/site-packages/airflow/example_dags/example_skip_dag.py for tasks to queue
[2023-07-01T00:11:12.214+0000] {logging_mixin.py:137} INFO - [2023-07-01T00:11:12.214+0000] {dagbag.py:532} INFO - Filling up the DagBag from /home/airflow/.local/lib/python3.7/site-packages/airflow/example_dags/example_skip_dag.py
[2023-07-01T00:11:12.224+0000] {processor.py:753} INFO - DAG(s) dict_keys(['example_skip_dag']) retrieved from /home/airflow/.local/lib/python3.7/site-packages/airflow/example_dags/example_skip_dag.py
[2023-07-01T00:11:12.243+0000] {logging_mixin.py:137} INFO - [2023-07-01T00:11:12.242+0000] {dag.py:2705} INFO - Sync 1 DAGs
[2023-07-01T00:11:12.257+0000] {logging_mixin.py:137} INFO - [2023-07-01T00:11:12.257+0000] {dag.py:3456} INFO - Setting next_dagrun for example_skip_dag to 2023-06-30T00:11:12.256772+00:00, run_after=2023-07-01T00:11:12.256772+00:00
[2023-07-01T00:11:12.266+0000] {processor.py:175} INFO - Processing /home/airflow/.local/lib/python3.7/site-packages/airflow/example_dags/example_skip_dag.py took 0.057 seconds
[2023-07-01T00:11:43.007+0000] {processor.py:153} INFO - Started process (PID=52695) to work on /home/airflow/.local/lib/python3.7/site-packages/airflow/example_dags/example_skip_dag.py
[2023-07-01T00:11:43.008+0000] {processor.py:743} INFO - Processing file /home/airflow/.local/lib/python3.7/site-packages/airflow/example_dags/example_skip_dag.py for tasks to queue
[2023-07-01T00:11:43.008+0000] {logging_mixin.py:137} INFO - [2023-07-01T00:11:43.008+0000] {dagbag.py:532} INFO - Filling up the DagBag from /home/airflow/.local/lib/python3.7/site-packages/airflow/example_dags/example_skip_dag.py
[2023-07-01T00:11:43.019+0000] {processor.py:753} INFO - DAG(s) dict_keys(['example_skip_dag']) retrieved from /home/airflow/.local/lib/python3.7/site-packages/airflow/example_dags/example_skip_dag.py
[2023-07-01T00:11:43.038+0000] {logging_mixin.py:137} INFO - [2023-07-01T00:11:43.038+0000] {dag.py:2705} INFO - Sync 1 DAGs
[2023-07-01T00:11:43.052+0000] {logging_mixin.py:137} INFO - [2023-07-01T00:11:43.052+0000] {dag.py:3456} INFO - Setting next_dagrun for example_skip_dag to 2023-06-30T00:11:43.051893+00:00, run_after=2023-07-01T00:11:43.051893+00:00
[2023-07-01T00:11:43.062+0000] {processor.py:175} INFO - Processing /home/airflow/.local/lib/python3.7/site-packages/airflow/example_dags/example_skip_dag.py took 0.058 seconds
[2023-07-01T00:12:13.639+0000] {processor.py:153} INFO - Started process (PID=52752) to work on /home/airflow/.local/lib/python3.7/site-packages/airflow/example_dags/example_skip_dag.py
[2023-07-01T00:12:13.640+0000] {processor.py:743} INFO - Processing file /home/airflow/.local/lib/python3.7/site-packages/airflow/example_dags/example_skip_dag.py for tasks to queue
[2023-07-01T00:12:13.641+0000] {logging_mixin.py:137} INFO - [2023-07-01T00:12:13.641+0000] {dagbag.py:532} INFO - Filling up the DagBag from /home/airflow/.local/lib/python3.7/site-packages/airflow/example_dags/example_skip_dag.py
[2023-07-01T00:12:13.651+0000] {processor.py:753} INFO - DAG(s) dict_keys(['example_skip_dag']) retrieved from /home/airflow/.local/lib/python3.7/site-packages/airflow/example_dags/example_skip_dag.py
[2023-07-01T00:12:13.670+0000] {logging_mixin.py:137} INFO - [2023-07-01T00:12:13.670+0000] {dag.py:2705} INFO - Sync 1 DAGs
[2023-07-01T00:12:13.685+0000] {logging_mixin.py:137} INFO - [2023-07-01T00:12:13.685+0000] {dag.py:3456} INFO - Setting next_dagrun for example_skip_dag to 2023-06-30T00:12:13.685590+00:00, run_after=2023-07-01T00:12:13.685590+00:00
[2023-07-01T00:12:13.695+0000] {processor.py:175} INFO - Processing /home/airflow/.local/lib/python3.7/site-packages/airflow/example_dags/example_skip_dag.py took 0.059 seconds
[2023-07-01T00:12:44.380+0000] {processor.py:153} INFO - Started process (PID=52809) to work on /home/airflow/.local/lib/python3.7/site-packages/airflow/example_dags/example_skip_dag.py
[2023-07-01T00:12:44.381+0000] {processor.py:743} INFO - Processing file /home/airflow/.local/lib/python3.7/site-packages/airflow/example_dags/example_skip_dag.py for tasks to queue
[2023-07-01T00:12:44.382+0000] {logging_mixin.py:137} INFO - [2023-07-01T00:12:44.382+0000] {dagbag.py:532} INFO - Filling up the DagBag from /home/airflow/.local/lib/python3.7/site-packages/airflow/example_dags/example_skip_dag.py
[2023-07-01T00:12:44.391+0000] {processor.py:753} INFO - DAG(s) dict_keys(['example_skip_dag']) retrieved from /home/airflow/.local/lib/python3.7/site-packages/airflow/example_dags/example_skip_dag.py
[2023-07-01T00:12:44.410+0000] {logging_mixin.py:137} INFO - [2023-07-01T00:12:44.410+0000] {dag.py:2705} INFO - Sync 1 DAGs
[2023-07-01T00:12:44.424+0000] {logging_mixin.py:137} INFO - [2023-07-01T00:12:44.424+0000] {dag.py:3456} INFO - Setting next_dagrun for example_skip_dag to 2023-06-30T00:12:44.424290+00:00, run_after=2023-07-01T00:12:44.424290+00:00
[2023-07-01T00:12:44.434+0000] {processor.py:175} INFO - Processing /home/airflow/.local/lib/python3.7/site-packages/airflow/example_dags/example_skip_dag.py took 0.056 seconds
[2023-07-01T00:13:15.223+0000] {processor.py:153} INFO - Started process (PID=52866) to work on /home/airflow/.local/lib/python3.7/site-packages/airflow/example_dags/example_skip_dag.py
[2023-07-01T00:13:15.224+0000] {processor.py:743} INFO - Processing file /home/airflow/.local/lib/python3.7/site-packages/airflow/example_dags/example_skip_dag.py for tasks to queue
[2023-07-01T00:13:15.224+0000] {logging_mixin.py:137} INFO - [2023-07-01T00:13:15.224+0000] {dagbag.py:532} INFO - Filling up the DagBag from /home/airflow/.local/lib/python3.7/site-packages/airflow/example_dags/example_skip_dag.py
[2023-07-01T00:13:15.235+0000] {processor.py:753} INFO - DAG(s) dict_keys(['example_skip_dag']) retrieved from /home/airflow/.local/lib/python3.7/site-packages/airflow/example_dags/example_skip_dag.py
[2023-07-01T00:13:15.253+0000] {logging_mixin.py:137} INFO - [2023-07-01T00:13:15.253+0000] {dag.py:2705} INFO - Sync 1 DAGs
[2023-07-01T00:13:15.268+0000] {logging_mixin.py:137} INFO - [2023-07-01T00:13:15.268+0000] {dag.py:3456} INFO - Setting next_dagrun for example_skip_dag to 2023-06-30T00:13:15.268083+00:00, run_after=2023-07-01T00:13:15.268083+00:00
[2023-07-01T00:13:15.278+0000] {processor.py:175} INFO - Processing /home/airflow/.local/lib/python3.7/site-packages/airflow/example_dags/example_skip_dag.py took 0.058 seconds
[2023-07-01T00:13:45.323+0000] {processor.py:153} INFO - Started process (PID=52924) to work on /home/airflow/.local/lib/python3.7/site-packages/airflow/example_dags/example_skip_dag.py
[2023-07-01T00:13:45.324+0000] {processor.py:743} INFO - Processing file /home/airflow/.local/lib/python3.7/site-packages/airflow/example_dags/example_skip_dag.py for tasks to queue
[2023-07-01T00:13:45.325+0000] {logging_mixin.py:137} INFO - [2023-07-01T00:13:45.325+0000] {dagbag.py:532} INFO - Filling up the DagBag from /home/airflow/.local/lib/python3.7/site-packages/airflow/example_dags/example_skip_dag.py
[2023-07-01T00:13:45.335+0000] {processor.py:753} INFO - DAG(s) dict_keys(['example_skip_dag']) retrieved from /home/airflow/.local/lib/python3.7/site-packages/airflow/example_dags/example_skip_dag.py
[2023-07-01T00:13:45.353+0000] {logging_mixin.py:137} INFO - [2023-07-01T00:13:45.353+0000] {dag.py:2705} INFO - Sync 1 DAGs
[2023-07-01T00:13:45.369+0000] {logging_mixin.py:137} INFO - [2023-07-01T00:13:45.369+0000] {dag.py:3456} INFO - Setting next_dagrun for example_skip_dag to 2023-06-30T00:13:45.368906+00:00, run_after=2023-07-01T00:13:45.368906+00:00
[2023-07-01T00:13:45.379+0000] {processor.py:175} INFO - Processing /home/airflow/.local/lib/python3.7/site-packages/airflow/example_dags/example_skip_dag.py took 0.058 seconds
[2023-07-01T00:14:15.479+0000] {processor.py:153} INFO - Started process (PID=52981) to work on /home/airflow/.local/lib/python3.7/site-packages/airflow/example_dags/example_skip_dag.py
[2023-07-01T00:14:15.480+0000] {processor.py:743} INFO - Processing file /home/airflow/.local/lib/python3.7/site-packages/airflow/example_dags/example_skip_dag.py for tasks to queue
[2023-07-01T00:14:15.481+0000] {logging_mixin.py:137} INFO - [2023-07-01T00:14:15.481+0000] {dagbag.py:532} INFO - Filling up the DagBag from /home/airflow/.local/lib/python3.7/site-packages/airflow/example_dags/example_skip_dag.py
[2023-07-01T00:14:15.491+0000] {processor.py:753} INFO - DAG(s) dict_keys(['example_skip_dag']) retrieved from /home/airflow/.local/lib/python3.7/site-packages/airflow/example_dags/example_skip_dag.py
[2023-07-01T00:14:15.510+0000] {logging_mixin.py:137} INFO - [2023-07-01T00:14:15.510+0000] {dag.py:2705} INFO - Sync 1 DAGs
[2023-07-01T00:14:15.525+0000] {logging_mixin.py:137} INFO - [2023-07-01T00:14:15.525+0000] {dag.py:3456} INFO - Setting next_dagrun for example_skip_dag to 2023-06-30T00:14:15.525379+00:00, run_after=2023-07-01T00:14:15.525379+00:00
[2023-07-01T00:14:15.535+0000] {processor.py:175} INFO - Processing /home/airflow/.local/lib/python3.7/site-packages/airflow/example_dags/example_skip_dag.py took 0.058 seconds
[2023-07-01T00:14:45.779+0000] {processor.py:153} INFO - Started process (PID=53038) to work on /home/airflow/.local/lib/python3.7/site-packages/airflow/example_dags/example_skip_dag.py
[2023-07-01T00:14:45.780+0000] {processor.py:743} INFO - Processing file /home/airflow/.local/lib/python3.7/site-packages/airflow/example_dags/example_skip_dag.py for tasks to queue
[2023-07-01T00:14:45.781+0000] {logging_mixin.py:137} INFO - [2023-07-01T00:14:45.781+0000] {dagbag.py:532} INFO - Filling up the DagBag from /home/airflow/.local/lib/python3.7/site-packages/airflow/example_dags/example_skip_dag.py
[2023-07-01T00:14:45.791+0000] {processor.py:753} INFO - DAG(s) dict_keys(['example_skip_dag']) retrieved from /home/airflow/.local/lib/python3.7/site-packages/airflow/example_dags/example_skip_dag.py
[2023-07-01T00:14:45.808+0000] {logging_mixin.py:137} INFO - [2023-07-01T00:14:45.808+0000] {dag.py:2705} INFO - Sync 1 DAGs
[2023-07-01T00:14:45.822+0000] {logging_mixin.py:137} INFO - [2023-07-01T00:14:45.822+0000] {dag.py:3456} INFO - Setting next_dagrun for example_skip_dag to 2023-06-30T00:14:45.822148+00:00, run_after=2023-07-01T00:14:45.822148+00:00
[2023-07-01T00:14:45.832+0000] {processor.py:175} INFO - Processing /home/airflow/.local/lib/python3.7/site-packages/airflow/example_dags/example_skip_dag.py took 0.055 seconds
[2023-07-01T00:15:16.163+0000] {processor.py:153} INFO - Started process (PID=53095) to work on /home/airflow/.local/lib/python3.7/site-packages/airflow/example_dags/example_skip_dag.py
[2023-07-01T00:15:16.164+0000] {processor.py:743} INFO - Processing file /home/airflow/.local/lib/python3.7/site-packages/airflow/example_dags/example_skip_dag.py for tasks to queue
[2023-07-01T00:15:16.164+0000] {logging_mixin.py:137} INFO - [2023-07-01T00:15:16.164+0000] {dagbag.py:532} INFO - Filling up the DagBag from /home/airflow/.local/lib/python3.7/site-packages/airflow/example_dags/example_skip_dag.py
[2023-07-01T00:15:16.174+0000] {processor.py:753} INFO - DAG(s) dict_keys(['example_skip_dag']) retrieved from /home/airflow/.local/lib/python3.7/site-packages/airflow/example_dags/example_skip_dag.py
[2023-07-01T00:15:16.191+0000] {logging_mixin.py:137} INFO - [2023-07-01T00:15:16.191+0000] {dag.py:2705} INFO - Sync 1 DAGs
[2023-07-01T00:15:16.205+0000] {logging_mixin.py:137} INFO - [2023-07-01T00:15:16.205+0000] {dag.py:3456} INFO - Setting next_dagrun for example_skip_dag to 2023-06-30T00:15:16.205148+00:00, run_after=2023-07-01T00:15:16.205148+00:00
[2023-07-01T00:15:16.215+0000] {processor.py:175} INFO - Processing /home/airflow/.local/lib/python3.7/site-packages/airflow/example_dags/example_skip_dag.py took 0.055 seconds
[2023-07-01T00:15:46.345+0000] {processor.py:153} INFO - Started process (PID=53151) to work on /home/airflow/.local/lib/python3.7/site-packages/airflow/example_dags/example_skip_dag.py
[2023-07-01T00:15:46.346+0000] {processor.py:743} INFO - Processing file /home/airflow/.local/lib/python3.7/site-packages/airflow/example_dags/example_skip_dag.py for tasks to queue
[2023-07-01T00:15:46.347+0000] {logging_mixin.py:137} INFO - [2023-07-01T00:15:46.347+0000] {dagbag.py:532} INFO - Filling up the DagBag from /home/airflow/.local/lib/python3.7/site-packages/airflow/example_dags/example_skip_dag.py
[2023-07-01T00:15:46.358+0000] {processor.py:753} INFO - DAG(s) dict_keys(['example_skip_dag']) retrieved from /home/airflow/.local/lib/python3.7/site-packages/airflow/example_dags/example_skip_dag.py
[2023-07-01T00:15:46.378+0000] {logging_mixin.py:137} INFO - [2023-07-01T00:15:46.378+0000] {dag.py:2705} INFO - Sync 1 DAGs
[2023-07-01T00:15:46.393+0000] {logging_mixin.py:137} INFO - [2023-07-01T00:15:46.393+0000] {dag.py:3456} INFO - Setting next_dagrun for example_skip_dag to 2023-06-30T00:15:46.393049+00:00, run_after=2023-07-01T00:15:46.393049+00:00
[2023-07-01T00:15:46.404+0000] {processor.py:175} INFO - Processing /home/airflow/.local/lib/python3.7/site-packages/airflow/example_dags/example_skip_dag.py took 0.061 seconds
[2023-07-01T00:16:16.623+0000] {processor.py:153} INFO - Started process (PID=53208) to work on /home/airflow/.local/lib/python3.7/site-packages/airflow/example_dags/example_skip_dag.py
[2023-07-01T00:16:16.624+0000] {processor.py:743} INFO - Processing file /home/airflow/.local/lib/python3.7/site-packages/airflow/example_dags/example_skip_dag.py for tasks to queue
[2023-07-01T00:16:16.625+0000] {logging_mixin.py:137} INFO - [2023-07-01T00:16:16.625+0000] {dagbag.py:532} INFO - Filling up the DagBag from /home/airflow/.local/lib/python3.7/site-packages/airflow/example_dags/example_skip_dag.py
[2023-07-01T00:16:16.635+0000] {processor.py:753} INFO - DAG(s) dict_keys(['example_skip_dag']) retrieved from /home/airflow/.local/lib/python3.7/site-packages/airflow/example_dags/example_skip_dag.py
[2023-07-01T00:16:16.654+0000] {logging_mixin.py:137} INFO - [2023-07-01T00:16:16.654+0000] {dag.py:2705} INFO - Sync 1 DAGs
[2023-07-01T00:16:16.668+0000] {logging_mixin.py:137} INFO - [2023-07-01T00:16:16.668+0000] {dag.py:3456} INFO - Setting next_dagrun for example_skip_dag to 2023-06-30T00:16:16.668625+00:00, run_after=2023-07-01T00:16:16.668625+00:00
[2023-07-01T00:16:16.678+0000] {processor.py:175} INFO - Processing /home/airflow/.local/lib/python3.7/site-packages/airflow/example_dags/example_skip_dag.py took 0.058 seconds
[2023-07-01T00:16:47.138+0000] {processor.py:153} INFO - Started process (PID=53265) to work on /home/airflow/.local/lib/python3.7/site-packages/airflow/example_dags/example_skip_dag.py
[2023-07-01T00:16:47.139+0000] {processor.py:743} INFO - Processing file /home/airflow/.local/lib/python3.7/site-packages/airflow/example_dags/example_skip_dag.py for tasks to queue
[2023-07-01T00:16:47.140+0000] {logging_mixin.py:137} INFO - [2023-07-01T00:16:47.140+0000] {dagbag.py:532} INFO - Filling up the DagBag from /home/airflow/.local/lib/python3.7/site-packages/airflow/example_dags/example_skip_dag.py
[2023-07-01T00:16:47.150+0000] {processor.py:753} INFO - DAG(s) dict_keys(['example_skip_dag']) retrieved from /home/airflow/.local/lib/python3.7/site-packages/airflow/example_dags/example_skip_dag.py
[2023-07-01T00:16:47.169+0000] {logging_mixin.py:137} INFO - [2023-07-01T00:16:47.169+0000] {dag.py:2705} INFO - Sync 1 DAGs
[2023-07-01T00:16:47.185+0000] {logging_mixin.py:137} INFO - [2023-07-01T00:16:47.185+0000] {dag.py:3456} INFO - Setting next_dagrun for example_skip_dag to 2023-06-30T00:16:47.184817+00:00, run_after=2023-07-01T00:16:47.184817+00:00
[2023-07-01T00:16:47.196+0000] {processor.py:175} INFO - Processing /home/airflow/.local/lib/python3.7/site-packages/airflow/example_dags/example_skip_dag.py took 0.061 seconds
[2023-07-01T00:17:18.260+0000] {processor.py:153} INFO - Started process (PID=53322) to work on /home/airflow/.local/lib/python3.7/site-packages/airflow/example_dags/example_skip_dag.py
[2023-07-01T00:17:18.260+0000] {processor.py:743} INFO - Processing file /home/airflow/.local/lib/python3.7/site-packages/airflow/example_dags/example_skip_dag.py for tasks to queue
[2023-07-01T00:17:18.261+0000] {logging_mixin.py:137} INFO - [2023-07-01T00:17:18.261+0000] {dagbag.py:532} INFO - Filling up the DagBag from /home/airflow/.local/lib/python3.7/site-packages/airflow/example_dags/example_skip_dag.py
[2023-07-01T00:17:18.272+0000] {processor.py:753} INFO - DAG(s) dict_keys(['example_skip_dag']) retrieved from /home/airflow/.local/lib/python3.7/site-packages/airflow/example_dags/example_skip_dag.py
[2023-07-01T00:17:18.290+0000] {logging_mixin.py:137} INFO - [2023-07-01T00:17:18.290+0000] {dag.py:2705} INFO - Sync 1 DAGs
[2023-07-01T00:17:18.305+0000] {logging_mixin.py:137} INFO - [2023-07-01T00:17:18.305+0000] {dag.py:3456} INFO - Setting next_dagrun for example_skip_dag to 2023-06-30T00:17:18.305340+00:00, run_after=2023-07-01T00:17:18.305340+00:00
[2023-07-01T00:17:18.316+0000] {processor.py:175} INFO - Processing /home/airflow/.local/lib/python3.7/site-packages/airflow/example_dags/example_skip_dag.py took 0.059 seconds
[2023-07-01T00:17:49.033+0000] {processor.py:153} INFO - Started process (PID=53379) to work on /home/airflow/.local/lib/python3.7/site-packages/airflow/example_dags/example_skip_dag.py
[2023-07-01T00:17:49.034+0000] {processor.py:743} INFO - Processing file /home/airflow/.local/lib/python3.7/site-packages/airflow/example_dags/example_skip_dag.py for tasks to queue
[2023-07-01T00:17:49.034+0000] {logging_mixin.py:137} INFO - [2023-07-01T00:17:49.034+0000] {dagbag.py:532} INFO - Filling up the DagBag from /home/airflow/.local/lib/python3.7/site-packages/airflow/example_dags/example_skip_dag.py
[2023-07-01T00:17:49.044+0000] {processor.py:753} INFO - DAG(s) dict_keys(['example_skip_dag']) retrieved from /home/airflow/.local/lib/python3.7/site-packages/airflow/example_dags/example_skip_dag.py
[2023-07-01T00:17:49.065+0000] {logging_mixin.py:137} INFO - [2023-07-01T00:17:49.065+0000] {dag.py:2705} INFO - Sync 1 DAGs
[2023-07-01T00:17:49.080+0000] {logging_mixin.py:137} INFO - [2023-07-01T00:17:49.080+0000] {dag.py:3456} INFO - Setting next_dagrun for example_skip_dag to 2023-06-30T00:17:49.079888+00:00, run_after=2023-07-01T00:17:49.079888+00:00
[2023-07-01T00:17:49.090+0000] {processor.py:175} INFO - Processing /home/airflow/.local/lib/python3.7/site-packages/airflow/example_dags/example_skip_dag.py took 0.060 seconds
[2023-07-01T00:18:19.656+0000] {processor.py:153} INFO - Started process (PID=53436) to work on /home/airflow/.local/lib/python3.7/site-packages/airflow/example_dags/example_skip_dag.py
[2023-07-01T00:18:19.657+0000] {processor.py:743} INFO - Processing file /home/airflow/.local/lib/python3.7/site-packages/airflow/example_dags/example_skip_dag.py for tasks to queue
[2023-07-01T00:18:19.658+0000] {logging_mixin.py:137} INFO - [2023-07-01T00:18:19.658+0000] {dagbag.py:532} INFO - Filling up the DagBag from /home/airflow/.local/lib/python3.7/site-packages/airflow/example_dags/example_skip_dag.py
[2023-07-01T00:18:19.668+0000] {processor.py:753} INFO - DAG(s) dict_keys(['example_skip_dag']) retrieved from /home/airflow/.local/lib/python3.7/site-packages/airflow/example_dags/example_skip_dag.py
[2023-07-01T00:18:19.685+0000] {logging_mixin.py:137} INFO - [2023-07-01T00:18:19.685+0000] {dag.py:2705} INFO - Sync 1 DAGs
[2023-07-01T00:18:19.699+0000] {logging_mixin.py:137} INFO - [2023-07-01T00:18:19.699+0000] {dag.py:3456} INFO - Setting next_dagrun for example_skip_dag to 2023-06-30T00:18:19.699334+00:00, run_after=2023-07-01T00:18:19.699334+00:00
[2023-07-01T00:18:19.709+0000] {processor.py:175} INFO - Processing /home/airflow/.local/lib/python3.7/site-packages/airflow/example_dags/example_skip_dag.py took 0.055 seconds
[2023-07-01T00:18:50.802+0000] {processor.py:153} INFO - Started process (PID=53493) to work on /home/airflow/.local/lib/python3.7/site-packages/airflow/example_dags/example_skip_dag.py
[2023-07-01T00:18:50.804+0000] {processor.py:743} INFO - Processing file /home/airflow/.local/lib/python3.7/site-packages/airflow/example_dags/example_skip_dag.py for tasks to queue
[2023-07-01T00:18:50.805+0000] {logging_mixin.py:137} INFO - [2023-07-01T00:18:50.805+0000] {dagbag.py:532} INFO - Filling up the DagBag from /home/airflow/.local/lib/python3.7/site-packages/airflow/example_dags/example_skip_dag.py
[2023-07-01T00:18:50.815+0000] {processor.py:753} INFO - DAG(s) dict_keys(['example_skip_dag']) retrieved from /home/airflow/.local/lib/python3.7/site-packages/airflow/example_dags/example_skip_dag.py
[2023-07-01T00:18:50.835+0000] {logging_mixin.py:137} INFO - [2023-07-01T00:18:50.835+0000] {dag.py:2705} INFO - Sync 1 DAGs
[2023-07-01T00:18:50.851+0000] {logging_mixin.py:137} INFO - [2023-07-01T00:18:50.851+0000] {dag.py:3456} INFO - Setting next_dagrun for example_skip_dag to 2023-06-30T00:18:50.850433+00:00, run_after=2023-07-01T00:18:50.850433+00:00
[2023-07-01T00:18:50.861+0000] {processor.py:175} INFO - Processing /home/airflow/.local/lib/python3.7/site-packages/airflow/example_dags/example_skip_dag.py took 0.062 seconds
[2023-07-01T00:19:21.056+0000] {processor.py:153} INFO - Started process (PID=53551) to work on /home/airflow/.local/lib/python3.7/site-packages/airflow/example_dags/example_skip_dag.py
[2023-07-01T00:19:21.057+0000] {processor.py:743} INFO - Processing file /home/airflow/.local/lib/python3.7/site-packages/airflow/example_dags/example_skip_dag.py for tasks to queue
[2023-07-01T00:19:21.057+0000] {logging_mixin.py:137} INFO - [2023-07-01T00:19:21.057+0000] {dagbag.py:532} INFO - Filling up the DagBag from /home/airflow/.local/lib/python3.7/site-packages/airflow/example_dags/example_skip_dag.py
[2023-07-01T00:19:21.067+0000] {processor.py:753} INFO - DAG(s) dict_keys(['example_skip_dag']) retrieved from /home/airflow/.local/lib/python3.7/site-packages/airflow/example_dags/example_skip_dag.py
[2023-07-01T00:19:21.086+0000] {logging_mixin.py:137} INFO - [2023-07-01T00:19:21.086+0000] {dag.py:2705} INFO - Sync 1 DAGs
[2023-07-01T00:19:21.105+0000] {logging_mixin.py:137} INFO - [2023-07-01T00:19:21.105+0000] {dag.py:3456} INFO - Setting next_dagrun for example_skip_dag to 2023-06-30T00:19:21.105332+00:00, run_after=2023-07-01T00:19:21.105332+00:00
[2023-07-01T00:19:21.120+0000] {processor.py:175} INFO - Processing /home/airflow/.local/lib/python3.7/site-packages/airflow/example_dags/example_skip_dag.py took 0.067 seconds
[2023-07-01T00:19:51.540+0000] {processor.py:153} INFO - Started process (PID=53608) to work on /home/airflow/.local/lib/python3.7/site-packages/airflow/example_dags/example_skip_dag.py
[2023-07-01T00:19:51.541+0000] {processor.py:743} INFO - Processing file /home/airflow/.local/lib/python3.7/site-packages/airflow/example_dags/example_skip_dag.py for tasks to queue
[2023-07-01T00:19:51.542+0000] {logging_mixin.py:137} INFO - [2023-07-01T00:19:51.541+0000] {dagbag.py:532} INFO - Filling up the DagBag from /home/airflow/.local/lib/python3.7/site-packages/airflow/example_dags/example_skip_dag.py
[2023-07-01T00:19:51.552+0000] {processor.py:753} INFO - DAG(s) dict_keys(['example_skip_dag']) retrieved from /home/airflow/.local/lib/python3.7/site-packages/airflow/example_dags/example_skip_dag.py
[2023-07-01T00:19:51.572+0000] {logging_mixin.py:137} INFO - [2023-07-01T00:19:51.572+0000] {dag.py:2705} INFO - Sync 1 DAGs
[2023-07-01T00:19:51.587+0000] {logging_mixin.py:137} INFO - [2023-07-01T00:19:51.587+0000] {dag.py:3456} INFO - Setting next_dagrun for example_skip_dag to 2023-06-30T00:19:51.586965+00:00, run_after=2023-07-01T00:19:51.586965+00:00
[2023-07-01T00:19:51.597+0000] {processor.py:175} INFO - Processing /home/airflow/.local/lib/python3.7/site-packages/airflow/example_dags/example_skip_dag.py took 0.060 seconds
[2023-07-01T00:20:21.769+0000] {processor.py:153} INFO - Started process (PID=53665) to work on /home/airflow/.local/lib/python3.7/site-packages/airflow/example_dags/example_skip_dag.py
[2023-07-01T00:20:21.770+0000] {processor.py:743} INFO - Processing file /home/airflow/.local/lib/python3.7/site-packages/airflow/example_dags/example_skip_dag.py for tasks to queue
[2023-07-01T00:20:21.771+0000] {logging_mixin.py:137} INFO - [2023-07-01T00:20:21.771+0000] {dagbag.py:532} INFO - Filling up the DagBag from /home/airflow/.local/lib/python3.7/site-packages/airflow/example_dags/example_skip_dag.py
[2023-07-01T00:20:21.780+0000] {processor.py:753} INFO - DAG(s) dict_keys(['example_skip_dag']) retrieved from /home/airflow/.local/lib/python3.7/site-packages/airflow/example_dags/example_skip_dag.py
[2023-07-01T00:20:21.799+0000] {logging_mixin.py:137} INFO - [2023-07-01T00:20:21.799+0000] {dag.py:2705} INFO - Sync 1 DAGs
[2023-07-01T00:20:21.813+0000] {logging_mixin.py:137} INFO - [2023-07-01T00:20:21.813+0000] {dag.py:3456} INFO - Setting next_dagrun for example_skip_dag to 2023-06-30T00:20:21.813592+00:00, run_after=2023-07-01T00:20:21.813592+00:00
[2023-07-01T00:20:21.824+0000] {processor.py:175} INFO - Processing /home/airflow/.local/lib/python3.7/site-packages/airflow/example_dags/example_skip_dag.py took 0.058 seconds
[2023-07-01T00:20:51.916+0000] {processor.py:153} INFO - Started process (PID=53723) to work on /home/airflow/.local/lib/python3.7/site-packages/airflow/example_dags/example_skip_dag.py
[2023-07-01T00:20:51.917+0000] {processor.py:743} INFO - Processing file /home/airflow/.local/lib/python3.7/site-packages/airflow/example_dags/example_skip_dag.py for tasks to queue
[2023-07-01T00:20:51.917+0000] {logging_mixin.py:137} INFO - [2023-07-01T00:20:51.917+0000] {dagbag.py:532} INFO - Filling up the DagBag from /home/airflow/.local/lib/python3.7/site-packages/airflow/example_dags/example_skip_dag.py
[2023-07-01T00:20:51.928+0000] {processor.py:753} INFO - DAG(s) dict_keys(['example_skip_dag']) retrieved from /home/airflow/.local/lib/python3.7/site-packages/airflow/example_dags/example_skip_dag.py
[2023-07-01T00:20:51.948+0000] {logging_mixin.py:137} INFO - [2023-07-01T00:20:51.948+0000] {dag.py:2705} INFO - Sync 1 DAGs
[2023-07-01T00:20:51.963+0000] {logging_mixin.py:137} INFO - [2023-07-01T00:20:51.963+0000] {dag.py:3456} INFO - Setting next_dagrun for example_skip_dag to 2023-06-30T00:20:51.963708+00:00, run_after=2023-07-01T00:20:51.963708+00:00
[2023-07-01T00:20:51.975+0000] {processor.py:175} INFO - Processing /home/airflow/.local/lib/python3.7/site-packages/airflow/example_dags/example_skip_dag.py took 0.062 seconds
[2023-07-01T00:21:22.094+0000] {processor.py:153} INFO - Started process (PID=53780) to work on /home/airflow/.local/lib/python3.7/site-packages/airflow/example_dags/example_skip_dag.py
[2023-07-01T00:21:22.095+0000] {processor.py:743} INFO - Processing file /home/airflow/.local/lib/python3.7/site-packages/airflow/example_dags/example_skip_dag.py for tasks to queue
[2023-07-01T00:21:22.096+0000] {logging_mixin.py:137} INFO - [2023-07-01T00:21:22.095+0000] {dagbag.py:532} INFO - Filling up the DagBag from /home/airflow/.local/lib/python3.7/site-packages/airflow/example_dags/example_skip_dag.py
[2023-07-01T00:21:22.105+0000] {processor.py:753} INFO - DAG(s) dict_keys(['example_skip_dag']) retrieved from /home/airflow/.local/lib/python3.7/site-packages/airflow/example_dags/example_skip_dag.py
[2023-07-01T00:21:22.124+0000] {logging_mixin.py:137} INFO - [2023-07-01T00:21:22.124+0000] {dag.py:2705} INFO - Sync 1 DAGs
[2023-07-01T00:21:22.138+0000] {logging_mixin.py:137} INFO - [2023-07-01T00:21:22.138+0000] {dag.py:3456} INFO - Setting next_dagrun for example_skip_dag to 2023-06-30T00:21:22.138527+00:00, run_after=2023-07-01T00:21:22.138527+00:00
[2023-07-01T00:21:22.148+0000] {processor.py:175} INFO - Processing /home/airflow/.local/lib/python3.7/site-packages/airflow/example_dags/example_skip_dag.py took 0.057 seconds
[2023-07-01T00:21:52.972+0000] {processor.py:153} INFO - Started process (PID=53838) to work on /home/airflow/.local/lib/python3.7/site-packages/airflow/example_dags/example_skip_dag.py
[2023-07-01T00:21:52.973+0000] {processor.py:743} INFO - Processing file /home/airflow/.local/lib/python3.7/site-packages/airflow/example_dags/example_skip_dag.py for tasks to queue
[2023-07-01T00:21:52.973+0000] {logging_mixin.py:137} INFO - [2023-07-01T00:21:52.973+0000] {dagbag.py:532} INFO - Filling up the DagBag from /home/airflow/.local/lib/python3.7/site-packages/airflow/example_dags/example_skip_dag.py
[2023-07-01T00:21:52.984+0000] {processor.py:753} INFO - DAG(s) dict_keys(['example_skip_dag']) retrieved from /home/airflow/.local/lib/python3.7/site-packages/airflow/example_dags/example_skip_dag.py
[2023-07-01T00:21:53.003+0000] {logging_mixin.py:137} INFO - [2023-07-01T00:21:53.003+0000] {dag.py:2705} INFO - Sync 1 DAGs
[2023-07-01T00:21:53.017+0000] {logging_mixin.py:137} INFO - [2023-07-01T00:21:53.017+0000] {dag.py:3456} INFO - Setting next_dagrun for example_skip_dag to 2023-06-30T00:21:53.017345+00:00, run_after=2023-07-01T00:21:53.017345+00:00
[2023-07-01T00:21:53.026+0000] {processor.py:175} INFO - Processing /home/airflow/.local/lib/python3.7/site-packages/airflow/example_dags/example_skip_dag.py took 0.058 seconds
[2023-07-01T00:22:23.784+0000] {processor.py:153} INFO - Started process (PID=53895) to work on /home/airflow/.local/lib/python3.7/site-packages/airflow/example_dags/example_skip_dag.py
[2023-07-01T00:22:23.784+0000] {processor.py:743} INFO - Processing file /home/airflow/.local/lib/python3.7/site-packages/airflow/example_dags/example_skip_dag.py for tasks to queue
[2023-07-01T00:22:23.785+0000] {logging_mixin.py:137} INFO - [2023-07-01T00:22:23.785+0000] {dagbag.py:532} INFO - Filling up the DagBag from /home/airflow/.local/lib/python3.7/site-packages/airflow/example_dags/example_skip_dag.py
[2023-07-01T00:22:23.794+0000] {processor.py:753} INFO - DAG(s) dict_keys(['example_skip_dag']) retrieved from /home/airflow/.local/lib/python3.7/site-packages/airflow/example_dags/example_skip_dag.py
[2023-07-01T00:22:23.813+0000] {logging_mixin.py:137} INFO - [2023-07-01T00:22:23.813+0000] {dag.py:2705} INFO - Sync 1 DAGs
[2023-07-01T00:22:23.830+0000] {logging_mixin.py:137} INFO - [2023-07-01T00:22:23.830+0000] {dag.py:3456} INFO - Setting next_dagrun for example_skip_dag to 2023-06-30T00:22:23.829944+00:00, run_after=2023-07-01T00:22:23.829944+00:00
[2023-07-01T00:22:23.841+0000] {processor.py:175} INFO - Processing /home/airflow/.local/lib/python3.7/site-packages/airflow/example_dags/example_skip_dag.py took 0.060 seconds
[2023-07-01T00:22:54.334+0000] {processor.py:153} INFO - Started process (PID=53952) to work on /home/airflow/.local/lib/python3.7/site-packages/airflow/example_dags/example_skip_dag.py
[2023-07-01T00:22:54.335+0000] {processor.py:743} INFO - Processing file /home/airflow/.local/lib/python3.7/site-packages/airflow/example_dags/example_skip_dag.py for tasks to queue
[2023-07-01T00:22:54.336+0000] {logging_mixin.py:137} INFO - [2023-07-01T00:22:54.336+0000] {dagbag.py:532} INFO - Filling up the DagBag from /home/airflow/.local/lib/python3.7/site-packages/airflow/example_dags/example_skip_dag.py
[2023-07-01T00:22:54.346+0000] {processor.py:753} INFO - DAG(s) dict_keys(['example_skip_dag']) retrieved from /home/airflow/.local/lib/python3.7/site-packages/airflow/example_dags/example_skip_dag.py
[2023-07-01T00:22:54.365+0000] {logging_mixin.py:137} INFO - [2023-07-01T00:22:54.365+0000] {dag.py:2705} INFO - Sync 1 DAGs
[2023-07-01T00:22:54.381+0000] {logging_mixin.py:137} INFO - [2023-07-01T00:22:54.381+0000] {dag.py:3456} INFO - Setting next_dagrun for example_skip_dag to 2023-06-30T00:22:54.381097+00:00, run_after=2023-07-01T00:22:54.381097+00:00
[2023-07-01T00:22:54.394+0000] {processor.py:175} INFO - Processing /home/airflow/.local/lib/python3.7/site-packages/airflow/example_dags/example_skip_dag.py took 0.062 seconds
[2023-07-01T00:23:25.109+0000] {processor.py:153} INFO - Started process (PID=54009) to work on /home/airflow/.local/lib/python3.7/site-packages/airflow/example_dags/example_skip_dag.py
[2023-07-01T00:23:25.109+0000] {processor.py:743} INFO - Processing file /home/airflow/.local/lib/python3.7/site-packages/airflow/example_dags/example_skip_dag.py for tasks to queue
[2023-07-01T00:23:25.110+0000] {logging_mixin.py:137} INFO - [2023-07-01T00:23:25.110+0000] {dagbag.py:532} INFO - Filling up the DagBag from /home/airflow/.local/lib/python3.7/site-packages/airflow/example_dags/example_skip_dag.py
[2023-07-01T00:23:25.120+0000] {processor.py:753} INFO - DAG(s) dict_keys(['example_skip_dag']) retrieved from /home/airflow/.local/lib/python3.7/site-packages/airflow/example_dags/example_skip_dag.py
[2023-07-01T00:23:25.139+0000] {logging_mixin.py:137} INFO - [2023-07-01T00:23:25.139+0000] {dag.py:2705} INFO - Sync 1 DAGs
[2023-07-01T00:23:25.153+0000] {logging_mixin.py:137} INFO - [2023-07-01T00:23:25.153+0000] {dag.py:3456} INFO - Setting next_dagrun for example_skip_dag to 2023-06-30T00:23:25.153346+00:00, run_after=2023-07-01T00:23:25.153346+00:00
[2023-07-01T00:23:25.163+0000] {processor.py:175} INFO - Processing /home/airflow/.local/lib/python3.7/site-packages/airflow/example_dags/example_skip_dag.py took 0.057 seconds
[2023-07-01T00:23:55.989+0000] {processor.py:153} INFO - Started process (PID=54066) to work on /home/airflow/.local/lib/python3.7/site-packages/airflow/example_dags/example_skip_dag.py
[2023-07-01T00:23:55.990+0000] {processor.py:743} INFO - Processing file /home/airflow/.local/lib/python3.7/site-packages/airflow/example_dags/example_skip_dag.py for tasks to queue
[2023-07-01T00:23:55.990+0000] {logging_mixin.py:137} INFO - [2023-07-01T00:23:55.990+0000] {dagbag.py:532} INFO - Filling up the DagBag from /home/airflow/.local/lib/python3.7/site-packages/airflow/example_dags/example_skip_dag.py
[2023-07-01T00:23:56.001+0000] {processor.py:753} INFO - DAG(s) dict_keys(['example_skip_dag']) retrieved from /home/airflow/.local/lib/python3.7/site-packages/airflow/example_dags/example_skip_dag.py
[2023-07-01T00:23:56.019+0000] {logging_mixin.py:137} INFO - [2023-07-01T00:23:56.019+0000] {dag.py:2705} INFO - Sync 1 DAGs
[2023-07-01T00:23:56.034+0000] {logging_mixin.py:137} INFO - [2023-07-01T00:23:56.034+0000] {dag.py:3456} INFO - Setting next_dagrun for example_skip_dag to 2023-06-30T00:23:56.033858+00:00, run_after=2023-07-01T00:23:56.033858+00:00
[2023-07-01T00:23:56.044+0000] {processor.py:175} INFO - Processing /home/airflow/.local/lib/python3.7/site-packages/airflow/example_dags/example_skip_dag.py took 0.058 seconds
[2023-07-01T00:24:26.550+0000] {processor.py:153} INFO - Started process (PID=54123) to work on /home/airflow/.local/lib/python3.7/site-packages/airflow/example_dags/example_skip_dag.py
[2023-07-01T00:24:26.551+0000] {processor.py:743} INFO - Processing file /home/airflow/.local/lib/python3.7/site-packages/airflow/example_dags/example_skip_dag.py for tasks to queue
[2023-07-01T00:24:26.552+0000] {logging_mixin.py:137} INFO - [2023-07-01T00:24:26.552+0000] {dagbag.py:532} INFO - Filling up the DagBag from /home/airflow/.local/lib/python3.7/site-packages/airflow/example_dags/example_skip_dag.py
[2023-07-01T00:24:26.562+0000] {processor.py:753} INFO - DAG(s) dict_keys(['example_skip_dag']) retrieved from /home/airflow/.local/lib/python3.7/site-packages/airflow/example_dags/example_skip_dag.py
[2023-07-01T00:24:26.580+0000] {logging_mixin.py:137} INFO - [2023-07-01T00:24:26.580+0000] {dag.py:2705} INFO - Sync 1 DAGs
[2023-07-01T00:24:26.595+0000] {logging_mixin.py:137} INFO - [2023-07-01T00:24:26.595+0000] {dag.py:3456} INFO - Setting next_dagrun for example_skip_dag to 2023-06-30T00:24:26.595273+00:00, run_after=2023-07-01T00:24:26.595273+00:00
[2023-07-01T00:24:26.606+0000] {processor.py:175} INFO - Processing /home/airflow/.local/lib/python3.7/site-packages/airflow/example_dags/example_skip_dag.py took 0.058 seconds
[2023-07-01T00:24:57.427+0000] {processor.py:153} INFO - Started process (PID=54179) to work on /home/airflow/.local/lib/python3.7/site-packages/airflow/example_dags/example_skip_dag.py
[2023-07-01T00:24:57.428+0000] {processor.py:743} INFO - Processing file /home/airflow/.local/lib/python3.7/site-packages/airflow/example_dags/example_skip_dag.py for tasks to queue
[2023-07-01T00:24:57.429+0000] {logging_mixin.py:137} INFO - [2023-07-01T00:24:57.429+0000] {dagbag.py:532} INFO - Filling up the DagBag from /home/airflow/.local/lib/python3.7/site-packages/airflow/example_dags/example_skip_dag.py
[2023-07-01T00:24:57.439+0000] {processor.py:753} INFO - DAG(s) dict_keys(['example_skip_dag']) retrieved from /home/airflow/.local/lib/python3.7/site-packages/airflow/example_dags/example_skip_dag.py
[2023-07-01T00:24:57.458+0000] {logging_mixin.py:137} INFO - [2023-07-01T00:24:57.458+0000] {dag.py:2705} INFO - Sync 1 DAGs
[2023-07-01T00:24:57.473+0000] {logging_mixin.py:137} INFO - [2023-07-01T00:24:57.473+0000] {dag.py:3456} INFO - Setting next_dagrun for example_skip_dag to 2023-06-30T00:24:57.472999+00:00, run_after=2023-07-01T00:24:57.472999+00:00
[2023-07-01T00:24:57.482+0000] {processor.py:175} INFO - Processing /home/airflow/.local/lib/python3.7/site-packages/airflow/example_dags/example_skip_dag.py took 0.058 seconds
[2023-07-01T00:25:27.714+0000] {processor.py:153} INFO - Started process (PID=54236) to work on /home/airflow/.local/lib/python3.7/site-packages/airflow/example_dags/example_skip_dag.py
[2023-07-01T00:25:27.715+0000] {processor.py:743} INFO - Processing file /home/airflow/.local/lib/python3.7/site-packages/airflow/example_dags/example_skip_dag.py for tasks to queue
[2023-07-01T00:25:27.716+0000] {logging_mixin.py:137} INFO - [2023-07-01T00:25:27.715+0000] {dagbag.py:532} INFO - Filling up the DagBag from /home/airflow/.local/lib/python3.7/site-packages/airflow/example_dags/example_skip_dag.py
[2023-07-01T00:25:27.726+0000] {processor.py:753} INFO - DAG(s) dict_keys(['example_skip_dag']) retrieved from /home/airflow/.local/lib/python3.7/site-packages/airflow/example_dags/example_skip_dag.py
[2023-07-01T00:25:27.744+0000] {logging_mixin.py:137} INFO - [2023-07-01T00:25:27.744+0000] {dag.py:2705} INFO - Sync 1 DAGs
[2023-07-01T00:25:27.759+0000] {logging_mixin.py:137} INFO - [2023-07-01T00:25:27.758+0000] {dag.py:3456} INFO - Setting next_dagrun for example_skip_dag to 2023-06-30T00:25:27.758728+00:00, run_after=2023-07-01T00:25:27.758728+00:00
[2023-07-01T00:25:27.768+0000] {processor.py:175} INFO - Processing /home/airflow/.local/lib/python3.7/site-packages/airflow/example_dags/example_skip_dag.py took 0.058 seconds
[2023-07-01T00:25:57.866+0000] {processor.py:153} INFO - Started process (PID=54294) to work on /home/airflow/.local/lib/python3.7/site-packages/airflow/example_dags/example_skip_dag.py
[2023-07-01T00:25:57.867+0000] {processor.py:743} INFO - Processing file /home/airflow/.local/lib/python3.7/site-packages/airflow/example_dags/example_skip_dag.py for tasks to queue
[2023-07-01T00:25:57.868+0000] {logging_mixin.py:137} INFO - [2023-07-01T00:25:57.868+0000] {dagbag.py:532} INFO - Filling up the DagBag from /home/airflow/.local/lib/python3.7/site-packages/airflow/example_dags/example_skip_dag.py
[2023-07-01T00:25:57.882+0000] {processor.py:753} INFO - DAG(s) dict_keys(['example_skip_dag']) retrieved from /home/airflow/.local/lib/python3.7/site-packages/airflow/example_dags/example_skip_dag.py
[2023-07-01T00:25:57.909+0000] {logging_mixin.py:137} INFO - [2023-07-01T00:25:57.909+0000] {dag.py:2705} INFO - Sync 1 DAGs
[2023-07-01T00:25:57.926+0000] {logging_mixin.py:137} INFO - [2023-07-01T00:25:57.926+0000] {dag.py:3456} INFO - Setting next_dagrun for example_skip_dag to 2023-06-30T00:25:57.925849+00:00, run_after=2023-07-01T00:25:57.925849+00:00
[2023-07-01T00:25:57.935+0000] {processor.py:175} INFO - Processing /home/airflow/.local/lib/python3.7/site-packages/airflow/example_dags/example_skip_dag.py took 0.072 seconds
[2023-07-01T00:26:28.813+0000] {processor.py:153} INFO - Started process (PID=54351) to work on /home/airflow/.local/lib/python3.7/site-packages/airflow/example_dags/example_skip_dag.py
[2023-07-01T00:26:28.814+0000] {processor.py:743} INFO - Processing file /home/airflow/.local/lib/python3.7/site-packages/airflow/example_dags/example_skip_dag.py for tasks to queue
[2023-07-01T00:26:28.815+0000] {logging_mixin.py:137} INFO - [2023-07-01T00:26:28.815+0000] {dagbag.py:532} INFO - Filling up the DagBag from /home/airflow/.local/lib/python3.7/site-packages/airflow/example_dags/example_skip_dag.py
[2023-07-01T00:26:28.826+0000] {processor.py:753} INFO - DAG(s) dict_keys(['example_skip_dag']) retrieved from /home/airflow/.local/lib/python3.7/site-packages/airflow/example_dags/example_skip_dag.py
[2023-07-01T00:26:28.851+0000] {logging_mixin.py:137} INFO - [2023-07-01T00:26:28.851+0000] {dag.py:2705} INFO - Sync 1 DAGs
[2023-07-01T00:26:28.868+0000] {logging_mixin.py:137} INFO - [2023-07-01T00:26:28.867+0000] {dag.py:3456} INFO - Setting next_dagrun for example_skip_dag to 2023-06-30T00:26:28.867796+00:00, run_after=2023-07-01T00:26:28.867796+00:00
[2023-07-01T00:26:28.880+0000] {processor.py:175} INFO - Processing /home/airflow/.local/lib/python3.7/site-packages/airflow/example_dags/example_skip_dag.py took 0.070 seconds
[2023-07-01T00:26:59.640+0000] {processor.py:153} INFO - Started process (PID=54408) to work on /home/airflow/.local/lib/python3.7/site-packages/airflow/example_dags/example_skip_dag.py
[2023-07-01T00:26:59.641+0000] {processor.py:743} INFO - Processing file /home/airflow/.local/lib/python3.7/site-packages/airflow/example_dags/example_skip_dag.py for tasks to queue
[2023-07-01T00:26:59.642+0000] {logging_mixin.py:137} INFO - [2023-07-01T00:26:59.641+0000] {dagbag.py:532} INFO - Filling up the DagBag from /home/airflow/.local/lib/python3.7/site-packages/airflow/example_dags/example_skip_dag.py
[2023-07-01T00:26:59.652+0000] {processor.py:753} INFO - DAG(s) dict_keys(['example_skip_dag']) retrieved from /home/airflow/.local/lib/python3.7/site-packages/airflow/example_dags/example_skip_dag.py
[2023-07-01T00:26:59.673+0000] {logging_mixin.py:137} INFO - [2023-07-01T00:26:59.673+0000] {dag.py:2705} INFO - Sync 1 DAGs
[2023-07-01T00:26:59.688+0000] {logging_mixin.py:137} INFO - [2023-07-01T00:26:59.687+0000] {dag.py:3456} INFO - Setting next_dagrun for example_skip_dag to 2023-06-30T00:26:59.687468+00:00, run_after=2023-07-01T00:26:59.687468+00:00
[2023-07-01T00:26:59.702+0000] {processor.py:175} INFO - Processing /home/airflow/.local/lib/python3.7/site-packages/airflow/example_dags/example_skip_dag.py took 0.065 seconds
[2023-07-01T00:27:30.516+0000] {processor.py:153} INFO - Started process (PID=54465) to work on /home/airflow/.local/lib/python3.7/site-packages/airflow/example_dags/example_skip_dag.py
[2023-07-01T00:27:30.516+0000] {processor.py:743} INFO - Processing file /home/airflow/.local/lib/python3.7/site-packages/airflow/example_dags/example_skip_dag.py for tasks to queue
[2023-07-01T00:27:30.517+0000] {logging_mixin.py:137} INFO - [2023-07-01T00:27:30.517+0000] {dagbag.py:532} INFO - Filling up the DagBag from /home/airflow/.local/lib/python3.7/site-packages/airflow/example_dags/example_skip_dag.py
[2023-07-01T00:27:30.526+0000] {processor.py:753} INFO - DAG(s) dict_keys(['example_skip_dag']) retrieved from /home/airflow/.local/lib/python3.7/site-packages/airflow/example_dags/example_skip_dag.py
[2023-07-01T00:27:30.544+0000] {logging_mixin.py:137} INFO - [2023-07-01T00:27:30.544+0000] {dag.py:2705} INFO - Sync 1 DAGs
[2023-07-01T00:27:30.559+0000] {logging_mixin.py:137} INFO - [2023-07-01T00:27:30.559+0000] {dag.py:3456} INFO - Setting next_dagrun for example_skip_dag to 2023-06-30T00:27:30.559548+00:00, run_after=2023-07-01T00:27:30.559548+00:00
[2023-07-01T00:27:30.569+0000] {processor.py:175} INFO - Processing /home/airflow/.local/lib/python3.7/site-packages/airflow/example_dags/example_skip_dag.py took 0.056 seconds
[2023-07-01T00:28:01.311+0000] {processor.py:153} INFO - Started process (PID=54521) to work on /home/airflow/.local/lib/python3.7/site-packages/airflow/example_dags/example_skip_dag.py
[2023-07-01T00:28:01.312+0000] {processor.py:743} INFO - Processing file /home/airflow/.local/lib/python3.7/site-packages/airflow/example_dags/example_skip_dag.py for tasks to queue
[2023-07-01T00:28:01.313+0000] {logging_mixin.py:137} INFO - [2023-07-01T00:28:01.313+0000] {dagbag.py:532} INFO - Filling up the DagBag from /home/airflow/.local/lib/python3.7/site-packages/airflow/example_dags/example_skip_dag.py
[2023-07-01T00:28:01.322+0000] {processor.py:753} INFO - DAG(s) dict_keys(['example_skip_dag']) retrieved from /home/airflow/.local/lib/python3.7/site-packages/airflow/example_dags/example_skip_dag.py
[2023-07-01T00:28:01.340+0000] {logging_mixin.py:137} INFO - [2023-07-01T00:28:01.340+0000] {dag.py:2705} INFO - Sync 1 DAGs
[2023-07-01T00:28:01.354+0000] {logging_mixin.py:137} INFO - [2023-07-01T00:28:01.354+0000] {dag.py:3456} INFO - Setting next_dagrun for example_skip_dag to 2023-06-30T00:28:01.354743+00:00, run_after=2023-07-01T00:28:01.354743+00:00
[2023-07-01T00:28:01.364+0000] {processor.py:175} INFO - Processing /home/airflow/.local/lib/python3.7/site-packages/airflow/example_dags/example_skip_dag.py took 0.056 seconds
[2023-07-01T00:28:32.118+0000] {processor.py:153} INFO - Started process (PID=54578) to work on /home/airflow/.local/lib/python3.7/site-packages/airflow/example_dags/example_skip_dag.py
[2023-07-01T00:28:32.118+0000] {processor.py:743} INFO - Processing file /home/airflow/.local/lib/python3.7/site-packages/airflow/example_dags/example_skip_dag.py for tasks to queue
[2023-07-01T00:28:32.119+0000] {logging_mixin.py:137} INFO - [2023-07-01T00:28:32.119+0000] {dagbag.py:532} INFO - Filling up the DagBag from /home/airflow/.local/lib/python3.7/site-packages/airflow/example_dags/example_skip_dag.py
[2023-07-01T00:28:32.129+0000] {processor.py:753} INFO - DAG(s) dict_keys(['example_skip_dag']) retrieved from /home/airflow/.local/lib/python3.7/site-packages/airflow/example_dags/example_skip_dag.py
[2023-07-01T00:28:32.147+0000] {logging_mixin.py:137} INFO - [2023-07-01T00:28:32.147+0000] {dag.py:2705} INFO - Sync 1 DAGs
[2023-07-01T00:28:32.161+0000] {logging_mixin.py:137} INFO - [2023-07-01T00:28:32.161+0000] {dag.py:3456} INFO - Setting next_dagrun for example_skip_dag to 2023-06-30T00:28:32.161462+00:00, run_after=2023-07-01T00:28:32.161462+00:00
[2023-07-01T00:28:32.171+0000] {processor.py:175} INFO - Processing /home/airflow/.local/lib/python3.7/site-packages/airflow/example_dags/example_skip_dag.py took 0.056 seconds
[2023-07-01T00:29:02.858+0000] {processor.py:153} INFO - Started process (PID=54636) to work on /home/airflow/.local/lib/python3.7/site-packages/airflow/example_dags/example_skip_dag.py
[2023-07-01T00:29:02.859+0000] {processor.py:743} INFO - Processing file /home/airflow/.local/lib/python3.7/site-packages/airflow/example_dags/example_skip_dag.py for tasks to queue
[2023-07-01T00:29:02.860+0000] {logging_mixin.py:137} INFO - [2023-07-01T00:29:02.860+0000] {dagbag.py:532} INFO - Filling up the DagBag from /home/airflow/.local/lib/python3.7/site-packages/airflow/example_dags/example_skip_dag.py
[2023-07-01T00:29:02.869+0000] {processor.py:753} INFO - DAG(s) dict_keys(['example_skip_dag']) retrieved from /home/airflow/.local/lib/python3.7/site-packages/airflow/example_dags/example_skip_dag.py
[2023-07-01T00:29:02.888+0000] {logging_mixin.py:137} INFO - [2023-07-01T00:29:02.888+0000] {dag.py:2705} INFO - Sync 1 DAGs
[2023-07-01T00:29:02.906+0000] {logging_mixin.py:137} INFO - [2023-07-01T00:29:02.906+0000] {dag.py:3456} INFO - Setting next_dagrun for example_skip_dag to 2023-06-30T00:29:02.906686+00:00, run_after=2023-07-01T00:29:02.906686+00:00
[2023-07-01T00:29:02.917+0000] {processor.py:175} INFO - Processing /home/airflow/.local/lib/python3.7/site-packages/airflow/example_dags/example_skip_dag.py took 0.061 seconds
[2023-07-01T00:29:33.894+0000] {processor.py:153} INFO - Started process (PID=54693) to work on /home/airflow/.local/lib/python3.7/site-packages/airflow/example_dags/example_skip_dag.py
[2023-07-01T00:29:33.895+0000] {processor.py:743} INFO - Processing file /home/airflow/.local/lib/python3.7/site-packages/airflow/example_dags/example_skip_dag.py for tasks to queue
[2023-07-01T00:29:33.895+0000] {logging_mixin.py:137} INFO - [2023-07-01T00:29:33.895+0000] {dagbag.py:532} INFO - Filling up the DagBag from /home/airflow/.local/lib/python3.7/site-packages/airflow/example_dags/example_skip_dag.py
[2023-07-01T00:29:33.906+0000] {processor.py:753} INFO - DAG(s) dict_keys(['example_skip_dag']) retrieved from /home/airflow/.local/lib/python3.7/site-packages/airflow/example_dags/example_skip_dag.py
[2023-07-01T00:29:33.925+0000] {logging_mixin.py:137} INFO - [2023-07-01T00:29:33.925+0000] {dag.py:2705} INFO - Sync 1 DAGs
[2023-07-01T00:29:33.940+0000] {logging_mixin.py:137} INFO - [2023-07-01T00:29:33.940+0000] {dag.py:3456} INFO - Setting next_dagrun for example_skip_dag to 2023-06-30T00:29:33.940038+00:00, run_after=2023-07-01T00:29:33.940038+00:00
[2023-07-01T00:29:33.952+0000] {processor.py:175} INFO - Processing /home/airflow/.local/lib/python3.7/site-packages/airflow/example_dags/example_skip_dag.py took 0.061 seconds
[2023-07-01T00:30:04.130+0000] {processor.py:153} INFO - Started process (PID=54751) to work on /home/airflow/.local/lib/python3.7/site-packages/airflow/example_dags/example_skip_dag.py
[2023-07-01T00:30:04.131+0000] {processor.py:743} INFO - Processing file /home/airflow/.local/lib/python3.7/site-packages/airflow/example_dags/example_skip_dag.py for tasks to queue
[2023-07-01T00:30:04.132+0000] {logging_mixin.py:137} INFO - [2023-07-01T00:30:04.132+0000] {dagbag.py:532} INFO - Filling up the DagBag from /home/airflow/.local/lib/python3.7/site-packages/airflow/example_dags/example_skip_dag.py
[2023-07-01T00:30:04.141+0000] {processor.py:753} INFO - DAG(s) dict_keys(['example_skip_dag']) retrieved from /home/airflow/.local/lib/python3.7/site-packages/airflow/example_dags/example_skip_dag.py
[2023-07-01T00:30:04.158+0000] {logging_mixin.py:137} INFO - [2023-07-01T00:30:04.158+0000] {dag.py:2705} INFO - Sync 1 DAGs
[2023-07-01T00:30:04.173+0000] {logging_mixin.py:137} INFO - [2023-07-01T00:30:04.172+0000] {dag.py:3456} INFO - Setting next_dagrun for example_skip_dag to 2023-06-30T00:30:04.172742+00:00, run_after=2023-07-01T00:30:04.172742+00:00
[2023-07-01T00:30:04.182+0000] {processor.py:175} INFO - Processing /home/airflow/.local/lib/python3.7/site-packages/airflow/example_dags/example_skip_dag.py took 0.055 seconds
[2023-07-01T00:30:34.907+0000] {processor.py:153} INFO - Started process (PID=54808) to work on /home/airflow/.local/lib/python3.7/site-packages/airflow/example_dags/example_skip_dag.py
[2023-07-01T00:30:34.908+0000] {processor.py:743} INFO - Processing file /home/airflow/.local/lib/python3.7/site-packages/airflow/example_dags/example_skip_dag.py for tasks to queue
[2023-07-01T00:30:34.909+0000] {logging_mixin.py:137} INFO - [2023-07-01T00:30:34.909+0000] {dagbag.py:532} INFO - Filling up the DagBag from /home/airflow/.local/lib/python3.7/site-packages/airflow/example_dags/example_skip_dag.py
[2023-07-01T00:30:34.918+0000] {processor.py:753} INFO - DAG(s) dict_keys(['example_skip_dag']) retrieved from /home/airflow/.local/lib/python3.7/site-packages/airflow/example_dags/example_skip_dag.py
[2023-07-01T00:30:34.937+0000] {logging_mixin.py:137} INFO - [2023-07-01T00:30:34.937+0000] {dag.py:2705} INFO - Sync 1 DAGs
[2023-07-01T00:30:34.952+0000] {logging_mixin.py:137} INFO - [2023-07-01T00:30:34.952+0000] {dag.py:3456} INFO - Setting next_dagrun for example_skip_dag to 2023-06-30T00:30:34.952338+00:00, run_after=2023-07-01T00:30:34.952338+00:00
[2023-07-01T00:30:34.962+0000] {processor.py:175} INFO - Processing /home/airflow/.local/lib/python3.7/site-packages/airflow/example_dags/example_skip_dag.py took 0.057 seconds
[2023-07-01T00:31:05.618+0000] {processor.py:153} INFO - Started process (PID=54866) to work on /home/airflow/.local/lib/python3.7/site-packages/airflow/example_dags/example_skip_dag.py
[2023-07-01T00:31:05.620+0000] {processor.py:743} INFO - Processing file /home/airflow/.local/lib/python3.7/site-packages/airflow/example_dags/example_skip_dag.py for tasks to queue
[2023-07-01T00:31:05.621+0000] {logging_mixin.py:137} INFO - [2023-07-01T00:31:05.621+0000] {dagbag.py:532} INFO - Filling up the DagBag from /home/airflow/.local/lib/python3.7/site-packages/airflow/example_dags/example_skip_dag.py
[2023-07-01T00:31:05.631+0000] {processor.py:753} INFO - DAG(s) dict_keys(['example_skip_dag']) retrieved from /home/airflow/.local/lib/python3.7/site-packages/airflow/example_dags/example_skip_dag.py
[2023-07-01T00:31:05.650+0000] {logging_mixin.py:137} INFO - [2023-07-01T00:31:05.650+0000] {dag.py:2705} INFO - Sync 1 DAGs
[2023-07-01T00:31:05.664+0000] {logging_mixin.py:137} INFO - [2023-07-01T00:31:05.664+0000] {dag.py:3456} INFO - Setting next_dagrun for example_skip_dag to 2023-06-30T00:31:05.664534+00:00, run_after=2023-07-01T00:31:05.664534+00:00
[2023-07-01T00:31:05.674+0000] {processor.py:175} INFO - Processing /home/airflow/.local/lib/python3.7/site-packages/airflow/example_dags/example_skip_dag.py took 0.058 seconds
[2023-07-01T00:31:36.625+0000] {processor.py:153} INFO - Started process (PID=54923) to work on /home/airflow/.local/lib/python3.7/site-packages/airflow/example_dags/example_skip_dag.py
[2023-07-01T00:31:36.626+0000] {processor.py:743} INFO - Processing file /home/airflow/.local/lib/python3.7/site-packages/airflow/example_dags/example_skip_dag.py for tasks to queue
[2023-07-01T00:31:36.627+0000] {logging_mixin.py:137} INFO - [2023-07-01T00:31:36.626+0000] {dagbag.py:532} INFO - Filling up the DagBag from /home/airflow/.local/lib/python3.7/site-packages/airflow/example_dags/example_skip_dag.py
[2023-07-01T00:31:36.637+0000] {processor.py:753} INFO - DAG(s) dict_keys(['example_skip_dag']) retrieved from /home/airflow/.local/lib/python3.7/site-packages/airflow/example_dags/example_skip_dag.py
[2023-07-01T00:31:36.656+0000] {logging_mixin.py:137} INFO - [2023-07-01T00:31:36.656+0000] {dag.py:2705} INFO - Sync 1 DAGs
[2023-07-01T00:31:36.670+0000] {logging_mixin.py:137} INFO - [2023-07-01T00:31:36.670+0000] {dag.py:3456} INFO - Setting next_dagrun for example_skip_dag to 2023-06-30T00:31:36.670355+00:00, run_after=2023-07-01T00:31:36.670355+00:00
[2023-07-01T00:31:36.679+0000] {processor.py:175} INFO - Processing /home/airflow/.local/lib/python3.7/site-packages/airflow/example_dags/example_skip_dag.py took 0.057 seconds
[2023-07-01T00:32:07.615+0000] {processor.py:153} INFO - Started process (PID=54980) to work on /home/airflow/.local/lib/python3.7/site-packages/airflow/example_dags/example_skip_dag.py
[2023-07-01T00:32:07.616+0000] {processor.py:743} INFO - Processing file /home/airflow/.local/lib/python3.7/site-packages/airflow/example_dags/example_skip_dag.py for tasks to queue
[2023-07-01T00:32:07.617+0000] {logging_mixin.py:137} INFO - [2023-07-01T00:32:07.616+0000] {dagbag.py:532} INFO - Filling up the DagBag from /home/airflow/.local/lib/python3.7/site-packages/airflow/example_dags/example_skip_dag.py
[2023-07-01T00:32:07.627+0000] {processor.py:753} INFO - DAG(s) dict_keys(['example_skip_dag']) retrieved from /home/airflow/.local/lib/python3.7/site-packages/airflow/example_dags/example_skip_dag.py
[2023-07-01T00:32:07.645+0000] {logging_mixin.py:137} INFO - [2023-07-01T00:32:07.645+0000] {dag.py:2705} INFO - Sync 1 DAGs
[2023-07-01T00:32:07.659+0000] {logging_mixin.py:137} INFO - [2023-07-01T00:32:07.659+0000] {dag.py:3456} INFO - Setting next_dagrun for example_skip_dag to 2023-06-30T00:32:07.659154+00:00, run_after=2023-07-01T00:32:07.659154+00:00
[2023-07-01T00:32:07.669+0000] {processor.py:175} INFO - Processing /home/airflow/.local/lib/python3.7/site-packages/airflow/example_dags/example_skip_dag.py took 0.056 seconds
[2023-07-01T00:32:38.544+0000] {processor.py:153} INFO - Started process (PID=55038) to work on /home/airflow/.local/lib/python3.7/site-packages/airflow/example_dags/example_skip_dag.py
[2023-07-01T00:32:38.545+0000] {processor.py:743} INFO - Processing file /home/airflow/.local/lib/python3.7/site-packages/airflow/example_dags/example_skip_dag.py for tasks to queue
[2023-07-01T00:32:38.545+0000] {logging_mixin.py:137} INFO - [2023-07-01T00:32:38.545+0000] {dagbag.py:532} INFO - Filling up the DagBag from /home/airflow/.local/lib/python3.7/site-packages/airflow/example_dags/example_skip_dag.py
[2023-07-01T00:32:38.556+0000] {processor.py:753} INFO - DAG(s) dict_keys(['example_skip_dag']) retrieved from /home/airflow/.local/lib/python3.7/site-packages/airflow/example_dags/example_skip_dag.py
[2023-07-01T00:32:38.575+0000] {logging_mixin.py:137} INFO - [2023-07-01T00:32:38.575+0000] {dag.py:2705} INFO - Sync 1 DAGs
[2023-07-01T00:32:38.589+0000] {logging_mixin.py:137} INFO - [2023-07-01T00:32:38.589+0000] {dag.py:3456} INFO - Setting next_dagrun for example_skip_dag to 2023-06-30T00:32:38.589714+00:00, run_after=2023-07-01T00:32:38.589714+00:00
[2023-07-01T00:32:38.600+0000] {processor.py:175} INFO - Processing /home/airflow/.local/lib/python3.7/site-packages/airflow/example_dags/example_skip_dag.py took 0.059 seconds
[2023-07-01T00:33:08.761+0000] {processor.py:153} INFO - Started process (PID=55095) to work on /home/airflow/.local/lib/python3.7/site-packages/airflow/example_dags/example_skip_dag.py
[2023-07-01T00:33:08.762+0000] {processor.py:743} INFO - Processing file /home/airflow/.local/lib/python3.7/site-packages/airflow/example_dags/example_skip_dag.py for tasks to queue
[2023-07-01T00:33:08.763+0000] {logging_mixin.py:137} INFO - [2023-07-01T00:33:08.762+0000] {dagbag.py:532} INFO - Filling up the DagBag from /home/airflow/.local/lib/python3.7/site-packages/airflow/example_dags/example_skip_dag.py
[2023-07-01T00:33:08.777+0000] {processor.py:753} INFO - DAG(s) dict_keys(['example_skip_dag']) retrieved from /home/airflow/.local/lib/python3.7/site-packages/airflow/example_dags/example_skip_dag.py
[2023-07-01T00:33:08.799+0000] {logging_mixin.py:137} INFO - [2023-07-01T00:33:08.799+0000] {dag.py:2705} INFO - Sync 1 DAGs
[2023-07-01T00:33:08.818+0000] {logging_mixin.py:137} INFO - [2023-07-01T00:33:08.818+0000] {dag.py:3456} INFO - Setting next_dagrun for example_skip_dag to 2023-06-30T00:33:08.818269+00:00, run_after=2023-07-01T00:33:08.818269+00:00
[2023-07-01T00:33:08.829+0000] {processor.py:175} INFO - Processing /home/airflow/.local/lib/python3.7/site-packages/airflow/example_dags/example_skip_dag.py took 0.072 seconds
[2023-07-01T00:33:38.948+0000] {processor.py:153} INFO - Started process (PID=55152) to work on /home/airflow/.local/lib/python3.7/site-packages/airflow/example_dags/example_skip_dag.py
[2023-07-01T00:33:38.949+0000] {processor.py:743} INFO - Processing file /home/airflow/.local/lib/python3.7/site-packages/airflow/example_dags/example_skip_dag.py for tasks to queue
[2023-07-01T00:33:38.950+0000] {logging_mixin.py:137} INFO - [2023-07-01T00:33:38.950+0000] {dagbag.py:532} INFO - Filling up the DagBag from /home/airflow/.local/lib/python3.7/site-packages/airflow/example_dags/example_skip_dag.py
[2023-07-01T00:33:38.964+0000] {processor.py:753} INFO - DAG(s) dict_keys(['example_skip_dag']) retrieved from /home/airflow/.local/lib/python3.7/site-packages/airflow/example_dags/example_skip_dag.py
[2023-07-01T00:33:38.986+0000] {logging_mixin.py:137} INFO - [2023-07-01T00:33:38.985+0000] {dag.py:2705} INFO - Sync 1 DAGs
[2023-07-01T00:33:39.001+0000] {logging_mixin.py:137} INFO - [2023-07-01T00:33:39.001+0000] {dag.py:3456} INFO - Setting next_dagrun for example_skip_dag to 2023-06-30T00:33:39.001395+00:00, run_after=2023-07-01T00:33:39.001395+00:00
[2023-07-01T00:33:39.012+0000] {processor.py:175} INFO - Processing /home/airflow/.local/lib/python3.7/site-packages/airflow/example_dags/example_skip_dag.py took 0.068 seconds
[2023-07-01T00:34:09.141+0000] {processor.py:153} INFO - Started process (PID=55209) to work on /home/airflow/.local/lib/python3.7/site-packages/airflow/example_dags/example_skip_dag.py
[2023-07-01T00:34:09.142+0000] {processor.py:743} INFO - Processing file /home/airflow/.local/lib/python3.7/site-packages/airflow/example_dags/example_skip_dag.py for tasks to queue
[2023-07-01T00:34:09.143+0000] {logging_mixin.py:137} INFO - [2023-07-01T00:34:09.142+0000] {dagbag.py:532} INFO - Filling up the DagBag from /home/airflow/.local/lib/python3.7/site-packages/airflow/example_dags/example_skip_dag.py
[2023-07-01T00:34:09.154+0000] {processor.py:753} INFO - DAG(s) dict_keys(['example_skip_dag']) retrieved from /home/airflow/.local/lib/python3.7/site-packages/airflow/example_dags/example_skip_dag.py
[2023-07-01T00:34:09.173+0000] {logging_mixin.py:137} INFO - [2023-07-01T00:34:09.173+0000] {dag.py:2705} INFO - Sync 1 DAGs
[2023-07-01T00:34:09.188+0000] {logging_mixin.py:137} INFO - [2023-07-01T00:34:09.188+0000] {dag.py:3456} INFO - Setting next_dagrun for example_skip_dag to 2023-06-30T00:34:09.188279+00:00, run_after=2023-07-01T00:34:09.188279+00:00
[2023-07-01T00:34:09.198+0000] {processor.py:175} INFO - Processing /home/airflow/.local/lib/python3.7/site-packages/airflow/example_dags/example_skip_dag.py took 0.061 seconds
[2023-07-01T00:34:39.978+0000] {processor.py:153} INFO - Started process (PID=55266) to work on /home/airflow/.local/lib/python3.7/site-packages/airflow/example_dags/example_skip_dag.py
[2023-07-01T00:34:39.979+0000] {processor.py:743} INFO - Processing file /home/airflow/.local/lib/python3.7/site-packages/airflow/example_dags/example_skip_dag.py for tasks to queue
[2023-07-01T00:34:39.980+0000] {logging_mixin.py:137} INFO - [2023-07-01T00:34:39.980+0000] {dagbag.py:532} INFO - Filling up the DagBag from /home/airflow/.local/lib/python3.7/site-packages/airflow/example_dags/example_skip_dag.py
[2023-07-01T00:34:39.991+0000] {processor.py:753} INFO - DAG(s) dict_keys(['example_skip_dag']) retrieved from /home/airflow/.local/lib/python3.7/site-packages/airflow/example_dags/example_skip_dag.py
[2023-07-01T00:34:40.014+0000] {logging_mixin.py:137} INFO - [2023-07-01T00:34:40.014+0000] {dag.py:2705} INFO - Sync 1 DAGs
[2023-07-01T00:34:40.035+0000] {logging_mixin.py:137} INFO - [2023-07-01T00:34:40.035+0000] {dag.py:3456} INFO - Setting next_dagrun for example_skip_dag to 2023-06-30T00:34:40.034764+00:00, run_after=2023-07-01T00:34:40.034764+00:00
[2023-07-01T00:34:40.045+0000] {processor.py:175} INFO - Processing /home/airflow/.local/lib/python3.7/site-packages/airflow/example_dags/example_skip_dag.py took 0.070 seconds
