[2023-04-25T23:25:45.633+0000] {taskinstance.py:1090} INFO - Dependencies all met for dep_context=non-requeueable deps ti=<TaskInstance: treino-02.get-data manual__2023-04-25T23:17:17.463620+00:00 [queued]>
[2023-04-25T23:25:45.662+0000] {taskinstance.py:1090} INFO - Dependencies all met for dep_context=requeueable deps ti=<TaskInstance: treino-02.get-data manual__2023-04-25T23:17:17.463620+00:00 [queued]>
[2023-04-25T23:25:45.663+0000] {taskinstance.py:1288} INFO - 
--------------------------------------------------------------------------------
[2023-04-25T23:25:45.664+0000] {taskinstance.py:1289} INFO - Starting attempt 2 of 2
[2023-04-25T23:25:45.665+0000] {taskinstance.py:1290} INFO - 
--------------------------------------------------------------------------------
[2023-04-25T23:25:45.692+0000] {taskinstance.py:1309} INFO - Executing <Task(BashOperator): get-data> on 2023-04-25 23:17:17.463620+00:00
[2023-04-25T23:25:45.708+0000] {standard_task_runner.py:55} INFO - Started process 211 to run task
[2023-04-25T23:25:45.727+0000] {standard_task_runner.py:82} INFO - Running: ['***', 'tasks', 'run', 'treino-02', 'get-data', 'manual__2023-04-25T23:17:17.463620+00:00', '--job-id', '53', '--raw', '--subdir', 'DAGS_FOLDER/treino02.py', '--cfg-path', '/tmp/tmpv601sult']
[2023-04-25T23:25:45.729+0000] {standard_task_runner.py:83} INFO - Job 53: Subtask get-data
[2023-04-25T23:25:45.921+0000] {task_command.py:389} INFO - Running <TaskInstance: treino-02.get-data manual__2023-04-25T23:17:17.463620+00:00 [running]> on host b7947b05bca0
[2023-04-25T23:25:46.077+0000] {taskinstance.py:1518} INFO - Exporting the following env vars:
AIRFLOW_CTX_DAG_EMAIL=test@example.com,test2@example.com
AIRFLOW_CTX_DAG_OWNER=augsmachado
AIRFLOW_CTX_DAG_ID=treino-02
AIRFLOW_CTX_TASK_ID=get-data
AIRFLOW_CTX_EXECUTION_DATE=2023-04-25T23:17:17.463620+00:00
AIRFLOW_CTX_TRY_NUMBER=2
AIRFLOW_CTX_DAG_RUN_ID=manual__2023-04-25T23:17:17.463620+00:00
[2023-04-25T23:25:46.085+0000] {subprocess.py:63} INFO - Tmp dir root location: 
 /tmp
[2023-04-25T23:25:46.087+0000] {subprocess.py:75} INFO - Running command: ['/bin/bash', '-c', 'curl https://raw.githubusercontent.com/datasciencedojo/datasets/master/titanic.csv -o ~/Users/augsmachado/Desktop/Development/***-docker/files/train.csv']
[2023-04-25T23:25:46.106+0000] {subprocess.py:86} INFO - Output:
[2023-04-25T23:25:46.150+0000] {subprocess.py:93} INFO -   % Total    % Received % Xferd  Average Speed   Time    Time     Time  Current
[2023-04-25T23:25:46.152+0000] {subprocess.py:93} INFO -                                  Dload  Upload   Total   Spent    Left  Speed
[2023-04-25T23:25:46.267+0000] {subprocess.py:93} INFO -   0     0    0     0    0     0      0      0 --:--:-- --:--:-- --:--:--     0Warning: Failed to create the file
[2023-04-25T23:25:46.268+0000] {subprocess.py:93} INFO - Warning: /home/***/Users/augsmachado/Desktop/Development/***-docker/fil
[2023-04-25T23:25:46.269+0000] {subprocess.py:93} INFO - Warning: es/train.csv: No such file or directory
[2023-04-25T23:25:46.271+0000] {subprocess.py:93} INFO -   1 60302    1   859    0     0   7341      0  0:00:08 --:--:--  0:00:08  7341
[2023-04-25T23:25:46.273+0000] {subprocess.py:93} INFO - curl: (23) Failure writing output to destination
[2023-04-25T23:25:46.276+0000] {subprocess.py:97} INFO - Command exited with return code 23
[2023-04-25T23:25:46.297+0000] {taskinstance.py:1776} ERROR - Task failed with exception
Traceback (most recent call last):
  File "/home/airflow/.local/lib/python3.7/site-packages/airflow/operators/bash.py", line 197, in execute
    f"Bash command failed. The command returned a non-zero exit code {result.exit_code}."
airflow.exceptions.AirflowException: Bash command failed. The command returned a non-zero exit code 23.
[2023-04-25T23:25:46.307+0000] {taskinstance.py:1332} INFO - Marking task as FAILED. dag_id=treino-02, task_id=get-data, execution_date=20230425T231717, start_date=20230425T232545, end_date=20230425T232546
[2023-04-25T23:25:46.341+0000] {standard_task_runner.py:105} ERROR - Failed to execute job 53 for task get-data (Bash command failed. The command returned a non-zero exit code 23.; 211)
[2023-04-25T23:25:46.375+0000] {local_task_job.py:212} INFO - Task exited with return code 1
[2023-04-25T23:25:46.414+0000] {taskinstance.py:2596} INFO - 0 downstream tasks scheduled from follow-on schedule check
