[2023-04-25T23:34:52.933+0000] {taskinstance.py:1090} INFO - Dependencies all met for dep_context=non-requeueable deps ti=<TaskInstance: treino-02.get-data scheduled__2023-04-23T21:32:00+00:00 [queued]>
[2023-04-25T23:34:52.990+0000] {taskinstance.py:1090} INFO - Dependencies all met for dep_context=requeueable deps ti=<TaskInstance: treino-02.get-data scheduled__2023-04-23T21:32:00+00:00 [queued]>
[2023-04-25T23:34:52.992+0000] {taskinstance.py:1288} INFO - 
--------------------------------------------------------------------------------
[2023-04-25T23:34:52.993+0000] {taskinstance.py:1289} INFO - Starting attempt 2 of 2
[2023-04-25T23:34:52.993+0000] {taskinstance.py:1290} INFO - 
--------------------------------------------------------------------------------
[2023-04-25T23:34:53.125+0000] {taskinstance.py:1309} INFO - Executing <Task(BashOperator): get-data> on 2023-04-23 21:32:00+00:00
[2023-04-25T23:34:53.181+0000] {standard_task_runner.py:55} INFO - Started process 1066 to run task
[2023-04-25T23:34:53.204+0000] {standard_task_runner.py:82} INFO - Running: ['***', 'tasks', 'run', 'treino-02', 'get-data', 'scheduled__2023-04-23T21:32:00+00:00', '--job-id', '193', '--raw', '--subdir', 'DAGS_FOLDER/treino02.py', '--cfg-path', '/tmp/tmpahnlx3sl']
[2023-04-25T23:34:53.224+0000] {standard_task_runner.py:83} INFO - Job 193: Subtask get-data
[2023-04-25T23:34:53.453+0000] {task_command.py:389} INFO - Running <TaskInstance: treino-02.get-data scheduled__2023-04-23T21:32:00+00:00 [running]> on host b7947b05bca0
[2023-04-25T23:34:53.907+0000] {taskinstance.py:1518} INFO - Exporting the following env vars:
AIRFLOW_CTX_DAG_EMAIL=test@example.com,test2@example.com
AIRFLOW_CTX_DAG_OWNER=augsmachado
AIRFLOW_CTX_DAG_ID=treino-02
AIRFLOW_CTX_TASK_ID=get-data
AIRFLOW_CTX_EXECUTION_DATE=2023-04-23T21:32:00+00:00
AIRFLOW_CTX_TRY_NUMBER=2
AIRFLOW_CTX_DAG_RUN_ID=scheduled__2023-04-23T21:32:00+00:00
[2023-04-25T23:34:53.936+0000] {subprocess.py:63} INFO - Tmp dir root location: 
 /tmp
[2023-04-25T23:34:53.939+0000] {subprocess.py:75} INFO - Running command: ['/bin/bash', '-c', 'curl -o ~/Users/augsmachado/Desktop/Development/***-docker/files/titanic.csv https://raw.githubusercontent.com/datasciencedojo/datasets/master/titanic.csv']
[2023-04-25T23:34:54.016+0000] {subprocess.py:86} INFO - Output:
[2023-04-25T23:34:54.061+0000] {subprocess.py:93} INFO -   % Total    % Received % Xferd  Average Speed   Time    Time     Time  Current
[2023-04-25T23:34:54.066+0000] {subprocess.py:93} INFO -                                  Dload  Upload   Total   Spent    Left  Speed
[2023-04-25T23:34:54.211+0000] {subprocess.py:93} INFO -   0     0    0     0    0     0      0      0 --:--:-- --:--:-- --:--:--     0Warning: Failed to create the file
[2023-04-25T23:34:54.215+0000] {subprocess.py:93} INFO - Warning: /home/***/Users/augsmachado/Desktop/Development/***-docker/fil
[2023-04-25T23:34:54.216+0000] {subprocess.py:93} INFO - Warning: es/titanic.csv: No such file or directory
[2023-04-25T23:34:54.217+0000] {subprocess.py:93} INFO -   2 60302    2  1369    0     0   9126      0  0:00:06 --:--:--  0:00:06  9187
[2023-04-25T23:34:54.218+0000] {subprocess.py:93} INFO - curl: (23) Failure writing output to destination
[2023-04-25T23:34:54.222+0000] {subprocess.py:97} INFO - Command exited with return code 23
[2023-04-25T23:34:54.279+0000] {taskinstance.py:1776} ERROR - Task failed with exception
Traceback (most recent call last):
  File "/home/airflow/.local/lib/python3.7/site-packages/airflow/operators/bash.py", line 197, in execute
    f"Bash command failed. The command returned a non-zero exit code {result.exit_code}."
airflow.exceptions.AirflowException: Bash command failed. The command returned a non-zero exit code 23.
[2023-04-25T23:34:54.292+0000] {taskinstance.py:1332} INFO - Marking task as FAILED. dag_id=treino-02, task_id=get-data, execution_date=20230423T213200, start_date=20230425T233452, end_date=20230425T233454
[2023-04-25T23:34:54.340+0000] {standard_task_runner.py:105} ERROR - Failed to execute job 193 for task get-data (Bash command failed. The command returned a non-zero exit code 23.; 1066)
[2023-04-25T23:34:54.408+0000] {local_task_job.py:212} INFO - Task exited with return code 1
[2023-04-25T23:34:54.516+0000] {taskinstance.py:2596} INFO - 0 downstream tasks scheduled from follow-on schedule check
