[2023-04-23T19:02:02.900+0000] {taskinstance.py:1090} INFO - Dependencies all met for dep_context=non-requeueable deps ti=<TaskInstance: treino-01.Hello_Bash scheduled__2023-04-23T19:00:00+00:00 [queued]>
[2023-04-23T19:02:02.931+0000] {taskinstance.py:1090} INFO - Dependencies all met for dep_context=requeueable deps ti=<TaskInstance: treino-01.Hello_Bash scheduled__2023-04-23T19:00:00+00:00 [queued]>
[2023-04-23T19:02:02.933+0000] {taskinstance.py:1288} INFO - 
--------------------------------------------------------------------------------
[2023-04-23T19:02:02.936+0000] {taskinstance.py:1289} INFO - Starting attempt 1 of 2
[2023-04-23T19:02:02.938+0000] {taskinstance.py:1290} INFO - 
--------------------------------------------------------------------------------
[2023-04-23T19:02:03.031+0000] {taskinstance.py:1309} INFO - Executing <Task(BashOperator): Hello_Bash> on 2023-04-23 19:00:00+00:00
[2023-04-23T19:02:03.052+0000] {standard_task_runner.py:55} INFO - Started process 3889 to run task
[2023-04-23T19:02:03.073+0000] {standard_task_runner.py:82} INFO - Running: ['***', 'tasks', 'run', 'treino-01', 'Hello_Bash', 'scheduled__2023-04-23T19:00:00+00:00', '--job-id', '7', '--raw', '--subdir', 'DAGS_FOLDER/treino01.py', '--cfg-path', '/tmp/tmp_h48x8my']
[2023-04-23T19:02:03.087+0000] {standard_task_runner.py:83} INFO - Job 7: Subtask Hello_Bash
[2023-04-23T19:02:03.294+0000] {task_command.py:389} INFO - Running <TaskInstance: treino-01.Hello_Bash scheduled__2023-04-23T19:00:00+00:00 [running]> on host b7947b05bca0
[2023-04-23T19:02:03.455+0000] {taskinstance.py:1518} INFO - Exporting the following env vars:
AIRFLOW_CTX_DAG_EMAIL=test@example.com,test2@example.com
AIRFLOW_CTX_DAG_OWNER=augsmachado
AIRFLOW_CTX_DAG_ID=treino-01
AIRFLOW_CTX_TASK_ID=Hello_Bash
AIRFLOW_CTX_EXECUTION_DATE=2023-04-23T19:00:00+00:00
AIRFLOW_CTX_TRY_NUMBER=1
AIRFLOW_CTX_DAG_RUN_ID=scheduled__2023-04-23T19:00:00+00:00
[2023-04-23T19:02:03.487+0000] {subprocess.py:63} INFO - Tmp dir root location: 
 /tmp
[2023-04-23T19:02:03.493+0000] {subprocess.py:75} INFO - Running command: ['/bin/bash', '-c', 'echo "Hello Airflow form Bash"']
[2023-04-23T19:02:03.559+0000] {subprocess.py:86} INFO - Output:
[2023-04-23T19:02:03.653+0000] {subprocess.py:93} INFO - Hello Airflow form Bash
[2023-04-23T19:02:03.662+0000] {subprocess.py:97} INFO - Command exited with return code 0
[2023-04-23T19:02:03.868+0000] {taskinstance.py:1332} INFO - Marking task as SUCCESS. dag_id=treino-01, task_id=Hello_Bash, execution_date=20230423T190000, start_date=20230423T190202, end_date=20230423T190203
[2023-04-23T19:02:04.052+0000] {local_task_job.py:212} INFO - Task exited with return code 0
[2023-04-23T19:02:04.247+0000] {taskinstance.py:2596} INFO - 1 downstream tasks scheduled from follow-on schedule check
