[2023-04-25T23:40:41.242+0000] {taskinstance.py:1090} INFO - Dependencies all met for dep_context=non-requeueable deps ti=<TaskInstance: treino-02.calcula-idade-media scheduled__2023-04-23T22:44:00+00:00 [queued]>
[2023-04-25T23:40:42.903+0000] {taskinstance.py:1090} INFO - Dependencies all met for dep_context=requeueable deps ti=<TaskInstance: treino-02.calcula-idade-media scheduled__2023-04-23T22:44:00+00:00 [queued]>
[2023-04-25T23:40:43.432+0000] {taskinstance.py:1288} INFO - 
--------------------------------------------------------------------------------
[2023-04-25T23:40:43.455+0000] {taskinstance.py:1289} INFO - Starting attempt 2 of 2
[2023-04-25T23:40:43.487+0000] {taskinstance.py:1290} INFO - 
--------------------------------------------------------------------------------
[2023-04-25T23:40:45.303+0000] {taskinstance.py:1309} INFO - Executing <Task(PythonOperator): calcula-idade-media> on 2023-04-23 22:44:00+00:00
[2023-04-25T23:40:45.534+0000] {standard_task_runner.py:55} INFO - Started process 1532 to run task
[2023-04-25T23:40:45.613+0000] {standard_task_runner.py:82} INFO - Running: ['***', 'tasks', 'run', 'treino-02', 'calcula-idade-media', 'scheduled__2023-04-23T22:44:00+00:00', '--job-id', '272', '--raw', '--subdir', 'DAGS_FOLDER/treino02.py', '--cfg-path', '/tmp/tmp6shynxcb']
[2023-04-25T23:40:45.644+0000] {standard_task_runner.py:83} INFO - Job 272: Subtask calcula-idade-media
[2023-04-25T23:40:54.383+0000] {task_command.py:389} INFO - Running <TaskInstance: treino-02.calcula-idade-media scheduled__2023-04-23T22:44:00+00:00 [running]> on host b7947b05bca0
[2023-04-25T23:41:27.871+0000] {taskinstance.py:1518} INFO - Exporting the following env vars:
AIRFLOW_CTX_DAG_EMAIL=test@example.com,test2@example.com
AIRFLOW_CTX_DAG_OWNER=augsmachado
AIRFLOW_CTX_DAG_ID=treino-02
AIRFLOW_CTX_TASK_ID=calcula-idade-media
AIRFLOW_CTX_EXECUTION_DATE=2023-04-23T22:44:00+00:00
AIRFLOW_CTX_TRY_NUMBER=2
AIRFLOW_CTX_DAG_RUN_ID=scheduled__2023-04-23T22:44:00+00:00
[2023-04-25T23:41:29.637+0000] {python.py:177} INFO - Done. Returned value was: 29.69911764705882
[2023-04-25T23:41:30.629+0000] {taskinstance.py:1332} INFO - Marking task as SUCCESS. dag_id=treino-02, task_id=calcula-idade-media, execution_date=20230423T224400, start_date=20230425T234041, end_date=20230425T234130
[2023-04-25T23:41:31.811+0000] {local_task_job.py:212} INFO - Task exited with return code 0
[2023-04-25T23:41:33.718+0000] {taskinstance.py:2596} INFO - 1 downstream tasks scheduled from follow-on schedule check
