[2023-07-03T14:16:30.687+0000] {taskinstance.py:1090} INFO - Dependencies all met for dep_context=non-requeueable deps ti=<TaskInstance: treino-06.is_api-active scheduled__2023-07-01T00:00:00+00:00 [queued]>
[2023-07-03T14:16:30.766+0000] {taskinstance.py:1090} INFO - Dependencies all met for dep_context=requeueable deps ti=<TaskInstance: treino-06.is_api-active scheduled__2023-07-01T00:00:00+00:00 [queued]>
[2023-07-03T14:16:30.771+0000] {taskinstance.py:1288} INFO - 
--------------------------------------------------------------------------------
[2023-07-03T14:16:30.772+0000] {taskinstance.py:1289} INFO - Starting attempt 1 of 1
[2023-07-03T14:16:30.777+0000] {taskinstance.py:1290} INFO - 
--------------------------------------------------------------------------------
[2023-07-03T14:16:30.917+0000] {taskinstance.py:1309} INFO - Executing <Task(HttpSensor): is_api-active> on 2023-07-01 00:00:00+00:00
[2023-07-03T14:16:31.045+0000] {standard_task_runner.py:55} INFO - Started process 68 to run task
[2023-07-03T14:16:31.083+0000] {standard_task_runner.py:82} INFO - Running: ['***', 'tasks', 'run', 'treino-06', 'is_api-active', 'scheduled__2023-07-01T00:00:00+00:00', '--job-id', '542', '--raw', '--subdir', 'DAGS_FOLDER/treino06.py', '--cfg-path', '/tmp/tmprl4z8v93']
[2023-07-03T14:16:31.113+0000] {standard_task_runner.py:83} INFO - Job 542: Subtask is_api-active
[2023-07-03T14:16:31.421+0000] {task_command.py:389} INFO - Running <TaskInstance: treino-06.is_api-active scheduled__2023-07-01T00:00:00+00:00 [running]> on host b7947b05bca0
[2023-07-03T14:16:31.563+0000] {taskinstance.py:1518} INFO - Exporting the following env vars:
AIRFLOW_CTX_DAG_OWNER=***
AIRFLOW_CTX_DAG_ID=treino-06
AIRFLOW_CTX_TASK_ID=is_api-active
AIRFLOW_CTX_EXECUTION_DATE=2023-07-01T00:00:00+00:00
AIRFLOW_CTX_TRY_NUMBER=1
AIRFLOW_CTX_DAG_RUN_ID=scheduled__2023-07-01T00:00:00+00:00
[2023-07-03T14:16:31.569+0000] {http.py:122} INFO - Poking: 
[2023-07-03T14:16:31.609+0000] {base.py:73} INFO - Using connection ID 'treino_06_api_posts' for task execution.
[2023-07-03T14:16:32.548+0000] {http.py:170} ERROR - HTTP error: Not Found
[2023-07-03T14:16:32.554+0000] {http.py:171} ERROR - <!DOCTYPE html>
<html>
<head>
    <title>Error: Token not found - Webhook.site</title>
    <link href="/assets/css/libs/bootstrap.min.css" rel="stylesheet" crossorigin="anonymous">
    <link href="/css/app.css" rel="stylesheet">
</head>
<body>
<div class="container" style="padding: 40px">
    <div class="row">
        <div class="col-sm-4 col-sm-offset-4 text-center">
            <h1>Webhook.site Error</h1>
            <p class="lead">404 Token not found</p>
                        <p class="small">
                    The URL was deleted manually, or expired automatically.

    To avoid URLs expiring automatically, you can
    <a href="/register">upgrade to Webhook.site Pro or Enterprise</a>.
            </p>
                        <br>
            <p><a class="btn btn-primary" href="/" role="button">&larr; Back to Webhook.site</a></p>
            <br>
            <p class="small muted">Copyright &copy; 2022 Webhook ApS</p>
        </div>
    </div>
</div>
</body>
</html>

[2023-07-03T14:17:32.636+0000] {http.py:122} INFO - Poking: 
[2023-07-03T14:17:34.082+0000] {base.py:73} INFO - Using connection ID 'treino_06_api_posts' for task execution.
[2023-07-03T14:17:35.353+0000] {http.py:170} ERROR - HTTP error: Not Found
[2023-07-03T14:17:35.363+0000] {http.py:171} ERROR - <!DOCTYPE html>
<html>
<head>
    <title>Error: Token not found - Webhook.site</title>
    <link href="/assets/css/libs/bootstrap.min.css" rel="stylesheet" crossorigin="anonymous">
    <link href="/css/app.css" rel="stylesheet">
</head>
<body>
<div class="container" style="padding: 40px">
    <div class="row">
        <div class="col-sm-4 col-sm-offset-4 text-center">
            <h1>Webhook.site Error</h1>
            <p class="lead">404 Token not found</p>
                        <p class="small">
                    The URL was deleted manually, or expired automatically.

    To avoid URLs expiring automatically, you can
    <a href="/register">upgrade to Webhook.site Pro or Enterprise</a>.
            </p>
                        <br>
            <p><a class="btn btn-primary" href="/" role="button">&larr; Back to Webhook.site</a></p>
            <br>
            <p class="small muted">Copyright &copy; 2022 Webhook ApS</p>
        </div>
    </div>
</div>
</body>
</html>

[2023-07-03T14:18:35.600+0000] {http.py:122} INFO - Poking: 
[2023-07-03T14:18:38.470+0000] {base.py:73} INFO - Using connection ID 'treino_06_api_posts' for task execution.
[2023-07-03T14:18:40.633+0000] {http.py:170} ERROR - HTTP error: Not Found
[2023-07-03T14:18:40.776+0000] {http.py:171} ERROR - <!DOCTYPE html>
<html>
<head>
    <title>Error: Token not found - Webhook.site</title>
    <link href="/assets/css/libs/bootstrap.min.css" rel="stylesheet" crossorigin="anonymous">
    <link href="/css/app.css" rel="stylesheet">
</head>
<body>
<div class="container" style="padding: 40px">
    <div class="row">
        <div class="col-sm-4 col-sm-offset-4 text-center">
            <h1>Webhook.site Error</h1>
            <p class="lead">404 Token not found</p>
                        <p class="small">
                    The URL was deleted manually, or expired automatically.

    To avoid URLs expiring automatically, you can
    <a href="/register">upgrade to Webhook.site Pro or Enterprise</a>.
            </p>
                        <br>
            <p><a class="btn btn-primary" href="/" role="button">&larr; Back to Webhook.site</a></p>
            <br>
            <p class="small muted">Copyright &copy; 2022 Webhook ApS</p>
        </div>
    </div>
</div>
</body>
</html>

[2023-07-03T14:19:41.032+0000] {http.py:122} INFO - Poking: 
[2023-07-03T14:19:42.493+0000] {base.py:73} INFO - Using connection ID 'treino_06_api_posts' for task execution.
[2023-07-03T14:19:45.254+0000] {http.py:170} ERROR - HTTP error: Not Found
[2023-07-03T14:19:45.380+0000] {http.py:171} ERROR - <!DOCTYPE html>
<html>
<head>
    <title>Error: Token not found - Webhook.site</title>
    <link href="/assets/css/libs/bootstrap.min.css" rel="stylesheet" crossorigin="anonymous">
    <link href="/css/app.css" rel="stylesheet">
</head>
<body>
<div class="container" style="padding: 40px">
    <div class="row">
        <div class="col-sm-4 col-sm-offset-4 text-center">
            <h1>Webhook.site Error</h1>
            <p class="lead">404 Token not found</p>
                        <p class="small">
                    The URL was deleted manually, or expired automatically.

    To avoid URLs expiring automatically, you can
    <a href="/register">upgrade to Webhook.site Pro or Enterprise</a>.
            </p>
                        <br>
            <p><a class="btn btn-primary" href="/" role="button">&larr; Back to Webhook.site</a></p>
            <br>
            <p class="small muted">Copyright &copy; 2022 Webhook ApS</p>
        </div>
    </div>
</div>
</body>
</html>

[2023-07-03T14:20:46.530+0000] {http.py:122} INFO - Poking: 
[2023-07-03T14:20:46.785+0000] {base.py:73} INFO - Using connection ID 'treino_06_api_posts' for task execution.
[2023-07-03T14:20:47.808+0000] {http.py:170} ERROR - HTTP error: Not Found
[2023-07-03T14:20:47.812+0000] {http.py:171} ERROR - <!DOCTYPE html>
<html>
<head>
    <title>Error: Token not found - Webhook.site</title>
    <link href="/assets/css/libs/bootstrap.min.css" rel="stylesheet" crossorigin="anonymous">
    <link href="/css/app.css" rel="stylesheet">
</head>
<body>
<div class="container" style="padding: 40px">
    <div class="row">
        <div class="col-sm-4 col-sm-offset-4 text-center">
            <h1>Webhook.site Error</h1>
            <p class="lead">404 Token not found</p>
                        <p class="small">
                    The URL was deleted manually, or expired automatically.

    To avoid URLs expiring automatically, you can
    <a href="/register">upgrade to Webhook.site Pro or Enterprise</a>.
            </p>
                        <br>
            <p><a class="btn btn-primary" href="/" role="button">&larr; Back to Webhook.site</a></p>
            <br>
            <p class="small muted">Copyright &copy; 2022 Webhook ApS</p>
        </div>
    </div>
</div>
</body>
</html>

[2023-07-03T14:21:47.878+0000] {http.py:122} INFO - Poking: 
[2023-07-03T14:21:47.916+0000] {base.py:73} INFO - Using connection ID 'treino_06_api_posts' for task execution.
[2023-07-03T14:21:48.670+0000] {http.py:170} ERROR - HTTP error: Not Found
[2023-07-03T14:21:48.672+0000] {http.py:171} ERROR - <!DOCTYPE html>
<html>
<head>
    <title>Error: Token not found - Webhook.site</title>
    <link href="/assets/css/libs/bootstrap.min.css" rel="stylesheet" crossorigin="anonymous">
    <link href="/css/app.css" rel="stylesheet">
</head>
<body>
<div class="container" style="padding: 40px">
    <div class="row">
        <div class="col-sm-4 col-sm-offset-4 text-center">
            <h1>Webhook.site Error</h1>
            <p class="lead">404 Token not found</p>
                        <p class="small">
                    The URL was deleted manually, or expired automatically.

    To avoid URLs expiring automatically, you can
    <a href="/register">upgrade to Webhook.site Pro or Enterprise</a>.
            </p>
                        <br>
            <p><a class="btn btn-primary" href="/" role="button">&larr; Back to Webhook.site</a></p>
            <br>
            <p class="small muted">Copyright &copy; 2022 Webhook ApS</p>
        </div>
    </div>
</div>
</body>
</html>

[2023-07-03T14:22:48.729+0000] {http.py:122} INFO - Poking: 
[2023-07-03T14:22:48.750+0000] {base.py:73} INFO - Using connection ID 'treino_06_api_posts' for task execution.
[2023-07-03T14:22:49.517+0000] {http.py:170} ERROR - HTTP error: Not Found
[2023-07-03T14:22:49.517+0000] {http.py:171} ERROR - <!DOCTYPE html>
<html>
<head>
    <title>Error: Token not found - Webhook.site</title>
    <link href="/assets/css/libs/bootstrap.min.css" rel="stylesheet" crossorigin="anonymous">
    <link href="/css/app.css" rel="stylesheet">
</head>
<body>
<div class="container" style="padding: 40px">
    <div class="row">
        <div class="col-sm-4 col-sm-offset-4 text-center">
            <h1>Webhook.site Error</h1>
            <p class="lead">404 Token not found</p>
                        <p class="small">
                    The URL was deleted manually, or expired automatically.

    To avoid URLs expiring automatically, you can
    <a href="/register">upgrade to Webhook.site Pro or Enterprise</a>.
            </p>
                        <br>
            <p><a class="btn btn-primary" href="/" role="button">&larr; Back to Webhook.site</a></p>
            <br>
            <p class="small muted">Copyright &copy; 2022 Webhook ApS</p>
        </div>
    </div>
</div>
</body>
</html>

[2023-07-03T14:23:49.554+0000] {http.py:122} INFO - Poking: 
[2023-07-03T14:23:49.591+0000] {base.py:73} INFO - Using connection ID 'treino_06_api_posts' for task execution.
[2023-07-03T14:23:50.456+0000] {http.py:170} ERROR - HTTP error: Not Found
[2023-07-03T14:23:50.460+0000] {http.py:171} ERROR - <!DOCTYPE html>
<html>
<head>
    <title>Error: Token not found - Webhook.site</title>
    <link href="/assets/css/libs/bootstrap.min.css" rel="stylesheet" crossorigin="anonymous">
    <link href="/css/app.css" rel="stylesheet">
</head>
<body>
<div class="container" style="padding: 40px">
    <div class="row">
        <div class="col-sm-4 col-sm-offset-4 text-center">
            <h1>Webhook.site Error</h1>
            <p class="lead">404 Token not found</p>
                        <p class="small">
                    The URL was deleted manually, or expired automatically.

    To avoid URLs expiring automatically, you can
    <a href="/register">upgrade to Webhook.site Pro or Enterprise</a>.
            </p>
                        <br>
            <p><a class="btn btn-primary" href="/" role="button">&larr; Back to Webhook.site</a></p>
            <br>
            <p class="small muted">Copyright &copy; 2022 Webhook ApS</p>
        </div>
    </div>
</div>
</body>
</html>

[2023-07-03T14:24:50.527+0000] {http.py:122} INFO - Poking: 
[2023-07-03T14:24:50.577+0000] {base.py:73} INFO - Using connection ID 'treino_06_api_posts' for task execution.
[2023-07-03T14:24:51.410+0000] {http.py:170} ERROR - HTTP error: Not Found
[2023-07-03T14:24:51.414+0000] {http.py:171} ERROR - <!DOCTYPE html>
<html>
<head>
    <title>Error: Token not found - Webhook.site</title>
    <link href="/assets/css/libs/bootstrap.min.css" rel="stylesheet" crossorigin="anonymous">
    <link href="/css/app.css" rel="stylesheet">
</head>
<body>
<div class="container" style="padding: 40px">
    <div class="row">
        <div class="col-sm-4 col-sm-offset-4 text-center">
            <h1>Webhook.site Error</h1>
            <p class="lead">404 Token not found</p>
                        <p class="small">
                    The URL was deleted manually, or expired automatically.

    To avoid URLs expiring automatically, you can
    <a href="/register">upgrade to Webhook.site Pro or Enterprise</a>.
            </p>
                        <br>
            <p><a class="btn btn-primary" href="/" role="button">&larr; Back to Webhook.site</a></p>
            <br>
            <p class="small muted">Copyright &copy; 2022 Webhook ApS</p>
        </div>
    </div>
</div>
</body>
</html>

[2023-07-03T14:25:51.465+0000] {http.py:122} INFO - Poking: 
[2023-07-03T14:25:51.571+0000] {base.py:73} INFO - Using connection ID 'treino_06_api_posts' for task execution.
[2023-07-03T14:25:52.378+0000] {http.py:170} ERROR - HTTP error: Not Found
[2023-07-03T14:25:52.380+0000] {http.py:171} ERROR - <!DOCTYPE html>
<html>
<head>
    <title>Error: Token not found - Webhook.site</title>
    <link href="/assets/css/libs/bootstrap.min.css" rel="stylesheet" crossorigin="anonymous">
    <link href="/css/app.css" rel="stylesheet">
</head>
<body>
<div class="container" style="padding: 40px">
    <div class="row">
        <div class="col-sm-4 col-sm-offset-4 text-center">
            <h1>Webhook.site Error</h1>
            <p class="lead">404 Token not found</p>
                        <p class="small">
                    The URL was deleted manually, or expired automatically.

    To avoid URLs expiring automatically, you can
    <a href="/register">upgrade to Webhook.site Pro or Enterprise</a>.
            </p>
                        <br>
            <p><a class="btn btn-primary" href="/" role="button">&larr; Back to Webhook.site</a></p>
            <br>
            <p class="small muted">Copyright &copy; 2022 Webhook ApS</p>
        </div>
    </div>
</div>
</body>
</html>

[2023-07-03T14:26:52.429+0000] {http.py:122} INFO - Poking: 
[2023-07-03T14:26:52.490+0000] {base.py:73} INFO - Using connection ID 'treino_06_api_posts' for task execution.
[2023-07-03T14:26:53.230+0000] {http.py:170} ERROR - HTTP error: Not Found
[2023-07-03T14:26:53.231+0000] {http.py:171} ERROR - <!DOCTYPE html>
<html>
<head>
    <title>Error: Token not found - Webhook.site</title>
    <link href="/assets/css/libs/bootstrap.min.css" rel="stylesheet" crossorigin="anonymous">
    <link href="/css/app.css" rel="stylesheet">
</head>
<body>
<div class="container" style="padding: 40px">
    <div class="row">
        <div class="col-sm-4 col-sm-offset-4 text-center">
            <h1>Webhook.site Error</h1>
            <p class="lead">404 Token not found</p>
                        <p class="small">
                    The URL was deleted manually, or expired automatically.

    To avoid URLs expiring automatically, you can
    <a href="/register">upgrade to Webhook.site Pro or Enterprise</a>.
            </p>
                        <br>
            <p><a class="btn btn-primary" href="/" role="button">&larr; Back to Webhook.site</a></p>
            <br>
            <p class="small muted">Copyright &copy; 2022 Webhook ApS</p>
        </div>
    </div>
</div>
</body>
</html>

[2023-07-03T14:27:53.296+0000] {http.py:122} INFO - Poking: 
[2023-07-03T14:27:53.329+0000] {base.py:73} INFO - Using connection ID 'treino_06_api_posts' for task execution.
[2023-07-03T14:27:54.141+0000] {http.py:170} ERROR - HTTP error: Not Found
[2023-07-03T14:27:54.142+0000] {http.py:171} ERROR - <!DOCTYPE html>
<html>
<head>
    <title>Error: Token not found - Webhook.site</title>
    <link href="/assets/css/libs/bootstrap.min.css" rel="stylesheet" crossorigin="anonymous">
    <link href="/css/app.css" rel="stylesheet">
</head>
<body>
<div class="container" style="padding: 40px">
    <div class="row">
        <div class="col-sm-4 col-sm-offset-4 text-center">
            <h1>Webhook.site Error</h1>
            <p class="lead">404 Token not found</p>
                        <p class="small">
                    The URL was deleted manually, or expired automatically.

    To avoid URLs expiring automatically, you can
    <a href="/register">upgrade to Webhook.site Pro or Enterprise</a>.
            </p>
                        <br>
            <p><a class="btn btn-primary" href="/" role="button">&larr; Back to Webhook.site</a></p>
            <br>
            <p class="small muted">Copyright &copy; 2022 Webhook ApS</p>
        </div>
    </div>
</div>
</body>
</html>

[2023-07-03T14:28:54.178+0000] {http.py:122} INFO - Poking: 
[2023-07-03T14:28:54.203+0000] {base.py:73} INFO - Using connection ID 'treino_06_api_posts' for task execution.
[2023-07-03T14:28:54.963+0000] {http.py:170} ERROR - HTTP error: Not Found
[2023-07-03T14:28:54.966+0000] {http.py:171} ERROR - <!DOCTYPE html>
<html>
<head>
    <title>Error: Token not found - Webhook.site</title>
    <link href="/assets/css/libs/bootstrap.min.css" rel="stylesheet" crossorigin="anonymous">
    <link href="/css/app.css" rel="stylesheet">
</head>
<body>
<div class="container" style="padding: 40px">
    <div class="row">
        <div class="col-sm-4 col-sm-offset-4 text-center">
            <h1>Webhook.site Error</h1>
            <p class="lead">404 Token not found</p>
                        <p class="small">
                    The URL was deleted manually, or expired automatically.

    To avoid URLs expiring automatically, you can
    <a href="/register">upgrade to Webhook.site Pro or Enterprise</a>.
            </p>
                        <br>
            <p><a class="btn btn-primary" href="/" role="button">&larr; Back to Webhook.site</a></p>
            <br>
            <p class="small muted">Copyright &copy; 2022 Webhook ApS</p>
        </div>
    </div>
</div>
</body>
</html>

[2023-07-03T14:29:55.034+0000] {http.py:122} INFO - Poking: 
[2023-07-03T14:29:55.062+0000] {base.py:73} INFO - Using connection ID 'treino_06_api_posts' for task execution.
[2023-07-03T14:29:55.885+0000] {http.py:170} ERROR - HTTP error: Not Found
[2023-07-03T14:29:55.885+0000] {http.py:171} ERROR - <!DOCTYPE html>
<html>
<head>
    <title>Error: Token not found - Webhook.site</title>
    <link href="/assets/css/libs/bootstrap.min.css" rel="stylesheet" crossorigin="anonymous">
    <link href="/css/app.css" rel="stylesheet">
</head>
<body>
<div class="container" style="padding: 40px">
    <div class="row">
        <div class="col-sm-4 col-sm-offset-4 text-center">
            <h1>Webhook.site Error</h1>
            <p class="lead">404 Token not found</p>
                        <p class="small">
                    The URL was deleted manually, or expired automatically.

    To avoid URLs expiring automatically, you can
    <a href="/register">upgrade to Webhook.site Pro or Enterprise</a>.
            </p>
                        <br>
            <p><a class="btn btn-primary" href="/" role="button">&larr; Back to Webhook.site</a></p>
            <br>
            <p class="small muted">Copyright &copy; 2022 Webhook ApS</p>
        </div>
    </div>
</div>
</body>
</html>

[2023-07-03T14:30:55.961+0000] {http.py:122} INFO - Poking: 
[2023-07-03T14:30:56.019+0000] {base.py:73} INFO - Using connection ID 'treino_06_api_posts' for task execution.
[2023-07-03T14:30:56.919+0000] {http.py:170} ERROR - HTTP error: Not Found
[2023-07-03T14:30:56.920+0000] {http.py:171} ERROR - <!DOCTYPE html>
<html>
<head>
    <title>Error: Token not found - Webhook.site</title>
    <link href="/assets/css/libs/bootstrap.min.css" rel="stylesheet" crossorigin="anonymous">
    <link href="/css/app.css" rel="stylesheet">
</head>
<body>
<div class="container" style="padding: 40px">
    <div class="row">
        <div class="col-sm-4 col-sm-offset-4 text-center">
            <h1>Webhook.site Error</h1>
            <p class="lead">404 Token not found</p>
                        <p class="small">
                    The URL was deleted manually, or expired automatically.

    To avoid URLs expiring automatically, you can
    <a href="/register">upgrade to Webhook.site Pro or Enterprise</a>.
            </p>
                        <br>
            <p><a class="btn btn-primary" href="/" role="button">&larr; Back to Webhook.site</a></p>
            <br>
            <p class="small muted">Copyright &copy; 2022 Webhook ApS</p>
        </div>
    </div>
</div>
</body>
</html>

[2023-07-03T14:31:56.971+0000] {http.py:122} INFO - Poking: 
[2023-07-03T14:31:56.995+0000] {base.py:73} INFO - Using connection ID 'treino_06_api_posts' for task execution.
[2023-07-03T14:31:57.777+0000] {http.py:170} ERROR - HTTP error: Not Found
[2023-07-03T14:31:57.779+0000] {http.py:171} ERROR - <!DOCTYPE html>
<html>
<head>
    <title>Error: Token not found - Webhook.site</title>
    <link href="/assets/css/libs/bootstrap.min.css" rel="stylesheet" crossorigin="anonymous">
    <link href="/css/app.css" rel="stylesheet">
</head>
<body>
<div class="container" style="padding: 40px">
    <div class="row">
        <div class="col-sm-4 col-sm-offset-4 text-center">
            <h1>Webhook.site Error</h1>
            <p class="lead">404 Token not found</p>
                        <p class="small">
                    The URL was deleted manually, or expired automatically.

    To avoid URLs expiring automatically, you can
    <a href="/register">upgrade to Webhook.site Pro or Enterprise</a>.
            </p>
                        <br>
            <p><a class="btn btn-primary" href="/" role="button">&larr; Back to Webhook.site</a></p>
            <br>
            <p class="small muted">Copyright &copy; 2022 Webhook ApS</p>
        </div>
    </div>
</div>
</body>
</html>

[2023-07-03T14:32:57.827+0000] {http.py:122} INFO - Poking: 
[2023-07-03T14:32:57.897+0000] {base.py:73} INFO - Using connection ID 'treino_06_api_posts' for task execution.
[2023-07-03T14:32:58.673+0000] {http.py:170} ERROR - HTTP error: Not Found
[2023-07-03T14:32:58.676+0000] {http.py:171} ERROR - <!DOCTYPE html>
<html>
<head>
    <title>Error: Token not found - Webhook.site</title>
    <link href="/assets/css/libs/bootstrap.min.css" rel="stylesheet" crossorigin="anonymous">
    <link href="/css/app.css" rel="stylesheet">
</head>
<body>
<div class="container" style="padding: 40px">
    <div class="row">
        <div class="col-sm-4 col-sm-offset-4 text-center">
            <h1>Webhook.site Error</h1>
            <p class="lead">404 Token not found</p>
                        <p class="small">
                    The URL was deleted manually, or expired automatically.

    To avoid URLs expiring automatically, you can
    <a href="/register">upgrade to Webhook.site Pro or Enterprise</a>.
            </p>
                        <br>
            <p><a class="btn btn-primary" href="/" role="button">&larr; Back to Webhook.site</a></p>
            <br>
            <p class="small muted">Copyright &copy; 2022 Webhook ApS</p>
        </div>
    </div>
</div>
</body>
</html>

