[2023-06-15T00:00:02.763+0000] {taskinstance.py:1090} INFO - Dependencies all met for dep_context=non-requeueable deps ti=<TaskInstance: treino-06.is_api-active scheduled__2023-06-14T00:00:00+00:00 [queued]>
[2023-06-15T00:00:02.774+0000] {taskinstance.py:1090} INFO - Dependencies all met for dep_context=requeueable deps ti=<TaskInstance: treino-06.is_api-active scheduled__2023-06-14T00:00:00+00:00 [queued]>
[2023-06-15T00:00:02.775+0000] {taskinstance.py:1288} INFO - 
--------------------------------------------------------------------------------
[2023-06-15T00:00:02.775+0000] {taskinstance.py:1289} INFO - Starting attempt 1 of 1
[2023-06-15T00:00:02.775+0000] {taskinstance.py:1290} INFO - 
--------------------------------------------------------------------------------
[2023-06-15T00:00:02.785+0000] {taskinstance.py:1309} INFO - Executing <Task(HttpSensor): is_api-active> on 2023-06-14 00:00:00+00:00
[2023-06-15T00:00:02.791+0000] {standard_task_runner.py:55} INFO - Started process 32727 to run task
[2023-06-15T00:00:02.795+0000] {standard_task_runner.py:82} INFO - Running: ['***', 'tasks', 'run', 'treino-06', 'is_api-active', 'scheduled__2023-06-14T00:00:00+00:00', '--job-id', '426', '--raw', '--subdir', 'DAGS_FOLDER/treino06.py', '--cfg-path', '/tmp/tmp4uqq9a8a']
[2023-06-15T00:00:02.796+0000] {standard_task_runner.py:83} INFO - Job 426: Subtask is_api-active
[2023-06-15T00:00:02.855+0000] {task_command.py:389} INFO - Running <TaskInstance: treino-06.is_api-active scheduled__2023-06-14T00:00:00+00:00 [running]> on host b7947b05bca0
[2023-06-15T00:00:02.921+0000] {taskinstance.py:1518} INFO - Exporting the following env vars:
AIRFLOW_CTX_DAG_OWNER=***
AIRFLOW_CTX_DAG_ID=treino-06
AIRFLOW_CTX_TASK_ID=is_api-active
AIRFLOW_CTX_EXECUTION_DATE=2023-06-14T00:00:00+00:00
AIRFLOW_CTX_TRY_NUMBER=1
AIRFLOW_CTX_DAG_RUN_ID=scheduled__2023-06-14T00:00:00+00:00
[2023-06-15T00:00:02.922+0000] {http.py:122} INFO - Poking: 
[2023-06-15T00:00:02.934+0000] {base.py:73} INFO - Using connection ID 'treino_06_api_posts' for task execution.
[2023-06-15T00:00:06.263+0000] {http.py:170} ERROR - HTTP error: Not Found
[2023-06-15T00:00:06.265+0000] {http.py:171} ERROR - <!DOCTYPE html>
<html>
<head>
    <title>Error: Token not found - Webhook.site</title>
    <link href="/assets/css/libs/bootstrap.min.css" rel="stylesheet" crossorigin="anonymous">
    <link href="/css/app.css" rel="stylesheet">
</head>
<body>
<div class="container" style="padding: 40px">
    <div class="row">
        <div class="col-sm-4 col-sm-offset-4 text-center">
            <h1>Webhook.site Error</h1>
            <p class="lead">404 Token not found</p>
                        <p class="small">
                    The URL was deleted manually, or expired automatically.

    To avoid URLs expiring automatically, you can
    <a href="/register">upgrade to Webhook.site Pro or Enterprise</a>.
            </p>
                        <br>
            <p><a class="btn btn-primary" href="/" role="button">&larr; Back to Webhook.site</a></p>
            <br>
            <p class="small muted">Copyright &copy; 2022 Webhook ApS</p>
        </div>
    </div>
</div>
</body>
</html>

[2023-06-15T00:01:06.336+0000] {http.py:122} INFO - Poking: 
[2023-06-15T00:01:06.383+0000] {base.py:73} INFO - Using connection ID 'treino_06_api_posts' for task execution.
[2023-06-15T00:01:07.186+0000] {http.py:170} ERROR - HTTP error: Not Found
[2023-06-15T00:01:07.189+0000] {http.py:171} ERROR - <!DOCTYPE html>
<html>
<head>
    <title>Error: Token not found - Webhook.site</title>
    <link href="/assets/css/libs/bootstrap.min.css" rel="stylesheet" crossorigin="anonymous">
    <link href="/css/app.css" rel="stylesheet">
</head>
<body>
<div class="container" style="padding: 40px">
    <div class="row">
        <div class="col-sm-4 col-sm-offset-4 text-center">
            <h1>Webhook.site Error</h1>
            <p class="lead">404 Token not found</p>
                        <p class="small">
                    The URL was deleted manually, or expired automatically.

    To avoid URLs expiring automatically, you can
    <a href="/register">upgrade to Webhook.site Pro or Enterprise</a>.
            </p>
                        <br>
            <p><a class="btn btn-primary" href="/" role="button">&larr; Back to Webhook.site</a></p>
            <br>
            <p class="small muted">Copyright &copy; 2022 Webhook ApS</p>
        </div>
    </div>
</div>
</body>
</html>

[2023-06-15T00:02:07.220+0000] {http.py:122} INFO - Poking: 
[2023-06-15T00:02:07.262+0000] {base.py:73} INFO - Using connection ID 'treino_06_api_posts' for task execution.
[2023-06-15T00:02:08.325+0000] {http.py:170} ERROR - HTTP error: Not Found
[2023-06-15T00:02:08.326+0000] {http.py:171} ERROR - <!DOCTYPE html>
<html>
<head>
    <title>Error: Token not found - Webhook.site</title>
    <link href="/assets/css/libs/bootstrap.min.css" rel="stylesheet" crossorigin="anonymous">
    <link href="/css/app.css" rel="stylesheet">
</head>
<body>
<div class="container" style="padding: 40px">
    <div class="row">
        <div class="col-sm-4 col-sm-offset-4 text-center">
            <h1>Webhook.site Error</h1>
            <p class="lead">404 Token not found</p>
                        <p class="small">
                    The URL was deleted manually, or expired automatically.

    To avoid URLs expiring automatically, you can
    <a href="/register">upgrade to Webhook.site Pro or Enterprise</a>.
            </p>
                        <br>
            <p><a class="btn btn-primary" href="/" role="button">&larr; Back to Webhook.site</a></p>
            <br>
            <p class="small muted">Copyright &copy; 2022 Webhook ApS</p>
        </div>
    </div>
</div>
</body>
</html>

[2023-06-15T00:03:08.338+0000] {http.py:122} INFO - Poking: 
[2023-06-15T00:03:08.386+0000] {base.py:73} INFO - Using connection ID 'treino_06_api_posts' for task execution.
[2023-06-15T00:03:09.211+0000] {http.py:170} ERROR - HTTP error: Not Found
[2023-06-15T00:03:09.212+0000] {http.py:171} ERROR - <!DOCTYPE html>
<html>
<head>
    <title>Error: Token not found - Webhook.site</title>
    <link href="/assets/css/libs/bootstrap.min.css" rel="stylesheet" crossorigin="anonymous">
    <link href="/css/app.css" rel="stylesheet">
</head>
<body>
<div class="container" style="padding: 40px">
    <div class="row">
        <div class="col-sm-4 col-sm-offset-4 text-center">
            <h1>Webhook.site Error</h1>
            <p class="lead">404 Token not found</p>
                        <p class="small">
                    The URL was deleted manually, or expired automatically.

    To avoid URLs expiring automatically, you can
    <a href="/register">upgrade to Webhook.site Pro or Enterprise</a>.
            </p>
                        <br>
            <p><a class="btn btn-primary" href="/" role="button">&larr; Back to Webhook.site</a></p>
            <br>
            <p class="small muted">Copyright &copy; 2022 Webhook ApS</p>
        </div>
    </div>
</div>
</body>
</html>

[2023-06-15T00:04:09.244+0000] {http.py:122} INFO - Poking: 
[2023-06-15T00:04:09.268+0000] {base.py:73} INFO - Using connection ID 'treino_06_api_posts' for task execution.
[2023-06-15T00:04:10.210+0000] {http.py:170} ERROR - HTTP error: Not Found
[2023-06-15T00:04:10.210+0000] {http.py:171} ERROR - <!DOCTYPE html>
<html>
<head>
    <title>Error: Token not found - Webhook.site</title>
    <link href="/assets/css/libs/bootstrap.min.css" rel="stylesheet" crossorigin="anonymous">
    <link href="/css/app.css" rel="stylesheet">
</head>
<body>
<div class="container" style="padding: 40px">
    <div class="row">
        <div class="col-sm-4 col-sm-offset-4 text-center">
            <h1>Webhook.site Error</h1>
            <p class="lead">404 Token not found</p>
                        <p class="small">
                    The URL was deleted manually, or expired automatically.

    To avoid URLs expiring automatically, you can
    <a href="/register">upgrade to Webhook.site Pro or Enterprise</a>.
            </p>
                        <br>
            <p><a class="btn btn-primary" href="/" role="button">&larr; Back to Webhook.site</a></p>
            <br>
            <p class="small muted">Copyright &copy; 2022 Webhook ApS</p>
        </div>
    </div>
</div>
</body>
</html>

[2023-06-15T00:05:10.262+0000] {http.py:122} INFO - Poking: 
[2023-06-15T00:05:10.310+0000] {base.py:73} INFO - Using connection ID 'treino_06_api_posts' for task execution.
[2023-06-15T00:05:11.135+0000] {http.py:170} ERROR - HTTP error: Not Found
[2023-06-15T00:05:11.138+0000] {http.py:171} ERROR - <!DOCTYPE html>
<html>
<head>
    <title>Error: Token not found - Webhook.site</title>
    <link href="/assets/css/libs/bootstrap.min.css" rel="stylesheet" crossorigin="anonymous">
    <link href="/css/app.css" rel="stylesheet">
</head>
<body>
<div class="container" style="padding: 40px">
    <div class="row">
        <div class="col-sm-4 col-sm-offset-4 text-center">
            <h1>Webhook.site Error</h1>
            <p class="lead">404 Token not found</p>
                        <p class="small">
                    The URL was deleted manually, or expired automatically.

    To avoid URLs expiring automatically, you can
    <a href="/register">upgrade to Webhook.site Pro or Enterprise</a>.
            </p>
                        <br>
            <p><a class="btn btn-primary" href="/" role="button">&larr; Back to Webhook.site</a></p>
            <br>
            <p class="small muted">Copyright &copy; 2022 Webhook ApS</p>
        </div>
    </div>
</div>
</body>
</html>

[2023-06-15T00:06:11.206+0000] {http.py:122} INFO - Poking: 
[2023-06-15T00:06:11.242+0000] {base.py:73} INFO - Using connection ID 'treino_06_api_posts' for task execution.
[2023-06-15T00:06:12.091+0000] {http.py:170} ERROR - HTTP error: Not Found
[2023-06-15T00:06:12.092+0000] {http.py:171} ERROR - <!DOCTYPE html>
<html>
<head>
    <title>Error: Token not found - Webhook.site</title>
    <link href="/assets/css/libs/bootstrap.min.css" rel="stylesheet" crossorigin="anonymous">
    <link href="/css/app.css" rel="stylesheet">
</head>
<body>
<div class="container" style="padding: 40px">
    <div class="row">
        <div class="col-sm-4 col-sm-offset-4 text-center">
            <h1>Webhook.site Error</h1>
            <p class="lead">404 Token not found</p>
                        <p class="small">
                    The URL was deleted manually, or expired automatically.

    To avoid URLs expiring automatically, you can
    <a href="/register">upgrade to Webhook.site Pro or Enterprise</a>.
            </p>
                        <br>
            <p><a class="btn btn-primary" href="/" role="button">&larr; Back to Webhook.site</a></p>
            <br>
            <p class="small muted">Copyright &copy; 2022 Webhook ApS</p>
        </div>
    </div>
</div>
</body>
</html>

[2023-06-15T00:07:12.162+0000] {http.py:122} INFO - Poking: 
[2023-06-15T00:07:12.206+0000] {base.py:73} INFO - Using connection ID 'treino_06_api_posts' for task execution.
[2023-06-15T00:07:13.141+0000] {http.py:170} ERROR - HTTP error: Not Found
[2023-06-15T00:07:13.144+0000] {http.py:171} ERROR - <!DOCTYPE html>
<html>
<head>
    <title>Error: Token not found - Webhook.site</title>
    <link href="/assets/css/libs/bootstrap.min.css" rel="stylesheet" crossorigin="anonymous">
    <link href="/css/app.css" rel="stylesheet">
</head>
<body>
<div class="container" style="padding: 40px">
    <div class="row">
        <div class="col-sm-4 col-sm-offset-4 text-center">
            <h1>Webhook.site Error</h1>
            <p class="lead">404 Token not found</p>
                        <p class="small">
                    The URL was deleted manually, or expired automatically.

    To avoid URLs expiring automatically, you can
    <a href="/register">upgrade to Webhook.site Pro or Enterprise</a>.
            </p>
                        <br>
            <p><a class="btn btn-primary" href="/" role="button">&larr; Back to Webhook.site</a></p>
            <br>
            <p class="small muted">Copyright &copy; 2022 Webhook ApS</p>
        </div>
    </div>
</div>
</body>
</html>

[2023-06-15T00:08:13.188+0000] {http.py:122} INFO - Poking: 
[2023-06-15T00:08:13.232+0000] {base.py:73} INFO - Using connection ID 'treino_06_api_posts' for task execution.
[2023-06-15T00:08:14.434+0000] {http.py:170} ERROR - HTTP error: Not Found
[2023-06-15T00:08:14.437+0000] {http.py:171} ERROR - <!DOCTYPE html>
<html>
<head>
    <title>Error: Token not found - Webhook.site</title>
    <link href="/assets/css/libs/bootstrap.min.css" rel="stylesheet" crossorigin="anonymous">
    <link href="/css/app.css" rel="stylesheet">
</head>
<body>
<div class="container" style="padding: 40px">
    <div class="row">
        <div class="col-sm-4 col-sm-offset-4 text-center">
            <h1>Webhook.site Error</h1>
            <p class="lead">404 Token not found</p>
                        <p class="small">
                    The URL was deleted manually, or expired automatically.

    To avoid URLs expiring automatically, you can
    <a href="/register">upgrade to Webhook.site Pro or Enterprise</a>.
            </p>
                        <br>
            <p><a class="btn btn-primary" href="/" role="button">&larr; Back to Webhook.site</a></p>
            <br>
            <p class="small muted">Copyright &copy; 2022 Webhook ApS</p>
        </div>
    </div>
</div>
</body>
</html>

[2023-06-15T00:09:14.512+0000] {http.py:122} INFO - Poking: 
[2023-06-15T00:09:14.577+0000] {base.py:73} INFO - Using connection ID 'treino_06_api_posts' for task execution.
[2023-06-15T00:09:15.287+0000] {http.py:170} ERROR - HTTP error: Not Found
[2023-06-15T00:09:15.289+0000] {http.py:171} ERROR - <!DOCTYPE html>
<html>
<head>
    <title>Error: Token not found - Webhook.site</title>
    <link href="/assets/css/libs/bootstrap.min.css" rel="stylesheet" crossorigin="anonymous">
    <link href="/css/app.css" rel="stylesheet">
</head>
<body>
<div class="container" style="padding: 40px">
    <div class="row">
        <div class="col-sm-4 col-sm-offset-4 text-center">
            <h1>Webhook.site Error</h1>
            <p class="lead">404 Token not found</p>
                        <p class="small">
                    The URL was deleted manually, or expired automatically.

    To avoid URLs expiring automatically, you can
    <a href="/register">upgrade to Webhook.site Pro or Enterprise</a>.
            </p>
                        <br>
            <p><a class="btn btn-primary" href="/" role="button">&larr; Back to Webhook.site</a></p>
            <br>
            <p class="small muted">Copyright &copy; 2022 Webhook ApS</p>
        </div>
    </div>
</div>
</body>
</html>

[2023-06-15T00:10:15.344+0000] {http.py:122} INFO - Poking: 
[2023-06-15T00:10:15.368+0000] {base.py:73} INFO - Using connection ID 'treino_06_api_posts' for task execution.
[2023-06-15T00:10:16.383+0000] {http.py:170} ERROR - HTTP error: Not Found
[2023-06-15T00:10:16.389+0000] {http.py:171} ERROR - <!DOCTYPE html>
<html>
<head>
    <title>Error: Token not found - Webhook.site</title>
    <link href="/assets/css/libs/bootstrap.min.css" rel="stylesheet" crossorigin="anonymous">
    <link href="/css/app.css" rel="stylesheet">
</head>
<body>
<div class="container" style="padding: 40px">
    <div class="row">
        <div class="col-sm-4 col-sm-offset-4 text-center">
            <h1>Webhook.site Error</h1>
            <p class="lead">404 Token not found</p>
                        <p class="small">
                    The URL was deleted manually, or expired automatically.

    To avoid URLs expiring automatically, you can
    <a href="/register">upgrade to Webhook.site Pro or Enterprise</a>.
            </p>
                        <br>
            <p><a class="btn btn-primary" href="/" role="button">&larr; Back to Webhook.site</a></p>
            <br>
            <p class="small muted">Copyright &copy; 2022 Webhook ApS</p>
        </div>
    </div>
</div>
</body>
</html>

[2023-06-15T00:11:16.435+0000] {http.py:122} INFO - Poking: 
[2023-06-15T00:11:16.486+0000] {base.py:73} INFO - Using connection ID 'treino_06_api_posts' for task execution.
[2023-06-15T00:11:17.260+0000] {http.py:170} ERROR - HTTP error: Not Found
[2023-06-15T00:11:17.261+0000] {http.py:171} ERROR - <!DOCTYPE html>
<html>
<head>
    <title>Error: Token not found - Webhook.site</title>
    <link href="/assets/css/libs/bootstrap.min.css" rel="stylesheet" crossorigin="anonymous">
    <link href="/css/app.css" rel="stylesheet">
</head>
<body>
<div class="container" style="padding: 40px">
    <div class="row">
        <div class="col-sm-4 col-sm-offset-4 text-center">
            <h1>Webhook.site Error</h1>
            <p class="lead">404 Token not found</p>
                        <p class="small">
                    The URL was deleted manually, or expired automatically.

    To avoid URLs expiring automatically, you can
    <a href="/register">upgrade to Webhook.site Pro or Enterprise</a>.
            </p>
                        <br>
            <p><a class="btn btn-primary" href="/" role="button">&larr; Back to Webhook.site</a></p>
            <br>
            <p class="small muted">Copyright &copy; 2022 Webhook ApS</p>
        </div>
    </div>
</div>
</body>
</html>

[2023-06-15T00:12:17.336+0000] {http.py:122} INFO - Poking: 
[2023-06-15T00:12:17.379+0000] {base.py:73} INFO - Using connection ID 'treino_06_api_posts' for task execution.
[2023-06-15T00:12:18.372+0000] {http.py:170} ERROR - HTTP error: Not Found
[2023-06-15T00:12:18.372+0000] {http.py:171} ERROR - <!DOCTYPE html>
<html>
<head>
    <title>Error: Token not found - Webhook.site</title>
    <link href="/assets/css/libs/bootstrap.min.css" rel="stylesheet" crossorigin="anonymous">
    <link href="/css/app.css" rel="stylesheet">
</head>
<body>
<div class="container" style="padding: 40px">
    <div class="row">
        <div class="col-sm-4 col-sm-offset-4 text-center">
            <h1>Webhook.site Error</h1>
            <p class="lead">404 Token not found</p>
                        <p class="small">
                    The URL was deleted manually, or expired automatically.

    To avoid URLs expiring automatically, you can
    <a href="/register">upgrade to Webhook.site Pro or Enterprise</a>.
            </p>
                        <br>
            <p><a class="btn btn-primary" href="/" role="button">&larr; Back to Webhook.site</a></p>
            <br>
            <p class="small muted">Copyright &copy; 2022 Webhook ApS</p>
        </div>
    </div>
</div>
</body>
</html>

[2023-06-15T00:13:18.376+0000] {http.py:122} INFO - Poking: 
[2023-06-15T00:13:18.428+0000] {base.py:73} INFO - Using connection ID 'treino_06_api_posts' for task execution.
[2023-06-15T00:13:19.220+0000] {http.py:170} ERROR - HTTP error: Not Found
[2023-06-15T00:13:19.222+0000] {http.py:171} ERROR - <!DOCTYPE html>
<html>
<head>
    <title>Error: Token not found - Webhook.site</title>
    <link href="/assets/css/libs/bootstrap.min.css" rel="stylesheet" crossorigin="anonymous">
    <link href="/css/app.css" rel="stylesheet">
</head>
<body>
<div class="container" style="padding: 40px">
    <div class="row">
        <div class="col-sm-4 col-sm-offset-4 text-center">
            <h1>Webhook.site Error</h1>
            <p class="lead">404 Token not found</p>
                        <p class="small">
                    The URL was deleted manually, or expired automatically.

    To avoid URLs expiring automatically, you can
    <a href="/register">upgrade to Webhook.site Pro or Enterprise</a>.
            </p>
                        <br>
            <p><a class="btn btn-primary" href="/" role="button">&larr; Back to Webhook.site</a></p>
            <br>
            <p class="small muted">Copyright &copy; 2022 Webhook ApS</p>
        </div>
    </div>
</div>
</body>
</html>

[2023-06-15T00:14:19.298+0000] {http.py:122} INFO - Poking: 
[2023-06-15T00:14:19.322+0000] {base.py:73} INFO - Using connection ID 'treino_06_api_posts' for task execution.
[2023-06-15T00:14:20.400+0000] {http.py:170} ERROR - HTTP error: Not Found
[2023-06-15T00:14:20.401+0000] {http.py:171} ERROR - <!DOCTYPE html>
<html>
<head>
    <title>Error: Token not found - Webhook.site</title>
    <link href="/assets/css/libs/bootstrap.min.css" rel="stylesheet" crossorigin="anonymous">
    <link href="/css/app.css" rel="stylesheet">
</head>
<body>
<div class="container" style="padding: 40px">
    <div class="row">
        <div class="col-sm-4 col-sm-offset-4 text-center">
            <h1>Webhook.site Error</h1>
            <p class="lead">404 Token not found</p>
                        <p class="small">
                    The URL was deleted manually, or expired automatically.

    To avoid URLs expiring automatically, you can
    <a href="/register">upgrade to Webhook.site Pro or Enterprise</a>.
            </p>
                        <br>
            <p><a class="btn btn-primary" href="/" role="button">&larr; Back to Webhook.site</a></p>
            <br>
            <p class="small muted">Copyright &copy; 2022 Webhook ApS</p>
        </div>
    </div>
</div>
</body>
</html>

[2023-06-15T00:15:20.432+0000] {http.py:122} INFO - Poking: 
[2023-06-15T00:15:20.464+0000] {base.py:73} INFO - Using connection ID 'treino_06_api_posts' for task execution.
[2023-06-15T00:15:21.254+0000] {http.py:170} ERROR - HTTP error: Not Found
[2023-06-15T00:15:21.254+0000] {http.py:171} ERROR - <!DOCTYPE html>
<html>
<head>
    <title>Error: Token not found - Webhook.site</title>
    <link href="/assets/css/libs/bootstrap.min.css" rel="stylesheet" crossorigin="anonymous">
    <link href="/css/app.css" rel="stylesheet">
</head>
<body>
<div class="container" style="padding: 40px">
    <div class="row">
        <div class="col-sm-4 col-sm-offset-4 text-center">
            <h1>Webhook.site Error</h1>
            <p class="lead">404 Token not found</p>
                        <p class="small">
                    The URL was deleted manually, or expired automatically.

    To avoid URLs expiring automatically, you can
    <a href="/register">upgrade to Webhook.site Pro or Enterprise</a>.
            </p>
                        <br>
            <p><a class="btn btn-primary" href="/" role="button">&larr; Back to Webhook.site</a></p>
            <br>
            <p class="small muted">Copyright &copy; 2022 Webhook ApS</p>
        </div>
    </div>
</div>
</body>
</html>

[2023-06-15T00:16:21.300+0000] {http.py:122} INFO - Poking: 
[2023-06-15T00:16:21.346+0000] {base.py:73} INFO - Using connection ID 'treino_06_api_posts' for task execution.
[2023-06-15T00:16:22.775+0000] {http.py:170} ERROR - HTTP error: Not Found
[2023-06-15T00:16:22.776+0000] {http.py:171} ERROR - <!DOCTYPE html>
<html>
<head>
    <title>Error: Token not found - Webhook.site</title>
    <link href="/assets/css/libs/bootstrap.min.css" rel="stylesheet" crossorigin="anonymous">
    <link href="/css/app.css" rel="stylesheet">
</head>
<body>
<div class="container" style="padding: 40px">
    <div class="row">
        <div class="col-sm-4 col-sm-offset-4 text-center">
            <h1>Webhook.site Error</h1>
            <p class="lead">404 Token not found</p>
                        <p class="small">
                    The URL was deleted manually, or expired automatically.

    To avoid URLs expiring automatically, you can
    <a href="/register">upgrade to Webhook.site Pro or Enterprise</a>.
            </p>
                        <br>
            <p><a class="btn btn-primary" href="/" role="button">&larr; Back to Webhook.site</a></p>
            <br>
            <p class="small muted">Copyright &copy; 2022 Webhook ApS</p>
        </div>
    </div>
</div>
</body>
</html>

[2023-06-15T00:17:22.836+0000] {http.py:122} INFO - Poking: 
[2023-06-15T00:17:22.883+0000] {base.py:73} INFO - Using connection ID 'treino_06_api_posts' for task execution.
[2023-06-15T00:17:23.626+0000] {http.py:170} ERROR - HTTP error: Not Found
[2023-06-15T00:17:23.629+0000] {http.py:171} ERROR - <!DOCTYPE html>
<html>
<head>
    <title>Error: Token not found - Webhook.site</title>
    <link href="/assets/css/libs/bootstrap.min.css" rel="stylesheet" crossorigin="anonymous">
    <link href="/css/app.css" rel="stylesheet">
</head>
<body>
<div class="container" style="padding: 40px">
    <div class="row">
        <div class="col-sm-4 col-sm-offset-4 text-center">
            <h1>Webhook.site Error</h1>
            <p class="lead">404 Token not found</p>
                        <p class="small">
                    The URL was deleted manually, or expired automatically.

    To avoid URLs expiring automatically, you can
    <a href="/register">upgrade to Webhook.site Pro or Enterprise</a>.
            </p>
                        <br>
            <p><a class="btn btn-primary" href="/" role="button">&larr; Back to Webhook.site</a></p>
            <br>
            <p class="small muted">Copyright &copy; 2022 Webhook ApS</p>
        </div>
    </div>
</div>
</body>
</html>

[2023-06-15T00:18:23.697+0000] {http.py:122} INFO - Poking: 
[2023-06-15T00:18:23.714+0000] {base.py:73} INFO - Using connection ID 'treino_06_api_posts' for task execution.
[2023-06-15T00:18:24.656+0000] {http.py:170} ERROR - HTTP error: Not Found
[2023-06-15T00:18:24.661+0000] {http.py:171} ERROR - <!DOCTYPE html>
<html>
<head>
    <title>Error: Token not found - Webhook.site</title>
    <link href="/assets/css/libs/bootstrap.min.css" rel="stylesheet" crossorigin="anonymous">
    <link href="/css/app.css" rel="stylesheet">
</head>
<body>
<div class="container" style="padding: 40px">
    <div class="row">
        <div class="col-sm-4 col-sm-offset-4 text-center">
            <h1>Webhook.site Error</h1>
            <p class="lead">404 Token not found</p>
                        <p class="small">
                    The URL was deleted manually, or expired automatically.

    To avoid URLs expiring automatically, you can
    <a href="/register">upgrade to Webhook.site Pro or Enterprise</a>.
            </p>
                        <br>
            <p><a class="btn btn-primary" href="/" role="button">&larr; Back to Webhook.site</a></p>
            <br>
            <p class="small muted">Copyright &copy; 2022 Webhook ApS</p>
        </div>
    </div>
</div>
</body>
</html>

[2023-06-15T00:19:24.690+0000] {http.py:122} INFO - Poking: 
[2023-06-15T00:19:24.738+0000] {base.py:73} INFO - Using connection ID 'treino_06_api_posts' for task execution.
[2023-06-15T00:19:25.652+0000] {http.py:170} ERROR - HTTP error: Not Found
[2023-06-15T00:19:25.655+0000] {http.py:171} ERROR - <!DOCTYPE html>
<html>
<head>
    <title>Error: Token not found - Webhook.site</title>
    <link href="/assets/css/libs/bootstrap.min.css" rel="stylesheet" crossorigin="anonymous">
    <link href="/css/app.css" rel="stylesheet">
</head>
<body>
<div class="container" style="padding: 40px">
    <div class="row">
        <div class="col-sm-4 col-sm-offset-4 text-center">
            <h1>Webhook.site Error</h1>
            <p class="lead">404 Token not found</p>
                        <p class="small">
                    The URL was deleted manually, or expired automatically.

    To avoid URLs expiring automatically, you can
    <a href="/register">upgrade to Webhook.site Pro or Enterprise</a>.
            </p>
                        <br>
            <p><a class="btn btn-primary" href="/" role="button">&larr; Back to Webhook.site</a></p>
            <br>
            <p class="small muted">Copyright &copy; 2022 Webhook ApS</p>
        </div>
    </div>
</div>
</body>
</html>

[2023-06-15T00:20:25.718+0000] {http.py:122} INFO - Poking: 
[2023-06-15T00:20:25.764+0000] {base.py:73} INFO - Using connection ID 'treino_06_api_posts' for task execution.
[2023-06-15T00:20:26.652+0000] {http.py:170} ERROR - HTTP error: Not Found
[2023-06-15T00:20:26.654+0000] {http.py:171} ERROR - <!DOCTYPE html>
<html>
<head>
    <title>Error: Token not found - Webhook.site</title>
    <link href="/assets/css/libs/bootstrap.min.css" rel="stylesheet" crossorigin="anonymous">
    <link href="/css/app.css" rel="stylesheet">
</head>
<body>
<div class="container" style="padding: 40px">
    <div class="row">
        <div class="col-sm-4 col-sm-offset-4 text-center">
            <h1>Webhook.site Error</h1>
            <p class="lead">404 Token not found</p>
                        <p class="small">
                    The URL was deleted manually, or expired automatically.

    To avoid URLs expiring automatically, you can
    <a href="/register">upgrade to Webhook.site Pro or Enterprise</a>.
            </p>
                        <br>
            <p><a class="btn btn-primary" href="/" role="button">&larr; Back to Webhook.site</a></p>
            <br>
            <p class="small muted">Copyright &copy; 2022 Webhook ApS</p>
        </div>
    </div>
</div>
</body>
</html>

[2023-06-15T00:21:26.678+0000] {http.py:122} INFO - Poking: 
[2023-06-15T00:21:26.721+0000] {base.py:73} INFO - Using connection ID 'treino_06_api_posts' for task execution.
[2023-06-15T00:21:27.590+0000] {http.py:170} ERROR - HTTP error: Not Found
[2023-06-15T00:21:27.592+0000] {http.py:171} ERROR - <!DOCTYPE html>
<html>
<head>
    <title>Error: Token not found - Webhook.site</title>
    <link href="/assets/css/libs/bootstrap.min.css" rel="stylesheet" crossorigin="anonymous">
    <link href="/css/app.css" rel="stylesheet">
</head>
<body>
<div class="container" style="padding: 40px">
    <div class="row">
        <div class="col-sm-4 col-sm-offset-4 text-center">
            <h1>Webhook.site Error</h1>
            <p class="lead">404 Token not found</p>
                        <p class="small">
                    The URL was deleted manually, or expired automatically.

    To avoid URLs expiring automatically, you can
    <a href="/register">upgrade to Webhook.site Pro or Enterprise</a>.
            </p>
                        <br>
            <p><a class="btn btn-primary" href="/" role="button">&larr; Back to Webhook.site</a></p>
            <br>
            <p class="small muted">Copyright &copy; 2022 Webhook ApS</p>
        </div>
    </div>
</div>
</body>
</html>

[2023-06-15T00:22:27.606+0000] {http.py:122} INFO - Poking: 
[2023-06-15T00:22:27.669+0000] {base.py:73} INFO - Using connection ID 'treino_06_api_posts' for task execution.
[2023-06-15T00:22:28.701+0000] {http.py:170} ERROR - HTTP error: Not Found
[2023-06-15T00:22:28.702+0000] {http.py:171} ERROR - <!DOCTYPE html>
<html>
<head>
    <title>Error: Token not found - Webhook.site</title>
    <link href="/assets/css/libs/bootstrap.min.css" rel="stylesheet" crossorigin="anonymous">
    <link href="/css/app.css" rel="stylesheet">
</head>
<body>
<div class="container" style="padding: 40px">
    <div class="row">
        <div class="col-sm-4 col-sm-offset-4 text-center">
            <h1>Webhook.site Error</h1>
            <p class="lead">404 Token not found</p>
                        <p class="small">
                    The URL was deleted manually, or expired automatically.

    To avoid URLs expiring automatically, you can
    <a href="/register">upgrade to Webhook.site Pro or Enterprise</a>.
            </p>
                        <br>
            <p><a class="btn btn-primary" href="/" role="button">&larr; Back to Webhook.site</a></p>
            <br>
            <p class="small muted">Copyright &copy; 2022 Webhook ApS</p>
        </div>
    </div>
</div>
</body>
</html>

[2023-06-15T00:23:28.743+0000] {http.py:122} INFO - Poking: 
[2023-06-15T00:23:28.798+0000] {base.py:73} INFO - Using connection ID 'treino_06_api_posts' for task execution.
[2023-06-15T00:23:29.641+0000] {http.py:170} ERROR - HTTP error: Not Found
[2023-06-15T00:23:29.642+0000] {http.py:171} ERROR - <!DOCTYPE html>
<html>
<head>
    <title>Error: Token not found - Webhook.site</title>
    <link href="/assets/css/libs/bootstrap.min.css" rel="stylesheet" crossorigin="anonymous">
    <link href="/css/app.css" rel="stylesheet">
</head>
<body>
<div class="container" style="padding: 40px">
    <div class="row">
        <div class="col-sm-4 col-sm-offset-4 text-center">
            <h1>Webhook.site Error</h1>
            <p class="lead">404 Token not found</p>
                        <p class="small">
                    The URL was deleted manually, or expired automatically.

    To avoid URLs expiring automatically, you can
    <a href="/register">upgrade to Webhook.site Pro or Enterprise</a>.
            </p>
                        <br>
            <p><a class="btn btn-primary" href="/" role="button">&larr; Back to Webhook.site</a></p>
            <br>
            <p class="small muted">Copyright &copy; 2022 Webhook ApS</p>
        </div>
    </div>
</div>
</body>
</html>

[2023-06-15T00:24:29.706+0000] {http.py:122} INFO - Poking: 
[2023-06-15T00:24:29.753+0000] {base.py:73} INFO - Using connection ID 'treino_06_api_posts' for task execution.
[2023-06-15T00:24:30.690+0000] {http.py:170} ERROR - HTTP error: Not Found
[2023-06-15T00:24:30.691+0000] {http.py:171} ERROR - <!DOCTYPE html>
<html>
<head>
    <title>Error: Token not found - Webhook.site</title>
    <link href="/assets/css/libs/bootstrap.min.css" rel="stylesheet" crossorigin="anonymous">
    <link href="/css/app.css" rel="stylesheet">
</head>
<body>
<div class="container" style="padding: 40px">
    <div class="row">
        <div class="col-sm-4 col-sm-offset-4 text-center">
            <h1>Webhook.site Error</h1>
            <p class="lead">404 Token not found</p>
                        <p class="small">
                    The URL was deleted manually, or expired automatically.

    To avoid URLs expiring automatically, you can
    <a href="/register">upgrade to Webhook.site Pro or Enterprise</a>.
            </p>
                        <br>
            <p><a class="btn btn-primary" href="/" role="button">&larr; Back to Webhook.site</a></p>
            <br>
            <p class="small muted">Copyright &copy; 2022 Webhook ApS</p>
        </div>
    </div>
</div>
</body>
</html>

[2023-06-15T00:25:30.750+0000] {http.py:122} INFO - Poking: 
[2023-06-15T00:25:30.798+0000] {base.py:73} INFO - Using connection ID 'treino_06_api_posts' for task execution.
[2023-06-15T00:25:31.549+0000] {http.py:170} ERROR - HTTP error: Not Found
[2023-06-15T00:25:31.551+0000] {http.py:171} ERROR - <!DOCTYPE html>
<html>
<head>
    <title>Error: Token not found - Webhook.site</title>
    <link href="/assets/css/libs/bootstrap.min.css" rel="stylesheet" crossorigin="anonymous">
    <link href="/css/app.css" rel="stylesheet">
</head>
<body>
<div class="container" style="padding: 40px">
    <div class="row">
        <div class="col-sm-4 col-sm-offset-4 text-center">
            <h1>Webhook.site Error</h1>
            <p class="lead">404 Token not found</p>
                        <p class="small">
                    The URL was deleted manually, or expired automatically.

    To avoid URLs expiring automatically, you can
    <a href="/register">upgrade to Webhook.site Pro or Enterprise</a>.
            </p>
                        <br>
            <p><a class="btn btn-primary" href="/" role="button">&larr; Back to Webhook.site</a></p>
            <br>
            <p class="small muted">Copyright &copy; 2022 Webhook ApS</p>
        </div>
    </div>
</div>
</body>
</html>

[2023-06-15T00:26:31.584+0000] {http.py:122} INFO - Poking: 
[2023-06-15T00:26:31.621+0000] {base.py:73} INFO - Using connection ID 'treino_06_api_posts' for task execution.
[2023-06-15T00:26:33.192+0000] {http.py:170} ERROR - HTTP error: Not Found
[2023-06-15T00:26:33.194+0000] {http.py:171} ERROR - <!DOCTYPE html>
<html>
<head>
    <title>Error: Token not found - Webhook.site</title>
    <link href="/assets/css/libs/bootstrap.min.css" rel="stylesheet" crossorigin="anonymous">
    <link href="/css/app.css" rel="stylesheet">
</head>
<body>
<div class="container" style="padding: 40px">
    <div class="row">
        <div class="col-sm-4 col-sm-offset-4 text-center">
            <h1>Webhook.site Error</h1>
            <p class="lead">404 Token not found</p>
                        <p class="small">
                    The URL was deleted manually, or expired automatically.

    To avoid URLs expiring automatically, you can
    <a href="/register">upgrade to Webhook.site Pro or Enterprise</a>.
            </p>
                        <br>
            <p><a class="btn btn-primary" href="/" role="button">&larr; Back to Webhook.site</a></p>
            <br>
            <p class="small muted">Copyright &copy; 2022 Webhook ApS</p>
        </div>
    </div>
</div>
</body>
</html>

[2023-06-15T00:27:33.258+0000] {http.py:122} INFO - Poking: 
[2023-06-15T00:27:33.291+0000] {base.py:73} INFO - Using connection ID 'treino_06_api_posts' for task execution.
[2023-06-15T00:27:34.130+0000] {http.py:170} ERROR - HTTP error: Not Found
[2023-06-15T00:27:34.131+0000] {http.py:171} ERROR - <!DOCTYPE html>
<html>
<head>
    <title>Error: Token not found - Webhook.site</title>
    <link href="/assets/css/libs/bootstrap.min.css" rel="stylesheet" crossorigin="anonymous">
    <link href="/css/app.css" rel="stylesheet">
</head>
<body>
<div class="container" style="padding: 40px">
    <div class="row">
        <div class="col-sm-4 col-sm-offset-4 text-center">
            <h1>Webhook.site Error</h1>
            <p class="lead">404 Token not found</p>
                        <p class="small">
                    The URL was deleted manually, or expired automatically.

    To avoid URLs expiring automatically, you can
    <a href="/register">upgrade to Webhook.site Pro or Enterprise</a>.
            </p>
                        <br>
            <p><a class="btn btn-primary" href="/" role="button">&larr; Back to Webhook.site</a></p>
            <br>
            <p class="small muted">Copyright &copy; 2022 Webhook ApS</p>
        </div>
    </div>
</div>
</body>
</html>

[2023-06-15T00:28:34.147+0000] {http.py:122} INFO - Poking: 
[2023-06-15T00:28:34.195+0000] {base.py:73} INFO - Using connection ID 'treino_06_api_posts' for task execution.
[2023-06-15T00:28:35.184+0000] {http.py:170} ERROR - HTTP error: Not Found
[2023-06-15T00:28:35.187+0000] {http.py:171} ERROR - <!DOCTYPE html>
<html>
<head>
    <title>Error: Token not found - Webhook.site</title>
    <link href="/assets/css/libs/bootstrap.min.css" rel="stylesheet" crossorigin="anonymous">
    <link href="/css/app.css" rel="stylesheet">
</head>
<body>
<div class="container" style="padding: 40px">
    <div class="row">
        <div class="col-sm-4 col-sm-offset-4 text-center">
            <h1>Webhook.site Error</h1>
            <p class="lead">404 Token not found</p>
                        <p class="small">
                    The URL was deleted manually, or expired automatically.

    To avoid URLs expiring automatically, you can
    <a href="/register">upgrade to Webhook.site Pro or Enterprise</a>.
            </p>
                        <br>
            <p><a class="btn btn-primary" href="/" role="button">&larr; Back to Webhook.site</a></p>
            <br>
            <p class="small muted">Copyright &copy; 2022 Webhook ApS</p>
        </div>
    </div>
</div>
</body>
</html>

[2023-06-15T00:29:35.228+0000] {http.py:122} INFO - Poking: 
[2023-06-15T00:29:35.271+0000] {base.py:73} INFO - Using connection ID 'treino_06_api_posts' for task execution.
[2023-06-15T00:29:36.003+0000] {http.py:170} ERROR - HTTP error: Not Found
[2023-06-15T00:29:36.008+0000] {http.py:171} ERROR - <!DOCTYPE html>
<html>
<head>
    <title>Error: Token not found - Webhook.site</title>
    <link href="/assets/css/libs/bootstrap.min.css" rel="stylesheet" crossorigin="anonymous">
    <link href="/css/app.css" rel="stylesheet">
</head>
<body>
<div class="container" style="padding: 40px">
    <div class="row">
        <div class="col-sm-4 col-sm-offset-4 text-center">
            <h1>Webhook.site Error</h1>
            <p class="lead">404 Token not found</p>
                        <p class="small">
                    The URL was deleted manually, or expired automatically.

    To avoid URLs expiring automatically, you can
    <a href="/register">upgrade to Webhook.site Pro or Enterprise</a>.
            </p>
                        <br>
            <p><a class="btn btn-primary" href="/" role="button">&larr; Back to Webhook.site</a></p>
            <br>
            <p class="small muted">Copyright &copy; 2022 Webhook ApS</p>
        </div>
    </div>
</div>
</body>
</html>

[2023-06-15T00:30:36.075+0000] {http.py:122} INFO - Poking: 
[2023-06-15T00:30:36.096+0000] {base.py:73} INFO - Using connection ID 'treino_06_api_posts' for task execution.
[2023-06-15T00:30:37.468+0000] {http.py:170} ERROR - HTTP error: Not Found
[2023-06-15T00:30:37.470+0000] {http.py:171} ERROR - <!DOCTYPE html>
<html>
<head>
    <title>Error: Token not found - Webhook.site</title>
    <link href="/assets/css/libs/bootstrap.min.css" rel="stylesheet" crossorigin="anonymous">
    <link href="/css/app.css" rel="stylesheet">
</head>
<body>
<div class="container" style="padding: 40px">
    <div class="row">
        <div class="col-sm-4 col-sm-offset-4 text-center">
            <h1>Webhook.site Error</h1>
            <p class="lead">404 Token not found</p>
                        <p class="small">
                    The URL was deleted manually, or expired automatically.

    To avoid URLs expiring automatically, you can
    <a href="/register">upgrade to Webhook.site Pro or Enterprise</a>.
            </p>
                        <br>
            <p><a class="btn btn-primary" href="/" role="button">&larr; Back to Webhook.site</a></p>
            <br>
            <p class="small muted">Copyright &copy; 2022 Webhook ApS</p>
        </div>
    </div>
</div>
</body>
</html>

[2023-06-15T00:31:37.521+0000] {http.py:122} INFO - Poking: 
[2023-06-15T00:31:37.545+0000] {base.py:73} INFO - Using connection ID 'treino_06_api_posts' for task execution.
[2023-06-15T00:31:38.416+0000] {http.py:170} ERROR - HTTP error: Not Found
[2023-06-15T00:31:38.417+0000] {http.py:171} ERROR - <!DOCTYPE html>
<html>
<head>
    <title>Error: Token not found - Webhook.site</title>
    <link href="/assets/css/libs/bootstrap.min.css" rel="stylesheet" crossorigin="anonymous">
    <link href="/css/app.css" rel="stylesheet">
</head>
<body>
<div class="container" style="padding: 40px">
    <div class="row">
        <div class="col-sm-4 col-sm-offset-4 text-center">
            <h1>Webhook.site Error</h1>
            <p class="lead">404 Token not found</p>
                        <p class="small">
                    The URL was deleted manually, or expired automatically.

    To avoid URLs expiring automatically, you can
    <a href="/register">upgrade to Webhook.site Pro or Enterprise</a>.
            </p>
                        <br>
            <p><a class="btn btn-primary" href="/" role="button">&larr; Back to Webhook.site</a></p>
            <br>
            <p class="small muted">Copyright &copy; 2022 Webhook ApS</p>
        </div>
    </div>
</div>
</body>
</html>

[2023-06-15T00:32:38.470+0000] {http.py:122} INFO - Poking: 
[2023-06-15T00:32:38.521+0000] {base.py:73} INFO - Using connection ID 'treino_06_api_posts' for task execution.
[2023-06-15T00:32:39.572+0000] {http.py:170} ERROR - HTTP error: Not Found
[2023-06-15T00:32:39.575+0000] {http.py:171} ERROR - <!DOCTYPE html>
<html>
<head>
    <title>Error: Token not found - Webhook.site</title>
    <link href="/assets/css/libs/bootstrap.min.css" rel="stylesheet" crossorigin="anonymous">
    <link href="/css/app.css" rel="stylesheet">
</head>
<body>
<div class="container" style="padding: 40px">
    <div class="row">
        <div class="col-sm-4 col-sm-offset-4 text-center">
            <h1>Webhook.site Error</h1>
            <p class="lead">404 Token not found</p>
                        <p class="small">
                    The URL was deleted manually, or expired automatically.

    To avoid URLs expiring automatically, you can
    <a href="/register">upgrade to Webhook.site Pro or Enterprise</a>.
            </p>
                        <br>
            <p><a class="btn btn-primary" href="/" role="button">&larr; Back to Webhook.site</a></p>
            <br>
            <p class="small muted">Copyright &copy; 2022 Webhook ApS</p>
        </div>
    </div>
</div>
</body>
</html>

[2023-06-15T00:33:39.645+0000] {http.py:122} INFO - Poking: 
[2023-06-15T00:33:39.691+0000] {base.py:73} INFO - Using connection ID 'treino_06_api_posts' for task execution.
[2023-06-15T00:33:40.517+0000] {http.py:170} ERROR - HTTP error: Not Found
[2023-06-15T00:33:40.520+0000] {http.py:171} ERROR - <!DOCTYPE html>
<html>
<head>
    <title>Error: Token not found - Webhook.site</title>
    <link href="/assets/css/libs/bootstrap.min.css" rel="stylesheet" crossorigin="anonymous">
    <link href="/css/app.css" rel="stylesheet">
</head>
<body>
<div class="container" style="padding: 40px">
    <div class="row">
        <div class="col-sm-4 col-sm-offset-4 text-center">
            <h1>Webhook.site Error</h1>
            <p class="lead">404 Token not found</p>
                        <p class="small">
                    The URL was deleted manually, or expired automatically.

    To avoid URLs expiring automatically, you can
    <a href="/register">upgrade to Webhook.site Pro or Enterprise</a>.
            </p>
                        <br>
            <p><a class="btn btn-primary" href="/" role="button">&larr; Back to Webhook.site</a></p>
            <br>
            <p class="small muted">Copyright &copy; 2022 Webhook ApS</p>
        </div>
    </div>
</div>
</body>
</html>

[2023-06-15T00:34:40.551+0000] {http.py:122} INFO - Poking: 
[2023-06-15T00:34:40.599+0000] {base.py:73} INFO - Using connection ID 'treino_06_api_posts' for task execution.
[2023-06-15T00:34:41.492+0000] {http.py:170} ERROR - HTTP error: Not Found
[2023-06-15T00:34:41.495+0000] {http.py:171} ERROR - <!DOCTYPE html>
<html>
<head>
    <title>Error: Token not found - Webhook.site</title>
    <link href="/assets/css/libs/bootstrap.min.css" rel="stylesheet" crossorigin="anonymous">
    <link href="/css/app.css" rel="stylesheet">
</head>
<body>
<div class="container" style="padding: 40px">
    <div class="row">
        <div class="col-sm-4 col-sm-offset-4 text-center">
            <h1>Webhook.site Error</h1>
            <p class="lead">404 Token not found</p>
                        <p class="small">
                    The URL was deleted manually, or expired automatically.

    To avoid URLs expiring automatically, you can
    <a href="/register">upgrade to Webhook.site Pro or Enterprise</a>.
            </p>
                        <br>
            <p><a class="btn btn-primary" href="/" role="button">&larr; Back to Webhook.site</a></p>
            <br>
            <p class="small muted">Copyright &copy; 2022 Webhook ApS</p>
        </div>
    </div>
</div>
</body>
</html>

[2023-06-15T00:35:41.542+0000] {http.py:122} INFO - Poking: 
[2023-06-15T00:35:41.585+0000] {base.py:73} INFO - Using connection ID 'treino_06_api_posts' for task execution.
[2023-06-15T00:35:42.411+0000] {http.py:170} ERROR - HTTP error: Not Found
[2023-06-15T00:35:42.413+0000] {http.py:171} ERROR - <!DOCTYPE html>
<html>
<head>
    <title>Error: Token not found - Webhook.site</title>
    <link href="/assets/css/libs/bootstrap.min.css" rel="stylesheet" crossorigin="anonymous">
    <link href="/css/app.css" rel="stylesheet">
</head>
<body>
<div class="container" style="padding: 40px">
    <div class="row">
        <div class="col-sm-4 col-sm-offset-4 text-center">
            <h1>Webhook.site Error</h1>
            <p class="lead">404 Token not found</p>
                        <p class="small">
                    The URL was deleted manually, or expired automatically.

    To avoid URLs expiring automatically, you can
    <a href="/register">upgrade to Webhook.site Pro or Enterprise</a>.
            </p>
                        <br>
            <p><a class="btn btn-primary" href="/" role="button">&larr; Back to Webhook.site</a></p>
            <br>
            <p class="small muted">Copyright &copy; 2022 Webhook ApS</p>
        </div>
    </div>
</div>
</body>
</html>

[2023-06-15T00:36:42.417+0000] {http.py:122} INFO - Poking: 
[2023-06-15T00:36:42.463+0000] {base.py:73} INFO - Using connection ID 'treino_06_api_posts' for task execution.
[2023-06-15T00:36:43.305+0000] {http.py:170} ERROR - HTTP error: Not Found
[2023-06-15T00:36:43.308+0000] {http.py:171} ERROR - <!DOCTYPE html>
<html>
<head>
    <title>Error: Token not found - Webhook.site</title>
    <link href="/assets/css/libs/bootstrap.min.css" rel="stylesheet" crossorigin="anonymous">
    <link href="/css/app.css" rel="stylesheet">
</head>
<body>
<div class="container" style="padding: 40px">
    <div class="row">
        <div class="col-sm-4 col-sm-offset-4 text-center">
            <h1>Webhook.site Error</h1>
            <p class="lead">404 Token not found</p>
                        <p class="small">
                    The URL was deleted manually, or expired automatically.

    To avoid URLs expiring automatically, you can
    <a href="/register">upgrade to Webhook.site Pro or Enterprise</a>.
            </p>
                        <br>
            <p><a class="btn btn-primary" href="/" role="button">&larr; Back to Webhook.site</a></p>
            <br>
            <p class="small muted">Copyright &copy; 2022 Webhook ApS</p>
        </div>
    </div>
</div>
</body>
</html>

[2023-06-15T00:37:43.340+0000] {http.py:122} INFO - Poking: 
[2023-06-15T00:37:43.368+0000] {base.py:73} INFO - Using connection ID 'treino_06_api_posts' for task execution.
[2023-06-15T00:37:44.367+0000] {http.py:170} ERROR - HTTP error: Not Found
[2023-06-15T00:37:44.367+0000] {http.py:171} ERROR - <!DOCTYPE html>
<html>
<head>
    <title>Error: Token not found - Webhook.site</title>
    <link href="/assets/css/libs/bootstrap.min.css" rel="stylesheet" crossorigin="anonymous">
    <link href="/css/app.css" rel="stylesheet">
</head>
<body>
<div class="container" style="padding: 40px">
    <div class="row">
        <div class="col-sm-4 col-sm-offset-4 text-center">
            <h1>Webhook.site Error</h1>
            <p class="lead">404 Token not found</p>
                        <p class="small">
                    The URL was deleted manually, or expired automatically.

    To avoid URLs expiring automatically, you can
    <a href="/register">upgrade to Webhook.site Pro or Enterprise</a>.
            </p>
                        <br>
            <p><a class="btn btn-primary" href="/" role="button">&larr; Back to Webhook.site</a></p>
            <br>
            <p class="small muted">Copyright &copy; 2022 Webhook ApS</p>
        </div>
    </div>
</div>
</body>
</html>

[2023-06-15T00:38:44.435+0000] {http.py:122} INFO - Poking: 
[2023-06-15T00:38:44.483+0000] {base.py:73} INFO - Using connection ID 'treino_06_api_posts' for task execution.
[2023-06-15T00:38:45.586+0000] {http.py:170} ERROR - HTTP error: Not Found
[2023-06-15T00:38:45.589+0000] {http.py:171} ERROR - <!DOCTYPE html>
<html>
<head>
    <title>Error: Token not found - Webhook.site</title>
    <link href="/assets/css/libs/bootstrap.min.css" rel="stylesheet" crossorigin="anonymous">
    <link href="/css/app.css" rel="stylesheet">
</head>
<body>
<div class="container" style="padding: 40px">
    <div class="row">
        <div class="col-sm-4 col-sm-offset-4 text-center">
            <h1>Webhook.site Error</h1>
            <p class="lead">404 Token not found</p>
                        <p class="small">
                    The URL was deleted manually, or expired automatically.

    To avoid URLs expiring automatically, you can
    <a href="/register">upgrade to Webhook.site Pro or Enterprise</a>.
            </p>
                        <br>
            <p><a class="btn btn-primary" href="/" role="button">&larr; Back to Webhook.site</a></p>
            <br>
            <p class="small muted">Copyright &copy; 2022 Webhook ApS</p>
        </div>
    </div>
</div>
</body>
</html>

[2023-06-15T00:39:45.656+0000] {http.py:122} INFO - Poking: 
[2023-06-15T00:39:45.678+0000] {base.py:73} INFO - Using connection ID 'treino_06_api_posts' for task execution.
[2023-06-15T00:39:46.406+0000] {http.py:170} ERROR - HTTP error: Not Found
[2023-06-15T00:39:46.409+0000] {http.py:171} ERROR - <!DOCTYPE html>
<html>
<head>
    <title>Error: Token not found - Webhook.site</title>
    <link href="/assets/css/libs/bootstrap.min.css" rel="stylesheet" crossorigin="anonymous">
    <link href="/css/app.css" rel="stylesheet">
</head>
<body>
<div class="container" style="padding: 40px">
    <div class="row">
        <div class="col-sm-4 col-sm-offset-4 text-center">
            <h1>Webhook.site Error</h1>
            <p class="lead">404 Token not found</p>
                        <p class="small">
                    The URL was deleted manually, or expired automatically.

    To avoid URLs expiring automatically, you can
    <a href="/register">upgrade to Webhook.site Pro or Enterprise</a>.
            </p>
                        <br>
            <p><a class="btn btn-primary" href="/" role="button">&larr; Back to Webhook.site</a></p>
            <br>
            <p class="small muted">Copyright &copy; 2022 Webhook ApS</p>
        </div>
    </div>
</div>
</body>
</html>

[2023-06-15T00:40:46.435+0000] {http.py:122} INFO - Poking: 
[2023-06-15T00:40:46.481+0000] {base.py:73} INFO - Using connection ID 'treino_06_api_posts' for task execution.
[2023-06-15T00:40:47.401+0000] {http.py:170} ERROR - HTTP error: Not Found
[2023-06-15T00:40:47.404+0000] {http.py:171} ERROR - <!DOCTYPE html>
<html>
<head>
    <title>Error: Token not found - Webhook.site</title>
    <link href="/assets/css/libs/bootstrap.min.css" rel="stylesheet" crossorigin="anonymous">
    <link href="/css/app.css" rel="stylesheet">
</head>
<body>
<div class="container" style="padding: 40px">
    <div class="row">
        <div class="col-sm-4 col-sm-offset-4 text-center">
            <h1>Webhook.site Error</h1>
            <p class="lead">404 Token not found</p>
                        <p class="small">
                    The URL was deleted manually, or expired automatically.

    To avoid URLs expiring automatically, you can
    <a href="/register">upgrade to Webhook.site Pro or Enterprise</a>.
            </p>
                        <br>
            <p><a class="btn btn-primary" href="/" role="button">&larr; Back to Webhook.site</a></p>
            <br>
            <p class="small muted">Copyright &copy; 2022 Webhook ApS</p>
        </div>
    </div>
</div>
</body>
</html>

[2023-06-15T00:41:47.482+0000] {http.py:122} INFO - Poking: 
[2023-06-15T00:41:47.514+0000] {base.py:73} INFO - Using connection ID 'treino_06_api_posts' for task execution.
[2023-06-15T00:41:48.385+0000] {http.py:170} ERROR - HTTP error: Not Found
[2023-06-15T00:41:48.386+0000] {http.py:171} ERROR - <!DOCTYPE html>
<html>
<head>
    <title>Error: Token not found - Webhook.site</title>
    <link href="/assets/css/libs/bootstrap.min.css" rel="stylesheet" crossorigin="anonymous">
    <link href="/css/app.css" rel="stylesheet">
</head>
<body>
<div class="container" style="padding: 40px">
    <div class="row">
        <div class="col-sm-4 col-sm-offset-4 text-center">
            <h1>Webhook.site Error</h1>
            <p class="lead">404 Token not found</p>
                        <p class="small">
                    The URL was deleted manually, or expired automatically.

    To avoid URLs expiring automatically, you can
    <a href="/register">upgrade to Webhook.site Pro or Enterprise</a>.
            </p>
                        <br>
            <p><a class="btn btn-primary" href="/" role="button">&larr; Back to Webhook.site</a></p>
            <br>
            <p class="small muted">Copyright &copy; 2022 Webhook ApS</p>
        </div>
    </div>
</div>
</body>
</html>

[2023-06-15T00:42:48.444+0000] {http.py:122} INFO - Poking: 
[2023-06-15T00:42:48.467+0000] {base.py:73} INFO - Using connection ID 'treino_06_api_posts' for task execution.
[2023-06-15T00:42:49.380+0000] {http.py:170} ERROR - HTTP error: Not Found
[2023-06-15T00:42:49.384+0000] {http.py:171} ERROR - <!DOCTYPE html>
<html>
<head>
    <title>Error: Token not found - Webhook.site</title>
    <link href="/assets/css/libs/bootstrap.min.css" rel="stylesheet" crossorigin="anonymous">
    <link href="/css/app.css" rel="stylesheet">
</head>
<body>
<div class="container" style="padding: 40px">
    <div class="row">
        <div class="col-sm-4 col-sm-offset-4 text-center">
            <h1>Webhook.site Error</h1>
            <p class="lead">404 Token not found</p>
                        <p class="small">
                    The URL was deleted manually, or expired automatically.

    To avoid URLs expiring automatically, you can
    <a href="/register">upgrade to Webhook.site Pro or Enterprise</a>.
            </p>
                        <br>
            <p><a class="btn btn-primary" href="/" role="button">&larr; Back to Webhook.site</a></p>
            <br>
            <p class="small muted">Copyright &copy; 2022 Webhook ApS</p>
        </div>
    </div>
</div>
</body>
</html>

[2023-06-15T00:43:49.396+0000] {http.py:122} INFO - Poking: 
[2023-06-15T00:43:49.413+0000] {base.py:73} INFO - Using connection ID 'treino_06_api_posts' for task execution.
[2023-06-15T00:43:50.211+0000] {http.py:170} ERROR - HTTP error: Not Found
[2023-06-15T00:43:50.213+0000] {http.py:171} ERROR - <!DOCTYPE html>
<html>
<head>
    <title>Error: Token not found - Webhook.site</title>
    <link href="/assets/css/libs/bootstrap.min.css" rel="stylesheet" crossorigin="anonymous">
    <link href="/css/app.css" rel="stylesheet">
</head>
<body>
<div class="container" style="padding: 40px">
    <div class="row">
        <div class="col-sm-4 col-sm-offset-4 text-center">
            <h1>Webhook.site Error</h1>
            <p class="lead">404 Token not found</p>
                        <p class="small">
                    The URL was deleted manually, or expired automatically.

    To avoid URLs expiring automatically, you can
    <a href="/register">upgrade to Webhook.site Pro or Enterprise</a>.
            </p>
                        <br>
            <p><a class="btn btn-primary" href="/" role="button">&larr; Back to Webhook.site</a></p>
            <br>
            <p class="small muted">Copyright &copy; 2022 Webhook ApS</p>
        </div>
    </div>
</div>
</body>
</html>

[2023-06-15T00:44:50.291+0000] {http.py:122} INFO - Poking: 
[2023-06-15T00:44:50.337+0000] {base.py:73} INFO - Using connection ID 'treino_06_api_posts' for task execution.
[2023-06-15T00:44:51.150+0000] {http.py:170} ERROR - HTTP error: Not Found
[2023-06-15T00:44:51.151+0000] {http.py:171} ERROR - <!DOCTYPE html>
<html>
<head>
    <title>Error: Token not found - Webhook.site</title>
    <link href="/assets/css/libs/bootstrap.min.css" rel="stylesheet" crossorigin="anonymous">
    <link href="/css/app.css" rel="stylesheet">
</head>
<body>
<div class="container" style="padding: 40px">
    <div class="row">
        <div class="col-sm-4 col-sm-offset-4 text-center">
            <h1>Webhook.site Error</h1>
            <p class="lead">404 Token not found</p>
                        <p class="small">
                    The URL was deleted manually, or expired automatically.

    To avoid URLs expiring automatically, you can
    <a href="/register">upgrade to Webhook.site Pro or Enterprise</a>.
            </p>
                        <br>
            <p><a class="btn btn-primary" href="/" role="button">&larr; Back to Webhook.site</a></p>
            <br>
            <p class="small muted">Copyright &copy; 2022 Webhook ApS</p>
        </div>
    </div>
</div>
</body>
</html>

[2023-06-15T00:45:51.220+0000] {http.py:122} INFO - Poking: 
[2023-06-15T00:45:51.264+0000] {base.py:73} INFO - Using connection ID 'treino_06_api_posts' for task execution.
[2023-06-15T00:45:52.203+0000] {http.py:170} ERROR - HTTP error: Not Found
[2023-06-15T00:45:52.206+0000] {http.py:171} ERROR - <!DOCTYPE html>
<html>
<head>
    <title>Error: Token not found - Webhook.site</title>
    <link href="/assets/css/libs/bootstrap.min.css" rel="stylesheet" crossorigin="anonymous">
    <link href="/css/app.css" rel="stylesheet">
</head>
<body>
<div class="container" style="padding: 40px">
    <div class="row">
        <div class="col-sm-4 col-sm-offset-4 text-center">
            <h1>Webhook.site Error</h1>
            <p class="lead">404 Token not found</p>
                        <p class="small">
                    The URL was deleted manually, or expired automatically.

    To avoid URLs expiring automatically, you can
    <a href="/register">upgrade to Webhook.site Pro or Enterprise</a>.
            </p>
                        <br>
            <p><a class="btn btn-primary" href="/" role="button">&larr; Back to Webhook.site</a></p>
            <br>
            <p class="small muted">Copyright &copy; 2022 Webhook ApS</p>
        </div>
    </div>
</div>
</body>
</html>

[2023-06-15T00:46:52.244+0000] {http.py:122} INFO - Poking: 
[2023-06-15T00:46:52.290+0000] {base.py:73} INFO - Using connection ID 'treino_06_api_posts' for task execution.
[2023-06-15T00:46:53.308+0000] {http.py:170} ERROR - HTTP error: Not Found
[2023-06-15T00:46:53.310+0000] {http.py:171} ERROR - <!DOCTYPE html>
<html>
<head>
    <title>Error: Token not found - Webhook.site</title>
    <link href="/assets/css/libs/bootstrap.min.css" rel="stylesheet" crossorigin="anonymous">
    <link href="/css/app.css" rel="stylesheet">
</head>
<body>
<div class="container" style="padding: 40px">
    <div class="row">
        <div class="col-sm-4 col-sm-offset-4 text-center">
            <h1>Webhook.site Error</h1>
            <p class="lead">404 Token not found</p>
                        <p class="small">
                    The URL was deleted manually, or expired automatically.

    To avoid URLs expiring automatically, you can
    <a href="/register">upgrade to Webhook.site Pro or Enterprise</a>.
            </p>
                        <br>
            <p><a class="btn btn-primary" href="/" role="button">&larr; Back to Webhook.site</a></p>
            <br>
            <p class="small muted">Copyright &copy; 2022 Webhook ApS</p>
        </div>
    </div>
</div>
</body>
</html>

[2023-06-15T00:47:53.380+0000] {http.py:122} INFO - Poking: 
[2023-06-15T00:47:53.402+0000] {base.py:73} INFO - Using connection ID 'treino_06_api_posts' for task execution.
[2023-06-15T00:47:54.124+0000] {http.py:170} ERROR - HTTP error: Not Found
[2023-06-15T00:47:54.126+0000] {http.py:171} ERROR - <!DOCTYPE html>
<html>
<head>
    <title>Error: Token not found - Webhook.site</title>
    <link href="/assets/css/libs/bootstrap.min.css" rel="stylesheet" crossorigin="anonymous">
    <link href="/css/app.css" rel="stylesheet">
</head>
<body>
<div class="container" style="padding: 40px">
    <div class="row">
        <div class="col-sm-4 col-sm-offset-4 text-center">
            <h1>Webhook.site Error</h1>
            <p class="lead">404 Token not found</p>
                        <p class="small">
                    The URL was deleted manually, or expired automatically.

    To avoid URLs expiring automatically, you can
    <a href="/register">upgrade to Webhook.site Pro or Enterprise</a>.
            </p>
                        <br>
            <p><a class="btn btn-primary" href="/" role="button">&larr; Back to Webhook.site</a></p>
            <br>
            <p class="small muted">Copyright &copy; 2022 Webhook ApS</p>
        </div>
    </div>
</div>
</body>
</html>

[2023-06-15T00:48:54.152+0000] {http.py:122} INFO - Poking: 
[2023-06-15T00:48:54.188+0000] {base.py:73} INFO - Using connection ID 'treino_06_api_posts' for task execution.
[2023-06-15T00:48:55.011+0000] {http.py:170} ERROR - HTTP error: Not Found
[2023-06-15T00:48:55.012+0000] {http.py:171} ERROR - <!DOCTYPE html>
<html>
<head>
    <title>Error: Token not found - Webhook.site</title>
    <link href="/assets/css/libs/bootstrap.min.css" rel="stylesheet" crossorigin="anonymous">
    <link href="/css/app.css" rel="stylesheet">
</head>
<body>
<div class="container" style="padding: 40px">
    <div class="row">
        <div class="col-sm-4 col-sm-offset-4 text-center">
            <h1>Webhook.site Error</h1>
            <p class="lead">404 Token not found</p>
                        <p class="small">
                    The URL was deleted manually, or expired automatically.

    To avoid URLs expiring automatically, you can
    <a href="/register">upgrade to Webhook.site Pro or Enterprise</a>.
            </p>
                        <br>
            <p><a class="btn btn-primary" href="/" role="button">&larr; Back to Webhook.site</a></p>
            <br>
            <p class="small muted">Copyright &copy; 2022 Webhook ApS</p>
        </div>
    </div>
</div>
</body>
</html>

[2023-06-15T00:49:55.050+0000] {http.py:122} INFO - Poking: 
[2023-06-15T00:49:55.076+0000] {base.py:73} INFO - Using connection ID 'treino_06_api_posts' for task execution.
[2023-06-15T00:49:55.932+0000] {http.py:170} ERROR - HTTP error: Not Found
[2023-06-15T00:49:55.934+0000] {http.py:171} ERROR - <!DOCTYPE html>
<html>
<head>
    <title>Error: Token not found - Webhook.site</title>
    <link href="/assets/css/libs/bootstrap.min.css" rel="stylesheet" crossorigin="anonymous">
    <link href="/css/app.css" rel="stylesheet">
</head>
<body>
<div class="container" style="padding: 40px">
    <div class="row">
        <div class="col-sm-4 col-sm-offset-4 text-center">
            <h1>Webhook.site Error</h1>
            <p class="lead">404 Token not found</p>
                        <p class="small">
                    The URL was deleted manually, or expired automatically.

    To avoid URLs expiring automatically, you can
    <a href="/register">upgrade to Webhook.site Pro or Enterprise</a>.
            </p>
                        <br>
            <p><a class="btn btn-primary" href="/" role="button">&larr; Back to Webhook.site</a></p>
            <br>
            <p class="small muted">Copyright &copy; 2022 Webhook ApS</p>
        </div>
    </div>
</div>
</body>
</html>

[2023-06-15T00:50:56.001+0000] {http.py:122} INFO - Poking: 
[2023-06-15T00:50:56.020+0000] {base.py:73} INFO - Using connection ID 'treino_06_api_posts' for task execution.
[2023-06-15T00:50:56.814+0000] {http.py:170} ERROR - HTTP error: Not Found
[2023-06-15T00:50:56.815+0000] {http.py:171} ERROR - <!DOCTYPE html>
<html>
<head>
    <title>Error: Token not found - Webhook.site</title>
    <link href="/assets/css/libs/bootstrap.min.css" rel="stylesheet" crossorigin="anonymous">
    <link href="/css/app.css" rel="stylesheet">
</head>
<body>
<div class="container" style="padding: 40px">
    <div class="row">
        <div class="col-sm-4 col-sm-offset-4 text-center">
            <h1>Webhook.site Error</h1>
            <p class="lead">404 Token not found</p>
                        <p class="small">
                    The URL was deleted manually, or expired automatically.

    To avoid URLs expiring automatically, you can
    <a href="/register">upgrade to Webhook.site Pro or Enterprise</a>.
            </p>
                        <br>
            <p><a class="btn btn-primary" href="/" role="button">&larr; Back to Webhook.site</a></p>
            <br>
            <p class="small muted">Copyright &copy; 2022 Webhook ApS</p>
        </div>
    </div>
</div>
</body>
</html>

[2023-06-15T00:51:56.859+0000] {http.py:122} INFO - Poking: 
[2023-06-15T00:51:56.893+0000] {base.py:73} INFO - Using connection ID 'treino_06_api_posts' for task execution.
[2023-06-15T00:51:57.759+0000] {http.py:170} ERROR - HTTP error: Not Found
[2023-06-15T00:51:57.759+0000] {http.py:171} ERROR - <!DOCTYPE html>
<html>
<head>
    <title>Error: Token not found - Webhook.site</title>
    <link href="/assets/css/libs/bootstrap.min.css" rel="stylesheet" crossorigin="anonymous">
    <link href="/css/app.css" rel="stylesheet">
</head>
<body>
<div class="container" style="padding: 40px">
    <div class="row">
        <div class="col-sm-4 col-sm-offset-4 text-center">
            <h1>Webhook.site Error</h1>
            <p class="lead">404 Token not found</p>
                        <p class="small">
                    The URL was deleted manually, or expired automatically.

    To avoid URLs expiring automatically, you can
    <a href="/register">upgrade to Webhook.site Pro or Enterprise</a>.
            </p>
                        <br>
            <p><a class="btn btn-primary" href="/" role="button">&larr; Back to Webhook.site</a></p>
            <br>
            <p class="small muted">Copyright &copy; 2022 Webhook ApS</p>
        </div>
    </div>
</div>
</body>
</html>

[2023-06-15T00:52:57.747+0000] {http.py:122} INFO - Poking: 
[2023-06-15T00:52:57.770+0000] {base.py:73} INFO - Using connection ID 'treino_06_api_posts' for task execution.
[2023-06-15T00:52:58.713+0000] {http.py:170} ERROR - HTTP error: Not Found
[2023-06-15T00:52:58.716+0000] {http.py:171} ERROR - <!DOCTYPE html>
<html>
<head>
    <title>Error: Token not found - Webhook.site</title>
    <link href="/assets/css/libs/bootstrap.min.css" rel="stylesheet" crossorigin="anonymous">
    <link href="/css/app.css" rel="stylesheet">
</head>
<body>
<div class="container" style="padding: 40px">
    <div class="row">
        <div class="col-sm-4 col-sm-offset-4 text-center">
            <h1>Webhook.site Error</h1>
            <p class="lead">404 Token not found</p>
                        <p class="small">
                    The URL was deleted manually, or expired automatically.

    To avoid URLs expiring automatically, you can
    <a href="/register">upgrade to Webhook.site Pro or Enterprise</a>.
            </p>
                        <br>
            <p><a class="btn btn-primary" href="/" role="button">&larr; Back to Webhook.site</a></p>
            <br>
            <p class="small muted">Copyright &copy; 2022 Webhook ApS</p>
        </div>
    </div>
</div>
</body>
</html>

[2023-06-15T00:53:58.773+0000] {http.py:122} INFO - Poking: 
[2023-06-15T00:53:58.812+0000] {base.py:73} INFO - Using connection ID 'treino_06_api_posts' for task execution.
[2023-06-15T00:53:59.633+0000] {http.py:170} ERROR - HTTP error: Not Found
[2023-06-15T00:53:59.633+0000] {http.py:171} ERROR - <!DOCTYPE html>
<html>
<head>
    <title>Error: Token not found - Webhook.site</title>
    <link href="/assets/css/libs/bootstrap.min.css" rel="stylesheet" crossorigin="anonymous">
    <link href="/css/app.css" rel="stylesheet">
</head>
<body>
<div class="container" style="padding: 40px">
    <div class="row">
        <div class="col-sm-4 col-sm-offset-4 text-center">
            <h1>Webhook.site Error</h1>
            <p class="lead">404 Token not found</p>
                        <p class="small">
                    The URL was deleted manually, or expired automatically.

    To avoid URLs expiring automatically, you can
    <a href="/register">upgrade to Webhook.site Pro or Enterprise</a>.
            </p>
                        <br>
            <p><a class="btn btn-primary" href="/" role="button">&larr; Back to Webhook.site</a></p>
            <br>
            <p class="small muted">Copyright &copy; 2022 Webhook ApS</p>
        </div>
    </div>
</div>
</body>
</html>

[2023-06-15T00:54:59.697+0000] {http.py:122} INFO - Poking: 
[2023-06-15T00:54:59.723+0000] {base.py:73} INFO - Using connection ID 'treino_06_api_posts' for task execution.
[2023-06-15T00:55:00.633+0000] {http.py:170} ERROR - HTTP error: Not Found
[2023-06-15T00:55:00.636+0000] {http.py:171} ERROR - <!DOCTYPE html>
<html>
<head>
    <title>Error: Token not found - Webhook.site</title>
    <link href="/assets/css/libs/bootstrap.min.css" rel="stylesheet" crossorigin="anonymous">
    <link href="/css/app.css" rel="stylesheet">
</head>
<body>
<div class="container" style="padding: 40px">
    <div class="row">
        <div class="col-sm-4 col-sm-offset-4 text-center">
            <h1>Webhook.site Error</h1>
            <p class="lead">404 Token not found</p>
                        <p class="small">
                    The URL was deleted manually, or expired automatically.

    To avoid URLs expiring automatically, you can
    <a href="/register">upgrade to Webhook.site Pro or Enterprise</a>.
            </p>
                        <br>
            <p><a class="btn btn-primary" href="/" role="button">&larr; Back to Webhook.site</a></p>
            <br>
            <p class="small muted">Copyright &copy; 2022 Webhook ApS</p>
        </div>
    </div>
</div>
</body>
</html>

[2023-06-15T00:56:00.653+0000] {http.py:122} INFO - Poking: 
[2023-06-15T00:56:00.686+0000] {base.py:73} INFO - Using connection ID 'treino_06_api_posts' for task execution.
[2023-06-15T00:56:01.451+0000] {http.py:170} ERROR - HTTP error: Not Found
[2023-06-15T00:56:01.453+0000] {http.py:171} ERROR - <!DOCTYPE html>
<html>
<head>
    <title>Error: Token not found - Webhook.site</title>
    <link href="/assets/css/libs/bootstrap.min.css" rel="stylesheet" crossorigin="anonymous">
    <link href="/css/app.css" rel="stylesheet">
</head>
<body>
<div class="container" style="padding: 40px">
    <div class="row">
        <div class="col-sm-4 col-sm-offset-4 text-center">
            <h1>Webhook.site Error</h1>
            <p class="lead">404 Token not found</p>
                        <p class="small">
                    The URL was deleted manually, or expired automatically.

    To avoid URLs expiring automatically, you can
    <a href="/register">upgrade to Webhook.site Pro or Enterprise</a>.
            </p>
                        <br>
            <p><a class="btn btn-primary" href="/" role="button">&larr; Back to Webhook.site</a></p>
            <br>
            <p class="small muted">Copyright &copy; 2022 Webhook ApS</p>
        </div>
    </div>
</div>
</body>
</html>

[2023-06-15T00:57:01.510+0000] {http.py:122} INFO - Poking: 
[2023-06-15T00:57:01.548+0000] {base.py:73} INFO - Using connection ID 'treino_06_api_posts' for task execution.
[2023-06-15T00:57:02.401+0000] {http.py:170} ERROR - HTTP error: Not Found
[2023-06-15T00:57:02.402+0000] {http.py:171} ERROR - <!DOCTYPE html>
<html>
<head>
    <title>Error: Token not found - Webhook.site</title>
    <link href="/assets/css/libs/bootstrap.min.css" rel="stylesheet" crossorigin="anonymous">
    <link href="/css/app.css" rel="stylesheet">
</head>
<body>
<div class="container" style="padding: 40px">
    <div class="row">
        <div class="col-sm-4 col-sm-offset-4 text-center">
            <h1>Webhook.site Error</h1>
            <p class="lead">404 Token not found</p>
                        <p class="small">
                    The URL was deleted manually, or expired automatically.

    To avoid URLs expiring automatically, you can
    <a href="/register">upgrade to Webhook.site Pro or Enterprise</a>.
            </p>
                        <br>
            <p><a class="btn btn-primary" href="/" role="button">&larr; Back to Webhook.site</a></p>
            <br>
            <p class="small muted">Copyright &copy; 2022 Webhook ApS</p>
        </div>
    </div>
</div>
</body>
</html>

[2023-06-15T00:58:02.466+0000] {http.py:122} INFO - Poking: 
[2023-06-15T00:58:02.517+0000] {base.py:73} INFO - Using connection ID 'treino_06_api_posts' for task execution.
[2023-06-15T00:58:03.223+0000] {http.py:170} ERROR - HTTP error: Not Found
[2023-06-15T00:58:03.227+0000] {http.py:171} ERROR - <!DOCTYPE html>
<html>
<head>
    <title>Error: Token not found - Webhook.site</title>
    <link href="/assets/css/libs/bootstrap.min.css" rel="stylesheet" crossorigin="anonymous">
    <link href="/css/app.css" rel="stylesheet">
</head>
<body>
<div class="container" style="padding: 40px">
    <div class="row">
        <div class="col-sm-4 col-sm-offset-4 text-center">
            <h1>Webhook.site Error</h1>
            <p class="lead">404 Token not found</p>
                        <p class="small">
                    The URL was deleted manually, or expired automatically.

    To avoid URLs expiring automatically, you can
    <a href="/register">upgrade to Webhook.site Pro or Enterprise</a>.
            </p>
                        <br>
            <p><a class="btn btn-primary" href="/" role="button">&larr; Back to Webhook.site</a></p>
            <br>
            <p class="small muted">Copyright &copy; 2022 Webhook ApS</p>
        </div>
    </div>
</div>
</body>
</html>

[2023-06-15T00:59:03.257+0000] {http.py:122} INFO - Poking: 
[2023-06-15T00:59:03.285+0000] {base.py:73} INFO - Using connection ID 'treino_06_api_posts' for task execution.
[2023-06-15T00:59:04.090+0000] {http.py:170} ERROR - HTTP error: Not Found
[2023-06-15T00:59:04.092+0000] {http.py:171} ERROR - <!DOCTYPE html>
<html>
<head>
    <title>Error: Token not found - Webhook.site</title>
    <link href="/assets/css/libs/bootstrap.min.css" rel="stylesheet" crossorigin="anonymous">
    <link href="/css/app.css" rel="stylesheet">
</head>
<body>
<div class="container" style="padding: 40px">
    <div class="row">
        <div class="col-sm-4 col-sm-offset-4 text-center">
            <h1>Webhook.site Error</h1>
            <p class="lead">404 Token not found</p>
                        <p class="small">
                    The URL was deleted manually, or expired automatically.

    To avoid URLs expiring automatically, you can
    <a href="/register">upgrade to Webhook.site Pro or Enterprise</a>.
            </p>
                        <br>
            <p><a class="btn btn-primary" href="/" role="button">&larr; Back to Webhook.site</a></p>
            <br>
            <p class="small muted">Copyright &copy; 2022 Webhook ApS</p>
        </div>
    </div>
</div>
</body>
</html>

[2023-06-15T01:00:04.159+0000] {http.py:122} INFO - Poking: 
[2023-06-15T01:00:04.184+0000] {base.py:73} INFO - Using connection ID 'treino_06_api_posts' for task execution.
[2023-06-15T01:00:05.028+0000] {http.py:170} ERROR - HTTP error: Not Found
[2023-06-15T01:00:05.031+0000] {http.py:171} ERROR - <!DOCTYPE html>
<html>
<head>
    <title>Error: Token not found - Webhook.site</title>
    <link href="/assets/css/libs/bootstrap.min.css" rel="stylesheet" crossorigin="anonymous">
    <link href="/css/app.css" rel="stylesheet">
</head>
<body>
<div class="container" style="padding: 40px">
    <div class="row">
        <div class="col-sm-4 col-sm-offset-4 text-center">
            <h1>Webhook.site Error</h1>
            <p class="lead">404 Token not found</p>
                        <p class="small">
                    The URL was deleted manually, or expired automatically.

    To avoid URLs expiring automatically, you can
    <a href="/register">upgrade to Webhook.site Pro or Enterprise</a>.
            </p>
                        <br>
            <p><a class="btn btn-primary" href="/" role="button">&larr; Back to Webhook.site</a></p>
            <br>
            <p class="small muted">Copyright &copy; 2022 Webhook ApS</p>
        </div>
    </div>
</div>
</body>
</html>

[2023-06-15T01:01:05.110+0000] {http.py:122} INFO - Poking: 
[2023-06-15T01:01:05.176+0000] {base.py:73} INFO - Using connection ID 'treino_06_api_posts' for task execution.
[2023-06-15T01:01:06.170+0000] {http.py:170} ERROR - HTTP error: Not Found
[2023-06-15T01:01:06.171+0000] {http.py:171} ERROR - <!DOCTYPE html>
<html>
<head>
    <title>Error: Token not found - Webhook.site</title>
    <link href="/assets/css/libs/bootstrap.min.css" rel="stylesheet" crossorigin="anonymous">
    <link href="/css/app.css" rel="stylesheet">
</head>
<body>
<div class="container" style="padding: 40px">
    <div class="row">
        <div class="col-sm-4 col-sm-offset-4 text-center">
            <h1>Webhook.site Error</h1>
            <p class="lead">404 Token not found</p>
                        <p class="small">
                    The URL was deleted manually, or expired automatically.

    To avoid URLs expiring automatically, you can
    <a href="/register">upgrade to Webhook.site Pro or Enterprise</a>.
            </p>
                        <br>
            <p><a class="btn btn-primary" href="/" role="button">&larr; Back to Webhook.site</a></p>
            <br>
            <p class="small muted">Copyright &copy; 2022 Webhook ApS</p>
        </div>
    </div>
</div>
</body>
</html>

[2023-06-15T01:02:06.232+0000] {http.py:122} INFO - Poking: 
[2023-06-15T01:02:06.266+0000] {base.py:73} INFO - Using connection ID 'treino_06_api_posts' for task execution.
[2023-06-15T01:02:07.139+0000] {http.py:170} ERROR - HTTP error: Not Found
[2023-06-15T01:02:07.140+0000] {http.py:171} ERROR - <!DOCTYPE html>
<html>
<head>
    <title>Error: Token not found - Webhook.site</title>
    <link href="/assets/css/libs/bootstrap.min.css" rel="stylesheet" crossorigin="anonymous">
    <link href="/css/app.css" rel="stylesheet">
</head>
<body>
<div class="container" style="padding: 40px">
    <div class="row">
        <div class="col-sm-4 col-sm-offset-4 text-center">
            <h1>Webhook.site Error</h1>
            <p class="lead">404 Token not found</p>
                        <p class="small">
                    The URL was deleted manually, or expired automatically.

    To avoid URLs expiring automatically, you can
    <a href="/register">upgrade to Webhook.site Pro or Enterprise</a>.
            </p>
                        <br>
            <p><a class="btn btn-primary" href="/" role="button">&larr; Back to Webhook.site</a></p>
            <br>
            <p class="small muted">Copyright &copy; 2022 Webhook ApS</p>
        </div>
    </div>
</div>
</body>
</html>

[2023-06-15T01:03:07.183+0000] {http.py:122} INFO - Poking: 
[2023-06-15T01:03:07.202+0000] {base.py:73} INFO - Using connection ID 'treino_06_api_posts' for task execution.
[2023-06-15T01:03:08.159+0000] {http.py:170} ERROR - HTTP error: Not Found
[2023-06-15T01:03:08.162+0000] {http.py:171} ERROR - <!DOCTYPE html>
<html>
<head>
    <title>Error: Token not found - Webhook.site</title>
    <link href="/assets/css/libs/bootstrap.min.css" rel="stylesheet" crossorigin="anonymous">
    <link href="/css/app.css" rel="stylesheet">
</head>
<body>
<div class="container" style="padding: 40px">
    <div class="row">
        <div class="col-sm-4 col-sm-offset-4 text-center">
            <h1>Webhook.site Error</h1>
            <p class="lead">404 Token not found</p>
                        <p class="small">
                    The URL was deleted manually, or expired automatically.

    To avoid URLs expiring automatically, you can
    <a href="/register">upgrade to Webhook.site Pro or Enterprise</a>.
            </p>
                        <br>
            <p><a class="btn btn-primary" href="/" role="button">&larr; Back to Webhook.site</a></p>
            <br>
            <p class="small muted">Copyright &copy; 2022 Webhook ApS</p>
        </div>
    </div>
</div>
</body>
</html>

[2023-06-15T01:04:08.225+0000] {http.py:122} INFO - Poking: 
[2023-06-15T01:04:08.300+0000] {base.py:73} INFO - Using connection ID 'treino_06_api_posts' for task execution.
[2023-06-15T01:04:09.221+0000] {http.py:170} ERROR - HTTP error: Not Found
[2023-06-15T01:04:09.225+0000] {http.py:171} ERROR - <!DOCTYPE html>
<html>
<head>
    <title>Error: Token not found - Webhook.site</title>
    <link href="/assets/css/libs/bootstrap.min.css" rel="stylesheet" crossorigin="anonymous">
    <link href="/css/app.css" rel="stylesheet">
</head>
<body>
<div class="container" style="padding: 40px">
    <div class="row">
        <div class="col-sm-4 col-sm-offset-4 text-center">
            <h1>Webhook.site Error</h1>
            <p class="lead">404 Token not found</p>
                        <p class="small">
                    The URL was deleted manually, or expired automatically.

    To avoid URLs expiring automatically, you can
    <a href="/register">upgrade to Webhook.site Pro or Enterprise</a>.
            </p>
                        <br>
            <p><a class="btn btn-primary" href="/" role="button">&larr; Back to Webhook.site</a></p>
            <br>
            <p class="small muted">Copyright &copy; 2022 Webhook ApS</p>
        </div>
    </div>
</div>
</body>
</html>

[2023-06-15T01:05:09.285+0000] {http.py:122} INFO - Poking: 
[2023-06-15T01:05:09.314+0000] {base.py:73} INFO - Using connection ID 'treino_06_api_posts' for task execution.
[2023-06-15T01:05:10.776+0000] {http.py:170} ERROR - HTTP error: Not Found
[2023-06-15T01:05:10.779+0000] {http.py:171} ERROR - <!DOCTYPE html>
<html>
<head>
    <title>Error: Token not found - Webhook.site</title>
    <link href="/assets/css/libs/bootstrap.min.css" rel="stylesheet" crossorigin="anonymous">
    <link href="/css/app.css" rel="stylesheet">
</head>
<body>
<div class="container" style="padding: 40px">
    <div class="row">
        <div class="col-sm-4 col-sm-offset-4 text-center">
            <h1>Webhook.site Error</h1>
            <p class="lead">404 Token not found</p>
                        <p class="small">
                    The URL was deleted manually, or expired automatically.

    To avoid URLs expiring automatically, you can
    <a href="/register">upgrade to Webhook.site Pro or Enterprise</a>.
            </p>
                        <br>
            <p><a class="btn btn-primary" href="/" role="button">&larr; Back to Webhook.site</a></p>
            <br>
            <p class="small muted">Copyright &copy; 2022 Webhook ApS</p>
        </div>
    </div>
</div>
</body>
</html>

[2023-06-15T01:06:10.844+0000] {http.py:122} INFO - Poking: 
[2023-06-15T01:06:10.934+0000] {base.py:73} INFO - Using connection ID 'treino_06_api_posts' for task execution.
[2023-06-15T01:06:11.858+0000] {http.py:170} ERROR - HTTP error: Not Found
[2023-06-15T01:06:11.859+0000] {http.py:171} ERROR - <!DOCTYPE html>
<html>
<head>
    <title>Error: Token not found - Webhook.site</title>
    <link href="/assets/css/libs/bootstrap.min.css" rel="stylesheet" crossorigin="anonymous">
    <link href="/css/app.css" rel="stylesheet">
</head>
<body>
<div class="container" style="padding: 40px">
    <div class="row">
        <div class="col-sm-4 col-sm-offset-4 text-center">
            <h1>Webhook.site Error</h1>
            <p class="lead">404 Token not found</p>
                        <p class="small">
                    The URL was deleted manually, or expired automatically.

    To avoid URLs expiring automatically, you can
    <a href="/register">upgrade to Webhook.site Pro or Enterprise</a>.
            </p>
                        <br>
            <p><a class="btn btn-primary" href="/" role="button">&larr; Back to Webhook.site</a></p>
            <br>
            <p class="small muted">Copyright &copy; 2022 Webhook ApS</p>
        </div>
    </div>
</div>
</body>
</html>

[2023-06-15T01:07:12.300+0000] {http.py:122} INFO - Poking: 
[2023-06-15T01:07:12.326+0000] {base.py:73} INFO - Using connection ID 'treino_06_api_posts' for task execution.
[2023-06-15T01:07:13.273+0000] {http.py:170} ERROR - HTTP error: Not Found
[2023-06-15T01:07:13.276+0000] {http.py:171} ERROR - <!DOCTYPE html>
<html>
<head>
    <title>Error: Token not found - Webhook.site</title>
    <link href="/assets/css/libs/bootstrap.min.css" rel="stylesheet" crossorigin="anonymous">
    <link href="/css/app.css" rel="stylesheet">
</head>
<body>
<div class="container" style="padding: 40px">
    <div class="row">
        <div class="col-sm-4 col-sm-offset-4 text-center">
            <h1>Webhook.site Error</h1>
            <p class="lead">404 Token not found</p>
                        <p class="small">
                    The URL was deleted manually, or expired automatically.

    To avoid URLs expiring automatically, you can
    <a href="/register">upgrade to Webhook.site Pro or Enterprise</a>.
            </p>
                        <br>
            <p><a class="btn btn-primary" href="/" role="button">&larr; Back to Webhook.site</a></p>
            <br>
            <p class="small muted">Copyright &copy; 2022 Webhook ApS</p>
        </div>
    </div>
</div>
</body>
</html>

[2023-06-15T01:22:54.258+0000] {local_task_job.py:277} WARNING - State of this instance has been externally set to failed. Terminating instance.
[2023-06-15T01:22:54.270+0000] {process_utils.py:133} INFO - Sending Signals.SIGTERM to group 32727. PIDs of all processes in the group: [32727]
[2023-06-15T01:22:54.271+0000] {process_utils.py:84} INFO - Sending the signal Signals.SIGTERM to group 32727
[2023-06-15T01:22:54.274+0000] {taskinstance.py:1488} ERROR - Received SIGTERM. Terminating subprocesses.
[2023-06-15T01:22:54.366+0000] {process_utils.py:79} INFO - Process psutil.Process(pid=32727, status='terminated', exitcode=0, started='00:00:02') (32727) terminated with exit code 0
