[2023-04-25T23:26:08.868+0000] {taskinstance.py:1090} INFO - Dependencies all met for dep_context=non-requeueable deps ti=<TaskInstance: treino-02.get-data scheduled__2023-04-23T19:56:00+00:00 [queued]>
[2023-04-25T23:26:08.882+0000] {taskinstance.py:1090} INFO - Dependencies all met for dep_context=requeueable deps ti=<TaskInstance: treino-02.get-data scheduled__2023-04-23T19:56:00+00:00 [queued]>
[2023-04-25T23:26:08.883+0000] {taskinstance.py:1288} INFO - 
--------------------------------------------------------------------------------
[2023-04-25T23:26:08.884+0000] {taskinstance.py:1289} INFO - Starting attempt 1 of 2
[2023-04-25T23:26:08.885+0000] {taskinstance.py:1290} INFO - 
--------------------------------------------------------------------------------
[2023-04-25T23:26:08.901+0000] {taskinstance.py:1309} INFO - Executing <Task(BashOperator): get-data> on 2023-04-23 19:56:00+00:00
[2023-04-25T23:26:08.910+0000] {standard_task_runner.py:55} INFO - Started process 263 to run task
[2023-04-25T23:26:08.916+0000] {standard_task_runner.py:82} INFO - Running: ['***', 'tasks', 'run', 'treino-02', 'get-data', 'scheduled__2023-04-23T19:56:00+00:00', '--job-id', '62', '--raw', '--subdir', 'DAGS_FOLDER/treino02.py', '--cfg-path', '/tmp/tmpx0cu339g']
[2023-04-25T23:26:08.918+0000] {standard_task_runner.py:83} INFO - Job 62: Subtask get-data
[2023-04-25T23:26:09.080+0000] {task_command.py:389} INFO - Running <TaskInstance: treino-02.get-data scheduled__2023-04-23T19:56:00+00:00 [running]> on host b7947b05bca0
[2023-04-25T23:26:09.349+0000] {taskinstance.py:1518} INFO - Exporting the following env vars:
AIRFLOW_CTX_DAG_EMAIL=test@example.com,test2@example.com
AIRFLOW_CTX_DAG_OWNER=augsmachado
AIRFLOW_CTX_DAG_ID=treino-02
AIRFLOW_CTX_TASK_ID=get-data
AIRFLOW_CTX_EXECUTION_DATE=2023-04-23T19:56:00+00:00
AIRFLOW_CTX_TRY_NUMBER=1
AIRFLOW_CTX_DAG_RUN_ID=scheduled__2023-04-23T19:56:00+00:00
[2023-04-25T23:26:09.364+0000] {subprocess.py:63} INFO - Tmp dir root location: 
 /tmp
[2023-04-25T23:26:09.367+0000] {subprocess.py:75} INFO - Running command: ['/bin/bash', '-c', 'curl https://raw.githubusercontent.com/datasciencedojo/datasets/master/titanic.csv -o ~/Users/augsmachado/Desktop/Development/***-docker/files/train.csv']
[2023-04-25T23:26:09.442+0000] {subprocess.py:86} INFO - Output:
[2023-04-25T23:26:09.499+0000] {subprocess.py:93} INFO -   % Total    % Received % Xferd  Average Speed   Time    Time     Time  Current
[2023-04-25T23:26:09.525+0000] {subprocess.py:93} INFO -                                  Dload  Upload   Total   Spent    Left  Speed
[2023-04-25T23:26:09.705+0000] {subprocess.py:93} INFO -   0     0    0     0    0     0      0      0 --:--:-- --:--:-- --:--:--     0Warning: Failed to create the file
[2023-04-25T23:26:09.706+0000] {subprocess.py:93} INFO - Warning: /home/***/Users/augsmachado/Desktop/Development/***-docker/fil
[2023-04-25T23:26:09.707+0000] {subprocess.py:93} INFO - Warning: es/train.csv: No such file or directory
[2023-04-25T23:26:09.708+0000] {subprocess.py:93} INFO -   2 60302    2  1369    0     0   6581      0  0:00:09 --:--:--  0:00:09  6613
[2023-04-25T23:26:09.710+0000] {subprocess.py:93} INFO - curl: (23) Failure writing output to destination
[2023-04-25T23:26:09.717+0000] {subprocess.py:97} INFO - Command exited with return code 23
[2023-04-25T23:26:09.798+0000] {taskinstance.py:1776} ERROR - Task failed with exception
Traceback (most recent call last):
  File "/home/airflow/.local/lib/python3.7/site-packages/airflow/operators/bash.py", line 197, in execute
    f"Bash command failed. The command returned a non-zero exit code {result.exit_code}."
airflow.exceptions.AirflowException: Bash command failed. The command returned a non-zero exit code 23.
[2023-04-25T23:26:09.810+0000] {taskinstance.py:1332} INFO - Marking task as UP_FOR_RETRY. dag_id=treino-02, task_id=get-data, execution_date=20230423T195600, start_date=20230425T232608, end_date=20230425T232609
[2023-04-25T23:26:09.853+0000] {standard_task_runner.py:105} ERROR - Failed to execute job 62 for task get-data (Bash command failed. The command returned a non-zero exit code 23.; 263)
[2023-04-25T23:26:09.909+0000] {local_task_job.py:212} INFO - Task exited with return code 1
[2023-04-25T23:26:10.019+0000] {taskinstance.py:2596} INFO - 0 downstream tasks scheduled from follow-on schedule check
