[2023-05-27T16:41:38.412+0000] {taskinstance.py:1090} INFO - Dependencies all met for dep_context=non-requeueable deps ti=<TaskInstance: treino-06.is_api-active scheduled__2023-05-26T00:00:00+00:00 [queued]>
[2023-05-27T16:41:38.429+0000] {taskinstance.py:1090} INFO - Dependencies all met for dep_context=requeueable deps ti=<TaskInstance: treino-06.is_api-active scheduled__2023-05-26T00:00:00+00:00 [queued]>
[2023-05-27T16:41:38.430+0000] {taskinstance.py:1288} INFO - 
--------------------------------------------------------------------------------
[2023-05-27T16:41:38.431+0000] {taskinstance.py:1289} INFO - Starting attempt 1 of 1
[2023-05-27T16:41:38.432+0000] {taskinstance.py:1290} INFO - 
--------------------------------------------------------------------------------
[2023-05-27T16:41:38.448+0000] {taskinstance.py:1309} INFO - Executing <Task(HttpSensor): is_api-active> on 2023-05-26 00:00:00+00:00
[2023-05-27T16:41:38.462+0000] {standard_task_runner.py:55} INFO - Started process 55 to run task
[2023-05-27T16:41:38.476+0000] {standard_task_runner.py:82} INFO - Running: ['***', 'tasks', 'run', 'treino-06', 'is_api-active', 'scheduled__2023-05-26T00:00:00+00:00', '--job-id', '382', '--raw', '--subdir', 'DAGS_FOLDER/treino06.py', '--cfg-path', '/tmp/tmpk2iogn1y']
[2023-05-27T16:41:38.484+0000] {standard_task_runner.py:83} INFO - Job 382: Subtask is_api-active
[2023-05-27T16:41:38.611+0000] {task_command.py:389} INFO - Running <TaskInstance: treino-06.is_api-active scheduled__2023-05-26T00:00:00+00:00 [running]> on host b7947b05bca0
[2023-05-27T16:41:38.703+0000] {taskinstance.py:1518} INFO - Exporting the following env vars:
AIRFLOW_CTX_DAG_OWNER=***
AIRFLOW_CTX_DAG_ID=treino-06
AIRFLOW_CTX_TASK_ID=is_api-active
AIRFLOW_CTX_EXECUTION_DATE=2023-05-26T00:00:00+00:00
AIRFLOW_CTX_TRY_NUMBER=1
AIRFLOW_CTX_DAG_RUN_ID=scheduled__2023-05-26T00:00:00+00:00
[2023-05-27T16:41:38.707+0000] {http.py:122} INFO - Poking: 
[2023-05-27T16:41:38.725+0000] {base.py:73} INFO - Using connection ID 'treino_06_api_posts' for task execution.
[2023-05-27T16:41:40.225+0000] {http.py:170} ERROR - HTTP error: Not Found
[2023-05-27T16:41:40.233+0000] {http.py:171} ERROR - <!DOCTYPE html>
<html>
<head>
    <title>Error: Token not found - Webhook.site</title>
    <link href="/assets/css/libs/bootstrap.min.css" rel="stylesheet" crossorigin="anonymous">
    <link href="/css/app.css" rel="stylesheet">
</head>
<body>
<div class="container" style="padding: 40px">
    <div class="row">
        <div class="col-sm-4 col-sm-offset-4 text-center">
            <h1>Webhook.site Error</h1>
            <p class="lead">404 Token not found</p>
                        <p class="small">
                    The URL was deleted manually, or expired automatically.

    To avoid URLs expiring automatically, you can
    <a href="/register">upgrade to Webhook.site Pro or Enterprise</a>.
            </p>
                        <br>
            <p><a class="btn btn-primary" href="/" role="button">&larr; Back to Webhook.site</a></p>
            <br>
            <p class="small muted">Copyright &copy; 2022 Webhook ApS</p>
        </div>
    </div>
</div>
</body>
</html>

[2023-05-27T16:42:40.296+0000] {http.py:122} INFO - Poking: 
[2023-05-27T16:42:40.320+0000] {base.py:73} INFO - Using connection ID 'treino_06_api_posts' for task execution.
[2023-05-27T16:42:41.154+0000] {http.py:170} ERROR - HTTP error: Not Found
[2023-05-27T16:42:41.158+0000] {http.py:171} ERROR - <!DOCTYPE html>
<html>
<head>
    <title>Error: Token not found - Webhook.site</title>
    <link href="/assets/css/libs/bootstrap.min.css" rel="stylesheet" crossorigin="anonymous">
    <link href="/css/app.css" rel="stylesheet">
</head>
<body>
<div class="container" style="padding: 40px">
    <div class="row">
        <div class="col-sm-4 col-sm-offset-4 text-center">
            <h1>Webhook.site Error</h1>
            <p class="lead">404 Token not found</p>
                        <p class="small">
                    The URL was deleted manually, or expired automatically.

    To avoid URLs expiring automatically, you can
    <a href="/register">upgrade to Webhook.site Pro or Enterprise</a>.
            </p>
                        <br>
            <p><a class="btn btn-primary" href="/" role="button">&larr; Back to Webhook.site</a></p>
            <br>
            <p class="small muted">Copyright &copy; 2022 Webhook ApS</p>
        </div>
    </div>
</div>
</body>
</html>

[2023-05-27T16:43:41.272+0000] {http.py:122} INFO - Poking: 
[2023-05-27T16:43:41.315+0000] {base.py:73} INFO - Using connection ID 'treino_06_api_posts' for task execution.
[2023-05-27T16:43:42.618+0000] {http.py:170} ERROR - HTTP error: Not Found
[2023-05-27T16:43:42.625+0000] {http.py:171} ERROR - <!DOCTYPE html>
<html>
<head>
    <title>Error: Token not found - Webhook.site</title>
    <link href="/assets/css/libs/bootstrap.min.css" rel="stylesheet" crossorigin="anonymous">
    <link href="/css/app.css" rel="stylesheet">
</head>
<body>
<div class="container" style="padding: 40px">
    <div class="row">
        <div class="col-sm-4 col-sm-offset-4 text-center">
            <h1>Webhook.site Error</h1>
            <p class="lead">404 Token not found</p>
                        <p class="small">
                    The URL was deleted manually, or expired automatically.

    To avoid URLs expiring automatically, you can
    <a href="/register">upgrade to Webhook.site Pro or Enterprise</a>.
            </p>
                        <br>
            <p><a class="btn btn-primary" href="/" role="button">&larr; Back to Webhook.site</a></p>
            <br>
            <p class="small muted">Copyright &copy; 2022 Webhook ApS</p>
        </div>
    </div>
</div>
</body>
</html>

[2023-05-27T16:44:42.651+0000] {http.py:122} INFO - Poking: 
[2023-05-27T16:44:42.696+0000] {base.py:73} INFO - Using connection ID 'treino_06_api_posts' for task execution.
[2023-05-27T16:44:43.651+0000] {http.py:170} ERROR - HTTP error: Not Found
[2023-05-27T16:44:43.653+0000] {http.py:171} ERROR - <!DOCTYPE html>
<html>
<head>
    <title>Error: Token not found - Webhook.site</title>
    <link href="/assets/css/libs/bootstrap.min.css" rel="stylesheet" crossorigin="anonymous">
    <link href="/css/app.css" rel="stylesheet">
</head>
<body>
<div class="container" style="padding: 40px">
    <div class="row">
        <div class="col-sm-4 col-sm-offset-4 text-center">
            <h1>Webhook.site Error</h1>
            <p class="lead">404 Token not found</p>
                        <p class="small">
                    The URL was deleted manually, or expired automatically.

    To avoid URLs expiring automatically, you can
    <a href="/register">upgrade to Webhook.site Pro or Enterprise</a>.
            </p>
                        <br>
            <p><a class="btn btn-primary" href="/" role="button">&larr; Back to Webhook.site</a></p>
            <br>
            <p class="small muted">Copyright &copy; 2022 Webhook ApS</p>
        </div>
    </div>
</div>
</body>
</html>

[2023-05-27T16:45:43.713+0000] {http.py:122} INFO - Poking: 
[2023-05-27T16:45:43.754+0000] {base.py:73} INFO - Using connection ID 'treino_06_api_posts' for task execution.
[2023-05-27T16:45:44.711+0000] {http.py:170} ERROR - HTTP error: Not Found
[2023-05-27T16:45:44.712+0000] {http.py:171} ERROR - <!DOCTYPE html>
<html>
<head>
    <title>Error: Token not found - Webhook.site</title>
    <link href="/assets/css/libs/bootstrap.min.css" rel="stylesheet" crossorigin="anonymous">
    <link href="/css/app.css" rel="stylesheet">
</head>
<body>
<div class="container" style="padding: 40px">
    <div class="row">
        <div class="col-sm-4 col-sm-offset-4 text-center">
            <h1>Webhook.site Error</h1>
            <p class="lead">404 Token not found</p>
                        <p class="small">
                    The URL was deleted manually, or expired automatically.

    To avoid URLs expiring automatically, you can
    <a href="/register">upgrade to Webhook.site Pro or Enterprise</a>.
            </p>
                        <br>
            <p><a class="btn btn-primary" href="/" role="button">&larr; Back to Webhook.site</a></p>
            <br>
            <p class="small muted">Copyright &copy; 2022 Webhook ApS</p>
        </div>
    </div>
</div>
</body>
</html>

[2023-05-27T16:46:44.753+0000] {http.py:122} INFO - Poking: 
[2023-05-27T16:46:44.787+0000] {base.py:73} INFO - Using connection ID 'treino_06_api_posts' for task execution.
[2023-05-27T16:46:45.653+0000] {http.py:170} ERROR - HTTP error: Not Found
[2023-05-27T16:46:45.654+0000] {http.py:171} ERROR - <!DOCTYPE html>
<html>
<head>
    <title>Error: Token not found - Webhook.site</title>
    <link href="/assets/css/libs/bootstrap.min.css" rel="stylesheet" crossorigin="anonymous">
    <link href="/css/app.css" rel="stylesheet">
</head>
<body>
<div class="container" style="padding: 40px">
    <div class="row">
        <div class="col-sm-4 col-sm-offset-4 text-center">
            <h1>Webhook.site Error</h1>
            <p class="lead">404 Token not found</p>
                        <p class="small">
                    The URL was deleted manually, or expired automatically.

    To avoid URLs expiring automatically, you can
    <a href="/register">upgrade to Webhook.site Pro or Enterprise</a>.
            </p>
                        <br>
            <p><a class="btn btn-primary" href="/" role="button">&larr; Back to Webhook.site</a></p>
            <br>
            <p class="small muted">Copyright &copy; 2022 Webhook ApS</p>
        </div>
    </div>
</div>
</body>
</html>

[2023-05-27T16:47:45.668+0000] {http.py:122} INFO - Poking: 
[2023-05-27T16:47:45.712+0000] {base.py:73} INFO - Using connection ID 'treino_06_api_posts' for task execution.
[2023-05-27T16:47:46.625+0000] {http.py:170} ERROR - HTTP error: Not Found
[2023-05-27T16:47:46.627+0000] {http.py:171} ERROR - <!DOCTYPE html>
<html>
<head>
    <title>Error: Token not found - Webhook.site</title>
    <link href="/assets/css/libs/bootstrap.min.css" rel="stylesheet" crossorigin="anonymous">
    <link href="/css/app.css" rel="stylesheet">
</head>
<body>
<div class="container" style="padding: 40px">
    <div class="row">
        <div class="col-sm-4 col-sm-offset-4 text-center">
            <h1>Webhook.site Error</h1>
            <p class="lead">404 Token not found</p>
                        <p class="small">
                    The URL was deleted manually, or expired automatically.

    To avoid URLs expiring automatically, you can
    <a href="/register">upgrade to Webhook.site Pro or Enterprise</a>.
            </p>
                        <br>
            <p><a class="btn btn-primary" href="/" role="button">&larr; Back to Webhook.site</a></p>
            <br>
            <p class="small muted">Copyright &copy; 2022 Webhook ApS</p>
        </div>
    </div>
</div>
</body>
</html>

[2023-05-27T16:48:46.678+0000] {http.py:122} INFO - Poking: 
[2023-05-27T16:48:46.717+0000] {base.py:73} INFO - Using connection ID 'treino_06_api_posts' for task execution.
[2023-05-27T16:48:47.699+0000] {http.py:170} ERROR - HTTP error: Not Found
[2023-05-27T16:48:47.702+0000] {http.py:171} ERROR - <!DOCTYPE html>
<html>
<head>
    <title>Error: Token not found - Webhook.site</title>
    <link href="/assets/css/libs/bootstrap.min.css" rel="stylesheet" crossorigin="anonymous">
    <link href="/css/app.css" rel="stylesheet">
</head>
<body>
<div class="container" style="padding: 40px">
    <div class="row">
        <div class="col-sm-4 col-sm-offset-4 text-center">
            <h1>Webhook.site Error</h1>
            <p class="lead">404 Token not found</p>
                        <p class="small">
                    The URL was deleted manually, or expired automatically.

    To avoid URLs expiring automatically, you can
    <a href="/register">upgrade to Webhook.site Pro or Enterprise</a>.
            </p>
                        <br>
            <p><a class="btn btn-primary" href="/" role="button">&larr; Back to Webhook.site</a></p>
            <br>
            <p class="small muted">Copyright &copy; 2022 Webhook ApS</p>
        </div>
    </div>
</div>
</body>
</html>

[2023-05-27T16:49:47.748+0000] {http.py:122} INFO - Poking: 
[2023-05-27T16:49:47.792+0000] {base.py:73} INFO - Using connection ID 'treino_06_api_posts' for task execution.
[2023-05-27T16:49:48.860+0000] {http.py:170} ERROR - HTTP error: Not Found
[2023-05-27T16:49:48.861+0000] {http.py:171} ERROR - <!DOCTYPE html>
<html>
<head>
    <title>Error: Token not found - Webhook.site</title>
    <link href="/assets/css/libs/bootstrap.min.css" rel="stylesheet" crossorigin="anonymous">
    <link href="/css/app.css" rel="stylesheet">
</head>
<body>
<div class="container" style="padding: 40px">
    <div class="row">
        <div class="col-sm-4 col-sm-offset-4 text-center">
            <h1>Webhook.site Error</h1>
            <p class="lead">404 Token not found</p>
                        <p class="small">
                    The URL was deleted manually, or expired automatically.

    To avoid URLs expiring automatically, you can
    <a href="/register">upgrade to Webhook.site Pro or Enterprise</a>.
            </p>
                        <br>
            <p><a class="btn btn-primary" href="/" role="button">&larr; Back to Webhook.site</a></p>
            <br>
            <p class="small muted">Copyright &copy; 2022 Webhook ApS</p>
        </div>
    </div>
</div>
</body>
</html>

[2023-05-27T16:50:48.894+0000] {http.py:122} INFO - Poking: 
[2023-05-27T16:50:48.942+0000] {base.py:73} INFO - Using connection ID 'treino_06_api_posts' for task execution.
[2023-05-27T16:50:49.955+0000] {http.py:170} ERROR - HTTP error: Not Found
[2023-05-27T16:50:49.959+0000] {http.py:171} ERROR - <!DOCTYPE html>
<html>
<head>
    <title>Error: Token not found - Webhook.site</title>
    <link href="/assets/css/libs/bootstrap.min.css" rel="stylesheet" crossorigin="anonymous">
    <link href="/css/app.css" rel="stylesheet">
</head>
<body>
<div class="container" style="padding: 40px">
    <div class="row">
        <div class="col-sm-4 col-sm-offset-4 text-center">
            <h1>Webhook.site Error</h1>
            <p class="lead">404 Token not found</p>
                        <p class="small">
                    The URL was deleted manually, or expired automatically.

    To avoid URLs expiring automatically, you can
    <a href="/register">upgrade to Webhook.site Pro or Enterprise</a>.
            </p>
                        <br>
            <p><a class="btn btn-primary" href="/" role="button">&larr; Back to Webhook.site</a></p>
            <br>
            <p class="small muted">Copyright &copy; 2022 Webhook ApS</p>
        </div>
    </div>
</div>
</body>
</html>

[2023-05-27T16:51:50.027+0000] {http.py:122} INFO - Poking: 
[2023-05-27T16:51:50.068+0000] {base.py:73} INFO - Using connection ID 'treino_06_api_posts' for task execution.
[2023-05-27T16:51:51.023+0000] {http.py:170} ERROR - HTTP error: Not Found
[2023-05-27T16:51:51.025+0000] {http.py:171} ERROR - <!DOCTYPE html>
<html>
<head>
    <title>Error: Token not found - Webhook.site</title>
    <link href="/assets/css/libs/bootstrap.min.css" rel="stylesheet" crossorigin="anonymous">
    <link href="/css/app.css" rel="stylesheet">
</head>
<body>
<div class="container" style="padding: 40px">
    <div class="row">
        <div class="col-sm-4 col-sm-offset-4 text-center">
            <h1>Webhook.site Error</h1>
            <p class="lead">404 Token not found</p>
                        <p class="small">
                    The URL was deleted manually, or expired automatically.

    To avoid URLs expiring automatically, you can
    <a href="/register">upgrade to Webhook.site Pro or Enterprise</a>.
            </p>
                        <br>
            <p><a class="btn btn-primary" href="/" role="button">&larr; Back to Webhook.site</a></p>
            <br>
            <p class="small muted">Copyright &copy; 2022 Webhook ApS</p>
        </div>
    </div>
</div>
</body>
</html>

[2023-05-27T16:52:51.033+0000] {http.py:122} INFO - Poking: 
[2023-05-27T16:52:51.077+0000] {base.py:73} INFO - Using connection ID 'treino_06_api_posts' for task execution.
[2023-05-27T16:52:51.820+0000] {http.py:170} ERROR - HTTP error: Not Found
[2023-05-27T16:52:51.823+0000] {http.py:171} ERROR - <!DOCTYPE html>
<html>
<head>
    <title>Error: Token not found - Webhook.site</title>
    <link href="/assets/css/libs/bootstrap.min.css" rel="stylesheet" crossorigin="anonymous">
    <link href="/css/app.css" rel="stylesheet">
</head>
<body>
<div class="container" style="padding: 40px">
    <div class="row">
        <div class="col-sm-4 col-sm-offset-4 text-center">
            <h1>Webhook.site Error</h1>
            <p class="lead">404 Token not found</p>
                        <p class="small">
                    The URL was deleted manually, or expired automatically.

    To avoid URLs expiring automatically, you can
    <a href="/register">upgrade to Webhook.site Pro or Enterprise</a>.
            </p>
                        <br>
            <p><a class="btn btn-primary" href="/" role="button">&larr; Back to Webhook.site</a></p>
            <br>
            <p class="small muted">Copyright &copy; 2022 Webhook ApS</p>
        </div>
    </div>
</div>
</body>
</html>

[2023-05-27T16:53:51.880+0000] {http.py:122} INFO - Poking: 
[2023-05-27T16:53:51.905+0000] {base.py:73} INFO - Using connection ID 'treino_06_api_posts' for task execution.
[2023-05-27T16:53:53.491+0000] {http.py:170} ERROR - HTTP error: Not Found
[2023-05-27T16:53:53.493+0000] {http.py:171} ERROR - <!DOCTYPE html>
<html>
<head>
    <title>Error: Token not found - Webhook.site</title>
    <link href="/assets/css/libs/bootstrap.min.css" rel="stylesheet" crossorigin="anonymous">
    <link href="/css/app.css" rel="stylesheet">
</head>
<body>
<div class="container" style="padding: 40px">
    <div class="row">
        <div class="col-sm-4 col-sm-offset-4 text-center">
            <h1>Webhook.site Error</h1>
            <p class="lead">404 Token not found</p>
                        <p class="small">
                    The URL was deleted manually, or expired automatically.

    To avoid URLs expiring automatically, you can
    <a href="/register">upgrade to Webhook.site Pro or Enterprise</a>.
            </p>
                        <br>
            <p><a class="btn btn-primary" href="/" role="button">&larr; Back to Webhook.site</a></p>
            <br>
            <p class="small muted">Copyright &copy; 2022 Webhook ApS</p>
        </div>
    </div>
</div>
</body>
</html>

[2023-05-27T16:54:53.554+0000] {http.py:122} INFO - Poking: 
[2023-05-27T16:54:53.600+0000] {base.py:73} INFO - Using connection ID 'treino_06_api_posts' for task execution.
[2023-05-27T16:54:54.466+0000] {http.py:170} ERROR - HTTP error: Not Found
[2023-05-27T16:54:54.467+0000] {http.py:171} ERROR - <!DOCTYPE html>
<html>
<head>
    <title>Error: Token not found - Webhook.site</title>
    <link href="/assets/css/libs/bootstrap.min.css" rel="stylesheet" crossorigin="anonymous">
    <link href="/css/app.css" rel="stylesheet">
</head>
<body>
<div class="container" style="padding: 40px">
    <div class="row">
        <div class="col-sm-4 col-sm-offset-4 text-center">
            <h1>Webhook.site Error</h1>
            <p class="lead">404 Token not found</p>
                        <p class="small">
                    The URL was deleted manually, or expired automatically.

    To avoid URLs expiring automatically, you can
    <a href="/register">upgrade to Webhook.site Pro or Enterprise</a>.
            </p>
                        <br>
            <p><a class="btn btn-primary" href="/" role="button">&larr; Back to Webhook.site</a></p>
            <br>
            <p class="small muted">Copyright &copy; 2022 Webhook ApS</p>
        </div>
    </div>
</div>
</body>
</html>

[2023-05-27T16:55:54.531+0000] {http.py:122} INFO - Poking: 
[2023-05-27T16:55:54.567+0000] {base.py:73} INFO - Using connection ID 'treino_06_api_posts' for task execution.
[2023-05-27T16:55:55.962+0000] {http.py:170} ERROR - HTTP error: Not Found
[2023-05-27T16:55:55.963+0000] {http.py:171} ERROR - <!DOCTYPE html>
<html>
<head>
    <title>Error: Token not found - Webhook.site</title>
    <link href="/assets/css/libs/bootstrap.min.css" rel="stylesheet" crossorigin="anonymous">
    <link href="/css/app.css" rel="stylesheet">
</head>
<body>
<div class="container" style="padding: 40px">
    <div class="row">
        <div class="col-sm-4 col-sm-offset-4 text-center">
            <h1>Webhook.site Error</h1>
            <p class="lead">404 Token not found</p>
                        <p class="small">
                    The URL was deleted manually, or expired automatically.

    To avoid URLs expiring automatically, you can
    <a href="/register">upgrade to Webhook.site Pro or Enterprise</a>.
            </p>
                        <br>
            <p><a class="btn btn-primary" href="/" role="button">&larr; Back to Webhook.site</a></p>
            <br>
            <p class="small muted">Copyright &copy; 2022 Webhook ApS</p>
        </div>
    </div>
</div>
</body>
</html>

[2023-05-27T16:56:56.029+0000] {http.py:122} INFO - Poking: 
[2023-05-27T16:56:56.068+0000] {base.py:73} INFO - Using connection ID 'treino_06_api_posts' for task execution.
[2023-05-27T16:56:57.029+0000] {http.py:170} ERROR - HTTP error: Not Found
[2023-05-27T16:56:57.032+0000] {http.py:171} ERROR - <!DOCTYPE html>
<html>
<head>
    <title>Error: Token not found - Webhook.site</title>
    <link href="/assets/css/libs/bootstrap.min.css" rel="stylesheet" crossorigin="anonymous">
    <link href="/css/app.css" rel="stylesheet">
</head>
<body>
<div class="container" style="padding: 40px">
    <div class="row">
        <div class="col-sm-4 col-sm-offset-4 text-center">
            <h1>Webhook.site Error</h1>
            <p class="lead">404 Token not found</p>
                        <p class="small">
                    The URL was deleted manually, or expired automatically.

    To avoid URLs expiring automatically, you can
    <a href="/register">upgrade to Webhook.site Pro or Enterprise</a>.
            </p>
                        <br>
            <p><a class="btn btn-primary" href="/" role="button">&larr; Back to Webhook.site</a></p>
            <br>
            <p class="small muted">Copyright &copy; 2022 Webhook ApS</p>
        </div>
    </div>
</div>
</body>
</html>

[2023-05-27T16:57:57.101+0000] {http.py:122} INFO - Poking: 
[2023-05-27T16:57:57.252+0000] {base.py:73} INFO - Using connection ID 'treino_06_api_posts' for task execution.
[2023-05-27T16:57:58.141+0000] {http.py:170} ERROR - HTTP error: Not Found
[2023-05-27T16:57:58.142+0000] {http.py:171} ERROR - <!DOCTYPE html>
<html>
<head>
    <title>Error: Token not found - Webhook.site</title>
    <link href="/assets/css/libs/bootstrap.min.css" rel="stylesheet" crossorigin="anonymous">
    <link href="/css/app.css" rel="stylesheet">
</head>
<body>
<div class="container" style="padding: 40px">
    <div class="row">
        <div class="col-sm-4 col-sm-offset-4 text-center">
            <h1>Webhook.site Error</h1>
            <p class="lead">404 Token not found</p>
                        <p class="small">
                    The URL was deleted manually, or expired automatically.

    To avoid URLs expiring automatically, you can
    <a href="/register">upgrade to Webhook.site Pro or Enterprise</a>.
            </p>
                        <br>
            <p><a class="btn btn-primary" href="/" role="button">&larr; Back to Webhook.site</a></p>
            <br>
            <p class="small muted">Copyright &copy; 2022 Webhook ApS</p>
        </div>
    </div>
</div>
</body>
</html>

[2023-05-27T16:58:58.189+0000] {http.py:122} INFO - Poking: 
[2023-05-27T16:58:58.235+0000] {base.py:73} INFO - Using connection ID 'treino_06_api_posts' for task execution.
[2023-05-27T16:58:59.042+0000] {http.py:170} ERROR - HTTP error: Not Found
[2023-05-27T16:58:59.045+0000] {http.py:171} ERROR - <!DOCTYPE html>
<html>
<head>
    <title>Error: Token not found - Webhook.site</title>
    <link href="/assets/css/libs/bootstrap.min.css" rel="stylesheet" crossorigin="anonymous">
    <link href="/css/app.css" rel="stylesheet">
</head>
<body>
<div class="container" style="padding: 40px">
    <div class="row">
        <div class="col-sm-4 col-sm-offset-4 text-center">
            <h1>Webhook.site Error</h1>
            <p class="lead">404 Token not found</p>
                        <p class="small">
                    The URL was deleted manually, or expired automatically.

    To avoid URLs expiring automatically, you can
    <a href="/register">upgrade to Webhook.site Pro or Enterprise</a>.
            </p>
                        <br>
            <p><a class="btn btn-primary" href="/" role="button">&larr; Back to Webhook.site</a></p>
            <br>
            <p class="small muted">Copyright &copy; 2022 Webhook ApS</p>
        </div>
    </div>
</div>
</body>
</html>

[2023-05-27T16:59:59.106+0000] {http.py:122} INFO - Poking: 
[2023-05-27T16:59:59.181+0000] {base.py:73} INFO - Using connection ID 'treino_06_api_posts' for task execution.
[2023-05-27T17:00:00.862+0000] {http.py:170} ERROR - HTTP error: Not Found
[2023-05-27T17:00:00.865+0000] {http.py:171} ERROR - <!DOCTYPE html>
<html>
<head>
    <title>Error: Token not found - Webhook.site</title>
    <link href="/assets/css/libs/bootstrap.min.css" rel="stylesheet" crossorigin="anonymous">
    <link href="/css/app.css" rel="stylesheet">
</head>
<body>
<div class="container" style="padding: 40px">
    <div class="row">
        <div class="col-sm-4 col-sm-offset-4 text-center">
            <h1>Webhook.site Error</h1>
            <p class="lead">404 Token not found</p>
                        <p class="small">
                    The URL was deleted manually, or expired automatically.

    To avoid URLs expiring automatically, you can
    <a href="/register">upgrade to Webhook.site Pro or Enterprise</a>.
            </p>
                        <br>
            <p><a class="btn btn-primary" href="/" role="button">&larr; Back to Webhook.site</a></p>
            <br>
            <p class="small muted">Copyright &copy; 2022 Webhook ApS</p>
        </div>
    </div>
</div>
</body>
</html>

[2023-05-27T17:01:00.934+0000] {http.py:122} INFO - Poking: 
[2023-05-27T17:01:01.073+0000] {base.py:73} INFO - Using connection ID 'treino_06_api_posts' for task execution.
[2023-05-27T17:01:02.369+0000] {http.py:170} ERROR - HTTP error: Not Found
[2023-05-27T17:01:02.373+0000] {http.py:171} ERROR - <!DOCTYPE html>
<html>
<head>
    <title>Error: Token not found - Webhook.site</title>
    <link href="/assets/css/libs/bootstrap.min.css" rel="stylesheet" crossorigin="anonymous">
    <link href="/css/app.css" rel="stylesheet">
</head>
<body>
<div class="container" style="padding: 40px">
    <div class="row">
        <div class="col-sm-4 col-sm-offset-4 text-center">
            <h1>Webhook.site Error</h1>
            <p class="lead">404 Token not found</p>
                        <p class="small">
                    The URL was deleted manually, or expired automatically.

    To avoid URLs expiring automatically, you can
    <a href="/register">upgrade to Webhook.site Pro or Enterprise</a>.
            </p>
                        <br>
            <p><a class="btn btn-primary" href="/" role="button">&larr; Back to Webhook.site</a></p>
            <br>
            <p class="small muted">Copyright &copy; 2022 Webhook ApS</p>
        </div>
    </div>
</div>
</body>
</html>

