[2023-05-27T16:41:26.348+0000] {processor.py:153} INFO - Started process (PID=70) to work on /home/airflow/.local/lib/python3.7/site-packages/airflow/example_dags/example_sensor_decorator.py
[2023-05-27T16:41:26.351+0000] {processor.py:743} INFO - Processing file /home/airflow/.local/lib/python3.7/site-packages/airflow/example_dags/example_sensor_decorator.py for tasks to queue
[2023-05-27T16:41:26.355+0000] {logging_mixin.py:137} INFO - [2023-05-27T16:41:26.355+0000] {dagbag.py:532} INFO - Filling up the DagBag from /home/airflow/.local/lib/python3.7/site-packages/airflow/example_dags/example_sensor_decorator.py
[2023-05-27T16:41:26.422+0000] {processor.py:753} INFO - DAG(s) dict_keys(['example_sensor_decorator']) retrieved from /home/airflow/.local/lib/python3.7/site-packages/airflow/example_dags/example_sensor_decorator.py
[2023-05-27T16:41:26.485+0000] {logging_mixin.py:137} INFO - [2023-05-27T16:41:26.485+0000] {dag.py:2705} INFO - Sync 1 DAGs
[2023-05-27T16:41:26.537+0000] {logging_mixin.py:137} INFO - [2023-05-27T16:41:26.536+0000] {dag.py:3456} INFO - Setting next_dagrun for example_sensor_decorator to None, run_after=None
[2023-05-27T16:41:26.568+0000] {processor.py:175} INFO - Processing /home/airflow/.local/lib/python3.7/site-packages/airflow/example_dags/example_sensor_decorator.py took 0.227 seconds
[2023-05-27T16:41:57.452+0000] {processor.py:153} INFO - Started process (PID=127) to work on /home/airflow/.local/lib/python3.7/site-packages/airflow/example_dags/example_sensor_decorator.py
[2023-05-27T16:41:57.453+0000] {processor.py:743} INFO - Processing file /home/airflow/.local/lib/python3.7/site-packages/airflow/example_dags/example_sensor_decorator.py for tasks to queue
[2023-05-27T16:41:57.454+0000] {logging_mixin.py:137} INFO - [2023-05-27T16:41:57.454+0000] {dagbag.py:532} INFO - Filling up the DagBag from /home/airflow/.local/lib/python3.7/site-packages/airflow/example_dags/example_sensor_decorator.py
[2023-05-27T16:41:57.478+0000] {processor.py:753} INFO - DAG(s) dict_keys(['example_sensor_decorator']) retrieved from /home/airflow/.local/lib/python3.7/site-packages/airflow/example_dags/example_sensor_decorator.py
[2023-05-27T16:41:57.506+0000] {logging_mixin.py:137} INFO - [2023-05-27T16:41:57.506+0000] {dag.py:2705} INFO - Sync 1 DAGs
[2023-05-27T16:41:57.535+0000] {logging_mixin.py:137} INFO - [2023-05-27T16:41:57.535+0000] {dag.py:3456} INFO - Setting next_dagrun for example_sensor_decorator to None, run_after=None
[2023-05-27T16:41:57.557+0000] {processor.py:175} INFO - Processing /home/airflow/.local/lib/python3.7/site-packages/airflow/example_dags/example_sensor_decorator.py took 0.110 seconds
[2023-05-27T16:42:28.468+0000] {processor.py:153} INFO - Started process (PID=184) to work on /home/airflow/.local/lib/python3.7/site-packages/airflow/example_dags/example_sensor_decorator.py
[2023-05-27T16:42:28.471+0000] {processor.py:743} INFO - Processing file /home/airflow/.local/lib/python3.7/site-packages/airflow/example_dags/example_sensor_decorator.py for tasks to queue
[2023-05-27T16:42:28.472+0000] {logging_mixin.py:137} INFO - [2023-05-27T16:42:28.472+0000] {dagbag.py:532} INFO - Filling up the DagBag from /home/airflow/.local/lib/python3.7/site-packages/airflow/example_dags/example_sensor_decorator.py
[2023-05-27T16:42:28.506+0000] {processor.py:753} INFO - DAG(s) dict_keys(['example_sensor_decorator']) retrieved from /home/airflow/.local/lib/python3.7/site-packages/airflow/example_dags/example_sensor_decorator.py
[2023-05-27T16:42:28.550+0000] {logging_mixin.py:137} INFO - [2023-05-27T16:42:28.550+0000] {dag.py:2705} INFO - Sync 1 DAGs
[2023-05-27T16:42:28.581+0000] {logging_mixin.py:137} INFO - [2023-05-27T16:42:28.580+0000] {dag.py:3456} INFO - Setting next_dagrun for example_sensor_decorator to None, run_after=None
[2023-05-27T16:42:28.599+0000] {processor.py:175} INFO - Processing /home/airflow/.local/lib/python3.7/site-packages/airflow/example_dags/example_sensor_decorator.py took 0.136 seconds
[2023-05-27T16:42:59.122+0000] {processor.py:153} INFO - Started process (PID=241) to work on /home/airflow/.local/lib/python3.7/site-packages/airflow/example_dags/example_sensor_decorator.py
[2023-05-27T16:42:59.129+0000] {processor.py:743} INFO - Processing file /home/airflow/.local/lib/python3.7/site-packages/airflow/example_dags/example_sensor_decorator.py for tasks to queue
[2023-05-27T16:42:59.131+0000] {logging_mixin.py:137} INFO - [2023-05-27T16:42:59.131+0000] {dagbag.py:532} INFO - Filling up the DagBag from /home/airflow/.local/lib/python3.7/site-packages/airflow/example_dags/example_sensor_decorator.py
[2023-05-27T16:42:59.174+0000] {processor.py:753} INFO - DAG(s) dict_keys(['example_sensor_decorator']) retrieved from /home/airflow/.local/lib/python3.7/site-packages/airflow/example_dags/example_sensor_decorator.py
[2023-05-27T16:42:59.223+0000] {logging_mixin.py:137} INFO - [2023-05-27T16:42:59.223+0000] {dag.py:2705} INFO - Sync 1 DAGs
[2023-05-27T16:42:59.251+0000] {logging_mixin.py:137} INFO - [2023-05-27T16:42:59.251+0000] {dag.py:3456} INFO - Setting next_dagrun for example_sensor_decorator to None, run_after=None
[2023-05-27T16:42:59.275+0000] {processor.py:175} INFO - Processing /home/airflow/.local/lib/python3.7/site-packages/airflow/example_dags/example_sensor_decorator.py took 0.166 seconds
[2023-05-27T16:43:29.668+0000] {processor.py:153} INFO - Started process (PID=299) to work on /home/airflow/.local/lib/python3.7/site-packages/airflow/example_dags/example_sensor_decorator.py
[2023-05-27T16:43:29.670+0000] {processor.py:743} INFO - Processing file /home/airflow/.local/lib/python3.7/site-packages/airflow/example_dags/example_sensor_decorator.py for tasks to queue
[2023-05-27T16:43:29.671+0000] {logging_mixin.py:137} INFO - [2023-05-27T16:43:29.671+0000] {dagbag.py:532} INFO - Filling up the DagBag from /home/airflow/.local/lib/python3.7/site-packages/airflow/example_dags/example_sensor_decorator.py
[2023-05-27T16:43:29.697+0000] {processor.py:753} INFO - DAG(s) dict_keys(['example_sensor_decorator']) retrieved from /home/airflow/.local/lib/python3.7/site-packages/airflow/example_dags/example_sensor_decorator.py
[2023-05-27T16:43:29.725+0000] {logging_mixin.py:137} INFO - [2023-05-27T16:43:29.725+0000] {dag.py:2705} INFO - Sync 1 DAGs
[2023-05-27T16:43:29.748+0000] {logging_mixin.py:137} INFO - [2023-05-27T16:43:29.748+0000] {dag.py:3456} INFO - Setting next_dagrun for example_sensor_decorator to None, run_after=None
[2023-05-27T16:43:29.764+0000] {processor.py:175} INFO - Processing /home/airflow/.local/lib/python3.7/site-packages/airflow/example_dags/example_sensor_decorator.py took 0.101 seconds
[2023-05-27T16:43:59.890+0000] {processor.py:153} INFO - Started process (PID=355) to work on /home/airflow/.local/lib/python3.7/site-packages/airflow/example_dags/example_sensor_decorator.py
[2023-05-27T16:43:59.891+0000] {processor.py:743} INFO - Processing file /home/airflow/.local/lib/python3.7/site-packages/airflow/example_dags/example_sensor_decorator.py for tasks to queue
[2023-05-27T16:43:59.892+0000] {logging_mixin.py:137} INFO - [2023-05-27T16:43:59.892+0000] {dagbag.py:532} INFO - Filling up the DagBag from /home/airflow/.local/lib/python3.7/site-packages/airflow/example_dags/example_sensor_decorator.py
[2023-05-27T16:43:59.913+0000] {processor.py:753} INFO - DAG(s) dict_keys(['example_sensor_decorator']) retrieved from /home/airflow/.local/lib/python3.7/site-packages/airflow/example_dags/example_sensor_decorator.py
[2023-05-27T16:43:59.938+0000] {logging_mixin.py:137} INFO - [2023-05-27T16:43:59.937+0000] {dag.py:2705} INFO - Sync 1 DAGs
[2023-05-27T16:43:59.959+0000] {logging_mixin.py:137} INFO - [2023-05-27T16:43:59.959+0000] {dag.py:3456} INFO - Setting next_dagrun for example_sensor_decorator to None, run_after=None
[2023-05-27T16:43:59.973+0000] {processor.py:175} INFO - Processing /home/airflow/.local/lib/python3.7/site-packages/airflow/example_dags/example_sensor_decorator.py took 0.087 seconds
[2023-05-27T16:44:30.704+0000] {processor.py:153} INFO - Started process (PID=412) to work on /home/airflow/.local/lib/python3.7/site-packages/airflow/example_dags/example_sensor_decorator.py
[2023-05-27T16:44:30.705+0000] {processor.py:743} INFO - Processing file /home/airflow/.local/lib/python3.7/site-packages/airflow/example_dags/example_sensor_decorator.py for tasks to queue
[2023-05-27T16:44:30.706+0000] {logging_mixin.py:137} INFO - [2023-05-27T16:44:30.706+0000] {dagbag.py:532} INFO - Filling up the DagBag from /home/airflow/.local/lib/python3.7/site-packages/airflow/example_dags/example_sensor_decorator.py
[2023-05-27T16:44:30.728+0000] {processor.py:753} INFO - DAG(s) dict_keys(['example_sensor_decorator']) retrieved from /home/airflow/.local/lib/python3.7/site-packages/airflow/example_dags/example_sensor_decorator.py
[2023-05-27T16:44:30.752+0000] {logging_mixin.py:137} INFO - [2023-05-27T16:44:30.752+0000] {dag.py:2705} INFO - Sync 1 DAGs
[2023-05-27T16:44:30.773+0000] {logging_mixin.py:137} INFO - [2023-05-27T16:44:30.773+0000] {dag.py:3456} INFO - Setting next_dagrun for example_sensor_decorator to None, run_after=None
[2023-05-27T16:44:30.787+0000] {processor.py:175} INFO - Processing /home/airflow/.local/lib/python3.7/site-packages/airflow/example_dags/example_sensor_decorator.py took 0.087 seconds
[2023-05-27T16:45:01.459+0000] {processor.py:153} INFO - Started process (PID=469) to work on /home/airflow/.local/lib/python3.7/site-packages/airflow/example_dags/example_sensor_decorator.py
[2023-05-27T16:45:01.461+0000] {processor.py:743} INFO - Processing file /home/airflow/.local/lib/python3.7/site-packages/airflow/example_dags/example_sensor_decorator.py for tasks to queue
[2023-05-27T16:45:01.463+0000] {logging_mixin.py:137} INFO - [2023-05-27T16:45:01.463+0000] {dagbag.py:532} INFO - Filling up the DagBag from /home/airflow/.local/lib/python3.7/site-packages/airflow/example_dags/example_sensor_decorator.py
[2023-05-27T16:45:01.498+0000] {processor.py:753} INFO - DAG(s) dict_keys(['example_sensor_decorator']) retrieved from /home/airflow/.local/lib/python3.7/site-packages/airflow/example_dags/example_sensor_decorator.py
[2023-05-27T16:45:01.533+0000] {logging_mixin.py:137} INFO - [2023-05-27T16:45:01.533+0000] {dag.py:2705} INFO - Sync 1 DAGs
[2023-05-27T16:45:01.557+0000] {logging_mixin.py:137} INFO - [2023-05-27T16:45:01.557+0000] {dag.py:3456} INFO - Setting next_dagrun for example_sensor_decorator to None, run_after=None
[2023-05-27T16:45:01.572+0000] {processor.py:175} INFO - Processing /home/airflow/.local/lib/python3.7/site-packages/airflow/example_dags/example_sensor_decorator.py took 0.118 seconds
[2023-05-27T16:45:32.031+0000] {processor.py:153} INFO - Started process (PID=526) to work on /home/airflow/.local/lib/python3.7/site-packages/airflow/example_dags/example_sensor_decorator.py
[2023-05-27T16:45:32.033+0000] {processor.py:743} INFO - Processing file /home/airflow/.local/lib/python3.7/site-packages/airflow/example_dags/example_sensor_decorator.py for tasks to queue
[2023-05-27T16:45:32.034+0000] {logging_mixin.py:137} INFO - [2023-05-27T16:45:32.034+0000] {dagbag.py:532} INFO - Filling up the DagBag from /home/airflow/.local/lib/python3.7/site-packages/airflow/example_dags/example_sensor_decorator.py
[2023-05-27T16:45:32.054+0000] {processor.py:753} INFO - DAG(s) dict_keys(['example_sensor_decorator']) retrieved from /home/airflow/.local/lib/python3.7/site-packages/airflow/example_dags/example_sensor_decorator.py
[2023-05-27T16:45:32.080+0000] {logging_mixin.py:137} INFO - [2023-05-27T16:45:32.080+0000] {dag.py:2705} INFO - Sync 1 DAGs
[2023-05-27T16:45:32.101+0000] {logging_mixin.py:137} INFO - [2023-05-27T16:45:32.101+0000] {dag.py:3456} INFO - Setting next_dagrun for example_sensor_decorator to None, run_after=None
[2023-05-27T16:45:32.115+0000] {processor.py:175} INFO - Processing /home/airflow/.local/lib/python3.7/site-packages/airflow/example_dags/example_sensor_decorator.py took 0.087 seconds
[2023-05-27T16:46:03.040+0000] {processor.py:153} INFO - Started process (PID=583) to work on /home/airflow/.local/lib/python3.7/site-packages/airflow/example_dags/example_sensor_decorator.py
[2023-05-27T16:46:03.041+0000] {processor.py:743} INFO - Processing file /home/airflow/.local/lib/python3.7/site-packages/airflow/example_dags/example_sensor_decorator.py for tasks to queue
[2023-05-27T16:46:03.043+0000] {logging_mixin.py:137} INFO - [2023-05-27T16:46:03.043+0000] {dagbag.py:532} INFO - Filling up the DagBag from /home/airflow/.local/lib/python3.7/site-packages/airflow/example_dags/example_sensor_decorator.py
[2023-05-27T16:46:03.073+0000] {processor.py:753} INFO - DAG(s) dict_keys(['example_sensor_decorator']) retrieved from /home/airflow/.local/lib/python3.7/site-packages/airflow/example_dags/example_sensor_decorator.py
[2023-05-27T16:46:03.106+0000] {logging_mixin.py:137} INFO - [2023-05-27T16:46:03.105+0000] {dag.py:2705} INFO - Sync 1 DAGs
[2023-05-27T16:46:03.132+0000] {logging_mixin.py:137} INFO - [2023-05-27T16:46:03.131+0000] {dag.py:3456} INFO - Setting next_dagrun for example_sensor_decorator to None, run_after=None
[2023-05-27T16:46:03.166+0000] {processor.py:175} INFO - Processing /home/airflow/.local/lib/python3.7/site-packages/airflow/example_dags/example_sensor_decorator.py took 0.131 seconds
[2023-05-27T16:46:34.081+0000] {processor.py:153} INFO - Started process (PID=640) to work on /home/airflow/.local/lib/python3.7/site-packages/airflow/example_dags/example_sensor_decorator.py
[2023-05-27T16:46:34.083+0000] {processor.py:743} INFO - Processing file /home/airflow/.local/lib/python3.7/site-packages/airflow/example_dags/example_sensor_decorator.py for tasks to queue
[2023-05-27T16:46:34.084+0000] {logging_mixin.py:137} INFO - [2023-05-27T16:46:34.083+0000] {dagbag.py:532} INFO - Filling up the DagBag from /home/airflow/.local/lib/python3.7/site-packages/airflow/example_dags/example_sensor_decorator.py
[2023-05-27T16:46:34.114+0000] {processor.py:753} INFO - DAG(s) dict_keys(['example_sensor_decorator']) retrieved from /home/airflow/.local/lib/python3.7/site-packages/airflow/example_dags/example_sensor_decorator.py
[2023-05-27T16:46:34.152+0000] {logging_mixin.py:137} INFO - [2023-05-27T16:46:34.152+0000] {dag.py:2705} INFO - Sync 1 DAGs
[2023-05-27T16:46:34.203+0000] {logging_mixin.py:137} INFO - [2023-05-27T16:46:34.203+0000] {dag.py:3456} INFO - Setting next_dagrun for example_sensor_decorator to None, run_after=None
[2023-05-27T16:46:34.223+0000] {processor.py:175} INFO - Processing /home/airflow/.local/lib/python3.7/site-packages/airflow/example_dags/example_sensor_decorator.py took 0.147 seconds
[2023-05-27T16:47:04.495+0000] {processor.py:153} INFO - Started process (PID=696) to work on /home/airflow/.local/lib/python3.7/site-packages/airflow/example_dags/example_sensor_decorator.py
[2023-05-27T16:47:04.496+0000] {processor.py:743} INFO - Processing file /home/airflow/.local/lib/python3.7/site-packages/airflow/example_dags/example_sensor_decorator.py for tasks to queue
[2023-05-27T16:47:04.497+0000] {logging_mixin.py:137} INFO - [2023-05-27T16:47:04.497+0000] {dagbag.py:532} INFO - Filling up the DagBag from /home/airflow/.local/lib/python3.7/site-packages/airflow/example_dags/example_sensor_decorator.py
[2023-05-27T16:47:04.519+0000] {processor.py:753} INFO - DAG(s) dict_keys(['example_sensor_decorator']) retrieved from /home/airflow/.local/lib/python3.7/site-packages/airflow/example_dags/example_sensor_decorator.py
[2023-05-27T16:47:04.546+0000] {logging_mixin.py:137} INFO - [2023-05-27T16:47:04.546+0000] {dag.py:2705} INFO - Sync 1 DAGs
[2023-05-27T16:47:04.570+0000] {logging_mixin.py:137} INFO - [2023-05-27T16:47:04.570+0000] {dag.py:3456} INFO - Setting next_dagrun for example_sensor_decorator to None, run_after=None
[2023-05-27T16:47:04.586+0000] {processor.py:175} INFO - Processing /home/airflow/.local/lib/python3.7/site-packages/airflow/example_dags/example_sensor_decorator.py took 0.094 seconds
[2023-05-27T16:47:35.089+0000] {processor.py:153} INFO - Started process (PID=752) to work on /home/airflow/.local/lib/python3.7/site-packages/airflow/example_dags/example_sensor_decorator.py
[2023-05-27T16:47:35.091+0000] {processor.py:743} INFO - Processing file /home/airflow/.local/lib/python3.7/site-packages/airflow/example_dags/example_sensor_decorator.py for tasks to queue
[2023-05-27T16:47:35.092+0000] {logging_mixin.py:137} INFO - [2023-05-27T16:47:35.092+0000] {dagbag.py:532} INFO - Filling up the DagBag from /home/airflow/.local/lib/python3.7/site-packages/airflow/example_dags/example_sensor_decorator.py
[2023-05-27T16:47:35.115+0000] {processor.py:753} INFO - DAG(s) dict_keys(['example_sensor_decorator']) retrieved from /home/airflow/.local/lib/python3.7/site-packages/airflow/example_dags/example_sensor_decorator.py
[2023-05-27T16:47:35.140+0000] {logging_mixin.py:137} INFO - [2023-05-27T16:47:35.140+0000] {dag.py:2705} INFO - Sync 1 DAGs
[2023-05-27T16:47:35.160+0000] {logging_mixin.py:137} INFO - [2023-05-27T16:47:35.160+0000] {dag.py:3456} INFO - Setting next_dagrun for example_sensor_decorator to None, run_after=None
[2023-05-27T16:47:35.175+0000] {processor.py:175} INFO - Processing /home/airflow/.local/lib/python3.7/site-packages/airflow/example_dags/example_sensor_decorator.py took 0.089 seconds
[2023-05-27T16:48:05.791+0000] {processor.py:153} INFO - Started process (PID=809) to work on /home/airflow/.local/lib/python3.7/site-packages/airflow/example_dags/example_sensor_decorator.py
[2023-05-27T16:48:05.792+0000] {processor.py:743} INFO - Processing file /home/airflow/.local/lib/python3.7/site-packages/airflow/example_dags/example_sensor_decorator.py for tasks to queue
[2023-05-27T16:48:05.793+0000] {logging_mixin.py:137} INFO - [2023-05-27T16:48:05.793+0000] {dagbag.py:532} INFO - Filling up the DagBag from /home/airflow/.local/lib/python3.7/site-packages/airflow/example_dags/example_sensor_decorator.py
[2023-05-27T16:48:05.817+0000] {processor.py:753} INFO - DAG(s) dict_keys(['example_sensor_decorator']) retrieved from /home/airflow/.local/lib/python3.7/site-packages/airflow/example_dags/example_sensor_decorator.py
[2023-05-27T16:48:05.843+0000] {logging_mixin.py:137} INFO - [2023-05-27T16:48:05.842+0000] {dag.py:2705} INFO - Sync 1 DAGs
[2023-05-27T16:48:05.864+0000] {logging_mixin.py:137} INFO - [2023-05-27T16:48:05.863+0000] {dag.py:3456} INFO - Setting next_dagrun for example_sensor_decorator to None, run_after=None
[2023-05-27T16:48:05.878+0000] {processor.py:175} INFO - Processing /home/airflow/.local/lib/python3.7/site-packages/airflow/example_dags/example_sensor_decorator.py took 0.093 seconds
[2023-05-27T16:48:36.235+0000] {processor.py:153} INFO - Started process (PID=866) to work on /home/airflow/.local/lib/python3.7/site-packages/airflow/example_dags/example_sensor_decorator.py
[2023-05-27T16:48:36.236+0000] {processor.py:743} INFO - Processing file /home/airflow/.local/lib/python3.7/site-packages/airflow/example_dags/example_sensor_decorator.py for tasks to queue
[2023-05-27T16:48:36.237+0000] {logging_mixin.py:137} INFO - [2023-05-27T16:48:36.237+0000] {dagbag.py:532} INFO - Filling up the DagBag from /home/airflow/.local/lib/python3.7/site-packages/airflow/example_dags/example_sensor_decorator.py
[2023-05-27T16:48:36.258+0000] {processor.py:753} INFO - DAG(s) dict_keys(['example_sensor_decorator']) retrieved from /home/airflow/.local/lib/python3.7/site-packages/airflow/example_dags/example_sensor_decorator.py
[2023-05-27T16:48:36.282+0000] {logging_mixin.py:137} INFO - [2023-05-27T16:48:36.282+0000] {dag.py:2705} INFO - Sync 1 DAGs
[2023-05-27T16:48:36.304+0000] {logging_mixin.py:137} INFO - [2023-05-27T16:48:36.304+0000] {dag.py:3456} INFO - Setting next_dagrun for example_sensor_decorator to None, run_after=None
[2023-05-27T16:48:36.317+0000] {processor.py:175} INFO - Processing /home/airflow/.local/lib/python3.7/site-packages/airflow/example_dags/example_sensor_decorator.py took 0.086 seconds
[2023-05-27T16:49:07.002+0000] {processor.py:153} INFO - Started process (PID=923) to work on /home/airflow/.local/lib/python3.7/site-packages/airflow/example_dags/example_sensor_decorator.py
[2023-05-27T16:49:07.004+0000] {processor.py:743} INFO - Processing file /home/airflow/.local/lib/python3.7/site-packages/airflow/example_dags/example_sensor_decorator.py for tasks to queue
[2023-05-27T16:49:07.005+0000] {logging_mixin.py:137} INFO - [2023-05-27T16:49:07.005+0000] {dagbag.py:532} INFO - Filling up the DagBag from /home/airflow/.local/lib/python3.7/site-packages/airflow/example_dags/example_sensor_decorator.py
[2023-05-27T16:49:07.031+0000] {processor.py:753} INFO - DAG(s) dict_keys(['example_sensor_decorator']) retrieved from /home/airflow/.local/lib/python3.7/site-packages/airflow/example_dags/example_sensor_decorator.py
[2023-05-27T16:49:07.055+0000] {logging_mixin.py:137} INFO - [2023-05-27T16:49:07.055+0000] {dag.py:2705} INFO - Sync 1 DAGs
[2023-05-27T16:49:07.077+0000] {logging_mixin.py:137} INFO - [2023-05-27T16:49:07.077+0000] {dag.py:3456} INFO - Setting next_dagrun for example_sensor_decorator to None, run_after=None
[2023-05-27T16:49:07.094+0000] {processor.py:175} INFO - Processing /home/airflow/.local/lib/python3.7/site-packages/airflow/example_dags/example_sensor_decorator.py took 0.095 seconds
[2023-05-27T16:49:37.485+0000] {processor.py:153} INFO - Started process (PID=980) to work on /home/airflow/.local/lib/python3.7/site-packages/airflow/example_dags/example_sensor_decorator.py
[2023-05-27T16:49:37.486+0000] {processor.py:743} INFO - Processing file /home/airflow/.local/lib/python3.7/site-packages/airflow/example_dags/example_sensor_decorator.py for tasks to queue
[2023-05-27T16:49:37.487+0000] {logging_mixin.py:137} INFO - [2023-05-27T16:49:37.487+0000] {dagbag.py:532} INFO - Filling up the DagBag from /home/airflow/.local/lib/python3.7/site-packages/airflow/example_dags/example_sensor_decorator.py
[2023-05-27T16:49:37.509+0000] {processor.py:753} INFO - DAG(s) dict_keys(['example_sensor_decorator']) retrieved from /home/airflow/.local/lib/python3.7/site-packages/airflow/example_dags/example_sensor_decorator.py
[2023-05-27T16:49:37.537+0000] {logging_mixin.py:137} INFO - [2023-05-27T16:49:37.537+0000] {dag.py:2705} INFO - Sync 1 DAGs
[2023-05-27T16:49:37.559+0000] {logging_mixin.py:137} INFO - [2023-05-27T16:49:37.559+0000] {dag.py:3456} INFO - Setting next_dagrun for example_sensor_decorator to None, run_after=None
[2023-05-27T16:49:37.575+0000] {processor.py:175} INFO - Processing /home/airflow/.local/lib/python3.7/site-packages/airflow/example_dags/example_sensor_decorator.py took 0.096 seconds
[2023-05-27T16:50:07.892+0000] {processor.py:153} INFO - Started process (PID=1037) to work on /home/airflow/.local/lib/python3.7/site-packages/airflow/example_dags/example_sensor_decorator.py
[2023-05-27T16:50:07.893+0000] {processor.py:743} INFO - Processing file /home/airflow/.local/lib/python3.7/site-packages/airflow/example_dags/example_sensor_decorator.py for tasks to queue
[2023-05-27T16:50:07.894+0000] {logging_mixin.py:137} INFO - [2023-05-27T16:50:07.894+0000] {dagbag.py:532} INFO - Filling up the DagBag from /home/airflow/.local/lib/python3.7/site-packages/airflow/example_dags/example_sensor_decorator.py
[2023-05-27T16:50:07.915+0000] {processor.py:753} INFO - DAG(s) dict_keys(['example_sensor_decorator']) retrieved from /home/airflow/.local/lib/python3.7/site-packages/airflow/example_dags/example_sensor_decorator.py
[2023-05-27T16:50:07.939+0000] {logging_mixin.py:137} INFO - [2023-05-27T16:50:07.939+0000] {dag.py:2705} INFO - Sync 1 DAGs
[2023-05-27T16:50:07.961+0000] {logging_mixin.py:137} INFO - [2023-05-27T16:50:07.960+0000] {dag.py:3456} INFO - Setting next_dagrun for example_sensor_decorator to None, run_after=None
[2023-05-27T16:50:07.976+0000] {processor.py:175} INFO - Processing /home/airflow/.local/lib/python3.7/site-packages/airflow/example_dags/example_sensor_decorator.py took 0.087 seconds
[2023-05-27T16:50:38.089+0000] {processor.py:153} INFO - Started process (PID=1094) to work on /home/airflow/.local/lib/python3.7/site-packages/airflow/example_dags/example_sensor_decorator.py
[2023-05-27T16:50:38.090+0000] {processor.py:743} INFO - Processing file /home/airflow/.local/lib/python3.7/site-packages/airflow/example_dags/example_sensor_decorator.py for tasks to queue
[2023-05-27T16:50:38.091+0000] {logging_mixin.py:137} INFO - [2023-05-27T16:50:38.091+0000] {dagbag.py:532} INFO - Filling up the DagBag from /home/airflow/.local/lib/python3.7/site-packages/airflow/example_dags/example_sensor_decorator.py
[2023-05-27T16:50:38.112+0000] {processor.py:753} INFO - DAG(s) dict_keys(['example_sensor_decorator']) retrieved from /home/airflow/.local/lib/python3.7/site-packages/airflow/example_dags/example_sensor_decorator.py
[2023-05-27T16:50:38.143+0000] {logging_mixin.py:137} INFO - [2023-05-27T16:50:38.143+0000] {dag.py:2705} INFO - Sync 1 DAGs
[2023-05-27T16:50:38.166+0000] {logging_mixin.py:137} INFO - [2023-05-27T16:50:38.166+0000] {dag.py:3456} INFO - Setting next_dagrun for example_sensor_decorator to None, run_after=None
[2023-05-27T16:50:38.182+0000] {processor.py:175} INFO - Processing /home/airflow/.local/lib/python3.7/site-packages/airflow/example_dags/example_sensor_decorator.py took 0.096 seconds
[2023-05-27T16:51:08.459+0000] {processor.py:153} INFO - Started process (PID=1151) to work on /home/airflow/.local/lib/python3.7/site-packages/airflow/example_dags/example_sensor_decorator.py
[2023-05-27T16:51:08.460+0000] {processor.py:743} INFO - Processing file /home/airflow/.local/lib/python3.7/site-packages/airflow/example_dags/example_sensor_decorator.py for tasks to queue
[2023-05-27T16:51:08.461+0000] {logging_mixin.py:137} INFO - [2023-05-27T16:51:08.461+0000] {dagbag.py:532} INFO - Filling up the DagBag from /home/airflow/.local/lib/python3.7/site-packages/airflow/example_dags/example_sensor_decorator.py
[2023-05-27T16:51:08.482+0000] {processor.py:753} INFO - DAG(s) dict_keys(['example_sensor_decorator']) retrieved from /home/airflow/.local/lib/python3.7/site-packages/airflow/example_dags/example_sensor_decorator.py
[2023-05-27T16:51:08.506+0000] {logging_mixin.py:137} INFO - [2023-05-27T16:51:08.506+0000] {dag.py:2705} INFO - Sync 1 DAGs
[2023-05-27T16:51:08.526+0000] {logging_mixin.py:137} INFO - [2023-05-27T16:51:08.526+0000] {dag.py:3456} INFO - Setting next_dagrun for example_sensor_decorator to None, run_after=None
[2023-05-27T16:51:08.541+0000] {processor.py:175} INFO - Processing /home/airflow/.local/lib/python3.7/site-packages/airflow/example_dags/example_sensor_decorator.py took 0.085 seconds
[2023-05-27T16:51:38.601+0000] {processor.py:153} INFO - Started process (PID=1208) to work on /home/airflow/.local/lib/python3.7/site-packages/airflow/example_dags/example_sensor_decorator.py
[2023-05-27T16:51:38.602+0000] {processor.py:743} INFO - Processing file /home/airflow/.local/lib/python3.7/site-packages/airflow/example_dags/example_sensor_decorator.py for tasks to queue
[2023-05-27T16:51:38.603+0000] {logging_mixin.py:137} INFO - [2023-05-27T16:51:38.603+0000] {dagbag.py:532} INFO - Filling up the DagBag from /home/airflow/.local/lib/python3.7/site-packages/airflow/example_dags/example_sensor_decorator.py
[2023-05-27T16:51:38.625+0000] {processor.py:753} INFO - DAG(s) dict_keys(['example_sensor_decorator']) retrieved from /home/airflow/.local/lib/python3.7/site-packages/airflow/example_dags/example_sensor_decorator.py
[2023-05-27T16:51:38.649+0000] {logging_mixin.py:137} INFO - [2023-05-27T16:51:38.649+0000] {dag.py:2705} INFO - Sync 1 DAGs
[2023-05-27T16:51:38.672+0000] {logging_mixin.py:137} INFO - [2023-05-27T16:51:38.671+0000] {dag.py:3456} INFO - Setting next_dagrun for example_sensor_decorator to None, run_after=None
[2023-05-27T16:51:38.689+0000] {processor.py:175} INFO - Processing /home/airflow/.local/lib/python3.7/site-packages/airflow/example_dags/example_sensor_decorator.py took 0.092 seconds
[2023-05-27T16:52:08.817+0000] {processor.py:153} INFO - Started process (PID=1265) to work on /home/airflow/.local/lib/python3.7/site-packages/airflow/example_dags/example_sensor_decorator.py
[2023-05-27T16:52:08.818+0000] {processor.py:743} INFO - Processing file /home/airflow/.local/lib/python3.7/site-packages/airflow/example_dags/example_sensor_decorator.py for tasks to queue
[2023-05-27T16:52:08.819+0000] {logging_mixin.py:137} INFO - [2023-05-27T16:52:08.819+0000] {dagbag.py:532} INFO - Filling up the DagBag from /home/airflow/.local/lib/python3.7/site-packages/airflow/example_dags/example_sensor_decorator.py
[2023-05-27T16:52:08.845+0000] {processor.py:753} INFO - DAG(s) dict_keys(['example_sensor_decorator']) retrieved from /home/airflow/.local/lib/python3.7/site-packages/airflow/example_dags/example_sensor_decorator.py
[2023-05-27T16:52:08.873+0000] {logging_mixin.py:137} INFO - [2023-05-27T16:52:08.873+0000] {dag.py:2705} INFO - Sync 1 DAGs
[2023-05-27T16:52:08.896+0000] {logging_mixin.py:137} INFO - [2023-05-27T16:52:08.896+0000] {dag.py:3456} INFO - Setting next_dagrun for example_sensor_decorator to None, run_after=None
[2023-05-27T16:52:08.911+0000] {processor.py:175} INFO - Processing /home/airflow/.local/lib/python3.7/site-packages/airflow/example_dags/example_sensor_decorator.py took 0.098 seconds
[2023-05-27T16:52:39.717+0000] {processor.py:153} INFO - Started process (PID=1322) to work on /home/airflow/.local/lib/python3.7/site-packages/airflow/example_dags/example_sensor_decorator.py
[2023-05-27T16:52:39.718+0000] {processor.py:743} INFO - Processing file /home/airflow/.local/lib/python3.7/site-packages/airflow/example_dags/example_sensor_decorator.py for tasks to queue
[2023-05-27T16:52:39.719+0000] {logging_mixin.py:137} INFO - [2023-05-27T16:52:39.719+0000] {dagbag.py:532} INFO - Filling up the DagBag from /home/airflow/.local/lib/python3.7/site-packages/airflow/example_dags/example_sensor_decorator.py
[2023-05-27T16:52:39.741+0000] {processor.py:753} INFO - DAG(s) dict_keys(['example_sensor_decorator']) retrieved from /home/airflow/.local/lib/python3.7/site-packages/airflow/example_dags/example_sensor_decorator.py
[2023-05-27T16:52:39.773+0000] {logging_mixin.py:137} INFO - [2023-05-27T16:52:39.773+0000] {dag.py:2705} INFO - Sync 1 DAGs
[2023-05-27T16:52:39.796+0000] {logging_mixin.py:137} INFO - [2023-05-27T16:52:39.796+0000] {dag.py:3456} INFO - Setting next_dagrun for example_sensor_decorator to None, run_after=None
[2023-05-27T16:52:39.810+0000] {processor.py:175} INFO - Processing /home/airflow/.local/lib/python3.7/site-packages/airflow/example_dags/example_sensor_decorator.py took 0.098 seconds
[2023-05-27T16:53:10.044+0000] {processor.py:153} INFO - Started process (PID=1379) to work on /home/airflow/.local/lib/python3.7/site-packages/airflow/example_dags/example_sensor_decorator.py
[2023-05-27T16:53:10.045+0000] {processor.py:743} INFO - Processing file /home/airflow/.local/lib/python3.7/site-packages/airflow/example_dags/example_sensor_decorator.py for tasks to queue
[2023-05-27T16:53:10.046+0000] {logging_mixin.py:137} INFO - [2023-05-27T16:53:10.046+0000] {dagbag.py:532} INFO - Filling up the DagBag from /home/airflow/.local/lib/python3.7/site-packages/airflow/example_dags/example_sensor_decorator.py
[2023-05-27T16:53:10.068+0000] {processor.py:753} INFO - DAG(s) dict_keys(['example_sensor_decorator']) retrieved from /home/airflow/.local/lib/python3.7/site-packages/airflow/example_dags/example_sensor_decorator.py
[2023-05-27T16:53:10.103+0000] {logging_mixin.py:137} INFO - [2023-05-27T16:53:10.102+0000] {dag.py:2705} INFO - Sync 1 DAGs
[2023-05-27T16:53:10.126+0000] {logging_mixin.py:137} INFO - [2023-05-27T16:53:10.126+0000] {dag.py:3456} INFO - Setting next_dagrun for example_sensor_decorator to None, run_after=None
[2023-05-27T16:53:10.142+0000] {processor.py:175} INFO - Processing /home/airflow/.local/lib/python3.7/site-packages/airflow/example_dags/example_sensor_decorator.py took 0.102 seconds
[2023-05-27T16:53:40.247+0000] {processor.py:153} INFO - Started process (PID=1436) to work on /home/airflow/.local/lib/python3.7/site-packages/airflow/example_dags/example_sensor_decorator.py
[2023-05-27T16:53:40.248+0000] {processor.py:743} INFO - Processing file /home/airflow/.local/lib/python3.7/site-packages/airflow/example_dags/example_sensor_decorator.py for tasks to queue
[2023-05-27T16:53:40.250+0000] {logging_mixin.py:137} INFO - [2023-05-27T16:53:40.249+0000] {dagbag.py:532} INFO - Filling up the DagBag from /home/airflow/.local/lib/python3.7/site-packages/airflow/example_dags/example_sensor_decorator.py
[2023-05-27T16:53:40.274+0000] {processor.py:753} INFO - DAG(s) dict_keys(['example_sensor_decorator']) retrieved from /home/airflow/.local/lib/python3.7/site-packages/airflow/example_dags/example_sensor_decorator.py
[2023-05-27T16:53:40.302+0000] {logging_mixin.py:137} INFO - [2023-05-27T16:53:40.302+0000] {dag.py:2705} INFO - Sync 1 DAGs
[2023-05-27T16:53:40.330+0000] {logging_mixin.py:137} INFO - [2023-05-27T16:53:40.329+0000] {dag.py:3456} INFO - Setting next_dagrun for example_sensor_decorator to None, run_after=None
[2023-05-27T16:53:40.346+0000] {processor.py:175} INFO - Processing /home/airflow/.local/lib/python3.7/site-packages/airflow/example_dags/example_sensor_decorator.py took 0.103 seconds
[2023-05-27T16:54:10.517+0000] {processor.py:153} INFO - Started process (PID=1493) to work on /home/airflow/.local/lib/python3.7/site-packages/airflow/example_dags/example_sensor_decorator.py
[2023-05-27T16:54:10.518+0000] {processor.py:743} INFO - Processing file /home/airflow/.local/lib/python3.7/site-packages/airflow/example_dags/example_sensor_decorator.py for tasks to queue
[2023-05-27T16:54:10.520+0000] {logging_mixin.py:137} INFO - [2023-05-27T16:54:10.519+0000] {dagbag.py:532} INFO - Filling up the DagBag from /home/airflow/.local/lib/python3.7/site-packages/airflow/example_dags/example_sensor_decorator.py
[2023-05-27T16:54:10.543+0000] {processor.py:753} INFO - DAG(s) dict_keys(['example_sensor_decorator']) retrieved from /home/airflow/.local/lib/python3.7/site-packages/airflow/example_dags/example_sensor_decorator.py
[2023-05-27T16:54:10.569+0000] {logging_mixin.py:137} INFO - [2023-05-27T16:54:10.569+0000] {dag.py:2705} INFO - Sync 1 DAGs
[2023-05-27T16:54:10.592+0000] {logging_mixin.py:137} INFO - [2023-05-27T16:54:10.592+0000] {dag.py:3456} INFO - Setting next_dagrun for example_sensor_decorator to None, run_after=None
[2023-05-27T16:54:10.607+0000] {processor.py:175} INFO - Processing /home/airflow/.local/lib/python3.7/site-packages/airflow/example_dags/example_sensor_decorator.py took 0.095 seconds
[2023-05-27T16:54:40.877+0000] {processor.py:153} INFO - Started process (PID=1550) to work on /home/airflow/.local/lib/python3.7/site-packages/airflow/example_dags/example_sensor_decorator.py
[2023-05-27T16:54:40.878+0000] {processor.py:743} INFO - Processing file /home/airflow/.local/lib/python3.7/site-packages/airflow/example_dags/example_sensor_decorator.py for tasks to queue
[2023-05-27T16:54:40.879+0000] {logging_mixin.py:137} INFO - [2023-05-27T16:54:40.879+0000] {dagbag.py:532} INFO - Filling up the DagBag from /home/airflow/.local/lib/python3.7/site-packages/airflow/example_dags/example_sensor_decorator.py
[2023-05-27T16:54:40.900+0000] {processor.py:753} INFO - DAG(s) dict_keys(['example_sensor_decorator']) retrieved from /home/airflow/.local/lib/python3.7/site-packages/airflow/example_dags/example_sensor_decorator.py
[2023-05-27T16:54:40.925+0000] {logging_mixin.py:137} INFO - [2023-05-27T16:54:40.925+0000] {dag.py:2705} INFO - Sync 1 DAGs
[2023-05-27T16:54:40.954+0000] {logging_mixin.py:137} INFO - [2023-05-27T16:54:40.954+0000] {dag.py:3456} INFO - Setting next_dagrun for example_sensor_decorator to None, run_after=None
[2023-05-27T16:54:40.976+0000] {processor.py:175} INFO - Processing /home/airflow/.local/lib/python3.7/site-packages/airflow/example_dags/example_sensor_decorator.py took 0.103 seconds
[2023-05-27T16:55:11.051+0000] {processor.py:153} INFO - Started process (PID=1607) to work on /home/airflow/.local/lib/python3.7/site-packages/airflow/example_dags/example_sensor_decorator.py
[2023-05-27T16:55:11.053+0000] {processor.py:743} INFO - Processing file /home/airflow/.local/lib/python3.7/site-packages/airflow/example_dags/example_sensor_decorator.py for tasks to queue
[2023-05-27T16:55:11.054+0000] {logging_mixin.py:137} INFO - [2023-05-27T16:55:11.054+0000] {dagbag.py:532} INFO - Filling up the DagBag from /home/airflow/.local/lib/python3.7/site-packages/airflow/example_dags/example_sensor_decorator.py
[2023-05-27T16:55:11.076+0000] {processor.py:753} INFO - DAG(s) dict_keys(['example_sensor_decorator']) retrieved from /home/airflow/.local/lib/python3.7/site-packages/airflow/example_dags/example_sensor_decorator.py
[2023-05-27T16:55:11.103+0000] {logging_mixin.py:137} INFO - [2023-05-27T16:55:11.103+0000] {dag.py:2705} INFO - Sync 1 DAGs
[2023-05-27T16:55:11.125+0000] {logging_mixin.py:137} INFO - [2023-05-27T16:55:11.125+0000] {dag.py:3456} INFO - Setting next_dagrun for example_sensor_decorator to None, run_after=None
[2023-05-27T16:55:11.141+0000] {processor.py:175} INFO - Processing /home/airflow/.local/lib/python3.7/site-packages/airflow/example_dags/example_sensor_decorator.py took 0.094 seconds
[2023-05-27T16:55:41.884+0000] {processor.py:153} INFO - Started process (PID=1664) to work on /home/airflow/.local/lib/python3.7/site-packages/airflow/example_dags/example_sensor_decorator.py
[2023-05-27T16:55:41.886+0000] {processor.py:743} INFO - Processing file /home/airflow/.local/lib/python3.7/site-packages/airflow/example_dags/example_sensor_decorator.py for tasks to queue
[2023-05-27T16:55:41.886+0000] {logging_mixin.py:137} INFO - [2023-05-27T16:55:41.886+0000] {dagbag.py:532} INFO - Filling up the DagBag from /home/airflow/.local/lib/python3.7/site-packages/airflow/example_dags/example_sensor_decorator.py
[2023-05-27T16:55:41.909+0000] {processor.py:753} INFO - DAG(s) dict_keys(['example_sensor_decorator']) retrieved from /home/airflow/.local/lib/python3.7/site-packages/airflow/example_dags/example_sensor_decorator.py
[2023-05-27T16:55:41.935+0000] {logging_mixin.py:137} INFO - [2023-05-27T16:55:41.935+0000] {dag.py:2705} INFO - Sync 1 DAGs
[2023-05-27T16:55:41.957+0000] {logging_mixin.py:137} INFO - [2023-05-27T16:55:41.957+0000] {dag.py:3456} INFO - Setting next_dagrun for example_sensor_decorator to None, run_after=None
[2023-05-27T16:55:41.973+0000] {processor.py:175} INFO - Processing /home/airflow/.local/lib/python3.7/site-packages/airflow/example_dags/example_sensor_decorator.py took 0.092 seconds
[2023-05-27T16:56:12.129+0000] {processor.py:153} INFO - Started process (PID=1721) to work on /home/airflow/.local/lib/python3.7/site-packages/airflow/example_dags/example_sensor_decorator.py
[2023-05-27T16:56:12.131+0000] {processor.py:743} INFO - Processing file /home/airflow/.local/lib/python3.7/site-packages/airflow/example_dags/example_sensor_decorator.py for tasks to queue
[2023-05-27T16:56:12.132+0000] {logging_mixin.py:137} INFO - [2023-05-27T16:56:12.132+0000] {dagbag.py:532} INFO - Filling up the DagBag from /home/airflow/.local/lib/python3.7/site-packages/airflow/example_dags/example_sensor_decorator.py
[2023-05-27T16:56:12.154+0000] {processor.py:753} INFO - DAG(s) dict_keys(['example_sensor_decorator']) retrieved from /home/airflow/.local/lib/python3.7/site-packages/airflow/example_dags/example_sensor_decorator.py
[2023-05-27T16:56:12.179+0000] {logging_mixin.py:137} INFO - [2023-05-27T16:56:12.179+0000] {dag.py:2705} INFO - Sync 1 DAGs
[2023-05-27T16:56:12.202+0000] {logging_mixin.py:137} INFO - [2023-05-27T16:56:12.201+0000] {dag.py:3456} INFO - Setting next_dagrun for example_sensor_decorator to None, run_after=None
[2023-05-27T16:56:12.218+0000] {processor.py:175} INFO - Processing /home/airflow/.local/lib/python3.7/site-packages/airflow/example_dags/example_sensor_decorator.py took 0.093 seconds
[2023-05-27T16:56:43.142+0000] {processor.py:153} INFO - Started process (PID=1777) to work on /home/airflow/.local/lib/python3.7/site-packages/airflow/example_dags/example_sensor_decorator.py
[2023-05-27T16:56:43.143+0000] {processor.py:743} INFO - Processing file /home/airflow/.local/lib/python3.7/site-packages/airflow/example_dags/example_sensor_decorator.py for tasks to queue
[2023-05-27T16:56:43.144+0000] {logging_mixin.py:137} INFO - [2023-05-27T16:56:43.144+0000] {dagbag.py:532} INFO - Filling up the DagBag from /home/airflow/.local/lib/python3.7/site-packages/airflow/example_dags/example_sensor_decorator.py
[2023-05-27T16:56:43.165+0000] {processor.py:753} INFO - DAG(s) dict_keys(['example_sensor_decorator']) retrieved from /home/airflow/.local/lib/python3.7/site-packages/airflow/example_dags/example_sensor_decorator.py
[2023-05-27T16:56:43.189+0000] {logging_mixin.py:137} INFO - [2023-05-27T16:56:43.189+0000] {dag.py:2705} INFO - Sync 1 DAGs
[2023-05-27T16:56:43.211+0000] {logging_mixin.py:137} INFO - [2023-05-27T16:56:43.210+0000] {dag.py:3456} INFO - Setting next_dagrun for example_sensor_decorator to None, run_after=None
[2023-05-27T16:56:43.225+0000] {processor.py:175} INFO - Processing /home/airflow/.local/lib/python3.7/site-packages/airflow/example_dags/example_sensor_decorator.py took 0.086 seconds
[2023-05-27T16:57:13.974+0000] {processor.py:153} INFO - Started process (PID=1841) to work on /home/airflow/.local/lib/python3.7/site-packages/airflow/example_dags/example_sensor_decorator.py
[2023-05-27T16:57:13.976+0000] {processor.py:743} INFO - Processing file /home/airflow/.local/lib/python3.7/site-packages/airflow/example_dags/example_sensor_decorator.py for tasks to queue
[2023-05-27T16:57:13.977+0000] {logging_mixin.py:137} INFO - [2023-05-27T16:57:13.976+0000] {dagbag.py:532} INFO - Filling up the DagBag from /home/airflow/.local/lib/python3.7/site-packages/airflow/example_dags/example_sensor_decorator.py
[2023-05-27T16:57:13.998+0000] {processor.py:753} INFO - DAG(s) dict_keys(['example_sensor_decorator']) retrieved from /home/airflow/.local/lib/python3.7/site-packages/airflow/example_dags/example_sensor_decorator.py
[2023-05-27T16:57:14.022+0000] {logging_mixin.py:137} INFO - [2023-05-27T16:57:14.022+0000] {dag.py:2705} INFO - Sync 1 DAGs
[2023-05-27T16:57:14.044+0000] {logging_mixin.py:137} INFO - [2023-05-27T16:57:14.044+0000] {dag.py:3456} INFO - Setting next_dagrun for example_sensor_decorator to None, run_after=None
[2023-05-27T16:57:14.059+0000] {processor.py:175} INFO - Processing /home/airflow/.local/lib/python3.7/site-packages/airflow/example_dags/example_sensor_decorator.py took 0.089 seconds
[2023-05-27T16:57:47.059+0000] {processor.py:153} INFO - Started process (PID=1898) to work on /home/airflow/.local/lib/python3.7/site-packages/airflow/example_dags/example_sensor_decorator.py
[2023-05-27T16:57:47.067+0000] {processor.py:743} INFO - Processing file /home/airflow/.local/lib/python3.7/site-packages/airflow/example_dags/example_sensor_decorator.py for tasks to queue
[2023-05-27T16:57:47.071+0000] {logging_mixin.py:137} INFO - [2023-05-27T16:57:47.071+0000] {dagbag.py:532} INFO - Filling up the DagBag from /home/airflow/.local/lib/python3.7/site-packages/airflow/example_dags/example_sensor_decorator.py
[2023-05-27T16:57:47.172+0000] {processor.py:753} INFO - DAG(s) dict_keys(['example_sensor_decorator']) retrieved from /home/airflow/.local/lib/python3.7/site-packages/airflow/example_dags/example_sensor_decorator.py
[2023-05-27T16:57:47.259+0000] {logging_mixin.py:137} INFO - [2023-05-27T16:57:47.259+0000] {dag.py:2705} INFO - Sync 1 DAGs
[2023-05-27T16:57:47.317+0000] {logging_mixin.py:137} INFO - [2023-05-27T16:57:47.316+0000] {dag.py:3456} INFO - Setting next_dagrun for example_sensor_decorator to None, run_after=None
[2023-05-27T16:57:47.414+0000] {processor.py:175} INFO - Processing /home/airflow/.local/lib/python3.7/site-packages/airflow/example_dags/example_sensor_decorator.py took 0.374 seconds
[2023-05-27T16:58:18.212+0000] {processor.py:153} INFO - Started process (PID=1955) to work on /home/airflow/.local/lib/python3.7/site-packages/airflow/example_dags/example_sensor_decorator.py
[2023-05-27T16:58:18.216+0000] {processor.py:743} INFO - Processing file /home/airflow/.local/lib/python3.7/site-packages/airflow/example_dags/example_sensor_decorator.py for tasks to queue
[2023-05-27T16:58:18.217+0000] {logging_mixin.py:137} INFO - [2023-05-27T16:58:18.217+0000] {dagbag.py:532} INFO - Filling up the DagBag from /home/airflow/.local/lib/python3.7/site-packages/airflow/example_dags/example_sensor_decorator.py
[2023-05-27T16:58:18.242+0000] {processor.py:753} INFO - DAG(s) dict_keys(['example_sensor_decorator']) retrieved from /home/airflow/.local/lib/python3.7/site-packages/airflow/example_dags/example_sensor_decorator.py
[2023-05-27T16:58:18.274+0000] {logging_mixin.py:137} INFO - [2023-05-27T16:58:18.273+0000] {dag.py:2705} INFO - Sync 1 DAGs
[2023-05-27T16:58:18.296+0000] {logging_mixin.py:137} INFO - [2023-05-27T16:58:18.296+0000] {dag.py:3456} INFO - Setting next_dagrun for example_sensor_decorator to None, run_after=None
[2023-05-27T16:58:18.313+0000] {processor.py:175} INFO - Processing /home/airflow/.local/lib/python3.7/site-packages/airflow/example_dags/example_sensor_decorator.py took 0.105 seconds
[2023-05-27T16:58:48.821+0000] {processor.py:153} INFO - Started process (PID=2012) to work on /home/airflow/.local/lib/python3.7/site-packages/airflow/example_dags/example_sensor_decorator.py
[2023-05-27T16:58:48.822+0000] {processor.py:743} INFO - Processing file /home/airflow/.local/lib/python3.7/site-packages/airflow/example_dags/example_sensor_decorator.py for tasks to queue
[2023-05-27T16:58:48.823+0000] {logging_mixin.py:137} INFO - [2023-05-27T16:58:48.823+0000] {dagbag.py:532} INFO - Filling up the DagBag from /home/airflow/.local/lib/python3.7/site-packages/airflow/example_dags/example_sensor_decorator.py
[2023-05-27T16:58:48.844+0000] {processor.py:753} INFO - DAG(s) dict_keys(['example_sensor_decorator']) retrieved from /home/airflow/.local/lib/python3.7/site-packages/airflow/example_dags/example_sensor_decorator.py
[2023-05-27T16:58:48.868+0000] {logging_mixin.py:137} INFO - [2023-05-27T16:58:48.868+0000] {dag.py:2705} INFO - Sync 1 DAGs
[2023-05-27T16:58:48.888+0000] {logging_mixin.py:137} INFO - [2023-05-27T16:58:48.888+0000] {dag.py:3456} INFO - Setting next_dagrun for example_sensor_decorator to None, run_after=None
[2023-05-27T16:58:48.904+0000] {processor.py:175} INFO - Processing /home/airflow/.local/lib/python3.7/site-packages/airflow/example_dags/example_sensor_decorator.py took 0.088 seconds
[2023-05-27T16:59:19.594+0000] {processor.py:153} INFO - Started process (PID=2069) to work on /home/airflow/.local/lib/python3.7/site-packages/airflow/example_dags/example_sensor_decorator.py
[2023-05-27T16:59:19.595+0000] {processor.py:743} INFO - Processing file /home/airflow/.local/lib/python3.7/site-packages/airflow/example_dags/example_sensor_decorator.py for tasks to queue
[2023-05-27T16:59:19.596+0000] {logging_mixin.py:137} INFO - [2023-05-27T16:59:19.596+0000] {dagbag.py:532} INFO - Filling up the DagBag from /home/airflow/.local/lib/python3.7/site-packages/airflow/example_dags/example_sensor_decorator.py
[2023-05-27T16:59:19.618+0000] {processor.py:753} INFO - DAG(s) dict_keys(['example_sensor_decorator']) retrieved from /home/airflow/.local/lib/python3.7/site-packages/airflow/example_dags/example_sensor_decorator.py
[2023-05-27T16:59:19.643+0000] {logging_mixin.py:137} INFO - [2023-05-27T16:59:19.643+0000] {dag.py:2705} INFO - Sync 1 DAGs
[2023-05-27T16:59:19.664+0000] {logging_mixin.py:137} INFO - [2023-05-27T16:59:19.664+0000] {dag.py:3456} INFO - Setting next_dagrun for example_sensor_decorator to None, run_after=None
[2023-05-27T16:59:19.679+0000] {processor.py:175} INFO - Processing /home/airflow/.local/lib/python3.7/site-packages/airflow/example_dags/example_sensor_decorator.py took 0.089 seconds
[2023-05-27T16:59:50.496+0000] {processor.py:153} INFO - Started process (PID=2126) to work on /home/airflow/.local/lib/python3.7/site-packages/airflow/example_dags/example_sensor_decorator.py
[2023-05-27T16:59:50.499+0000] {processor.py:743} INFO - Processing file /home/airflow/.local/lib/python3.7/site-packages/airflow/example_dags/example_sensor_decorator.py for tasks to queue
[2023-05-27T16:59:50.501+0000] {logging_mixin.py:137} INFO - [2023-05-27T16:59:50.500+0000] {dagbag.py:532} INFO - Filling up the DagBag from /home/airflow/.local/lib/python3.7/site-packages/airflow/example_dags/example_sensor_decorator.py
[2023-05-27T16:59:50.541+0000] {processor.py:753} INFO - DAG(s) dict_keys(['example_sensor_decorator']) retrieved from /home/airflow/.local/lib/python3.7/site-packages/airflow/example_dags/example_sensor_decorator.py
[2023-05-27T16:59:50.591+0000] {logging_mixin.py:137} INFO - [2023-05-27T16:59:50.590+0000] {dag.py:2705} INFO - Sync 1 DAGs
[2023-05-27T16:59:50.641+0000] {logging_mixin.py:137} INFO - [2023-05-27T16:59:50.641+0000] {dag.py:3456} INFO - Setting next_dagrun for example_sensor_decorator to None, run_after=None
[2023-05-27T16:59:50.692+0000] {processor.py:175} INFO - Processing /home/airflow/.local/lib/python3.7/site-packages/airflow/example_dags/example_sensor_decorator.py took 0.204 seconds
[2023-05-27T17:00:21.351+0000] {processor.py:153} INFO - Started process (PID=2183) to work on /home/airflow/.local/lib/python3.7/site-packages/airflow/example_dags/example_sensor_decorator.py
[2023-05-27T17:00:21.354+0000] {processor.py:743} INFO - Processing file /home/airflow/.local/lib/python3.7/site-packages/airflow/example_dags/example_sensor_decorator.py for tasks to queue
[2023-05-27T17:00:21.356+0000] {logging_mixin.py:137} INFO - [2023-05-27T17:00:21.356+0000] {dagbag.py:532} INFO - Filling up the DagBag from /home/airflow/.local/lib/python3.7/site-packages/airflow/example_dags/example_sensor_decorator.py
[2023-05-27T17:00:21.400+0000] {processor.py:753} INFO - DAG(s) dict_keys(['example_sensor_decorator']) retrieved from /home/airflow/.local/lib/python3.7/site-packages/airflow/example_dags/example_sensor_decorator.py
[2023-05-27T17:00:21.448+0000] {logging_mixin.py:137} INFO - [2023-05-27T17:00:21.447+0000] {dag.py:2705} INFO - Sync 1 DAGs
[2023-05-27T17:00:21.481+0000] {logging_mixin.py:137} INFO - [2023-05-27T17:00:21.481+0000] {dag.py:3456} INFO - Setting next_dagrun for example_sensor_decorator to None, run_after=None
[2023-05-27T17:00:21.498+0000] {processor.py:175} INFO - Processing /home/airflow/.local/lib/python3.7/site-packages/airflow/example_dags/example_sensor_decorator.py took 0.161 seconds
[2023-05-27T17:00:52.515+0000] {processor.py:153} INFO - Started process (PID=2240) to work on /home/airflow/.local/lib/python3.7/site-packages/airflow/example_dags/example_sensor_decorator.py
[2023-05-27T17:00:52.516+0000] {processor.py:743} INFO - Processing file /home/airflow/.local/lib/python3.7/site-packages/airflow/example_dags/example_sensor_decorator.py for tasks to queue
[2023-05-27T17:00:52.517+0000] {logging_mixin.py:137} INFO - [2023-05-27T17:00:52.517+0000] {dagbag.py:532} INFO - Filling up the DagBag from /home/airflow/.local/lib/python3.7/site-packages/airflow/example_dags/example_sensor_decorator.py
[2023-05-27T17:00:52.562+0000] {processor.py:753} INFO - DAG(s) dict_keys(['example_sensor_decorator']) retrieved from /home/airflow/.local/lib/python3.7/site-packages/airflow/example_dags/example_sensor_decorator.py
[2023-05-27T17:00:52.594+0000] {logging_mixin.py:137} INFO - [2023-05-27T17:00:52.594+0000] {dag.py:2705} INFO - Sync 1 DAGs
[2023-05-27T17:00:52.626+0000] {logging_mixin.py:137} INFO - [2023-05-27T17:00:52.626+0000] {dag.py:3456} INFO - Setting next_dagrun for example_sensor_decorator to None, run_after=None
[2023-05-27T17:00:52.667+0000] {processor.py:175} INFO - Processing /home/airflow/.local/lib/python3.7/site-packages/airflow/example_dags/example_sensor_decorator.py took 0.158 seconds
