[2023-05-27T16:41:24.887+0000] {processor.py:153} INFO - Started process (PID=58) to work on /home/airflow/.local/lib/python3.7/site-packages/airflow/example_dags/example_sla_dag.py
[2023-05-27T16:41:24.890+0000] {processor.py:743} INFO - Processing file /home/airflow/.local/lib/python3.7/site-packages/airflow/example_dags/example_sla_dag.py for tasks to queue
[2023-05-27T16:41:24.891+0000] {logging_mixin.py:137} INFO - [2023-05-27T16:41:24.891+0000] {dagbag.py:532} INFO - Filling up the DagBag from /home/airflow/.local/lib/python3.7/site-packages/airflow/example_dags/example_sla_dag.py
[2023-05-27T16:41:24.933+0000] {processor.py:753} INFO - DAG(s) dict_keys(['example_sla_dag']) retrieved from /home/airflow/.local/lib/python3.7/site-packages/airflow/example_dags/example_sla_dag.py
[2023-05-27T16:41:24.989+0000] {logging_mixin.py:137} INFO - [2023-05-27T16:41:24.989+0000] {dag.py:2705} INFO - Sync 1 DAGs
[2023-05-27T16:41:25.043+0000] {logging_mixin.py:137} INFO - [2023-05-27T16:41:25.043+0000] {dag.py:3456} INFO - Setting next_dagrun for example_sla_dag to 2023-05-27T16:38:00+00:00, run_after=2023-05-27T16:40:00+00:00
[2023-05-27T16:41:25.070+0000] {processor.py:175} INFO - Processing /home/airflow/.local/lib/python3.7/site-packages/airflow/example_dags/example_sla_dag.py took 0.189 seconds
[2023-05-27T16:41:55.739+0000] {processor.py:153} INFO - Started process (PID=115) to work on /home/airflow/.local/lib/python3.7/site-packages/airflow/example_dags/example_sla_dag.py
[2023-05-27T16:41:55.740+0000] {processor.py:743} INFO - Processing file /home/airflow/.local/lib/python3.7/site-packages/airflow/example_dags/example_sla_dag.py for tasks to queue
[2023-05-27T16:41:55.741+0000] {logging_mixin.py:137} INFO - [2023-05-27T16:41:55.741+0000] {dagbag.py:532} INFO - Filling up the DagBag from /home/airflow/.local/lib/python3.7/site-packages/airflow/example_dags/example_sla_dag.py
[2023-05-27T16:41:55.762+0000] {processor.py:753} INFO - DAG(s) dict_keys(['example_sla_dag']) retrieved from /home/airflow/.local/lib/python3.7/site-packages/airflow/example_dags/example_sla_dag.py
[2023-05-27T16:41:55.788+0000] {logging_mixin.py:137} INFO - [2023-05-27T16:41:55.788+0000] {dag.py:2705} INFO - Sync 1 DAGs
[2023-05-27T16:41:55.814+0000] {logging_mixin.py:137} INFO - [2023-05-27T16:41:55.814+0000] {dag.py:3456} INFO - Setting next_dagrun for example_sla_dag to 2023-05-27T16:38:00+00:00, run_after=2023-05-27T16:40:00+00:00
[2023-05-27T16:41:55.830+0000] {processor.py:175} INFO - Processing /home/airflow/.local/lib/python3.7/site-packages/airflow/example_dags/example_sla_dag.py took 0.095 seconds
[2023-05-27T16:42:26.492+0000] {processor.py:153} INFO - Started process (PID=172) to work on /home/airflow/.local/lib/python3.7/site-packages/airflow/example_dags/example_sla_dag.py
[2023-05-27T16:42:26.494+0000] {processor.py:743} INFO - Processing file /home/airflow/.local/lib/python3.7/site-packages/airflow/example_dags/example_sla_dag.py for tasks to queue
[2023-05-27T16:42:26.497+0000] {logging_mixin.py:137} INFO - [2023-05-27T16:42:26.496+0000] {dagbag.py:532} INFO - Filling up the DagBag from /home/airflow/.local/lib/python3.7/site-packages/airflow/example_dags/example_sla_dag.py
[2023-05-27T16:42:26.526+0000] {processor.py:753} INFO - DAG(s) dict_keys(['example_sla_dag']) retrieved from /home/airflow/.local/lib/python3.7/site-packages/airflow/example_dags/example_sla_dag.py
[2023-05-27T16:42:26.580+0000] {logging_mixin.py:137} INFO - [2023-05-27T16:42:26.579+0000] {dag.py:2705} INFO - Sync 1 DAGs
[2023-05-27T16:42:26.609+0000] {logging_mixin.py:137} INFO - [2023-05-27T16:42:26.608+0000] {dag.py:3456} INFO - Setting next_dagrun for example_sla_dag to 2023-05-27T16:40:00+00:00, run_after=2023-05-27T16:42:00+00:00
[2023-05-27T16:42:26.631+0000] {processor.py:175} INFO - Processing /home/airflow/.local/lib/python3.7/site-packages/airflow/example_dags/example_sla_dag.py took 0.144 seconds
[2023-05-27T16:42:57.188+0000] {processor.py:153} INFO - Started process (PID=229) to work on /home/airflow/.local/lib/python3.7/site-packages/airflow/example_dags/example_sla_dag.py
[2023-05-27T16:42:57.190+0000] {processor.py:743} INFO - Processing file /home/airflow/.local/lib/python3.7/site-packages/airflow/example_dags/example_sla_dag.py for tasks to queue
[2023-05-27T16:42:57.191+0000] {logging_mixin.py:137} INFO - [2023-05-27T16:42:57.191+0000] {dagbag.py:532} INFO - Filling up the DagBag from /home/airflow/.local/lib/python3.7/site-packages/airflow/example_dags/example_sla_dag.py
[2023-05-27T16:42:57.214+0000] {processor.py:753} INFO - DAG(s) dict_keys(['example_sla_dag']) retrieved from /home/airflow/.local/lib/python3.7/site-packages/airflow/example_dags/example_sla_dag.py
[2023-05-27T16:42:57.242+0000] {logging_mixin.py:137} INFO - [2023-05-27T16:42:57.242+0000] {dag.py:2705} INFO - Sync 1 DAGs
[2023-05-27T16:42:57.266+0000] {logging_mixin.py:137} INFO - [2023-05-27T16:42:57.266+0000] {dag.py:3456} INFO - Setting next_dagrun for example_sla_dag to 2023-05-27T16:40:00+00:00, run_after=2023-05-27T16:42:00+00:00
[2023-05-27T16:42:57.281+0000] {processor.py:175} INFO - Processing /home/airflow/.local/lib/python3.7/site-packages/airflow/example_dags/example_sla_dag.py took 0.097 seconds
[2023-05-27T16:43:27.673+0000] {processor.py:153} INFO - Started process (PID=287) to work on /home/airflow/.local/lib/python3.7/site-packages/airflow/example_dags/example_sla_dag.py
[2023-05-27T16:43:27.675+0000] {processor.py:743} INFO - Processing file /home/airflow/.local/lib/python3.7/site-packages/airflow/example_dags/example_sla_dag.py for tasks to queue
[2023-05-27T16:43:27.676+0000] {logging_mixin.py:137} INFO - [2023-05-27T16:43:27.676+0000] {dagbag.py:532} INFO - Filling up the DagBag from /home/airflow/.local/lib/python3.7/site-packages/airflow/example_dags/example_sla_dag.py
[2023-05-27T16:43:27.718+0000] {processor.py:753} INFO - DAG(s) dict_keys(['example_sla_dag']) retrieved from /home/airflow/.local/lib/python3.7/site-packages/airflow/example_dags/example_sla_dag.py
[2023-05-27T16:43:27.768+0000] {logging_mixin.py:137} INFO - [2023-05-27T16:43:27.768+0000] {dag.py:2705} INFO - Sync 1 DAGs
[2023-05-27T16:43:27.804+0000] {logging_mixin.py:137} INFO - [2023-05-27T16:43:27.804+0000] {dag.py:3456} INFO - Setting next_dagrun for example_sla_dag to 2023-05-27T16:40:00+00:00, run_after=2023-05-27T16:42:00+00:00
[2023-05-27T16:43:27.827+0000] {processor.py:175} INFO - Processing /home/airflow/.local/lib/python3.7/site-packages/airflow/example_dags/example_sla_dag.py took 0.157 seconds
[2023-05-27T16:43:58.595+0000] {processor.py:153} INFO - Started process (PID=343) to work on /home/airflow/.local/lib/python3.7/site-packages/airflow/example_dags/example_sla_dag.py
[2023-05-27T16:43:58.597+0000] {processor.py:743} INFO - Processing file /home/airflow/.local/lib/python3.7/site-packages/airflow/example_dags/example_sla_dag.py for tasks to queue
[2023-05-27T16:43:58.599+0000] {logging_mixin.py:137} INFO - [2023-05-27T16:43:58.598+0000] {dagbag.py:532} INFO - Filling up the DagBag from /home/airflow/.local/lib/python3.7/site-packages/airflow/example_dags/example_sla_dag.py
[2023-05-27T16:43:58.621+0000] {processor.py:753} INFO - DAG(s) dict_keys(['example_sla_dag']) retrieved from /home/airflow/.local/lib/python3.7/site-packages/airflow/example_dags/example_sla_dag.py
[2023-05-27T16:43:58.650+0000] {logging_mixin.py:137} INFO - [2023-05-27T16:43:58.650+0000] {dag.py:2705} INFO - Sync 1 DAGs
[2023-05-27T16:43:58.675+0000] {logging_mixin.py:137} INFO - [2023-05-27T16:43:58.675+0000] {dag.py:3456} INFO - Setting next_dagrun for example_sla_dag to 2023-05-27T16:40:00+00:00, run_after=2023-05-27T16:42:00+00:00
[2023-05-27T16:43:58.690+0000] {processor.py:175} INFO - Processing /home/airflow/.local/lib/python3.7/site-packages/airflow/example_dags/example_sla_dag.py took 0.102 seconds
[2023-05-27T16:44:28.725+0000] {processor.py:153} INFO - Started process (PID=398) to work on /home/airflow/.local/lib/python3.7/site-packages/airflow/example_dags/example_sla_dag.py
[2023-05-27T16:44:28.726+0000] {processor.py:743} INFO - Processing file /home/airflow/.local/lib/python3.7/site-packages/airflow/example_dags/example_sla_dag.py for tasks to queue
[2023-05-27T16:44:28.727+0000] {logging_mixin.py:137} INFO - [2023-05-27T16:44:28.727+0000] {dagbag.py:532} INFO - Filling up the DagBag from /home/airflow/.local/lib/python3.7/site-packages/airflow/example_dags/example_sla_dag.py
[2023-05-27T16:44:28.751+0000] {processor.py:753} INFO - DAG(s) dict_keys(['example_sla_dag']) retrieved from /home/airflow/.local/lib/python3.7/site-packages/airflow/example_dags/example_sla_dag.py
[2023-05-27T16:44:28.777+0000] {logging_mixin.py:137} INFO - [2023-05-27T16:44:28.777+0000] {dag.py:2705} INFO - Sync 1 DAGs
[2023-05-27T16:44:28.800+0000] {logging_mixin.py:137} INFO - [2023-05-27T16:44:28.800+0000] {dag.py:3456} INFO - Setting next_dagrun for example_sla_dag to 2023-05-27T16:42:00+00:00, run_after=2023-05-27T16:44:00+00:00
[2023-05-27T16:44:28.814+0000] {processor.py:175} INFO - Processing /home/airflow/.local/lib/python3.7/site-packages/airflow/example_dags/example_sla_dag.py took 0.092 seconds
[2023-05-27T16:44:59.307+0000] {processor.py:153} INFO - Started process (PID=455) to work on /home/airflow/.local/lib/python3.7/site-packages/airflow/example_dags/example_sla_dag.py
[2023-05-27T16:44:59.308+0000] {processor.py:743} INFO - Processing file /home/airflow/.local/lib/python3.7/site-packages/airflow/example_dags/example_sla_dag.py for tasks to queue
[2023-05-27T16:44:59.310+0000] {logging_mixin.py:137} INFO - [2023-05-27T16:44:59.309+0000] {dagbag.py:532} INFO - Filling up the DagBag from /home/airflow/.local/lib/python3.7/site-packages/airflow/example_dags/example_sla_dag.py
[2023-05-27T16:44:59.338+0000] {processor.py:753} INFO - DAG(s) dict_keys(['example_sla_dag']) retrieved from /home/airflow/.local/lib/python3.7/site-packages/airflow/example_dags/example_sla_dag.py
[2023-05-27T16:44:59.365+0000] {logging_mixin.py:137} INFO - [2023-05-27T16:44:59.365+0000] {dag.py:2705} INFO - Sync 1 DAGs
[2023-05-27T16:44:59.390+0000] {logging_mixin.py:137} INFO - [2023-05-27T16:44:59.390+0000] {dag.py:3456} INFO - Setting next_dagrun for example_sla_dag to 2023-05-27T16:42:00+00:00, run_after=2023-05-27T16:44:00+00:00
[2023-05-27T16:44:59.404+0000] {processor.py:175} INFO - Processing /home/airflow/.local/lib/python3.7/site-packages/airflow/example_dags/example_sla_dag.py took 0.100 seconds
[2023-05-27T16:45:30.016+0000] {processor.py:153} INFO - Started process (PID=512) to work on /home/airflow/.local/lib/python3.7/site-packages/airflow/example_dags/example_sla_dag.py
[2023-05-27T16:45:30.017+0000] {processor.py:743} INFO - Processing file /home/airflow/.local/lib/python3.7/site-packages/airflow/example_dags/example_sla_dag.py for tasks to queue
[2023-05-27T16:45:30.018+0000] {logging_mixin.py:137} INFO - [2023-05-27T16:45:30.018+0000] {dagbag.py:532} INFO - Filling up the DagBag from /home/airflow/.local/lib/python3.7/site-packages/airflow/example_dags/example_sla_dag.py
[2023-05-27T16:45:30.041+0000] {processor.py:753} INFO - DAG(s) dict_keys(['example_sla_dag']) retrieved from /home/airflow/.local/lib/python3.7/site-packages/airflow/example_dags/example_sla_dag.py
[2023-05-27T16:45:30.070+0000] {logging_mixin.py:137} INFO - [2023-05-27T16:45:30.070+0000] {dag.py:2705} INFO - Sync 1 DAGs
[2023-05-27T16:45:30.096+0000] {logging_mixin.py:137} INFO - [2023-05-27T16:45:30.095+0000] {dag.py:3456} INFO - Setting next_dagrun for example_sla_dag to 2023-05-27T16:42:00+00:00, run_after=2023-05-27T16:44:00+00:00
[2023-05-27T16:45:30.111+0000] {processor.py:175} INFO - Processing /home/airflow/.local/lib/python3.7/site-packages/airflow/example_dags/example_sla_dag.py took 0.099 seconds
[2023-05-27T16:46:00.618+0000] {processor.py:153} INFO - Started process (PID=569) to work on /home/airflow/.local/lib/python3.7/site-packages/airflow/example_dags/example_sla_dag.py
[2023-05-27T16:46:00.619+0000] {processor.py:743} INFO - Processing file /home/airflow/.local/lib/python3.7/site-packages/airflow/example_dags/example_sla_dag.py for tasks to queue
[2023-05-27T16:46:00.620+0000] {logging_mixin.py:137} INFO - [2023-05-27T16:46:00.620+0000] {dagbag.py:532} INFO - Filling up the DagBag from /home/airflow/.local/lib/python3.7/site-packages/airflow/example_dags/example_sla_dag.py
[2023-05-27T16:46:00.642+0000] {processor.py:753} INFO - DAG(s) dict_keys(['example_sla_dag']) retrieved from /home/airflow/.local/lib/python3.7/site-packages/airflow/example_dags/example_sla_dag.py
[2023-05-27T16:46:00.667+0000] {logging_mixin.py:137} INFO - [2023-05-27T16:46:00.667+0000] {dag.py:2705} INFO - Sync 1 DAGs
[2023-05-27T16:46:00.690+0000] {logging_mixin.py:137} INFO - [2023-05-27T16:46:00.690+0000] {dag.py:3456} INFO - Setting next_dagrun for example_sla_dag to 2023-05-27T16:44:00+00:00, run_after=2023-05-27T16:46:00+00:00
[2023-05-27T16:46:00.704+0000] {processor.py:175} INFO - Processing /home/airflow/.local/lib/python3.7/site-packages/airflow/example_dags/example_sla_dag.py took 0.089 seconds
[2023-05-27T16:46:31.127+0000] {processor.py:153} INFO - Started process (PID=626) to work on /home/airflow/.local/lib/python3.7/site-packages/airflow/example_dags/example_sla_dag.py
[2023-05-27T16:46:31.129+0000] {processor.py:743} INFO - Processing file /home/airflow/.local/lib/python3.7/site-packages/airflow/example_dags/example_sla_dag.py for tasks to queue
[2023-05-27T16:46:31.130+0000] {logging_mixin.py:137} INFO - [2023-05-27T16:46:31.130+0000] {dagbag.py:532} INFO - Filling up the DagBag from /home/airflow/.local/lib/python3.7/site-packages/airflow/example_dags/example_sla_dag.py
[2023-05-27T16:46:31.151+0000] {processor.py:753} INFO - DAG(s) dict_keys(['example_sla_dag']) retrieved from /home/airflow/.local/lib/python3.7/site-packages/airflow/example_dags/example_sla_dag.py
[2023-05-27T16:46:31.178+0000] {logging_mixin.py:137} INFO - [2023-05-27T16:46:31.178+0000] {dag.py:2705} INFO - Sync 1 DAGs
[2023-05-27T16:46:31.205+0000] {logging_mixin.py:137} INFO - [2023-05-27T16:46:31.205+0000] {dag.py:3456} INFO - Setting next_dagrun for example_sla_dag to 2023-05-27T16:44:00+00:00, run_after=2023-05-27T16:46:00+00:00
[2023-05-27T16:46:31.219+0000] {processor.py:175} INFO - Processing /home/airflow/.local/lib/python3.7/site-packages/airflow/example_dags/example_sla_dag.py took 0.096 seconds
[2023-05-27T16:47:01.559+0000] {processor.py:153} INFO - Started process (PID=683) to work on /home/airflow/.local/lib/python3.7/site-packages/airflow/example_dags/example_sla_dag.py
[2023-05-27T16:47:01.561+0000] {processor.py:743} INFO - Processing file /home/airflow/.local/lib/python3.7/site-packages/airflow/example_dags/example_sla_dag.py for tasks to queue
[2023-05-27T16:47:01.561+0000] {logging_mixin.py:137} INFO - [2023-05-27T16:47:01.561+0000] {dagbag.py:532} INFO - Filling up the DagBag from /home/airflow/.local/lib/python3.7/site-packages/airflow/example_dags/example_sla_dag.py
[2023-05-27T16:47:01.583+0000] {processor.py:753} INFO - DAG(s) dict_keys(['example_sla_dag']) retrieved from /home/airflow/.local/lib/python3.7/site-packages/airflow/example_dags/example_sla_dag.py
[2023-05-27T16:47:01.608+0000] {logging_mixin.py:137} INFO - [2023-05-27T16:47:01.608+0000] {dag.py:2705} INFO - Sync 1 DAGs
[2023-05-27T16:47:01.631+0000] {logging_mixin.py:137} INFO - [2023-05-27T16:47:01.631+0000] {dag.py:3456} INFO - Setting next_dagrun for example_sla_dag to 2023-05-27T16:44:00+00:00, run_after=2023-05-27T16:46:00+00:00
[2023-05-27T16:47:01.645+0000] {processor.py:175} INFO - Processing /home/airflow/.local/lib/python3.7/site-packages/airflow/example_dags/example_sla_dag.py took 0.089 seconds
[2023-05-27T16:47:32.423+0000] {processor.py:153} INFO - Started process (PID=740) to work on /home/airflow/.local/lib/python3.7/site-packages/airflow/example_dags/example_sla_dag.py
[2023-05-27T16:47:32.424+0000] {processor.py:743} INFO - Processing file /home/airflow/.local/lib/python3.7/site-packages/airflow/example_dags/example_sla_dag.py for tasks to queue
[2023-05-27T16:47:32.425+0000] {logging_mixin.py:137} INFO - [2023-05-27T16:47:32.425+0000] {dagbag.py:532} INFO - Filling up the DagBag from /home/airflow/.local/lib/python3.7/site-packages/airflow/example_dags/example_sla_dag.py
[2023-05-27T16:47:32.446+0000] {processor.py:753} INFO - DAG(s) dict_keys(['example_sla_dag']) retrieved from /home/airflow/.local/lib/python3.7/site-packages/airflow/example_dags/example_sla_dag.py
[2023-05-27T16:47:32.473+0000] {logging_mixin.py:137} INFO - [2023-05-27T16:47:32.473+0000] {dag.py:2705} INFO - Sync 1 DAGs
[2023-05-27T16:47:32.496+0000] {logging_mixin.py:137} INFO - [2023-05-27T16:47:32.496+0000] {dag.py:3456} INFO - Setting next_dagrun for example_sla_dag to 2023-05-27T16:44:00+00:00, run_after=2023-05-27T16:46:00+00:00
[2023-05-27T16:47:32.509+0000] {processor.py:175} INFO - Processing /home/airflow/.local/lib/python3.7/site-packages/airflow/example_dags/example_sla_dag.py took 0.090 seconds
[2023-05-27T16:48:03.128+0000] {processor.py:153} INFO - Started process (PID=797) to work on /home/airflow/.local/lib/python3.7/site-packages/airflow/example_dags/example_sla_dag.py
[2023-05-27T16:48:03.129+0000] {processor.py:743} INFO - Processing file /home/airflow/.local/lib/python3.7/site-packages/airflow/example_dags/example_sla_dag.py for tasks to queue
[2023-05-27T16:48:03.130+0000] {logging_mixin.py:137} INFO - [2023-05-27T16:48:03.130+0000] {dagbag.py:532} INFO - Filling up the DagBag from /home/airflow/.local/lib/python3.7/site-packages/airflow/example_dags/example_sla_dag.py
[2023-05-27T16:48:03.152+0000] {processor.py:753} INFO - DAG(s) dict_keys(['example_sla_dag']) retrieved from /home/airflow/.local/lib/python3.7/site-packages/airflow/example_dags/example_sla_dag.py
[2023-05-27T16:48:03.177+0000] {logging_mixin.py:137} INFO - [2023-05-27T16:48:03.177+0000] {dag.py:2705} INFO - Sync 1 DAGs
[2023-05-27T16:48:03.200+0000] {logging_mixin.py:137} INFO - [2023-05-27T16:48:03.200+0000] {dag.py:3456} INFO - Setting next_dagrun for example_sla_dag to 2023-05-27T16:46:00+00:00, run_after=2023-05-27T16:48:00+00:00
[2023-05-27T16:48:03.214+0000] {processor.py:175} INFO - Processing /home/airflow/.local/lib/python3.7/site-packages/airflow/example_dags/example_sla_dag.py took 0.090 seconds
[2023-05-27T16:48:33.587+0000] {processor.py:153} INFO - Started process (PID=854) to work on /home/airflow/.local/lib/python3.7/site-packages/airflow/example_dags/example_sla_dag.py
[2023-05-27T16:48:33.589+0000] {processor.py:743} INFO - Processing file /home/airflow/.local/lib/python3.7/site-packages/airflow/example_dags/example_sla_dag.py for tasks to queue
[2023-05-27T16:48:33.590+0000] {logging_mixin.py:137} INFO - [2023-05-27T16:48:33.590+0000] {dagbag.py:532} INFO - Filling up the DagBag from /home/airflow/.local/lib/python3.7/site-packages/airflow/example_dags/example_sla_dag.py
[2023-05-27T16:48:33.614+0000] {processor.py:753} INFO - DAG(s) dict_keys(['example_sla_dag']) retrieved from /home/airflow/.local/lib/python3.7/site-packages/airflow/example_dags/example_sla_dag.py
[2023-05-27T16:48:33.640+0000] {logging_mixin.py:137} INFO - [2023-05-27T16:48:33.640+0000] {dag.py:2705} INFO - Sync 1 DAGs
[2023-05-27T16:48:33.665+0000] {logging_mixin.py:137} INFO - [2023-05-27T16:48:33.665+0000] {dag.py:3456} INFO - Setting next_dagrun for example_sla_dag to 2023-05-27T16:46:00+00:00, run_after=2023-05-27T16:48:00+00:00
[2023-05-27T16:48:33.679+0000] {processor.py:175} INFO - Processing /home/airflow/.local/lib/python3.7/site-packages/airflow/example_dags/example_sla_dag.py took 0.099 seconds
[2023-05-27T16:49:04.389+0000] {processor.py:153} INFO - Started process (PID=911) to work on /home/airflow/.local/lib/python3.7/site-packages/airflow/example_dags/example_sla_dag.py
[2023-05-27T16:49:04.390+0000] {processor.py:743} INFO - Processing file /home/airflow/.local/lib/python3.7/site-packages/airflow/example_dags/example_sla_dag.py for tasks to queue
[2023-05-27T16:49:04.391+0000] {logging_mixin.py:137} INFO - [2023-05-27T16:49:04.391+0000] {dagbag.py:532} INFO - Filling up the DagBag from /home/airflow/.local/lib/python3.7/site-packages/airflow/example_dags/example_sla_dag.py
[2023-05-27T16:49:04.411+0000] {processor.py:753} INFO - DAG(s) dict_keys(['example_sla_dag']) retrieved from /home/airflow/.local/lib/python3.7/site-packages/airflow/example_dags/example_sla_dag.py
[2023-05-27T16:49:04.437+0000] {logging_mixin.py:137} INFO - [2023-05-27T16:49:04.437+0000] {dag.py:2705} INFO - Sync 1 DAGs
[2023-05-27T16:49:04.460+0000] {logging_mixin.py:137} INFO - [2023-05-27T16:49:04.460+0000] {dag.py:3456} INFO - Setting next_dagrun for example_sla_dag to 2023-05-27T16:46:00+00:00, run_after=2023-05-27T16:48:00+00:00
[2023-05-27T16:49:04.473+0000] {processor.py:175} INFO - Processing /home/airflow/.local/lib/python3.7/site-packages/airflow/example_dags/example_sla_dag.py took 0.088 seconds
[2023-05-27T16:49:34.863+0000] {processor.py:153} INFO - Started process (PID=968) to work on /home/airflow/.local/lib/python3.7/site-packages/airflow/example_dags/example_sla_dag.py
[2023-05-27T16:49:34.864+0000] {processor.py:743} INFO - Processing file /home/airflow/.local/lib/python3.7/site-packages/airflow/example_dags/example_sla_dag.py for tasks to queue
[2023-05-27T16:49:34.865+0000] {logging_mixin.py:137} INFO - [2023-05-27T16:49:34.865+0000] {dagbag.py:532} INFO - Filling up the DagBag from /home/airflow/.local/lib/python3.7/site-packages/airflow/example_dags/example_sla_dag.py
[2023-05-27T16:49:34.886+0000] {processor.py:753} INFO - DAG(s) dict_keys(['example_sla_dag']) retrieved from /home/airflow/.local/lib/python3.7/site-packages/airflow/example_dags/example_sla_dag.py
[2023-05-27T16:49:34.911+0000] {logging_mixin.py:137} INFO - [2023-05-27T16:49:34.911+0000] {dag.py:2705} INFO - Sync 1 DAGs
[2023-05-27T16:49:34.934+0000] {logging_mixin.py:137} INFO - [2023-05-27T16:49:34.934+0000] {dag.py:3456} INFO - Setting next_dagrun for example_sla_dag to 2023-05-27T16:46:00+00:00, run_after=2023-05-27T16:48:00+00:00
[2023-05-27T16:49:34.948+0000] {processor.py:175} INFO - Processing /home/airflow/.local/lib/python3.7/site-packages/airflow/example_dags/example_sla_dag.py took 0.088 seconds
[2023-05-27T16:50:05.258+0000] {processor.py:153} INFO - Started process (PID=1025) to work on /home/airflow/.local/lib/python3.7/site-packages/airflow/example_dags/example_sla_dag.py
[2023-05-27T16:50:05.260+0000] {processor.py:743} INFO - Processing file /home/airflow/.local/lib/python3.7/site-packages/airflow/example_dags/example_sla_dag.py for tasks to queue
[2023-05-27T16:50:05.260+0000] {logging_mixin.py:137} INFO - [2023-05-27T16:50:05.260+0000] {dagbag.py:532} INFO - Filling up the DagBag from /home/airflow/.local/lib/python3.7/site-packages/airflow/example_dags/example_sla_dag.py
[2023-05-27T16:50:05.282+0000] {processor.py:753} INFO - DAG(s) dict_keys(['example_sla_dag']) retrieved from /home/airflow/.local/lib/python3.7/site-packages/airflow/example_dags/example_sla_dag.py
[2023-05-27T16:50:05.307+0000] {logging_mixin.py:137} INFO - [2023-05-27T16:50:05.306+0000] {dag.py:2705} INFO - Sync 1 DAGs
[2023-05-27T16:50:05.330+0000] {logging_mixin.py:137} INFO - [2023-05-27T16:50:05.329+0000] {dag.py:3456} INFO - Setting next_dagrun for example_sla_dag to 2023-05-27T16:48:00+00:00, run_after=2023-05-27T16:50:00+00:00
[2023-05-27T16:50:05.344+0000] {processor.py:175} INFO - Processing /home/airflow/.local/lib/python3.7/site-packages/airflow/example_dags/example_sla_dag.py took 0.089 seconds
[2023-05-27T16:50:35.431+0000] {processor.py:153} INFO - Started process (PID=1082) to work on /home/airflow/.local/lib/python3.7/site-packages/airflow/example_dags/example_sla_dag.py
[2023-05-27T16:50:35.433+0000] {processor.py:743} INFO - Processing file /home/airflow/.local/lib/python3.7/site-packages/airflow/example_dags/example_sla_dag.py for tasks to queue
[2023-05-27T16:50:35.434+0000] {logging_mixin.py:137} INFO - [2023-05-27T16:50:35.434+0000] {dagbag.py:532} INFO - Filling up the DagBag from /home/airflow/.local/lib/python3.7/site-packages/airflow/example_dags/example_sla_dag.py
[2023-05-27T16:50:35.454+0000] {processor.py:753} INFO - DAG(s) dict_keys(['example_sla_dag']) retrieved from /home/airflow/.local/lib/python3.7/site-packages/airflow/example_dags/example_sla_dag.py
[2023-05-27T16:50:35.480+0000] {logging_mixin.py:137} INFO - [2023-05-27T16:50:35.480+0000] {dag.py:2705} INFO - Sync 1 DAGs
[2023-05-27T16:50:35.503+0000] {logging_mixin.py:137} INFO - [2023-05-27T16:50:35.503+0000] {dag.py:3456} INFO - Setting next_dagrun for example_sla_dag to 2023-05-27T16:48:00+00:00, run_after=2023-05-27T16:50:00+00:00
[2023-05-27T16:50:35.517+0000] {processor.py:175} INFO - Processing /home/airflow/.local/lib/python3.7/site-packages/airflow/example_dags/example_sla_dag.py took 0.089 seconds
[2023-05-27T16:51:05.676+0000] {processor.py:153} INFO - Started process (PID=1139) to work on /home/airflow/.local/lib/python3.7/site-packages/airflow/example_dags/example_sla_dag.py
[2023-05-27T16:51:05.677+0000] {processor.py:743} INFO - Processing file /home/airflow/.local/lib/python3.7/site-packages/airflow/example_dags/example_sla_dag.py for tasks to queue
[2023-05-27T16:51:05.678+0000] {logging_mixin.py:137} INFO - [2023-05-27T16:51:05.678+0000] {dagbag.py:532} INFO - Filling up the DagBag from /home/airflow/.local/lib/python3.7/site-packages/airflow/example_dags/example_sla_dag.py
[2023-05-27T16:51:05.699+0000] {processor.py:753} INFO - DAG(s) dict_keys(['example_sla_dag']) retrieved from /home/airflow/.local/lib/python3.7/site-packages/airflow/example_dags/example_sla_dag.py
[2023-05-27T16:51:05.725+0000] {logging_mixin.py:137} INFO - [2023-05-27T16:51:05.725+0000] {dag.py:2705} INFO - Sync 1 DAGs
[2023-05-27T16:51:05.748+0000] {logging_mixin.py:137} INFO - [2023-05-27T16:51:05.748+0000] {dag.py:3456} INFO - Setting next_dagrun for example_sla_dag to 2023-05-27T16:48:00+00:00, run_after=2023-05-27T16:50:00+00:00
[2023-05-27T16:51:05.762+0000] {processor.py:175} INFO - Processing /home/airflow/.local/lib/python3.7/site-packages/airflow/example_dags/example_sla_dag.py took 0.089 seconds
[2023-05-27T16:51:35.852+0000] {processor.py:153} INFO - Started process (PID=1196) to work on /home/airflow/.local/lib/python3.7/site-packages/airflow/example_dags/example_sla_dag.py
[2023-05-27T16:51:35.854+0000] {processor.py:743} INFO - Processing file /home/airflow/.local/lib/python3.7/site-packages/airflow/example_dags/example_sla_dag.py for tasks to queue
[2023-05-27T16:51:35.855+0000] {logging_mixin.py:137} INFO - [2023-05-27T16:51:35.855+0000] {dagbag.py:532} INFO - Filling up the DagBag from /home/airflow/.local/lib/python3.7/site-packages/airflow/example_dags/example_sla_dag.py
[2023-05-27T16:51:35.877+0000] {processor.py:753} INFO - DAG(s) dict_keys(['example_sla_dag']) retrieved from /home/airflow/.local/lib/python3.7/site-packages/airflow/example_dags/example_sla_dag.py
[2023-05-27T16:51:35.904+0000] {logging_mixin.py:137} INFO - [2023-05-27T16:51:35.903+0000] {dag.py:2705} INFO - Sync 1 DAGs
[2023-05-27T16:51:35.928+0000] {logging_mixin.py:137} INFO - [2023-05-27T16:51:35.927+0000] {dag.py:3456} INFO - Setting next_dagrun for example_sla_dag to 2023-05-27T16:48:00+00:00, run_after=2023-05-27T16:50:00+00:00
[2023-05-27T16:51:35.942+0000] {processor.py:175} INFO - Processing /home/airflow/.local/lib/python3.7/site-packages/airflow/example_dags/example_sla_dag.py took 0.097 seconds
[2023-05-27T16:52:06.173+0000] {processor.py:153} INFO - Started process (PID=1253) to work on /home/airflow/.local/lib/python3.7/site-packages/airflow/example_dags/example_sla_dag.py
[2023-05-27T16:52:06.174+0000] {processor.py:743} INFO - Processing file /home/airflow/.local/lib/python3.7/site-packages/airflow/example_dags/example_sla_dag.py for tasks to queue
[2023-05-27T16:52:06.175+0000] {logging_mixin.py:137} INFO - [2023-05-27T16:52:06.175+0000] {dagbag.py:532} INFO - Filling up the DagBag from /home/airflow/.local/lib/python3.7/site-packages/airflow/example_dags/example_sla_dag.py
[2023-05-27T16:52:06.196+0000] {processor.py:753} INFO - DAG(s) dict_keys(['example_sla_dag']) retrieved from /home/airflow/.local/lib/python3.7/site-packages/airflow/example_dags/example_sla_dag.py
[2023-05-27T16:52:06.221+0000] {logging_mixin.py:137} INFO - [2023-05-27T16:52:06.221+0000] {dag.py:2705} INFO - Sync 1 DAGs
[2023-05-27T16:52:06.244+0000] {logging_mixin.py:137} INFO - [2023-05-27T16:52:06.244+0000] {dag.py:3456} INFO - Setting next_dagrun for example_sla_dag to 2023-05-27T16:50:00+00:00, run_after=2023-05-27T16:52:00+00:00
[2023-05-27T16:52:06.258+0000] {processor.py:175} INFO - Processing /home/airflow/.local/lib/python3.7/site-packages/airflow/example_dags/example_sla_dag.py took 0.089 seconds
[2023-05-27T16:52:36.964+0000] {processor.py:153} INFO - Started process (PID=1310) to work on /home/airflow/.local/lib/python3.7/site-packages/airflow/example_dags/example_sla_dag.py
[2023-05-27T16:52:36.967+0000] {processor.py:743} INFO - Processing file /home/airflow/.local/lib/python3.7/site-packages/airflow/example_dags/example_sla_dag.py for tasks to queue
[2023-05-27T16:52:36.968+0000] {logging_mixin.py:137} INFO - [2023-05-27T16:52:36.968+0000] {dagbag.py:532} INFO - Filling up the DagBag from /home/airflow/.local/lib/python3.7/site-packages/airflow/example_dags/example_sla_dag.py
[2023-05-27T16:52:36.991+0000] {processor.py:753} INFO - DAG(s) dict_keys(['example_sla_dag']) retrieved from /home/airflow/.local/lib/python3.7/site-packages/airflow/example_dags/example_sla_dag.py
[2023-05-27T16:52:37.022+0000] {logging_mixin.py:137} INFO - [2023-05-27T16:52:37.022+0000] {dag.py:2705} INFO - Sync 1 DAGs
[2023-05-27T16:52:37.051+0000] {logging_mixin.py:137} INFO - [2023-05-27T16:52:37.050+0000] {dag.py:3456} INFO - Setting next_dagrun for example_sla_dag to 2023-05-27T16:50:00+00:00, run_after=2023-05-27T16:52:00+00:00
[2023-05-27T16:52:37.067+0000] {processor.py:175} INFO - Processing /home/airflow/.local/lib/python3.7/site-packages/airflow/example_dags/example_sla_dag.py took 0.107 seconds
[2023-05-27T16:53:07.095+0000] {processor.py:153} INFO - Started process (PID=1367) to work on /home/airflow/.local/lib/python3.7/site-packages/airflow/example_dags/example_sla_dag.py
[2023-05-27T16:53:07.097+0000] {processor.py:743} INFO - Processing file /home/airflow/.local/lib/python3.7/site-packages/airflow/example_dags/example_sla_dag.py for tasks to queue
[2023-05-27T16:53:07.098+0000] {logging_mixin.py:137} INFO - [2023-05-27T16:53:07.098+0000] {dagbag.py:532} INFO - Filling up the DagBag from /home/airflow/.local/lib/python3.7/site-packages/airflow/example_dags/example_sla_dag.py
[2023-05-27T16:53:07.126+0000] {processor.py:753} INFO - DAG(s) dict_keys(['example_sla_dag']) retrieved from /home/airflow/.local/lib/python3.7/site-packages/airflow/example_dags/example_sla_dag.py
[2023-05-27T16:53:07.155+0000] {logging_mixin.py:137} INFO - [2023-05-27T16:53:07.155+0000] {dag.py:2705} INFO - Sync 1 DAGs
[2023-05-27T16:53:07.180+0000] {logging_mixin.py:137} INFO - [2023-05-27T16:53:07.180+0000] {dag.py:3456} INFO - Setting next_dagrun for example_sla_dag to 2023-05-27T16:50:00+00:00, run_after=2023-05-27T16:52:00+00:00
[2023-05-27T16:53:07.195+0000] {processor.py:175} INFO - Processing /home/airflow/.local/lib/python3.7/site-packages/airflow/example_dags/example_sla_dag.py took 0.103 seconds
[2023-05-27T16:53:37.574+0000] {processor.py:153} INFO - Started process (PID=1424) to work on /home/airflow/.local/lib/python3.7/site-packages/airflow/example_dags/example_sla_dag.py
[2023-05-27T16:53:37.575+0000] {processor.py:743} INFO - Processing file /home/airflow/.local/lib/python3.7/site-packages/airflow/example_dags/example_sla_dag.py for tasks to queue
[2023-05-27T16:53:37.576+0000] {logging_mixin.py:137} INFO - [2023-05-27T16:53:37.576+0000] {dagbag.py:532} INFO - Filling up the DagBag from /home/airflow/.local/lib/python3.7/site-packages/airflow/example_dags/example_sla_dag.py
[2023-05-27T16:53:37.602+0000] {processor.py:753} INFO - DAG(s) dict_keys(['example_sla_dag']) retrieved from /home/airflow/.local/lib/python3.7/site-packages/airflow/example_dags/example_sla_dag.py
[2023-05-27T16:53:37.628+0000] {logging_mixin.py:137} INFO - [2023-05-27T16:53:37.628+0000] {dag.py:2705} INFO - Sync 1 DAGs
[2023-05-27T16:53:37.656+0000] {logging_mixin.py:137} INFO - [2023-05-27T16:53:37.656+0000] {dag.py:3456} INFO - Setting next_dagrun for example_sla_dag to 2023-05-27T16:50:00+00:00, run_after=2023-05-27T16:52:00+00:00
[2023-05-27T16:53:37.671+0000] {processor.py:175} INFO - Processing /home/airflow/.local/lib/python3.7/site-packages/airflow/example_dags/example_sla_dag.py took 0.103 seconds
[2023-05-27T16:54:07.785+0000] {processor.py:153} INFO - Started process (PID=1481) to work on /home/airflow/.local/lib/python3.7/site-packages/airflow/example_dags/example_sla_dag.py
[2023-05-27T16:54:07.786+0000] {processor.py:743} INFO - Processing file /home/airflow/.local/lib/python3.7/site-packages/airflow/example_dags/example_sla_dag.py for tasks to queue
[2023-05-27T16:54:07.787+0000] {logging_mixin.py:137} INFO - [2023-05-27T16:54:07.787+0000] {dagbag.py:532} INFO - Filling up the DagBag from /home/airflow/.local/lib/python3.7/site-packages/airflow/example_dags/example_sla_dag.py
[2023-05-27T16:54:07.809+0000] {processor.py:753} INFO - DAG(s) dict_keys(['example_sla_dag']) retrieved from /home/airflow/.local/lib/python3.7/site-packages/airflow/example_dags/example_sla_dag.py
[2023-05-27T16:54:07.835+0000] {logging_mixin.py:137} INFO - [2023-05-27T16:54:07.835+0000] {dag.py:2705} INFO - Sync 1 DAGs
[2023-05-27T16:54:07.860+0000] {logging_mixin.py:137} INFO - [2023-05-27T16:54:07.860+0000] {dag.py:3456} INFO - Setting next_dagrun for example_sla_dag to 2023-05-27T16:52:00+00:00, run_after=2023-05-27T16:54:00+00:00
[2023-05-27T16:54:07.876+0000] {processor.py:175} INFO - Processing /home/airflow/.local/lib/python3.7/site-packages/airflow/example_dags/example_sla_dag.py took 0.095 seconds
[2023-05-27T16:54:38.106+0000] {processor.py:153} INFO - Started process (PID=1538) to work on /home/airflow/.local/lib/python3.7/site-packages/airflow/example_dags/example_sla_dag.py
[2023-05-27T16:54:38.108+0000] {processor.py:743} INFO - Processing file /home/airflow/.local/lib/python3.7/site-packages/airflow/example_dags/example_sla_dag.py for tasks to queue
[2023-05-27T16:54:38.109+0000] {logging_mixin.py:137} INFO - [2023-05-27T16:54:38.108+0000] {dagbag.py:532} INFO - Filling up the DagBag from /home/airflow/.local/lib/python3.7/site-packages/airflow/example_dags/example_sla_dag.py
[2023-05-27T16:54:38.130+0000] {processor.py:753} INFO - DAG(s) dict_keys(['example_sla_dag']) retrieved from /home/airflow/.local/lib/python3.7/site-packages/airflow/example_dags/example_sla_dag.py
[2023-05-27T16:54:38.157+0000] {logging_mixin.py:137} INFO - [2023-05-27T16:54:38.157+0000] {dag.py:2705} INFO - Sync 1 DAGs
[2023-05-27T16:54:38.182+0000] {logging_mixin.py:137} INFO - [2023-05-27T16:54:38.182+0000] {dag.py:3456} INFO - Setting next_dagrun for example_sla_dag to 2023-05-27T16:52:00+00:00, run_after=2023-05-27T16:54:00+00:00
[2023-05-27T16:54:38.195+0000] {processor.py:175} INFO - Processing /home/airflow/.local/lib/python3.7/site-packages/airflow/example_dags/example_sla_dag.py took 0.092 seconds
[2023-05-27T16:55:08.347+0000] {processor.py:153} INFO - Started process (PID=1595) to work on /home/airflow/.local/lib/python3.7/site-packages/airflow/example_dags/example_sla_dag.py
[2023-05-27T16:55:08.348+0000] {processor.py:743} INFO - Processing file /home/airflow/.local/lib/python3.7/site-packages/airflow/example_dags/example_sla_dag.py for tasks to queue
[2023-05-27T16:55:08.349+0000] {logging_mixin.py:137} INFO - [2023-05-27T16:55:08.349+0000] {dagbag.py:532} INFO - Filling up the DagBag from /home/airflow/.local/lib/python3.7/site-packages/airflow/example_dags/example_sla_dag.py
[2023-05-27T16:55:08.370+0000] {processor.py:753} INFO - DAG(s) dict_keys(['example_sla_dag']) retrieved from /home/airflow/.local/lib/python3.7/site-packages/airflow/example_dags/example_sla_dag.py
[2023-05-27T16:55:08.397+0000] {logging_mixin.py:137} INFO - [2023-05-27T16:55:08.397+0000] {dag.py:2705} INFO - Sync 1 DAGs
[2023-05-27T16:55:08.420+0000] {logging_mixin.py:137} INFO - [2023-05-27T16:55:08.420+0000] {dag.py:3456} INFO - Setting next_dagrun for example_sla_dag to 2023-05-27T16:52:00+00:00, run_after=2023-05-27T16:54:00+00:00
[2023-05-27T16:55:08.436+0000] {processor.py:175} INFO - Processing /home/airflow/.local/lib/python3.7/site-packages/airflow/example_dags/example_sla_dag.py took 0.092 seconds
[2023-05-27T16:55:39.246+0000] {processor.py:153} INFO - Started process (PID=1652) to work on /home/airflow/.local/lib/python3.7/site-packages/airflow/example_dags/example_sla_dag.py
[2023-05-27T16:55:39.248+0000] {processor.py:743} INFO - Processing file /home/airflow/.local/lib/python3.7/site-packages/airflow/example_dags/example_sla_dag.py for tasks to queue
[2023-05-27T16:55:39.249+0000] {logging_mixin.py:137} INFO - [2023-05-27T16:55:39.248+0000] {dagbag.py:532} INFO - Filling up the DagBag from /home/airflow/.local/lib/python3.7/site-packages/airflow/example_dags/example_sla_dag.py
[2023-05-27T16:55:39.270+0000] {processor.py:753} INFO - DAG(s) dict_keys(['example_sla_dag']) retrieved from /home/airflow/.local/lib/python3.7/site-packages/airflow/example_dags/example_sla_dag.py
[2023-05-27T16:55:39.296+0000] {logging_mixin.py:137} INFO - [2023-05-27T16:55:39.296+0000] {dag.py:2705} INFO - Sync 1 DAGs
[2023-05-27T16:55:39.322+0000] {logging_mixin.py:137} INFO - [2023-05-27T16:55:39.322+0000] {dag.py:3456} INFO - Setting next_dagrun for example_sla_dag to 2023-05-27T16:52:00+00:00, run_after=2023-05-27T16:54:00+00:00
[2023-05-27T16:55:39.335+0000] {processor.py:175} INFO - Processing /home/airflow/.local/lib/python3.7/site-packages/airflow/example_dags/example_sla_dag.py took 0.093 seconds
[2023-05-27T16:56:09.953+0000] {processor.py:153} INFO - Started process (PID=1709) to work on /home/airflow/.local/lib/python3.7/site-packages/airflow/example_dags/example_sla_dag.py
[2023-05-27T16:56:09.955+0000] {processor.py:743} INFO - Processing file /home/airflow/.local/lib/python3.7/site-packages/airflow/example_dags/example_sla_dag.py for tasks to queue
[2023-05-27T16:56:09.956+0000] {logging_mixin.py:137} INFO - [2023-05-27T16:56:09.955+0000] {dagbag.py:532} INFO - Filling up the DagBag from /home/airflow/.local/lib/python3.7/site-packages/airflow/example_dags/example_sla_dag.py
[2023-05-27T16:56:09.979+0000] {processor.py:753} INFO - DAG(s) dict_keys(['example_sla_dag']) retrieved from /home/airflow/.local/lib/python3.7/site-packages/airflow/example_dags/example_sla_dag.py
[2023-05-27T16:56:10.022+0000] {logging_mixin.py:137} INFO - [2023-05-27T16:56:10.022+0000] {dag.py:2705} INFO - Sync 1 DAGs
[2023-05-27T16:56:10.051+0000] {logging_mixin.py:137} INFO - [2023-05-27T16:56:10.051+0000] {dag.py:3456} INFO - Setting next_dagrun for example_sla_dag to 2023-05-27T16:54:00+00:00, run_after=2023-05-27T16:56:00+00:00
[2023-05-27T16:56:10.068+0000] {processor.py:175} INFO - Processing /home/airflow/.local/lib/python3.7/site-packages/airflow/example_dags/example_sla_dag.py took 0.119 seconds
[2023-05-27T16:56:40.375+0000] {processor.py:153} INFO - Started process (PID=1765) to work on /home/airflow/.local/lib/python3.7/site-packages/airflow/example_dags/example_sla_dag.py
[2023-05-27T16:56:40.377+0000] {processor.py:743} INFO - Processing file /home/airflow/.local/lib/python3.7/site-packages/airflow/example_dags/example_sla_dag.py for tasks to queue
[2023-05-27T16:56:40.378+0000] {logging_mixin.py:137} INFO - [2023-05-27T16:56:40.377+0000] {dagbag.py:532} INFO - Filling up the DagBag from /home/airflow/.local/lib/python3.7/site-packages/airflow/example_dags/example_sla_dag.py
[2023-05-27T16:56:40.399+0000] {processor.py:753} INFO - DAG(s) dict_keys(['example_sla_dag']) retrieved from /home/airflow/.local/lib/python3.7/site-packages/airflow/example_dags/example_sla_dag.py
[2023-05-27T16:56:40.424+0000] {logging_mixin.py:137} INFO - [2023-05-27T16:56:40.424+0000] {dag.py:2705} INFO - Sync 1 DAGs
[2023-05-27T16:56:40.447+0000] {logging_mixin.py:137} INFO - [2023-05-27T16:56:40.447+0000] {dag.py:3456} INFO - Setting next_dagrun for example_sla_dag to 2023-05-27T16:54:00+00:00, run_after=2023-05-27T16:56:00+00:00
[2023-05-27T16:56:40.461+0000] {processor.py:175} INFO - Processing /home/airflow/.local/lib/python3.7/site-packages/airflow/example_dags/example_sla_dag.py took 0.089 seconds
[2023-05-27T16:57:11.323+0000] {processor.py:153} INFO - Started process (PID=1822) to work on /home/airflow/.local/lib/python3.7/site-packages/airflow/example_dags/example_sla_dag.py
[2023-05-27T16:57:11.324+0000] {processor.py:743} INFO - Processing file /home/airflow/.local/lib/python3.7/site-packages/airflow/example_dags/example_sla_dag.py for tasks to queue
[2023-05-27T16:57:11.326+0000] {logging_mixin.py:137} INFO - [2023-05-27T16:57:11.326+0000] {dagbag.py:532} INFO - Filling up the DagBag from /home/airflow/.local/lib/python3.7/site-packages/airflow/example_dags/example_sla_dag.py
[2023-05-27T16:57:11.346+0000] {processor.py:753} INFO - DAG(s) dict_keys(['example_sla_dag']) retrieved from /home/airflow/.local/lib/python3.7/site-packages/airflow/example_dags/example_sla_dag.py
[2023-05-27T16:57:11.371+0000] {logging_mixin.py:137} INFO - [2023-05-27T16:57:11.371+0000] {dag.py:2705} INFO - Sync 1 DAGs
[2023-05-27T16:57:11.395+0000] {logging_mixin.py:137} INFO - [2023-05-27T16:57:11.395+0000] {dag.py:3456} INFO - Setting next_dagrun for example_sla_dag to 2023-05-27T16:54:00+00:00, run_after=2023-05-27T16:56:00+00:00
[2023-05-27T16:57:11.409+0000] {processor.py:175} INFO - Processing /home/airflow/.local/lib/python3.7/site-packages/airflow/example_dags/example_sla_dag.py took 0.089 seconds
[2023-05-27T16:57:43.295+0000] {processor.py:153} INFO - Started process (PID=1879) to work on /home/airflow/.local/lib/python3.7/site-packages/airflow/example_dags/example_sla_dag.py
[2023-05-27T16:57:43.315+0000] {processor.py:743} INFO - Processing file /home/airflow/.local/lib/python3.7/site-packages/airflow/example_dags/example_sla_dag.py for tasks to queue
[2023-05-27T16:57:43.321+0000] {logging_mixin.py:137} INFO - [2023-05-27T16:57:43.320+0000] {dagbag.py:532} INFO - Filling up the DagBag from /home/airflow/.local/lib/python3.7/site-packages/airflow/example_dags/example_sla_dag.py
[2023-05-27T16:57:43.372+0000] {processor.py:753} INFO - DAG(s) dict_keys(['example_sla_dag']) retrieved from /home/airflow/.local/lib/python3.7/site-packages/airflow/example_dags/example_sla_dag.py
[2023-05-27T16:57:43.422+0000] {logging_mixin.py:137} INFO - [2023-05-27T16:57:43.421+0000] {dag.py:2705} INFO - Sync 1 DAGs
[2023-05-27T16:57:43.536+0000] {logging_mixin.py:137} INFO - [2023-05-27T16:57:43.536+0000] {dag.py:3456} INFO - Setting next_dagrun for example_sla_dag to 2023-05-27T16:54:00+00:00, run_after=2023-05-27T16:56:00+00:00
[2023-05-27T16:57:43.613+0000] {processor.py:175} INFO - Processing /home/airflow/.local/lib/python3.7/site-packages/airflow/example_dags/example_sla_dag.py took 0.323 seconds
[2023-05-27T16:58:14.512+0000] {processor.py:153} INFO - Started process (PID=1943) to work on /home/airflow/.local/lib/python3.7/site-packages/airflow/example_dags/example_sla_dag.py
[2023-05-27T16:58:14.514+0000] {processor.py:743} INFO - Processing file /home/airflow/.local/lib/python3.7/site-packages/airflow/example_dags/example_sla_dag.py for tasks to queue
[2023-05-27T16:58:14.516+0000] {logging_mixin.py:137} INFO - [2023-05-27T16:58:14.516+0000] {dagbag.py:532} INFO - Filling up the DagBag from /home/airflow/.local/lib/python3.7/site-packages/airflow/example_dags/example_sla_dag.py
[2023-05-27T16:58:14.548+0000] {processor.py:753} INFO - DAG(s) dict_keys(['example_sla_dag']) retrieved from /home/airflow/.local/lib/python3.7/site-packages/airflow/example_dags/example_sla_dag.py
[2023-05-27T16:58:14.577+0000] {logging_mixin.py:137} INFO - [2023-05-27T16:58:14.577+0000] {dag.py:2705} INFO - Sync 1 DAGs
[2023-05-27T16:58:14.602+0000] {logging_mixin.py:137} INFO - [2023-05-27T16:58:14.602+0000] {dag.py:3456} INFO - Setting next_dagrun for example_sla_dag to 2023-05-27T16:56:00+00:00, run_after=2023-05-27T16:58:00+00:00
[2023-05-27T16:58:14.617+0000] {processor.py:175} INFO - Processing /home/airflow/.local/lib/python3.7/site-packages/airflow/example_dags/example_sla_dag.py took 0.110 seconds
[2023-05-27T16:58:45.158+0000] {processor.py:153} INFO - Started process (PID=2000) to work on /home/airflow/.local/lib/python3.7/site-packages/airflow/example_dags/example_sla_dag.py
[2023-05-27T16:58:45.161+0000] {processor.py:743} INFO - Processing file /home/airflow/.local/lib/python3.7/site-packages/airflow/example_dags/example_sla_dag.py for tasks to queue
[2023-05-27T16:58:45.163+0000] {logging_mixin.py:137} INFO - [2023-05-27T16:58:45.163+0000] {dagbag.py:532} INFO - Filling up the DagBag from /home/airflow/.local/lib/python3.7/site-packages/airflow/example_dags/example_sla_dag.py
[2023-05-27T16:58:45.188+0000] {processor.py:753} INFO - DAG(s) dict_keys(['example_sla_dag']) retrieved from /home/airflow/.local/lib/python3.7/site-packages/airflow/example_dags/example_sla_dag.py
[2023-05-27T16:58:45.216+0000] {logging_mixin.py:137} INFO - [2023-05-27T16:58:45.215+0000] {dag.py:2705} INFO - Sync 1 DAGs
[2023-05-27T16:58:45.239+0000] {logging_mixin.py:137} INFO - [2023-05-27T16:58:45.239+0000] {dag.py:3456} INFO - Setting next_dagrun for example_sla_dag to 2023-05-27T16:56:00+00:00, run_after=2023-05-27T16:58:00+00:00
[2023-05-27T16:58:45.254+0000] {processor.py:175} INFO - Processing /home/airflow/.local/lib/python3.7/site-packages/airflow/example_dags/example_sla_dag.py took 0.103 seconds
[2023-05-27T16:59:15.921+0000] {processor.py:153} INFO - Started process (PID=2057) to work on /home/airflow/.local/lib/python3.7/site-packages/airflow/example_dags/example_sla_dag.py
[2023-05-27T16:59:15.924+0000] {processor.py:743} INFO - Processing file /home/airflow/.local/lib/python3.7/site-packages/airflow/example_dags/example_sla_dag.py for tasks to queue
[2023-05-27T16:59:15.926+0000] {logging_mixin.py:137} INFO - [2023-05-27T16:59:15.926+0000] {dagbag.py:532} INFO - Filling up the DagBag from /home/airflow/.local/lib/python3.7/site-packages/airflow/example_dags/example_sla_dag.py
[2023-05-27T16:59:15.951+0000] {processor.py:753} INFO - DAG(s) dict_keys(['example_sla_dag']) retrieved from /home/airflow/.local/lib/python3.7/site-packages/airflow/example_dags/example_sla_dag.py
[2023-05-27T16:59:15.979+0000] {logging_mixin.py:137} INFO - [2023-05-27T16:59:15.979+0000] {dag.py:2705} INFO - Sync 1 DAGs
[2023-05-27T16:59:16.004+0000] {logging_mixin.py:137} INFO - [2023-05-27T16:59:16.004+0000] {dag.py:3456} INFO - Setting next_dagrun for example_sla_dag to 2023-05-27T16:56:00+00:00, run_after=2023-05-27T16:58:00+00:00
[2023-05-27T16:59:16.017+0000] {processor.py:175} INFO - Processing /home/airflow/.local/lib/python3.7/site-packages/airflow/example_dags/example_sla_dag.py took 0.104 seconds
[2023-05-27T16:59:46.758+0000] {processor.py:153} INFO - Started process (PID=2114) to work on /home/airflow/.local/lib/python3.7/site-packages/airflow/example_dags/example_sla_dag.py
[2023-05-27T16:59:46.759+0000] {processor.py:743} INFO - Processing file /home/airflow/.local/lib/python3.7/site-packages/airflow/example_dags/example_sla_dag.py for tasks to queue
[2023-05-27T16:59:46.761+0000] {logging_mixin.py:137} INFO - [2023-05-27T16:59:46.761+0000] {dagbag.py:532} INFO - Filling up the DagBag from /home/airflow/.local/lib/python3.7/site-packages/airflow/example_dags/example_sla_dag.py
[2023-05-27T16:59:46.784+0000] {processor.py:753} INFO - DAG(s) dict_keys(['example_sla_dag']) retrieved from /home/airflow/.local/lib/python3.7/site-packages/airflow/example_dags/example_sla_dag.py
[2023-05-27T16:59:46.811+0000] {logging_mixin.py:137} INFO - [2023-05-27T16:59:46.810+0000] {dag.py:2705} INFO - Sync 1 DAGs
[2023-05-27T16:59:46.835+0000] {logging_mixin.py:137} INFO - [2023-05-27T16:59:46.834+0000] {dag.py:3456} INFO - Setting next_dagrun for example_sla_dag to 2023-05-27T16:56:00+00:00, run_after=2023-05-27T16:58:00+00:00
[2023-05-27T16:59:46.848+0000] {processor.py:175} INFO - Processing /home/airflow/.local/lib/python3.7/site-packages/airflow/example_dags/example_sla_dag.py took 0.097 seconds
[2023-05-27T17:00:17.648+0000] {processor.py:153} INFO - Started process (PID=2171) to work on /home/airflow/.local/lib/python3.7/site-packages/airflow/example_dags/example_sla_dag.py
[2023-05-27T17:00:17.651+0000] {processor.py:743} INFO - Processing file /home/airflow/.local/lib/python3.7/site-packages/airflow/example_dags/example_sla_dag.py for tasks to queue
[2023-05-27T17:00:17.653+0000] {logging_mixin.py:137} INFO - [2023-05-27T17:00:17.653+0000] {dagbag.py:532} INFO - Filling up the DagBag from /home/airflow/.local/lib/python3.7/site-packages/airflow/example_dags/example_sla_dag.py
[2023-05-27T17:00:17.693+0000] {processor.py:753} INFO - DAG(s) dict_keys(['example_sla_dag']) retrieved from /home/airflow/.local/lib/python3.7/site-packages/airflow/example_dags/example_sla_dag.py
[2023-05-27T17:00:17.752+0000] {logging_mixin.py:137} INFO - [2023-05-27T17:00:17.751+0000] {dag.py:2705} INFO - Sync 1 DAGs
[2023-05-27T17:00:17.802+0000] {logging_mixin.py:137} INFO - [2023-05-27T17:00:17.802+0000] {dag.py:3456} INFO - Setting next_dagrun for example_sla_dag to 2023-05-27T16:58:00+00:00, run_after=2023-05-27T17:00:00+00:00
[2023-05-27T17:00:17.821+0000] {processor.py:175} INFO - Processing /home/airflow/.local/lib/python3.7/site-packages/airflow/example_dags/example_sla_dag.py took 0.186 seconds
[2023-05-27T17:00:48.282+0000] {processor.py:153} INFO - Started process (PID=2228) to work on /home/airflow/.local/lib/python3.7/site-packages/airflow/example_dags/example_sla_dag.py
[2023-05-27T17:00:48.287+0000] {processor.py:743} INFO - Processing file /home/airflow/.local/lib/python3.7/site-packages/airflow/example_dags/example_sla_dag.py for tasks to queue
[2023-05-27T17:00:48.290+0000] {logging_mixin.py:137} INFO - [2023-05-27T17:00:48.290+0000] {dagbag.py:532} INFO - Filling up the DagBag from /home/airflow/.local/lib/python3.7/site-packages/airflow/example_dags/example_sla_dag.py
[2023-05-27T17:00:48.335+0000] {processor.py:753} INFO - DAG(s) dict_keys(['example_sla_dag']) retrieved from /home/airflow/.local/lib/python3.7/site-packages/airflow/example_dags/example_sla_dag.py
[2023-05-27T17:00:48.374+0000] {logging_mixin.py:137} INFO - [2023-05-27T17:00:48.373+0000] {dag.py:2705} INFO - Sync 1 DAGs
[2023-05-27T17:00:48.412+0000] {logging_mixin.py:137} INFO - [2023-05-27T17:00:48.412+0000] {dag.py:3456} INFO - Setting next_dagrun for example_sla_dag to 2023-05-27T16:58:00+00:00, run_after=2023-05-27T17:00:00+00:00
[2023-05-27T17:00:48.478+0000] {processor.py:175} INFO - Processing /home/airflow/.local/lib/python3.7/site-packages/airflow/example_dags/example_sla_dag.py took 0.202 seconds
