[2023-05-27T16:41:27.245+0000] {processor.py:153} INFO - Started process (PID=76) to work on /home/airflow/.local/lib/python3.7/site-packages/airflow/example_dags/example_latest_only_with_trigger.py
[2023-05-27T16:41:27.248+0000] {processor.py:743} INFO - Processing file /home/airflow/.local/lib/python3.7/site-packages/airflow/example_dags/example_latest_only_with_trigger.py for tasks to queue
[2023-05-27T16:41:27.250+0000] {logging_mixin.py:137} INFO - [2023-05-27T16:41:27.250+0000] {dagbag.py:532} INFO - Filling up the DagBag from /home/airflow/.local/lib/python3.7/site-packages/airflow/example_dags/example_latest_only_with_trigger.py
[2023-05-27T16:41:27.278+0000] {processor.py:753} INFO - DAG(s) dict_keys(['latest_only_with_trigger']) retrieved from /home/airflow/.local/lib/python3.7/site-packages/airflow/example_dags/example_latest_only_with_trigger.py
[2023-05-27T16:41:27.347+0000] {logging_mixin.py:137} INFO - [2023-05-27T16:41:27.347+0000] {dag.py:2705} INFO - Sync 1 DAGs
[2023-05-27T16:41:27.382+0000] {logging_mixin.py:137} INFO - [2023-05-27T16:41:27.382+0000] {dag.py:3456} INFO - Setting next_dagrun for latest_only_with_trigger to 2023-05-27T12:41:27.382221+00:00, run_after=2023-05-27T16:41:27.382221+00:00
[2023-05-27T16:41:27.406+0000] {processor.py:175} INFO - Processing /home/airflow/.local/lib/python3.7/site-packages/airflow/example_dags/example_latest_only_with_trigger.py took 0.168 seconds
[2023-05-27T16:41:57.830+0000] {processor.py:153} INFO - Started process (PID=133) to work on /home/airflow/.local/lib/python3.7/site-packages/airflow/example_dags/example_latest_only_with_trigger.py
[2023-05-27T16:41:57.831+0000] {processor.py:743} INFO - Processing file /home/airflow/.local/lib/python3.7/site-packages/airflow/example_dags/example_latest_only_with_trigger.py for tasks to queue
[2023-05-27T16:41:57.832+0000] {logging_mixin.py:137} INFO - [2023-05-27T16:41:57.832+0000] {dagbag.py:532} INFO - Filling up the DagBag from /home/airflow/.local/lib/python3.7/site-packages/airflow/example_dags/example_latest_only_with_trigger.py
[2023-05-27T16:41:57.847+0000] {processor.py:753} INFO - DAG(s) dict_keys(['latest_only_with_trigger']) retrieved from /home/airflow/.local/lib/python3.7/site-packages/airflow/example_dags/example_latest_only_with_trigger.py
[2023-05-27T16:41:57.875+0000] {logging_mixin.py:137} INFO - [2023-05-27T16:41:57.875+0000] {dag.py:2705} INFO - Sync 1 DAGs
[2023-05-27T16:41:57.899+0000] {logging_mixin.py:137} INFO - [2023-05-27T16:41:57.899+0000] {dag.py:3456} INFO - Setting next_dagrun for latest_only_with_trigger to 2023-05-27T12:41:57.899034+00:00, run_after=2023-05-27T16:41:57.899034+00:00
[2023-05-27T16:41:57.913+0000] {processor.py:175} INFO - Processing /home/airflow/.local/lib/python3.7/site-packages/airflow/example_dags/example_latest_only_with_trigger.py took 0.087 seconds
[2023-05-27T16:42:28.961+0000] {processor.py:153} INFO - Started process (PID=190) to work on /home/airflow/.local/lib/python3.7/site-packages/airflow/example_dags/example_latest_only_with_trigger.py
[2023-05-27T16:42:28.962+0000] {processor.py:743} INFO - Processing file /home/airflow/.local/lib/python3.7/site-packages/airflow/example_dags/example_latest_only_with_trigger.py for tasks to queue
[2023-05-27T16:42:28.964+0000] {logging_mixin.py:137} INFO - [2023-05-27T16:42:28.964+0000] {dagbag.py:532} INFO - Filling up the DagBag from /home/airflow/.local/lib/python3.7/site-packages/airflow/example_dags/example_latest_only_with_trigger.py
[2023-05-27T16:42:28.981+0000] {processor.py:753} INFO - DAG(s) dict_keys(['latest_only_with_trigger']) retrieved from /home/airflow/.local/lib/python3.7/site-packages/airflow/example_dags/example_latest_only_with_trigger.py
[2023-05-27T16:42:29.007+0000] {logging_mixin.py:137} INFO - [2023-05-27T16:42:29.007+0000] {dag.py:2705} INFO - Sync 1 DAGs
[2023-05-27T16:42:29.029+0000] {logging_mixin.py:137} INFO - [2023-05-27T16:42:29.028+0000] {dag.py:3456} INFO - Setting next_dagrun for latest_only_with_trigger to 2023-05-27T12:42:29.028603+00:00, run_after=2023-05-27T16:42:29.028603+00:00
[2023-05-27T16:42:29.046+0000] {processor.py:175} INFO - Processing /home/airflow/.local/lib/python3.7/site-packages/airflow/example_dags/example_latest_only_with_trigger.py took 0.091 seconds
[2023-05-27T16:42:59.718+0000] {processor.py:153} INFO - Started process (PID=247) to work on /home/airflow/.local/lib/python3.7/site-packages/airflow/example_dags/example_latest_only_with_trigger.py
[2023-05-27T16:42:59.719+0000] {processor.py:743} INFO - Processing file /home/airflow/.local/lib/python3.7/site-packages/airflow/example_dags/example_latest_only_with_trigger.py for tasks to queue
[2023-05-27T16:42:59.720+0000] {logging_mixin.py:137} INFO - [2023-05-27T16:42:59.720+0000] {dagbag.py:532} INFO - Filling up the DagBag from /home/airflow/.local/lib/python3.7/site-packages/airflow/example_dags/example_latest_only_with_trigger.py
[2023-05-27T16:42:59.736+0000] {processor.py:753} INFO - DAG(s) dict_keys(['latest_only_with_trigger']) retrieved from /home/airflow/.local/lib/python3.7/site-packages/airflow/example_dags/example_latest_only_with_trigger.py
[2023-05-27T16:42:59.763+0000] {logging_mixin.py:137} INFO - [2023-05-27T16:42:59.763+0000] {dag.py:2705} INFO - Sync 1 DAGs
[2023-05-27T16:42:59.785+0000] {logging_mixin.py:137} INFO - [2023-05-27T16:42:59.785+0000] {dag.py:3456} INFO - Setting next_dagrun for latest_only_with_trigger to 2023-05-27T12:42:59.785096+00:00, run_after=2023-05-27T16:42:59.785096+00:00
[2023-05-27T16:42:59.801+0000] {processor.py:175} INFO - Processing /home/airflow/.local/lib/python3.7/site-packages/airflow/example_dags/example_latest_only_with_trigger.py took 0.087 seconds
[2023-05-27T16:43:30.143+0000] {processor.py:153} INFO - Started process (PID=305) to work on /home/airflow/.local/lib/python3.7/site-packages/airflow/example_dags/example_latest_only_with_trigger.py
[2023-05-27T16:43:30.145+0000] {processor.py:743} INFO - Processing file /home/airflow/.local/lib/python3.7/site-packages/airflow/example_dags/example_latest_only_with_trigger.py for tasks to queue
[2023-05-27T16:43:30.146+0000] {logging_mixin.py:137} INFO - [2023-05-27T16:43:30.146+0000] {dagbag.py:532} INFO - Filling up the DagBag from /home/airflow/.local/lib/python3.7/site-packages/airflow/example_dags/example_latest_only_with_trigger.py
[2023-05-27T16:43:30.163+0000] {processor.py:753} INFO - DAG(s) dict_keys(['latest_only_with_trigger']) retrieved from /home/airflow/.local/lib/python3.7/site-packages/airflow/example_dags/example_latest_only_with_trigger.py
[2023-05-27T16:43:30.196+0000] {logging_mixin.py:137} INFO - [2023-05-27T16:43:30.196+0000] {dag.py:2705} INFO - Sync 1 DAGs
[2023-05-27T16:43:30.220+0000] {logging_mixin.py:137} INFO - [2023-05-27T16:43:30.220+0000] {dag.py:3456} INFO - Setting next_dagrun for latest_only_with_trigger to 2023-05-27T12:43:30.220122+00:00, run_after=2023-05-27T16:43:30.220122+00:00
[2023-05-27T16:43:30.237+0000] {processor.py:175} INFO - Processing /home/airflow/.local/lib/python3.7/site-packages/airflow/example_dags/example_latest_only_with_trigger.py took 0.101 seconds
[2023-05-27T16:44:00.346+0000] {processor.py:153} INFO - Started process (PID=361) to work on /home/airflow/.local/lib/python3.7/site-packages/airflow/example_dags/example_latest_only_with_trigger.py
[2023-05-27T16:44:00.348+0000] {processor.py:743} INFO - Processing file /home/airflow/.local/lib/python3.7/site-packages/airflow/example_dags/example_latest_only_with_trigger.py for tasks to queue
[2023-05-27T16:44:00.348+0000] {logging_mixin.py:137} INFO - [2023-05-27T16:44:00.348+0000] {dagbag.py:532} INFO - Filling up the DagBag from /home/airflow/.local/lib/python3.7/site-packages/airflow/example_dags/example_latest_only_with_trigger.py
[2023-05-27T16:44:00.362+0000] {processor.py:753} INFO - DAG(s) dict_keys(['latest_only_with_trigger']) retrieved from /home/airflow/.local/lib/python3.7/site-packages/airflow/example_dags/example_latest_only_with_trigger.py
[2023-05-27T16:44:00.386+0000] {logging_mixin.py:137} INFO - [2023-05-27T16:44:00.386+0000] {dag.py:2705} INFO - Sync 1 DAGs
[2023-05-27T16:44:00.409+0000] {logging_mixin.py:137} INFO - [2023-05-27T16:44:00.409+0000] {dag.py:3456} INFO - Setting next_dagrun for latest_only_with_trigger to 2023-05-27T12:44:00.409575+00:00, run_after=2023-05-27T16:44:00.409575+00:00
[2023-05-27T16:44:00.424+0000] {processor.py:175} INFO - Processing /home/airflow/.local/lib/python3.7/site-packages/airflow/example_dags/example_latest_only_with_trigger.py took 0.081 seconds
[2023-05-27T16:44:31.037+0000] {processor.py:153} INFO - Started process (PID=418) to work on /home/airflow/.local/lib/python3.7/site-packages/airflow/example_dags/example_latest_only_with_trigger.py
[2023-05-27T16:44:31.038+0000] {processor.py:743} INFO - Processing file /home/airflow/.local/lib/python3.7/site-packages/airflow/example_dags/example_latest_only_with_trigger.py for tasks to queue
[2023-05-27T16:44:31.039+0000] {logging_mixin.py:137} INFO - [2023-05-27T16:44:31.039+0000] {dagbag.py:532} INFO - Filling up the DagBag from /home/airflow/.local/lib/python3.7/site-packages/airflow/example_dags/example_latest_only_with_trigger.py
[2023-05-27T16:44:31.053+0000] {processor.py:753} INFO - DAG(s) dict_keys(['latest_only_with_trigger']) retrieved from /home/airflow/.local/lib/python3.7/site-packages/airflow/example_dags/example_latest_only_with_trigger.py
[2023-05-27T16:44:31.077+0000] {logging_mixin.py:137} INFO - [2023-05-27T16:44:31.077+0000] {dag.py:2705} INFO - Sync 1 DAGs
[2023-05-27T16:44:31.098+0000] {logging_mixin.py:137} INFO - [2023-05-27T16:44:31.098+0000] {dag.py:3456} INFO - Setting next_dagrun for latest_only_with_trigger to 2023-05-27T12:44:31.097844+00:00, run_after=2023-05-27T16:44:31.097844+00:00
[2023-05-27T16:44:31.113+0000] {processor.py:175} INFO - Processing /home/airflow/.local/lib/python3.7/site-packages/airflow/example_dags/example_latest_only_with_trigger.py took 0.079 seconds
[2023-05-27T16:45:01.840+0000] {processor.py:153} INFO - Started process (PID=475) to work on /home/airflow/.local/lib/python3.7/site-packages/airflow/example_dags/example_latest_only_with_trigger.py
[2023-05-27T16:45:01.841+0000] {processor.py:743} INFO - Processing file /home/airflow/.local/lib/python3.7/site-packages/airflow/example_dags/example_latest_only_with_trigger.py for tasks to queue
[2023-05-27T16:45:01.842+0000] {logging_mixin.py:137} INFO - [2023-05-27T16:45:01.842+0000] {dagbag.py:532} INFO - Filling up the DagBag from /home/airflow/.local/lib/python3.7/site-packages/airflow/example_dags/example_latest_only_with_trigger.py
[2023-05-27T16:45:01.858+0000] {processor.py:753} INFO - DAG(s) dict_keys(['latest_only_with_trigger']) retrieved from /home/airflow/.local/lib/python3.7/site-packages/airflow/example_dags/example_latest_only_with_trigger.py
[2023-05-27T16:45:01.890+0000] {logging_mixin.py:137} INFO - [2023-05-27T16:45:01.890+0000] {dag.py:2705} INFO - Sync 1 DAGs
[2023-05-27T16:45:01.915+0000] {logging_mixin.py:137} INFO - [2023-05-27T16:45:01.915+0000] {dag.py:3456} INFO - Setting next_dagrun for latest_only_with_trigger to 2023-05-27T12:45:01.914753+00:00, run_after=2023-05-27T16:45:01.914753+00:00
[2023-05-27T16:45:01.929+0000] {processor.py:175} INFO - Processing /home/airflow/.local/lib/python3.7/site-packages/airflow/example_dags/example_latest_only_with_trigger.py took 0.093 seconds
[2023-05-27T16:45:32.378+0000] {processor.py:153} INFO - Started process (PID=532) to work on /home/airflow/.local/lib/python3.7/site-packages/airflow/example_dags/example_latest_only_with_trigger.py
[2023-05-27T16:45:32.380+0000] {processor.py:743} INFO - Processing file /home/airflow/.local/lib/python3.7/site-packages/airflow/example_dags/example_latest_only_with_trigger.py for tasks to queue
[2023-05-27T16:45:32.381+0000] {logging_mixin.py:137} INFO - [2023-05-27T16:45:32.381+0000] {dagbag.py:532} INFO - Filling up the DagBag from /home/airflow/.local/lib/python3.7/site-packages/airflow/example_dags/example_latest_only_with_trigger.py
[2023-05-27T16:45:32.395+0000] {processor.py:753} INFO - DAG(s) dict_keys(['latest_only_with_trigger']) retrieved from /home/airflow/.local/lib/python3.7/site-packages/airflow/example_dags/example_latest_only_with_trigger.py
[2023-05-27T16:45:32.422+0000] {logging_mixin.py:137} INFO - [2023-05-27T16:45:32.422+0000] {dag.py:2705} INFO - Sync 1 DAGs
[2023-05-27T16:45:32.448+0000] {logging_mixin.py:137} INFO - [2023-05-27T16:45:32.447+0000] {dag.py:3456} INFO - Setting next_dagrun for latest_only_with_trigger to 2023-05-27T12:45:32.447633+00:00, run_after=2023-05-27T16:45:32.447633+00:00
[2023-05-27T16:45:32.462+0000] {processor.py:175} INFO - Processing /home/airflow/.local/lib/python3.7/site-packages/airflow/example_dags/example_latest_only_with_trigger.py took 0.087 seconds
[2023-05-27T16:46:03.731+0000] {processor.py:153} INFO - Started process (PID=589) to work on /home/airflow/.local/lib/python3.7/site-packages/airflow/example_dags/example_latest_only_with_trigger.py
[2023-05-27T16:46:03.733+0000] {processor.py:743} INFO - Processing file /home/airflow/.local/lib/python3.7/site-packages/airflow/example_dags/example_latest_only_with_trigger.py for tasks to queue
[2023-05-27T16:46:03.734+0000] {logging_mixin.py:137} INFO - [2023-05-27T16:46:03.734+0000] {dagbag.py:532} INFO - Filling up the DagBag from /home/airflow/.local/lib/python3.7/site-packages/airflow/example_dags/example_latest_only_with_trigger.py
[2023-05-27T16:46:03.763+0000] {processor.py:753} INFO - DAG(s) dict_keys(['latest_only_with_trigger']) retrieved from /home/airflow/.local/lib/python3.7/site-packages/airflow/example_dags/example_latest_only_with_trigger.py
[2023-05-27T16:46:03.813+0000] {logging_mixin.py:137} INFO - [2023-05-27T16:46:03.813+0000] {dag.py:2705} INFO - Sync 1 DAGs
[2023-05-27T16:46:03.848+0000] {logging_mixin.py:137} INFO - [2023-05-27T16:46:03.848+0000] {dag.py:3456} INFO - Setting next_dagrun for latest_only_with_trigger to 2023-05-27T12:46:03.847914+00:00, run_after=2023-05-27T16:46:03.847914+00:00
[2023-05-27T16:46:03.876+0000] {processor.py:175} INFO - Processing /home/airflow/.local/lib/python3.7/site-packages/airflow/example_dags/example_latest_only_with_trigger.py took 0.151 seconds
[2023-05-27T16:46:34.582+0000] {processor.py:153} INFO - Started process (PID=646) to work on /home/airflow/.local/lib/python3.7/site-packages/airflow/example_dags/example_latest_only_with_trigger.py
[2023-05-27T16:46:34.584+0000] {processor.py:743} INFO - Processing file /home/airflow/.local/lib/python3.7/site-packages/airflow/example_dags/example_latest_only_with_trigger.py for tasks to queue
[2023-05-27T16:46:34.585+0000] {logging_mixin.py:137} INFO - [2023-05-27T16:46:34.584+0000] {dagbag.py:532} INFO - Filling up the DagBag from /home/airflow/.local/lib/python3.7/site-packages/airflow/example_dags/example_latest_only_with_trigger.py
[2023-05-27T16:46:34.600+0000] {processor.py:753} INFO - DAG(s) dict_keys(['latest_only_with_trigger']) retrieved from /home/airflow/.local/lib/python3.7/site-packages/airflow/example_dags/example_latest_only_with_trigger.py
[2023-05-27T16:46:34.628+0000] {logging_mixin.py:137} INFO - [2023-05-27T16:46:34.628+0000] {dag.py:2705} INFO - Sync 1 DAGs
[2023-05-27T16:46:34.650+0000] {logging_mixin.py:137} INFO - [2023-05-27T16:46:34.650+0000] {dag.py:3456} INFO - Setting next_dagrun for latest_only_with_trigger to 2023-05-27T12:46:34.650492+00:00, run_after=2023-05-27T16:46:34.650492+00:00
[2023-05-27T16:46:34.666+0000] {processor.py:175} INFO - Processing /home/airflow/.local/lib/python3.7/site-packages/airflow/example_dags/example_latest_only_with_trigger.py took 0.087 seconds
[2023-05-27T16:47:05.177+0000] {processor.py:153} INFO - Started process (PID=703) to work on /home/airflow/.local/lib/python3.7/site-packages/airflow/example_dags/example_latest_only_with_trigger.py
[2023-05-27T16:47:05.178+0000] {processor.py:743} INFO - Processing file /home/airflow/.local/lib/python3.7/site-packages/airflow/example_dags/example_latest_only_with_trigger.py for tasks to queue
[2023-05-27T16:47:05.179+0000] {logging_mixin.py:137} INFO - [2023-05-27T16:47:05.179+0000] {dagbag.py:532} INFO - Filling up the DagBag from /home/airflow/.local/lib/python3.7/site-packages/airflow/example_dags/example_latest_only_with_trigger.py
[2023-05-27T16:47:05.193+0000] {processor.py:753} INFO - DAG(s) dict_keys(['latest_only_with_trigger']) retrieved from /home/airflow/.local/lib/python3.7/site-packages/airflow/example_dags/example_latest_only_with_trigger.py
[2023-05-27T16:47:05.224+0000] {logging_mixin.py:137} INFO - [2023-05-27T16:47:05.224+0000] {dag.py:2705} INFO - Sync 1 DAGs
[2023-05-27T16:47:05.248+0000] {logging_mixin.py:137} INFO - [2023-05-27T16:47:05.248+0000] {dag.py:3456} INFO - Setting next_dagrun for latest_only_with_trigger to 2023-05-27T12:47:05.248245+00:00, run_after=2023-05-27T16:47:05.248245+00:00
[2023-05-27T16:47:05.262+0000] {processor.py:175} INFO - Processing /home/airflow/.local/lib/python3.7/site-packages/airflow/example_dags/example_latest_only_with_trigger.py took 0.089 seconds
[2023-05-27T16:47:35.920+0000] {processor.py:153} INFO - Started process (PID=760) to work on /home/airflow/.local/lib/python3.7/site-packages/airflow/example_dags/example_latest_only_with_trigger.py
[2023-05-27T16:47:35.921+0000] {processor.py:743} INFO - Processing file /home/airflow/.local/lib/python3.7/site-packages/airflow/example_dags/example_latest_only_with_trigger.py for tasks to queue
[2023-05-27T16:47:35.921+0000] {logging_mixin.py:137} INFO - [2023-05-27T16:47:35.921+0000] {dagbag.py:532} INFO - Filling up the DagBag from /home/airflow/.local/lib/python3.7/site-packages/airflow/example_dags/example_latest_only_with_trigger.py
[2023-05-27T16:47:35.936+0000] {processor.py:753} INFO - DAG(s) dict_keys(['latest_only_with_trigger']) retrieved from /home/airflow/.local/lib/python3.7/site-packages/airflow/example_dags/example_latest_only_with_trigger.py
[2023-05-27T16:47:35.961+0000] {logging_mixin.py:137} INFO - [2023-05-27T16:47:35.961+0000] {dag.py:2705} INFO - Sync 1 DAGs
[2023-05-27T16:47:35.985+0000] {logging_mixin.py:137} INFO - [2023-05-27T16:47:35.985+0000] {dag.py:3456} INFO - Setting next_dagrun for latest_only_with_trigger to 2023-05-27T12:47:35.985443+00:00, run_after=2023-05-27T16:47:35.985443+00:00
[2023-05-27T16:47:36.003+0000] {processor.py:175} INFO - Processing /home/airflow/.local/lib/python3.7/site-packages/airflow/example_dags/example_latest_only_with_trigger.py took 0.087 seconds
[2023-05-27T16:48:06.336+0000] {processor.py:153} INFO - Started process (PID=817) to work on /home/airflow/.local/lib/python3.7/site-packages/airflow/example_dags/example_latest_only_with_trigger.py
[2023-05-27T16:48:06.338+0000] {processor.py:743} INFO - Processing file /home/airflow/.local/lib/python3.7/site-packages/airflow/example_dags/example_latest_only_with_trigger.py for tasks to queue
[2023-05-27T16:48:06.339+0000] {logging_mixin.py:137} INFO - [2023-05-27T16:48:06.339+0000] {dagbag.py:532} INFO - Filling up the DagBag from /home/airflow/.local/lib/python3.7/site-packages/airflow/example_dags/example_latest_only_with_trigger.py
[2023-05-27T16:48:06.365+0000] {processor.py:753} INFO - DAG(s) dict_keys(['latest_only_with_trigger']) retrieved from /home/airflow/.local/lib/python3.7/site-packages/airflow/example_dags/example_latest_only_with_trigger.py
[2023-05-27T16:48:06.418+0000] {logging_mixin.py:137} INFO - [2023-05-27T16:48:06.418+0000] {dag.py:2705} INFO - Sync 1 DAGs
[2023-05-27T16:48:06.459+0000] {logging_mixin.py:137} INFO - [2023-05-27T16:48:06.459+0000] {dag.py:3456} INFO - Setting next_dagrun for latest_only_with_trigger to 2023-05-27T12:48:06.458787+00:00, run_after=2023-05-27T16:48:06.458787+00:00
[2023-05-27T16:48:06.482+0000] {processor.py:175} INFO - Processing /home/airflow/.local/lib/python3.7/site-packages/airflow/example_dags/example_latest_only_with_trigger.py took 0.150 seconds
[2023-05-27T16:48:36.579+0000] {processor.py:153} INFO - Started process (PID=872) to work on /home/airflow/.local/lib/python3.7/site-packages/airflow/example_dags/example_latest_only_with_trigger.py
[2023-05-27T16:48:36.580+0000] {processor.py:743} INFO - Processing file /home/airflow/.local/lib/python3.7/site-packages/airflow/example_dags/example_latest_only_with_trigger.py for tasks to queue
[2023-05-27T16:48:36.581+0000] {logging_mixin.py:137} INFO - [2023-05-27T16:48:36.581+0000] {dagbag.py:532} INFO - Filling up the DagBag from /home/airflow/.local/lib/python3.7/site-packages/airflow/example_dags/example_latest_only_with_trigger.py
[2023-05-27T16:48:36.596+0000] {processor.py:753} INFO - DAG(s) dict_keys(['latest_only_with_trigger']) retrieved from /home/airflow/.local/lib/python3.7/site-packages/airflow/example_dags/example_latest_only_with_trigger.py
[2023-05-27T16:48:36.624+0000] {logging_mixin.py:137} INFO - [2023-05-27T16:48:36.623+0000] {dag.py:2705} INFO - Sync 1 DAGs
[2023-05-27T16:48:36.649+0000] {logging_mixin.py:137} INFO - [2023-05-27T16:48:36.649+0000] {dag.py:3456} INFO - Setting next_dagrun for latest_only_with_trigger to 2023-05-27T12:48:36.648888+00:00, run_after=2023-05-27T16:48:36.648888+00:00
[2023-05-27T16:48:36.667+0000] {processor.py:175} INFO - Processing /home/airflow/.local/lib/python3.7/site-packages/airflow/example_dags/example_latest_only_with_trigger.py took 0.092 seconds
[2023-05-27T16:49:07.351+0000] {processor.py:153} INFO - Started process (PID=929) to work on /home/airflow/.local/lib/python3.7/site-packages/airflow/example_dags/example_latest_only_with_trigger.py
[2023-05-27T16:49:07.352+0000] {processor.py:743} INFO - Processing file /home/airflow/.local/lib/python3.7/site-packages/airflow/example_dags/example_latest_only_with_trigger.py for tasks to queue
[2023-05-27T16:49:07.353+0000] {logging_mixin.py:137} INFO - [2023-05-27T16:49:07.353+0000] {dagbag.py:532} INFO - Filling up the DagBag from /home/airflow/.local/lib/python3.7/site-packages/airflow/example_dags/example_latest_only_with_trigger.py
[2023-05-27T16:49:07.367+0000] {processor.py:753} INFO - DAG(s) dict_keys(['latest_only_with_trigger']) retrieved from /home/airflow/.local/lib/python3.7/site-packages/airflow/example_dags/example_latest_only_with_trigger.py
[2023-05-27T16:49:07.393+0000] {logging_mixin.py:137} INFO - [2023-05-27T16:49:07.392+0000] {dag.py:2705} INFO - Sync 1 DAGs
[2023-05-27T16:49:07.415+0000] {logging_mixin.py:137} INFO - [2023-05-27T16:49:07.415+0000] {dag.py:3456} INFO - Setting next_dagrun for latest_only_with_trigger to 2023-05-27T12:49:07.415246+00:00, run_after=2023-05-27T16:49:07.415246+00:00
[2023-05-27T16:49:07.429+0000] {processor.py:175} INFO - Processing /home/airflow/.local/lib/python3.7/site-packages/airflow/example_dags/example_latest_only_with_trigger.py took 0.082 seconds
[2023-05-27T16:49:37.834+0000] {processor.py:153} INFO - Started process (PID=986) to work on /home/airflow/.local/lib/python3.7/site-packages/airflow/example_dags/example_latest_only_with_trigger.py
[2023-05-27T16:49:37.835+0000] {processor.py:743} INFO - Processing file /home/airflow/.local/lib/python3.7/site-packages/airflow/example_dags/example_latest_only_with_trigger.py for tasks to queue
[2023-05-27T16:49:37.836+0000] {logging_mixin.py:137} INFO - [2023-05-27T16:49:37.836+0000] {dagbag.py:532} INFO - Filling up the DagBag from /home/airflow/.local/lib/python3.7/site-packages/airflow/example_dags/example_latest_only_with_trigger.py
[2023-05-27T16:49:37.850+0000] {processor.py:753} INFO - DAG(s) dict_keys(['latest_only_with_trigger']) retrieved from /home/airflow/.local/lib/python3.7/site-packages/airflow/example_dags/example_latest_only_with_trigger.py
[2023-05-27T16:49:37.876+0000] {logging_mixin.py:137} INFO - [2023-05-27T16:49:37.876+0000] {dag.py:2705} INFO - Sync 1 DAGs
[2023-05-27T16:49:37.897+0000] {logging_mixin.py:137} INFO - [2023-05-27T16:49:37.897+0000] {dag.py:3456} INFO - Setting next_dagrun for latest_only_with_trigger to 2023-05-27T12:49:37.897606+00:00, run_after=2023-05-27T16:49:37.897606+00:00
[2023-05-27T16:49:37.916+0000] {processor.py:175} INFO - Processing /home/airflow/.local/lib/python3.7/site-packages/airflow/example_dags/example_latest_only_with_trigger.py took 0.085 seconds
[2023-05-27T16:50:08.232+0000] {processor.py:153} INFO - Started process (PID=1043) to work on /home/airflow/.local/lib/python3.7/site-packages/airflow/example_dags/example_latest_only_with_trigger.py
[2023-05-27T16:50:08.233+0000] {processor.py:743} INFO - Processing file /home/airflow/.local/lib/python3.7/site-packages/airflow/example_dags/example_latest_only_with_trigger.py for tasks to queue
[2023-05-27T16:50:08.234+0000] {logging_mixin.py:137} INFO - [2023-05-27T16:50:08.234+0000] {dagbag.py:532} INFO - Filling up the DagBag from /home/airflow/.local/lib/python3.7/site-packages/airflow/example_dags/example_latest_only_with_trigger.py
[2023-05-27T16:50:08.248+0000] {processor.py:753} INFO - DAG(s) dict_keys(['latest_only_with_trigger']) retrieved from /home/airflow/.local/lib/python3.7/site-packages/airflow/example_dags/example_latest_only_with_trigger.py
[2023-05-27T16:50:08.273+0000] {logging_mixin.py:137} INFO - [2023-05-27T16:50:08.273+0000] {dag.py:2705} INFO - Sync 1 DAGs
[2023-05-27T16:50:08.296+0000] {logging_mixin.py:137} INFO - [2023-05-27T16:50:08.296+0000] {dag.py:3456} INFO - Setting next_dagrun for latest_only_with_trigger to 2023-05-27T12:50:08.295908+00:00, run_after=2023-05-27T16:50:08.295908+00:00
[2023-05-27T16:50:08.311+0000] {processor.py:175} INFO - Processing /home/airflow/.local/lib/python3.7/site-packages/airflow/example_dags/example_latest_only_with_trigger.py took 0.082 seconds
[2023-05-27T16:50:38.443+0000] {processor.py:153} INFO - Started process (PID=1100) to work on /home/airflow/.local/lib/python3.7/site-packages/airflow/example_dags/example_latest_only_with_trigger.py
[2023-05-27T16:50:38.444+0000] {processor.py:743} INFO - Processing file /home/airflow/.local/lib/python3.7/site-packages/airflow/example_dags/example_latest_only_with_trigger.py for tasks to queue
[2023-05-27T16:50:38.445+0000] {logging_mixin.py:137} INFO - [2023-05-27T16:50:38.445+0000] {dagbag.py:532} INFO - Filling up the DagBag from /home/airflow/.local/lib/python3.7/site-packages/airflow/example_dags/example_latest_only_with_trigger.py
[2023-05-27T16:50:38.459+0000] {processor.py:753} INFO - DAG(s) dict_keys(['latest_only_with_trigger']) retrieved from /home/airflow/.local/lib/python3.7/site-packages/airflow/example_dags/example_latest_only_with_trigger.py
[2023-05-27T16:50:38.484+0000] {logging_mixin.py:137} INFO - [2023-05-27T16:50:38.484+0000] {dag.py:2705} INFO - Sync 1 DAGs
[2023-05-27T16:50:38.507+0000] {logging_mixin.py:137} INFO - [2023-05-27T16:50:38.507+0000] {dag.py:3456} INFO - Setting next_dagrun for latest_only_with_trigger to 2023-05-27T12:50:38.507385+00:00, run_after=2023-05-27T16:50:38.507385+00:00
[2023-05-27T16:50:38.521+0000] {processor.py:175} INFO - Processing /home/airflow/.local/lib/python3.7/site-packages/airflow/example_dags/example_latest_only_with_trigger.py took 0.082 seconds
[2023-05-27T16:51:08.794+0000] {processor.py:153} INFO - Started process (PID=1157) to work on /home/airflow/.local/lib/python3.7/site-packages/airflow/example_dags/example_latest_only_with_trigger.py
[2023-05-27T16:51:08.795+0000] {processor.py:743} INFO - Processing file /home/airflow/.local/lib/python3.7/site-packages/airflow/example_dags/example_latest_only_with_trigger.py for tasks to queue
[2023-05-27T16:51:08.796+0000] {logging_mixin.py:137} INFO - [2023-05-27T16:51:08.796+0000] {dagbag.py:532} INFO - Filling up the DagBag from /home/airflow/.local/lib/python3.7/site-packages/airflow/example_dags/example_latest_only_with_trigger.py
[2023-05-27T16:51:08.810+0000] {processor.py:753} INFO - DAG(s) dict_keys(['latest_only_with_trigger']) retrieved from /home/airflow/.local/lib/python3.7/site-packages/airflow/example_dags/example_latest_only_with_trigger.py
[2023-05-27T16:51:08.837+0000] {logging_mixin.py:137} INFO - [2023-05-27T16:51:08.836+0000] {dag.py:2705} INFO - Sync 1 DAGs
[2023-05-27T16:51:08.859+0000] {logging_mixin.py:137} INFO - [2023-05-27T16:51:08.858+0000] {dag.py:3456} INFO - Setting next_dagrun for latest_only_with_trigger to 2023-05-27T12:51:08.858667+00:00, run_after=2023-05-27T16:51:08.858667+00:00
[2023-05-27T16:51:08.872+0000] {processor.py:175} INFO - Processing /home/airflow/.local/lib/python3.7/site-packages/airflow/example_dags/example_latest_only_with_trigger.py took 0.082 seconds
[2023-05-27T16:51:38.952+0000] {processor.py:153} INFO - Started process (PID=1214) to work on /home/airflow/.local/lib/python3.7/site-packages/airflow/example_dags/example_latest_only_with_trigger.py
[2023-05-27T16:51:38.953+0000] {processor.py:743} INFO - Processing file /home/airflow/.local/lib/python3.7/site-packages/airflow/example_dags/example_latest_only_with_trigger.py for tasks to queue
[2023-05-27T16:51:38.954+0000] {logging_mixin.py:137} INFO - [2023-05-27T16:51:38.954+0000] {dagbag.py:532} INFO - Filling up the DagBag from /home/airflow/.local/lib/python3.7/site-packages/airflow/example_dags/example_latest_only_with_trigger.py
[2023-05-27T16:51:38.968+0000] {processor.py:753} INFO - DAG(s) dict_keys(['latest_only_with_trigger']) retrieved from /home/airflow/.local/lib/python3.7/site-packages/airflow/example_dags/example_latest_only_with_trigger.py
[2023-05-27T16:51:38.995+0000] {logging_mixin.py:137} INFO - [2023-05-27T16:51:38.995+0000] {dag.py:2705} INFO - Sync 1 DAGs
[2023-05-27T16:51:39.017+0000] {logging_mixin.py:137} INFO - [2023-05-27T16:51:39.017+0000] {dag.py:3456} INFO - Setting next_dagrun for latest_only_with_trigger to 2023-05-27T12:51:39.017028+00:00, run_after=2023-05-27T16:51:39.017028+00:00
[2023-05-27T16:51:39.031+0000] {processor.py:175} INFO - Processing /home/airflow/.local/lib/python3.7/site-packages/airflow/example_dags/example_latest_only_with_trigger.py took 0.083 seconds
[2023-05-27T16:52:09.170+0000] {processor.py:153} INFO - Started process (PID=1271) to work on /home/airflow/.local/lib/python3.7/site-packages/airflow/example_dags/example_latest_only_with_trigger.py
[2023-05-27T16:52:09.171+0000] {processor.py:743} INFO - Processing file /home/airflow/.local/lib/python3.7/site-packages/airflow/example_dags/example_latest_only_with_trigger.py for tasks to queue
[2023-05-27T16:52:09.172+0000] {logging_mixin.py:137} INFO - [2023-05-27T16:52:09.172+0000] {dagbag.py:532} INFO - Filling up the DagBag from /home/airflow/.local/lib/python3.7/site-packages/airflow/example_dags/example_latest_only_with_trigger.py
[2023-05-27T16:52:09.186+0000] {processor.py:753} INFO - DAG(s) dict_keys(['latest_only_with_trigger']) retrieved from /home/airflow/.local/lib/python3.7/site-packages/airflow/example_dags/example_latest_only_with_trigger.py
[2023-05-27T16:52:09.212+0000] {logging_mixin.py:137} INFO - [2023-05-27T16:52:09.212+0000] {dag.py:2705} INFO - Sync 1 DAGs
[2023-05-27T16:52:09.236+0000] {logging_mixin.py:137} INFO - [2023-05-27T16:52:09.236+0000] {dag.py:3456} INFO - Setting next_dagrun for latest_only_with_trigger to 2023-05-27T12:52:09.235754+00:00, run_after=2023-05-27T16:52:09.235754+00:00
[2023-05-27T16:52:09.250+0000] {processor.py:175} INFO - Processing /home/airflow/.local/lib/python3.7/site-packages/airflow/example_dags/example_latest_only_with_trigger.py took 0.084 seconds
[2023-05-27T16:52:40.100+0000] {processor.py:153} INFO - Started process (PID=1328) to work on /home/airflow/.local/lib/python3.7/site-packages/airflow/example_dags/example_latest_only_with_trigger.py
[2023-05-27T16:52:40.102+0000] {processor.py:743} INFO - Processing file /home/airflow/.local/lib/python3.7/site-packages/airflow/example_dags/example_latest_only_with_trigger.py for tasks to queue
[2023-05-27T16:52:40.103+0000] {logging_mixin.py:137} INFO - [2023-05-27T16:52:40.103+0000] {dagbag.py:532} INFO - Filling up the DagBag from /home/airflow/.local/lib/python3.7/site-packages/airflow/example_dags/example_latest_only_with_trigger.py
[2023-05-27T16:52:40.116+0000] {processor.py:753} INFO - DAG(s) dict_keys(['latest_only_with_trigger']) retrieved from /home/airflow/.local/lib/python3.7/site-packages/airflow/example_dags/example_latest_only_with_trigger.py
[2023-05-27T16:52:40.143+0000] {logging_mixin.py:137} INFO - [2023-05-27T16:52:40.143+0000] {dag.py:2705} INFO - Sync 1 DAGs
[2023-05-27T16:52:40.168+0000] {logging_mixin.py:137} INFO - [2023-05-27T16:52:40.167+0000] {dag.py:3456} INFO - Setting next_dagrun for latest_only_with_trigger to 2023-05-27T12:52:40.167701+00:00, run_after=2023-05-27T16:52:40.167701+00:00
[2023-05-27T16:52:40.182+0000] {processor.py:175} INFO - Processing /home/airflow/.local/lib/python3.7/site-packages/airflow/example_dags/example_latest_only_with_trigger.py took 0.086 seconds
[2023-05-27T16:53:10.399+0000] {processor.py:153} INFO - Started process (PID=1385) to work on /home/airflow/.local/lib/python3.7/site-packages/airflow/example_dags/example_latest_only_with_trigger.py
[2023-05-27T16:53:10.401+0000] {processor.py:743} INFO - Processing file /home/airflow/.local/lib/python3.7/site-packages/airflow/example_dags/example_latest_only_with_trigger.py for tasks to queue
[2023-05-27T16:53:10.402+0000] {logging_mixin.py:137} INFO - [2023-05-27T16:53:10.402+0000] {dagbag.py:532} INFO - Filling up the DagBag from /home/airflow/.local/lib/python3.7/site-packages/airflow/example_dags/example_latest_only_with_trigger.py
[2023-05-27T16:53:10.416+0000] {processor.py:753} INFO - DAG(s) dict_keys(['latest_only_with_trigger']) retrieved from /home/airflow/.local/lib/python3.7/site-packages/airflow/example_dags/example_latest_only_with_trigger.py
[2023-05-27T16:53:10.443+0000] {logging_mixin.py:137} INFO - [2023-05-27T16:53:10.443+0000] {dag.py:2705} INFO - Sync 1 DAGs
[2023-05-27T16:53:10.465+0000] {logging_mixin.py:137} INFO - [2023-05-27T16:53:10.465+0000] {dag.py:3456} INFO - Setting next_dagrun for latest_only_with_trigger to 2023-05-27T12:53:10.464817+00:00, run_after=2023-05-27T16:53:10.464817+00:00
[2023-05-27T16:53:10.479+0000] {processor.py:175} INFO - Processing /home/airflow/.local/lib/python3.7/site-packages/airflow/example_dags/example_latest_only_with_trigger.py took 0.083 seconds
[2023-05-27T16:53:40.637+0000] {processor.py:153} INFO - Started process (PID=1442) to work on /home/airflow/.local/lib/python3.7/site-packages/airflow/example_dags/example_latest_only_with_trigger.py
[2023-05-27T16:53:40.639+0000] {processor.py:743} INFO - Processing file /home/airflow/.local/lib/python3.7/site-packages/airflow/example_dags/example_latest_only_with_trigger.py for tasks to queue
[2023-05-27T16:53:40.640+0000] {logging_mixin.py:137} INFO - [2023-05-27T16:53:40.640+0000] {dagbag.py:532} INFO - Filling up the DagBag from /home/airflow/.local/lib/python3.7/site-packages/airflow/example_dags/example_latest_only_with_trigger.py
[2023-05-27T16:53:40.655+0000] {processor.py:753} INFO - DAG(s) dict_keys(['latest_only_with_trigger']) retrieved from /home/airflow/.local/lib/python3.7/site-packages/airflow/example_dags/example_latest_only_with_trigger.py
[2023-05-27T16:53:40.688+0000] {logging_mixin.py:137} INFO - [2023-05-27T16:53:40.687+0000] {dag.py:2705} INFO - Sync 1 DAGs
[2023-05-27T16:53:40.712+0000] {logging_mixin.py:137} INFO - [2023-05-27T16:53:40.712+0000] {dag.py:3456} INFO - Setting next_dagrun for latest_only_with_trigger to 2023-05-27T12:53:40.712203+00:00, run_after=2023-05-27T16:53:40.712203+00:00
[2023-05-27T16:53:40.729+0000] {processor.py:175} INFO - Processing /home/airflow/.local/lib/python3.7/site-packages/airflow/example_dags/example_latest_only_with_trigger.py took 0.099 seconds
[2023-05-27T16:54:10.873+0000] {processor.py:153} INFO - Started process (PID=1499) to work on /home/airflow/.local/lib/python3.7/site-packages/airflow/example_dags/example_latest_only_with_trigger.py
[2023-05-27T16:54:10.874+0000] {processor.py:743} INFO - Processing file /home/airflow/.local/lib/python3.7/site-packages/airflow/example_dags/example_latest_only_with_trigger.py for tasks to queue
[2023-05-27T16:54:10.875+0000] {logging_mixin.py:137} INFO - [2023-05-27T16:54:10.875+0000] {dagbag.py:532} INFO - Filling up the DagBag from /home/airflow/.local/lib/python3.7/site-packages/airflow/example_dags/example_latest_only_with_trigger.py
[2023-05-27T16:54:10.889+0000] {processor.py:753} INFO - DAG(s) dict_keys(['latest_only_with_trigger']) retrieved from /home/airflow/.local/lib/python3.7/site-packages/airflow/example_dags/example_latest_only_with_trigger.py
[2023-05-27T16:54:10.915+0000] {logging_mixin.py:137} INFO - [2023-05-27T16:54:10.915+0000] {dag.py:2705} INFO - Sync 1 DAGs
[2023-05-27T16:54:10.938+0000] {logging_mixin.py:137} INFO - [2023-05-27T16:54:10.938+0000] {dag.py:3456} INFO - Setting next_dagrun for latest_only_with_trigger to 2023-05-27T12:54:10.938309+00:00, run_after=2023-05-27T16:54:10.938309+00:00
[2023-05-27T16:54:10.953+0000] {processor.py:175} INFO - Processing /home/airflow/.local/lib/python3.7/site-packages/airflow/example_dags/example_latest_only_with_trigger.py took 0.083 seconds
[2023-05-27T16:54:41.282+0000] {processor.py:153} INFO - Started process (PID=1556) to work on /home/airflow/.local/lib/python3.7/site-packages/airflow/example_dags/example_latest_only_with_trigger.py
[2023-05-27T16:54:41.283+0000] {processor.py:743} INFO - Processing file /home/airflow/.local/lib/python3.7/site-packages/airflow/example_dags/example_latest_only_with_trigger.py for tasks to queue
[2023-05-27T16:54:41.284+0000] {logging_mixin.py:137} INFO - [2023-05-27T16:54:41.284+0000] {dagbag.py:532} INFO - Filling up the DagBag from /home/airflow/.local/lib/python3.7/site-packages/airflow/example_dags/example_latest_only_with_trigger.py
[2023-05-27T16:54:41.302+0000] {processor.py:753} INFO - DAG(s) dict_keys(['latest_only_with_trigger']) retrieved from /home/airflow/.local/lib/python3.7/site-packages/airflow/example_dags/example_latest_only_with_trigger.py
[2023-05-27T16:54:41.337+0000] {logging_mixin.py:137} INFO - [2023-05-27T16:54:41.337+0000] {dag.py:2705} INFO - Sync 1 DAGs
[2023-05-27T16:54:41.362+0000] {logging_mixin.py:137} INFO - [2023-05-27T16:54:41.362+0000] {dag.py:3456} INFO - Setting next_dagrun for latest_only_with_trigger to 2023-05-27T12:54:41.362299+00:00, run_after=2023-05-27T16:54:41.362299+00:00
[2023-05-27T16:54:41.377+0000] {processor.py:175} INFO - Processing /home/airflow/.local/lib/python3.7/site-packages/airflow/example_dags/example_latest_only_with_trigger.py took 0.099 seconds
[2023-05-27T16:55:11.508+0000] {processor.py:153} INFO - Started process (PID=1613) to work on /home/airflow/.local/lib/python3.7/site-packages/airflow/example_dags/example_latest_only_with_trigger.py
[2023-05-27T16:55:11.509+0000] {processor.py:743} INFO - Processing file /home/airflow/.local/lib/python3.7/site-packages/airflow/example_dags/example_latest_only_with_trigger.py for tasks to queue
[2023-05-27T16:55:11.510+0000] {logging_mixin.py:137} INFO - [2023-05-27T16:55:11.510+0000] {dagbag.py:532} INFO - Filling up the DagBag from /home/airflow/.local/lib/python3.7/site-packages/airflow/example_dags/example_latest_only_with_trigger.py
[2023-05-27T16:55:11.524+0000] {processor.py:753} INFO - DAG(s) dict_keys(['latest_only_with_trigger']) retrieved from /home/airflow/.local/lib/python3.7/site-packages/airflow/example_dags/example_latest_only_with_trigger.py
[2023-05-27T16:55:11.550+0000] {logging_mixin.py:137} INFO - [2023-05-27T16:55:11.550+0000] {dag.py:2705} INFO - Sync 1 DAGs
[2023-05-27T16:55:11.571+0000] {logging_mixin.py:137} INFO - [2023-05-27T16:55:11.571+0000] {dag.py:3456} INFO - Setting next_dagrun for latest_only_with_trigger to 2023-05-27T12:55:11.570843+00:00, run_after=2023-05-27T16:55:11.570843+00:00
[2023-05-27T16:55:11.585+0000] {processor.py:175} INFO - Processing /home/airflow/.local/lib/python3.7/site-packages/airflow/example_dags/example_latest_only_with_trigger.py took 0.080 seconds
[2023-05-27T16:55:42.242+0000] {processor.py:153} INFO - Started process (PID=1670) to work on /home/airflow/.local/lib/python3.7/site-packages/airflow/example_dags/example_latest_only_with_trigger.py
[2023-05-27T16:55:42.243+0000] {processor.py:743} INFO - Processing file /home/airflow/.local/lib/python3.7/site-packages/airflow/example_dags/example_latest_only_with_trigger.py for tasks to queue
[2023-05-27T16:55:42.244+0000] {logging_mixin.py:137} INFO - [2023-05-27T16:55:42.244+0000] {dagbag.py:532} INFO - Filling up the DagBag from /home/airflow/.local/lib/python3.7/site-packages/airflow/example_dags/example_latest_only_with_trigger.py
[2023-05-27T16:55:42.258+0000] {processor.py:753} INFO - DAG(s) dict_keys(['latest_only_with_trigger']) retrieved from /home/airflow/.local/lib/python3.7/site-packages/airflow/example_dags/example_latest_only_with_trigger.py
[2023-05-27T16:55:42.284+0000] {logging_mixin.py:137} INFO - [2023-05-27T16:55:42.284+0000] {dag.py:2705} INFO - Sync 1 DAGs
[2023-05-27T16:55:42.307+0000] {logging_mixin.py:137} INFO - [2023-05-27T16:55:42.307+0000] {dag.py:3456} INFO - Setting next_dagrun for latest_only_with_trigger to 2023-05-27T12:55:42.307139+00:00, run_after=2023-05-27T16:55:42.307139+00:00
[2023-05-27T16:55:42.323+0000] {processor.py:175} INFO - Processing /home/airflow/.local/lib/python3.7/site-packages/airflow/example_dags/example_latest_only_with_trigger.py took 0.085 seconds
[2023-05-27T16:56:12.500+0000] {processor.py:153} INFO - Started process (PID=1727) to work on /home/airflow/.local/lib/python3.7/site-packages/airflow/example_dags/example_latest_only_with_trigger.py
[2023-05-27T16:56:12.502+0000] {processor.py:743} INFO - Processing file /home/airflow/.local/lib/python3.7/site-packages/airflow/example_dags/example_latest_only_with_trigger.py for tasks to queue
[2023-05-27T16:56:12.505+0000] {logging_mixin.py:137} INFO - [2023-05-27T16:56:12.505+0000] {dagbag.py:532} INFO - Filling up the DagBag from /home/airflow/.local/lib/python3.7/site-packages/airflow/example_dags/example_latest_only_with_trigger.py
[2023-05-27T16:56:12.521+0000] {processor.py:753} INFO - DAG(s) dict_keys(['latest_only_with_trigger']) retrieved from /home/airflow/.local/lib/python3.7/site-packages/airflow/example_dags/example_latest_only_with_trigger.py
[2023-05-27T16:56:12.551+0000] {logging_mixin.py:137} INFO - [2023-05-27T16:56:12.551+0000] {dag.py:2705} INFO - Sync 1 DAGs
[2023-05-27T16:56:12.575+0000] {logging_mixin.py:137} INFO - [2023-05-27T16:56:12.575+0000] {dag.py:3456} INFO - Setting next_dagrun for latest_only_with_trigger to 2023-05-27T12:56:12.575057+00:00, run_after=2023-05-27T16:56:12.575057+00:00
[2023-05-27T16:56:12.591+0000] {processor.py:175} INFO - Processing /home/airflow/.local/lib/python3.7/site-packages/airflow/example_dags/example_latest_only_with_trigger.py took 0.096 seconds
[2023-05-27T16:56:43.532+0000] {processor.py:153} INFO - Started process (PID=1790) to work on /home/airflow/.local/lib/python3.7/site-packages/airflow/example_dags/example_latest_only_with_trigger.py
[2023-05-27T16:56:43.533+0000] {processor.py:743} INFO - Processing file /home/airflow/.local/lib/python3.7/site-packages/airflow/example_dags/example_latest_only_with_trigger.py for tasks to queue
[2023-05-27T16:56:43.534+0000] {logging_mixin.py:137} INFO - [2023-05-27T16:56:43.534+0000] {dagbag.py:532} INFO - Filling up the DagBag from /home/airflow/.local/lib/python3.7/site-packages/airflow/example_dags/example_latest_only_with_trigger.py
[2023-05-27T16:56:43.549+0000] {processor.py:753} INFO - DAG(s) dict_keys(['latest_only_with_trigger']) retrieved from /home/airflow/.local/lib/python3.7/site-packages/airflow/example_dags/example_latest_only_with_trigger.py
[2023-05-27T16:56:43.574+0000] {logging_mixin.py:137} INFO - [2023-05-27T16:56:43.574+0000] {dag.py:2705} INFO - Sync 1 DAGs
[2023-05-27T16:56:43.598+0000] {logging_mixin.py:137} INFO - [2023-05-27T16:56:43.598+0000] {dag.py:3456} INFO - Setting next_dagrun for latest_only_with_trigger to 2023-05-27T12:56:43.598516+00:00, run_after=2023-05-27T16:56:43.598516+00:00
[2023-05-27T16:56:43.615+0000] {processor.py:175} INFO - Processing /home/airflow/.local/lib/python3.7/site-packages/airflow/example_dags/example_latest_only_with_trigger.py took 0.088 seconds
[2023-05-27T16:57:14.319+0000] {processor.py:153} INFO - Started process (PID=1847) to work on /home/airflow/.local/lib/python3.7/site-packages/airflow/example_dags/example_latest_only_with_trigger.py
[2023-05-27T16:57:14.320+0000] {processor.py:743} INFO - Processing file /home/airflow/.local/lib/python3.7/site-packages/airflow/example_dags/example_latest_only_with_trigger.py for tasks to queue
[2023-05-27T16:57:14.321+0000] {logging_mixin.py:137} INFO - [2023-05-27T16:57:14.321+0000] {dagbag.py:532} INFO - Filling up the DagBag from /home/airflow/.local/lib/python3.7/site-packages/airflow/example_dags/example_latest_only_with_trigger.py
[2023-05-27T16:57:14.335+0000] {processor.py:753} INFO - DAG(s) dict_keys(['latest_only_with_trigger']) retrieved from /home/airflow/.local/lib/python3.7/site-packages/airflow/example_dags/example_latest_only_with_trigger.py
[2023-05-27T16:57:14.362+0000] {logging_mixin.py:137} INFO - [2023-05-27T16:57:14.362+0000] {dag.py:2705} INFO - Sync 1 DAGs
[2023-05-27T16:57:14.383+0000] {logging_mixin.py:137} INFO - [2023-05-27T16:57:14.383+0000] {dag.py:3456} INFO - Setting next_dagrun for latest_only_with_trigger to 2023-05-27T12:57:14.383500+00:00, run_after=2023-05-27T16:57:14.383500+00:00
[2023-05-27T16:57:14.398+0000] {processor.py:175} INFO - Processing /home/airflow/.local/lib/python3.7/site-packages/airflow/example_dags/example_latest_only_with_trigger.py took 0.083 seconds
[2023-05-27T16:57:48.252+0000] {processor.py:153} INFO - Started process (PID=1904) to work on /home/airflow/.local/lib/python3.7/site-packages/airflow/example_dags/example_latest_only_with_trigger.py
[2023-05-27T16:57:48.257+0000] {processor.py:743} INFO - Processing file /home/airflow/.local/lib/python3.7/site-packages/airflow/example_dags/example_latest_only_with_trigger.py for tasks to queue
[2023-05-27T16:57:48.260+0000] {logging_mixin.py:137} INFO - [2023-05-27T16:57:48.260+0000] {dagbag.py:532} INFO - Filling up the DagBag from /home/airflow/.local/lib/python3.7/site-packages/airflow/example_dags/example_latest_only_with_trigger.py
[2023-05-27T16:57:48.303+0000] {processor.py:753} INFO - DAG(s) dict_keys(['latest_only_with_trigger']) retrieved from /home/airflow/.local/lib/python3.7/site-packages/airflow/example_dags/example_latest_only_with_trigger.py
[2023-05-27T16:57:48.377+0000] {logging_mixin.py:137} INFO - [2023-05-27T16:57:48.376+0000] {dag.py:2705} INFO - Sync 1 DAGs
[2023-05-27T16:57:48.454+0000] {logging_mixin.py:137} INFO - [2023-05-27T16:57:48.454+0000] {dag.py:3456} INFO - Setting next_dagrun for latest_only_with_trigger to 2023-05-27T12:57:48.452412+00:00, run_after=2023-05-27T16:57:48.452412+00:00
[2023-05-27T16:57:48.514+0000] {processor.py:175} INFO - Processing /home/airflow/.local/lib/python3.7/site-packages/airflow/example_dags/example_latest_only_with_trigger.py took 0.270 seconds
[2023-05-27T16:58:18.572+0000] {processor.py:153} INFO - Started process (PID=1961) to work on /home/airflow/.local/lib/python3.7/site-packages/airflow/example_dags/example_latest_only_with_trigger.py
[2023-05-27T16:58:18.575+0000] {processor.py:743} INFO - Processing file /home/airflow/.local/lib/python3.7/site-packages/airflow/example_dags/example_latest_only_with_trigger.py for tasks to queue
[2023-05-27T16:58:18.576+0000] {logging_mixin.py:137} INFO - [2023-05-27T16:58:18.576+0000] {dagbag.py:532} INFO - Filling up the DagBag from /home/airflow/.local/lib/python3.7/site-packages/airflow/example_dags/example_latest_only_with_trigger.py
[2023-05-27T16:58:18.589+0000] {processor.py:753} INFO - DAG(s) dict_keys(['latest_only_with_trigger']) retrieved from /home/airflow/.local/lib/python3.7/site-packages/airflow/example_dags/example_latest_only_with_trigger.py
[2023-05-27T16:58:18.615+0000] {logging_mixin.py:137} INFO - [2023-05-27T16:58:18.614+0000] {dag.py:2705} INFO - Sync 1 DAGs
[2023-05-27T16:58:18.636+0000] {logging_mixin.py:137} INFO - [2023-05-27T16:58:18.636+0000] {dag.py:3456} INFO - Setting next_dagrun for latest_only_with_trigger to 2023-05-27T12:58:18.635874+00:00, run_after=2023-05-27T16:58:18.635874+00:00
[2023-05-27T16:58:18.650+0000] {processor.py:175} INFO - Processing /home/airflow/.local/lib/python3.7/site-packages/airflow/example_dags/example_latest_only_with_trigger.py took 0.081 seconds
[2023-05-27T16:58:49.164+0000] {processor.py:153} INFO - Started process (PID=2018) to work on /home/airflow/.local/lib/python3.7/site-packages/airflow/example_dags/example_latest_only_with_trigger.py
[2023-05-27T16:58:49.165+0000] {processor.py:743} INFO - Processing file /home/airflow/.local/lib/python3.7/site-packages/airflow/example_dags/example_latest_only_with_trigger.py for tasks to queue
[2023-05-27T16:58:49.166+0000] {logging_mixin.py:137} INFO - [2023-05-27T16:58:49.166+0000] {dagbag.py:532} INFO - Filling up the DagBag from /home/airflow/.local/lib/python3.7/site-packages/airflow/example_dags/example_latest_only_with_trigger.py
[2023-05-27T16:58:49.180+0000] {processor.py:753} INFO - DAG(s) dict_keys(['latest_only_with_trigger']) retrieved from /home/airflow/.local/lib/python3.7/site-packages/airflow/example_dags/example_latest_only_with_trigger.py
[2023-05-27T16:58:49.205+0000] {logging_mixin.py:137} INFO - [2023-05-27T16:58:49.205+0000] {dag.py:2705} INFO - Sync 1 DAGs
[2023-05-27T16:58:49.226+0000] {logging_mixin.py:137} INFO - [2023-05-27T16:58:49.226+0000] {dag.py:3456} INFO - Setting next_dagrun for latest_only_with_trigger to 2023-05-27T12:58:49.226416+00:00, run_after=2023-05-27T16:58:49.226416+00:00
[2023-05-27T16:58:49.240+0000] {processor.py:175} INFO - Processing /home/airflow/.local/lib/python3.7/site-packages/airflow/example_dags/example_latest_only_with_trigger.py took 0.080 seconds
[2023-05-27T16:59:19.979+0000] {processor.py:153} INFO - Started process (PID=2075) to work on /home/airflow/.local/lib/python3.7/site-packages/airflow/example_dags/example_latest_only_with_trigger.py
[2023-05-27T16:59:19.981+0000] {processor.py:743} INFO - Processing file /home/airflow/.local/lib/python3.7/site-packages/airflow/example_dags/example_latest_only_with_trigger.py for tasks to queue
[2023-05-27T16:59:19.982+0000] {logging_mixin.py:137} INFO - [2023-05-27T16:59:19.982+0000] {dagbag.py:532} INFO - Filling up the DagBag from /home/airflow/.local/lib/python3.7/site-packages/airflow/example_dags/example_latest_only_with_trigger.py
[2023-05-27T16:59:19.997+0000] {processor.py:753} INFO - DAG(s) dict_keys(['latest_only_with_trigger']) retrieved from /home/airflow/.local/lib/python3.7/site-packages/airflow/example_dags/example_latest_only_with_trigger.py
[2023-05-27T16:59:20.023+0000] {logging_mixin.py:137} INFO - [2023-05-27T16:59:20.022+0000] {dag.py:2705} INFO - Sync 1 DAGs
[2023-05-27T16:59:20.047+0000] {logging_mixin.py:137} INFO - [2023-05-27T16:59:20.047+0000] {dag.py:3456} INFO - Setting next_dagrun for latest_only_with_trigger to 2023-05-27T12:59:20.047436+00:00, run_after=2023-05-27T16:59:20.047436+00:00
[2023-05-27T16:59:20.063+0000] {processor.py:175} INFO - Processing /home/airflow/.local/lib/python3.7/site-packages/airflow/example_dags/example_latest_only_with_trigger.py took 0.088 seconds
[2023-05-27T16:59:51.121+0000] {processor.py:153} INFO - Started process (PID=2132) to work on /home/airflow/.local/lib/python3.7/site-packages/airflow/example_dags/example_latest_only_with_trigger.py
[2023-05-27T16:59:51.123+0000] {processor.py:743} INFO - Processing file /home/airflow/.local/lib/python3.7/site-packages/airflow/example_dags/example_latest_only_with_trigger.py for tasks to queue
[2023-05-27T16:59:51.124+0000] {logging_mixin.py:137} INFO - [2023-05-27T16:59:51.124+0000] {dagbag.py:532} INFO - Filling up the DagBag from /home/airflow/.local/lib/python3.7/site-packages/airflow/example_dags/example_latest_only_with_trigger.py
[2023-05-27T16:59:51.140+0000] {processor.py:753} INFO - DAG(s) dict_keys(['latest_only_with_trigger']) retrieved from /home/airflow/.local/lib/python3.7/site-packages/airflow/example_dags/example_latest_only_with_trigger.py
[2023-05-27T16:59:51.173+0000] {logging_mixin.py:137} INFO - [2023-05-27T16:59:51.173+0000] {dag.py:2705} INFO - Sync 1 DAGs
[2023-05-27T16:59:51.200+0000] {logging_mixin.py:137} INFO - [2023-05-27T16:59:51.200+0000] {dag.py:3456} INFO - Setting next_dagrun for latest_only_with_trigger to 2023-05-27T12:59:51.200379+00:00, run_after=2023-05-27T16:59:51.200379+00:00
[2023-05-27T16:59:51.226+0000] {processor.py:175} INFO - Processing /home/airflow/.local/lib/python3.7/site-packages/airflow/example_dags/example_latest_only_with_trigger.py took 0.109 seconds
[2023-05-27T17:00:22.001+0000] {processor.py:153} INFO - Started process (PID=2189) to work on /home/airflow/.local/lib/python3.7/site-packages/airflow/example_dags/example_latest_only_with_trigger.py
[2023-05-27T17:00:22.003+0000] {processor.py:743} INFO - Processing file /home/airflow/.local/lib/python3.7/site-packages/airflow/example_dags/example_latest_only_with_trigger.py for tasks to queue
[2023-05-27T17:00:22.004+0000] {logging_mixin.py:137} INFO - [2023-05-27T17:00:22.004+0000] {dagbag.py:532} INFO - Filling up the DagBag from /home/airflow/.local/lib/python3.7/site-packages/airflow/example_dags/example_latest_only_with_trigger.py
[2023-05-27T17:00:22.020+0000] {processor.py:753} INFO - DAG(s) dict_keys(['latest_only_with_trigger']) retrieved from /home/airflow/.local/lib/python3.7/site-packages/airflow/example_dags/example_latest_only_with_trigger.py
[2023-05-27T17:00:22.047+0000] {logging_mixin.py:137} INFO - [2023-05-27T17:00:22.046+0000] {dag.py:2705} INFO - Sync 1 DAGs
[2023-05-27T17:00:22.069+0000] {logging_mixin.py:137} INFO - [2023-05-27T17:00:22.069+0000] {dag.py:3456} INFO - Setting next_dagrun for latest_only_with_trigger to 2023-05-27T13:00:22.068930+00:00, run_after=2023-05-27T17:00:22.068930+00:00
[2023-05-27T17:00:22.091+0000] {processor.py:175} INFO - Processing /home/airflow/.local/lib/python3.7/site-packages/airflow/example_dags/example_latest_only_with_trigger.py took 0.094 seconds
[2023-05-27T17:00:53.356+0000] {processor.py:153} INFO - Started process (PID=2246) to work on /home/airflow/.local/lib/python3.7/site-packages/airflow/example_dags/example_latest_only_with_trigger.py
[2023-05-27T17:00:53.359+0000] {processor.py:743} INFO - Processing file /home/airflow/.local/lib/python3.7/site-packages/airflow/example_dags/example_latest_only_with_trigger.py for tasks to queue
[2023-05-27T17:00:53.360+0000] {logging_mixin.py:137} INFO - [2023-05-27T17:00:53.360+0000] {dagbag.py:532} INFO - Filling up the DagBag from /home/airflow/.local/lib/python3.7/site-packages/airflow/example_dags/example_latest_only_with_trigger.py
[2023-05-27T17:00:53.389+0000] {processor.py:753} INFO - DAG(s) dict_keys(['latest_only_with_trigger']) retrieved from /home/airflow/.local/lib/python3.7/site-packages/airflow/example_dags/example_latest_only_with_trigger.py
[2023-05-27T17:00:53.438+0000] {logging_mixin.py:137} INFO - [2023-05-27T17:00:53.438+0000] {dag.py:2705} INFO - Sync 1 DAGs
[2023-05-27T17:00:53.470+0000] {logging_mixin.py:137} INFO - [2023-05-27T17:00:53.470+0000] {dag.py:3456} INFO - Setting next_dagrun for latest_only_with_trigger to 2023-05-27T13:00:53.469518+00:00, run_after=2023-05-27T17:00:53.469518+00:00
[2023-05-27T17:00:53.492+0000] {processor.py:175} INFO - Processing /home/airflow/.local/lib/python3.7/site-packages/airflow/example_dags/example_latest_only_with_trigger.py took 0.144 seconds
