[2023-05-27T16:41:23.397+0000] {processor.py:153} INFO - Started process (PID=48) to work on /home/airflow/.local/lib/python3.7/site-packages/airflow/example_dags/example_latest_only.py
[2023-05-27T16:41:23.400+0000] {processor.py:743} INFO - Processing file /home/airflow/.local/lib/python3.7/site-packages/airflow/example_dags/example_latest_only.py for tasks to queue
[2023-05-27T16:41:23.403+0000] {logging_mixin.py:137} INFO - [2023-05-27T16:41:23.402+0000] {dagbag.py:532} INFO - Filling up the DagBag from /home/airflow/.local/lib/python3.7/site-packages/airflow/example_dags/example_latest_only.py
[2023-05-27T16:41:23.441+0000] {processor.py:753} INFO - DAG(s) dict_keys(['latest_only']) retrieved from /home/airflow/.local/lib/python3.7/site-packages/airflow/example_dags/example_latest_only.py
[2023-05-27T16:41:23.503+0000] {logging_mixin.py:137} INFO - [2023-05-27T16:41:23.503+0000] {dag.py:2705} INFO - Sync 1 DAGs
[2023-05-27T16:41:23.541+0000] {logging_mixin.py:137} INFO - [2023-05-27T16:41:23.541+0000] {dag.py:3456} INFO - Setting next_dagrun for latest_only to 2023-05-27T12:41:23.540774+00:00, run_after=2023-05-27T16:41:23.540774+00:00
[2023-05-27T16:41:23.569+0000] {processor.py:175} INFO - Processing /home/airflow/.local/lib/python3.7/site-packages/airflow/example_dags/example_latest_only.py took 0.187 seconds
[2023-05-27T16:41:53.951+0000] {processor.py:153} INFO - Started process (PID=105) to work on /home/airflow/.local/lib/python3.7/site-packages/airflow/example_dags/example_latest_only.py
[2023-05-27T16:41:53.953+0000] {processor.py:743} INFO - Processing file /home/airflow/.local/lib/python3.7/site-packages/airflow/example_dags/example_latest_only.py for tasks to queue
[2023-05-27T16:41:53.954+0000] {logging_mixin.py:137} INFO - [2023-05-27T16:41:53.953+0000] {dagbag.py:532} INFO - Filling up the DagBag from /home/airflow/.local/lib/python3.7/site-packages/airflow/example_dags/example_latest_only.py
[2023-05-27T16:41:53.970+0000] {processor.py:753} INFO - DAG(s) dict_keys(['latest_only']) retrieved from /home/airflow/.local/lib/python3.7/site-packages/airflow/example_dags/example_latest_only.py
[2023-05-27T16:41:54.000+0000] {logging_mixin.py:137} INFO - [2023-05-27T16:41:54.000+0000] {dag.py:2705} INFO - Sync 1 DAGs
[2023-05-27T16:41:54.046+0000] {logging_mixin.py:137} INFO - [2023-05-27T16:41:54.046+0000] {dag.py:3456} INFO - Setting next_dagrun for latest_only to 2023-05-27T12:41:54.045594+00:00, run_after=2023-05-27T16:41:54.045594+00:00
[2023-05-27T16:41:54.066+0000] {processor.py:175} INFO - Processing /home/airflow/.local/lib/python3.7/site-packages/airflow/example_dags/example_latest_only.py took 0.118 seconds
[2023-05-27T16:42:24.883+0000] {processor.py:153} INFO - Started process (PID=162) to work on /home/airflow/.local/lib/python3.7/site-packages/airflow/example_dags/example_latest_only.py
[2023-05-27T16:42:24.885+0000] {processor.py:743} INFO - Processing file /home/airflow/.local/lib/python3.7/site-packages/airflow/example_dags/example_latest_only.py for tasks to queue
[2023-05-27T16:42:24.886+0000] {logging_mixin.py:137} INFO - [2023-05-27T16:42:24.886+0000] {dagbag.py:532} INFO - Filling up the DagBag from /home/airflow/.local/lib/python3.7/site-packages/airflow/example_dags/example_latest_only.py
[2023-05-27T16:42:24.900+0000] {processor.py:753} INFO - DAG(s) dict_keys(['latest_only']) retrieved from /home/airflow/.local/lib/python3.7/site-packages/airflow/example_dags/example_latest_only.py
[2023-05-27T16:42:24.925+0000] {logging_mixin.py:137} INFO - [2023-05-27T16:42:24.925+0000] {dag.py:2705} INFO - Sync 1 DAGs
[2023-05-27T16:42:24.945+0000] {logging_mixin.py:137} INFO - [2023-05-27T16:42:24.945+0000] {dag.py:3456} INFO - Setting next_dagrun for latest_only to 2023-05-27T12:42:24.945214+00:00, run_after=2023-05-27T16:42:24.945214+00:00
[2023-05-27T16:42:24.959+0000] {processor.py:175} INFO - Processing /home/airflow/.local/lib/python3.7/site-packages/airflow/example_dags/example_latest_only.py took 0.079 seconds
[2023-05-27T16:42:55.178+0000] {processor.py:153} INFO - Started process (PID=219) to work on /home/airflow/.local/lib/python3.7/site-packages/airflow/example_dags/example_latest_only.py
[2023-05-27T16:42:55.180+0000] {processor.py:743} INFO - Processing file /home/airflow/.local/lib/python3.7/site-packages/airflow/example_dags/example_latest_only.py for tasks to queue
[2023-05-27T16:42:55.181+0000] {logging_mixin.py:137} INFO - [2023-05-27T16:42:55.181+0000] {dagbag.py:532} INFO - Filling up the DagBag from /home/airflow/.local/lib/python3.7/site-packages/airflow/example_dags/example_latest_only.py
[2023-05-27T16:42:55.199+0000] {processor.py:753} INFO - DAG(s) dict_keys(['latest_only']) retrieved from /home/airflow/.local/lib/python3.7/site-packages/airflow/example_dags/example_latest_only.py
[2023-05-27T16:42:55.243+0000] {logging_mixin.py:137} INFO - [2023-05-27T16:42:55.242+0000] {dag.py:2705} INFO - Sync 1 DAGs
[2023-05-27T16:42:55.277+0000] {logging_mixin.py:137} INFO - [2023-05-27T16:42:55.277+0000] {dag.py:3456} INFO - Setting next_dagrun for latest_only to 2023-05-27T12:42:55.277259+00:00, run_after=2023-05-27T16:42:55.277259+00:00
[2023-05-27T16:42:55.299+0000] {processor.py:175} INFO - Processing /home/airflow/.local/lib/python3.7/site-packages/airflow/example_dags/example_latest_only.py took 0.125 seconds
[2023-05-27T16:43:25.491+0000] {processor.py:153} INFO - Started process (PID=275) to work on /home/airflow/.local/lib/python3.7/site-packages/airflow/example_dags/example_latest_only.py
[2023-05-27T16:43:25.492+0000] {processor.py:743} INFO - Processing file /home/airflow/.local/lib/python3.7/site-packages/airflow/example_dags/example_latest_only.py for tasks to queue
[2023-05-27T16:43:25.493+0000] {logging_mixin.py:137} INFO - [2023-05-27T16:43:25.493+0000] {dagbag.py:532} INFO - Filling up the DagBag from /home/airflow/.local/lib/python3.7/site-packages/airflow/example_dags/example_latest_only.py
[2023-05-27T16:43:25.509+0000] {processor.py:753} INFO - DAG(s) dict_keys(['latest_only']) retrieved from /home/airflow/.local/lib/python3.7/site-packages/airflow/example_dags/example_latest_only.py
[2023-05-27T16:43:25.555+0000] {logging_mixin.py:137} INFO - [2023-05-27T16:43:25.555+0000] {dag.py:2705} INFO - Sync 1 DAGs
[2023-05-27T16:43:25.603+0000] {logging_mixin.py:137} INFO - [2023-05-27T16:43:25.603+0000] {dag.py:3456} INFO - Setting next_dagrun for latest_only to 2023-05-27T12:43:25.603474+00:00, run_after=2023-05-27T16:43:25.603474+00:00
[2023-05-27T16:43:25.628+0000] {processor.py:175} INFO - Processing /home/airflow/.local/lib/python3.7/site-packages/airflow/example_dags/example_latest_only.py took 0.141 seconds
[2023-05-27T16:43:55.741+0000] {processor.py:153} INFO - Started process (PID=331) to work on /home/airflow/.local/lib/python3.7/site-packages/airflow/example_dags/example_latest_only.py
[2023-05-27T16:43:55.743+0000] {processor.py:743} INFO - Processing file /home/airflow/.local/lib/python3.7/site-packages/airflow/example_dags/example_latest_only.py for tasks to queue
[2023-05-27T16:43:55.744+0000] {logging_mixin.py:137} INFO - [2023-05-27T16:43:55.744+0000] {dagbag.py:532} INFO - Filling up the DagBag from /home/airflow/.local/lib/python3.7/site-packages/airflow/example_dags/example_latest_only.py
[2023-05-27T16:43:55.758+0000] {processor.py:753} INFO - DAG(s) dict_keys(['latest_only']) retrieved from /home/airflow/.local/lib/python3.7/site-packages/airflow/example_dags/example_latest_only.py
[2023-05-27T16:43:55.781+0000] {logging_mixin.py:137} INFO - [2023-05-27T16:43:55.781+0000] {dag.py:2705} INFO - Sync 1 DAGs
[2023-05-27T16:43:55.802+0000] {logging_mixin.py:137} INFO - [2023-05-27T16:43:55.802+0000] {dag.py:3456} INFO - Setting next_dagrun for latest_only to 2023-05-27T12:43:55.802379+00:00, run_after=2023-05-27T16:43:55.802379+00:00
[2023-05-27T16:43:55.816+0000] {processor.py:175} INFO - Processing /home/airflow/.local/lib/python3.7/site-packages/airflow/example_dags/example_latest_only.py took 0.078 seconds
[2023-05-27T16:44:25.993+0000] {processor.py:153} INFO - Started process (PID=388) to work on /home/airflow/.local/lib/python3.7/site-packages/airflow/example_dags/example_latest_only.py
[2023-05-27T16:44:25.994+0000] {processor.py:743} INFO - Processing file /home/airflow/.local/lib/python3.7/site-packages/airflow/example_dags/example_latest_only.py for tasks to queue
[2023-05-27T16:44:25.995+0000] {logging_mixin.py:137} INFO - [2023-05-27T16:44:25.995+0000] {dagbag.py:532} INFO - Filling up the DagBag from /home/airflow/.local/lib/python3.7/site-packages/airflow/example_dags/example_latest_only.py
[2023-05-27T16:44:26.010+0000] {processor.py:753} INFO - DAG(s) dict_keys(['latest_only']) retrieved from /home/airflow/.local/lib/python3.7/site-packages/airflow/example_dags/example_latest_only.py
[2023-05-27T16:44:26.035+0000] {logging_mixin.py:137} INFO - [2023-05-27T16:44:26.035+0000] {dag.py:2705} INFO - Sync 1 DAGs
[2023-05-27T16:44:26.062+0000] {logging_mixin.py:137} INFO - [2023-05-27T16:44:26.062+0000] {dag.py:3456} INFO - Setting next_dagrun for latest_only to 2023-05-27T12:44:26.061799+00:00, run_after=2023-05-27T16:44:26.061799+00:00
[2023-05-27T16:44:26.081+0000] {processor.py:175} INFO - Processing /home/airflow/.local/lib/python3.7/site-packages/airflow/example_dags/example_latest_only.py took 0.092 seconds
[2023-05-27T16:44:56.565+0000] {processor.py:153} INFO - Started process (PID=445) to work on /home/airflow/.local/lib/python3.7/site-packages/airflow/example_dags/example_latest_only.py
[2023-05-27T16:44:56.571+0000] {processor.py:743} INFO - Processing file /home/airflow/.local/lib/python3.7/site-packages/airflow/example_dags/example_latest_only.py for tasks to queue
[2023-05-27T16:44:56.572+0000] {logging_mixin.py:137} INFO - [2023-05-27T16:44:56.572+0000] {dagbag.py:532} INFO - Filling up the DagBag from /home/airflow/.local/lib/python3.7/site-packages/airflow/example_dags/example_latest_only.py
[2023-05-27T16:44:56.586+0000] {processor.py:753} INFO - DAG(s) dict_keys(['latest_only']) retrieved from /home/airflow/.local/lib/python3.7/site-packages/airflow/example_dags/example_latest_only.py
[2023-05-27T16:44:56.614+0000] {logging_mixin.py:137} INFO - [2023-05-27T16:44:56.614+0000] {dag.py:2705} INFO - Sync 1 DAGs
[2023-05-27T16:44:56.639+0000] {logging_mixin.py:137} INFO - [2023-05-27T16:44:56.639+0000] {dag.py:3456} INFO - Setting next_dagrun for latest_only to 2023-05-27T12:44:56.638663+00:00, run_after=2023-05-27T16:44:56.638663+00:00
[2023-05-27T16:44:56.660+0000] {processor.py:175} INFO - Processing /home/airflow/.local/lib/python3.7/site-packages/airflow/example_dags/example_latest_only.py took 0.098 seconds
[2023-05-27T16:45:27.319+0000] {processor.py:153} INFO - Started process (PID=502) to work on /home/airflow/.local/lib/python3.7/site-packages/airflow/example_dags/example_latest_only.py
[2023-05-27T16:45:27.320+0000] {processor.py:743} INFO - Processing file /home/airflow/.local/lib/python3.7/site-packages/airflow/example_dags/example_latest_only.py for tasks to queue
[2023-05-27T16:45:27.321+0000] {logging_mixin.py:137} INFO - [2023-05-27T16:45:27.321+0000] {dagbag.py:532} INFO - Filling up the DagBag from /home/airflow/.local/lib/python3.7/site-packages/airflow/example_dags/example_latest_only.py
[2023-05-27T16:45:27.334+0000] {processor.py:753} INFO - DAG(s) dict_keys(['latest_only']) retrieved from /home/airflow/.local/lib/python3.7/site-packages/airflow/example_dags/example_latest_only.py
[2023-05-27T16:45:27.358+0000] {logging_mixin.py:137} INFO - [2023-05-27T16:45:27.358+0000] {dag.py:2705} INFO - Sync 1 DAGs
[2023-05-27T16:45:27.380+0000] {logging_mixin.py:137} INFO - [2023-05-27T16:45:27.380+0000] {dag.py:3456} INFO - Setting next_dagrun for latest_only to 2023-05-27T12:45:27.379877+00:00, run_after=2023-05-27T16:45:27.379877+00:00
[2023-05-27T16:45:27.394+0000] {processor.py:175} INFO - Processing /home/airflow/.local/lib/python3.7/site-packages/airflow/example_dags/example_latest_only.py took 0.079 seconds
[2023-05-27T16:45:57.886+0000] {processor.py:153} INFO - Started process (PID=559) to work on /home/airflow/.local/lib/python3.7/site-packages/airflow/example_dags/example_latest_only.py
[2023-05-27T16:45:57.888+0000] {processor.py:743} INFO - Processing file /home/airflow/.local/lib/python3.7/site-packages/airflow/example_dags/example_latest_only.py for tasks to queue
[2023-05-27T16:45:57.889+0000] {logging_mixin.py:137} INFO - [2023-05-27T16:45:57.889+0000] {dagbag.py:532} INFO - Filling up the DagBag from /home/airflow/.local/lib/python3.7/site-packages/airflow/example_dags/example_latest_only.py
[2023-05-27T16:45:57.906+0000] {processor.py:753} INFO - DAG(s) dict_keys(['latest_only']) retrieved from /home/airflow/.local/lib/python3.7/site-packages/airflow/example_dags/example_latest_only.py
[2023-05-27T16:45:57.937+0000] {logging_mixin.py:137} INFO - [2023-05-27T16:45:57.937+0000] {dag.py:2705} INFO - Sync 1 DAGs
[2023-05-27T16:45:57.959+0000] {logging_mixin.py:137} INFO - [2023-05-27T16:45:57.959+0000] {dag.py:3456} INFO - Setting next_dagrun for latest_only to 2023-05-27T12:45:57.958994+00:00, run_after=2023-05-27T16:45:57.958994+00:00
[2023-05-27T16:45:57.974+0000] {processor.py:175} INFO - Processing /home/airflow/.local/lib/python3.7/site-packages/airflow/example_dags/example_latest_only.py took 0.091 seconds
[2023-05-27T16:46:28.471+0000] {processor.py:153} INFO - Started process (PID=616) to work on /home/airflow/.local/lib/python3.7/site-packages/airflow/example_dags/example_latest_only.py
[2023-05-27T16:46:28.473+0000] {processor.py:743} INFO - Processing file /home/airflow/.local/lib/python3.7/site-packages/airflow/example_dags/example_latest_only.py for tasks to queue
[2023-05-27T16:46:28.473+0000] {logging_mixin.py:137} INFO - [2023-05-27T16:46:28.473+0000] {dagbag.py:532} INFO - Filling up the DagBag from /home/airflow/.local/lib/python3.7/site-packages/airflow/example_dags/example_latest_only.py
[2023-05-27T16:46:28.487+0000] {processor.py:753} INFO - DAG(s) dict_keys(['latest_only']) retrieved from /home/airflow/.local/lib/python3.7/site-packages/airflow/example_dags/example_latest_only.py
[2023-05-27T16:46:28.512+0000] {logging_mixin.py:137} INFO - [2023-05-27T16:46:28.512+0000] {dag.py:2705} INFO - Sync 1 DAGs
[2023-05-27T16:46:28.533+0000] {logging_mixin.py:137} INFO - [2023-05-27T16:46:28.533+0000] {dag.py:3456} INFO - Setting next_dagrun for latest_only to 2023-05-27T12:46:28.532861+00:00, run_after=2023-05-27T16:46:28.532861+00:00
[2023-05-27T16:46:28.549+0000] {processor.py:175} INFO - Processing /home/airflow/.local/lib/python3.7/site-packages/airflow/example_dags/example_latest_only.py took 0.081 seconds
[2023-05-27T16:46:58.806+0000] {processor.py:153} INFO - Started process (PID=673) to work on /home/airflow/.local/lib/python3.7/site-packages/airflow/example_dags/example_latest_only.py
[2023-05-27T16:46:58.808+0000] {processor.py:743} INFO - Processing file /home/airflow/.local/lib/python3.7/site-packages/airflow/example_dags/example_latest_only.py for tasks to queue
[2023-05-27T16:46:58.809+0000] {logging_mixin.py:137} INFO - [2023-05-27T16:46:58.809+0000] {dagbag.py:532} INFO - Filling up the DagBag from /home/airflow/.local/lib/python3.7/site-packages/airflow/example_dags/example_latest_only.py
[2023-05-27T16:46:58.824+0000] {processor.py:753} INFO - DAG(s) dict_keys(['latest_only']) retrieved from /home/airflow/.local/lib/python3.7/site-packages/airflow/example_dags/example_latest_only.py
[2023-05-27T16:46:58.848+0000] {logging_mixin.py:137} INFO - [2023-05-27T16:46:58.848+0000] {dag.py:2705} INFO - Sync 1 DAGs
[2023-05-27T16:46:58.869+0000] {logging_mixin.py:137} INFO - [2023-05-27T16:46:58.869+0000] {dag.py:3456} INFO - Setting next_dagrun for latest_only to 2023-05-27T12:46:58.868797+00:00, run_after=2023-05-27T16:46:58.868797+00:00
[2023-05-27T16:46:58.886+0000] {processor.py:175} INFO - Processing /home/airflow/.local/lib/python3.7/site-packages/airflow/example_dags/example_latest_only.py took 0.084 seconds
[2023-05-27T16:47:29.766+0000] {processor.py:153} INFO - Started process (PID=730) to work on /home/airflow/.local/lib/python3.7/site-packages/airflow/example_dags/example_latest_only.py
[2023-05-27T16:47:29.767+0000] {processor.py:743} INFO - Processing file /home/airflow/.local/lib/python3.7/site-packages/airflow/example_dags/example_latest_only.py for tasks to queue
[2023-05-27T16:47:29.769+0000] {logging_mixin.py:137} INFO - [2023-05-27T16:47:29.768+0000] {dagbag.py:532} INFO - Filling up the DagBag from /home/airflow/.local/lib/python3.7/site-packages/airflow/example_dags/example_latest_only.py
[2023-05-27T16:47:29.782+0000] {processor.py:753} INFO - DAG(s) dict_keys(['latest_only']) retrieved from /home/airflow/.local/lib/python3.7/site-packages/airflow/example_dags/example_latest_only.py
[2023-05-27T16:47:29.807+0000] {logging_mixin.py:137} INFO - [2023-05-27T16:47:29.807+0000] {dag.py:2705} INFO - Sync 1 DAGs
[2023-05-27T16:47:29.828+0000] {logging_mixin.py:137} INFO - [2023-05-27T16:47:29.828+0000] {dag.py:3456} INFO - Setting next_dagrun for latest_only to 2023-05-27T12:47:29.828111+00:00, run_after=2023-05-27T16:47:29.828111+00:00
[2023-05-27T16:47:29.842+0000] {processor.py:175} INFO - Processing /home/airflow/.local/lib/python3.7/site-packages/airflow/example_dags/example_latest_only.py took 0.079 seconds
[2023-05-27T16:48:00.485+0000] {processor.py:153} INFO - Started process (PID=787) to work on /home/airflow/.local/lib/python3.7/site-packages/airflow/example_dags/example_latest_only.py
[2023-05-27T16:48:00.486+0000] {processor.py:743} INFO - Processing file /home/airflow/.local/lib/python3.7/site-packages/airflow/example_dags/example_latest_only.py for tasks to queue
[2023-05-27T16:48:00.487+0000] {logging_mixin.py:137} INFO - [2023-05-27T16:48:00.487+0000] {dagbag.py:532} INFO - Filling up the DagBag from /home/airflow/.local/lib/python3.7/site-packages/airflow/example_dags/example_latest_only.py
[2023-05-27T16:48:00.500+0000] {processor.py:753} INFO - DAG(s) dict_keys(['latest_only']) retrieved from /home/airflow/.local/lib/python3.7/site-packages/airflow/example_dags/example_latest_only.py
[2023-05-27T16:48:00.529+0000] {logging_mixin.py:137} INFO - [2023-05-27T16:48:00.528+0000] {dag.py:2705} INFO - Sync 1 DAGs
[2023-05-27T16:48:00.549+0000] {logging_mixin.py:137} INFO - [2023-05-27T16:48:00.549+0000] {dag.py:3456} INFO - Setting next_dagrun for latest_only to 2023-05-27T12:48:00.549428+00:00, run_after=2023-05-27T16:48:00.549428+00:00
[2023-05-27T16:48:00.563+0000] {processor.py:175} INFO - Processing /home/airflow/.local/lib/python3.7/site-packages/airflow/example_dags/example_latest_only.py took 0.082 seconds
[2023-05-27T16:48:30.940+0000] {processor.py:153} INFO - Started process (PID=844) to work on /home/airflow/.local/lib/python3.7/site-packages/airflow/example_dags/example_latest_only.py
[2023-05-27T16:48:30.941+0000] {processor.py:743} INFO - Processing file /home/airflow/.local/lib/python3.7/site-packages/airflow/example_dags/example_latest_only.py for tasks to queue
[2023-05-27T16:48:30.942+0000] {logging_mixin.py:137} INFO - [2023-05-27T16:48:30.942+0000] {dagbag.py:532} INFO - Filling up the DagBag from /home/airflow/.local/lib/python3.7/site-packages/airflow/example_dags/example_latest_only.py
[2023-05-27T16:48:30.955+0000] {processor.py:753} INFO - DAG(s) dict_keys(['latest_only']) retrieved from /home/airflow/.local/lib/python3.7/site-packages/airflow/example_dags/example_latest_only.py
[2023-05-27T16:48:30.980+0000] {logging_mixin.py:137} INFO - [2023-05-27T16:48:30.979+0000] {dag.py:2705} INFO - Sync 1 DAGs
[2023-05-27T16:48:31.000+0000] {logging_mixin.py:137} INFO - [2023-05-27T16:48:31.000+0000] {dag.py:3456} INFO - Setting next_dagrun for latest_only to 2023-05-27T12:48:31.000548+00:00, run_after=2023-05-27T16:48:31.000548+00:00
[2023-05-27T16:48:31.017+0000] {processor.py:175} INFO - Processing /home/airflow/.local/lib/python3.7/site-packages/airflow/example_dags/example_latest_only.py took 0.081 seconds
[2023-05-27T16:49:01.740+0000] {processor.py:153} INFO - Started process (PID=901) to work on /home/airflow/.local/lib/python3.7/site-packages/airflow/example_dags/example_latest_only.py
[2023-05-27T16:49:01.742+0000] {processor.py:743} INFO - Processing file /home/airflow/.local/lib/python3.7/site-packages/airflow/example_dags/example_latest_only.py for tasks to queue
[2023-05-27T16:49:01.742+0000] {logging_mixin.py:137} INFO - [2023-05-27T16:49:01.742+0000] {dagbag.py:532} INFO - Filling up the DagBag from /home/airflow/.local/lib/python3.7/site-packages/airflow/example_dags/example_latest_only.py
[2023-05-27T16:49:01.756+0000] {processor.py:753} INFO - DAG(s) dict_keys(['latest_only']) retrieved from /home/airflow/.local/lib/python3.7/site-packages/airflow/example_dags/example_latest_only.py
[2023-05-27T16:49:01.780+0000] {logging_mixin.py:137} INFO - [2023-05-27T16:49:01.780+0000] {dag.py:2705} INFO - Sync 1 DAGs
[2023-05-27T16:49:01.801+0000] {logging_mixin.py:137} INFO - [2023-05-27T16:49:01.801+0000] {dag.py:3456} INFO - Setting next_dagrun for latest_only to 2023-05-27T12:49:01.801264+00:00, run_after=2023-05-27T16:49:01.801264+00:00
[2023-05-27T16:49:01.815+0000] {processor.py:175} INFO - Processing /home/airflow/.local/lib/python3.7/site-packages/airflow/example_dags/example_latest_only.py took 0.078 seconds
[2023-05-27T16:49:32.214+0000] {processor.py:153} INFO - Started process (PID=958) to work on /home/airflow/.local/lib/python3.7/site-packages/airflow/example_dags/example_latest_only.py
[2023-05-27T16:49:32.216+0000] {processor.py:743} INFO - Processing file /home/airflow/.local/lib/python3.7/site-packages/airflow/example_dags/example_latest_only.py for tasks to queue
[2023-05-27T16:49:32.217+0000] {logging_mixin.py:137} INFO - [2023-05-27T16:49:32.217+0000] {dagbag.py:532} INFO - Filling up the DagBag from /home/airflow/.local/lib/python3.7/site-packages/airflow/example_dags/example_latest_only.py
[2023-05-27T16:49:32.229+0000] {processor.py:753} INFO - DAG(s) dict_keys(['latest_only']) retrieved from /home/airflow/.local/lib/python3.7/site-packages/airflow/example_dags/example_latest_only.py
[2023-05-27T16:49:32.255+0000] {logging_mixin.py:137} INFO - [2023-05-27T16:49:32.254+0000] {dag.py:2705} INFO - Sync 1 DAGs
[2023-05-27T16:49:32.275+0000] {logging_mixin.py:137} INFO - [2023-05-27T16:49:32.275+0000] {dag.py:3456} INFO - Setting next_dagrun for latest_only to 2023-05-27T12:49:32.275406+00:00, run_after=2023-05-27T16:49:32.275406+00:00
[2023-05-27T16:49:32.289+0000] {processor.py:175} INFO - Processing /home/airflow/.local/lib/python3.7/site-packages/airflow/example_dags/example_latest_only.py took 0.079 seconds
[2023-05-27T16:50:02.471+0000] {processor.py:153} INFO - Started process (PID=1015) to work on /home/airflow/.local/lib/python3.7/site-packages/airflow/example_dags/example_latest_only.py
[2023-05-27T16:50:02.472+0000] {processor.py:743} INFO - Processing file /home/airflow/.local/lib/python3.7/site-packages/airflow/example_dags/example_latest_only.py for tasks to queue
[2023-05-27T16:50:02.473+0000] {logging_mixin.py:137} INFO - [2023-05-27T16:50:02.473+0000] {dagbag.py:532} INFO - Filling up the DagBag from /home/airflow/.local/lib/python3.7/site-packages/airflow/example_dags/example_latest_only.py
[2023-05-27T16:50:02.495+0000] {processor.py:753} INFO - DAG(s) dict_keys(['latest_only']) retrieved from /home/airflow/.local/lib/python3.7/site-packages/airflow/example_dags/example_latest_only.py
[2023-05-27T16:50:02.523+0000] {logging_mixin.py:137} INFO - [2023-05-27T16:50:02.523+0000] {dag.py:2705} INFO - Sync 1 DAGs
[2023-05-27T16:50:02.545+0000] {logging_mixin.py:137} INFO - [2023-05-27T16:50:02.545+0000] {dag.py:3456} INFO - Setting next_dagrun for latest_only to 2023-05-27T12:50:02.544932+00:00, run_after=2023-05-27T16:50:02.544932+00:00
[2023-05-27T16:50:02.559+0000] {processor.py:175} INFO - Processing /home/airflow/.local/lib/python3.7/site-packages/airflow/example_dags/example_latest_only.py took 0.091 seconds
[2023-05-27T16:50:32.611+0000] {processor.py:153} INFO - Started process (PID=1072) to work on /home/airflow/.local/lib/python3.7/site-packages/airflow/example_dags/example_latest_only.py
[2023-05-27T16:50:32.612+0000] {processor.py:743} INFO - Processing file /home/airflow/.local/lib/python3.7/site-packages/airflow/example_dags/example_latest_only.py for tasks to queue
[2023-05-27T16:50:32.613+0000] {logging_mixin.py:137} INFO - [2023-05-27T16:50:32.613+0000] {dagbag.py:532} INFO - Filling up the DagBag from /home/airflow/.local/lib/python3.7/site-packages/airflow/example_dags/example_latest_only.py
[2023-05-27T16:50:32.627+0000] {processor.py:753} INFO - DAG(s) dict_keys(['latest_only']) retrieved from /home/airflow/.local/lib/python3.7/site-packages/airflow/example_dags/example_latest_only.py
[2023-05-27T16:50:32.651+0000] {logging_mixin.py:137} INFO - [2023-05-27T16:50:32.651+0000] {dag.py:2705} INFO - Sync 1 DAGs
[2023-05-27T16:50:32.673+0000] {logging_mixin.py:137} INFO - [2023-05-27T16:50:32.672+0000] {dag.py:3456} INFO - Setting next_dagrun for latest_only to 2023-05-27T12:50:32.672734+00:00, run_after=2023-05-27T16:50:32.672734+00:00
[2023-05-27T16:50:32.686+0000] {processor.py:175} INFO - Processing /home/airflow/.local/lib/python3.7/site-packages/airflow/example_dags/example_latest_only.py took 0.079 seconds
[2023-05-27T16:51:02.823+0000] {processor.py:153} INFO - Started process (PID=1129) to work on /home/airflow/.local/lib/python3.7/site-packages/airflow/example_dags/example_latest_only.py
[2023-05-27T16:51:02.825+0000] {processor.py:743} INFO - Processing file /home/airflow/.local/lib/python3.7/site-packages/airflow/example_dags/example_latest_only.py for tasks to queue
[2023-05-27T16:51:02.826+0000] {logging_mixin.py:137} INFO - [2023-05-27T16:51:02.826+0000] {dagbag.py:532} INFO - Filling up the DagBag from /home/airflow/.local/lib/python3.7/site-packages/airflow/example_dags/example_latest_only.py
[2023-05-27T16:51:02.839+0000] {processor.py:753} INFO - DAG(s) dict_keys(['latest_only']) retrieved from /home/airflow/.local/lib/python3.7/site-packages/airflow/example_dags/example_latest_only.py
[2023-05-27T16:51:02.864+0000] {logging_mixin.py:137} INFO - [2023-05-27T16:51:02.864+0000] {dag.py:2705} INFO - Sync 1 DAGs
[2023-05-27T16:51:02.885+0000] {logging_mixin.py:137} INFO - [2023-05-27T16:51:02.885+0000] {dag.py:3456} INFO - Setting next_dagrun for latest_only to 2023-05-27T12:51:02.885237+00:00, run_after=2023-05-27T16:51:02.885237+00:00
[2023-05-27T16:51:02.899+0000] {processor.py:175} INFO - Processing /home/airflow/.local/lib/python3.7/site-packages/airflow/example_dags/example_latest_only.py took 0.079 seconds
[2023-05-27T16:51:33.097+0000] {processor.py:153} INFO - Started process (PID=1186) to work on /home/airflow/.local/lib/python3.7/site-packages/airflow/example_dags/example_latest_only.py
[2023-05-27T16:51:33.099+0000] {processor.py:743} INFO - Processing file /home/airflow/.local/lib/python3.7/site-packages/airflow/example_dags/example_latest_only.py for tasks to queue
[2023-05-27T16:51:33.100+0000] {logging_mixin.py:137} INFO - [2023-05-27T16:51:33.100+0000] {dagbag.py:532} INFO - Filling up the DagBag from /home/airflow/.local/lib/python3.7/site-packages/airflow/example_dags/example_latest_only.py
[2023-05-27T16:51:33.113+0000] {processor.py:753} INFO - DAG(s) dict_keys(['latest_only']) retrieved from /home/airflow/.local/lib/python3.7/site-packages/airflow/example_dags/example_latest_only.py
[2023-05-27T16:51:33.137+0000] {logging_mixin.py:137} INFO - [2023-05-27T16:51:33.137+0000] {dag.py:2705} INFO - Sync 1 DAGs
[2023-05-27T16:51:33.157+0000] {logging_mixin.py:137} INFO - [2023-05-27T16:51:33.157+0000] {dag.py:3456} INFO - Setting next_dagrun for latest_only to 2023-05-27T12:51:33.157592+00:00, run_after=2023-05-27T16:51:33.157592+00:00
[2023-05-27T16:51:33.172+0000] {processor.py:175} INFO - Processing /home/airflow/.local/lib/python3.7/site-packages/airflow/example_dags/example_latest_only.py took 0.078 seconds
[2023-05-27T16:52:03.327+0000] {processor.py:153} INFO - Started process (PID=1243) to work on /home/airflow/.local/lib/python3.7/site-packages/airflow/example_dags/example_latest_only.py
[2023-05-27T16:52:03.329+0000] {processor.py:743} INFO - Processing file /home/airflow/.local/lib/python3.7/site-packages/airflow/example_dags/example_latest_only.py for tasks to queue
[2023-05-27T16:52:03.330+0000] {logging_mixin.py:137} INFO - [2023-05-27T16:52:03.330+0000] {dagbag.py:532} INFO - Filling up the DagBag from /home/airflow/.local/lib/python3.7/site-packages/airflow/example_dags/example_latest_only.py
[2023-05-27T16:52:03.344+0000] {processor.py:753} INFO - DAG(s) dict_keys(['latest_only']) retrieved from /home/airflow/.local/lib/python3.7/site-packages/airflow/example_dags/example_latest_only.py
[2023-05-27T16:52:03.370+0000] {logging_mixin.py:137} INFO - [2023-05-27T16:52:03.370+0000] {dag.py:2705} INFO - Sync 1 DAGs
[2023-05-27T16:52:03.393+0000] {logging_mixin.py:137} INFO - [2023-05-27T16:52:03.393+0000] {dag.py:3456} INFO - Setting next_dagrun for latest_only to 2023-05-27T12:52:03.392361+00:00, run_after=2023-05-27T16:52:03.392361+00:00
[2023-05-27T16:52:03.409+0000] {processor.py:175} INFO - Processing /home/airflow/.local/lib/python3.7/site-packages/airflow/example_dags/example_latest_only.py took 0.086 seconds
[2023-05-27T16:52:33.984+0000] {processor.py:153} INFO - Started process (PID=1300) to work on /home/airflow/.local/lib/python3.7/site-packages/airflow/example_dags/example_latest_only.py
[2023-05-27T16:52:33.985+0000] {processor.py:743} INFO - Processing file /home/airflow/.local/lib/python3.7/site-packages/airflow/example_dags/example_latest_only.py for tasks to queue
[2023-05-27T16:52:33.986+0000] {logging_mixin.py:137} INFO - [2023-05-27T16:52:33.986+0000] {dagbag.py:532} INFO - Filling up the DagBag from /home/airflow/.local/lib/python3.7/site-packages/airflow/example_dags/example_latest_only.py
[2023-05-27T16:52:33.999+0000] {processor.py:753} INFO - DAG(s) dict_keys(['latest_only']) retrieved from /home/airflow/.local/lib/python3.7/site-packages/airflow/example_dags/example_latest_only.py
[2023-05-27T16:52:34.036+0000] {logging_mixin.py:137} INFO - [2023-05-27T16:52:34.035+0000] {dag.py:2705} INFO - Sync 1 DAGs
[2023-05-27T16:52:34.063+0000] {logging_mixin.py:137} INFO - [2023-05-27T16:52:34.063+0000] {dag.py:3456} INFO - Setting next_dagrun for latest_only to 2023-05-27T12:52:34.063393+00:00, run_after=2023-05-27T16:52:34.063393+00:00
[2023-05-27T16:52:34.079+0000] {processor.py:175} INFO - Processing /home/airflow/.local/lib/python3.7/site-packages/airflow/example_dags/example_latest_only.py took 0.100 seconds
[2023-05-27T16:53:04.410+0000] {processor.py:153} INFO - Started process (PID=1357) to work on /home/airflow/.local/lib/python3.7/site-packages/airflow/example_dags/example_latest_only.py
[2023-05-27T16:53:04.412+0000] {processor.py:743} INFO - Processing file /home/airflow/.local/lib/python3.7/site-packages/airflow/example_dags/example_latest_only.py for tasks to queue
[2023-05-27T16:53:04.413+0000] {logging_mixin.py:137} INFO - [2023-05-27T16:53:04.413+0000] {dagbag.py:532} INFO - Filling up the DagBag from /home/airflow/.local/lib/python3.7/site-packages/airflow/example_dags/example_latest_only.py
[2023-05-27T16:53:04.431+0000] {processor.py:753} INFO - DAG(s) dict_keys(['latest_only']) retrieved from /home/airflow/.local/lib/python3.7/site-packages/airflow/example_dags/example_latest_only.py
[2023-05-27T16:53:04.460+0000] {logging_mixin.py:137} INFO - [2023-05-27T16:53:04.459+0000] {dag.py:2705} INFO - Sync 1 DAGs
[2023-05-27T16:53:04.483+0000] {logging_mixin.py:137} INFO - [2023-05-27T16:53:04.483+0000] {dag.py:3456} INFO - Setting next_dagrun for latest_only to 2023-05-27T12:53:04.483361+00:00, run_after=2023-05-27T16:53:04.483361+00:00
[2023-05-27T16:53:04.500+0000] {processor.py:175} INFO - Processing /home/airflow/.local/lib/python3.7/site-packages/airflow/example_dags/example_latest_only.py took 0.094 seconds
[2023-05-27T16:53:34.725+0000] {processor.py:153} INFO - Started process (PID=1414) to work on /home/airflow/.local/lib/python3.7/site-packages/airflow/example_dags/example_latest_only.py
[2023-05-27T16:53:34.726+0000] {processor.py:743} INFO - Processing file /home/airflow/.local/lib/python3.7/site-packages/airflow/example_dags/example_latest_only.py for tasks to queue
[2023-05-27T16:53:34.727+0000] {logging_mixin.py:137} INFO - [2023-05-27T16:53:34.727+0000] {dagbag.py:532} INFO - Filling up the DagBag from /home/airflow/.local/lib/python3.7/site-packages/airflow/example_dags/example_latest_only.py
[2023-05-27T16:53:34.741+0000] {processor.py:753} INFO - DAG(s) dict_keys(['latest_only']) retrieved from /home/airflow/.local/lib/python3.7/site-packages/airflow/example_dags/example_latest_only.py
[2023-05-27T16:53:34.766+0000] {logging_mixin.py:137} INFO - [2023-05-27T16:53:34.766+0000] {dag.py:2705} INFO - Sync 1 DAGs
[2023-05-27T16:53:34.787+0000] {logging_mixin.py:137} INFO - [2023-05-27T16:53:34.787+0000] {dag.py:3456} INFO - Setting next_dagrun for latest_only to 2023-05-27T12:53:34.787238+00:00, run_after=2023-05-27T16:53:34.787238+00:00
[2023-05-27T16:53:34.801+0000] {processor.py:175} INFO - Processing /home/airflow/.local/lib/python3.7/site-packages/airflow/example_dags/example_latest_only.py took 0.080 seconds
[2023-05-27T16:54:04.849+0000] {processor.py:153} INFO - Started process (PID=1471) to work on /home/airflow/.local/lib/python3.7/site-packages/airflow/example_dags/example_latest_only.py
[2023-05-27T16:54:04.850+0000] {processor.py:743} INFO - Processing file /home/airflow/.local/lib/python3.7/site-packages/airflow/example_dags/example_latest_only.py for tasks to queue
[2023-05-27T16:54:04.851+0000] {logging_mixin.py:137} INFO - [2023-05-27T16:54:04.851+0000] {dagbag.py:532} INFO - Filling up the DagBag from /home/airflow/.local/lib/python3.7/site-packages/airflow/example_dags/example_latest_only.py
[2023-05-27T16:54:04.865+0000] {processor.py:753} INFO - DAG(s) dict_keys(['latest_only']) retrieved from /home/airflow/.local/lib/python3.7/site-packages/airflow/example_dags/example_latest_only.py
[2023-05-27T16:54:04.890+0000] {logging_mixin.py:137} INFO - [2023-05-27T16:54:04.890+0000] {dag.py:2705} INFO - Sync 1 DAGs
[2023-05-27T16:54:04.913+0000] {logging_mixin.py:137} INFO - [2023-05-27T16:54:04.913+0000] {dag.py:3456} INFO - Setting next_dagrun for latest_only to 2023-05-27T12:54:04.913133+00:00, run_after=2023-05-27T16:54:04.913133+00:00
[2023-05-27T16:54:04.928+0000] {processor.py:175} INFO - Processing /home/airflow/.local/lib/python3.7/site-packages/airflow/example_dags/example_latest_only.py took 0.082 seconds
[2023-05-27T16:54:35.119+0000] {processor.py:153} INFO - Started process (PID=1528) to work on /home/airflow/.local/lib/python3.7/site-packages/airflow/example_dags/example_latest_only.py
[2023-05-27T16:54:35.120+0000] {processor.py:743} INFO - Processing file /home/airflow/.local/lib/python3.7/site-packages/airflow/example_dags/example_latest_only.py for tasks to queue
[2023-05-27T16:54:35.121+0000] {logging_mixin.py:137} INFO - [2023-05-27T16:54:35.121+0000] {dagbag.py:532} INFO - Filling up the DagBag from /home/airflow/.local/lib/python3.7/site-packages/airflow/example_dags/example_latest_only.py
[2023-05-27T16:54:35.135+0000] {processor.py:753} INFO - DAG(s) dict_keys(['latest_only']) retrieved from /home/airflow/.local/lib/python3.7/site-packages/airflow/example_dags/example_latest_only.py
[2023-05-27T16:54:35.167+0000] {logging_mixin.py:137} INFO - [2023-05-27T16:54:35.167+0000] {dag.py:2705} INFO - Sync 1 DAGs
[2023-05-27T16:54:35.189+0000] {logging_mixin.py:137} INFO - [2023-05-27T16:54:35.189+0000] {dag.py:3456} INFO - Setting next_dagrun for latest_only to 2023-05-27T12:54:35.189024+00:00, run_after=2023-05-27T16:54:35.189024+00:00
[2023-05-27T16:54:35.204+0000] {processor.py:175} INFO - Processing /home/airflow/.local/lib/python3.7/site-packages/airflow/example_dags/example_latest_only.py took 0.088 seconds
[2023-05-27T16:55:05.488+0000] {processor.py:153} INFO - Started process (PID=1585) to work on /home/airflow/.local/lib/python3.7/site-packages/airflow/example_dags/example_latest_only.py
[2023-05-27T16:55:05.491+0000] {processor.py:743} INFO - Processing file /home/airflow/.local/lib/python3.7/site-packages/airflow/example_dags/example_latest_only.py for tasks to queue
[2023-05-27T16:55:05.493+0000] {logging_mixin.py:137} INFO - [2023-05-27T16:55:05.493+0000] {dagbag.py:532} INFO - Filling up the DagBag from /home/airflow/.local/lib/python3.7/site-packages/airflow/example_dags/example_latest_only.py
[2023-05-27T16:55:05.513+0000] {processor.py:753} INFO - DAG(s) dict_keys(['latest_only']) retrieved from /home/airflow/.local/lib/python3.7/site-packages/airflow/example_dags/example_latest_only.py
[2023-05-27T16:55:05.547+0000] {logging_mixin.py:137} INFO - [2023-05-27T16:55:05.547+0000] {dag.py:2705} INFO - Sync 1 DAGs
[2023-05-27T16:55:05.577+0000] {logging_mixin.py:137} INFO - [2023-05-27T16:55:05.577+0000] {dag.py:3456} INFO - Setting next_dagrun for latest_only to 2023-05-27T12:55:05.576930+00:00, run_after=2023-05-27T16:55:05.576930+00:00
[2023-05-27T16:55:05.595+0000] {processor.py:175} INFO - Processing /home/airflow/.local/lib/python3.7/site-packages/airflow/example_dags/example_latest_only.py took 0.112 seconds
[2023-05-27T16:55:36.577+0000] {processor.py:153} INFO - Started process (PID=1642) to work on /home/airflow/.local/lib/python3.7/site-packages/airflow/example_dags/example_latest_only.py
[2023-05-27T16:55:36.579+0000] {processor.py:743} INFO - Processing file /home/airflow/.local/lib/python3.7/site-packages/airflow/example_dags/example_latest_only.py for tasks to queue
[2023-05-27T16:55:36.581+0000] {logging_mixin.py:137} INFO - [2023-05-27T16:55:36.581+0000] {dagbag.py:532} INFO - Filling up the DagBag from /home/airflow/.local/lib/python3.7/site-packages/airflow/example_dags/example_latest_only.py
[2023-05-27T16:55:36.604+0000] {processor.py:753} INFO - DAG(s) dict_keys(['latest_only']) retrieved from /home/airflow/.local/lib/python3.7/site-packages/airflow/example_dags/example_latest_only.py
[2023-05-27T16:55:36.631+0000] {logging_mixin.py:137} INFO - [2023-05-27T16:55:36.631+0000] {dag.py:2705} INFO - Sync 1 DAGs
[2023-05-27T16:55:36.654+0000] {logging_mixin.py:137} INFO - [2023-05-27T16:55:36.654+0000] {dag.py:3456} INFO - Setting next_dagrun for latest_only to 2023-05-27T12:55:36.654111+00:00, run_after=2023-05-27T16:55:36.654111+00:00
[2023-05-27T16:55:36.669+0000] {processor.py:175} INFO - Processing /home/airflow/.local/lib/python3.7/site-packages/airflow/example_dags/example_latest_only.py took 0.097 seconds
[2023-05-27T16:56:07.382+0000] {processor.py:153} INFO - Started process (PID=1699) to work on /home/airflow/.local/lib/python3.7/site-packages/airflow/example_dags/example_latest_only.py
[2023-05-27T16:56:07.384+0000] {processor.py:743} INFO - Processing file /home/airflow/.local/lib/python3.7/site-packages/airflow/example_dags/example_latest_only.py for tasks to queue
[2023-05-27T16:56:07.385+0000] {logging_mixin.py:137} INFO - [2023-05-27T16:56:07.385+0000] {dagbag.py:532} INFO - Filling up the DagBag from /home/airflow/.local/lib/python3.7/site-packages/airflow/example_dags/example_latest_only.py
[2023-05-27T16:56:07.399+0000] {processor.py:753} INFO - DAG(s) dict_keys(['latest_only']) retrieved from /home/airflow/.local/lib/python3.7/site-packages/airflow/example_dags/example_latest_only.py
[2023-05-27T16:56:07.425+0000] {logging_mixin.py:137} INFO - [2023-05-27T16:56:07.424+0000] {dag.py:2705} INFO - Sync 1 DAGs
[2023-05-27T16:56:07.446+0000] {logging_mixin.py:137} INFO - [2023-05-27T16:56:07.446+0000] {dag.py:3456} INFO - Setting next_dagrun for latest_only to 2023-05-27T12:56:07.446377+00:00, run_after=2023-05-27T16:56:07.446377+00:00
[2023-05-27T16:56:07.461+0000] {processor.py:175} INFO - Processing /home/airflow/.local/lib/python3.7/site-packages/airflow/example_dags/example_latest_only.py took 0.082 seconds
[2023-05-27T16:56:37.705+0000] {processor.py:153} INFO - Started process (PID=1755) to work on /home/airflow/.local/lib/python3.7/site-packages/airflow/example_dags/example_latest_only.py
[2023-05-27T16:56:37.706+0000] {processor.py:743} INFO - Processing file /home/airflow/.local/lib/python3.7/site-packages/airflow/example_dags/example_latest_only.py for tasks to queue
[2023-05-27T16:56:37.707+0000] {logging_mixin.py:137} INFO - [2023-05-27T16:56:37.707+0000] {dagbag.py:532} INFO - Filling up the DagBag from /home/airflow/.local/lib/python3.7/site-packages/airflow/example_dags/example_latest_only.py
[2023-05-27T16:56:37.722+0000] {processor.py:753} INFO - DAG(s) dict_keys(['latest_only']) retrieved from /home/airflow/.local/lib/python3.7/site-packages/airflow/example_dags/example_latest_only.py
[2023-05-27T16:56:37.747+0000] {logging_mixin.py:137} INFO - [2023-05-27T16:56:37.747+0000] {dag.py:2705} INFO - Sync 1 DAGs
[2023-05-27T16:56:37.775+0000] {logging_mixin.py:137} INFO - [2023-05-27T16:56:37.775+0000] {dag.py:3456} INFO - Setting next_dagrun for latest_only to 2023-05-27T12:56:37.775105+00:00, run_after=2023-05-27T16:56:37.775105+00:00
[2023-05-27T16:56:37.792+0000] {processor.py:175} INFO - Processing /home/airflow/.local/lib/python3.7/site-packages/airflow/example_dags/example_latest_only.py took 0.091 seconds
[2023-05-27T16:57:08.602+0000] {processor.py:153} INFO - Started process (PID=1812) to work on /home/airflow/.local/lib/python3.7/site-packages/airflow/example_dags/example_latest_only.py
[2023-05-27T16:57:08.603+0000] {processor.py:743} INFO - Processing file /home/airflow/.local/lib/python3.7/site-packages/airflow/example_dags/example_latest_only.py for tasks to queue
[2023-05-27T16:57:08.604+0000] {logging_mixin.py:137} INFO - [2023-05-27T16:57:08.604+0000] {dagbag.py:532} INFO - Filling up the DagBag from /home/airflow/.local/lib/python3.7/site-packages/airflow/example_dags/example_latest_only.py
[2023-05-27T16:57:08.617+0000] {processor.py:753} INFO - DAG(s) dict_keys(['latest_only']) retrieved from /home/airflow/.local/lib/python3.7/site-packages/airflow/example_dags/example_latest_only.py
[2023-05-27T16:57:08.642+0000] {logging_mixin.py:137} INFO - [2023-05-27T16:57:08.642+0000] {dag.py:2705} INFO - Sync 1 DAGs
[2023-05-27T16:57:08.664+0000] {logging_mixin.py:137} INFO - [2023-05-27T16:57:08.664+0000] {dag.py:3456} INFO - Setting next_dagrun for latest_only to 2023-05-27T12:57:08.663832+00:00, run_after=2023-05-27T16:57:08.663832+00:00
[2023-05-27T16:57:08.679+0000] {processor.py:175} INFO - Processing /home/airflow/.local/lib/python3.7/site-packages/airflow/example_dags/example_latest_only.py took 0.081 seconds
[2023-05-27T16:57:39.954+0000] {processor.py:153} INFO - Started process (PID=1869) to work on /home/airflow/.local/lib/python3.7/site-packages/airflow/example_dags/example_latest_only.py
[2023-05-27T16:57:39.957+0000] {processor.py:743} INFO - Processing file /home/airflow/.local/lib/python3.7/site-packages/airflow/example_dags/example_latest_only.py for tasks to queue
[2023-05-27T16:57:39.960+0000] {logging_mixin.py:137} INFO - [2023-05-27T16:57:39.960+0000] {dagbag.py:532} INFO - Filling up the DagBag from /home/airflow/.local/lib/python3.7/site-packages/airflow/example_dags/example_latest_only.py
[2023-05-27T16:57:39.983+0000] {processor.py:753} INFO - DAG(s) dict_keys(['latest_only']) retrieved from /home/airflow/.local/lib/python3.7/site-packages/airflow/example_dags/example_latest_only.py
[2023-05-27T16:57:40.034+0000] {logging_mixin.py:137} INFO - [2023-05-27T16:57:40.033+0000] {dag.py:2705} INFO - Sync 1 DAGs
[2023-05-27T16:57:40.072+0000] {logging_mixin.py:137} INFO - [2023-05-27T16:57:40.072+0000] {dag.py:3456} INFO - Setting next_dagrun for latest_only to 2023-05-27T12:57:40.072132+00:00, run_after=2023-05-27T16:57:40.072132+00:00
[2023-05-27T16:57:40.108+0000] {processor.py:175} INFO - Processing /home/airflow/.local/lib/python3.7/site-packages/airflow/example_dags/example_latest_only.py took 0.161 seconds
[2023-05-27T16:58:10.937+0000] {processor.py:153} INFO - Started process (PID=1926) to work on /home/airflow/.local/lib/python3.7/site-packages/airflow/example_dags/example_latest_only.py
[2023-05-27T16:58:10.938+0000] {processor.py:743} INFO - Processing file /home/airflow/.local/lib/python3.7/site-packages/airflow/example_dags/example_latest_only.py for tasks to queue
[2023-05-27T16:58:10.939+0000] {logging_mixin.py:137} INFO - [2023-05-27T16:58:10.939+0000] {dagbag.py:532} INFO - Filling up the DagBag from /home/airflow/.local/lib/python3.7/site-packages/airflow/example_dags/example_latest_only.py
[2023-05-27T16:58:10.953+0000] {processor.py:753} INFO - DAG(s) dict_keys(['latest_only']) retrieved from /home/airflow/.local/lib/python3.7/site-packages/airflow/example_dags/example_latest_only.py
[2023-05-27T16:58:10.977+0000] {logging_mixin.py:137} INFO - [2023-05-27T16:58:10.977+0000] {dag.py:2705} INFO - Sync 1 DAGs
[2023-05-27T16:58:11.002+0000] {logging_mixin.py:137} INFO - [2023-05-27T16:58:11.002+0000] {dag.py:3456} INFO - Setting next_dagrun for latest_only to 2023-05-27T12:58:11.001763+00:00, run_after=2023-05-27T16:58:11.001763+00:00
[2023-05-27T16:58:11.022+0000] {processor.py:175} INFO - Processing /home/airflow/.local/lib/python3.7/site-packages/airflow/example_dags/example_latest_only.py took 0.089 seconds
[2023-05-27T16:58:41.595+0000] {processor.py:153} INFO - Started process (PID=1983) to work on /home/airflow/.local/lib/python3.7/site-packages/airflow/example_dags/example_latest_only.py
[2023-05-27T16:58:41.597+0000] {processor.py:743} INFO - Processing file /home/airflow/.local/lib/python3.7/site-packages/airflow/example_dags/example_latest_only.py for tasks to queue
[2023-05-27T16:58:41.598+0000] {logging_mixin.py:137} INFO - [2023-05-27T16:58:41.598+0000] {dagbag.py:532} INFO - Filling up the DagBag from /home/airflow/.local/lib/python3.7/site-packages/airflow/example_dags/example_latest_only.py
[2023-05-27T16:58:41.611+0000] {processor.py:753} INFO - DAG(s) dict_keys(['latest_only']) retrieved from /home/airflow/.local/lib/python3.7/site-packages/airflow/example_dags/example_latest_only.py
[2023-05-27T16:58:41.642+0000] {logging_mixin.py:137} INFO - [2023-05-27T16:58:41.642+0000] {dag.py:2705} INFO - Sync 1 DAGs
[2023-05-27T16:58:41.665+0000] {logging_mixin.py:137} INFO - [2023-05-27T16:58:41.665+0000] {dag.py:3456} INFO - Setting next_dagrun for latest_only to 2023-05-27T12:58:41.665457+00:00, run_after=2023-05-27T16:58:41.665457+00:00
[2023-05-27T16:58:41.680+0000] {processor.py:175} INFO - Processing /home/airflow/.local/lib/python3.7/site-packages/airflow/example_dags/example_latest_only.py took 0.089 seconds
[2023-05-27T16:59:12.281+0000] {processor.py:153} INFO - Started process (PID=2040) to work on /home/airflow/.local/lib/python3.7/site-packages/airflow/example_dags/example_latest_only.py
[2023-05-27T16:59:12.284+0000] {processor.py:743} INFO - Processing file /home/airflow/.local/lib/python3.7/site-packages/airflow/example_dags/example_latest_only.py for tasks to queue
[2023-05-27T16:59:12.285+0000] {logging_mixin.py:137} INFO - [2023-05-27T16:59:12.285+0000] {dagbag.py:532} INFO - Filling up the DagBag from /home/airflow/.local/lib/python3.7/site-packages/airflow/example_dags/example_latest_only.py
[2023-05-27T16:59:12.299+0000] {processor.py:753} INFO - DAG(s) dict_keys(['latest_only']) retrieved from /home/airflow/.local/lib/python3.7/site-packages/airflow/example_dags/example_latest_only.py
[2023-05-27T16:59:12.323+0000] {logging_mixin.py:137} INFO - [2023-05-27T16:59:12.323+0000] {dag.py:2705} INFO - Sync 1 DAGs
[2023-05-27T16:59:12.345+0000] {logging_mixin.py:137} INFO - [2023-05-27T16:59:12.345+0000] {dag.py:3456} INFO - Setting next_dagrun for latest_only to 2023-05-27T12:59:12.344898+00:00, run_after=2023-05-27T16:59:12.344898+00:00
[2023-05-27T16:59:12.359+0000] {processor.py:175} INFO - Processing /home/airflow/.local/lib/python3.7/site-packages/airflow/example_dags/example_latest_only.py took 0.082 seconds
[2023-05-27T16:59:43.180+0000] {processor.py:153} INFO - Started process (PID=2097) to work on /home/airflow/.local/lib/python3.7/site-packages/airflow/example_dags/example_latest_only.py
[2023-05-27T16:59:43.181+0000] {processor.py:743} INFO - Processing file /home/airflow/.local/lib/python3.7/site-packages/airflow/example_dags/example_latest_only.py for tasks to queue
[2023-05-27T16:59:43.182+0000] {logging_mixin.py:137} INFO - [2023-05-27T16:59:43.182+0000] {dagbag.py:532} INFO - Filling up the DagBag from /home/airflow/.local/lib/python3.7/site-packages/airflow/example_dags/example_latest_only.py
[2023-05-27T16:59:43.196+0000] {processor.py:753} INFO - DAG(s) dict_keys(['latest_only']) retrieved from /home/airflow/.local/lib/python3.7/site-packages/airflow/example_dags/example_latest_only.py
[2023-05-27T16:59:43.221+0000] {logging_mixin.py:137} INFO - [2023-05-27T16:59:43.221+0000] {dag.py:2705} INFO - Sync 1 DAGs
[2023-05-27T16:59:43.243+0000] {logging_mixin.py:137} INFO - [2023-05-27T16:59:43.243+0000] {dag.py:3456} INFO - Setting next_dagrun for latest_only to 2023-05-27T12:59:43.243195+00:00, run_after=2023-05-27T16:59:43.243195+00:00
[2023-05-27T16:59:43.257+0000] {processor.py:175} INFO - Processing /home/airflow/.local/lib/python3.7/site-packages/airflow/example_dags/example_latest_only.py took 0.081 seconds
[2023-05-27T17:00:13.769+0000] {processor.py:153} INFO - Started process (PID=2154) to work on /home/airflow/.local/lib/python3.7/site-packages/airflow/example_dags/example_latest_only.py
[2023-05-27T17:00:13.771+0000] {processor.py:743} INFO - Processing file /home/airflow/.local/lib/python3.7/site-packages/airflow/example_dags/example_latest_only.py for tasks to queue
[2023-05-27T17:00:13.772+0000] {logging_mixin.py:137} INFO - [2023-05-27T17:00:13.772+0000] {dagbag.py:532} INFO - Filling up the DagBag from /home/airflow/.local/lib/python3.7/site-packages/airflow/example_dags/example_latest_only.py
[2023-05-27T17:00:13.787+0000] {processor.py:753} INFO - DAG(s) dict_keys(['latest_only']) retrieved from /home/airflow/.local/lib/python3.7/site-packages/airflow/example_dags/example_latest_only.py
[2023-05-27T17:00:13.826+0000] {logging_mixin.py:137} INFO - [2023-05-27T17:00:13.826+0000] {dag.py:2705} INFO - Sync 1 DAGs
[2023-05-27T17:00:13.852+0000] {logging_mixin.py:137} INFO - [2023-05-27T17:00:13.852+0000] {dag.py:3456} INFO - Setting next_dagrun for latest_only to 2023-05-27T13:00:13.851737+00:00, run_after=2023-05-27T17:00:13.851737+00:00
[2023-05-27T17:00:13.868+0000] {processor.py:175} INFO - Processing /home/airflow/.local/lib/python3.7/site-packages/airflow/example_dags/example_latest_only.py took 0.102 seconds
[2023-05-27T17:00:43.964+0000] {processor.py:153} INFO - Started process (PID=2211) to work on /home/airflow/.local/lib/python3.7/site-packages/airflow/example_dags/example_latest_only.py
[2023-05-27T17:00:43.967+0000] {processor.py:743} INFO - Processing file /home/airflow/.local/lib/python3.7/site-packages/airflow/example_dags/example_latest_only.py for tasks to queue
[2023-05-27T17:00:43.969+0000] {logging_mixin.py:137} INFO - [2023-05-27T17:00:43.969+0000] {dagbag.py:532} INFO - Filling up the DagBag from /home/airflow/.local/lib/python3.7/site-packages/airflow/example_dags/example_latest_only.py
[2023-05-27T17:00:43.989+0000] {processor.py:753} INFO - DAG(s) dict_keys(['latest_only']) retrieved from /home/airflow/.local/lib/python3.7/site-packages/airflow/example_dags/example_latest_only.py
[2023-05-27T17:00:44.034+0000] {logging_mixin.py:137} INFO - [2023-05-27T17:00:44.034+0000] {dag.py:2705} INFO - Sync 1 DAGs
[2023-05-27T17:00:44.074+0000] {logging_mixin.py:137} INFO - [2023-05-27T17:00:44.074+0000] {dag.py:3456} INFO - Setting next_dagrun for latest_only to 2023-05-27T13:00:44.073766+00:00, run_after=2023-05-27T17:00:44.073766+00:00
[2023-05-27T17:00:44.116+0000] {processor.py:175} INFO - Processing /home/airflow/.local/lib/python3.7/site-packages/airflow/example_dags/example_latest_only.py took 0.158 seconds
