[2023-05-27T16:41:24.129+0000] {processor.py:153} INFO - Started process (PID=53) to work on /home/airflow/.local/lib/python3.7/site-packages/airflow/example_dags/example_xcomargs.py
[2023-05-27T16:41:24.131+0000] {processor.py:743} INFO - Processing file /home/airflow/.local/lib/python3.7/site-packages/airflow/example_dags/example_xcomargs.py for tasks to queue
[2023-05-27T16:41:24.133+0000] {logging_mixin.py:137} INFO - [2023-05-27T16:41:24.132+0000] {dagbag.py:532} INFO - Filling up the DagBag from /home/airflow/.local/lib/python3.7/site-packages/airflow/example_dags/example_xcomargs.py
[2023-05-27T16:41:24.179+0000] {processor.py:753} INFO - DAG(s) dict_keys(['example_xcom_args_with_operators', 'example_xcom_args']) retrieved from /home/airflow/.local/lib/python3.7/site-packages/airflow/example_dags/example_xcomargs.py
[2023-05-27T16:41:24.220+0000] {logging_mixin.py:137} INFO - [2023-05-27T16:41:24.220+0000] {dag.py:2705} INFO - Sync 2 DAGs
[2023-05-27T16:41:24.297+0000] {logging_mixin.py:137} INFO - [2023-05-27T16:41:24.297+0000] {dag.py:3456} INFO - Setting next_dagrun for example_xcom_args to None, run_after=None
[2023-05-27T16:41:24.304+0000] {logging_mixin.py:137} INFO - [2023-05-27T16:41:24.304+0000] {dag.py:3456} INFO - Setting next_dagrun for example_xcom_args_with_operators to None, run_after=None
[2023-05-27T16:41:24.329+0000] {processor.py:175} INFO - Processing /home/airflow/.local/lib/python3.7/site-packages/airflow/example_dags/example_xcomargs.py took 0.206 seconds
[2023-05-27T16:41:54.383+0000] {processor.py:153} INFO - Started process (PID=110) to work on /home/airflow/.local/lib/python3.7/site-packages/airflow/example_dags/example_xcomargs.py
[2023-05-27T16:41:54.384+0000] {processor.py:743} INFO - Processing file /home/airflow/.local/lib/python3.7/site-packages/airflow/example_dags/example_xcomargs.py for tasks to queue
[2023-05-27T16:41:54.385+0000] {logging_mixin.py:137} INFO - [2023-05-27T16:41:54.385+0000] {dagbag.py:532} INFO - Filling up the DagBag from /home/airflow/.local/lib/python3.7/site-packages/airflow/example_dags/example_xcomargs.py
[2023-05-27T16:41:54.407+0000] {processor.py:753} INFO - DAG(s) dict_keys(['example_xcom_args_with_operators', 'example_xcom_args']) retrieved from /home/airflow/.local/lib/python3.7/site-packages/airflow/example_dags/example_xcomargs.py
[2023-05-27T16:41:54.435+0000] {logging_mixin.py:137} INFO - [2023-05-27T16:41:54.435+0000] {dag.py:2705} INFO - Sync 2 DAGs
[2023-05-27T16:41:54.458+0000] {logging_mixin.py:137} INFO - [2023-05-27T16:41:54.458+0000] {dag.py:3456} INFO - Setting next_dagrun for example_xcom_args to None, run_after=None
[2023-05-27T16:41:54.461+0000] {logging_mixin.py:137} INFO - [2023-05-27T16:41:54.461+0000] {dag.py:3456} INFO - Setting next_dagrun for example_xcom_args_with_operators to None, run_after=None
[2023-05-27T16:41:54.474+0000] {processor.py:175} INFO - Processing /home/airflow/.local/lib/python3.7/site-packages/airflow/example_dags/example_xcomargs.py took 0.095 seconds
[2023-05-27T16:42:25.327+0000] {processor.py:153} INFO - Started process (PID=167) to work on /home/airflow/.local/lib/python3.7/site-packages/airflow/example_dags/example_xcomargs.py
[2023-05-27T16:42:25.329+0000] {processor.py:743} INFO - Processing file /home/airflow/.local/lib/python3.7/site-packages/airflow/example_dags/example_xcomargs.py for tasks to queue
[2023-05-27T16:42:25.329+0000] {logging_mixin.py:137} INFO - [2023-05-27T16:42:25.329+0000] {dagbag.py:532} INFO - Filling up the DagBag from /home/airflow/.local/lib/python3.7/site-packages/airflow/example_dags/example_xcomargs.py
[2023-05-27T16:42:25.352+0000] {processor.py:753} INFO - DAG(s) dict_keys(['example_xcom_args_with_operators', 'example_xcom_args']) retrieved from /home/airflow/.local/lib/python3.7/site-packages/airflow/example_dags/example_xcomargs.py
[2023-05-27T16:42:25.381+0000] {logging_mixin.py:137} INFO - [2023-05-27T16:42:25.380+0000] {dag.py:2705} INFO - Sync 2 DAGs
[2023-05-27T16:42:25.404+0000] {logging_mixin.py:137} INFO - [2023-05-27T16:42:25.404+0000] {dag.py:3456} INFO - Setting next_dagrun for example_xcom_args to None, run_after=None
[2023-05-27T16:42:25.408+0000] {logging_mixin.py:137} INFO - [2023-05-27T16:42:25.408+0000] {dag.py:3456} INFO - Setting next_dagrun for example_xcom_args_with_operators to None, run_after=None
[2023-05-27T16:42:25.422+0000] {processor.py:175} INFO - Processing /home/airflow/.local/lib/python3.7/site-packages/airflow/example_dags/example_xcomargs.py took 0.098 seconds
[2023-05-27T16:42:55.687+0000] {processor.py:153} INFO - Started process (PID=224) to work on /home/airflow/.local/lib/python3.7/site-packages/airflow/example_dags/example_xcomargs.py
[2023-05-27T16:42:55.688+0000] {processor.py:743} INFO - Processing file /home/airflow/.local/lib/python3.7/site-packages/airflow/example_dags/example_xcomargs.py for tasks to queue
[2023-05-27T16:42:55.689+0000] {logging_mixin.py:137} INFO - [2023-05-27T16:42:55.689+0000] {dagbag.py:532} INFO - Filling up the DagBag from /home/airflow/.local/lib/python3.7/site-packages/airflow/example_dags/example_xcomargs.py
[2023-05-27T16:42:55.714+0000] {processor.py:753} INFO - DAG(s) dict_keys(['example_xcom_args', 'example_xcom_args_with_operators']) retrieved from /home/airflow/.local/lib/python3.7/site-packages/airflow/example_dags/example_xcomargs.py
[2023-05-27T16:42:55.746+0000] {logging_mixin.py:137} INFO - [2023-05-27T16:42:55.746+0000] {dag.py:2705} INFO - Sync 2 DAGs
[2023-05-27T16:42:55.772+0000] {logging_mixin.py:137} INFO - [2023-05-27T16:42:55.772+0000] {dag.py:3456} INFO - Setting next_dagrun for example_xcom_args to None, run_after=None
[2023-05-27T16:42:55.775+0000] {logging_mixin.py:137} INFO - [2023-05-27T16:42:55.775+0000] {dag.py:3456} INFO - Setting next_dagrun for example_xcom_args_with_operators to None, run_after=None
[2023-05-27T16:42:55.789+0000] {processor.py:175} INFO - Processing /home/airflow/.local/lib/python3.7/site-packages/airflow/example_dags/example_xcomargs.py took 0.106 seconds
[2023-05-27T16:43:26.437+0000] {processor.py:153} INFO - Started process (PID=282) to work on /home/airflow/.local/lib/python3.7/site-packages/airflow/example_dags/example_xcomargs.py
[2023-05-27T16:43:26.439+0000] {processor.py:743} INFO - Processing file /home/airflow/.local/lib/python3.7/site-packages/airflow/example_dags/example_xcomargs.py for tasks to queue
[2023-05-27T16:43:26.440+0000] {logging_mixin.py:137} INFO - [2023-05-27T16:43:26.439+0000] {dagbag.py:532} INFO - Filling up the DagBag from /home/airflow/.local/lib/python3.7/site-packages/airflow/example_dags/example_xcomargs.py
[2023-05-27T16:43:26.483+0000] {processor.py:753} INFO - DAG(s) dict_keys(['example_xcom_args_with_operators', 'example_xcom_args']) retrieved from /home/airflow/.local/lib/python3.7/site-packages/airflow/example_dags/example_xcomargs.py
[2023-05-27T16:43:26.536+0000] {logging_mixin.py:137} INFO - [2023-05-27T16:43:26.536+0000] {dag.py:2705} INFO - Sync 2 DAGs
[2023-05-27T16:43:26.564+0000] {logging_mixin.py:137} INFO - [2023-05-27T16:43:26.564+0000] {dag.py:3456} INFO - Setting next_dagrun for example_xcom_args to None, run_after=None
[2023-05-27T16:43:26.572+0000] {logging_mixin.py:137} INFO - [2023-05-27T16:43:26.571+0000] {dag.py:3456} INFO - Setting next_dagrun for example_xcom_args_with_operators to None, run_after=None
[2023-05-27T16:43:26.602+0000] {processor.py:175} INFO - Processing /home/airflow/.local/lib/python3.7/site-packages/airflow/example_dags/example_xcomargs.py took 0.169 seconds
[2023-05-27T16:43:57.051+0000] {processor.py:153} INFO - Started process (PID=336) to work on /home/airflow/.local/lib/python3.7/site-packages/airflow/example_dags/example_xcomargs.py
[2023-05-27T16:43:57.052+0000] {processor.py:743} INFO - Processing file /home/airflow/.local/lib/python3.7/site-packages/airflow/example_dags/example_xcomargs.py for tasks to queue
[2023-05-27T16:43:57.053+0000] {logging_mixin.py:137} INFO - [2023-05-27T16:43:57.053+0000] {dagbag.py:532} INFO - Filling up the DagBag from /home/airflow/.local/lib/python3.7/site-packages/airflow/example_dags/example_xcomargs.py
[2023-05-27T16:43:57.075+0000] {processor.py:753} INFO - DAG(s) dict_keys(['example_xcom_args', 'example_xcom_args_with_operators']) retrieved from /home/airflow/.local/lib/python3.7/site-packages/airflow/example_dags/example_xcomargs.py
[2023-05-27T16:43:57.103+0000] {logging_mixin.py:137} INFO - [2023-05-27T16:43:57.103+0000] {dag.py:2705} INFO - Sync 2 DAGs
[2023-05-27T16:43:57.123+0000] {logging_mixin.py:137} INFO - [2023-05-27T16:43:57.123+0000] {dag.py:3456} INFO - Setting next_dagrun for example_xcom_args to None, run_after=None
[2023-05-27T16:43:57.126+0000] {logging_mixin.py:137} INFO - [2023-05-27T16:43:57.126+0000] {dag.py:3456} INFO - Setting next_dagrun for example_xcom_args_with_operators to None, run_after=None
[2023-05-27T16:43:57.138+0000] {processor.py:175} INFO - Processing /home/airflow/.local/lib/python3.7/site-packages/airflow/example_dags/example_xcomargs.py took 0.091 seconds
[2023-05-27T16:44:27.385+0000] {processor.py:153} INFO - Started process (PID=393) to work on /home/airflow/.local/lib/python3.7/site-packages/airflow/example_dags/example_xcomargs.py
[2023-05-27T16:44:27.386+0000] {processor.py:743} INFO - Processing file /home/airflow/.local/lib/python3.7/site-packages/airflow/example_dags/example_xcomargs.py for tasks to queue
[2023-05-27T16:44:27.387+0000] {logging_mixin.py:137} INFO - [2023-05-27T16:44:27.387+0000] {dagbag.py:532} INFO - Filling up the DagBag from /home/airflow/.local/lib/python3.7/site-packages/airflow/example_dags/example_xcomargs.py
[2023-05-27T16:44:27.409+0000] {processor.py:753} INFO - DAG(s) dict_keys(['example_xcom_args_with_operators', 'example_xcom_args']) retrieved from /home/airflow/.local/lib/python3.7/site-packages/airflow/example_dags/example_xcomargs.py
[2023-05-27T16:44:27.436+0000] {logging_mixin.py:137} INFO - [2023-05-27T16:44:27.436+0000] {dag.py:2705} INFO - Sync 2 DAGs
[2023-05-27T16:44:27.457+0000] {logging_mixin.py:137} INFO - [2023-05-27T16:44:27.457+0000] {dag.py:3456} INFO - Setting next_dagrun for example_xcom_args to None, run_after=None
[2023-05-27T16:44:27.460+0000] {logging_mixin.py:137} INFO - [2023-05-27T16:44:27.459+0000] {dag.py:3456} INFO - Setting next_dagrun for example_xcom_args_with_operators to None, run_after=None
[2023-05-27T16:44:27.472+0000] {processor.py:175} INFO - Processing /home/airflow/.local/lib/python3.7/site-packages/airflow/example_dags/example_xcomargs.py took 0.091 seconds
[2023-05-27T16:44:57.907+0000] {processor.py:153} INFO - Started process (PID=450) to work on /home/airflow/.local/lib/python3.7/site-packages/airflow/example_dags/example_xcomargs.py
[2023-05-27T16:44:57.909+0000] {processor.py:743} INFO - Processing file /home/airflow/.local/lib/python3.7/site-packages/airflow/example_dags/example_xcomargs.py for tasks to queue
[2023-05-27T16:44:57.910+0000] {logging_mixin.py:137} INFO - [2023-05-27T16:44:57.910+0000] {dagbag.py:532} INFO - Filling up the DagBag from /home/airflow/.local/lib/python3.7/site-packages/airflow/example_dags/example_xcomargs.py
[2023-05-27T16:44:57.933+0000] {processor.py:753} INFO - DAG(s) dict_keys(['example_xcom_args', 'example_xcom_args_with_operators']) retrieved from /home/airflow/.local/lib/python3.7/site-packages/airflow/example_dags/example_xcomargs.py
[2023-05-27T16:44:57.966+0000] {logging_mixin.py:137} INFO - [2023-05-27T16:44:57.966+0000] {dag.py:2705} INFO - Sync 2 DAGs
[2023-05-27T16:44:57.996+0000] {logging_mixin.py:137} INFO - [2023-05-27T16:44:57.996+0000] {dag.py:3456} INFO - Setting next_dagrun for example_xcom_args to None, run_after=None
[2023-05-27T16:44:58.000+0000] {logging_mixin.py:137} INFO - [2023-05-27T16:44:58.000+0000] {dag.py:3456} INFO - Setting next_dagrun for example_xcom_args_with_operators to None, run_after=None
[2023-05-27T16:44:58.024+0000] {processor.py:175} INFO - Processing /home/airflow/.local/lib/python3.7/site-packages/airflow/example_dags/example_xcomargs.py took 0.121 seconds
[2023-05-27T16:45:28.597+0000] {processor.py:153} INFO - Started process (PID=507) to work on /home/airflow/.local/lib/python3.7/site-packages/airflow/example_dags/example_xcomargs.py
[2023-05-27T16:45:28.599+0000] {processor.py:743} INFO - Processing file /home/airflow/.local/lib/python3.7/site-packages/airflow/example_dags/example_xcomargs.py for tasks to queue
[2023-05-27T16:45:28.600+0000] {logging_mixin.py:137} INFO - [2023-05-27T16:45:28.600+0000] {dagbag.py:532} INFO - Filling up the DagBag from /home/airflow/.local/lib/python3.7/site-packages/airflow/example_dags/example_xcomargs.py
[2023-05-27T16:45:28.621+0000] {processor.py:753} INFO - DAG(s) dict_keys(['example_xcom_args_with_operators', 'example_xcom_args']) retrieved from /home/airflow/.local/lib/python3.7/site-packages/airflow/example_dags/example_xcomargs.py
[2023-05-27T16:45:28.649+0000] {logging_mixin.py:137} INFO - [2023-05-27T16:45:28.649+0000] {dag.py:2705} INFO - Sync 2 DAGs
[2023-05-27T16:45:28.669+0000] {logging_mixin.py:137} INFO - [2023-05-27T16:45:28.669+0000] {dag.py:3456} INFO - Setting next_dagrun for example_xcom_args to None, run_after=None
[2023-05-27T16:45:28.672+0000] {logging_mixin.py:137} INFO - [2023-05-27T16:45:28.672+0000] {dag.py:3456} INFO - Setting next_dagrun for example_xcom_args_with_operators to None, run_after=None
[2023-05-27T16:45:28.688+0000] {processor.py:175} INFO - Processing /home/airflow/.local/lib/python3.7/site-packages/airflow/example_dags/example_xcomargs.py took 0.094 seconds
[2023-05-27T16:45:59.246+0000] {processor.py:153} INFO - Started process (PID=564) to work on /home/airflow/.local/lib/python3.7/site-packages/airflow/example_dags/example_xcomargs.py
[2023-05-27T16:45:59.248+0000] {processor.py:743} INFO - Processing file /home/airflow/.local/lib/python3.7/site-packages/airflow/example_dags/example_xcomargs.py for tasks to queue
[2023-05-27T16:45:59.249+0000] {logging_mixin.py:137} INFO - [2023-05-27T16:45:59.249+0000] {dagbag.py:532} INFO - Filling up the DagBag from /home/airflow/.local/lib/python3.7/site-packages/airflow/example_dags/example_xcomargs.py
[2023-05-27T16:45:59.271+0000] {processor.py:753} INFO - DAG(s) dict_keys(['example_xcom_args_with_operators', 'example_xcom_args']) retrieved from /home/airflow/.local/lib/python3.7/site-packages/airflow/example_dags/example_xcomargs.py
[2023-05-27T16:45:59.298+0000] {logging_mixin.py:137} INFO - [2023-05-27T16:45:59.298+0000] {dag.py:2705} INFO - Sync 2 DAGs
[2023-05-27T16:45:59.319+0000] {logging_mixin.py:137} INFO - [2023-05-27T16:45:59.319+0000] {dag.py:3456} INFO - Setting next_dagrun for example_xcom_args to None, run_after=None
[2023-05-27T16:45:59.322+0000] {logging_mixin.py:137} INFO - [2023-05-27T16:45:59.321+0000] {dag.py:3456} INFO - Setting next_dagrun for example_xcom_args_with_operators to None, run_after=None
[2023-05-27T16:45:59.334+0000] {processor.py:175} INFO - Processing /home/airflow/.local/lib/python3.7/site-packages/airflow/example_dags/example_xcomargs.py took 0.092 seconds
[2023-05-27T16:46:29.733+0000] {processor.py:153} INFO - Started process (PID=621) to work on /home/airflow/.local/lib/python3.7/site-packages/airflow/example_dags/example_xcomargs.py
[2023-05-27T16:46:29.734+0000] {processor.py:743} INFO - Processing file /home/airflow/.local/lib/python3.7/site-packages/airflow/example_dags/example_xcomargs.py for tasks to queue
[2023-05-27T16:46:29.735+0000] {logging_mixin.py:137} INFO - [2023-05-27T16:46:29.735+0000] {dagbag.py:532} INFO - Filling up the DagBag from /home/airflow/.local/lib/python3.7/site-packages/airflow/example_dags/example_xcomargs.py
[2023-05-27T16:46:29.761+0000] {processor.py:753} INFO - DAG(s) dict_keys(['example_xcom_args', 'example_xcom_args_with_operators']) retrieved from /home/airflow/.local/lib/python3.7/site-packages/airflow/example_dags/example_xcomargs.py
[2023-05-27T16:46:29.791+0000] {logging_mixin.py:137} INFO - [2023-05-27T16:46:29.790+0000] {dag.py:2705} INFO - Sync 2 DAGs
[2023-05-27T16:46:29.813+0000] {logging_mixin.py:137} INFO - [2023-05-27T16:46:29.813+0000] {dag.py:3456} INFO - Setting next_dagrun for example_xcom_args to None, run_after=None
[2023-05-27T16:46:29.816+0000] {logging_mixin.py:137} INFO - [2023-05-27T16:46:29.815+0000] {dag.py:3456} INFO - Setting next_dagrun for example_xcom_args_with_operators to None, run_after=None
[2023-05-27T16:46:29.829+0000] {processor.py:175} INFO - Processing /home/airflow/.local/lib/python3.7/site-packages/airflow/example_dags/example_xcomargs.py took 0.100 seconds
[2023-05-27T16:47:00.177+0000] {processor.py:153} INFO - Started process (PID=678) to work on /home/airflow/.local/lib/python3.7/site-packages/airflow/example_dags/example_xcomargs.py
[2023-05-27T16:47:00.178+0000] {processor.py:743} INFO - Processing file /home/airflow/.local/lib/python3.7/site-packages/airflow/example_dags/example_xcomargs.py for tasks to queue
[2023-05-27T16:47:00.179+0000] {logging_mixin.py:137} INFO - [2023-05-27T16:47:00.179+0000] {dagbag.py:532} INFO - Filling up the DagBag from /home/airflow/.local/lib/python3.7/site-packages/airflow/example_dags/example_xcomargs.py
[2023-05-27T16:47:00.201+0000] {processor.py:753} INFO - DAG(s) dict_keys(['example_xcom_args', 'example_xcom_args_with_operators']) retrieved from /home/airflow/.local/lib/python3.7/site-packages/airflow/example_dags/example_xcomargs.py
[2023-05-27T16:47:00.230+0000] {logging_mixin.py:137} INFO - [2023-05-27T16:47:00.230+0000] {dag.py:2705} INFO - Sync 2 DAGs
[2023-05-27T16:47:00.252+0000] {logging_mixin.py:137} INFO - [2023-05-27T16:47:00.252+0000] {dag.py:3456} INFO - Setting next_dagrun for example_xcom_args to None, run_after=None
[2023-05-27T16:47:00.255+0000] {logging_mixin.py:137} INFO - [2023-05-27T16:47:00.255+0000] {dag.py:3456} INFO - Setting next_dagrun for example_xcom_args_with_operators to None, run_after=None
[2023-05-27T16:47:00.268+0000] {processor.py:175} INFO - Processing /home/airflow/.local/lib/python3.7/site-packages/airflow/example_dags/example_xcomargs.py took 0.095 seconds
[2023-05-27T16:47:31.069+0000] {processor.py:153} INFO - Started process (PID=735) to work on /home/airflow/.local/lib/python3.7/site-packages/airflow/example_dags/example_xcomargs.py
[2023-05-27T16:47:31.071+0000] {processor.py:743} INFO - Processing file /home/airflow/.local/lib/python3.7/site-packages/airflow/example_dags/example_xcomargs.py for tasks to queue
[2023-05-27T16:47:31.072+0000] {logging_mixin.py:137} INFO - [2023-05-27T16:47:31.072+0000] {dagbag.py:532} INFO - Filling up the DagBag from /home/airflow/.local/lib/python3.7/site-packages/airflow/example_dags/example_xcomargs.py
[2023-05-27T16:47:31.093+0000] {processor.py:753} INFO - DAG(s) dict_keys(['example_xcom_args', 'example_xcom_args_with_operators']) retrieved from /home/airflow/.local/lib/python3.7/site-packages/airflow/example_dags/example_xcomargs.py
[2023-05-27T16:47:31.129+0000] {logging_mixin.py:137} INFO - [2023-05-27T16:47:31.129+0000] {dag.py:2705} INFO - Sync 2 DAGs
[2023-05-27T16:47:31.151+0000] {logging_mixin.py:137} INFO - [2023-05-27T16:47:31.151+0000] {dag.py:3456} INFO - Setting next_dagrun for example_xcom_args to None, run_after=None
[2023-05-27T16:47:31.154+0000] {logging_mixin.py:137} INFO - [2023-05-27T16:47:31.154+0000] {dag.py:3456} INFO - Setting next_dagrun for example_xcom_args_with_operators to None, run_after=None
[2023-05-27T16:47:31.167+0000] {processor.py:175} INFO - Processing /home/airflow/.local/lib/python3.7/site-packages/airflow/example_dags/example_xcomargs.py took 0.101 seconds
[2023-05-27T16:48:01.768+0000] {processor.py:153} INFO - Started process (PID=792) to work on /home/airflow/.local/lib/python3.7/site-packages/airflow/example_dags/example_xcomargs.py
[2023-05-27T16:48:01.769+0000] {processor.py:743} INFO - Processing file /home/airflow/.local/lib/python3.7/site-packages/airflow/example_dags/example_xcomargs.py for tasks to queue
[2023-05-27T16:48:01.770+0000] {logging_mixin.py:137} INFO - [2023-05-27T16:48:01.770+0000] {dagbag.py:532} INFO - Filling up the DagBag from /home/airflow/.local/lib/python3.7/site-packages/airflow/example_dags/example_xcomargs.py
[2023-05-27T16:48:01.791+0000] {processor.py:753} INFO - DAG(s) dict_keys(['example_xcom_args_with_operators', 'example_xcom_args']) retrieved from /home/airflow/.local/lib/python3.7/site-packages/airflow/example_dags/example_xcomargs.py
[2023-05-27T16:48:01.818+0000] {logging_mixin.py:137} INFO - [2023-05-27T16:48:01.818+0000] {dag.py:2705} INFO - Sync 2 DAGs
[2023-05-27T16:48:01.839+0000] {logging_mixin.py:137} INFO - [2023-05-27T16:48:01.839+0000] {dag.py:3456} INFO - Setting next_dagrun for example_xcom_args to None, run_after=None
[2023-05-27T16:48:01.842+0000] {logging_mixin.py:137} INFO - [2023-05-27T16:48:01.842+0000] {dag.py:3456} INFO - Setting next_dagrun for example_xcom_args_with_operators to None, run_after=None
[2023-05-27T16:48:01.855+0000] {processor.py:175} INFO - Processing /home/airflow/.local/lib/python3.7/site-packages/airflow/example_dags/example_xcomargs.py took 0.091 seconds
[2023-05-27T16:48:32.215+0000] {processor.py:153} INFO - Started process (PID=849) to work on /home/airflow/.local/lib/python3.7/site-packages/airflow/example_dags/example_xcomargs.py
[2023-05-27T16:48:32.217+0000] {processor.py:743} INFO - Processing file /home/airflow/.local/lib/python3.7/site-packages/airflow/example_dags/example_xcomargs.py for tasks to queue
[2023-05-27T16:48:32.218+0000] {logging_mixin.py:137} INFO - [2023-05-27T16:48:32.217+0000] {dagbag.py:532} INFO - Filling up the DagBag from /home/airflow/.local/lib/python3.7/site-packages/airflow/example_dags/example_xcomargs.py
[2023-05-27T16:48:32.238+0000] {processor.py:753} INFO - DAG(s) dict_keys(['example_xcom_args', 'example_xcom_args_with_operators']) retrieved from /home/airflow/.local/lib/python3.7/site-packages/airflow/example_dags/example_xcomargs.py
[2023-05-27T16:48:32.265+0000] {logging_mixin.py:137} INFO - [2023-05-27T16:48:32.265+0000] {dag.py:2705} INFO - Sync 2 DAGs
[2023-05-27T16:48:32.287+0000] {logging_mixin.py:137} INFO - [2023-05-27T16:48:32.287+0000] {dag.py:3456} INFO - Setting next_dagrun for example_xcom_args to None, run_after=None
[2023-05-27T16:48:32.290+0000] {logging_mixin.py:137} INFO - [2023-05-27T16:48:32.290+0000] {dag.py:3456} INFO - Setting next_dagrun for example_xcom_args_with_operators to None, run_after=None
[2023-05-27T16:48:32.302+0000] {processor.py:175} INFO - Processing /home/airflow/.local/lib/python3.7/site-packages/airflow/example_dags/example_xcomargs.py took 0.090 seconds
[2023-05-27T16:49:03.019+0000] {processor.py:153} INFO - Started process (PID=906) to work on /home/airflow/.local/lib/python3.7/site-packages/airflow/example_dags/example_xcomargs.py
[2023-05-27T16:49:03.024+0000] {processor.py:743} INFO - Processing file /home/airflow/.local/lib/python3.7/site-packages/airflow/example_dags/example_xcomargs.py for tasks to queue
[2023-05-27T16:49:03.025+0000] {logging_mixin.py:137} INFO - [2023-05-27T16:49:03.025+0000] {dagbag.py:532} INFO - Filling up the DagBag from /home/airflow/.local/lib/python3.7/site-packages/airflow/example_dags/example_xcomargs.py
[2023-05-27T16:49:03.046+0000] {processor.py:753} INFO - DAG(s) dict_keys(['example_xcom_args_with_operators', 'example_xcom_args']) retrieved from /home/airflow/.local/lib/python3.7/site-packages/airflow/example_dags/example_xcomargs.py
[2023-05-27T16:49:03.075+0000] {logging_mixin.py:137} INFO - [2023-05-27T16:49:03.075+0000] {dag.py:2705} INFO - Sync 2 DAGs
[2023-05-27T16:49:03.095+0000] {logging_mixin.py:137} INFO - [2023-05-27T16:49:03.095+0000] {dag.py:3456} INFO - Setting next_dagrun for example_xcom_args to None, run_after=None
[2023-05-27T16:49:03.098+0000] {logging_mixin.py:137} INFO - [2023-05-27T16:49:03.098+0000] {dag.py:3456} INFO - Setting next_dagrun for example_xcom_args_with_operators to None, run_after=None
[2023-05-27T16:49:03.110+0000] {processor.py:175} INFO - Processing /home/airflow/.local/lib/python3.7/site-packages/airflow/example_dags/example_xcomargs.py took 0.095 seconds
[2023-05-27T16:49:33.490+0000] {processor.py:153} INFO - Started process (PID=963) to work on /home/airflow/.local/lib/python3.7/site-packages/airflow/example_dags/example_xcomargs.py
[2023-05-27T16:49:33.492+0000] {processor.py:743} INFO - Processing file /home/airflow/.local/lib/python3.7/site-packages/airflow/example_dags/example_xcomargs.py for tasks to queue
[2023-05-27T16:49:33.493+0000] {logging_mixin.py:137} INFO - [2023-05-27T16:49:33.493+0000] {dagbag.py:532} INFO - Filling up the DagBag from /home/airflow/.local/lib/python3.7/site-packages/airflow/example_dags/example_xcomargs.py
[2023-05-27T16:49:33.516+0000] {processor.py:753} INFO - DAG(s) dict_keys(['example_xcom_args_with_operators', 'example_xcom_args']) retrieved from /home/airflow/.local/lib/python3.7/site-packages/airflow/example_dags/example_xcomargs.py
[2023-05-27T16:49:33.544+0000] {logging_mixin.py:137} INFO - [2023-05-27T16:49:33.544+0000] {dag.py:2705} INFO - Sync 2 DAGs
[2023-05-27T16:49:33.565+0000] {logging_mixin.py:137} INFO - [2023-05-27T16:49:33.565+0000] {dag.py:3456} INFO - Setting next_dagrun for example_xcom_args to None, run_after=None
[2023-05-27T16:49:33.567+0000] {logging_mixin.py:137} INFO - [2023-05-27T16:49:33.567+0000] {dag.py:3456} INFO - Setting next_dagrun for example_xcom_args_with_operators to None, run_after=None
[2023-05-27T16:49:33.580+0000] {processor.py:175} INFO - Processing /home/airflow/.local/lib/python3.7/site-packages/airflow/example_dags/example_xcomargs.py took 0.093 seconds
[2023-05-27T16:50:03.874+0000] {processor.py:153} INFO - Started process (PID=1020) to work on /home/airflow/.local/lib/python3.7/site-packages/airflow/example_dags/example_xcomargs.py
[2023-05-27T16:50:03.875+0000] {processor.py:743} INFO - Processing file /home/airflow/.local/lib/python3.7/site-packages/airflow/example_dags/example_xcomargs.py for tasks to queue
[2023-05-27T16:50:03.876+0000] {logging_mixin.py:137} INFO - [2023-05-27T16:50:03.876+0000] {dagbag.py:532} INFO - Filling up the DagBag from /home/airflow/.local/lib/python3.7/site-packages/airflow/example_dags/example_xcomargs.py
[2023-05-27T16:50:03.899+0000] {processor.py:753} INFO - DAG(s) dict_keys(['example_xcom_args_with_operators', 'example_xcom_args']) retrieved from /home/airflow/.local/lib/python3.7/site-packages/airflow/example_dags/example_xcomargs.py
[2023-05-27T16:50:03.928+0000] {logging_mixin.py:137} INFO - [2023-05-27T16:50:03.928+0000] {dag.py:2705} INFO - Sync 2 DAGs
[2023-05-27T16:50:03.951+0000] {logging_mixin.py:137} INFO - [2023-05-27T16:50:03.951+0000] {dag.py:3456} INFO - Setting next_dagrun for example_xcom_args to None, run_after=None
[2023-05-27T16:50:03.954+0000] {logging_mixin.py:137} INFO - [2023-05-27T16:50:03.954+0000] {dag.py:3456} INFO - Setting next_dagrun for example_xcom_args_with_operators to None, run_after=None
[2023-05-27T16:50:03.967+0000] {processor.py:175} INFO - Processing /home/airflow/.local/lib/python3.7/site-packages/airflow/example_dags/example_xcomargs.py took 0.097 seconds
[2023-05-27T16:50:34.054+0000] {processor.py:153} INFO - Started process (PID=1077) to work on /home/airflow/.local/lib/python3.7/site-packages/airflow/example_dags/example_xcomargs.py
[2023-05-27T16:50:34.055+0000] {processor.py:743} INFO - Processing file /home/airflow/.local/lib/python3.7/site-packages/airflow/example_dags/example_xcomargs.py for tasks to queue
[2023-05-27T16:50:34.055+0000] {logging_mixin.py:137} INFO - [2023-05-27T16:50:34.055+0000] {dagbag.py:532} INFO - Filling up the DagBag from /home/airflow/.local/lib/python3.7/site-packages/airflow/example_dags/example_xcomargs.py
[2023-05-27T16:50:34.077+0000] {processor.py:753} INFO - DAG(s) dict_keys(['example_xcom_args', 'example_xcom_args_with_operators']) retrieved from /home/airflow/.local/lib/python3.7/site-packages/airflow/example_dags/example_xcomargs.py
[2023-05-27T16:50:34.106+0000] {logging_mixin.py:137} INFO - [2023-05-27T16:50:34.106+0000] {dag.py:2705} INFO - Sync 2 DAGs
[2023-05-27T16:50:34.127+0000] {logging_mixin.py:137} INFO - [2023-05-27T16:50:34.127+0000] {dag.py:3456} INFO - Setting next_dagrun for example_xcom_args to None, run_after=None
[2023-05-27T16:50:34.130+0000] {logging_mixin.py:137} INFO - [2023-05-27T16:50:34.130+0000] {dag.py:3456} INFO - Setting next_dagrun for example_xcom_args_with_operators to None, run_after=None
[2023-05-27T16:50:34.143+0000] {processor.py:175} INFO - Processing /home/airflow/.local/lib/python3.7/site-packages/airflow/example_dags/example_xcomargs.py took 0.094 seconds
[2023-05-27T16:51:04.291+0000] {processor.py:153} INFO - Started process (PID=1134) to work on /home/airflow/.local/lib/python3.7/site-packages/airflow/example_dags/example_xcomargs.py
[2023-05-27T16:51:04.292+0000] {processor.py:743} INFO - Processing file /home/airflow/.local/lib/python3.7/site-packages/airflow/example_dags/example_xcomargs.py for tasks to queue
[2023-05-27T16:51:04.293+0000] {logging_mixin.py:137} INFO - [2023-05-27T16:51:04.293+0000] {dagbag.py:532} INFO - Filling up the DagBag from /home/airflow/.local/lib/python3.7/site-packages/airflow/example_dags/example_xcomargs.py
[2023-05-27T16:51:04.315+0000] {processor.py:753} INFO - DAG(s) dict_keys(['example_xcom_args', 'example_xcom_args_with_operators']) retrieved from /home/airflow/.local/lib/python3.7/site-packages/airflow/example_dags/example_xcomargs.py
[2023-05-27T16:51:04.344+0000] {logging_mixin.py:137} INFO - [2023-05-27T16:51:04.344+0000] {dag.py:2705} INFO - Sync 2 DAGs
[2023-05-27T16:51:04.365+0000] {logging_mixin.py:137} INFO - [2023-05-27T16:51:04.365+0000] {dag.py:3456} INFO - Setting next_dagrun for example_xcom_args to None, run_after=None
[2023-05-27T16:51:04.368+0000] {logging_mixin.py:137} INFO - [2023-05-27T16:51:04.368+0000] {dag.py:3456} INFO - Setting next_dagrun for example_xcom_args_with_operators to None, run_after=None
[2023-05-27T16:51:04.381+0000] {processor.py:175} INFO - Processing /home/airflow/.local/lib/python3.7/site-packages/airflow/example_dags/example_xcomargs.py took 0.094 seconds
[2023-05-27T16:51:34.443+0000] {processor.py:153} INFO - Started process (PID=1191) to work on /home/airflow/.local/lib/python3.7/site-packages/airflow/example_dags/example_xcomargs.py
[2023-05-27T16:51:34.444+0000] {processor.py:743} INFO - Processing file /home/airflow/.local/lib/python3.7/site-packages/airflow/example_dags/example_xcomargs.py for tasks to queue
[2023-05-27T16:51:34.445+0000] {logging_mixin.py:137} INFO - [2023-05-27T16:51:34.445+0000] {dagbag.py:532} INFO - Filling up the DagBag from /home/airflow/.local/lib/python3.7/site-packages/airflow/example_dags/example_xcomargs.py
[2023-05-27T16:51:34.467+0000] {processor.py:753} INFO - DAG(s) dict_keys(['example_xcom_args', 'example_xcom_args_with_operators']) retrieved from /home/airflow/.local/lib/python3.7/site-packages/airflow/example_dags/example_xcomargs.py
[2023-05-27T16:51:34.496+0000] {logging_mixin.py:137} INFO - [2023-05-27T16:51:34.496+0000] {dag.py:2705} INFO - Sync 2 DAGs
[2023-05-27T16:51:34.517+0000] {logging_mixin.py:137} INFO - [2023-05-27T16:51:34.517+0000] {dag.py:3456} INFO - Setting next_dagrun for example_xcom_args to None, run_after=None
[2023-05-27T16:51:34.520+0000] {logging_mixin.py:137} INFO - [2023-05-27T16:51:34.520+0000] {dag.py:3456} INFO - Setting next_dagrun for example_xcom_args_with_operators to None, run_after=None
[2023-05-27T16:51:34.537+0000] {processor.py:175} INFO - Processing /home/airflow/.local/lib/python3.7/site-packages/airflow/example_dags/example_xcomargs.py took 0.097 seconds
[2023-05-27T16:52:04.763+0000] {processor.py:153} INFO - Started process (PID=1248) to work on /home/airflow/.local/lib/python3.7/site-packages/airflow/example_dags/example_xcomargs.py
[2023-05-27T16:52:04.764+0000] {processor.py:743} INFO - Processing file /home/airflow/.local/lib/python3.7/site-packages/airflow/example_dags/example_xcomargs.py for tasks to queue
[2023-05-27T16:52:04.765+0000] {logging_mixin.py:137} INFO - [2023-05-27T16:52:04.765+0000] {dagbag.py:532} INFO - Filling up the DagBag from /home/airflow/.local/lib/python3.7/site-packages/airflow/example_dags/example_xcomargs.py
[2023-05-27T16:52:04.793+0000] {processor.py:753} INFO - DAG(s) dict_keys(['example_xcom_args', 'example_xcom_args_with_operators']) retrieved from /home/airflow/.local/lib/python3.7/site-packages/airflow/example_dags/example_xcomargs.py
[2023-05-27T16:52:04.827+0000] {logging_mixin.py:137} INFO - [2023-05-27T16:52:04.827+0000] {dag.py:2705} INFO - Sync 2 DAGs
[2023-05-27T16:52:04.853+0000] {logging_mixin.py:137} INFO - [2023-05-27T16:52:04.852+0000] {dag.py:3456} INFO - Setting next_dagrun for example_xcom_args to None, run_after=None
[2023-05-27T16:52:04.857+0000] {logging_mixin.py:137} INFO - [2023-05-27T16:52:04.856+0000] {dag.py:3456} INFO - Setting next_dagrun for example_xcom_args_with_operators to None, run_after=None
[2023-05-27T16:52:04.871+0000] {processor.py:175} INFO - Processing /home/airflow/.local/lib/python3.7/site-packages/airflow/example_dags/example_xcomargs.py took 0.112 seconds
[2023-05-27T16:52:35.442+0000] {processor.py:153} INFO - Started process (PID=1305) to work on /home/airflow/.local/lib/python3.7/site-packages/airflow/example_dags/example_xcomargs.py
[2023-05-27T16:52:35.443+0000] {processor.py:743} INFO - Processing file /home/airflow/.local/lib/python3.7/site-packages/airflow/example_dags/example_xcomargs.py for tasks to queue
[2023-05-27T16:52:35.444+0000] {logging_mixin.py:137} INFO - [2023-05-27T16:52:35.444+0000] {dagbag.py:532} INFO - Filling up the DagBag from /home/airflow/.local/lib/python3.7/site-packages/airflow/example_dags/example_xcomargs.py
[2023-05-27T16:52:35.471+0000] {processor.py:753} INFO - DAG(s) dict_keys(['example_xcom_args_with_operators', 'example_xcom_args']) retrieved from /home/airflow/.local/lib/python3.7/site-packages/airflow/example_dags/example_xcomargs.py
[2023-05-27T16:52:35.503+0000] {logging_mixin.py:137} INFO - [2023-05-27T16:52:35.503+0000] {dag.py:2705} INFO - Sync 2 DAGs
[2023-05-27T16:52:35.526+0000] {logging_mixin.py:137} INFO - [2023-05-27T16:52:35.526+0000] {dag.py:3456} INFO - Setting next_dagrun for example_xcom_args to None, run_after=None
[2023-05-27T16:52:35.530+0000] {logging_mixin.py:137} INFO - [2023-05-27T16:52:35.530+0000] {dag.py:3456} INFO - Setting next_dagrun for example_xcom_args_with_operators to None, run_after=None
[2023-05-27T16:52:35.543+0000] {processor.py:175} INFO - Processing /home/airflow/.local/lib/python3.7/site-packages/airflow/example_dags/example_xcomargs.py took 0.104 seconds
[2023-05-27T16:53:05.705+0000] {processor.py:153} INFO - Started process (PID=1362) to work on /home/airflow/.local/lib/python3.7/site-packages/airflow/example_dags/example_xcomargs.py
[2023-05-27T16:53:05.707+0000] {processor.py:743} INFO - Processing file /home/airflow/.local/lib/python3.7/site-packages/airflow/example_dags/example_xcomargs.py for tasks to queue
[2023-05-27T16:53:05.708+0000] {logging_mixin.py:137} INFO - [2023-05-27T16:53:05.708+0000] {dagbag.py:532} INFO - Filling up the DagBag from /home/airflow/.local/lib/python3.7/site-packages/airflow/example_dags/example_xcomargs.py
[2023-05-27T16:53:05.730+0000] {processor.py:753} INFO - DAG(s) dict_keys(['example_xcom_args_with_operators', 'example_xcom_args']) retrieved from /home/airflow/.local/lib/python3.7/site-packages/airflow/example_dags/example_xcomargs.py
[2023-05-27T16:53:05.759+0000] {logging_mixin.py:137} INFO - [2023-05-27T16:53:05.759+0000] {dag.py:2705} INFO - Sync 2 DAGs
[2023-05-27T16:53:05.779+0000] {logging_mixin.py:137} INFO - [2023-05-27T16:53:05.779+0000] {dag.py:3456} INFO - Setting next_dagrun for example_xcom_args to None, run_after=None
[2023-05-27T16:53:05.782+0000] {logging_mixin.py:137} INFO - [2023-05-27T16:53:05.782+0000] {dag.py:3456} INFO - Setting next_dagrun for example_xcom_args_with_operators to None, run_after=None
[2023-05-27T16:53:05.796+0000] {processor.py:175} INFO - Processing /home/airflow/.local/lib/python3.7/site-packages/airflow/example_dags/example_xcomargs.py took 0.094 seconds
[2023-05-27T16:53:36.044+0000] {processor.py:153} INFO - Started process (PID=1419) to work on /home/airflow/.local/lib/python3.7/site-packages/airflow/example_dags/example_xcomargs.py
[2023-05-27T16:53:36.046+0000] {processor.py:743} INFO - Processing file /home/airflow/.local/lib/python3.7/site-packages/airflow/example_dags/example_xcomargs.py for tasks to queue
[2023-05-27T16:53:36.047+0000] {logging_mixin.py:137} INFO - [2023-05-27T16:53:36.046+0000] {dagbag.py:532} INFO - Filling up the DagBag from /home/airflow/.local/lib/python3.7/site-packages/airflow/example_dags/example_xcomargs.py
[2023-05-27T16:53:36.072+0000] {processor.py:753} INFO - DAG(s) dict_keys(['example_xcom_args_with_operators', 'example_xcom_args']) retrieved from /home/airflow/.local/lib/python3.7/site-packages/airflow/example_dags/example_xcomargs.py
[2023-05-27T16:53:36.114+0000] {logging_mixin.py:137} INFO - [2023-05-27T16:53:36.113+0000] {dag.py:2705} INFO - Sync 2 DAGs
[2023-05-27T16:53:36.154+0000] {logging_mixin.py:137} INFO - [2023-05-27T16:53:36.154+0000] {dag.py:3456} INFO - Setting next_dagrun for example_xcom_args to None, run_after=None
[2023-05-27T16:53:36.159+0000] {logging_mixin.py:137} INFO - [2023-05-27T16:53:36.159+0000] {dag.py:3456} INFO - Setting next_dagrun for example_xcom_args_with_operators to None, run_after=None
[2023-05-27T16:53:36.177+0000] {processor.py:175} INFO - Processing /home/airflow/.local/lib/python3.7/site-packages/airflow/example_dags/example_xcomargs.py took 0.138 seconds
[2023-05-27T16:54:06.260+0000] {processor.py:153} INFO - Started process (PID=1476) to work on /home/airflow/.local/lib/python3.7/site-packages/airflow/example_dags/example_xcomargs.py
[2023-05-27T16:54:06.262+0000] {processor.py:743} INFO - Processing file /home/airflow/.local/lib/python3.7/site-packages/airflow/example_dags/example_xcomargs.py for tasks to queue
[2023-05-27T16:54:06.262+0000] {logging_mixin.py:137} INFO - [2023-05-27T16:54:06.262+0000] {dagbag.py:532} INFO - Filling up the DagBag from /home/airflow/.local/lib/python3.7/site-packages/airflow/example_dags/example_xcomargs.py
[2023-05-27T16:54:06.286+0000] {processor.py:753} INFO - DAG(s) dict_keys(['example_xcom_args_with_operators', 'example_xcom_args']) retrieved from /home/airflow/.local/lib/python3.7/site-packages/airflow/example_dags/example_xcomargs.py
[2023-05-27T16:54:06.314+0000] {logging_mixin.py:137} INFO - [2023-05-27T16:54:06.314+0000] {dag.py:2705} INFO - Sync 2 DAGs
[2023-05-27T16:54:06.336+0000] {logging_mixin.py:137} INFO - [2023-05-27T16:54:06.336+0000] {dag.py:3456} INFO - Setting next_dagrun for example_xcom_args to None, run_after=None
[2023-05-27T16:54:06.339+0000] {logging_mixin.py:137} INFO - [2023-05-27T16:54:06.339+0000] {dag.py:3456} INFO - Setting next_dagrun for example_xcom_args_with_operators to None, run_after=None
[2023-05-27T16:54:06.351+0000] {processor.py:175} INFO - Processing /home/airflow/.local/lib/python3.7/site-packages/airflow/example_dags/example_xcomargs.py took 0.095 seconds
[2023-05-27T16:54:36.432+0000] {processor.py:153} INFO - Started process (PID=1533) to work on /home/airflow/.local/lib/python3.7/site-packages/airflow/example_dags/example_xcomargs.py
[2023-05-27T16:54:36.433+0000] {processor.py:743} INFO - Processing file /home/airflow/.local/lib/python3.7/site-packages/airflow/example_dags/example_xcomargs.py for tasks to queue
[2023-05-27T16:54:36.435+0000] {logging_mixin.py:137} INFO - [2023-05-27T16:54:36.434+0000] {dagbag.py:532} INFO - Filling up the DagBag from /home/airflow/.local/lib/python3.7/site-packages/airflow/example_dags/example_xcomargs.py
[2023-05-27T16:54:36.459+0000] {processor.py:753} INFO - DAG(s) dict_keys(['example_xcom_args_with_operators', 'example_xcom_args']) retrieved from /home/airflow/.local/lib/python3.7/site-packages/airflow/example_dags/example_xcomargs.py
[2023-05-27T16:54:36.490+0000] {logging_mixin.py:137} INFO - [2023-05-27T16:54:36.490+0000] {dag.py:2705} INFO - Sync 2 DAGs
[2023-05-27T16:54:36.512+0000] {logging_mixin.py:137} INFO - [2023-05-27T16:54:36.512+0000] {dag.py:3456} INFO - Setting next_dagrun for example_xcom_args to None, run_after=None
[2023-05-27T16:54:36.515+0000] {logging_mixin.py:137} INFO - [2023-05-27T16:54:36.515+0000] {dag.py:3456} INFO - Setting next_dagrun for example_xcom_args_with_operators to None, run_after=None
[2023-05-27T16:54:36.528+0000] {processor.py:175} INFO - Processing /home/airflow/.local/lib/python3.7/site-packages/airflow/example_dags/example_xcomargs.py took 0.100 seconds
[2023-05-27T16:55:06.818+0000] {processor.py:153} INFO - Started process (PID=1590) to work on /home/airflow/.local/lib/python3.7/site-packages/airflow/example_dags/example_xcomargs.py
[2023-05-27T16:55:06.820+0000] {processor.py:743} INFO - Processing file /home/airflow/.local/lib/python3.7/site-packages/airflow/example_dags/example_xcomargs.py for tasks to queue
[2023-05-27T16:55:06.821+0000] {logging_mixin.py:137} INFO - [2023-05-27T16:55:06.821+0000] {dagbag.py:532} INFO - Filling up the DagBag from /home/airflow/.local/lib/python3.7/site-packages/airflow/example_dags/example_xcomargs.py
[2023-05-27T16:55:06.845+0000] {processor.py:753} INFO - DAG(s) dict_keys(['example_xcom_args', 'example_xcom_args_with_operators']) retrieved from /home/airflow/.local/lib/python3.7/site-packages/airflow/example_dags/example_xcomargs.py
[2023-05-27T16:55:06.880+0000] {logging_mixin.py:137} INFO - [2023-05-27T16:55:06.880+0000] {dag.py:2705} INFO - Sync 2 DAGs
[2023-05-27T16:55:06.904+0000] {logging_mixin.py:137} INFO - [2023-05-27T16:55:06.904+0000] {dag.py:3456} INFO - Setting next_dagrun for example_xcom_args to None, run_after=None
[2023-05-27T16:55:06.907+0000] {logging_mixin.py:137} INFO - [2023-05-27T16:55:06.907+0000] {dag.py:3456} INFO - Setting next_dagrun for example_xcom_args_with_operators to None, run_after=None
[2023-05-27T16:55:06.924+0000] {processor.py:175} INFO - Processing /home/airflow/.local/lib/python3.7/site-packages/airflow/example_dags/example_xcomargs.py took 0.110 seconds
[2023-05-27T16:55:37.848+0000] {processor.py:153} INFO - Started process (PID=1647) to work on /home/airflow/.local/lib/python3.7/site-packages/airflow/example_dags/example_xcomargs.py
[2023-05-27T16:55:37.849+0000] {processor.py:743} INFO - Processing file /home/airflow/.local/lib/python3.7/site-packages/airflow/example_dags/example_xcomargs.py for tasks to queue
[2023-05-27T16:55:37.850+0000] {logging_mixin.py:137} INFO - [2023-05-27T16:55:37.850+0000] {dagbag.py:532} INFO - Filling up the DagBag from /home/airflow/.local/lib/python3.7/site-packages/airflow/example_dags/example_xcomargs.py
[2023-05-27T16:55:37.881+0000] {processor.py:753} INFO - DAG(s) dict_keys(['example_xcom_args', 'example_xcom_args_with_operators']) retrieved from /home/airflow/.local/lib/python3.7/site-packages/airflow/example_dags/example_xcomargs.py
[2023-05-27T16:55:37.915+0000] {logging_mixin.py:137} INFO - [2023-05-27T16:55:37.914+0000] {dag.py:2705} INFO - Sync 2 DAGs
[2023-05-27T16:55:37.939+0000] {logging_mixin.py:137} INFO - [2023-05-27T16:55:37.938+0000] {dag.py:3456} INFO - Setting next_dagrun for example_xcom_args to None, run_after=None
[2023-05-27T16:55:37.942+0000] {logging_mixin.py:137} INFO - [2023-05-27T16:55:37.942+0000] {dag.py:3456} INFO - Setting next_dagrun for example_xcom_args_with_operators to None, run_after=None
[2023-05-27T16:55:37.955+0000] {processor.py:175} INFO - Processing /home/airflow/.local/lib/python3.7/site-packages/airflow/example_dags/example_xcomargs.py took 0.112 seconds
[2023-05-27T16:56:08.645+0000] {processor.py:153} INFO - Started process (PID=1704) to work on /home/airflow/.local/lib/python3.7/site-packages/airflow/example_dags/example_xcomargs.py
[2023-05-27T16:56:08.647+0000] {processor.py:743} INFO - Processing file /home/airflow/.local/lib/python3.7/site-packages/airflow/example_dags/example_xcomargs.py for tasks to queue
[2023-05-27T16:56:08.648+0000] {logging_mixin.py:137} INFO - [2023-05-27T16:56:08.648+0000] {dagbag.py:532} INFO - Filling up the DagBag from /home/airflow/.local/lib/python3.7/site-packages/airflow/example_dags/example_xcomargs.py
[2023-05-27T16:56:08.673+0000] {processor.py:753} INFO - DAG(s) dict_keys(['example_xcom_args_with_operators', 'example_xcom_args']) retrieved from /home/airflow/.local/lib/python3.7/site-packages/airflow/example_dags/example_xcomargs.py
[2023-05-27T16:56:08.705+0000] {logging_mixin.py:137} INFO - [2023-05-27T16:56:08.705+0000] {dag.py:2705} INFO - Sync 2 DAGs
[2023-05-27T16:56:08.727+0000] {logging_mixin.py:137} INFO - [2023-05-27T16:56:08.727+0000] {dag.py:3456} INFO - Setting next_dagrun for example_xcom_args to None, run_after=None
[2023-05-27T16:56:08.731+0000] {logging_mixin.py:137} INFO - [2023-05-27T16:56:08.730+0000] {dag.py:3456} INFO - Setting next_dagrun for example_xcom_args_with_operators to None, run_after=None
[2023-05-27T16:56:08.745+0000] {processor.py:175} INFO - Processing /home/airflow/.local/lib/python3.7/site-packages/airflow/example_dags/example_xcomargs.py took 0.103 seconds
[2023-05-27T16:56:38.980+0000] {processor.py:153} INFO - Started process (PID=1760) to work on /home/airflow/.local/lib/python3.7/site-packages/airflow/example_dags/example_xcomargs.py
[2023-05-27T16:56:38.982+0000] {processor.py:743} INFO - Processing file /home/airflow/.local/lib/python3.7/site-packages/airflow/example_dags/example_xcomargs.py for tasks to queue
[2023-05-27T16:56:38.983+0000] {logging_mixin.py:137} INFO - [2023-05-27T16:56:38.983+0000] {dagbag.py:532} INFO - Filling up the DagBag from /home/airflow/.local/lib/python3.7/site-packages/airflow/example_dags/example_xcomargs.py
[2023-05-27T16:56:39.008+0000] {processor.py:753} INFO - DAG(s) dict_keys(['example_xcom_args_with_operators', 'example_xcom_args']) retrieved from /home/airflow/.local/lib/python3.7/site-packages/airflow/example_dags/example_xcomargs.py
[2023-05-27T16:56:39.039+0000] {logging_mixin.py:137} INFO - [2023-05-27T16:56:39.039+0000] {dag.py:2705} INFO - Sync 2 DAGs
[2023-05-27T16:56:39.062+0000] {logging_mixin.py:137} INFO - [2023-05-27T16:56:39.062+0000] {dag.py:3456} INFO - Setting next_dagrun for example_xcom_args to None, run_after=None
[2023-05-27T16:56:39.065+0000] {logging_mixin.py:137} INFO - [2023-05-27T16:56:39.065+0000] {dag.py:3456} INFO - Setting next_dagrun for example_xcom_args_with_operators to None, run_after=None
[2023-05-27T16:56:39.079+0000] {processor.py:175} INFO - Processing /home/airflow/.local/lib/python3.7/site-packages/airflow/example_dags/example_xcomargs.py took 0.104 seconds
[2023-05-27T16:57:09.970+0000] {processor.py:153} INFO - Started process (PID=1817) to work on /home/airflow/.local/lib/python3.7/site-packages/airflow/example_dags/example_xcomargs.py
[2023-05-27T16:57:09.972+0000] {processor.py:743} INFO - Processing file /home/airflow/.local/lib/python3.7/site-packages/airflow/example_dags/example_xcomargs.py for tasks to queue
[2023-05-27T16:57:09.973+0000] {logging_mixin.py:137} INFO - [2023-05-27T16:57:09.973+0000] {dagbag.py:532} INFO - Filling up the DagBag from /home/airflow/.local/lib/python3.7/site-packages/airflow/example_dags/example_xcomargs.py
[2023-05-27T16:57:10.000+0000] {processor.py:753} INFO - DAG(s) dict_keys(['example_xcom_args', 'example_xcom_args_with_operators']) retrieved from /home/airflow/.local/lib/python3.7/site-packages/airflow/example_dags/example_xcomargs.py
[2023-05-27T16:57:10.028+0000] {logging_mixin.py:137} INFO - [2023-05-27T16:57:10.028+0000] {dag.py:2705} INFO - Sync 2 DAGs
[2023-05-27T16:57:10.049+0000] {logging_mixin.py:137} INFO - [2023-05-27T16:57:10.049+0000] {dag.py:3456} INFO - Setting next_dagrun for example_xcom_args to None, run_after=None
[2023-05-27T16:57:10.052+0000] {logging_mixin.py:137} INFO - [2023-05-27T16:57:10.052+0000] {dag.py:3456} INFO - Setting next_dagrun for example_xcom_args_with_operators to None, run_after=None
[2023-05-27T16:57:10.064+0000] {processor.py:175} INFO - Processing /home/airflow/.local/lib/python3.7/site-packages/airflow/example_dags/example_xcomargs.py took 0.097 seconds
[2023-05-27T16:57:41.441+0000] {processor.py:153} INFO - Started process (PID=1874) to work on /home/airflow/.local/lib/python3.7/site-packages/airflow/example_dags/example_xcomargs.py
[2023-05-27T16:57:41.455+0000] {processor.py:743} INFO - Processing file /home/airflow/.local/lib/python3.7/site-packages/airflow/example_dags/example_xcomargs.py for tasks to queue
[2023-05-27T16:57:41.459+0000] {logging_mixin.py:137} INFO - [2023-05-27T16:57:41.459+0000] {dagbag.py:532} INFO - Filling up the DagBag from /home/airflow/.local/lib/python3.7/site-packages/airflow/example_dags/example_xcomargs.py
[2023-05-27T16:57:41.561+0000] {processor.py:753} INFO - DAG(s) dict_keys(['example_xcom_args_with_operators', 'example_xcom_args']) retrieved from /home/airflow/.local/lib/python3.7/site-packages/airflow/example_dags/example_xcomargs.py
[2023-05-27T16:57:41.808+0000] {logging_mixin.py:137} INFO - [2023-05-27T16:57:41.808+0000] {dag.py:2705} INFO - Sync 2 DAGs
[2023-05-27T16:57:41.922+0000] {logging_mixin.py:137} INFO - [2023-05-27T16:57:41.922+0000] {dag.py:3456} INFO - Setting next_dagrun for example_xcom_args to None, run_after=None
[2023-05-27T16:57:41.934+0000] {logging_mixin.py:137} INFO - [2023-05-27T16:57:41.933+0000] {dag.py:3456} INFO - Setting next_dagrun for example_xcom_args_with_operators to None, run_after=None
[2023-05-27T16:57:42.003+0000] {processor.py:175} INFO - Processing /home/airflow/.local/lib/python3.7/site-packages/airflow/example_dags/example_xcomargs.py took 0.574 seconds
[2023-05-27T16:58:12.231+0000] {processor.py:153} INFO - Started process (PID=1931) to work on /home/airflow/.local/lib/python3.7/site-packages/airflow/example_dags/example_xcomargs.py
[2023-05-27T16:58:12.232+0000] {processor.py:743} INFO - Processing file /home/airflow/.local/lib/python3.7/site-packages/airflow/example_dags/example_xcomargs.py for tasks to queue
[2023-05-27T16:58:12.233+0000] {logging_mixin.py:137} INFO - [2023-05-27T16:58:12.233+0000] {dagbag.py:532} INFO - Filling up the DagBag from /home/airflow/.local/lib/python3.7/site-packages/airflow/example_dags/example_xcomargs.py
[2023-05-27T16:58:12.255+0000] {processor.py:753} INFO - DAG(s) dict_keys(['example_xcom_args', 'example_xcom_args_with_operators']) retrieved from /home/airflow/.local/lib/python3.7/site-packages/airflow/example_dags/example_xcomargs.py
[2023-05-27T16:58:12.282+0000] {logging_mixin.py:137} INFO - [2023-05-27T16:58:12.282+0000] {dag.py:2705} INFO - Sync 2 DAGs
[2023-05-27T16:58:12.303+0000] {logging_mixin.py:137} INFO - [2023-05-27T16:58:12.302+0000] {dag.py:3456} INFO - Setting next_dagrun for example_xcom_args to None, run_after=None
[2023-05-27T16:58:12.306+0000] {logging_mixin.py:137} INFO - [2023-05-27T16:58:12.305+0000] {dag.py:3456} INFO - Setting next_dagrun for example_xcom_args_with_operators to None, run_after=None
[2023-05-27T16:58:12.319+0000] {processor.py:175} INFO - Processing /home/airflow/.local/lib/python3.7/site-packages/airflow/example_dags/example_xcomargs.py took 0.091 seconds
[2023-05-27T16:58:42.840+0000] {processor.py:153} INFO - Started process (PID=1988) to work on /home/airflow/.local/lib/python3.7/site-packages/airflow/example_dags/example_xcomargs.py
[2023-05-27T16:58:42.842+0000] {processor.py:743} INFO - Processing file /home/airflow/.local/lib/python3.7/site-packages/airflow/example_dags/example_xcomargs.py for tasks to queue
[2023-05-27T16:58:42.843+0000] {logging_mixin.py:137} INFO - [2023-05-27T16:58:42.842+0000] {dagbag.py:532} INFO - Filling up the DagBag from /home/airflow/.local/lib/python3.7/site-packages/airflow/example_dags/example_xcomargs.py
[2023-05-27T16:58:42.864+0000] {processor.py:753} INFO - DAG(s) dict_keys(['example_xcom_args_with_operators', 'example_xcom_args']) retrieved from /home/airflow/.local/lib/python3.7/site-packages/airflow/example_dags/example_xcomargs.py
[2023-05-27T16:58:42.891+0000] {logging_mixin.py:137} INFO - [2023-05-27T16:58:42.891+0000] {dag.py:2705} INFO - Sync 2 DAGs
[2023-05-27T16:58:42.912+0000] {logging_mixin.py:137} INFO - [2023-05-27T16:58:42.912+0000] {dag.py:3456} INFO - Setting next_dagrun for example_xcom_args to None, run_after=None
[2023-05-27T16:58:42.915+0000] {logging_mixin.py:137} INFO - [2023-05-27T16:58:42.915+0000] {dag.py:3456} INFO - Setting next_dagrun for example_xcom_args_with_operators to None, run_after=None
[2023-05-27T16:58:42.930+0000] {processor.py:175} INFO - Processing /home/airflow/.local/lib/python3.7/site-packages/airflow/example_dags/example_xcomargs.py took 0.093 seconds
[2023-05-27T16:59:13.546+0000] {processor.py:153} INFO - Started process (PID=2045) to work on /home/airflow/.local/lib/python3.7/site-packages/airflow/example_dags/example_xcomargs.py
[2023-05-27T16:59:13.548+0000] {processor.py:743} INFO - Processing file /home/airflow/.local/lib/python3.7/site-packages/airflow/example_dags/example_xcomargs.py for tasks to queue
[2023-05-27T16:59:13.551+0000] {logging_mixin.py:137} INFO - [2023-05-27T16:59:13.551+0000] {dagbag.py:532} INFO - Filling up the DagBag from /home/airflow/.local/lib/python3.7/site-packages/airflow/example_dags/example_xcomargs.py
[2023-05-27T16:59:13.582+0000] {processor.py:753} INFO - DAG(s) dict_keys(['example_xcom_args_with_operators', 'example_xcom_args']) retrieved from /home/airflow/.local/lib/python3.7/site-packages/airflow/example_dags/example_xcomargs.py
[2023-05-27T16:59:13.626+0000] {logging_mixin.py:137} INFO - [2023-05-27T16:59:13.626+0000] {dag.py:2705} INFO - Sync 2 DAGs
[2023-05-27T16:59:13.651+0000] {logging_mixin.py:137} INFO - [2023-05-27T16:59:13.651+0000] {dag.py:3456} INFO - Setting next_dagrun for example_xcom_args to None, run_after=None
[2023-05-27T16:59:13.655+0000] {logging_mixin.py:137} INFO - [2023-05-27T16:59:13.655+0000] {dag.py:3456} INFO - Setting next_dagrun for example_xcom_args_with_operators to None, run_after=None
[2023-05-27T16:59:13.673+0000] {processor.py:175} INFO - Processing /home/airflow/.local/lib/python3.7/site-packages/airflow/example_dags/example_xcomargs.py took 0.131 seconds
[2023-05-27T16:59:44.423+0000] {processor.py:153} INFO - Started process (PID=2109) to work on /home/airflow/.local/lib/python3.7/site-packages/airflow/example_dags/example_xcomargs.py
[2023-05-27T16:59:44.425+0000] {processor.py:743} INFO - Processing file /home/airflow/.local/lib/python3.7/site-packages/airflow/example_dags/example_xcomargs.py for tasks to queue
[2023-05-27T16:59:44.426+0000] {logging_mixin.py:137} INFO - [2023-05-27T16:59:44.426+0000] {dagbag.py:532} INFO - Filling up the DagBag from /home/airflow/.local/lib/python3.7/site-packages/airflow/example_dags/example_xcomargs.py
[2023-05-27T16:59:44.451+0000] {processor.py:753} INFO - DAG(s) dict_keys(['example_xcom_args', 'example_xcom_args_with_operators']) retrieved from /home/airflow/.local/lib/python3.7/site-packages/airflow/example_dags/example_xcomargs.py
[2023-05-27T16:59:44.484+0000] {logging_mixin.py:137} INFO - [2023-05-27T16:59:44.483+0000] {dag.py:2705} INFO - Sync 2 DAGs
[2023-05-27T16:59:44.506+0000] {logging_mixin.py:137} INFO - [2023-05-27T16:59:44.506+0000] {dag.py:3456} INFO - Setting next_dagrun for example_xcom_args to None, run_after=None
[2023-05-27T16:59:44.510+0000] {logging_mixin.py:137} INFO - [2023-05-27T16:59:44.510+0000] {dag.py:3456} INFO - Setting next_dagrun for example_xcom_args_with_operators to None, run_after=None
[2023-05-27T16:59:44.525+0000] {processor.py:175} INFO - Processing /home/airflow/.local/lib/python3.7/site-packages/airflow/example_dags/example_xcomargs.py took 0.108 seconds
[2023-05-27T17:00:15.093+0000] {processor.py:153} INFO - Started process (PID=2166) to work on /home/airflow/.local/lib/python3.7/site-packages/airflow/example_dags/example_xcomargs.py
[2023-05-27T17:00:15.095+0000] {processor.py:743} INFO - Processing file /home/airflow/.local/lib/python3.7/site-packages/airflow/example_dags/example_xcomargs.py for tasks to queue
[2023-05-27T17:00:15.101+0000] {logging_mixin.py:137} INFO - [2023-05-27T17:00:15.101+0000] {dagbag.py:532} INFO - Filling up the DagBag from /home/airflow/.local/lib/python3.7/site-packages/airflow/example_dags/example_xcomargs.py
[2023-05-27T17:00:15.172+0000] {processor.py:753} INFO - DAG(s) dict_keys(['example_xcom_args', 'example_xcom_args_with_operators']) retrieved from /home/airflow/.local/lib/python3.7/site-packages/airflow/example_dags/example_xcomargs.py
[2023-05-27T17:00:15.243+0000] {logging_mixin.py:137} INFO - [2023-05-27T17:00:15.243+0000] {dag.py:2705} INFO - Sync 2 DAGs
[2023-05-27T17:00:15.272+0000] {logging_mixin.py:137} INFO - [2023-05-27T17:00:15.272+0000] {dag.py:3456} INFO - Setting next_dagrun for example_xcom_args to None, run_after=None
[2023-05-27T17:00:15.276+0000] {logging_mixin.py:137} INFO - [2023-05-27T17:00:15.276+0000] {dag.py:3456} INFO - Setting next_dagrun for example_xcom_args_with_operators to None, run_after=None
[2023-05-27T17:00:15.297+0000] {processor.py:175} INFO - Processing /home/airflow/.local/lib/python3.7/site-packages/airflow/example_dags/example_xcomargs.py took 0.208 seconds
[2023-05-27T17:00:45.402+0000] {processor.py:153} INFO - Started process (PID=2223) to work on /home/airflow/.local/lib/python3.7/site-packages/airflow/example_dags/example_xcomargs.py
[2023-05-27T17:00:45.405+0000] {processor.py:743} INFO - Processing file /home/airflow/.local/lib/python3.7/site-packages/airflow/example_dags/example_xcomargs.py for tasks to queue
[2023-05-27T17:00:45.408+0000] {logging_mixin.py:137} INFO - [2023-05-27T17:00:45.408+0000] {dagbag.py:532} INFO - Filling up the DagBag from /home/airflow/.local/lib/python3.7/site-packages/airflow/example_dags/example_xcomargs.py
[2023-05-27T17:00:45.538+0000] {processor.py:753} INFO - DAG(s) dict_keys(['example_xcom_args_with_operators', 'example_xcom_args']) retrieved from /home/airflow/.local/lib/python3.7/site-packages/airflow/example_dags/example_xcomargs.py
[2023-05-27T17:00:45.630+0000] {logging_mixin.py:137} INFO - [2023-05-27T17:00:45.630+0000] {dag.py:2705} INFO - Sync 2 DAGs
[2023-05-27T17:00:45.689+0000] {logging_mixin.py:137} INFO - [2023-05-27T17:00:45.689+0000] {dag.py:3456} INFO - Setting next_dagrun for example_xcom_args to None, run_after=None
[2023-05-27T17:00:45.705+0000] {logging_mixin.py:137} INFO - [2023-05-27T17:00:45.704+0000] {dag.py:3456} INFO - Setting next_dagrun for example_xcom_args_with_operators to None, run_after=None
[2023-05-27T17:00:45.778+0000] {processor.py:175} INFO - Processing /home/airflow/.local/lib/python3.7/site-packages/airflow/example_dags/example_xcomargs.py took 0.383 seconds
