[2023-05-27T16:41:26.040+0000] {processor.py:153} INFO - Started process (PID=67) to work on /home/airflow/.local/lib/python3.7/site-packages/airflow/example_dags/example_skip_dag.py
[2023-05-27T16:41:26.042+0000] {processor.py:743} INFO - Processing file /home/airflow/.local/lib/python3.7/site-packages/airflow/example_dags/example_skip_dag.py for tasks to queue
[2023-05-27T16:41:26.043+0000] {logging_mixin.py:137} INFO - [2023-05-27T16:41:26.043+0000] {dagbag.py:532} INFO - Filling up the DagBag from /home/airflow/.local/lib/python3.7/site-packages/airflow/example_dags/example_skip_dag.py
[2023-05-27T16:41:26.071+0000] {processor.py:753} INFO - DAG(s) dict_keys(['example_skip_dag']) retrieved from /home/airflow/.local/lib/python3.7/site-packages/airflow/example_dags/example_skip_dag.py
[2023-05-27T16:41:26.112+0000] {logging_mixin.py:137} INFO - [2023-05-27T16:41:26.112+0000] {dag.py:2705} INFO - Sync 1 DAGs
[2023-05-27T16:41:26.164+0000] {logging_mixin.py:137} INFO - [2023-05-27T16:41:26.163+0000] {dag.py:3456} INFO - Setting next_dagrun for example_skip_dag to 2023-05-26T16:41:26.163237+00:00, run_after=2023-05-27T16:41:26.163237+00:00
[2023-05-27T16:41:26.201+0000] {processor.py:175} INFO - Processing /home/airflow/.local/lib/python3.7/site-packages/airflow/example_dags/example_skip_dag.py took 0.166 seconds
[2023-05-27T16:41:56.299+0000] {processor.py:153} INFO - Started process (PID=124) to work on /home/airflow/.local/lib/python3.7/site-packages/airflow/example_dags/example_skip_dag.py
[2023-05-27T16:41:56.300+0000] {processor.py:743} INFO - Processing file /home/airflow/.local/lib/python3.7/site-packages/airflow/example_dags/example_skip_dag.py for tasks to queue
[2023-05-27T16:41:56.301+0000] {logging_mixin.py:137} INFO - [2023-05-27T16:41:56.301+0000] {dagbag.py:532} INFO - Filling up the DagBag from /home/airflow/.local/lib/python3.7/site-packages/airflow/example_dags/example_skip_dag.py
[2023-05-27T16:41:56.321+0000] {processor.py:753} INFO - DAG(s) dict_keys(['example_skip_dag']) retrieved from /home/airflow/.local/lib/python3.7/site-packages/airflow/example_dags/example_skip_dag.py
[2023-05-27T16:41:56.351+0000] {logging_mixin.py:137} INFO - [2023-05-27T16:41:56.350+0000] {dag.py:2705} INFO - Sync 1 DAGs
[2023-05-27T16:41:56.373+0000] {logging_mixin.py:137} INFO - [2023-05-27T16:41:56.373+0000] {dag.py:3456} INFO - Setting next_dagrun for example_skip_dag to 2023-05-26T16:41:56.372834+00:00, run_after=2023-05-27T16:41:56.372834+00:00
[2023-05-27T16:41:56.387+0000] {processor.py:175} INFO - Processing /home/airflow/.local/lib/python3.7/site-packages/airflow/example_dags/example_skip_dag.py took 0.092 seconds
[2023-05-27T16:42:27.270+0000] {processor.py:153} INFO - Started process (PID=181) to work on /home/airflow/.local/lib/python3.7/site-packages/airflow/example_dags/example_skip_dag.py
[2023-05-27T16:42:27.271+0000] {processor.py:743} INFO - Processing file /home/airflow/.local/lib/python3.7/site-packages/airflow/example_dags/example_skip_dag.py for tasks to queue
[2023-05-27T16:42:27.273+0000] {logging_mixin.py:137} INFO - [2023-05-27T16:42:27.272+0000] {dagbag.py:532} INFO - Filling up the DagBag from /home/airflow/.local/lib/python3.7/site-packages/airflow/example_dags/example_skip_dag.py
[2023-05-27T16:42:27.290+0000] {processor.py:753} INFO - DAG(s) dict_keys(['example_skip_dag']) retrieved from /home/airflow/.local/lib/python3.7/site-packages/airflow/example_dags/example_skip_dag.py
[2023-05-27T16:42:27.323+0000] {logging_mixin.py:137} INFO - [2023-05-27T16:42:27.323+0000] {dag.py:2705} INFO - Sync 1 DAGs
[2023-05-27T16:42:27.365+0000] {logging_mixin.py:137} INFO - [2023-05-27T16:42:27.365+0000] {dag.py:3456} INFO - Setting next_dagrun for example_skip_dag to 2023-05-26T16:42:27.365175+00:00, run_after=2023-05-27T16:42:27.365175+00:00
[2023-05-27T16:42:27.386+0000] {processor.py:175} INFO - Processing /home/airflow/.local/lib/python3.7/site-packages/airflow/example_dags/example_skip_dag.py took 0.121 seconds
[2023-05-27T16:42:57.964+0000] {processor.py:153} INFO - Started process (PID=238) to work on /home/airflow/.local/lib/python3.7/site-packages/airflow/example_dags/example_skip_dag.py
[2023-05-27T16:42:57.966+0000] {processor.py:743} INFO - Processing file /home/airflow/.local/lib/python3.7/site-packages/airflow/example_dags/example_skip_dag.py for tasks to queue
[2023-05-27T16:42:57.967+0000] {logging_mixin.py:137} INFO - [2023-05-27T16:42:57.967+0000] {dagbag.py:532} INFO - Filling up the DagBag from /home/airflow/.local/lib/python3.7/site-packages/airflow/example_dags/example_skip_dag.py
[2023-05-27T16:42:57.983+0000] {processor.py:753} INFO - DAG(s) dict_keys(['example_skip_dag']) retrieved from /home/airflow/.local/lib/python3.7/site-packages/airflow/example_dags/example_skip_dag.py
[2023-05-27T16:42:58.013+0000] {logging_mixin.py:137} INFO - [2023-05-27T16:42:58.013+0000] {dag.py:2705} INFO - Sync 1 DAGs
[2023-05-27T16:42:58.035+0000] {logging_mixin.py:137} INFO - [2023-05-27T16:42:58.035+0000] {dag.py:3456} INFO - Setting next_dagrun for example_skip_dag to 2023-05-26T16:42:58.035242+00:00, run_after=2023-05-27T16:42:58.035242+00:00
[2023-05-27T16:42:58.056+0000] {processor.py:175} INFO - Processing /home/airflow/.local/lib/python3.7/site-packages/airflow/example_dags/example_skip_dag.py took 0.096 seconds
[2023-05-27T16:43:28.511+0000] {processor.py:153} INFO - Started process (PID=296) to work on /home/airflow/.local/lib/python3.7/site-packages/airflow/example_dags/example_skip_dag.py
[2023-05-27T16:43:28.512+0000] {processor.py:743} INFO - Processing file /home/airflow/.local/lib/python3.7/site-packages/airflow/example_dags/example_skip_dag.py for tasks to queue
[2023-05-27T16:43:28.513+0000] {logging_mixin.py:137} INFO - [2023-05-27T16:43:28.513+0000] {dagbag.py:532} INFO - Filling up the DagBag from /home/airflow/.local/lib/python3.7/site-packages/airflow/example_dags/example_skip_dag.py
[2023-05-27T16:43:28.528+0000] {processor.py:753} INFO - DAG(s) dict_keys(['example_skip_dag']) retrieved from /home/airflow/.local/lib/python3.7/site-packages/airflow/example_dags/example_skip_dag.py
[2023-05-27T16:43:28.564+0000] {logging_mixin.py:137} INFO - [2023-05-27T16:43:28.564+0000] {dag.py:2705} INFO - Sync 1 DAGs
[2023-05-27T16:43:28.591+0000] {logging_mixin.py:137} INFO - [2023-05-27T16:43:28.591+0000] {dag.py:3456} INFO - Setting next_dagrun for example_skip_dag to 2023-05-26T16:43:28.590919+00:00, run_after=2023-05-27T16:43:28.590919+00:00
[2023-05-27T16:43:28.608+0000] {processor.py:175} INFO - Processing /home/airflow/.local/lib/python3.7/site-packages/airflow/example_dags/example_skip_dag.py took 0.103 seconds
[2023-05-27T16:43:59.614+0000] {processor.py:153} INFO - Started process (PID=352) to work on /home/airflow/.local/lib/python3.7/site-packages/airflow/example_dags/example_skip_dag.py
[2023-05-27T16:43:59.616+0000] {processor.py:743} INFO - Processing file /home/airflow/.local/lib/python3.7/site-packages/airflow/example_dags/example_skip_dag.py for tasks to queue
[2023-05-27T16:43:59.617+0000] {logging_mixin.py:137} INFO - [2023-05-27T16:43:59.617+0000] {dagbag.py:532} INFO - Filling up the DagBag from /home/airflow/.local/lib/python3.7/site-packages/airflow/example_dags/example_skip_dag.py
[2023-05-27T16:43:59.631+0000] {processor.py:753} INFO - DAG(s) dict_keys(['example_skip_dag']) retrieved from /home/airflow/.local/lib/python3.7/site-packages/airflow/example_dags/example_skip_dag.py
[2023-05-27T16:43:59.671+0000] {logging_mixin.py:137} INFO - [2023-05-27T16:43:59.671+0000] {dag.py:2705} INFO - Sync 1 DAGs
[2023-05-27T16:43:59.699+0000] {logging_mixin.py:137} INFO - [2023-05-27T16:43:59.699+0000] {dag.py:3456} INFO - Setting next_dagrun for example_skip_dag to 2023-05-26T16:43:59.699469+00:00, run_after=2023-05-27T16:43:59.699469+00:00
[2023-05-27T16:43:59.714+0000] {processor.py:175} INFO - Processing /home/airflow/.local/lib/python3.7/site-packages/airflow/example_dags/example_skip_dag.py took 0.104 seconds
[2023-05-27T16:44:30.513+0000] {processor.py:153} INFO - Started process (PID=409) to work on /home/airflow/.local/lib/python3.7/site-packages/airflow/example_dags/example_skip_dag.py
[2023-05-27T16:44:30.515+0000] {processor.py:743} INFO - Processing file /home/airflow/.local/lib/python3.7/site-packages/airflow/example_dags/example_skip_dag.py for tasks to queue
[2023-05-27T16:44:30.516+0000] {logging_mixin.py:137} INFO - [2023-05-27T16:44:30.516+0000] {dagbag.py:532} INFO - Filling up the DagBag from /home/airflow/.local/lib/python3.7/site-packages/airflow/example_dags/example_skip_dag.py
[2023-05-27T16:44:30.529+0000] {processor.py:753} INFO - DAG(s) dict_keys(['example_skip_dag']) retrieved from /home/airflow/.local/lib/python3.7/site-packages/airflow/example_dags/example_skip_dag.py
[2023-05-27T16:44:30.555+0000] {logging_mixin.py:137} INFO - [2023-05-27T16:44:30.555+0000] {dag.py:2705} INFO - Sync 1 DAGs
[2023-05-27T16:44:30.577+0000] {logging_mixin.py:137} INFO - [2023-05-27T16:44:30.577+0000] {dag.py:3456} INFO - Setting next_dagrun for example_skip_dag to 2023-05-26T16:44:30.577116+00:00, run_after=2023-05-27T16:44:30.577116+00:00
[2023-05-27T16:44:30.593+0000] {processor.py:175} INFO - Processing /home/airflow/.local/lib/python3.7/site-packages/airflow/example_dags/example_skip_dag.py took 0.084 seconds
[2023-05-27T16:45:01.236+0000] {processor.py:153} INFO - Started process (PID=466) to work on /home/airflow/.local/lib/python3.7/site-packages/airflow/example_dags/example_skip_dag.py
[2023-05-27T16:45:01.237+0000] {processor.py:743} INFO - Processing file /home/airflow/.local/lib/python3.7/site-packages/airflow/example_dags/example_skip_dag.py for tasks to queue
[2023-05-27T16:45:01.238+0000] {logging_mixin.py:137} INFO - [2023-05-27T16:45:01.238+0000] {dagbag.py:532} INFO - Filling up the DagBag from /home/airflow/.local/lib/python3.7/site-packages/airflow/example_dags/example_skip_dag.py
[2023-05-27T16:45:01.253+0000] {processor.py:753} INFO - DAG(s) dict_keys(['example_skip_dag']) retrieved from /home/airflow/.local/lib/python3.7/site-packages/airflow/example_dags/example_skip_dag.py
[2023-05-27T16:45:01.280+0000] {logging_mixin.py:137} INFO - [2023-05-27T16:45:01.279+0000] {dag.py:2705} INFO - Sync 1 DAGs
[2023-05-27T16:45:01.300+0000] {logging_mixin.py:137} INFO - [2023-05-27T16:45:01.300+0000] {dag.py:3456} INFO - Setting next_dagrun for example_skip_dag to 2023-05-26T16:45:01.300563+00:00, run_after=2023-05-27T16:45:01.300563+00:00
[2023-05-27T16:45:01.316+0000] {processor.py:175} INFO - Processing /home/airflow/.local/lib/python3.7/site-packages/airflow/example_dags/example_skip_dag.py took 0.084 seconds
[2023-05-27T16:45:31.723+0000] {processor.py:153} INFO - Started process (PID=523) to work on /home/airflow/.local/lib/python3.7/site-packages/airflow/example_dags/example_skip_dag.py
[2023-05-27T16:45:31.724+0000] {processor.py:743} INFO - Processing file /home/airflow/.local/lib/python3.7/site-packages/airflow/example_dags/example_skip_dag.py for tasks to queue
[2023-05-27T16:45:31.725+0000] {logging_mixin.py:137} INFO - [2023-05-27T16:45:31.725+0000] {dagbag.py:532} INFO - Filling up the DagBag from /home/airflow/.local/lib/python3.7/site-packages/airflow/example_dags/example_skip_dag.py
[2023-05-27T16:45:31.739+0000] {processor.py:753} INFO - DAG(s) dict_keys(['example_skip_dag']) retrieved from /home/airflow/.local/lib/python3.7/site-packages/airflow/example_dags/example_skip_dag.py
[2023-05-27T16:45:31.767+0000] {logging_mixin.py:137} INFO - [2023-05-27T16:45:31.767+0000] {dag.py:2705} INFO - Sync 1 DAGs
[2023-05-27T16:45:31.791+0000] {logging_mixin.py:137} INFO - [2023-05-27T16:45:31.791+0000] {dag.py:3456} INFO - Setting next_dagrun for example_skip_dag to 2023-05-26T16:45:31.791232+00:00, run_after=2023-05-27T16:45:31.791232+00:00
[2023-05-27T16:45:31.807+0000] {processor.py:175} INFO - Processing /home/airflow/.local/lib/python3.7/site-packages/airflow/example_dags/example_skip_dag.py took 0.088 seconds
[2023-05-27T16:46:02.460+0000] {processor.py:153} INFO - Started process (PID=580) to work on /home/airflow/.local/lib/python3.7/site-packages/airflow/example_dags/example_skip_dag.py
[2023-05-27T16:46:02.462+0000] {processor.py:743} INFO - Processing file /home/airflow/.local/lib/python3.7/site-packages/airflow/example_dags/example_skip_dag.py for tasks to queue
[2023-05-27T16:46:02.463+0000] {logging_mixin.py:137} INFO - [2023-05-27T16:46:02.463+0000] {dagbag.py:532} INFO - Filling up the DagBag from /home/airflow/.local/lib/python3.7/site-packages/airflow/example_dags/example_skip_dag.py
[2023-05-27T16:46:02.486+0000] {processor.py:753} INFO - DAG(s) dict_keys(['example_skip_dag']) retrieved from /home/airflow/.local/lib/python3.7/site-packages/airflow/example_dags/example_skip_dag.py
[2023-05-27T16:46:02.569+0000] {logging_mixin.py:137} INFO - [2023-05-27T16:46:02.569+0000] {dag.py:2705} INFO - Sync 1 DAGs
[2023-05-27T16:46:02.647+0000] {logging_mixin.py:137} INFO - [2023-05-27T16:46:02.647+0000] {dag.py:3456} INFO - Setting next_dagrun for example_skip_dag to 2023-05-26T16:46:02.645705+00:00, run_after=2023-05-27T16:46:02.645705+00:00
[2023-05-27T16:46:02.672+0000] {processor.py:175} INFO - Processing /home/airflow/.local/lib/python3.7/site-packages/airflow/example_dags/example_skip_dag.py took 0.216 seconds
[2023-05-27T16:46:33.618+0000] {processor.py:153} INFO - Started process (PID=636) to work on /home/airflow/.local/lib/python3.7/site-packages/airflow/example_dags/example_skip_dag.py
[2023-05-27T16:46:33.620+0000] {processor.py:743} INFO - Processing file /home/airflow/.local/lib/python3.7/site-packages/airflow/example_dags/example_skip_dag.py for tasks to queue
[2023-05-27T16:46:33.621+0000] {logging_mixin.py:137} INFO - [2023-05-27T16:46:33.620+0000] {dagbag.py:532} INFO - Filling up the DagBag from /home/airflow/.local/lib/python3.7/site-packages/airflow/example_dags/example_skip_dag.py
[2023-05-27T16:46:33.648+0000] {processor.py:753} INFO - DAG(s) dict_keys(['example_skip_dag']) retrieved from /home/airflow/.local/lib/python3.7/site-packages/airflow/example_dags/example_skip_dag.py
[2023-05-27T16:46:33.687+0000] {logging_mixin.py:137} INFO - [2023-05-27T16:46:33.687+0000] {dag.py:2705} INFO - Sync 1 DAGs
[2023-05-27T16:46:33.716+0000] {logging_mixin.py:137} INFO - [2023-05-27T16:46:33.716+0000] {dag.py:3456} INFO - Setting next_dagrun for example_skip_dag to 2023-05-26T16:46:33.715883+00:00, run_after=2023-05-27T16:46:33.715883+00:00
[2023-05-27T16:46:33.735+0000] {processor.py:175} INFO - Processing /home/airflow/.local/lib/python3.7/site-packages/airflow/example_dags/example_skip_dag.py took 0.123 seconds
[2023-05-27T16:47:04.254+0000] {processor.py:153} INFO - Started process (PID=692) to work on /home/airflow/.local/lib/python3.7/site-packages/airflow/example_dags/example_skip_dag.py
[2023-05-27T16:47:04.256+0000] {processor.py:743} INFO - Processing file /home/airflow/.local/lib/python3.7/site-packages/airflow/example_dags/example_skip_dag.py for tasks to queue
[2023-05-27T16:47:04.258+0000] {logging_mixin.py:137} INFO - [2023-05-27T16:47:04.258+0000] {dagbag.py:532} INFO - Filling up the DagBag from /home/airflow/.local/lib/python3.7/site-packages/airflow/example_dags/example_skip_dag.py
[2023-05-27T16:47:04.275+0000] {processor.py:753} INFO - DAG(s) dict_keys(['example_skip_dag']) retrieved from /home/airflow/.local/lib/python3.7/site-packages/airflow/example_dags/example_skip_dag.py
[2023-05-27T16:47:04.305+0000] {logging_mixin.py:137} INFO - [2023-05-27T16:47:04.305+0000] {dag.py:2705} INFO - Sync 1 DAGs
[2023-05-27T16:47:04.328+0000] {logging_mixin.py:137} INFO - [2023-05-27T16:47:04.328+0000] {dag.py:3456} INFO - Setting next_dagrun for example_skip_dag to 2023-05-26T16:47:04.327829+00:00, run_after=2023-05-27T16:47:04.327829+00:00
[2023-05-27T16:47:04.343+0000] {processor.py:175} INFO - Processing /home/airflow/.local/lib/python3.7/site-packages/airflow/example_dags/example_skip_dag.py took 0.094 seconds
[2023-05-27T16:47:34.941+0000] {processor.py:153} INFO - Started process (PID=749) to work on /home/airflow/.local/lib/python3.7/site-packages/airflow/example_dags/example_skip_dag.py
[2023-05-27T16:47:34.942+0000] {processor.py:743} INFO - Processing file /home/airflow/.local/lib/python3.7/site-packages/airflow/example_dags/example_skip_dag.py for tasks to queue
[2023-05-27T16:47:34.944+0000] {logging_mixin.py:137} INFO - [2023-05-27T16:47:34.944+0000] {dagbag.py:532} INFO - Filling up the DagBag from /home/airflow/.local/lib/python3.7/site-packages/airflow/example_dags/example_skip_dag.py
[2023-05-27T16:47:34.962+0000] {processor.py:753} INFO - DAG(s) dict_keys(['example_skip_dag']) retrieved from /home/airflow/.local/lib/python3.7/site-packages/airflow/example_dags/example_skip_dag.py
[2023-05-27T16:47:34.994+0000] {logging_mixin.py:137} INFO - [2023-05-27T16:47:34.994+0000] {dag.py:2705} INFO - Sync 1 DAGs
[2023-05-27T16:47:35.018+0000] {logging_mixin.py:137} INFO - [2023-05-27T16:47:35.018+0000] {dag.py:3456} INFO - Setting next_dagrun for example_skip_dag to 2023-05-26T16:47:35.018246+00:00, run_after=2023-05-27T16:47:35.018246+00:00
[2023-05-27T16:47:35.039+0000] {processor.py:175} INFO - Processing /home/airflow/.local/lib/python3.7/site-packages/airflow/example_dags/example_skip_dag.py took 0.105 seconds
[2023-05-27T16:48:05.668+0000] {processor.py:153} INFO - Started process (PID=806) to work on /home/airflow/.local/lib/python3.7/site-packages/airflow/example_dags/example_skip_dag.py
[2023-05-27T16:48:05.669+0000] {processor.py:743} INFO - Processing file /home/airflow/.local/lib/python3.7/site-packages/airflow/example_dags/example_skip_dag.py for tasks to queue
[2023-05-27T16:48:05.670+0000] {logging_mixin.py:137} INFO - [2023-05-27T16:48:05.670+0000] {dagbag.py:532} INFO - Filling up the DagBag from /home/airflow/.local/lib/python3.7/site-packages/airflow/example_dags/example_skip_dag.py
[2023-05-27T16:48:05.684+0000] {processor.py:753} INFO - DAG(s) dict_keys(['example_skip_dag']) retrieved from /home/airflow/.local/lib/python3.7/site-packages/airflow/example_dags/example_skip_dag.py
[2023-05-27T16:48:05.710+0000] {logging_mixin.py:137} INFO - [2023-05-27T16:48:05.710+0000] {dag.py:2705} INFO - Sync 1 DAGs
[2023-05-27T16:48:05.731+0000] {logging_mixin.py:137} INFO - [2023-05-27T16:48:05.731+0000] {dag.py:3456} INFO - Setting next_dagrun for example_skip_dag to 2023-05-26T16:48:05.730931+00:00, run_after=2023-05-27T16:48:05.730931+00:00
[2023-05-27T16:48:05.745+0000] {processor.py:175} INFO - Processing /home/airflow/.local/lib/python3.7/site-packages/airflow/example_dags/example_skip_dag.py took 0.081 seconds
[2023-05-27T16:48:36.104+0000] {processor.py:153} INFO - Started process (PID=863) to work on /home/airflow/.local/lib/python3.7/site-packages/airflow/example_dags/example_skip_dag.py
[2023-05-27T16:48:36.106+0000] {processor.py:743} INFO - Processing file /home/airflow/.local/lib/python3.7/site-packages/airflow/example_dags/example_skip_dag.py for tasks to queue
[2023-05-27T16:48:36.107+0000] {logging_mixin.py:137} INFO - [2023-05-27T16:48:36.107+0000] {dagbag.py:532} INFO - Filling up the DagBag from /home/airflow/.local/lib/python3.7/site-packages/airflow/example_dags/example_skip_dag.py
[2023-05-27T16:48:36.124+0000] {processor.py:753} INFO - DAG(s) dict_keys(['example_skip_dag']) retrieved from /home/airflow/.local/lib/python3.7/site-packages/airflow/example_dags/example_skip_dag.py
[2023-05-27T16:48:36.151+0000] {logging_mixin.py:137} INFO - [2023-05-27T16:48:36.151+0000] {dag.py:2705} INFO - Sync 1 DAGs
[2023-05-27T16:48:36.173+0000] {logging_mixin.py:137} INFO - [2023-05-27T16:48:36.173+0000] {dag.py:3456} INFO - Setting next_dagrun for example_skip_dag to 2023-05-26T16:48:36.173529+00:00, run_after=2023-05-27T16:48:36.173529+00:00
[2023-05-27T16:48:36.188+0000] {processor.py:175} INFO - Processing /home/airflow/.local/lib/python3.7/site-packages/airflow/example_dags/example_skip_dag.py took 0.090 seconds
[2023-05-27T16:49:06.872+0000] {processor.py:153} INFO - Started process (PID=920) to work on /home/airflow/.local/lib/python3.7/site-packages/airflow/example_dags/example_skip_dag.py
[2023-05-27T16:49:06.874+0000] {processor.py:743} INFO - Processing file /home/airflow/.local/lib/python3.7/site-packages/airflow/example_dags/example_skip_dag.py for tasks to queue
[2023-05-27T16:49:06.875+0000] {logging_mixin.py:137} INFO - [2023-05-27T16:49:06.875+0000] {dagbag.py:532} INFO - Filling up the DagBag from /home/airflow/.local/lib/python3.7/site-packages/airflow/example_dags/example_skip_dag.py
[2023-05-27T16:49:06.892+0000] {processor.py:753} INFO - DAG(s) dict_keys(['example_skip_dag']) retrieved from /home/airflow/.local/lib/python3.7/site-packages/airflow/example_dags/example_skip_dag.py
[2023-05-27T16:49:06.919+0000] {logging_mixin.py:137} INFO - [2023-05-27T16:49:06.919+0000] {dag.py:2705} INFO - Sync 1 DAGs
[2023-05-27T16:49:06.940+0000] {logging_mixin.py:137} INFO - [2023-05-27T16:49:06.940+0000] {dag.py:3456} INFO - Setting next_dagrun for example_skip_dag to 2023-05-26T16:49:06.940431+00:00, run_after=2023-05-27T16:49:06.940431+00:00
[2023-05-27T16:49:06.955+0000] {processor.py:175} INFO - Processing /home/airflow/.local/lib/python3.7/site-packages/airflow/example_dags/example_skip_dag.py took 0.090 seconds
[2023-05-27T16:49:37.328+0000] {processor.py:153} INFO - Started process (PID=977) to work on /home/airflow/.local/lib/python3.7/site-packages/airflow/example_dags/example_skip_dag.py
[2023-05-27T16:49:37.329+0000] {processor.py:743} INFO - Processing file /home/airflow/.local/lib/python3.7/site-packages/airflow/example_dags/example_skip_dag.py for tasks to queue
[2023-05-27T16:49:37.330+0000] {logging_mixin.py:137} INFO - [2023-05-27T16:49:37.330+0000] {dagbag.py:532} INFO - Filling up the DagBag from /home/airflow/.local/lib/python3.7/site-packages/airflow/example_dags/example_skip_dag.py
[2023-05-27T16:49:37.346+0000] {processor.py:753} INFO - DAG(s) dict_keys(['example_skip_dag']) retrieved from /home/airflow/.local/lib/python3.7/site-packages/airflow/example_dags/example_skip_dag.py
[2023-05-27T16:49:37.394+0000] {logging_mixin.py:137} INFO - [2023-05-27T16:49:37.394+0000] {dag.py:2705} INFO - Sync 1 DAGs
[2023-05-27T16:49:37.422+0000] {logging_mixin.py:137} INFO - [2023-05-27T16:49:37.422+0000] {dag.py:3456} INFO - Setting next_dagrun for example_skip_dag to 2023-05-26T16:49:37.422299+00:00, run_after=2023-05-27T16:49:37.422299+00:00
[2023-05-27T16:49:37.443+0000] {processor.py:175} INFO - Processing /home/airflow/.local/lib/python3.7/site-packages/airflow/example_dags/example_skip_dag.py took 0.119 seconds
[2023-05-27T16:50:07.746+0000] {processor.py:153} INFO - Started process (PID=1034) to work on /home/airflow/.local/lib/python3.7/site-packages/airflow/example_dags/example_skip_dag.py
[2023-05-27T16:50:07.748+0000] {processor.py:743} INFO - Processing file /home/airflow/.local/lib/python3.7/site-packages/airflow/example_dags/example_skip_dag.py for tasks to queue
[2023-05-27T16:50:07.750+0000] {logging_mixin.py:137} INFO - [2023-05-27T16:50:07.750+0000] {dagbag.py:532} INFO - Filling up the DagBag from /home/airflow/.local/lib/python3.7/site-packages/airflow/example_dags/example_skip_dag.py
[2023-05-27T16:50:07.773+0000] {processor.py:753} INFO - DAG(s) dict_keys(['example_skip_dag']) retrieved from /home/airflow/.local/lib/python3.7/site-packages/airflow/example_dags/example_skip_dag.py
[2023-05-27T16:50:07.806+0000] {logging_mixin.py:137} INFO - [2023-05-27T16:50:07.806+0000] {dag.py:2705} INFO - Sync 1 DAGs
[2023-05-27T16:50:07.833+0000] {logging_mixin.py:137} INFO - [2023-05-27T16:50:07.833+0000] {dag.py:3456} INFO - Setting next_dagrun for example_skip_dag to 2023-05-26T16:50:07.833283+00:00, run_after=2023-05-27T16:50:07.833283+00:00
[2023-05-27T16:50:07.849+0000] {processor.py:175} INFO - Processing /home/airflow/.local/lib/python3.7/site-packages/airflow/example_dags/example_skip_dag.py took 0.110 seconds
[2023-05-27T16:50:37.967+0000] {processor.py:153} INFO - Started process (PID=1091) to work on /home/airflow/.local/lib/python3.7/site-packages/airflow/example_dags/example_skip_dag.py
[2023-05-27T16:50:37.968+0000] {processor.py:743} INFO - Processing file /home/airflow/.local/lib/python3.7/site-packages/airflow/example_dags/example_skip_dag.py for tasks to queue
[2023-05-27T16:50:37.969+0000] {logging_mixin.py:137} INFO - [2023-05-27T16:50:37.969+0000] {dagbag.py:532} INFO - Filling up the DagBag from /home/airflow/.local/lib/python3.7/site-packages/airflow/example_dags/example_skip_dag.py
[2023-05-27T16:50:37.984+0000] {processor.py:753} INFO - DAG(s) dict_keys(['example_skip_dag']) retrieved from /home/airflow/.local/lib/python3.7/site-packages/airflow/example_dags/example_skip_dag.py
[2023-05-27T16:50:38.011+0000] {logging_mixin.py:137} INFO - [2023-05-27T16:50:38.010+0000] {dag.py:2705} INFO - Sync 1 DAGs
[2023-05-27T16:50:38.032+0000] {logging_mixin.py:137} INFO - [2023-05-27T16:50:38.032+0000] {dag.py:3456} INFO - Setting next_dagrun for example_skip_dag to 2023-05-26T16:50:38.032313+00:00, run_after=2023-05-27T16:50:38.032313+00:00
[2023-05-27T16:50:38.047+0000] {processor.py:175} INFO - Processing /home/airflow/.local/lib/python3.7/site-packages/airflow/example_dags/example_skip_dag.py took 0.084 seconds
[2023-05-27T16:51:08.335+0000] {processor.py:153} INFO - Started process (PID=1148) to work on /home/airflow/.local/lib/python3.7/site-packages/airflow/example_dags/example_skip_dag.py
[2023-05-27T16:51:08.337+0000] {processor.py:743} INFO - Processing file /home/airflow/.local/lib/python3.7/site-packages/airflow/example_dags/example_skip_dag.py for tasks to queue
[2023-05-27T16:51:08.338+0000] {logging_mixin.py:137} INFO - [2023-05-27T16:51:08.338+0000] {dagbag.py:532} INFO - Filling up the DagBag from /home/airflow/.local/lib/python3.7/site-packages/airflow/example_dags/example_skip_dag.py
[2023-05-27T16:51:08.355+0000] {processor.py:753} INFO - DAG(s) dict_keys(['example_skip_dag']) retrieved from /home/airflow/.local/lib/python3.7/site-packages/airflow/example_dags/example_skip_dag.py
[2023-05-27T16:51:08.382+0000] {logging_mixin.py:137} INFO - [2023-05-27T16:51:08.382+0000] {dag.py:2705} INFO - Sync 1 DAGs
[2023-05-27T16:51:08.404+0000] {logging_mixin.py:137} INFO - [2023-05-27T16:51:08.404+0000] {dag.py:3456} INFO - Setting next_dagrun for example_skip_dag to 2023-05-26T16:51:08.404185+00:00, run_after=2023-05-27T16:51:08.404185+00:00
[2023-05-27T16:51:08.418+0000] {processor.py:175} INFO - Processing /home/airflow/.local/lib/python3.7/site-packages/airflow/example_dags/example_skip_dag.py took 0.089 seconds
[2023-05-27T16:51:38.475+0000] {processor.py:153} INFO - Started process (PID=1205) to work on /home/airflow/.local/lib/python3.7/site-packages/airflow/example_dags/example_skip_dag.py
[2023-05-27T16:51:38.477+0000] {processor.py:743} INFO - Processing file /home/airflow/.local/lib/python3.7/site-packages/airflow/example_dags/example_skip_dag.py for tasks to queue
[2023-05-27T16:51:38.478+0000] {logging_mixin.py:137} INFO - [2023-05-27T16:51:38.478+0000] {dagbag.py:532} INFO - Filling up the DagBag from /home/airflow/.local/lib/python3.7/site-packages/airflow/example_dags/example_skip_dag.py
[2023-05-27T16:51:38.493+0000] {processor.py:753} INFO - DAG(s) dict_keys(['example_skip_dag']) retrieved from /home/airflow/.local/lib/python3.7/site-packages/airflow/example_dags/example_skip_dag.py
[2023-05-27T16:51:38.519+0000] {logging_mixin.py:137} INFO - [2023-05-27T16:51:38.519+0000] {dag.py:2705} INFO - Sync 1 DAGs
[2023-05-27T16:51:38.540+0000] {logging_mixin.py:137} INFO - [2023-05-27T16:51:38.540+0000] {dag.py:3456} INFO - Setting next_dagrun for example_skip_dag to 2023-05-26T16:51:38.540565+00:00, run_after=2023-05-27T16:51:38.540565+00:00
[2023-05-27T16:51:38.555+0000] {processor.py:175} INFO - Processing /home/airflow/.local/lib/python3.7/site-packages/airflow/example_dags/example_skip_dag.py took 0.084 seconds
[2023-05-27T16:52:08.687+0000] {processor.py:153} INFO - Started process (PID=1262) to work on /home/airflow/.local/lib/python3.7/site-packages/airflow/example_dags/example_skip_dag.py
[2023-05-27T16:52:08.688+0000] {processor.py:743} INFO - Processing file /home/airflow/.local/lib/python3.7/site-packages/airflow/example_dags/example_skip_dag.py for tasks to queue
[2023-05-27T16:52:08.690+0000] {logging_mixin.py:137} INFO - [2023-05-27T16:52:08.690+0000] {dagbag.py:532} INFO - Filling up the DagBag from /home/airflow/.local/lib/python3.7/site-packages/airflow/example_dags/example_skip_dag.py
[2023-05-27T16:52:08.711+0000] {processor.py:753} INFO - DAG(s) dict_keys(['example_skip_dag']) retrieved from /home/airflow/.local/lib/python3.7/site-packages/airflow/example_dags/example_skip_dag.py
[2023-05-27T16:52:08.741+0000] {logging_mixin.py:137} INFO - [2023-05-27T16:52:08.741+0000] {dag.py:2705} INFO - Sync 1 DAGs
[2023-05-27T16:52:08.764+0000] {logging_mixin.py:137} INFO - [2023-05-27T16:52:08.764+0000] {dag.py:3456} INFO - Setting next_dagrun for example_skip_dag to 2023-05-26T16:52:08.763774+00:00, run_after=2023-05-27T16:52:08.763774+00:00
[2023-05-27T16:52:08.779+0000] {processor.py:175} INFO - Processing /home/airflow/.local/lib/python3.7/site-packages/airflow/example_dags/example_skip_dag.py took 0.098 seconds
[2023-05-27T16:52:39.581+0000] {processor.py:153} INFO - Started process (PID=1319) to work on /home/airflow/.local/lib/python3.7/site-packages/airflow/example_dags/example_skip_dag.py
[2023-05-27T16:52:39.583+0000] {processor.py:743} INFO - Processing file /home/airflow/.local/lib/python3.7/site-packages/airflow/example_dags/example_skip_dag.py for tasks to queue
[2023-05-27T16:52:39.585+0000] {logging_mixin.py:137} INFO - [2023-05-27T16:52:39.585+0000] {dagbag.py:532} INFO - Filling up the DagBag from /home/airflow/.local/lib/python3.7/site-packages/airflow/example_dags/example_skip_dag.py
[2023-05-27T16:52:39.602+0000] {processor.py:753} INFO - DAG(s) dict_keys(['example_skip_dag']) retrieved from /home/airflow/.local/lib/python3.7/site-packages/airflow/example_dags/example_skip_dag.py
[2023-05-27T16:52:39.632+0000] {logging_mixin.py:137} INFO - [2023-05-27T16:52:39.631+0000] {dag.py:2705} INFO - Sync 1 DAGs
[2023-05-27T16:52:39.655+0000] {logging_mixin.py:137} INFO - [2023-05-27T16:52:39.655+0000] {dag.py:3456} INFO - Setting next_dagrun for example_skip_dag to 2023-05-26T16:52:39.655490+00:00, run_after=2023-05-27T16:52:39.655490+00:00
[2023-05-27T16:52:39.671+0000] {processor.py:175} INFO - Processing /home/airflow/.local/lib/python3.7/site-packages/airflow/example_dags/example_skip_dag.py took 0.096 seconds
[2023-05-27T16:53:09.894+0000] {processor.py:153} INFO - Started process (PID=1376) to work on /home/airflow/.local/lib/python3.7/site-packages/airflow/example_dags/example_skip_dag.py
[2023-05-27T16:53:09.896+0000] {processor.py:743} INFO - Processing file /home/airflow/.local/lib/python3.7/site-packages/airflow/example_dags/example_skip_dag.py for tasks to queue
[2023-05-27T16:53:09.897+0000] {logging_mixin.py:137} INFO - [2023-05-27T16:53:09.897+0000] {dagbag.py:532} INFO - Filling up the DagBag from /home/airflow/.local/lib/python3.7/site-packages/airflow/example_dags/example_skip_dag.py
[2023-05-27T16:53:09.921+0000] {processor.py:753} INFO - DAG(s) dict_keys(['example_skip_dag']) retrieved from /home/airflow/.local/lib/python3.7/site-packages/airflow/example_dags/example_skip_dag.py
[2023-05-27T16:53:09.957+0000] {logging_mixin.py:137} INFO - [2023-05-27T16:53:09.957+0000] {dag.py:2705} INFO - Sync 1 DAGs
[2023-05-27T16:53:09.983+0000] {logging_mixin.py:137} INFO - [2023-05-27T16:53:09.983+0000] {dag.py:3456} INFO - Setting next_dagrun for example_skip_dag to 2023-05-26T16:53:09.983438+00:00, run_after=2023-05-27T16:53:09.983438+00:00
[2023-05-27T16:53:10.002+0000] {processor.py:175} INFO - Processing /home/airflow/.local/lib/python3.7/site-packages/airflow/example_dags/example_skip_dag.py took 0.114 seconds
[2023-05-27T16:53:40.095+0000] {processor.py:153} INFO - Started process (PID=1433) to work on /home/airflow/.local/lib/python3.7/site-packages/airflow/example_dags/example_skip_dag.py
[2023-05-27T16:53:40.097+0000] {processor.py:743} INFO - Processing file /home/airflow/.local/lib/python3.7/site-packages/airflow/example_dags/example_skip_dag.py for tasks to queue
[2023-05-27T16:53:40.100+0000] {logging_mixin.py:137} INFO - [2023-05-27T16:53:40.100+0000] {dagbag.py:532} INFO - Filling up the DagBag from /home/airflow/.local/lib/python3.7/site-packages/airflow/example_dags/example_skip_dag.py
[2023-05-27T16:53:40.118+0000] {processor.py:753} INFO - DAG(s) dict_keys(['example_skip_dag']) retrieved from /home/airflow/.local/lib/python3.7/site-packages/airflow/example_dags/example_skip_dag.py
[2023-05-27T16:53:40.151+0000] {logging_mixin.py:137} INFO - [2023-05-27T16:53:40.151+0000] {dag.py:2705} INFO - Sync 1 DAGs
[2023-05-27T16:53:40.177+0000] {logging_mixin.py:137} INFO - [2023-05-27T16:53:40.177+0000] {dag.py:3456} INFO - Setting next_dagrun for example_skip_dag to 2023-05-26T16:53:40.177472+00:00, run_after=2023-05-27T16:53:40.177472+00:00
[2023-05-27T16:53:40.194+0000] {processor.py:175} INFO - Processing /home/airflow/.local/lib/python3.7/site-packages/airflow/example_dags/example_skip_dag.py took 0.104 seconds
[2023-05-27T16:54:10.383+0000] {processor.py:153} INFO - Started process (PID=1490) to work on /home/airflow/.local/lib/python3.7/site-packages/airflow/example_dags/example_skip_dag.py
[2023-05-27T16:54:10.384+0000] {processor.py:743} INFO - Processing file /home/airflow/.local/lib/python3.7/site-packages/airflow/example_dags/example_skip_dag.py for tasks to queue
[2023-05-27T16:54:10.385+0000] {logging_mixin.py:137} INFO - [2023-05-27T16:54:10.385+0000] {dagbag.py:532} INFO - Filling up the DagBag from /home/airflow/.local/lib/python3.7/site-packages/airflow/example_dags/example_skip_dag.py
[2023-05-27T16:54:10.401+0000] {processor.py:753} INFO - DAG(s) dict_keys(['example_skip_dag']) retrieved from /home/airflow/.local/lib/python3.7/site-packages/airflow/example_dags/example_skip_dag.py
[2023-05-27T16:54:10.428+0000] {logging_mixin.py:137} INFO - [2023-05-27T16:54:10.428+0000] {dag.py:2705} INFO - Sync 1 DAGs
[2023-05-27T16:54:10.450+0000] {logging_mixin.py:137} INFO - [2023-05-27T16:54:10.450+0000] {dag.py:3456} INFO - Setting next_dagrun for example_skip_dag to 2023-05-26T16:54:10.450544+00:00, run_after=2023-05-27T16:54:10.450544+00:00
[2023-05-27T16:54:10.466+0000] {processor.py:175} INFO - Processing /home/airflow/.local/lib/python3.7/site-packages/airflow/example_dags/example_skip_dag.py took 0.088 seconds
[2023-05-27T16:54:40.723+0000] {processor.py:153} INFO - Started process (PID=1547) to work on /home/airflow/.local/lib/python3.7/site-packages/airflow/example_dags/example_skip_dag.py
[2023-05-27T16:54:40.725+0000] {processor.py:743} INFO - Processing file /home/airflow/.local/lib/python3.7/site-packages/airflow/example_dags/example_skip_dag.py for tasks to queue
[2023-05-27T16:54:40.726+0000] {logging_mixin.py:137} INFO - [2023-05-27T16:54:40.726+0000] {dagbag.py:532} INFO - Filling up the DagBag from /home/airflow/.local/lib/python3.7/site-packages/airflow/example_dags/example_skip_dag.py
[2023-05-27T16:54:40.746+0000] {processor.py:753} INFO - DAG(s) dict_keys(['example_skip_dag']) retrieved from /home/airflow/.local/lib/python3.7/site-packages/airflow/example_dags/example_skip_dag.py
[2023-05-27T16:54:40.783+0000] {logging_mixin.py:137} INFO - [2023-05-27T16:54:40.783+0000] {dag.py:2705} INFO - Sync 1 DAGs
[2023-05-27T16:54:40.820+0000] {logging_mixin.py:137} INFO - [2023-05-27T16:54:40.820+0000] {dag.py:3456} INFO - Setting next_dagrun for example_skip_dag to 2023-05-26T16:54:40.819711+00:00, run_after=2023-05-27T16:54:40.819711+00:00
[2023-05-27T16:54:40.837+0000] {processor.py:175} INFO - Processing /home/airflow/.local/lib/python3.7/site-packages/airflow/example_dags/example_skip_dag.py took 0.119 seconds
[2023-05-27T16:55:10.922+0000] {processor.py:153} INFO - Started process (PID=1604) to work on /home/airflow/.local/lib/python3.7/site-packages/airflow/example_dags/example_skip_dag.py
[2023-05-27T16:55:10.924+0000] {processor.py:743} INFO - Processing file /home/airflow/.local/lib/python3.7/site-packages/airflow/example_dags/example_skip_dag.py for tasks to queue
[2023-05-27T16:55:10.925+0000] {logging_mixin.py:137} INFO - [2023-05-27T16:55:10.925+0000] {dagbag.py:532} INFO - Filling up the DagBag from /home/airflow/.local/lib/python3.7/site-packages/airflow/example_dags/example_skip_dag.py
[2023-05-27T16:55:10.941+0000] {processor.py:753} INFO - DAG(s) dict_keys(['example_skip_dag']) retrieved from /home/airflow/.local/lib/python3.7/site-packages/airflow/example_dags/example_skip_dag.py
[2023-05-27T16:55:10.970+0000] {logging_mixin.py:137} INFO - [2023-05-27T16:55:10.970+0000] {dag.py:2705} INFO - Sync 1 DAGs
[2023-05-27T16:55:10.994+0000] {logging_mixin.py:137} INFO - [2023-05-27T16:55:10.993+0000] {dag.py:3456} INFO - Setting next_dagrun for example_skip_dag to 2023-05-26T16:55:10.993626+00:00, run_after=2023-05-27T16:55:10.993626+00:00
[2023-05-27T16:55:11.008+0000] {processor.py:175} INFO - Processing /home/airflow/.local/lib/python3.7/site-packages/airflow/example_dags/example_skip_dag.py took 0.093 seconds
[2023-05-27T16:55:41.750+0000] {processor.py:153} INFO - Started process (PID=1661) to work on /home/airflow/.local/lib/python3.7/site-packages/airflow/example_dags/example_skip_dag.py
[2023-05-27T16:55:41.752+0000] {processor.py:743} INFO - Processing file /home/airflow/.local/lib/python3.7/site-packages/airflow/example_dags/example_skip_dag.py for tasks to queue
[2023-05-27T16:55:41.753+0000] {logging_mixin.py:137} INFO - [2023-05-27T16:55:41.753+0000] {dagbag.py:532} INFO - Filling up the DagBag from /home/airflow/.local/lib/python3.7/site-packages/airflow/example_dags/example_skip_dag.py
[2023-05-27T16:55:41.768+0000] {processor.py:753} INFO - DAG(s) dict_keys(['example_skip_dag']) retrieved from /home/airflow/.local/lib/python3.7/site-packages/airflow/example_dags/example_skip_dag.py
[2023-05-27T16:55:41.797+0000] {logging_mixin.py:137} INFO - [2023-05-27T16:55:41.797+0000] {dag.py:2705} INFO - Sync 1 DAGs
[2023-05-27T16:55:41.821+0000] {logging_mixin.py:137} INFO - [2023-05-27T16:55:41.821+0000] {dag.py:3456} INFO - Setting next_dagrun for example_skip_dag to 2023-05-26T16:55:41.821029+00:00, run_after=2023-05-27T16:55:41.821029+00:00
[2023-05-27T16:55:41.838+0000] {processor.py:175} INFO - Processing /home/airflow/.local/lib/python3.7/site-packages/airflow/example_dags/example_skip_dag.py took 0.092 seconds
[2023-05-27T16:56:11.987+0000] {processor.py:153} INFO - Started process (PID=1718) to work on /home/airflow/.local/lib/python3.7/site-packages/airflow/example_dags/example_skip_dag.py
[2023-05-27T16:56:11.989+0000] {processor.py:743} INFO - Processing file /home/airflow/.local/lib/python3.7/site-packages/airflow/example_dags/example_skip_dag.py for tasks to queue
[2023-05-27T16:56:11.990+0000] {logging_mixin.py:137} INFO - [2023-05-27T16:56:11.990+0000] {dagbag.py:532} INFO - Filling up the DagBag from /home/airflow/.local/lib/python3.7/site-packages/airflow/example_dags/example_skip_dag.py
[2023-05-27T16:56:12.007+0000] {processor.py:753} INFO - DAG(s) dict_keys(['example_skip_dag']) retrieved from /home/airflow/.local/lib/python3.7/site-packages/airflow/example_dags/example_skip_dag.py
[2023-05-27T16:56:12.037+0000] {logging_mixin.py:137} INFO - [2023-05-27T16:56:12.037+0000] {dag.py:2705} INFO - Sync 1 DAGs
[2023-05-27T16:56:12.061+0000] {logging_mixin.py:137} INFO - [2023-05-27T16:56:12.061+0000] {dag.py:3456} INFO - Setting next_dagrun for example_skip_dag to 2023-05-26T16:56:12.061158+00:00, run_after=2023-05-27T16:56:12.061158+00:00
[2023-05-27T16:56:12.076+0000] {processor.py:175} INFO - Processing /home/airflow/.local/lib/python3.7/site-packages/airflow/example_dags/example_skip_dag.py took 0.093 seconds
[2023-05-27T16:56:43.013+0000] {processor.py:153} INFO - Started process (PID=1774) to work on /home/airflow/.local/lib/python3.7/site-packages/airflow/example_dags/example_skip_dag.py
[2023-05-27T16:56:43.016+0000] {processor.py:743} INFO - Processing file /home/airflow/.local/lib/python3.7/site-packages/airflow/example_dags/example_skip_dag.py for tasks to queue
[2023-05-27T16:56:43.018+0000] {logging_mixin.py:137} INFO - [2023-05-27T16:56:43.018+0000] {dagbag.py:532} INFO - Filling up the DagBag from /home/airflow/.local/lib/python3.7/site-packages/airflow/example_dags/example_skip_dag.py
[2023-05-27T16:56:43.035+0000] {processor.py:753} INFO - DAG(s) dict_keys(['example_skip_dag']) retrieved from /home/airflow/.local/lib/python3.7/site-packages/airflow/example_dags/example_skip_dag.py
[2023-05-27T16:56:43.062+0000] {logging_mixin.py:137} INFO - [2023-05-27T16:56:43.062+0000] {dag.py:2705} INFO - Sync 1 DAGs
[2023-05-27T16:56:43.083+0000] {logging_mixin.py:137} INFO - [2023-05-27T16:56:43.083+0000] {dag.py:3456} INFO - Setting next_dagrun for example_skip_dag to 2023-05-26T16:56:43.083369+00:00, run_after=2023-05-27T16:56:43.083369+00:00
[2023-05-27T16:56:43.098+0000] {processor.py:175} INFO - Processing /home/airflow/.local/lib/python3.7/site-packages/airflow/example_dags/example_skip_dag.py took 0.091 seconds
[2023-05-27T16:57:13.843+0000] {processor.py:153} INFO - Started process (PID=1838) to work on /home/airflow/.local/lib/python3.7/site-packages/airflow/example_dags/example_skip_dag.py
[2023-05-27T16:57:13.845+0000] {processor.py:743} INFO - Processing file /home/airflow/.local/lib/python3.7/site-packages/airflow/example_dags/example_skip_dag.py for tasks to queue
[2023-05-27T16:57:13.846+0000] {logging_mixin.py:137} INFO - [2023-05-27T16:57:13.846+0000] {dagbag.py:532} INFO - Filling up the DagBag from /home/airflow/.local/lib/python3.7/site-packages/airflow/example_dags/example_skip_dag.py
[2023-05-27T16:57:13.863+0000] {processor.py:753} INFO - DAG(s) dict_keys(['example_skip_dag']) retrieved from /home/airflow/.local/lib/python3.7/site-packages/airflow/example_dags/example_skip_dag.py
[2023-05-27T16:57:13.894+0000] {logging_mixin.py:137} INFO - [2023-05-27T16:57:13.894+0000] {dag.py:2705} INFO - Sync 1 DAGs
[2023-05-27T16:57:13.915+0000] {logging_mixin.py:137} INFO - [2023-05-27T16:57:13.915+0000] {dag.py:3456} INFO - Setting next_dagrun for example_skip_dag to 2023-05-26T16:57:13.915249+00:00, run_after=2023-05-27T16:57:13.915249+00:00
[2023-05-27T16:57:13.932+0000] {processor.py:175} INFO - Processing /home/airflow/.local/lib/python3.7/site-packages/airflow/example_dags/example_skip_dag.py took 0.096 seconds
[2023-05-27T16:57:46.628+0000] {processor.py:153} INFO - Started process (PID=1895) to work on /home/airflow/.local/lib/python3.7/site-packages/airflow/example_dags/example_skip_dag.py
[2023-05-27T16:57:46.631+0000] {processor.py:743} INFO - Processing file /home/airflow/.local/lib/python3.7/site-packages/airflow/example_dags/example_skip_dag.py for tasks to queue
[2023-05-27T16:57:46.633+0000] {logging_mixin.py:137} INFO - [2023-05-27T16:57:46.633+0000] {dagbag.py:532} INFO - Filling up the DagBag from /home/airflow/.local/lib/python3.7/site-packages/airflow/example_dags/example_skip_dag.py
[2023-05-27T16:57:46.677+0000] {processor.py:753} INFO - DAG(s) dict_keys(['example_skip_dag']) retrieved from /home/airflow/.local/lib/python3.7/site-packages/airflow/example_dags/example_skip_dag.py
[2023-05-27T16:57:46.761+0000] {logging_mixin.py:137} INFO - [2023-05-27T16:57:46.761+0000] {dag.py:2705} INFO - Sync 1 DAGs
[2023-05-27T16:57:46.825+0000] {logging_mixin.py:137} INFO - [2023-05-27T16:57:46.824+0000] {dag.py:3456} INFO - Setting next_dagrun for example_skip_dag to 2023-05-26T16:57:46.824172+00:00, run_after=2023-05-27T16:57:46.824172+00:00
[2023-05-27T16:57:46.901+0000] {processor.py:175} INFO - Processing /home/airflow/.local/lib/python3.7/site-packages/airflow/example_dags/example_skip_dag.py took 0.279 seconds
[2023-05-27T16:58:17.062+0000] {processor.py:153} INFO - Started process (PID=1952) to work on /home/airflow/.local/lib/python3.7/site-packages/airflow/example_dags/example_skip_dag.py
[2023-05-27T16:58:17.063+0000] {processor.py:743} INFO - Processing file /home/airflow/.local/lib/python3.7/site-packages/airflow/example_dags/example_skip_dag.py for tasks to queue
[2023-05-27T16:58:17.064+0000] {logging_mixin.py:137} INFO - [2023-05-27T16:58:17.064+0000] {dagbag.py:532} INFO - Filling up the DagBag from /home/airflow/.local/lib/python3.7/site-packages/airflow/example_dags/example_skip_dag.py
[2023-05-27T16:58:17.078+0000] {processor.py:753} INFO - DAG(s) dict_keys(['example_skip_dag']) retrieved from /home/airflow/.local/lib/python3.7/site-packages/airflow/example_dags/example_skip_dag.py
[2023-05-27T16:58:17.106+0000] {logging_mixin.py:137} INFO - [2023-05-27T16:58:17.106+0000] {dag.py:2705} INFO - Sync 1 DAGs
[2023-05-27T16:58:17.133+0000] {logging_mixin.py:137} INFO - [2023-05-27T16:58:17.133+0000] {dag.py:3456} INFO - Setting next_dagrun for example_skip_dag to 2023-05-26T16:58:17.133466+00:00, run_after=2023-05-27T16:58:17.133466+00:00
[2023-05-27T16:58:17.150+0000] {processor.py:175} INFO - Processing /home/airflow/.local/lib/python3.7/site-packages/airflow/example_dags/example_skip_dag.py took 0.092 seconds
[2023-05-27T16:58:47.687+0000] {processor.py:153} INFO - Started process (PID=2009) to work on /home/airflow/.local/lib/python3.7/site-packages/airflow/example_dags/example_skip_dag.py
[2023-05-27T16:58:47.689+0000] {processor.py:743} INFO - Processing file /home/airflow/.local/lib/python3.7/site-packages/airflow/example_dags/example_skip_dag.py for tasks to queue
[2023-05-27T16:58:47.690+0000] {logging_mixin.py:137} INFO - [2023-05-27T16:58:47.690+0000] {dagbag.py:532} INFO - Filling up the DagBag from /home/airflow/.local/lib/python3.7/site-packages/airflow/example_dags/example_skip_dag.py
[2023-05-27T16:58:47.703+0000] {processor.py:753} INFO - DAG(s) dict_keys(['example_skip_dag']) retrieved from /home/airflow/.local/lib/python3.7/site-packages/airflow/example_dags/example_skip_dag.py
[2023-05-27T16:58:47.729+0000] {logging_mixin.py:137} INFO - [2023-05-27T16:58:47.729+0000] {dag.py:2705} INFO - Sync 1 DAGs
[2023-05-27T16:58:47.750+0000] {logging_mixin.py:137} INFO - [2023-05-27T16:58:47.750+0000] {dag.py:3456} INFO - Setting next_dagrun for example_skip_dag to 2023-05-26T16:58:47.750342+00:00, run_after=2023-05-27T16:58:47.750342+00:00
[2023-05-27T16:58:47.765+0000] {processor.py:175} INFO - Processing /home/airflow/.local/lib/python3.7/site-packages/airflow/example_dags/example_skip_dag.py took 0.081 seconds
[2023-05-27T16:59:18.472+0000] {processor.py:153} INFO - Started process (PID=2066) to work on /home/airflow/.local/lib/python3.7/site-packages/airflow/example_dags/example_skip_dag.py
[2023-05-27T16:59:18.475+0000] {processor.py:743} INFO - Processing file /home/airflow/.local/lib/python3.7/site-packages/airflow/example_dags/example_skip_dag.py for tasks to queue
[2023-05-27T16:59:18.476+0000] {logging_mixin.py:137} INFO - [2023-05-27T16:59:18.476+0000] {dagbag.py:532} INFO - Filling up the DagBag from /home/airflow/.local/lib/python3.7/site-packages/airflow/example_dags/example_skip_dag.py
[2023-05-27T16:59:18.492+0000] {processor.py:753} INFO - DAG(s) dict_keys(['example_skip_dag']) retrieved from /home/airflow/.local/lib/python3.7/site-packages/airflow/example_dags/example_skip_dag.py
[2023-05-27T16:59:18.519+0000] {logging_mixin.py:137} INFO - [2023-05-27T16:59:18.518+0000] {dag.py:2705} INFO - Sync 1 DAGs
[2023-05-27T16:59:18.540+0000] {logging_mixin.py:137} INFO - [2023-05-27T16:59:18.540+0000] {dag.py:3456} INFO - Setting next_dagrun for example_skip_dag to 2023-05-26T16:59:18.540412+00:00, run_after=2023-05-27T16:59:18.540412+00:00
[2023-05-27T16:59:18.555+0000] {processor.py:175} INFO - Processing /home/airflow/.local/lib/python3.7/site-packages/airflow/example_dags/example_skip_dag.py took 0.087 seconds
[2023-05-27T16:59:49.316+0000] {processor.py:153} INFO - Started process (PID=2123) to work on /home/airflow/.local/lib/python3.7/site-packages/airflow/example_dags/example_skip_dag.py
[2023-05-27T16:59:49.318+0000] {processor.py:743} INFO - Processing file /home/airflow/.local/lib/python3.7/site-packages/airflow/example_dags/example_skip_dag.py for tasks to queue
[2023-05-27T16:59:49.319+0000] {logging_mixin.py:137} INFO - [2023-05-27T16:59:49.318+0000] {dagbag.py:532} INFO - Filling up the DagBag from /home/airflow/.local/lib/python3.7/site-packages/airflow/example_dags/example_skip_dag.py
[2023-05-27T16:59:49.333+0000] {processor.py:753} INFO - DAG(s) dict_keys(['example_skip_dag']) retrieved from /home/airflow/.local/lib/python3.7/site-packages/airflow/example_dags/example_skip_dag.py
[2023-05-27T16:59:49.364+0000] {logging_mixin.py:137} INFO - [2023-05-27T16:59:49.363+0000] {dag.py:2705} INFO - Sync 1 DAGs
[2023-05-27T16:59:49.393+0000] {logging_mixin.py:137} INFO - [2023-05-27T16:59:49.393+0000] {dag.py:3456} INFO - Setting next_dagrun for example_skip_dag to 2023-05-26T16:59:49.393289+00:00, run_after=2023-05-27T16:59:49.393289+00:00
[2023-05-27T16:59:49.412+0000] {processor.py:175} INFO - Processing /home/airflow/.local/lib/python3.7/site-packages/airflow/example_dags/example_skip_dag.py took 0.099 seconds
[2023-05-27T17:00:19.993+0000] {processor.py:153} INFO - Started process (PID=2180) to work on /home/airflow/.local/lib/python3.7/site-packages/airflow/example_dags/example_skip_dag.py
[2023-05-27T17:00:19.997+0000] {processor.py:743} INFO - Processing file /home/airflow/.local/lib/python3.7/site-packages/airflow/example_dags/example_skip_dag.py for tasks to queue
[2023-05-27T17:00:19.998+0000] {logging_mixin.py:137} INFO - [2023-05-27T17:00:19.998+0000] {dagbag.py:532} INFO - Filling up the DagBag from /home/airflow/.local/lib/python3.7/site-packages/airflow/example_dags/example_skip_dag.py
[2023-05-27T17:00:20.031+0000] {processor.py:753} INFO - DAG(s) dict_keys(['example_skip_dag']) retrieved from /home/airflow/.local/lib/python3.7/site-packages/airflow/example_dags/example_skip_dag.py
[2023-05-27T17:00:20.088+0000] {logging_mixin.py:137} INFO - [2023-05-27T17:00:20.088+0000] {dag.py:2705} INFO - Sync 1 DAGs
[2023-05-27T17:00:20.130+0000] {logging_mixin.py:137} INFO - [2023-05-27T17:00:20.130+0000] {dag.py:3456} INFO - Setting next_dagrun for example_skip_dag to 2023-05-26T17:00:20.129723+00:00, run_after=2023-05-27T17:00:20.129723+00:00
[2023-05-27T17:00:20.229+0000] {processor.py:175} INFO - Processing /home/airflow/.local/lib/python3.7/site-packages/airflow/example_dags/example_skip_dag.py took 0.242 seconds
[2023-05-27T17:00:51.235+0000] {processor.py:153} INFO - Started process (PID=2237) to work on /home/airflow/.local/lib/python3.7/site-packages/airflow/example_dags/example_skip_dag.py
[2023-05-27T17:00:51.240+0000] {processor.py:743} INFO - Processing file /home/airflow/.local/lib/python3.7/site-packages/airflow/example_dags/example_skip_dag.py for tasks to queue
[2023-05-27T17:00:51.245+0000] {logging_mixin.py:137} INFO - [2023-05-27T17:00:51.244+0000] {dagbag.py:532} INFO - Filling up the DagBag from /home/airflow/.local/lib/python3.7/site-packages/airflow/example_dags/example_skip_dag.py
[2023-05-27T17:00:51.290+0000] {processor.py:753} INFO - DAG(s) dict_keys(['example_skip_dag']) retrieved from /home/airflow/.local/lib/python3.7/site-packages/airflow/example_dags/example_skip_dag.py
[2023-05-27T17:00:51.382+0000] {logging_mixin.py:137} INFO - [2023-05-27T17:00:51.382+0000] {dag.py:2705} INFO - Sync 1 DAGs
[2023-05-27T17:00:51.423+0000] {logging_mixin.py:137} INFO - [2023-05-27T17:00:51.423+0000] {dag.py:3456} INFO - Setting next_dagrun for example_skip_dag to 2023-05-26T17:00:51.423273+00:00, run_after=2023-05-27T17:00:51.423273+00:00
[2023-05-27T17:00:51.457+0000] {processor.py:175} INFO - Processing /home/airflow/.local/lib/python3.7/site-packages/airflow/example_dags/example_skip_dag.py took 0.248 seconds
