[2023-05-27T16:41:25.604+0000] {processor.py:153} INFO - Started process (PID=63) to work on /home/airflow/.local/lib/python3.7/site-packages/airflow/example_dags/example_task_group.py
[2023-05-27T16:41:25.606+0000] {processor.py:743} INFO - Processing file /home/airflow/.local/lib/python3.7/site-packages/airflow/example_dags/example_task_group.py for tasks to queue
[2023-05-27T16:41:25.607+0000] {logging_mixin.py:137} INFO - [2023-05-27T16:41:25.607+0000] {dagbag.py:532} INFO - Filling up the DagBag from /home/airflow/.local/lib/python3.7/site-packages/airflow/example_dags/example_task_group.py
[2023-05-27T16:41:25.638+0000] {processor.py:753} INFO - DAG(s) dict_keys(['example_task_group']) retrieved from /home/airflow/.local/lib/python3.7/site-packages/airflow/example_dags/example_task_group.py
[2023-05-27T16:41:25.682+0000] {logging_mixin.py:137} INFO - [2023-05-27T16:41:25.682+0000] {dag.py:2705} INFO - Sync 1 DAGs
[2023-05-27T16:41:25.725+0000] {logging_mixin.py:137} INFO - [2023-05-27T16:41:25.725+0000] {dag.py:3456} INFO - Setting next_dagrun for example_task_group to 2023-05-26T16:41:25.724834+00:00, run_after=2023-05-27T16:41:25.724834+00:00
[2023-05-27T16:41:25.753+0000] {processor.py:175} INFO - Processing /home/airflow/.local/lib/python3.7/site-packages/airflow/example_dags/example_task_group.py took 0.155 seconds
[2023-05-27T16:41:55.982+0000] {processor.py:153} INFO - Started process (PID=120) to work on /home/airflow/.local/lib/python3.7/site-packages/airflow/example_dags/example_task_group.py
[2023-05-27T16:41:55.983+0000] {processor.py:743} INFO - Processing file /home/airflow/.local/lib/python3.7/site-packages/airflow/example_dags/example_task_group.py for tasks to queue
[2023-05-27T16:41:55.985+0000] {logging_mixin.py:137} INFO - [2023-05-27T16:41:55.985+0000] {dagbag.py:532} INFO - Filling up the DagBag from /home/airflow/.local/lib/python3.7/site-packages/airflow/example_dags/example_task_group.py
[2023-05-27T16:41:56.000+0000] {processor.py:753} INFO - DAG(s) dict_keys(['example_task_group']) retrieved from /home/airflow/.local/lib/python3.7/site-packages/airflow/example_dags/example_task_group.py
[2023-05-27T16:41:56.025+0000] {logging_mixin.py:137} INFO - [2023-05-27T16:41:56.025+0000] {dag.py:2705} INFO - Sync 1 DAGs
[2023-05-27T16:41:56.047+0000] {logging_mixin.py:137} INFO - [2023-05-27T16:41:56.047+0000] {dag.py:3456} INFO - Setting next_dagrun for example_task_group to 2023-05-26T16:41:56.047432+00:00, run_after=2023-05-27T16:41:56.047432+00:00
[2023-05-27T16:41:56.062+0000] {processor.py:175} INFO - Processing /home/airflow/.local/lib/python3.7/site-packages/airflow/example_dags/example_task_group.py took 0.084 seconds
[2023-05-27T16:42:26.958+0000] {processor.py:153} INFO - Started process (PID=177) to work on /home/airflow/.local/lib/python3.7/site-packages/airflow/example_dags/example_task_group.py
[2023-05-27T16:42:26.962+0000] {processor.py:743} INFO - Processing file /home/airflow/.local/lib/python3.7/site-packages/airflow/example_dags/example_task_group.py for tasks to queue
[2023-05-27T16:42:26.964+0000] {logging_mixin.py:137} INFO - [2023-05-27T16:42:26.964+0000] {dagbag.py:532} INFO - Filling up the DagBag from /home/airflow/.local/lib/python3.7/site-packages/airflow/example_dags/example_task_group.py
[2023-05-27T16:42:26.992+0000] {processor.py:753} INFO - DAG(s) dict_keys(['example_task_group']) retrieved from /home/airflow/.local/lib/python3.7/site-packages/airflow/example_dags/example_task_group.py
[2023-05-27T16:42:27.026+0000] {logging_mixin.py:137} INFO - [2023-05-27T16:42:27.026+0000] {dag.py:2705} INFO - Sync 1 DAGs
[2023-05-27T16:42:27.059+0000] {logging_mixin.py:137} INFO - [2023-05-27T16:42:27.059+0000] {dag.py:3456} INFO - Setting next_dagrun for example_task_group to 2023-05-26T16:42:27.059001+00:00, run_after=2023-05-27T16:42:27.059001+00:00
[2023-05-27T16:42:27.077+0000] {processor.py:175} INFO - Processing /home/airflow/.local/lib/python3.7/site-packages/airflow/example_dags/example_task_group.py took 0.125 seconds
[2023-05-27T16:42:57.525+0000] {processor.py:153} INFO - Started process (PID=234) to work on /home/airflow/.local/lib/python3.7/site-packages/airflow/example_dags/example_task_group.py
[2023-05-27T16:42:57.527+0000] {processor.py:743} INFO - Processing file /home/airflow/.local/lib/python3.7/site-packages/airflow/example_dags/example_task_group.py for tasks to queue
[2023-05-27T16:42:57.528+0000] {logging_mixin.py:137} INFO - [2023-05-27T16:42:57.527+0000] {dagbag.py:532} INFO - Filling up the DagBag from /home/airflow/.local/lib/python3.7/site-packages/airflow/example_dags/example_task_group.py
[2023-05-27T16:42:57.542+0000] {processor.py:753} INFO - DAG(s) dict_keys(['example_task_group']) retrieved from /home/airflow/.local/lib/python3.7/site-packages/airflow/example_dags/example_task_group.py
[2023-05-27T16:42:57.567+0000] {logging_mixin.py:137} INFO - [2023-05-27T16:42:57.567+0000] {dag.py:2705} INFO - Sync 1 DAGs
[2023-05-27T16:42:57.588+0000] {logging_mixin.py:137} INFO - [2023-05-27T16:42:57.588+0000] {dag.py:3456} INFO - Setting next_dagrun for example_task_group to 2023-05-26T16:42:57.588256+00:00, run_after=2023-05-27T16:42:57.588256+00:00
[2023-05-27T16:42:57.603+0000] {processor.py:175} INFO - Processing /home/airflow/.local/lib/python3.7/site-packages/airflow/example_dags/example_task_group.py took 0.081 seconds
[2023-05-27T16:43:28.131+0000] {processor.py:153} INFO - Started process (PID=292) to work on /home/airflow/.local/lib/python3.7/site-packages/airflow/example_dags/example_task_group.py
[2023-05-27T16:43:28.132+0000] {processor.py:743} INFO - Processing file /home/airflow/.local/lib/python3.7/site-packages/airflow/example_dags/example_task_group.py for tasks to queue
[2023-05-27T16:43:28.134+0000] {logging_mixin.py:137} INFO - [2023-05-27T16:43:28.134+0000] {dagbag.py:532} INFO - Filling up the DagBag from /home/airflow/.local/lib/python3.7/site-packages/airflow/example_dags/example_task_group.py
[2023-05-27T16:43:28.168+0000] {processor.py:753} INFO - DAG(s) dict_keys(['example_task_group']) retrieved from /home/airflow/.local/lib/python3.7/site-packages/airflow/example_dags/example_task_group.py
[2023-05-27T16:43:28.207+0000] {logging_mixin.py:137} INFO - [2023-05-27T16:43:28.207+0000] {dag.py:2705} INFO - Sync 1 DAGs
[2023-05-27T16:43:28.242+0000] {logging_mixin.py:137} INFO - [2023-05-27T16:43:28.242+0000] {dag.py:3456} INFO - Setting next_dagrun for example_task_group to 2023-05-26T16:43:28.241696+00:00, run_after=2023-05-27T16:43:28.241696+00:00
[2023-05-27T16:43:28.261+0000] {processor.py:175} INFO - Processing /home/airflow/.local/lib/python3.7/site-packages/airflow/example_dags/example_task_group.py took 0.136 seconds
[2023-05-27T16:43:59.354+0000] {processor.py:153} INFO - Started process (PID=348) to work on /home/airflow/.local/lib/python3.7/site-packages/airflow/example_dags/example_task_group.py
[2023-05-27T16:43:59.356+0000] {processor.py:743} INFO - Processing file /home/airflow/.local/lib/python3.7/site-packages/airflow/example_dags/example_task_group.py for tasks to queue
[2023-05-27T16:43:59.357+0000] {logging_mixin.py:137} INFO - [2023-05-27T16:43:59.357+0000] {dagbag.py:532} INFO - Filling up the DagBag from /home/airflow/.local/lib/python3.7/site-packages/airflow/example_dags/example_task_group.py
[2023-05-27T16:43:59.387+0000] {processor.py:753} INFO - DAG(s) dict_keys(['example_task_group']) retrieved from /home/airflow/.local/lib/python3.7/site-packages/airflow/example_dags/example_task_group.py
[2023-05-27T16:43:59.422+0000] {logging_mixin.py:137} INFO - [2023-05-27T16:43:59.422+0000] {dag.py:2705} INFO - Sync 1 DAGs
[2023-05-27T16:43:59.446+0000] {logging_mixin.py:137} INFO - [2023-05-27T16:43:59.446+0000] {dag.py:3456} INFO - Setting next_dagrun for example_task_group to 2023-05-26T16:43:59.446367+00:00, run_after=2023-05-27T16:43:59.446367+00:00
[2023-05-27T16:43:59.464+0000] {processor.py:175} INFO - Processing /home/airflow/.local/lib/python3.7/site-packages/airflow/example_dags/example_task_group.py took 0.114 seconds
[2023-05-27T16:44:30.285+0000] {processor.py:153} INFO - Started process (PID=405) to work on /home/airflow/.local/lib/python3.7/site-packages/airflow/example_dags/example_task_group.py
[2023-05-27T16:44:30.286+0000] {processor.py:743} INFO - Processing file /home/airflow/.local/lib/python3.7/site-packages/airflow/example_dags/example_task_group.py for tasks to queue
[2023-05-27T16:44:30.287+0000] {logging_mixin.py:137} INFO - [2023-05-27T16:44:30.287+0000] {dagbag.py:532} INFO - Filling up the DagBag from /home/airflow/.local/lib/python3.7/site-packages/airflow/example_dags/example_task_group.py
[2023-05-27T16:44:30.304+0000] {processor.py:753} INFO - DAG(s) dict_keys(['example_task_group']) retrieved from /home/airflow/.local/lib/python3.7/site-packages/airflow/example_dags/example_task_group.py
[2023-05-27T16:44:30.332+0000] {logging_mixin.py:137} INFO - [2023-05-27T16:44:30.332+0000] {dag.py:2705} INFO - Sync 1 DAGs
[2023-05-27T16:44:30.355+0000] {logging_mixin.py:137} INFO - [2023-05-27T16:44:30.355+0000] {dag.py:3456} INFO - Setting next_dagrun for example_task_group to 2023-05-26T16:44:30.354734+00:00, run_after=2023-05-27T16:44:30.354734+00:00
[2023-05-27T16:44:30.369+0000] {processor.py:175} INFO - Processing /home/airflow/.local/lib/python3.7/site-packages/airflow/example_dags/example_task_group.py took 0.088 seconds
[2023-05-27T16:45:00.720+0000] {processor.py:153} INFO - Started process (PID=461) to work on /home/airflow/.local/lib/python3.7/site-packages/airflow/example_dags/example_task_group.py
[2023-05-27T16:45:00.722+0000] {processor.py:743} INFO - Processing file /home/airflow/.local/lib/python3.7/site-packages/airflow/example_dags/example_task_group.py for tasks to queue
[2023-05-27T16:45:00.723+0000] {logging_mixin.py:137} INFO - [2023-05-27T16:45:00.723+0000] {dagbag.py:532} INFO - Filling up the DagBag from /home/airflow/.local/lib/python3.7/site-packages/airflow/example_dags/example_task_group.py
[2023-05-27T16:45:00.739+0000] {processor.py:753} INFO - DAG(s) dict_keys(['example_task_group']) retrieved from /home/airflow/.local/lib/python3.7/site-packages/airflow/example_dags/example_task_group.py
[2023-05-27T16:45:00.770+0000] {logging_mixin.py:137} INFO - [2023-05-27T16:45:00.770+0000] {dag.py:2705} INFO - Sync 1 DAGs
[2023-05-27T16:45:00.800+0000] {logging_mixin.py:137} INFO - [2023-05-27T16:45:00.800+0000] {dag.py:3456} INFO - Setting next_dagrun for example_task_group to 2023-05-26T16:45:00.799946+00:00, run_after=2023-05-27T16:45:00.799946+00:00
[2023-05-27T16:45:00.821+0000] {processor.py:175} INFO - Processing /home/airflow/.local/lib/python3.7/site-packages/airflow/example_dags/example_task_group.py took 0.104 seconds
[2023-05-27T16:45:31.248+0000] {processor.py:153} INFO - Started process (PID=517) to work on /home/airflow/.local/lib/python3.7/site-packages/airflow/example_dags/example_task_group.py
[2023-05-27T16:45:31.249+0000] {processor.py:743} INFO - Processing file /home/airflow/.local/lib/python3.7/site-packages/airflow/example_dags/example_task_group.py for tasks to queue
[2023-05-27T16:45:31.250+0000] {logging_mixin.py:137} INFO - [2023-05-27T16:45:31.250+0000] {dagbag.py:532} INFO - Filling up the DagBag from /home/airflow/.local/lib/python3.7/site-packages/airflow/example_dags/example_task_group.py
[2023-05-27T16:45:31.265+0000] {processor.py:753} INFO - DAG(s) dict_keys(['example_task_group']) retrieved from /home/airflow/.local/lib/python3.7/site-packages/airflow/example_dags/example_task_group.py
[2023-05-27T16:45:31.291+0000] {logging_mixin.py:137} INFO - [2023-05-27T16:45:31.291+0000] {dag.py:2705} INFO - Sync 1 DAGs
[2023-05-27T16:45:31.312+0000] {logging_mixin.py:137} INFO - [2023-05-27T16:45:31.312+0000] {dag.py:3456} INFO - Setting next_dagrun for example_task_group to 2023-05-26T16:45:31.312254+00:00, run_after=2023-05-27T16:45:31.312254+00:00
[2023-05-27T16:45:31.326+0000] {processor.py:175} INFO - Processing /home/airflow/.local/lib/python3.7/site-packages/airflow/example_dags/example_task_group.py took 0.081 seconds
[2023-05-27T16:46:01.975+0000] {processor.py:153} INFO - Started process (PID=574) to work on /home/airflow/.local/lib/python3.7/site-packages/airflow/example_dags/example_task_group.py
[2023-05-27T16:46:01.977+0000] {processor.py:743} INFO - Processing file /home/airflow/.local/lib/python3.7/site-packages/airflow/example_dags/example_task_group.py for tasks to queue
[2023-05-27T16:46:01.978+0000] {logging_mixin.py:137} INFO - [2023-05-27T16:46:01.978+0000] {dagbag.py:532} INFO - Filling up the DagBag from /home/airflow/.local/lib/python3.7/site-packages/airflow/example_dags/example_task_group.py
[2023-05-27T16:46:02.001+0000] {processor.py:753} INFO - DAG(s) dict_keys(['example_task_group']) retrieved from /home/airflow/.local/lib/python3.7/site-packages/airflow/example_dags/example_task_group.py
[2023-05-27T16:46:02.039+0000] {logging_mixin.py:137} INFO - [2023-05-27T16:46:02.039+0000] {dag.py:2705} INFO - Sync 1 DAGs
[2023-05-27T16:46:02.072+0000] {logging_mixin.py:137} INFO - [2023-05-27T16:46:02.072+0000] {dag.py:3456} INFO - Setting next_dagrun for example_task_group to 2023-05-26T16:46:02.071800+00:00, run_after=2023-05-27T16:46:02.071800+00:00
[2023-05-27T16:46:02.093+0000] {processor.py:175} INFO - Processing /home/airflow/.local/lib/python3.7/site-packages/airflow/example_dags/example_task_group.py took 0.122 seconds
[2023-05-27T16:46:32.379+0000] {processor.py:153} INFO - Started process (PID=631) to work on /home/airflow/.local/lib/python3.7/site-packages/airflow/example_dags/example_task_group.py
[2023-05-27T16:46:32.381+0000] {processor.py:743} INFO - Processing file /home/airflow/.local/lib/python3.7/site-packages/airflow/example_dags/example_task_group.py for tasks to queue
[2023-05-27T16:46:32.382+0000] {logging_mixin.py:137} INFO - [2023-05-27T16:46:32.381+0000] {dagbag.py:532} INFO - Filling up the DagBag from /home/airflow/.local/lib/python3.7/site-packages/airflow/example_dags/example_task_group.py
[2023-05-27T16:46:32.397+0000] {processor.py:753} INFO - DAG(s) dict_keys(['example_task_group']) retrieved from /home/airflow/.local/lib/python3.7/site-packages/airflow/example_dags/example_task_group.py
[2023-05-27T16:46:32.423+0000] {logging_mixin.py:137} INFO - [2023-05-27T16:46:32.423+0000] {dag.py:2705} INFO - Sync 1 DAGs
[2023-05-27T16:46:32.444+0000] {logging_mixin.py:137} INFO - [2023-05-27T16:46:32.443+0000] {dag.py:3456} INFO - Setting next_dagrun for example_task_group to 2023-05-26T16:46:32.443682+00:00, run_after=2023-05-27T16:46:32.443682+00:00
[2023-05-27T16:46:32.459+0000] {processor.py:175} INFO - Processing /home/airflow/.local/lib/python3.7/site-packages/airflow/example_dags/example_task_group.py took 0.082 seconds
[2023-05-27T16:47:03.005+0000] {processor.py:153} INFO - Started process (PID=688) to work on /home/airflow/.local/lib/python3.7/site-packages/airflow/example_dags/example_task_group.py
[2023-05-27T16:47:03.007+0000] {processor.py:743} INFO - Processing file /home/airflow/.local/lib/python3.7/site-packages/airflow/example_dags/example_task_group.py for tasks to queue
[2023-05-27T16:47:03.007+0000] {logging_mixin.py:137} INFO - [2023-05-27T16:47:03.007+0000] {dagbag.py:532} INFO - Filling up the DagBag from /home/airflow/.local/lib/python3.7/site-packages/airflow/example_dags/example_task_group.py
[2023-05-27T16:47:03.022+0000] {processor.py:753} INFO - DAG(s) dict_keys(['example_task_group']) retrieved from /home/airflow/.local/lib/python3.7/site-packages/airflow/example_dags/example_task_group.py
[2023-05-27T16:47:03.050+0000] {logging_mixin.py:137} INFO - [2023-05-27T16:47:03.050+0000] {dag.py:2705} INFO - Sync 1 DAGs
[2023-05-27T16:47:03.075+0000] {logging_mixin.py:137} INFO - [2023-05-27T16:47:03.075+0000] {dag.py:3456} INFO - Setting next_dagrun for example_task_group to 2023-05-26T16:47:03.074677+00:00, run_after=2023-05-27T16:47:03.074677+00:00
[2023-05-27T16:47:03.093+0000] {processor.py:175} INFO - Processing /home/airflow/.local/lib/python3.7/site-packages/airflow/example_dags/example_task_group.py took 0.092 seconds
[2023-05-27T16:47:33.675+0000] {processor.py:153} INFO - Started process (PID=745) to work on /home/airflow/.local/lib/python3.7/site-packages/airflow/example_dags/example_task_group.py
[2023-05-27T16:47:33.676+0000] {processor.py:743} INFO - Processing file /home/airflow/.local/lib/python3.7/site-packages/airflow/example_dags/example_task_group.py for tasks to queue
[2023-05-27T16:47:33.677+0000] {logging_mixin.py:137} INFO - [2023-05-27T16:47:33.677+0000] {dagbag.py:532} INFO - Filling up the DagBag from /home/airflow/.local/lib/python3.7/site-packages/airflow/example_dags/example_task_group.py
[2023-05-27T16:47:33.692+0000] {processor.py:753} INFO - DAG(s) dict_keys(['example_task_group']) retrieved from /home/airflow/.local/lib/python3.7/site-packages/airflow/example_dags/example_task_group.py
[2023-05-27T16:47:33.718+0000] {logging_mixin.py:137} INFO - [2023-05-27T16:47:33.718+0000] {dag.py:2705} INFO - Sync 1 DAGs
[2023-05-27T16:47:33.739+0000] {logging_mixin.py:137} INFO - [2023-05-27T16:47:33.739+0000] {dag.py:3456} INFO - Setting next_dagrun for example_task_group to 2023-05-26T16:47:33.739036+00:00, run_after=2023-05-27T16:47:33.739036+00:00
[2023-05-27T16:47:33.754+0000] {processor.py:175} INFO - Processing /home/airflow/.local/lib/python3.7/site-packages/airflow/example_dags/example_task_group.py took 0.082 seconds
[2023-05-27T16:48:04.385+0000] {processor.py:153} INFO - Started process (PID=802) to work on /home/airflow/.local/lib/python3.7/site-packages/airflow/example_dags/example_task_group.py
[2023-05-27T16:48:04.386+0000] {processor.py:743} INFO - Processing file /home/airflow/.local/lib/python3.7/site-packages/airflow/example_dags/example_task_group.py for tasks to queue
[2023-05-27T16:48:04.387+0000] {logging_mixin.py:137} INFO - [2023-05-27T16:48:04.387+0000] {dagbag.py:532} INFO - Filling up the DagBag from /home/airflow/.local/lib/python3.7/site-packages/airflow/example_dags/example_task_group.py
[2023-05-27T16:48:04.405+0000] {processor.py:753} INFO - DAG(s) dict_keys(['example_task_group']) retrieved from /home/airflow/.local/lib/python3.7/site-packages/airflow/example_dags/example_task_group.py
[2023-05-27T16:48:04.435+0000] {logging_mixin.py:137} INFO - [2023-05-27T16:48:04.435+0000] {dag.py:2705} INFO - Sync 1 DAGs
[2023-05-27T16:48:04.468+0000] {logging_mixin.py:137} INFO - [2023-05-27T16:48:04.468+0000] {dag.py:3456} INFO - Setting next_dagrun for example_task_group to 2023-05-26T16:48:04.468045+00:00, run_after=2023-05-27T16:48:04.468045+00:00
[2023-05-27T16:48:04.486+0000] {processor.py:175} INFO - Processing /home/airflow/.local/lib/python3.7/site-packages/airflow/example_dags/example_task_group.py took 0.105 seconds
[2023-05-27T16:48:34.851+0000] {processor.py:153} INFO - Started process (PID=859) to work on /home/airflow/.local/lib/python3.7/site-packages/airflow/example_dags/example_task_group.py
[2023-05-27T16:48:34.852+0000] {processor.py:743} INFO - Processing file /home/airflow/.local/lib/python3.7/site-packages/airflow/example_dags/example_task_group.py for tasks to queue
[2023-05-27T16:48:34.853+0000] {logging_mixin.py:137} INFO - [2023-05-27T16:48:34.853+0000] {dagbag.py:532} INFO - Filling up the DagBag from /home/airflow/.local/lib/python3.7/site-packages/airflow/example_dags/example_task_group.py
[2023-05-27T16:48:34.867+0000] {processor.py:753} INFO - DAG(s) dict_keys(['example_task_group']) retrieved from /home/airflow/.local/lib/python3.7/site-packages/airflow/example_dags/example_task_group.py
[2023-05-27T16:48:34.892+0000] {logging_mixin.py:137} INFO - [2023-05-27T16:48:34.892+0000] {dag.py:2705} INFO - Sync 1 DAGs
[2023-05-27T16:48:34.913+0000] {logging_mixin.py:137} INFO - [2023-05-27T16:48:34.913+0000] {dag.py:3456} INFO - Setting next_dagrun for example_task_group to 2023-05-26T16:48:34.913290+00:00, run_after=2023-05-27T16:48:34.913290+00:00
[2023-05-27T16:48:34.928+0000] {processor.py:175} INFO - Processing /home/airflow/.local/lib/python3.7/site-packages/airflow/example_dags/example_task_group.py took 0.081 seconds
[2023-05-27T16:49:05.625+0000] {processor.py:153} INFO - Started process (PID=916) to work on /home/airflow/.local/lib/python3.7/site-packages/airflow/example_dags/example_task_group.py
[2023-05-27T16:49:05.626+0000] {processor.py:743} INFO - Processing file /home/airflow/.local/lib/python3.7/site-packages/airflow/example_dags/example_task_group.py for tasks to queue
[2023-05-27T16:49:05.627+0000] {logging_mixin.py:137} INFO - [2023-05-27T16:49:05.627+0000] {dagbag.py:532} INFO - Filling up the DagBag from /home/airflow/.local/lib/python3.7/site-packages/airflow/example_dags/example_task_group.py
[2023-05-27T16:49:05.642+0000] {processor.py:753} INFO - DAG(s) dict_keys(['example_task_group']) retrieved from /home/airflow/.local/lib/python3.7/site-packages/airflow/example_dags/example_task_group.py
[2023-05-27T16:49:05.667+0000] {logging_mixin.py:137} INFO - [2023-05-27T16:49:05.667+0000] {dag.py:2705} INFO - Sync 1 DAGs
[2023-05-27T16:49:05.689+0000] {logging_mixin.py:137} INFO - [2023-05-27T16:49:05.688+0000] {dag.py:3456} INFO - Setting next_dagrun for example_task_group to 2023-05-26T16:49:05.688749+00:00, run_after=2023-05-27T16:49:05.688749+00:00
[2023-05-27T16:49:05.704+0000] {processor.py:175} INFO - Processing /home/airflow/.local/lib/python3.7/site-packages/airflow/example_dags/example_task_group.py took 0.082 seconds
[2023-05-27T16:49:36.101+0000] {processor.py:153} INFO - Started process (PID=973) to work on /home/airflow/.local/lib/python3.7/site-packages/airflow/example_dags/example_task_group.py
[2023-05-27T16:49:36.102+0000] {processor.py:743} INFO - Processing file /home/airflow/.local/lib/python3.7/site-packages/airflow/example_dags/example_task_group.py for tasks to queue
[2023-05-27T16:49:36.102+0000] {logging_mixin.py:137} INFO - [2023-05-27T16:49:36.102+0000] {dagbag.py:532} INFO - Filling up the DagBag from /home/airflow/.local/lib/python3.7/site-packages/airflow/example_dags/example_task_group.py
[2023-05-27T16:49:36.117+0000] {processor.py:753} INFO - DAG(s) dict_keys(['example_task_group']) retrieved from /home/airflow/.local/lib/python3.7/site-packages/airflow/example_dags/example_task_group.py
[2023-05-27T16:49:36.142+0000] {logging_mixin.py:137} INFO - [2023-05-27T16:49:36.142+0000] {dag.py:2705} INFO - Sync 1 DAGs
[2023-05-27T16:49:36.163+0000] {logging_mixin.py:137} INFO - [2023-05-27T16:49:36.163+0000] {dag.py:3456} INFO - Setting next_dagrun for example_task_group to 2023-05-26T16:49:36.163089+00:00, run_after=2023-05-27T16:49:36.163089+00:00
[2023-05-27T16:49:36.178+0000] {processor.py:175} INFO - Processing /home/airflow/.local/lib/python3.7/site-packages/airflow/example_dags/example_task_group.py took 0.081 seconds
[2023-05-27T16:50:06.496+0000] {processor.py:153} INFO - Started process (PID=1030) to work on /home/airflow/.local/lib/python3.7/site-packages/airflow/example_dags/example_task_group.py
[2023-05-27T16:50:06.497+0000] {processor.py:743} INFO - Processing file /home/airflow/.local/lib/python3.7/site-packages/airflow/example_dags/example_task_group.py for tasks to queue
[2023-05-27T16:50:06.498+0000] {logging_mixin.py:137} INFO - [2023-05-27T16:50:06.498+0000] {dagbag.py:532} INFO - Filling up the DagBag from /home/airflow/.local/lib/python3.7/site-packages/airflow/example_dags/example_task_group.py
[2023-05-27T16:50:06.513+0000] {processor.py:753} INFO - DAG(s) dict_keys(['example_task_group']) retrieved from /home/airflow/.local/lib/python3.7/site-packages/airflow/example_dags/example_task_group.py
[2023-05-27T16:50:06.539+0000] {logging_mixin.py:137} INFO - [2023-05-27T16:50:06.539+0000] {dag.py:2705} INFO - Sync 1 DAGs
[2023-05-27T16:50:06.560+0000] {logging_mixin.py:137} INFO - [2023-05-27T16:50:06.560+0000] {dag.py:3456} INFO - Setting next_dagrun for example_task_group to 2023-05-26T16:50:06.560185+00:00, run_after=2023-05-27T16:50:06.560185+00:00
[2023-05-27T16:50:06.576+0000] {processor.py:175} INFO - Processing /home/airflow/.local/lib/python3.7/site-packages/airflow/example_dags/example_task_group.py took 0.084 seconds
[2023-05-27T16:50:36.711+0000] {processor.py:153} INFO - Started process (PID=1087) to work on /home/airflow/.local/lib/python3.7/site-packages/airflow/example_dags/example_task_group.py
[2023-05-27T16:50:36.712+0000] {processor.py:743} INFO - Processing file /home/airflow/.local/lib/python3.7/site-packages/airflow/example_dags/example_task_group.py for tasks to queue
[2023-05-27T16:50:36.714+0000] {logging_mixin.py:137} INFO - [2023-05-27T16:50:36.714+0000] {dagbag.py:532} INFO - Filling up the DagBag from /home/airflow/.local/lib/python3.7/site-packages/airflow/example_dags/example_task_group.py
[2023-05-27T16:50:36.730+0000] {processor.py:753} INFO - DAG(s) dict_keys(['example_task_group']) retrieved from /home/airflow/.local/lib/python3.7/site-packages/airflow/example_dags/example_task_group.py
[2023-05-27T16:50:36.756+0000] {logging_mixin.py:137} INFO - [2023-05-27T16:50:36.755+0000] {dag.py:2705} INFO - Sync 1 DAGs
[2023-05-27T16:50:36.777+0000] {logging_mixin.py:137} INFO - [2023-05-27T16:50:36.777+0000] {dag.py:3456} INFO - Setting next_dagrun for example_task_group to 2023-05-26T16:50:36.776998+00:00, run_after=2023-05-27T16:50:36.776998+00:00
[2023-05-27T16:50:36.791+0000] {processor.py:175} INFO - Processing /home/airflow/.local/lib/python3.7/site-packages/airflow/example_dags/example_task_group.py took 0.084 seconds
[2023-05-27T16:51:07.071+0000] {processor.py:153} INFO - Started process (PID=1144) to work on /home/airflow/.local/lib/python3.7/site-packages/airflow/example_dags/example_task_group.py
[2023-05-27T16:51:07.076+0000] {processor.py:743} INFO - Processing file /home/airflow/.local/lib/python3.7/site-packages/airflow/example_dags/example_task_group.py for tasks to queue
[2023-05-27T16:51:07.078+0000] {logging_mixin.py:137} INFO - [2023-05-27T16:51:07.077+0000] {dagbag.py:532} INFO - Filling up the DagBag from /home/airflow/.local/lib/python3.7/site-packages/airflow/example_dags/example_task_group.py
[2023-05-27T16:51:07.104+0000] {processor.py:753} INFO - DAG(s) dict_keys(['example_task_group']) retrieved from /home/airflow/.local/lib/python3.7/site-packages/airflow/example_dags/example_task_group.py
[2023-05-27T16:51:07.136+0000] {logging_mixin.py:137} INFO - [2023-05-27T16:51:07.136+0000] {dag.py:2705} INFO - Sync 1 DAGs
[2023-05-27T16:51:07.159+0000] {logging_mixin.py:137} INFO - [2023-05-27T16:51:07.159+0000] {dag.py:3456} INFO - Setting next_dagrun for example_task_group to 2023-05-26T16:51:07.158702+00:00, run_after=2023-05-27T16:51:07.158702+00:00
[2023-05-27T16:51:07.174+0000] {processor.py:175} INFO - Processing /home/airflow/.local/lib/python3.7/site-packages/airflow/example_dags/example_task_group.py took 0.107 seconds
[2023-05-27T16:51:37.237+0000] {processor.py:153} INFO - Started process (PID=1201) to work on /home/airflow/.local/lib/python3.7/site-packages/airflow/example_dags/example_task_group.py
[2023-05-27T16:51:37.238+0000] {processor.py:743} INFO - Processing file /home/airflow/.local/lib/python3.7/site-packages/airflow/example_dags/example_task_group.py for tasks to queue
[2023-05-27T16:51:37.239+0000] {logging_mixin.py:137} INFO - [2023-05-27T16:51:37.239+0000] {dagbag.py:532} INFO - Filling up the DagBag from /home/airflow/.local/lib/python3.7/site-packages/airflow/example_dags/example_task_group.py
[2023-05-27T16:51:37.258+0000] {processor.py:753} INFO - DAG(s) dict_keys(['example_task_group']) retrieved from /home/airflow/.local/lib/python3.7/site-packages/airflow/example_dags/example_task_group.py
[2023-05-27T16:51:37.285+0000] {logging_mixin.py:137} INFO - [2023-05-27T16:51:37.285+0000] {dag.py:2705} INFO - Sync 1 DAGs
[2023-05-27T16:51:37.307+0000] {logging_mixin.py:137} INFO - [2023-05-27T16:51:37.306+0000] {dag.py:3456} INFO - Setting next_dagrun for example_task_group to 2023-05-26T16:51:37.306672+00:00, run_after=2023-05-27T16:51:37.306672+00:00
[2023-05-27T16:51:37.323+0000] {processor.py:175} INFO - Processing /home/airflow/.local/lib/python3.7/site-packages/airflow/example_dags/example_task_group.py took 0.092 seconds
[2023-05-27T16:52:07.452+0000] {processor.py:153} INFO - Started process (PID=1258) to work on /home/airflow/.local/lib/python3.7/site-packages/airflow/example_dags/example_task_group.py
[2023-05-27T16:52:07.453+0000] {processor.py:743} INFO - Processing file /home/airflow/.local/lib/python3.7/site-packages/airflow/example_dags/example_task_group.py for tasks to queue
[2023-05-27T16:52:07.455+0000] {logging_mixin.py:137} INFO - [2023-05-27T16:52:07.455+0000] {dagbag.py:532} INFO - Filling up the DagBag from /home/airflow/.local/lib/python3.7/site-packages/airflow/example_dags/example_task_group.py
[2023-05-27T16:52:07.470+0000] {processor.py:753} INFO - DAG(s) dict_keys(['example_task_group']) retrieved from /home/airflow/.local/lib/python3.7/site-packages/airflow/example_dags/example_task_group.py
[2023-05-27T16:52:07.495+0000] {logging_mixin.py:137} INFO - [2023-05-27T16:52:07.495+0000] {dag.py:2705} INFO - Sync 1 DAGs
[2023-05-27T16:52:07.517+0000] {logging_mixin.py:137} INFO - [2023-05-27T16:52:07.517+0000] {dag.py:3456} INFO - Setting next_dagrun for example_task_group to 2023-05-26T16:52:07.516697+00:00, run_after=2023-05-27T16:52:07.516697+00:00
[2023-05-27T16:52:07.532+0000] {processor.py:175} INFO - Processing /home/airflow/.local/lib/python3.7/site-packages/airflow/example_dags/example_task_group.py took 0.084 seconds
[2023-05-27T16:52:38.247+0000] {processor.py:153} INFO - Started process (PID=1315) to work on /home/airflow/.local/lib/python3.7/site-packages/airflow/example_dags/example_task_group.py
[2023-05-27T16:52:38.248+0000] {processor.py:743} INFO - Processing file /home/airflow/.local/lib/python3.7/site-packages/airflow/example_dags/example_task_group.py for tasks to queue
[2023-05-27T16:52:38.249+0000] {logging_mixin.py:137} INFO - [2023-05-27T16:52:38.249+0000] {dagbag.py:532} INFO - Filling up the DagBag from /home/airflow/.local/lib/python3.7/site-packages/airflow/example_dags/example_task_group.py
[2023-05-27T16:52:38.269+0000] {processor.py:753} INFO - DAG(s) dict_keys(['example_task_group']) retrieved from /home/airflow/.local/lib/python3.7/site-packages/airflow/example_dags/example_task_group.py
[2023-05-27T16:52:38.298+0000] {logging_mixin.py:137} INFO - [2023-05-27T16:52:38.298+0000] {dag.py:2705} INFO - Sync 1 DAGs
[2023-05-27T16:52:38.326+0000] {logging_mixin.py:137} INFO - [2023-05-27T16:52:38.325+0000] {dag.py:3456} INFO - Setting next_dagrun for example_task_group to 2023-05-26T16:52:38.325313+00:00, run_after=2023-05-27T16:52:38.325313+00:00
[2023-05-27T16:52:38.357+0000] {processor.py:175} INFO - Processing /home/airflow/.local/lib/python3.7/site-packages/airflow/example_dags/example_task_group.py took 0.113 seconds
[2023-05-27T16:53:08.482+0000] {processor.py:153} INFO - Started process (PID=1372) to work on /home/airflow/.local/lib/python3.7/site-packages/airflow/example_dags/example_task_group.py
[2023-05-27T16:53:08.483+0000] {processor.py:743} INFO - Processing file /home/airflow/.local/lib/python3.7/site-packages/airflow/example_dags/example_task_group.py for tasks to queue
[2023-05-27T16:53:08.484+0000] {logging_mixin.py:137} INFO - [2023-05-27T16:53:08.484+0000] {dagbag.py:532} INFO - Filling up the DagBag from /home/airflow/.local/lib/python3.7/site-packages/airflow/example_dags/example_task_group.py
[2023-05-27T16:53:08.500+0000] {processor.py:753} INFO - DAG(s) dict_keys(['example_task_group']) retrieved from /home/airflow/.local/lib/python3.7/site-packages/airflow/example_dags/example_task_group.py
[2023-05-27T16:53:08.528+0000] {logging_mixin.py:137} INFO - [2023-05-27T16:53:08.528+0000] {dag.py:2705} INFO - Sync 1 DAGs
[2023-05-27T16:53:08.551+0000] {logging_mixin.py:137} INFO - [2023-05-27T16:53:08.551+0000] {dag.py:3456} INFO - Setting next_dagrun for example_task_group to 2023-05-26T16:53:08.551213+00:00, run_after=2023-05-27T16:53:08.551213+00:00
[2023-05-27T16:53:08.567+0000] {processor.py:175} INFO - Processing /home/airflow/.local/lib/python3.7/site-packages/airflow/example_dags/example_task_group.py took 0.089 seconds
[2023-05-27T16:53:38.853+0000] {processor.py:153} INFO - Started process (PID=1429) to work on /home/airflow/.local/lib/python3.7/site-packages/airflow/example_dags/example_task_group.py
[2023-05-27T16:53:38.854+0000] {processor.py:743} INFO - Processing file /home/airflow/.local/lib/python3.7/site-packages/airflow/example_dags/example_task_group.py for tasks to queue
[2023-05-27T16:53:38.855+0000] {logging_mixin.py:137} INFO - [2023-05-27T16:53:38.855+0000] {dagbag.py:532} INFO - Filling up the DagBag from /home/airflow/.local/lib/python3.7/site-packages/airflow/example_dags/example_task_group.py
[2023-05-27T16:53:38.870+0000] {processor.py:753} INFO - DAG(s) dict_keys(['example_task_group']) retrieved from /home/airflow/.local/lib/python3.7/site-packages/airflow/example_dags/example_task_group.py
[2023-05-27T16:53:38.896+0000] {logging_mixin.py:137} INFO - [2023-05-27T16:53:38.896+0000] {dag.py:2705} INFO - Sync 1 DAGs
[2023-05-27T16:53:38.918+0000] {logging_mixin.py:137} INFO - [2023-05-27T16:53:38.917+0000] {dag.py:3456} INFO - Setting next_dagrun for example_task_group to 2023-05-26T16:53:38.917711+00:00, run_after=2023-05-27T16:53:38.917711+00:00
[2023-05-27T16:53:38.933+0000] {processor.py:175} INFO - Processing /home/airflow/.local/lib/python3.7/site-packages/airflow/example_dags/example_task_group.py took 0.084 seconds
[2023-05-27T16:54:09.094+0000] {processor.py:153} INFO - Started process (PID=1486) to work on /home/airflow/.local/lib/python3.7/site-packages/airflow/example_dags/example_task_group.py
[2023-05-27T16:54:09.097+0000] {processor.py:743} INFO - Processing file /home/airflow/.local/lib/python3.7/site-packages/airflow/example_dags/example_task_group.py for tasks to queue
[2023-05-27T16:54:09.098+0000] {logging_mixin.py:137} INFO - [2023-05-27T16:54:09.098+0000] {dagbag.py:532} INFO - Filling up the DagBag from /home/airflow/.local/lib/python3.7/site-packages/airflow/example_dags/example_task_group.py
[2023-05-27T16:54:09.123+0000] {processor.py:753} INFO - DAG(s) dict_keys(['example_task_group']) retrieved from /home/airflow/.local/lib/python3.7/site-packages/airflow/example_dags/example_task_group.py
[2023-05-27T16:54:09.152+0000] {logging_mixin.py:137} INFO - [2023-05-27T16:54:09.152+0000] {dag.py:2705} INFO - Sync 1 DAGs
[2023-05-27T16:54:09.176+0000] {logging_mixin.py:137} INFO - [2023-05-27T16:54:09.176+0000] {dag.py:3456} INFO - Setting next_dagrun for example_task_group to 2023-05-26T16:54:09.176214+00:00, run_after=2023-05-27T16:54:09.176214+00:00
[2023-05-27T16:54:09.193+0000] {processor.py:175} INFO - Processing /home/airflow/.local/lib/python3.7/site-packages/airflow/example_dags/example_task_group.py took 0.102 seconds
[2023-05-27T16:54:39.485+0000] {processor.py:153} INFO - Started process (PID=1543) to work on /home/airflow/.local/lib/python3.7/site-packages/airflow/example_dags/example_task_group.py
[2023-05-27T16:54:39.487+0000] {processor.py:743} INFO - Processing file /home/airflow/.local/lib/python3.7/site-packages/airflow/example_dags/example_task_group.py for tasks to queue
[2023-05-27T16:54:39.488+0000] {logging_mixin.py:137} INFO - [2023-05-27T16:54:39.487+0000] {dagbag.py:532} INFO - Filling up the DagBag from /home/airflow/.local/lib/python3.7/site-packages/airflow/example_dags/example_task_group.py
[2023-05-27T16:54:39.503+0000] {processor.py:753} INFO - DAG(s) dict_keys(['example_task_group']) retrieved from /home/airflow/.local/lib/python3.7/site-packages/airflow/example_dags/example_task_group.py
[2023-05-27T16:54:39.530+0000] {logging_mixin.py:137} INFO - [2023-05-27T16:54:39.530+0000] {dag.py:2705} INFO - Sync 1 DAGs
[2023-05-27T16:54:39.551+0000] {logging_mixin.py:137} INFO - [2023-05-27T16:54:39.550+0000] {dag.py:3456} INFO - Setting next_dagrun for example_task_group to 2023-05-26T16:54:39.550670+00:00, run_after=2023-05-27T16:54:39.550670+00:00
[2023-05-27T16:54:39.565+0000] {processor.py:175} INFO - Processing /home/airflow/.local/lib/python3.7/site-packages/airflow/example_dags/example_task_group.py took 0.083 seconds
[2023-05-27T16:55:09.650+0000] {processor.py:153} INFO - Started process (PID=1600) to work on /home/airflow/.local/lib/python3.7/site-packages/airflow/example_dags/example_task_group.py
[2023-05-27T16:55:09.651+0000] {processor.py:743} INFO - Processing file /home/airflow/.local/lib/python3.7/site-packages/airflow/example_dags/example_task_group.py for tasks to queue
[2023-05-27T16:55:09.652+0000] {logging_mixin.py:137} INFO - [2023-05-27T16:55:09.652+0000] {dagbag.py:532} INFO - Filling up the DagBag from /home/airflow/.local/lib/python3.7/site-packages/airflow/example_dags/example_task_group.py
[2023-05-27T16:55:09.669+0000] {processor.py:753} INFO - DAG(s) dict_keys(['example_task_group']) retrieved from /home/airflow/.local/lib/python3.7/site-packages/airflow/example_dags/example_task_group.py
[2023-05-27T16:55:09.697+0000] {logging_mixin.py:137} INFO - [2023-05-27T16:55:09.696+0000] {dag.py:2705} INFO - Sync 1 DAGs
[2023-05-27T16:55:09.719+0000] {logging_mixin.py:137} INFO - [2023-05-27T16:55:09.719+0000] {dag.py:3456} INFO - Setting next_dagrun for example_task_group to 2023-05-26T16:55:09.718746+00:00, run_after=2023-05-27T16:55:09.718746+00:00
[2023-05-27T16:55:09.734+0000] {processor.py:175} INFO - Processing /home/airflow/.local/lib/python3.7/site-packages/airflow/example_dags/example_task_group.py took 0.087 seconds
[2023-05-27T16:55:40.514+0000] {processor.py:153} INFO - Started process (PID=1657) to work on /home/airflow/.local/lib/python3.7/site-packages/airflow/example_dags/example_task_group.py
[2023-05-27T16:55:40.516+0000] {processor.py:743} INFO - Processing file /home/airflow/.local/lib/python3.7/site-packages/airflow/example_dags/example_task_group.py for tasks to queue
[2023-05-27T16:55:40.517+0000] {logging_mixin.py:137} INFO - [2023-05-27T16:55:40.516+0000] {dagbag.py:532} INFO - Filling up the DagBag from /home/airflow/.local/lib/python3.7/site-packages/airflow/example_dags/example_task_group.py
[2023-05-27T16:55:40.532+0000] {processor.py:753} INFO - DAG(s) dict_keys(['example_task_group']) retrieved from /home/airflow/.local/lib/python3.7/site-packages/airflow/example_dags/example_task_group.py
[2023-05-27T16:55:40.558+0000] {logging_mixin.py:137} INFO - [2023-05-27T16:55:40.557+0000] {dag.py:2705} INFO - Sync 1 DAGs
[2023-05-27T16:55:40.580+0000] {logging_mixin.py:137} INFO - [2023-05-27T16:55:40.580+0000] {dag.py:3456} INFO - Setting next_dagrun for example_task_group to 2023-05-26T16:55:40.580206+00:00, run_after=2023-05-27T16:55:40.580206+00:00
[2023-05-27T16:55:40.595+0000] {processor.py:175} INFO - Processing /home/airflow/.local/lib/python3.7/site-packages/airflow/example_dags/example_task_group.py took 0.086 seconds
[2023-05-27T16:56:11.511+0000] {processor.py:153} INFO - Started process (PID=1714) to work on /home/airflow/.local/lib/python3.7/site-packages/airflow/example_dags/example_task_group.py
[2023-05-27T16:56:11.513+0000] {processor.py:743} INFO - Processing file /home/airflow/.local/lib/python3.7/site-packages/airflow/example_dags/example_task_group.py for tasks to queue
[2023-05-27T16:56:11.514+0000] {logging_mixin.py:137} INFO - [2023-05-27T16:56:11.514+0000] {dagbag.py:532} INFO - Filling up the DagBag from /home/airflow/.local/lib/python3.7/site-packages/airflow/example_dags/example_task_group.py
[2023-05-27T16:56:11.532+0000] {processor.py:753} INFO - DAG(s) dict_keys(['example_task_group']) retrieved from /home/airflow/.local/lib/python3.7/site-packages/airflow/example_dags/example_task_group.py
[2023-05-27T16:56:11.567+0000] {logging_mixin.py:137} INFO - [2023-05-27T16:56:11.567+0000] {dag.py:2705} INFO - Sync 1 DAGs
[2023-05-27T16:56:11.592+0000] {logging_mixin.py:137} INFO - [2023-05-27T16:56:11.592+0000] {dag.py:3456} INFO - Setting next_dagrun for example_task_group to 2023-05-26T16:56:11.592480+00:00, run_after=2023-05-27T16:56:11.592480+00:00
[2023-05-27T16:56:11.612+0000] {processor.py:175} INFO - Processing /home/airflow/.local/lib/python3.7/site-packages/airflow/example_dags/example_task_group.py took 0.106 seconds
[2023-05-27T16:56:41.754+0000] {processor.py:153} INFO - Started process (PID=1770) to work on /home/airflow/.local/lib/python3.7/site-packages/airflow/example_dags/example_task_group.py
[2023-05-27T16:56:41.755+0000] {processor.py:743} INFO - Processing file /home/airflow/.local/lib/python3.7/site-packages/airflow/example_dags/example_task_group.py for tasks to queue
[2023-05-27T16:56:41.756+0000] {logging_mixin.py:137} INFO - [2023-05-27T16:56:41.756+0000] {dagbag.py:532} INFO - Filling up the DagBag from /home/airflow/.local/lib/python3.7/site-packages/airflow/example_dags/example_task_group.py
[2023-05-27T16:56:41.774+0000] {processor.py:753} INFO - DAG(s) dict_keys(['example_task_group']) retrieved from /home/airflow/.local/lib/python3.7/site-packages/airflow/example_dags/example_task_group.py
[2023-05-27T16:56:41.800+0000] {logging_mixin.py:137} INFO - [2023-05-27T16:56:41.800+0000] {dag.py:2705} INFO - Sync 1 DAGs
[2023-05-27T16:56:41.821+0000] {logging_mixin.py:137} INFO - [2023-05-27T16:56:41.821+0000] {dag.py:3456} INFO - Setting next_dagrun for example_task_group to 2023-05-26T16:56:41.821307+00:00, run_after=2023-05-27T16:56:41.821307+00:00
[2023-05-27T16:56:41.836+0000] {processor.py:175} INFO - Processing /home/airflow/.local/lib/python3.7/site-packages/airflow/example_dags/example_task_group.py took 0.085 seconds
[2023-05-27T16:57:12.582+0000] {processor.py:153} INFO - Started process (PID=1827) to work on /home/airflow/.local/lib/python3.7/site-packages/airflow/example_dags/example_task_group.py
[2023-05-27T16:57:12.584+0000] {processor.py:743} INFO - Processing file /home/airflow/.local/lib/python3.7/site-packages/airflow/example_dags/example_task_group.py for tasks to queue
[2023-05-27T16:57:12.585+0000] {logging_mixin.py:137} INFO - [2023-05-27T16:57:12.585+0000] {dagbag.py:532} INFO - Filling up the DagBag from /home/airflow/.local/lib/python3.7/site-packages/airflow/example_dags/example_task_group.py
[2023-05-27T16:57:12.600+0000] {processor.py:753} INFO - DAG(s) dict_keys(['example_task_group']) retrieved from /home/airflow/.local/lib/python3.7/site-packages/airflow/example_dags/example_task_group.py
[2023-05-27T16:57:12.630+0000] {logging_mixin.py:137} INFO - [2023-05-27T16:57:12.630+0000] {dag.py:2705} INFO - Sync 1 DAGs
[2023-05-27T16:57:12.653+0000] {logging_mixin.py:137} INFO - [2023-05-27T16:57:12.652+0000] {dag.py:3456} INFO - Setting next_dagrun for example_task_group to 2023-05-26T16:57:12.652514+00:00, run_after=2023-05-27T16:57:12.652514+00:00
[2023-05-27T16:57:12.669+0000] {processor.py:175} INFO - Processing /home/airflow/.local/lib/python3.7/site-packages/airflow/example_dags/example_task_group.py took 0.089 seconds
[2023-05-27T16:57:44.826+0000] {processor.py:153} INFO - Started process (PID=1891) to work on /home/airflow/.local/lib/python3.7/site-packages/airflow/example_dags/example_task_group.py
[2023-05-27T16:57:44.834+0000] {processor.py:743} INFO - Processing file /home/airflow/.local/lib/python3.7/site-packages/airflow/example_dags/example_task_group.py for tasks to queue
[2023-05-27T16:57:44.839+0000] {logging_mixin.py:137} INFO - [2023-05-27T16:57:44.838+0000] {dagbag.py:532} INFO - Filling up the DagBag from /home/airflow/.local/lib/python3.7/site-packages/airflow/example_dags/example_task_group.py
[2023-05-27T16:57:44.925+0000] {processor.py:753} INFO - DAG(s) dict_keys(['example_task_group']) retrieved from /home/airflow/.local/lib/python3.7/site-packages/airflow/example_dags/example_task_group.py
[2023-05-27T16:57:45.024+0000] {logging_mixin.py:137} INFO - [2023-05-27T16:57:45.024+0000] {dag.py:2705} INFO - Sync 1 DAGs
[2023-05-27T16:57:45.106+0000] {logging_mixin.py:137} INFO - [2023-05-27T16:57:45.106+0000] {dag.py:3456} INFO - Setting next_dagrun for example_task_group to 2023-05-26T16:57:45.105857+00:00, run_after=2023-05-27T16:57:45.105857+00:00
[2023-05-27T16:57:45.165+0000] {processor.py:175} INFO - Processing /home/airflow/.local/lib/python3.7/site-packages/airflow/example_dags/example_task_group.py took 0.350 seconds
[2023-05-27T16:58:15.778+0000] {processor.py:153} INFO - Started process (PID=1948) to work on /home/airflow/.local/lib/python3.7/site-packages/airflow/example_dags/example_task_group.py
[2023-05-27T16:58:15.779+0000] {processor.py:743} INFO - Processing file /home/airflow/.local/lib/python3.7/site-packages/airflow/example_dags/example_task_group.py for tasks to queue
[2023-05-27T16:58:15.780+0000] {logging_mixin.py:137} INFO - [2023-05-27T16:58:15.780+0000] {dagbag.py:532} INFO - Filling up the DagBag from /home/airflow/.local/lib/python3.7/site-packages/airflow/example_dags/example_task_group.py
[2023-05-27T16:58:15.796+0000] {processor.py:753} INFO - DAG(s) dict_keys(['example_task_group']) retrieved from /home/airflow/.local/lib/python3.7/site-packages/airflow/example_dags/example_task_group.py
[2023-05-27T16:58:15.823+0000] {logging_mixin.py:137} INFO - [2023-05-27T16:58:15.823+0000] {dag.py:2705} INFO - Sync 1 DAGs
[2023-05-27T16:58:15.846+0000] {logging_mixin.py:137} INFO - [2023-05-27T16:58:15.846+0000] {dag.py:3456} INFO - Setting next_dagrun for example_task_group to 2023-05-26T16:58:15.846402+00:00, run_after=2023-05-27T16:58:15.846402+00:00
[2023-05-27T16:58:15.860+0000] {processor.py:175} INFO - Processing /home/airflow/.local/lib/python3.7/site-packages/airflow/example_dags/example_task_group.py took 0.086 seconds
[2023-05-27T16:58:46.428+0000] {processor.py:153} INFO - Started process (PID=2005) to work on /home/airflow/.local/lib/python3.7/site-packages/airflow/example_dags/example_task_group.py
[2023-05-27T16:58:46.430+0000] {processor.py:743} INFO - Processing file /home/airflow/.local/lib/python3.7/site-packages/airflow/example_dags/example_task_group.py for tasks to queue
[2023-05-27T16:58:46.431+0000] {logging_mixin.py:137} INFO - [2023-05-27T16:58:46.431+0000] {dagbag.py:532} INFO - Filling up the DagBag from /home/airflow/.local/lib/python3.7/site-packages/airflow/example_dags/example_task_group.py
[2023-05-27T16:58:46.446+0000] {processor.py:753} INFO - DAG(s) dict_keys(['example_task_group']) retrieved from /home/airflow/.local/lib/python3.7/site-packages/airflow/example_dags/example_task_group.py
[2023-05-27T16:58:46.471+0000] {logging_mixin.py:137} INFO - [2023-05-27T16:58:46.471+0000] {dag.py:2705} INFO - Sync 1 DAGs
[2023-05-27T16:58:46.491+0000] {logging_mixin.py:137} INFO - [2023-05-27T16:58:46.491+0000] {dag.py:3456} INFO - Setting next_dagrun for example_task_group to 2023-05-26T16:58:46.491615+00:00, run_after=2023-05-27T16:58:46.491615+00:00
[2023-05-27T16:58:46.505+0000] {processor.py:175} INFO - Processing /home/airflow/.local/lib/python3.7/site-packages/airflow/example_dags/example_task_group.py took 0.081 seconds
[2023-05-27T16:59:17.179+0000] {processor.py:153} INFO - Started process (PID=2062) to work on /home/airflow/.local/lib/python3.7/site-packages/airflow/example_dags/example_task_group.py
[2023-05-27T16:59:17.181+0000] {processor.py:743} INFO - Processing file /home/airflow/.local/lib/python3.7/site-packages/airflow/example_dags/example_task_group.py for tasks to queue
[2023-05-27T16:59:17.182+0000] {logging_mixin.py:137} INFO - [2023-05-27T16:59:17.182+0000] {dagbag.py:532} INFO - Filling up the DagBag from /home/airflow/.local/lib/python3.7/site-packages/airflow/example_dags/example_task_group.py
[2023-05-27T16:59:17.202+0000] {processor.py:753} INFO - DAG(s) dict_keys(['example_task_group']) retrieved from /home/airflow/.local/lib/python3.7/site-packages/airflow/example_dags/example_task_group.py
[2023-05-27T16:59:17.245+0000] {logging_mixin.py:137} INFO - [2023-05-27T16:59:17.244+0000] {dag.py:2705} INFO - Sync 1 DAGs
[2023-05-27T16:59:17.269+0000] {logging_mixin.py:137} INFO - [2023-05-27T16:59:17.269+0000] {dag.py:3456} INFO - Setting next_dagrun for example_task_group to 2023-05-26T16:59:17.269171+00:00, run_after=2023-05-27T16:59:17.269171+00:00
[2023-05-27T16:59:17.288+0000] {processor.py:175} INFO - Processing /home/airflow/.local/lib/python3.7/site-packages/airflow/example_dags/example_task_group.py took 0.114 seconds
[2023-05-27T16:59:48.019+0000] {processor.py:153} INFO - Started process (PID=2119) to work on /home/airflow/.local/lib/python3.7/site-packages/airflow/example_dags/example_task_group.py
[2023-05-27T16:59:48.021+0000] {processor.py:743} INFO - Processing file /home/airflow/.local/lib/python3.7/site-packages/airflow/example_dags/example_task_group.py for tasks to queue
[2023-05-27T16:59:48.022+0000] {logging_mixin.py:137} INFO - [2023-05-27T16:59:48.021+0000] {dagbag.py:532} INFO - Filling up the DagBag from /home/airflow/.local/lib/python3.7/site-packages/airflow/example_dags/example_task_group.py
[2023-05-27T16:59:48.037+0000] {processor.py:753} INFO - DAG(s) dict_keys(['example_task_group']) retrieved from /home/airflow/.local/lib/python3.7/site-packages/airflow/example_dags/example_task_group.py
[2023-05-27T16:59:48.062+0000] {logging_mixin.py:137} INFO - [2023-05-27T16:59:48.062+0000] {dag.py:2705} INFO - Sync 1 DAGs
[2023-05-27T16:59:48.083+0000] {logging_mixin.py:137} INFO - [2023-05-27T16:59:48.083+0000] {dag.py:3456} INFO - Setting next_dagrun for example_task_group to 2023-05-26T16:59:48.083082+00:00, run_after=2023-05-27T16:59:48.083082+00:00
[2023-05-27T16:59:48.098+0000] {processor.py:175} INFO - Processing /home/airflow/.local/lib/python3.7/site-packages/airflow/example_dags/example_task_group.py took 0.083 seconds
[2023-05-27T17:00:18.139+0000] {processor.py:153} INFO - Started process (PID=2175) to work on /home/airflow/.local/lib/python3.7/site-packages/airflow/example_dags/example_task_group.py
[2023-05-27T17:00:18.141+0000] {processor.py:743} INFO - Processing file /home/airflow/.local/lib/python3.7/site-packages/airflow/example_dags/example_task_group.py for tasks to queue
[2023-05-27T17:00:18.142+0000] {logging_mixin.py:137} INFO - [2023-05-27T17:00:18.141+0000] {dagbag.py:532} INFO - Filling up the DagBag from /home/airflow/.local/lib/python3.7/site-packages/airflow/example_dags/example_task_group.py
[2023-05-27T17:00:18.159+0000] {processor.py:753} INFO - DAG(s) dict_keys(['example_task_group']) retrieved from /home/airflow/.local/lib/python3.7/site-packages/airflow/example_dags/example_task_group.py
[2023-05-27T17:00:18.187+0000] {logging_mixin.py:137} INFO - [2023-05-27T17:00:18.187+0000] {dag.py:2705} INFO - Sync 1 DAGs
[2023-05-27T17:00:18.220+0000] {logging_mixin.py:137} INFO - [2023-05-27T17:00:18.220+0000] {dag.py:3456} INFO - Setting next_dagrun for example_task_group to 2023-05-26T17:00:18.219915+00:00, run_after=2023-05-27T17:00:18.219915+00:00
[2023-05-27T17:00:18.241+0000] {processor.py:175} INFO - Processing /home/airflow/.local/lib/python3.7/site-packages/airflow/example_dags/example_task_group.py took 0.105 seconds
[2023-05-27T17:00:48.837+0000] {processor.py:153} INFO - Started process (PID=2233) to work on /home/airflow/.local/lib/python3.7/site-packages/airflow/example_dags/example_task_group.py
[2023-05-27T17:00:48.841+0000] {processor.py:743} INFO - Processing file /home/airflow/.local/lib/python3.7/site-packages/airflow/example_dags/example_task_group.py for tasks to queue
[2023-05-27T17:00:48.842+0000] {logging_mixin.py:137} INFO - [2023-05-27T17:00:48.842+0000] {dagbag.py:532} INFO - Filling up the DagBag from /home/airflow/.local/lib/python3.7/site-packages/airflow/example_dags/example_task_group.py
[2023-05-27T17:00:48.864+0000] {processor.py:753} INFO - DAG(s) dict_keys(['example_task_group']) retrieved from /home/airflow/.local/lib/python3.7/site-packages/airflow/example_dags/example_task_group.py
[2023-05-27T17:00:48.895+0000] {logging_mixin.py:137} INFO - [2023-05-27T17:00:48.895+0000] {dag.py:2705} INFO - Sync 1 DAGs
[2023-05-27T17:00:48.921+0000] {logging_mixin.py:137} INFO - [2023-05-27T17:00:48.921+0000] {dag.py:3456} INFO - Setting next_dagrun for example_task_group to 2023-05-26T17:00:48.921303+00:00, run_after=2023-05-27T17:00:48.921303+00:00
[2023-05-27T17:00:48.945+0000] {processor.py:175} INFO - Processing /home/airflow/.local/lib/python3.7/site-packages/airflow/example_dags/example_task_group.py took 0.113 seconds
