[2023-05-27T16:41:21.586+0000] {processor.py:153} INFO - Started process (PID=40) to work on /home/airflow/.local/lib/python3.7/site-packages/airflow/example_dags/example_branch_operator.py
[2023-05-27T16:41:21.589+0000] {processor.py:743} INFO - Processing file /home/airflow/.local/lib/python3.7/site-packages/airflow/example_dags/example_branch_operator.py for tasks to queue
[2023-05-27T16:41:21.591+0000] {logging_mixin.py:137} INFO - [2023-05-27T16:41:21.591+0000] {dagbag.py:532} INFO - Filling up the DagBag from /home/airflow/.local/lib/python3.7/site-packages/airflow/example_dags/example_branch_operator.py
[2023-05-27T16:41:21.638+0000] {processor.py:753} INFO - DAG(s) dict_keys(['example_branch_operator']) retrieved from /home/airflow/.local/lib/python3.7/site-packages/airflow/example_dags/example_branch_operator.py
[2023-05-27T16:41:21.693+0000] {logging_mixin.py:137} INFO - [2023-05-27T16:41:21.692+0000] {dag.py:2705} INFO - Sync 1 DAGs
[2023-05-27T16:41:21.748+0000] {logging_mixin.py:137} INFO - [2023-05-27T16:41:21.748+0000] {dag.py:3456} INFO - Setting next_dagrun for example_branch_operator to 2023-05-26T00:00:00+00:00, run_after=2023-05-27T00:00:00+00:00
[2023-05-27T16:41:21.782+0000] {processor.py:175} INFO - Processing /home/airflow/.local/lib/python3.7/site-packages/airflow/example_dags/example_branch_operator.py took 0.204 seconds
[2023-05-27T16:41:52.124+0000] {processor.py:153} INFO - Started process (PID=96) to work on /home/airflow/.local/lib/python3.7/site-packages/airflow/example_dags/example_branch_operator.py
[2023-05-27T16:41:52.126+0000] {processor.py:743} INFO - Processing file /home/airflow/.local/lib/python3.7/site-packages/airflow/example_dags/example_branch_operator.py for tasks to queue
[2023-05-27T16:41:52.127+0000] {logging_mixin.py:137} INFO - [2023-05-27T16:41:52.127+0000] {dagbag.py:532} INFO - Filling up the DagBag from /home/airflow/.local/lib/python3.7/site-packages/airflow/example_dags/example_branch_operator.py
[2023-05-27T16:41:52.145+0000] {processor.py:753} INFO - DAG(s) dict_keys(['example_branch_operator']) retrieved from /home/airflow/.local/lib/python3.7/site-packages/airflow/example_dags/example_branch_operator.py
[2023-05-27T16:41:52.176+0000] {logging_mixin.py:137} INFO - [2023-05-27T16:41:52.176+0000] {dag.py:2705} INFO - Sync 1 DAGs
[2023-05-27T16:41:52.200+0000] {logging_mixin.py:137} INFO - [2023-05-27T16:41:52.200+0000] {dag.py:3456} INFO - Setting next_dagrun for example_branch_operator to 2023-05-26T00:00:00+00:00, run_after=2023-05-27T00:00:00+00:00
[2023-05-27T16:41:52.215+0000] {processor.py:175} INFO - Processing /home/airflow/.local/lib/python3.7/site-packages/airflow/example_dags/example_branch_operator.py took 0.094 seconds
[2023-05-27T16:42:22.976+0000] {processor.py:153} INFO - Started process (PID=153) to work on /home/airflow/.local/lib/python3.7/site-packages/airflow/example_dags/example_branch_operator.py
[2023-05-27T16:42:22.978+0000] {processor.py:743} INFO - Processing file /home/airflow/.local/lib/python3.7/site-packages/airflow/example_dags/example_branch_operator.py for tasks to queue
[2023-05-27T16:42:22.979+0000] {logging_mixin.py:137} INFO - [2023-05-27T16:42:22.979+0000] {dagbag.py:532} INFO - Filling up the DagBag from /home/airflow/.local/lib/python3.7/site-packages/airflow/example_dags/example_branch_operator.py
[2023-05-27T16:42:22.995+0000] {processor.py:753} INFO - DAG(s) dict_keys(['example_branch_operator']) retrieved from /home/airflow/.local/lib/python3.7/site-packages/airflow/example_dags/example_branch_operator.py
[2023-05-27T16:42:23.024+0000] {logging_mixin.py:137} INFO - [2023-05-27T16:42:23.024+0000] {dag.py:2705} INFO - Sync 1 DAGs
[2023-05-27T16:42:23.046+0000] {logging_mixin.py:137} INFO - [2023-05-27T16:42:23.046+0000] {dag.py:3456} INFO - Setting next_dagrun for example_branch_operator to 2023-05-26T00:00:00+00:00, run_after=2023-05-27T00:00:00+00:00
[2023-05-27T16:42:23.061+0000] {processor.py:175} INFO - Processing /home/airflow/.local/lib/python3.7/site-packages/airflow/example_dags/example_branch_operator.py took 0.091 seconds
[2023-05-27T16:42:53.416+0000] {processor.py:153} INFO - Started process (PID=210) to work on /home/airflow/.local/lib/python3.7/site-packages/airflow/example_dags/example_branch_operator.py
[2023-05-27T16:42:53.417+0000] {processor.py:743} INFO - Processing file /home/airflow/.local/lib/python3.7/site-packages/airflow/example_dags/example_branch_operator.py for tasks to queue
[2023-05-27T16:42:53.418+0000] {logging_mixin.py:137} INFO - [2023-05-27T16:42:53.418+0000] {dagbag.py:532} INFO - Filling up the DagBag from /home/airflow/.local/lib/python3.7/site-packages/airflow/example_dags/example_branch_operator.py
[2023-05-27T16:42:53.435+0000] {processor.py:753} INFO - DAG(s) dict_keys(['example_branch_operator']) retrieved from /home/airflow/.local/lib/python3.7/site-packages/airflow/example_dags/example_branch_operator.py
[2023-05-27T16:42:53.463+0000] {logging_mixin.py:137} INFO - [2023-05-27T16:42:53.463+0000] {dag.py:2705} INFO - Sync 1 DAGs
[2023-05-27T16:42:53.491+0000] {logging_mixin.py:137} INFO - [2023-05-27T16:42:53.491+0000] {dag.py:3456} INFO - Setting next_dagrun for example_branch_operator to 2023-05-26T00:00:00+00:00, run_after=2023-05-27T00:00:00+00:00
[2023-05-27T16:42:53.505+0000] {processor.py:175} INFO - Processing /home/airflow/.local/lib/python3.7/site-packages/airflow/example_dags/example_branch_operator.py took 0.092 seconds
[2023-05-27T16:43:23.808+0000] {processor.py:153} INFO - Started process (PID=268) to work on /home/airflow/.local/lib/python3.7/site-packages/airflow/example_dags/example_branch_operator.py
[2023-05-27T16:43:23.810+0000] {processor.py:743} INFO - Processing file /home/airflow/.local/lib/python3.7/site-packages/airflow/example_dags/example_branch_operator.py for tasks to queue
[2023-05-27T16:43:23.812+0000] {logging_mixin.py:137} INFO - [2023-05-27T16:43:23.811+0000] {dagbag.py:532} INFO - Filling up the DagBag from /home/airflow/.local/lib/python3.7/site-packages/airflow/example_dags/example_branch_operator.py
[2023-05-27T16:43:23.829+0000] {processor.py:753} INFO - DAG(s) dict_keys(['example_branch_operator']) retrieved from /home/airflow/.local/lib/python3.7/site-packages/airflow/example_dags/example_branch_operator.py
[2023-05-27T16:43:23.862+0000] {logging_mixin.py:137} INFO - [2023-05-27T16:43:23.862+0000] {dag.py:2705} INFO - Sync 1 DAGs
[2023-05-27T16:43:23.902+0000] {logging_mixin.py:137} INFO - [2023-05-27T16:43:23.902+0000] {dag.py:3456} INFO - Setting next_dagrun for example_branch_operator to 2023-05-26T00:00:00+00:00, run_after=2023-05-27T00:00:00+00:00
[2023-05-27T16:43:23.934+0000] {processor.py:175} INFO - Processing /home/airflow/.local/lib/python3.7/site-packages/airflow/example_dags/example_branch_operator.py took 0.130 seconds
[2023-05-27T16:43:54.175+0000] {processor.py:153} INFO - Started process (PID=324) to work on /home/airflow/.local/lib/python3.7/site-packages/airflow/example_dags/example_branch_operator.py
[2023-05-27T16:43:54.176+0000] {processor.py:743} INFO - Processing file /home/airflow/.local/lib/python3.7/site-packages/airflow/example_dags/example_branch_operator.py for tasks to queue
[2023-05-27T16:43:54.177+0000] {logging_mixin.py:137} INFO - [2023-05-27T16:43:54.177+0000] {dagbag.py:532} INFO - Filling up the DagBag from /home/airflow/.local/lib/python3.7/site-packages/airflow/example_dags/example_branch_operator.py
[2023-05-27T16:43:54.195+0000] {processor.py:753} INFO - DAG(s) dict_keys(['example_branch_operator']) retrieved from /home/airflow/.local/lib/python3.7/site-packages/airflow/example_dags/example_branch_operator.py
[2023-05-27T16:43:54.223+0000] {logging_mixin.py:137} INFO - [2023-05-27T16:43:54.223+0000] {dag.py:2705} INFO - Sync 1 DAGs
[2023-05-27T16:43:54.245+0000] {logging_mixin.py:137} INFO - [2023-05-27T16:43:54.245+0000] {dag.py:3456} INFO - Setting next_dagrun for example_branch_operator to 2023-05-26T00:00:00+00:00, run_after=2023-05-27T00:00:00+00:00
[2023-05-27T16:43:54.260+0000] {processor.py:175} INFO - Processing /home/airflow/.local/lib/python3.7/site-packages/airflow/example_dags/example_branch_operator.py took 0.088 seconds
[2023-05-27T16:44:24.496+0000] {processor.py:153} INFO - Started process (PID=381) to work on /home/airflow/.local/lib/python3.7/site-packages/airflow/example_dags/example_branch_operator.py
[2023-05-27T16:44:24.498+0000] {processor.py:743} INFO - Processing file /home/airflow/.local/lib/python3.7/site-packages/airflow/example_dags/example_branch_operator.py for tasks to queue
[2023-05-27T16:44:24.499+0000] {logging_mixin.py:137} INFO - [2023-05-27T16:44:24.499+0000] {dagbag.py:532} INFO - Filling up the DagBag from /home/airflow/.local/lib/python3.7/site-packages/airflow/example_dags/example_branch_operator.py
[2023-05-27T16:44:24.520+0000] {processor.py:753} INFO - DAG(s) dict_keys(['example_branch_operator']) retrieved from /home/airflow/.local/lib/python3.7/site-packages/airflow/example_dags/example_branch_operator.py
[2023-05-27T16:44:24.554+0000] {logging_mixin.py:137} INFO - [2023-05-27T16:44:24.554+0000] {dag.py:2705} INFO - Sync 1 DAGs
[2023-05-27T16:44:24.583+0000] {logging_mixin.py:137} INFO - [2023-05-27T16:44:24.583+0000] {dag.py:3456} INFO - Setting next_dagrun for example_branch_operator to 2023-05-26T00:00:00+00:00, run_after=2023-05-27T00:00:00+00:00
[2023-05-27T16:44:24.606+0000] {processor.py:175} INFO - Processing /home/airflow/.local/lib/python3.7/site-packages/airflow/example_dags/example_branch_operator.py took 0.114 seconds
[2023-05-27T16:44:55.122+0000] {processor.py:153} INFO - Started process (PID=438) to work on /home/airflow/.local/lib/python3.7/site-packages/airflow/example_dags/example_branch_operator.py
[2023-05-27T16:44:55.124+0000] {processor.py:743} INFO - Processing file /home/airflow/.local/lib/python3.7/site-packages/airflow/example_dags/example_branch_operator.py for tasks to queue
[2023-05-27T16:44:55.125+0000] {logging_mixin.py:137} INFO - [2023-05-27T16:44:55.125+0000] {dagbag.py:532} INFO - Filling up the DagBag from /home/airflow/.local/lib/python3.7/site-packages/airflow/example_dags/example_branch_operator.py
[2023-05-27T16:44:55.141+0000] {processor.py:753} INFO - DAG(s) dict_keys(['example_branch_operator']) retrieved from /home/airflow/.local/lib/python3.7/site-packages/airflow/example_dags/example_branch_operator.py
[2023-05-27T16:44:55.168+0000] {logging_mixin.py:137} INFO - [2023-05-27T16:44:55.168+0000] {dag.py:2705} INFO - Sync 1 DAGs
[2023-05-27T16:44:55.190+0000] {logging_mixin.py:137} INFO - [2023-05-27T16:44:55.190+0000] {dag.py:3456} INFO - Setting next_dagrun for example_branch_operator to 2023-05-26T00:00:00+00:00, run_after=2023-05-27T00:00:00+00:00
[2023-05-27T16:44:55.206+0000] {processor.py:175} INFO - Processing /home/airflow/.local/lib/python3.7/site-packages/airflow/example_dags/example_branch_operator.py took 0.086 seconds
[2023-05-27T16:45:25.780+0000] {processor.py:153} INFO - Started process (PID=495) to work on /home/airflow/.local/lib/python3.7/site-packages/airflow/example_dags/example_branch_operator.py
[2023-05-27T16:45:25.782+0000] {processor.py:743} INFO - Processing file /home/airflow/.local/lib/python3.7/site-packages/airflow/example_dags/example_branch_operator.py for tasks to queue
[2023-05-27T16:45:25.782+0000] {logging_mixin.py:137} INFO - [2023-05-27T16:45:25.782+0000] {dagbag.py:532} INFO - Filling up the DagBag from /home/airflow/.local/lib/python3.7/site-packages/airflow/example_dags/example_branch_operator.py
[2023-05-27T16:45:25.798+0000] {processor.py:753} INFO - DAG(s) dict_keys(['example_branch_operator']) retrieved from /home/airflow/.local/lib/python3.7/site-packages/airflow/example_dags/example_branch_operator.py
[2023-05-27T16:45:25.825+0000] {logging_mixin.py:137} INFO - [2023-05-27T16:45:25.825+0000] {dag.py:2705} INFO - Sync 1 DAGs
[2023-05-27T16:45:25.847+0000] {logging_mixin.py:137} INFO - [2023-05-27T16:45:25.847+0000] {dag.py:3456} INFO - Setting next_dagrun for example_branch_operator to 2023-05-26T00:00:00+00:00, run_after=2023-05-27T00:00:00+00:00
[2023-05-27T16:45:25.861+0000] {processor.py:175} INFO - Processing /home/airflow/.local/lib/python3.7/site-packages/airflow/example_dags/example_branch_operator.py took 0.084 seconds
[2023-05-27T16:45:56.418+0000] {processor.py:153} INFO - Started process (PID=552) to work on /home/airflow/.local/lib/python3.7/site-packages/airflow/example_dags/example_branch_operator.py
[2023-05-27T16:45:56.419+0000] {processor.py:743} INFO - Processing file /home/airflow/.local/lib/python3.7/site-packages/airflow/example_dags/example_branch_operator.py for tasks to queue
[2023-05-27T16:45:56.420+0000] {logging_mixin.py:137} INFO - [2023-05-27T16:45:56.420+0000] {dagbag.py:532} INFO - Filling up the DagBag from /home/airflow/.local/lib/python3.7/site-packages/airflow/example_dags/example_branch_operator.py
[2023-05-27T16:45:56.436+0000] {processor.py:753} INFO - DAG(s) dict_keys(['example_branch_operator']) retrieved from /home/airflow/.local/lib/python3.7/site-packages/airflow/example_dags/example_branch_operator.py
[2023-05-27T16:45:56.464+0000] {logging_mixin.py:137} INFO - [2023-05-27T16:45:56.464+0000] {dag.py:2705} INFO - Sync 1 DAGs
[2023-05-27T16:45:56.486+0000] {logging_mixin.py:137} INFO - [2023-05-27T16:45:56.485+0000] {dag.py:3456} INFO - Setting next_dagrun for example_branch_operator to 2023-05-26T00:00:00+00:00, run_after=2023-05-27T00:00:00+00:00
[2023-05-27T16:45:56.500+0000] {processor.py:175} INFO - Processing /home/airflow/.local/lib/python3.7/site-packages/airflow/example_dags/example_branch_operator.py took 0.086 seconds
[2023-05-27T16:46:26.888+0000] {processor.py:153} INFO - Started process (PID=609) to work on /home/airflow/.local/lib/python3.7/site-packages/airflow/example_dags/example_branch_operator.py
[2023-05-27T16:46:26.890+0000] {processor.py:743} INFO - Processing file /home/airflow/.local/lib/python3.7/site-packages/airflow/example_dags/example_branch_operator.py for tasks to queue
[2023-05-27T16:46:26.891+0000] {logging_mixin.py:137} INFO - [2023-05-27T16:46:26.891+0000] {dagbag.py:532} INFO - Filling up the DagBag from /home/airflow/.local/lib/python3.7/site-packages/airflow/example_dags/example_branch_operator.py
[2023-05-27T16:46:26.907+0000] {processor.py:753} INFO - DAG(s) dict_keys(['example_branch_operator']) retrieved from /home/airflow/.local/lib/python3.7/site-packages/airflow/example_dags/example_branch_operator.py
[2023-05-27T16:46:26.934+0000] {logging_mixin.py:137} INFO - [2023-05-27T16:46:26.934+0000] {dag.py:2705} INFO - Sync 1 DAGs
[2023-05-27T16:46:26.956+0000] {logging_mixin.py:137} INFO - [2023-05-27T16:46:26.956+0000] {dag.py:3456} INFO - Setting next_dagrun for example_branch_operator to 2023-05-26T00:00:00+00:00, run_after=2023-05-27T00:00:00+00:00
[2023-05-27T16:46:26.971+0000] {processor.py:175} INFO - Processing /home/airflow/.local/lib/python3.7/site-packages/airflow/example_dags/example_branch_operator.py took 0.086 seconds
[2023-05-27T16:46:57.348+0000] {processor.py:153} INFO - Started process (PID=666) to work on /home/airflow/.local/lib/python3.7/site-packages/airflow/example_dags/example_branch_operator.py
[2023-05-27T16:46:57.349+0000] {processor.py:743} INFO - Processing file /home/airflow/.local/lib/python3.7/site-packages/airflow/example_dags/example_branch_operator.py for tasks to queue
[2023-05-27T16:46:57.350+0000] {logging_mixin.py:137} INFO - [2023-05-27T16:46:57.350+0000] {dagbag.py:532} INFO - Filling up the DagBag from /home/airflow/.local/lib/python3.7/site-packages/airflow/example_dags/example_branch_operator.py
[2023-05-27T16:46:57.366+0000] {processor.py:753} INFO - DAG(s) dict_keys(['example_branch_operator']) retrieved from /home/airflow/.local/lib/python3.7/site-packages/airflow/example_dags/example_branch_operator.py
[2023-05-27T16:46:57.393+0000] {logging_mixin.py:137} INFO - [2023-05-27T16:46:57.393+0000] {dag.py:2705} INFO - Sync 1 DAGs
[2023-05-27T16:46:57.415+0000] {logging_mixin.py:137} INFO - [2023-05-27T16:46:57.415+0000] {dag.py:3456} INFO - Setting next_dagrun for example_branch_operator to 2023-05-26T00:00:00+00:00, run_after=2023-05-27T00:00:00+00:00
[2023-05-27T16:46:57.429+0000] {processor.py:175} INFO - Processing /home/airflow/.local/lib/python3.7/site-packages/airflow/example_dags/example_branch_operator.py took 0.086 seconds
[2023-05-27T16:47:28.255+0000] {processor.py:153} INFO - Started process (PID=723) to work on /home/airflow/.local/lib/python3.7/site-packages/airflow/example_dags/example_branch_operator.py
[2023-05-27T16:47:28.256+0000] {processor.py:743} INFO - Processing file /home/airflow/.local/lib/python3.7/site-packages/airflow/example_dags/example_branch_operator.py for tasks to queue
[2023-05-27T16:47:28.257+0000] {logging_mixin.py:137} INFO - [2023-05-27T16:47:28.257+0000] {dagbag.py:532} INFO - Filling up the DagBag from /home/airflow/.local/lib/python3.7/site-packages/airflow/example_dags/example_branch_operator.py
[2023-05-27T16:47:28.273+0000] {processor.py:753} INFO - DAG(s) dict_keys(['example_branch_operator']) retrieved from /home/airflow/.local/lib/python3.7/site-packages/airflow/example_dags/example_branch_operator.py
[2023-05-27T16:47:28.305+0000] {logging_mixin.py:137} INFO - [2023-05-27T16:47:28.305+0000] {dag.py:2705} INFO - Sync 1 DAGs
[2023-05-27T16:47:28.327+0000] {logging_mixin.py:137} INFO - [2023-05-27T16:47:28.327+0000] {dag.py:3456} INFO - Setting next_dagrun for example_branch_operator to 2023-05-26T00:00:00+00:00, run_after=2023-05-27T00:00:00+00:00
[2023-05-27T16:47:28.341+0000] {processor.py:175} INFO - Processing /home/airflow/.local/lib/python3.7/site-packages/airflow/example_dags/example_branch_operator.py took 0.090 seconds
[2023-05-27T16:47:58.876+0000] {processor.py:153} INFO - Started process (PID=780) to work on /home/airflow/.local/lib/python3.7/site-packages/airflow/example_dags/example_branch_operator.py
[2023-05-27T16:47:58.877+0000] {processor.py:743} INFO - Processing file /home/airflow/.local/lib/python3.7/site-packages/airflow/example_dags/example_branch_operator.py for tasks to queue
[2023-05-27T16:47:58.878+0000] {logging_mixin.py:137} INFO - [2023-05-27T16:47:58.878+0000] {dagbag.py:532} INFO - Filling up the DagBag from /home/airflow/.local/lib/python3.7/site-packages/airflow/example_dags/example_branch_operator.py
[2023-05-27T16:47:58.894+0000] {processor.py:753} INFO - DAG(s) dict_keys(['example_branch_operator']) retrieved from /home/airflow/.local/lib/python3.7/site-packages/airflow/example_dags/example_branch_operator.py
[2023-05-27T16:47:58.921+0000] {logging_mixin.py:137} INFO - [2023-05-27T16:47:58.921+0000] {dag.py:2705} INFO - Sync 1 DAGs
[2023-05-27T16:47:58.943+0000] {logging_mixin.py:137} INFO - [2023-05-27T16:47:58.943+0000] {dag.py:3456} INFO - Setting next_dagrun for example_branch_operator to 2023-05-26T00:00:00+00:00, run_after=2023-05-27T00:00:00+00:00
[2023-05-27T16:47:58.957+0000] {processor.py:175} INFO - Processing /home/airflow/.local/lib/python3.7/site-packages/airflow/example_dags/example_branch_operator.py took 0.084 seconds
[2023-05-27T16:48:29.409+0000] {processor.py:153} INFO - Started process (PID=837) to work on /home/airflow/.local/lib/python3.7/site-packages/airflow/example_dags/example_branch_operator.py
[2023-05-27T16:48:29.410+0000] {processor.py:743} INFO - Processing file /home/airflow/.local/lib/python3.7/site-packages/airflow/example_dags/example_branch_operator.py for tasks to queue
[2023-05-27T16:48:29.411+0000] {logging_mixin.py:137} INFO - [2023-05-27T16:48:29.411+0000] {dagbag.py:532} INFO - Filling up the DagBag from /home/airflow/.local/lib/python3.7/site-packages/airflow/example_dags/example_branch_operator.py
[2023-05-27T16:48:29.426+0000] {processor.py:753} INFO - DAG(s) dict_keys(['example_branch_operator']) retrieved from /home/airflow/.local/lib/python3.7/site-packages/airflow/example_dags/example_branch_operator.py
[2023-05-27T16:48:29.454+0000] {logging_mixin.py:137} INFO - [2023-05-27T16:48:29.454+0000] {dag.py:2705} INFO - Sync 1 DAGs
[2023-05-27T16:48:29.476+0000] {logging_mixin.py:137} INFO - [2023-05-27T16:48:29.476+0000] {dag.py:3456} INFO - Setting next_dagrun for example_branch_operator to 2023-05-26T00:00:00+00:00, run_after=2023-05-27T00:00:00+00:00
[2023-05-27T16:48:29.490+0000] {processor.py:175} INFO - Processing /home/airflow/.local/lib/python3.7/site-packages/airflow/example_dags/example_branch_operator.py took 0.085 seconds
[2023-05-27T16:49:00.209+0000] {processor.py:153} INFO - Started process (PID=894) to work on /home/airflow/.local/lib/python3.7/site-packages/airflow/example_dags/example_branch_operator.py
[2023-05-27T16:49:00.210+0000] {processor.py:743} INFO - Processing file /home/airflow/.local/lib/python3.7/site-packages/airflow/example_dags/example_branch_operator.py for tasks to queue
[2023-05-27T16:49:00.211+0000] {logging_mixin.py:137} INFO - [2023-05-27T16:49:00.211+0000] {dagbag.py:532} INFO - Filling up the DagBag from /home/airflow/.local/lib/python3.7/site-packages/airflow/example_dags/example_branch_operator.py
[2023-05-27T16:49:00.227+0000] {processor.py:753} INFO - DAG(s) dict_keys(['example_branch_operator']) retrieved from /home/airflow/.local/lib/python3.7/site-packages/airflow/example_dags/example_branch_operator.py
[2023-05-27T16:49:00.254+0000] {logging_mixin.py:137} INFO - [2023-05-27T16:49:00.254+0000] {dag.py:2705} INFO - Sync 1 DAGs
[2023-05-27T16:49:00.277+0000] {logging_mixin.py:137} INFO - [2023-05-27T16:49:00.277+0000] {dag.py:3456} INFO - Setting next_dagrun for example_branch_operator to 2023-05-26T00:00:00+00:00, run_after=2023-05-27T00:00:00+00:00
[2023-05-27T16:49:00.291+0000] {processor.py:175} INFO - Processing /home/airflow/.local/lib/python3.7/site-packages/airflow/example_dags/example_branch_operator.py took 0.085 seconds
[2023-05-27T16:49:30.668+0000] {processor.py:153} INFO - Started process (PID=951) to work on /home/airflow/.local/lib/python3.7/site-packages/airflow/example_dags/example_branch_operator.py
[2023-05-27T16:49:30.669+0000] {processor.py:743} INFO - Processing file /home/airflow/.local/lib/python3.7/site-packages/airflow/example_dags/example_branch_operator.py for tasks to queue
[2023-05-27T16:49:30.670+0000] {logging_mixin.py:137} INFO - [2023-05-27T16:49:30.670+0000] {dagbag.py:532} INFO - Filling up the DagBag from /home/airflow/.local/lib/python3.7/site-packages/airflow/example_dags/example_branch_operator.py
[2023-05-27T16:49:30.685+0000] {processor.py:753} INFO - DAG(s) dict_keys(['example_branch_operator']) retrieved from /home/airflow/.local/lib/python3.7/site-packages/airflow/example_dags/example_branch_operator.py
[2023-05-27T16:49:30.715+0000] {logging_mixin.py:137} INFO - [2023-05-27T16:49:30.715+0000] {dag.py:2705} INFO - Sync 1 DAGs
[2023-05-27T16:49:30.737+0000] {logging_mixin.py:137} INFO - [2023-05-27T16:49:30.737+0000] {dag.py:3456} INFO - Setting next_dagrun for example_branch_operator to 2023-05-26T00:00:00+00:00, run_after=2023-05-27T00:00:00+00:00
[2023-05-27T16:49:30.751+0000] {processor.py:175} INFO - Processing /home/airflow/.local/lib/python3.7/site-packages/airflow/example_dags/example_branch_operator.py took 0.087 seconds
[2023-05-27T16:50:00.925+0000] {processor.py:153} INFO - Started process (PID=1008) to work on /home/airflow/.local/lib/python3.7/site-packages/airflow/example_dags/example_branch_operator.py
[2023-05-27T16:50:00.926+0000] {processor.py:743} INFO - Processing file /home/airflow/.local/lib/python3.7/site-packages/airflow/example_dags/example_branch_operator.py for tasks to queue
[2023-05-27T16:50:00.927+0000] {logging_mixin.py:137} INFO - [2023-05-27T16:50:00.927+0000] {dagbag.py:532} INFO - Filling up the DagBag from /home/airflow/.local/lib/python3.7/site-packages/airflow/example_dags/example_branch_operator.py
[2023-05-27T16:50:00.943+0000] {processor.py:753} INFO - DAG(s) dict_keys(['example_branch_operator']) retrieved from /home/airflow/.local/lib/python3.7/site-packages/airflow/example_dags/example_branch_operator.py
[2023-05-27T16:50:00.970+0000] {logging_mixin.py:137} INFO - [2023-05-27T16:50:00.970+0000] {dag.py:2705} INFO - Sync 1 DAGs
[2023-05-27T16:50:00.992+0000] {logging_mixin.py:137} INFO - [2023-05-27T16:50:00.991+0000] {dag.py:3456} INFO - Setting next_dagrun for example_branch_operator to 2023-05-26T00:00:00+00:00, run_after=2023-05-27T00:00:00+00:00
[2023-05-27T16:50:01.006+0000] {processor.py:175} INFO - Processing /home/airflow/.local/lib/python3.7/site-packages/airflow/example_dags/example_branch_operator.py took 0.084 seconds
[2023-05-27T16:50:31.144+0000] {processor.py:153} INFO - Started process (PID=1065) to work on /home/airflow/.local/lib/python3.7/site-packages/airflow/example_dags/example_branch_operator.py
[2023-05-27T16:50:31.145+0000] {processor.py:743} INFO - Processing file /home/airflow/.local/lib/python3.7/site-packages/airflow/example_dags/example_branch_operator.py for tasks to queue
[2023-05-27T16:50:31.146+0000] {logging_mixin.py:137} INFO - [2023-05-27T16:50:31.146+0000] {dagbag.py:532} INFO - Filling up the DagBag from /home/airflow/.local/lib/python3.7/site-packages/airflow/example_dags/example_branch_operator.py
[2023-05-27T16:50:31.162+0000] {processor.py:753} INFO - DAG(s) dict_keys(['example_branch_operator']) retrieved from /home/airflow/.local/lib/python3.7/site-packages/airflow/example_dags/example_branch_operator.py
[2023-05-27T16:50:31.191+0000] {logging_mixin.py:137} INFO - [2023-05-27T16:50:31.191+0000] {dag.py:2705} INFO - Sync 1 DAGs
[2023-05-27T16:50:31.216+0000] {logging_mixin.py:137} INFO - [2023-05-27T16:50:31.216+0000] {dag.py:3456} INFO - Setting next_dagrun for example_branch_operator to 2023-05-26T00:00:00+00:00, run_after=2023-05-27T00:00:00+00:00
[2023-05-27T16:50:31.230+0000] {processor.py:175} INFO - Processing /home/airflow/.local/lib/python3.7/site-packages/airflow/example_dags/example_branch_operator.py took 0.090 seconds
[2023-05-27T16:51:01.353+0000] {processor.py:153} INFO - Started process (PID=1122) to work on /home/airflow/.local/lib/python3.7/site-packages/airflow/example_dags/example_branch_operator.py
[2023-05-27T16:51:01.354+0000] {processor.py:743} INFO - Processing file /home/airflow/.local/lib/python3.7/site-packages/airflow/example_dags/example_branch_operator.py for tasks to queue
[2023-05-27T16:51:01.355+0000] {logging_mixin.py:137} INFO - [2023-05-27T16:51:01.355+0000] {dagbag.py:532} INFO - Filling up the DagBag from /home/airflow/.local/lib/python3.7/site-packages/airflow/example_dags/example_branch_operator.py
[2023-05-27T16:51:01.371+0000] {processor.py:753} INFO - DAG(s) dict_keys(['example_branch_operator']) retrieved from /home/airflow/.local/lib/python3.7/site-packages/airflow/example_dags/example_branch_operator.py
[2023-05-27T16:51:01.399+0000] {logging_mixin.py:137} INFO - [2023-05-27T16:51:01.399+0000] {dag.py:2705} INFO - Sync 1 DAGs
[2023-05-27T16:51:01.421+0000] {logging_mixin.py:137} INFO - [2023-05-27T16:51:01.421+0000] {dag.py:3456} INFO - Setting next_dagrun for example_branch_operator to 2023-05-26T00:00:00+00:00, run_after=2023-05-27T00:00:00+00:00
[2023-05-27T16:51:01.437+0000] {processor.py:175} INFO - Processing /home/airflow/.local/lib/python3.7/site-packages/airflow/example_dags/example_branch_operator.py took 0.087 seconds
[2023-05-27T16:51:31.532+0000] {processor.py:153} INFO - Started process (PID=1179) to work on /home/airflow/.local/lib/python3.7/site-packages/airflow/example_dags/example_branch_operator.py
[2023-05-27T16:51:31.533+0000] {processor.py:743} INFO - Processing file /home/airflow/.local/lib/python3.7/site-packages/airflow/example_dags/example_branch_operator.py for tasks to queue
[2023-05-27T16:51:31.535+0000] {logging_mixin.py:137} INFO - [2023-05-27T16:51:31.534+0000] {dagbag.py:532} INFO - Filling up the DagBag from /home/airflow/.local/lib/python3.7/site-packages/airflow/example_dags/example_branch_operator.py
[2023-05-27T16:51:31.550+0000] {processor.py:753} INFO - DAG(s) dict_keys(['example_branch_operator']) retrieved from /home/airflow/.local/lib/python3.7/site-packages/airflow/example_dags/example_branch_operator.py
[2023-05-27T16:51:31.583+0000] {logging_mixin.py:137} INFO - [2023-05-27T16:51:31.583+0000] {dag.py:2705} INFO - Sync 1 DAGs
[2023-05-27T16:51:31.611+0000] {logging_mixin.py:137} INFO - [2023-05-27T16:51:31.611+0000] {dag.py:3456} INFO - Setting next_dagrun for example_branch_operator to 2023-05-26T00:00:00+00:00, run_after=2023-05-27T00:00:00+00:00
[2023-05-27T16:51:31.646+0000] {processor.py:175} INFO - Processing /home/airflow/.local/lib/python3.7/site-packages/airflow/example_dags/example_branch_operator.py took 0.118 seconds
[2023-05-27T16:52:02.671+0000] {processor.py:153} INFO - Started process (PID=1236) to work on /home/airflow/.local/lib/python3.7/site-packages/airflow/example_dags/example_branch_operator.py
[2023-05-27T16:52:02.672+0000] {processor.py:743} INFO - Processing file /home/airflow/.local/lib/python3.7/site-packages/airflow/example_dags/example_branch_operator.py for tasks to queue
[2023-05-27T16:52:02.673+0000] {logging_mixin.py:137} INFO - [2023-05-27T16:52:02.673+0000] {dagbag.py:532} INFO - Filling up the DagBag from /home/airflow/.local/lib/python3.7/site-packages/airflow/example_dags/example_branch_operator.py
[2023-05-27T16:52:02.689+0000] {processor.py:753} INFO - DAG(s) dict_keys(['example_branch_operator']) retrieved from /home/airflow/.local/lib/python3.7/site-packages/airflow/example_dags/example_branch_operator.py
[2023-05-27T16:52:02.716+0000] {logging_mixin.py:137} INFO - [2023-05-27T16:52:02.716+0000] {dag.py:2705} INFO - Sync 1 DAGs
[2023-05-27T16:52:02.738+0000] {logging_mixin.py:137} INFO - [2023-05-27T16:52:02.738+0000] {dag.py:3456} INFO - Setting next_dagrun for example_branch_operator to 2023-05-26T00:00:00+00:00, run_after=2023-05-27T00:00:00+00:00
[2023-05-27T16:52:02.752+0000] {processor.py:175} INFO - Processing /home/airflow/.local/lib/python3.7/site-packages/airflow/example_dags/example_branch_operator.py took 0.085 seconds
[2023-05-27T16:52:33.499+0000] {processor.py:153} INFO - Started process (PID=1293) to work on /home/airflow/.local/lib/python3.7/site-packages/airflow/example_dags/example_branch_operator.py
[2023-05-27T16:52:33.501+0000] {processor.py:743} INFO - Processing file /home/airflow/.local/lib/python3.7/site-packages/airflow/example_dags/example_branch_operator.py for tasks to queue
[2023-05-27T16:52:33.502+0000] {logging_mixin.py:137} INFO - [2023-05-27T16:52:33.501+0000] {dagbag.py:532} INFO - Filling up the DagBag from /home/airflow/.local/lib/python3.7/site-packages/airflow/example_dags/example_branch_operator.py
[2023-05-27T16:52:33.517+0000] {processor.py:753} INFO - DAG(s) dict_keys(['example_branch_operator']) retrieved from /home/airflow/.local/lib/python3.7/site-packages/airflow/example_dags/example_branch_operator.py
[2023-05-27T16:52:33.545+0000] {logging_mixin.py:137} INFO - [2023-05-27T16:52:33.545+0000] {dag.py:2705} INFO - Sync 1 DAGs
[2023-05-27T16:52:33.567+0000] {logging_mixin.py:137} INFO - [2023-05-27T16:52:33.567+0000] {dag.py:3456} INFO - Setting next_dagrun for example_branch_operator to 2023-05-26T00:00:00+00:00, run_after=2023-05-27T00:00:00+00:00
[2023-05-27T16:52:33.581+0000] {processor.py:175} INFO - Processing /home/airflow/.local/lib/python3.7/site-packages/airflow/example_dags/example_branch_operator.py took 0.085 seconds
[2023-05-27T16:53:03.801+0000] {processor.py:153} INFO - Started process (PID=1350) to work on /home/airflow/.local/lib/python3.7/site-packages/airflow/example_dags/example_branch_operator.py
[2023-05-27T16:53:03.803+0000] {processor.py:743} INFO - Processing file /home/airflow/.local/lib/python3.7/site-packages/airflow/example_dags/example_branch_operator.py for tasks to queue
[2023-05-27T16:53:03.804+0000] {logging_mixin.py:137} INFO - [2023-05-27T16:53:03.804+0000] {dagbag.py:532} INFO - Filling up the DagBag from /home/airflow/.local/lib/python3.7/site-packages/airflow/example_dags/example_branch_operator.py
[2023-05-27T16:53:03.822+0000] {processor.py:753} INFO - DAG(s) dict_keys(['example_branch_operator']) retrieved from /home/airflow/.local/lib/python3.7/site-packages/airflow/example_dags/example_branch_operator.py
[2023-05-27T16:53:03.855+0000] {logging_mixin.py:137} INFO - [2023-05-27T16:53:03.855+0000] {dag.py:2705} INFO - Sync 1 DAGs
[2023-05-27T16:53:03.881+0000] {logging_mixin.py:137} INFO - [2023-05-27T16:53:03.880+0000] {dag.py:3456} INFO - Setting next_dagrun for example_branch_operator to 2023-05-26T00:00:00+00:00, run_after=2023-05-27T00:00:00+00:00
[2023-05-27T16:53:03.897+0000] {processor.py:175} INFO - Processing /home/airflow/.local/lib/python3.7/site-packages/airflow/example_dags/example_branch_operator.py took 0.100 seconds
[2023-05-27T16:53:34.106+0000] {processor.py:153} INFO - Started process (PID=1407) to work on /home/airflow/.local/lib/python3.7/site-packages/airflow/example_dags/example_branch_operator.py
[2023-05-27T16:53:34.108+0000] {processor.py:743} INFO - Processing file /home/airflow/.local/lib/python3.7/site-packages/airflow/example_dags/example_branch_operator.py for tasks to queue
[2023-05-27T16:53:34.108+0000] {logging_mixin.py:137} INFO - [2023-05-27T16:53:34.108+0000] {dagbag.py:532} INFO - Filling up the DagBag from /home/airflow/.local/lib/python3.7/site-packages/airflow/example_dags/example_branch_operator.py
[2023-05-27T16:53:34.126+0000] {processor.py:753} INFO - DAG(s) dict_keys(['example_branch_operator']) retrieved from /home/airflow/.local/lib/python3.7/site-packages/airflow/example_dags/example_branch_operator.py
[2023-05-27T16:53:34.158+0000] {logging_mixin.py:137} INFO - [2023-05-27T16:53:34.158+0000] {dag.py:2705} INFO - Sync 1 DAGs
[2023-05-27T16:53:34.180+0000] {logging_mixin.py:137} INFO - [2023-05-27T16:53:34.180+0000] {dag.py:3456} INFO - Setting next_dagrun for example_branch_operator to 2023-05-26T00:00:00+00:00, run_after=2023-05-27T00:00:00+00:00
[2023-05-27T16:53:34.193+0000] {processor.py:175} INFO - Processing /home/airflow/.local/lib/python3.7/site-packages/airflow/example_dags/example_branch_operator.py took 0.090 seconds
[2023-05-27T16:54:04.339+0000] {processor.py:153} INFO - Started process (PID=1464) to work on /home/airflow/.local/lib/python3.7/site-packages/airflow/example_dags/example_branch_operator.py
[2023-05-27T16:54:04.341+0000] {processor.py:743} INFO - Processing file /home/airflow/.local/lib/python3.7/site-packages/airflow/example_dags/example_branch_operator.py for tasks to queue
[2023-05-27T16:54:04.341+0000] {logging_mixin.py:137} INFO - [2023-05-27T16:54:04.341+0000] {dagbag.py:532} INFO - Filling up the DagBag from /home/airflow/.local/lib/python3.7/site-packages/airflow/example_dags/example_branch_operator.py
[2023-05-27T16:54:04.357+0000] {processor.py:753} INFO - DAG(s) dict_keys(['example_branch_operator']) retrieved from /home/airflow/.local/lib/python3.7/site-packages/airflow/example_dags/example_branch_operator.py
[2023-05-27T16:54:04.385+0000] {logging_mixin.py:137} INFO - [2023-05-27T16:54:04.385+0000] {dag.py:2705} INFO - Sync 1 DAGs
[2023-05-27T16:54:04.407+0000] {logging_mixin.py:137} INFO - [2023-05-27T16:54:04.407+0000] {dag.py:3456} INFO - Setting next_dagrun for example_branch_operator to 2023-05-26T00:00:00+00:00, run_after=2023-05-27T00:00:00+00:00
[2023-05-27T16:54:04.422+0000] {processor.py:175} INFO - Processing /home/airflow/.local/lib/python3.7/site-packages/airflow/example_dags/example_branch_operator.py took 0.086 seconds
[2023-05-27T16:54:34.635+0000] {processor.py:153} INFO - Started process (PID=1521) to work on /home/airflow/.local/lib/python3.7/site-packages/airflow/example_dags/example_branch_operator.py
[2023-05-27T16:54:34.636+0000] {processor.py:743} INFO - Processing file /home/airflow/.local/lib/python3.7/site-packages/airflow/example_dags/example_branch_operator.py for tasks to queue
[2023-05-27T16:54:34.637+0000] {logging_mixin.py:137} INFO - [2023-05-27T16:54:34.637+0000] {dagbag.py:532} INFO - Filling up the DagBag from /home/airflow/.local/lib/python3.7/site-packages/airflow/example_dags/example_branch_operator.py
[2023-05-27T16:54:34.654+0000] {processor.py:753} INFO - DAG(s) dict_keys(['example_branch_operator']) retrieved from /home/airflow/.local/lib/python3.7/site-packages/airflow/example_dags/example_branch_operator.py
[2023-05-27T16:54:34.682+0000] {logging_mixin.py:137} INFO - [2023-05-27T16:54:34.682+0000] {dag.py:2705} INFO - Sync 1 DAGs
[2023-05-27T16:54:34.704+0000] {logging_mixin.py:137} INFO - [2023-05-27T16:54:34.704+0000] {dag.py:3456} INFO - Setting next_dagrun for example_branch_operator to 2023-05-26T00:00:00+00:00, run_after=2023-05-27T00:00:00+00:00
[2023-05-27T16:54:34.719+0000] {processor.py:175} INFO - Processing /home/airflow/.local/lib/python3.7/site-packages/airflow/example_dags/example_branch_operator.py took 0.087 seconds
[2023-05-27T16:55:04.911+0000] {processor.py:153} INFO - Started process (PID=1578) to work on /home/airflow/.local/lib/python3.7/site-packages/airflow/example_dags/example_branch_operator.py
[2023-05-27T16:55:04.912+0000] {processor.py:743} INFO - Processing file /home/airflow/.local/lib/python3.7/site-packages/airflow/example_dags/example_branch_operator.py for tasks to queue
[2023-05-27T16:55:04.913+0000] {logging_mixin.py:137} INFO - [2023-05-27T16:55:04.913+0000] {dagbag.py:532} INFO - Filling up the DagBag from /home/airflow/.local/lib/python3.7/site-packages/airflow/example_dags/example_branch_operator.py
[2023-05-27T16:55:04.930+0000] {processor.py:753} INFO - DAG(s) dict_keys(['example_branch_operator']) retrieved from /home/airflow/.local/lib/python3.7/site-packages/airflow/example_dags/example_branch_operator.py
[2023-05-27T16:55:04.958+0000] {logging_mixin.py:137} INFO - [2023-05-27T16:55:04.958+0000] {dag.py:2705} INFO - Sync 1 DAGs
[2023-05-27T16:55:04.980+0000] {logging_mixin.py:137} INFO - [2023-05-27T16:55:04.980+0000] {dag.py:3456} INFO - Setting next_dagrun for example_branch_operator to 2023-05-26T00:00:00+00:00, run_after=2023-05-27T00:00:00+00:00
[2023-05-27T16:55:04.994+0000] {processor.py:175} INFO - Processing /home/airflow/.local/lib/python3.7/site-packages/airflow/example_dags/example_branch_operator.py took 0.087 seconds
[2023-05-27T16:55:35.072+0000] {processor.py:153} INFO - Started process (PID=1635) to work on /home/airflow/.local/lib/python3.7/site-packages/airflow/example_dags/example_branch_operator.py
[2023-05-27T16:55:35.074+0000] {processor.py:743} INFO - Processing file /home/airflow/.local/lib/python3.7/site-packages/airflow/example_dags/example_branch_operator.py for tasks to queue
[2023-05-27T16:55:35.075+0000] {logging_mixin.py:137} INFO - [2023-05-27T16:55:35.075+0000] {dagbag.py:532} INFO - Filling up the DagBag from /home/airflow/.local/lib/python3.7/site-packages/airflow/example_dags/example_branch_operator.py
[2023-05-27T16:55:35.093+0000] {processor.py:753} INFO - DAG(s) dict_keys(['example_branch_operator']) retrieved from /home/airflow/.local/lib/python3.7/site-packages/airflow/example_dags/example_branch_operator.py
[2023-05-27T16:55:35.122+0000] {logging_mixin.py:137} INFO - [2023-05-27T16:55:35.122+0000] {dag.py:2705} INFO - Sync 1 DAGs
[2023-05-27T16:55:35.145+0000] {logging_mixin.py:137} INFO - [2023-05-27T16:55:35.145+0000] {dag.py:3456} INFO - Setting next_dagrun for example_branch_operator to 2023-05-26T00:00:00+00:00, run_after=2023-05-27T00:00:00+00:00
[2023-05-27T16:55:35.161+0000] {processor.py:175} INFO - Processing /home/airflow/.local/lib/python3.7/site-packages/airflow/example_dags/example_branch_operator.py took 0.094 seconds
[2023-05-27T16:56:05.858+0000] {processor.py:153} INFO - Started process (PID=1692) to work on /home/airflow/.local/lib/python3.7/site-packages/airflow/example_dags/example_branch_operator.py
[2023-05-27T16:56:05.860+0000] {processor.py:743} INFO - Processing file /home/airflow/.local/lib/python3.7/site-packages/airflow/example_dags/example_branch_operator.py for tasks to queue
[2023-05-27T16:56:05.861+0000] {logging_mixin.py:137} INFO - [2023-05-27T16:56:05.861+0000] {dagbag.py:532} INFO - Filling up the DagBag from /home/airflow/.local/lib/python3.7/site-packages/airflow/example_dags/example_branch_operator.py
[2023-05-27T16:56:05.878+0000] {processor.py:753} INFO - DAG(s) dict_keys(['example_branch_operator']) retrieved from /home/airflow/.local/lib/python3.7/site-packages/airflow/example_dags/example_branch_operator.py
[2023-05-27T16:56:05.908+0000] {logging_mixin.py:137} INFO - [2023-05-27T16:56:05.908+0000] {dag.py:2705} INFO - Sync 1 DAGs
[2023-05-27T16:56:05.931+0000] {logging_mixin.py:137} INFO - [2023-05-27T16:56:05.931+0000] {dag.py:3456} INFO - Setting next_dagrun for example_branch_operator to 2023-05-26T00:00:00+00:00, run_after=2023-05-27T00:00:00+00:00
[2023-05-27T16:56:05.945+0000] {processor.py:175} INFO - Processing /home/airflow/.local/lib/python3.7/site-packages/airflow/example_dags/example_branch_operator.py took 0.091 seconds
[2023-05-27T16:56:36.177+0000] {processor.py:153} INFO - Started process (PID=1748) to work on /home/airflow/.local/lib/python3.7/site-packages/airflow/example_dags/example_branch_operator.py
[2023-05-27T16:56:36.178+0000] {processor.py:743} INFO - Processing file /home/airflow/.local/lib/python3.7/site-packages/airflow/example_dags/example_branch_operator.py for tasks to queue
[2023-05-27T16:56:36.179+0000] {logging_mixin.py:137} INFO - [2023-05-27T16:56:36.179+0000] {dagbag.py:532} INFO - Filling up the DagBag from /home/airflow/.local/lib/python3.7/site-packages/airflow/example_dags/example_branch_operator.py
[2023-05-27T16:56:36.195+0000] {processor.py:753} INFO - DAG(s) dict_keys(['example_branch_operator']) retrieved from /home/airflow/.local/lib/python3.7/site-packages/airflow/example_dags/example_branch_operator.py
[2023-05-27T16:56:36.223+0000] {logging_mixin.py:137} INFO - [2023-05-27T16:56:36.223+0000] {dag.py:2705} INFO - Sync 1 DAGs
[2023-05-27T16:56:36.246+0000] {logging_mixin.py:137} INFO - [2023-05-27T16:56:36.246+0000] {dag.py:3456} INFO - Setting next_dagrun for example_branch_operator to 2023-05-26T00:00:00+00:00, run_after=2023-05-27T00:00:00+00:00
[2023-05-27T16:56:36.260+0000] {processor.py:175} INFO - Processing /home/airflow/.local/lib/python3.7/site-packages/airflow/example_dags/example_branch_operator.py took 0.087 seconds
[2023-05-27T16:57:07.077+0000] {processor.py:153} INFO - Started process (PID=1805) to work on /home/airflow/.local/lib/python3.7/site-packages/airflow/example_dags/example_branch_operator.py
[2023-05-27T16:57:07.078+0000] {processor.py:743} INFO - Processing file /home/airflow/.local/lib/python3.7/site-packages/airflow/example_dags/example_branch_operator.py for tasks to queue
[2023-05-27T16:57:07.079+0000] {logging_mixin.py:137} INFO - [2023-05-27T16:57:07.079+0000] {dagbag.py:532} INFO - Filling up the DagBag from /home/airflow/.local/lib/python3.7/site-packages/airflow/example_dags/example_branch_operator.py
[2023-05-27T16:57:07.096+0000] {processor.py:753} INFO - DAG(s) dict_keys(['example_branch_operator']) retrieved from /home/airflow/.local/lib/python3.7/site-packages/airflow/example_dags/example_branch_operator.py
[2023-05-27T16:57:07.130+0000] {logging_mixin.py:137} INFO - [2023-05-27T16:57:07.130+0000] {dag.py:2705} INFO - Sync 1 DAGs
[2023-05-27T16:57:07.155+0000] {logging_mixin.py:137} INFO - [2023-05-27T16:57:07.155+0000] {dag.py:3456} INFO - Setting next_dagrun for example_branch_operator to 2023-05-26T00:00:00+00:00, run_after=2023-05-27T00:00:00+00:00
[2023-05-27T16:57:07.172+0000] {processor.py:175} INFO - Processing /home/airflow/.local/lib/python3.7/site-packages/airflow/example_dags/example_branch_operator.py took 0.099 seconds
[2023-05-27T16:57:37.961+0000] {processor.py:153} INFO - Started process (PID=1862) to work on /home/airflow/.local/lib/python3.7/site-packages/airflow/example_dags/example_branch_operator.py
[2023-05-27T16:57:37.962+0000] {processor.py:743} INFO - Processing file /home/airflow/.local/lib/python3.7/site-packages/airflow/example_dags/example_branch_operator.py for tasks to queue
[2023-05-27T16:57:37.963+0000] {logging_mixin.py:137} INFO - [2023-05-27T16:57:37.963+0000] {dagbag.py:532} INFO - Filling up the DagBag from /home/airflow/.local/lib/python3.7/site-packages/airflow/example_dags/example_branch_operator.py
[2023-05-27T16:57:37.980+0000] {processor.py:753} INFO - DAG(s) dict_keys(['example_branch_operator']) retrieved from /home/airflow/.local/lib/python3.7/site-packages/airflow/example_dags/example_branch_operator.py
[2023-05-27T16:57:38.011+0000] {logging_mixin.py:137} INFO - [2023-05-27T16:57:38.011+0000] {dag.py:2705} INFO - Sync 1 DAGs
[2023-05-27T16:57:38.037+0000] {logging_mixin.py:137} INFO - [2023-05-27T16:57:38.037+0000] {dag.py:3456} INFO - Setting next_dagrun for example_branch_operator to 2023-05-26T00:00:00+00:00, run_after=2023-05-27T00:00:00+00:00
[2023-05-27T16:57:38.057+0000] {processor.py:175} INFO - Processing /home/airflow/.local/lib/python3.7/site-packages/airflow/example_dags/example_branch_operator.py took 0.099 seconds
[2023-05-27T16:58:08.436+0000] {processor.py:153} INFO - Started process (PID=1919) to work on /home/airflow/.local/lib/python3.7/site-packages/airflow/example_dags/example_branch_operator.py
[2023-05-27T16:58:08.438+0000] {processor.py:743} INFO - Processing file /home/airflow/.local/lib/python3.7/site-packages/airflow/example_dags/example_branch_operator.py for tasks to queue
[2023-05-27T16:58:08.438+0000] {logging_mixin.py:137} INFO - [2023-05-27T16:58:08.438+0000] {dagbag.py:532} INFO - Filling up the DagBag from /home/airflow/.local/lib/python3.7/site-packages/airflow/example_dags/example_branch_operator.py
[2023-05-27T16:58:08.454+0000] {processor.py:753} INFO - DAG(s) dict_keys(['example_branch_operator']) retrieved from /home/airflow/.local/lib/python3.7/site-packages/airflow/example_dags/example_branch_operator.py
[2023-05-27T16:58:08.482+0000] {logging_mixin.py:137} INFO - [2023-05-27T16:58:08.482+0000] {dag.py:2705} INFO - Sync 1 DAGs
[2023-05-27T16:58:08.504+0000] {logging_mixin.py:137} INFO - [2023-05-27T16:58:08.503+0000] {dag.py:3456} INFO - Setting next_dagrun for example_branch_operator to 2023-05-26T00:00:00+00:00, run_after=2023-05-27T00:00:00+00:00
[2023-05-27T16:58:08.517+0000] {processor.py:175} INFO - Processing /home/airflow/.local/lib/python3.7/site-packages/airflow/example_dags/example_branch_operator.py took 0.084 seconds
[2023-05-27T16:58:39.043+0000] {processor.py:153} INFO - Started process (PID=1976) to work on /home/airflow/.local/lib/python3.7/site-packages/airflow/example_dags/example_branch_operator.py
[2023-05-27T16:58:39.045+0000] {processor.py:743} INFO - Processing file /home/airflow/.local/lib/python3.7/site-packages/airflow/example_dags/example_branch_operator.py for tasks to queue
[2023-05-27T16:58:39.046+0000] {logging_mixin.py:137} INFO - [2023-05-27T16:58:39.046+0000] {dagbag.py:532} INFO - Filling up the DagBag from /home/airflow/.local/lib/python3.7/site-packages/airflow/example_dags/example_branch_operator.py
[2023-05-27T16:58:39.068+0000] {processor.py:753} INFO - DAG(s) dict_keys(['example_branch_operator']) retrieved from /home/airflow/.local/lib/python3.7/site-packages/airflow/example_dags/example_branch_operator.py
[2023-05-27T16:58:39.103+0000] {logging_mixin.py:137} INFO - [2023-05-27T16:58:39.103+0000] {dag.py:2705} INFO - Sync 1 DAGs
[2023-05-27T16:58:39.132+0000] {logging_mixin.py:137} INFO - [2023-05-27T16:58:39.132+0000] {dag.py:3456} INFO - Setting next_dagrun for example_branch_operator to 2023-05-26T00:00:00+00:00, run_after=2023-05-27T00:00:00+00:00
[2023-05-27T16:58:39.151+0000] {processor.py:175} INFO - Processing /home/airflow/.local/lib/python3.7/site-packages/airflow/example_dags/example_branch_operator.py took 0.112 seconds
[2023-05-27T16:59:09.759+0000] {processor.py:153} INFO - Started process (PID=2033) to work on /home/airflow/.local/lib/python3.7/site-packages/airflow/example_dags/example_branch_operator.py
[2023-05-27T16:59:09.761+0000] {processor.py:743} INFO - Processing file /home/airflow/.local/lib/python3.7/site-packages/airflow/example_dags/example_branch_operator.py for tasks to queue
[2023-05-27T16:59:09.761+0000] {logging_mixin.py:137} INFO - [2023-05-27T16:59:09.761+0000] {dagbag.py:532} INFO - Filling up the DagBag from /home/airflow/.local/lib/python3.7/site-packages/airflow/example_dags/example_branch_operator.py
[2023-05-27T16:59:09.777+0000] {processor.py:753} INFO - DAG(s) dict_keys(['example_branch_operator']) retrieved from /home/airflow/.local/lib/python3.7/site-packages/airflow/example_dags/example_branch_operator.py
[2023-05-27T16:59:09.805+0000] {logging_mixin.py:137} INFO - [2023-05-27T16:59:09.805+0000] {dag.py:2705} INFO - Sync 1 DAGs
[2023-05-27T16:59:09.827+0000] {logging_mixin.py:137} INFO - [2023-05-27T16:59:09.827+0000] {dag.py:3456} INFO - Setting next_dagrun for example_branch_operator to 2023-05-26T00:00:00+00:00, run_after=2023-05-27T00:00:00+00:00
[2023-05-27T16:59:09.841+0000] {processor.py:175} INFO - Processing /home/airflow/.local/lib/python3.7/site-packages/airflow/example_dags/example_branch_operator.py took 0.086 seconds
[2023-05-27T16:59:40.653+0000] {processor.py:153} INFO - Started process (PID=2090) to work on /home/airflow/.local/lib/python3.7/site-packages/airflow/example_dags/example_branch_operator.py
[2023-05-27T16:59:40.654+0000] {processor.py:743} INFO - Processing file /home/airflow/.local/lib/python3.7/site-packages/airflow/example_dags/example_branch_operator.py for tasks to queue
[2023-05-27T16:59:40.655+0000] {logging_mixin.py:137} INFO - [2023-05-27T16:59:40.655+0000] {dagbag.py:532} INFO - Filling up the DagBag from /home/airflow/.local/lib/python3.7/site-packages/airflow/example_dags/example_branch_operator.py
[2023-05-27T16:59:40.674+0000] {processor.py:753} INFO - DAG(s) dict_keys(['example_branch_operator']) retrieved from /home/airflow/.local/lib/python3.7/site-packages/airflow/example_dags/example_branch_operator.py
[2023-05-27T16:59:40.702+0000] {logging_mixin.py:137} INFO - [2023-05-27T16:59:40.701+0000] {dag.py:2705} INFO - Sync 1 DAGs
[2023-05-27T16:59:40.724+0000] {logging_mixin.py:137} INFO - [2023-05-27T16:59:40.724+0000] {dag.py:3456} INFO - Setting next_dagrun for example_branch_operator to 2023-05-26T00:00:00+00:00, run_after=2023-05-27T00:00:00+00:00
[2023-05-27T16:59:40.738+0000] {processor.py:175} INFO - Processing /home/airflow/.local/lib/python3.7/site-packages/airflow/example_dags/example_branch_operator.py took 0.088 seconds
[2023-05-27T17:00:11.779+0000] {processor.py:153} INFO - Started process (PID=2147) to work on /home/airflow/.local/lib/python3.7/site-packages/airflow/example_dags/example_branch_operator.py
[2023-05-27T17:00:11.783+0000] {processor.py:743} INFO - Processing file /home/airflow/.local/lib/python3.7/site-packages/airflow/example_dags/example_branch_operator.py for tasks to queue
[2023-05-27T17:00:11.785+0000] {logging_mixin.py:137} INFO - [2023-05-27T17:00:11.785+0000] {dagbag.py:532} INFO - Filling up the DagBag from /home/airflow/.local/lib/python3.7/site-packages/airflow/example_dags/example_branch_operator.py
[2023-05-27T17:00:11.829+0000] {processor.py:753} INFO - DAG(s) dict_keys(['example_branch_operator']) retrieved from /home/airflow/.local/lib/python3.7/site-packages/airflow/example_dags/example_branch_operator.py
[2023-05-27T17:00:11.881+0000] {logging_mixin.py:137} INFO - [2023-05-27T17:00:11.881+0000] {dag.py:2705} INFO - Sync 1 DAGs
[2023-05-27T17:00:11.918+0000] {logging_mixin.py:137} INFO - [2023-05-27T17:00:11.918+0000] {dag.py:3456} INFO - Setting next_dagrun for example_branch_operator to 2023-05-26T00:00:00+00:00, run_after=2023-05-27T00:00:00+00:00
[2023-05-27T17:00:11.936+0000] {processor.py:175} INFO - Processing /home/airflow/.local/lib/python3.7/site-packages/airflow/example_dags/example_branch_operator.py took 0.165 seconds
[2023-05-27T17:00:43.085+0000] {processor.py:153} INFO - Started process (PID=2204) to work on /home/airflow/.local/lib/python3.7/site-packages/airflow/example_dags/example_branch_operator.py
[2023-05-27T17:00:43.089+0000] {processor.py:743} INFO - Processing file /home/airflow/.local/lib/python3.7/site-packages/airflow/example_dags/example_branch_operator.py for tasks to queue
[2023-05-27T17:00:43.092+0000] {logging_mixin.py:137} INFO - [2023-05-27T17:00:43.091+0000] {dagbag.py:532} INFO - Filling up the DagBag from /home/airflow/.local/lib/python3.7/site-packages/airflow/example_dags/example_branch_operator.py
[2023-05-27T17:00:43.189+0000] {processor.py:753} INFO - DAG(s) dict_keys(['example_branch_operator']) retrieved from /home/airflow/.local/lib/python3.7/site-packages/airflow/example_dags/example_branch_operator.py
[2023-05-27T17:00:43.256+0000] {logging_mixin.py:137} INFO - [2023-05-27T17:00:43.256+0000] {dag.py:2705} INFO - Sync 1 DAGs
[2023-05-27T17:00:43.293+0000] {logging_mixin.py:137} INFO - [2023-05-27T17:00:43.293+0000] {dag.py:3456} INFO - Setting next_dagrun for example_branch_operator to 2023-05-26T00:00:00+00:00, run_after=2023-05-27T00:00:00+00:00
[2023-05-27T17:00:43.335+0000] {processor.py:175} INFO - Processing /home/airflow/.local/lib/python3.7/site-packages/airflow/example_dags/example_branch_operator.py took 0.259 seconds
