[2023-05-27T16:41:26.989+0000] {processor.py:153} INFO - Started process (PID=74) to work on /home/airflow/.local/lib/python3.7/site-packages/airflow/example_dags/example_branch_labels.py
[2023-05-27T16:41:26.994+0000] {processor.py:743} INFO - Processing file /home/airflow/.local/lib/python3.7/site-packages/airflow/example_dags/example_branch_labels.py for tasks to queue
[2023-05-27T16:41:26.996+0000] {logging_mixin.py:137} INFO - [2023-05-27T16:41:26.996+0000] {dagbag.py:532} INFO - Filling up the DagBag from /home/airflow/.local/lib/python3.7/site-packages/airflow/example_dags/example_branch_labels.py
[2023-05-27T16:41:27.035+0000] {processor.py:753} INFO - DAG(s) dict_keys(['example_branch_labels']) retrieved from /home/airflow/.local/lib/python3.7/site-packages/airflow/example_dags/example_branch_labels.py
[2023-05-27T16:41:27.094+0000] {logging_mixin.py:137} INFO - [2023-05-27T16:41:27.094+0000] {dag.py:2705} INFO - Sync 1 DAGs
[2023-05-27T16:41:27.151+0000] {logging_mixin.py:137} INFO - [2023-05-27T16:41:27.150+0000] {dag.py:3456} INFO - Setting next_dagrun for example_branch_labels to 2023-05-26T00:00:00+00:00, run_after=2023-05-27T00:00:00+00:00
[2023-05-27T16:41:27.188+0000] {processor.py:175} INFO - Processing /home/airflow/.local/lib/python3.7/site-packages/airflow/example_dags/example_branch_labels.py took 0.210 seconds
[2023-05-27T16:41:57.717+0000] {processor.py:153} INFO - Started process (PID=131) to work on /home/airflow/.local/lib/python3.7/site-packages/airflow/example_dags/example_branch_labels.py
[2023-05-27T16:41:57.719+0000] {processor.py:743} INFO - Processing file /home/airflow/.local/lib/python3.7/site-packages/airflow/example_dags/example_branch_labels.py for tasks to queue
[2023-05-27T16:41:57.720+0000] {logging_mixin.py:137} INFO - [2023-05-27T16:41:57.720+0000] {dagbag.py:532} INFO - Filling up the DagBag from /home/airflow/.local/lib/python3.7/site-packages/airflow/example_dags/example_branch_labels.py
[2023-05-27T16:41:57.733+0000] {processor.py:753} INFO - DAG(s) dict_keys(['example_branch_labels']) retrieved from /home/airflow/.local/lib/python3.7/site-packages/airflow/example_dags/example_branch_labels.py
[2023-05-27T16:41:57.759+0000] {logging_mixin.py:137} INFO - [2023-05-27T16:41:57.759+0000] {dag.py:2705} INFO - Sync 1 DAGs
[2023-05-27T16:41:57.782+0000] {logging_mixin.py:137} INFO - [2023-05-27T16:41:57.782+0000] {dag.py:3456} INFO - Setting next_dagrun for example_branch_labels to 2023-05-26T00:00:00+00:00, run_after=2023-05-27T00:00:00+00:00
[2023-05-27T16:41:57.799+0000] {processor.py:175} INFO - Processing /home/airflow/.local/lib/python3.7/site-packages/airflow/example_dags/example_branch_labels.py took 0.086 seconds
[2023-05-27T16:42:28.853+0000] {processor.py:153} INFO - Started process (PID=188) to work on /home/airflow/.local/lib/python3.7/site-packages/airflow/example_dags/example_branch_labels.py
[2023-05-27T16:42:28.854+0000] {processor.py:743} INFO - Processing file /home/airflow/.local/lib/python3.7/site-packages/airflow/example_dags/example_branch_labels.py for tasks to queue
[2023-05-27T16:42:28.855+0000] {logging_mixin.py:137} INFO - [2023-05-27T16:42:28.855+0000] {dagbag.py:532} INFO - Filling up the DagBag from /home/airflow/.local/lib/python3.7/site-packages/airflow/example_dags/example_branch_labels.py
[2023-05-27T16:42:28.871+0000] {processor.py:753} INFO - DAG(s) dict_keys(['example_branch_labels']) retrieved from /home/airflow/.local/lib/python3.7/site-packages/airflow/example_dags/example_branch_labels.py
[2023-05-27T16:42:28.896+0000] {logging_mixin.py:137} INFO - [2023-05-27T16:42:28.896+0000] {dag.py:2705} INFO - Sync 1 DAGs
[2023-05-27T16:42:28.919+0000] {logging_mixin.py:137} INFO - [2023-05-27T16:42:28.918+0000] {dag.py:3456} INFO - Setting next_dagrun for example_branch_labels to 2023-05-26T00:00:00+00:00, run_after=2023-05-27T00:00:00+00:00
[2023-05-27T16:42:28.932+0000] {processor.py:175} INFO - Processing /home/airflow/.local/lib/python3.7/site-packages/airflow/example_dags/example_branch_labels.py took 0.083 seconds
[2023-05-27T16:42:59.590+0000] {processor.py:153} INFO - Started process (PID=245) to work on /home/airflow/.local/lib/python3.7/site-packages/airflow/example_dags/example_branch_labels.py
[2023-05-27T16:42:59.592+0000] {processor.py:743} INFO - Processing file /home/airflow/.local/lib/python3.7/site-packages/airflow/example_dags/example_branch_labels.py for tasks to queue
[2023-05-27T16:42:59.593+0000] {logging_mixin.py:137} INFO - [2023-05-27T16:42:59.593+0000] {dagbag.py:532} INFO - Filling up the DagBag from /home/airflow/.local/lib/python3.7/site-packages/airflow/example_dags/example_branch_labels.py
[2023-05-27T16:42:59.611+0000] {processor.py:753} INFO - DAG(s) dict_keys(['example_branch_labels']) retrieved from /home/airflow/.local/lib/python3.7/site-packages/airflow/example_dags/example_branch_labels.py
[2023-05-27T16:42:59.641+0000] {logging_mixin.py:137} INFO - [2023-05-27T16:42:59.641+0000] {dag.py:2705} INFO - Sync 1 DAGs
[2023-05-27T16:42:59.665+0000] {logging_mixin.py:137} INFO - [2023-05-27T16:42:59.665+0000] {dag.py:3456} INFO - Setting next_dagrun for example_branch_labels to 2023-05-26T00:00:00+00:00, run_after=2023-05-27T00:00:00+00:00
[2023-05-27T16:42:59.689+0000] {processor.py:175} INFO - Processing /home/airflow/.local/lib/python3.7/site-packages/airflow/example_dags/example_branch_labels.py took 0.104 seconds
[2023-05-27T16:43:30.016+0000] {processor.py:153} INFO - Started process (PID=303) to work on /home/airflow/.local/lib/python3.7/site-packages/airflow/example_dags/example_branch_labels.py
[2023-05-27T16:43:30.017+0000] {processor.py:743} INFO - Processing file /home/airflow/.local/lib/python3.7/site-packages/airflow/example_dags/example_branch_labels.py for tasks to queue
[2023-05-27T16:43:30.018+0000] {logging_mixin.py:137} INFO - [2023-05-27T16:43:30.018+0000] {dagbag.py:532} INFO - Filling up the DagBag from /home/airflow/.local/lib/python3.7/site-packages/airflow/example_dags/example_branch_labels.py
[2023-05-27T16:43:30.033+0000] {processor.py:753} INFO - DAG(s) dict_keys(['example_branch_labels']) retrieved from /home/airflow/.local/lib/python3.7/site-packages/airflow/example_dags/example_branch_labels.py
[2023-05-27T16:43:30.060+0000] {logging_mixin.py:137} INFO - [2023-05-27T16:43:30.060+0000] {dag.py:2705} INFO - Sync 1 DAGs
[2023-05-27T16:43:30.083+0000] {logging_mixin.py:137} INFO - [2023-05-27T16:43:30.083+0000] {dag.py:3456} INFO - Setting next_dagrun for example_branch_labels to 2023-05-26T00:00:00+00:00, run_after=2023-05-27T00:00:00+00:00
[2023-05-27T16:43:30.099+0000] {processor.py:175} INFO - Processing /home/airflow/.local/lib/python3.7/site-packages/airflow/example_dags/example_branch_labels.py took 0.086 seconds
[2023-05-27T16:44:00.240+0000] {processor.py:153} INFO - Started process (PID=359) to work on /home/airflow/.local/lib/python3.7/site-packages/airflow/example_dags/example_branch_labels.py
[2023-05-27T16:44:00.242+0000] {processor.py:743} INFO - Processing file /home/airflow/.local/lib/python3.7/site-packages/airflow/example_dags/example_branch_labels.py for tasks to queue
[2023-05-27T16:44:00.243+0000] {logging_mixin.py:137} INFO - [2023-05-27T16:44:00.242+0000] {dagbag.py:532} INFO - Filling up the DagBag from /home/airflow/.local/lib/python3.7/site-packages/airflow/example_dags/example_branch_labels.py
[2023-05-27T16:44:00.258+0000] {processor.py:753} INFO - DAG(s) dict_keys(['example_branch_labels']) retrieved from /home/airflow/.local/lib/python3.7/site-packages/airflow/example_dags/example_branch_labels.py
[2023-05-27T16:44:00.285+0000] {logging_mixin.py:137} INFO - [2023-05-27T16:44:00.285+0000] {dag.py:2705} INFO - Sync 1 DAGs
[2023-05-27T16:44:00.307+0000] {logging_mixin.py:137} INFO - [2023-05-27T16:44:00.307+0000] {dag.py:3456} INFO - Setting next_dagrun for example_branch_labels to 2023-05-26T00:00:00+00:00, run_after=2023-05-27T00:00:00+00:00
[2023-05-27T16:44:00.320+0000] {processor.py:175} INFO - Processing /home/airflow/.local/lib/python3.7/site-packages/airflow/example_dags/example_branch_labels.py took 0.083 seconds
[2023-05-27T16:44:30.933+0000] {processor.py:153} INFO - Started process (PID=416) to work on /home/airflow/.local/lib/python3.7/site-packages/airflow/example_dags/example_branch_labels.py
[2023-05-27T16:44:30.934+0000] {processor.py:743} INFO - Processing file /home/airflow/.local/lib/python3.7/site-packages/airflow/example_dags/example_branch_labels.py for tasks to queue
[2023-05-27T16:44:30.935+0000] {logging_mixin.py:137} INFO - [2023-05-27T16:44:30.935+0000] {dagbag.py:532} INFO - Filling up the DagBag from /home/airflow/.local/lib/python3.7/site-packages/airflow/example_dags/example_branch_labels.py
[2023-05-27T16:44:30.949+0000] {processor.py:753} INFO - DAG(s) dict_keys(['example_branch_labels']) retrieved from /home/airflow/.local/lib/python3.7/site-packages/airflow/example_dags/example_branch_labels.py
[2023-05-27T16:44:30.975+0000] {logging_mixin.py:137} INFO - [2023-05-27T16:44:30.975+0000] {dag.py:2705} INFO - Sync 1 DAGs
[2023-05-27T16:44:30.996+0000] {logging_mixin.py:137} INFO - [2023-05-27T16:44:30.996+0000] {dag.py:3456} INFO - Setting next_dagrun for example_branch_labels to 2023-05-26T00:00:00+00:00, run_after=2023-05-27T00:00:00+00:00
[2023-05-27T16:44:31.009+0000] {processor.py:175} INFO - Processing /home/airflow/.local/lib/python3.7/site-packages/airflow/example_dags/example_branch_labels.py took 0.080 seconds
[2023-05-27T16:45:01.720+0000] {processor.py:153} INFO - Started process (PID=473) to work on /home/airflow/.local/lib/python3.7/site-packages/airflow/example_dags/example_branch_labels.py
[2023-05-27T16:45:01.722+0000] {processor.py:743} INFO - Processing file /home/airflow/.local/lib/python3.7/site-packages/airflow/example_dags/example_branch_labels.py for tasks to queue
[2023-05-27T16:45:01.723+0000] {logging_mixin.py:137} INFO - [2023-05-27T16:45:01.723+0000] {dagbag.py:532} INFO - Filling up the DagBag from /home/airflow/.local/lib/python3.7/site-packages/airflow/example_dags/example_branch_labels.py
[2023-05-27T16:45:01.744+0000] {processor.py:753} INFO - DAG(s) dict_keys(['example_branch_labels']) retrieved from /home/airflow/.local/lib/python3.7/site-packages/airflow/example_dags/example_branch_labels.py
[2023-05-27T16:45:01.775+0000] {logging_mixin.py:137} INFO - [2023-05-27T16:45:01.775+0000] {dag.py:2705} INFO - Sync 1 DAGs
[2023-05-27T16:45:01.798+0000] {logging_mixin.py:137} INFO - [2023-05-27T16:45:01.797+0000] {dag.py:3456} INFO - Setting next_dagrun for example_branch_labels to 2023-05-26T00:00:00+00:00, run_after=2023-05-27T00:00:00+00:00
[2023-05-27T16:45:01.812+0000] {processor.py:175} INFO - Processing /home/airflow/.local/lib/python3.7/site-packages/airflow/example_dags/example_branch_labels.py took 0.095 seconds
[2023-05-27T16:45:32.262+0000] {processor.py:153} INFO - Started process (PID=530) to work on /home/airflow/.local/lib/python3.7/site-packages/airflow/example_dags/example_branch_labels.py
[2023-05-27T16:45:32.265+0000] {processor.py:743} INFO - Processing file /home/airflow/.local/lib/python3.7/site-packages/airflow/example_dags/example_branch_labels.py for tasks to queue
[2023-05-27T16:45:32.266+0000] {logging_mixin.py:137} INFO - [2023-05-27T16:45:32.266+0000] {dagbag.py:532} INFO - Filling up the DagBag from /home/airflow/.local/lib/python3.7/site-packages/airflow/example_dags/example_branch_labels.py
[2023-05-27T16:45:32.282+0000] {processor.py:753} INFO - DAG(s) dict_keys(['example_branch_labels']) retrieved from /home/airflow/.local/lib/python3.7/site-packages/airflow/example_dags/example_branch_labels.py
[2023-05-27T16:45:32.311+0000] {logging_mixin.py:137} INFO - [2023-05-27T16:45:32.311+0000] {dag.py:2705} INFO - Sync 1 DAGs
[2023-05-27T16:45:32.339+0000] {logging_mixin.py:137} INFO - [2023-05-27T16:45:32.339+0000] {dag.py:3456} INFO - Setting next_dagrun for example_branch_labels to 2023-05-26T00:00:00+00:00, run_after=2023-05-27T00:00:00+00:00
[2023-05-27T16:45:32.353+0000] {processor.py:175} INFO - Processing /home/airflow/.local/lib/python3.7/site-packages/airflow/example_dags/example_branch_labels.py took 0.095 seconds
[2023-05-27T16:46:03.458+0000] {processor.py:153} INFO - Started process (PID=587) to work on /home/airflow/.local/lib/python3.7/site-packages/airflow/example_dags/example_branch_labels.py
[2023-05-27T16:46:03.461+0000] {processor.py:743} INFO - Processing file /home/airflow/.local/lib/python3.7/site-packages/airflow/example_dags/example_branch_labels.py for tasks to queue
[2023-05-27T16:46:03.462+0000] {logging_mixin.py:137} INFO - [2023-05-27T16:46:03.462+0000] {dagbag.py:532} INFO - Filling up the DagBag from /home/airflow/.local/lib/python3.7/site-packages/airflow/example_dags/example_branch_labels.py
[2023-05-27T16:46:03.486+0000] {processor.py:753} INFO - DAG(s) dict_keys(['example_branch_labels']) retrieved from /home/airflow/.local/lib/python3.7/site-packages/airflow/example_dags/example_branch_labels.py
[2023-05-27T16:46:03.532+0000] {logging_mixin.py:137} INFO - [2023-05-27T16:46:03.532+0000] {dag.py:2705} INFO - Sync 1 DAGs
[2023-05-27T16:46:03.581+0000] {logging_mixin.py:137} INFO - [2023-05-27T16:46:03.581+0000] {dag.py:3456} INFO - Setting next_dagrun for example_branch_labels to 2023-05-26T00:00:00+00:00, run_after=2023-05-27T00:00:00+00:00
[2023-05-27T16:46:03.659+0000] {processor.py:175} INFO - Processing /home/airflow/.local/lib/python3.7/site-packages/airflow/example_dags/example_branch_labels.py took 0.207 seconds
[2023-05-27T16:46:34.466+0000] {processor.py:153} INFO - Started process (PID=644) to work on /home/airflow/.local/lib/python3.7/site-packages/airflow/example_dags/example_branch_labels.py
[2023-05-27T16:46:34.468+0000] {processor.py:743} INFO - Processing file /home/airflow/.local/lib/python3.7/site-packages/airflow/example_dags/example_branch_labels.py for tasks to queue
[2023-05-27T16:46:34.469+0000] {logging_mixin.py:137} INFO - [2023-05-27T16:46:34.469+0000] {dagbag.py:532} INFO - Filling up the DagBag from /home/airflow/.local/lib/python3.7/site-packages/airflow/example_dags/example_branch_labels.py
[2023-05-27T16:46:34.485+0000] {processor.py:753} INFO - DAG(s) dict_keys(['example_branch_labels']) retrieved from /home/airflow/.local/lib/python3.7/site-packages/airflow/example_dags/example_branch_labels.py
[2023-05-27T16:46:34.514+0000] {logging_mixin.py:137} INFO - [2023-05-27T16:46:34.514+0000] {dag.py:2705} INFO - Sync 1 DAGs
[2023-05-27T16:46:34.538+0000] {logging_mixin.py:137} INFO - [2023-05-27T16:46:34.538+0000] {dag.py:3456} INFO - Setting next_dagrun for example_branch_labels to 2023-05-26T00:00:00+00:00, run_after=2023-05-27T00:00:00+00:00
[2023-05-27T16:46:34.554+0000] {processor.py:175} INFO - Processing /home/airflow/.local/lib/python3.7/site-packages/airflow/example_dags/example_branch_labels.py took 0.092 seconds
[2023-05-27T16:47:05.066+0000] {processor.py:153} INFO - Started process (PID=701) to work on /home/airflow/.local/lib/python3.7/site-packages/airflow/example_dags/example_branch_labels.py
[2023-05-27T16:47:05.067+0000] {processor.py:743} INFO - Processing file /home/airflow/.local/lib/python3.7/site-packages/airflow/example_dags/example_branch_labels.py for tasks to queue
[2023-05-27T16:47:05.068+0000] {logging_mixin.py:137} INFO - [2023-05-27T16:47:05.068+0000] {dagbag.py:532} INFO - Filling up the DagBag from /home/airflow/.local/lib/python3.7/site-packages/airflow/example_dags/example_branch_labels.py
[2023-05-27T16:47:05.084+0000] {processor.py:753} INFO - DAG(s) dict_keys(['example_branch_labels']) retrieved from /home/airflow/.local/lib/python3.7/site-packages/airflow/example_dags/example_branch_labels.py
[2023-05-27T16:47:05.113+0000] {logging_mixin.py:137} INFO - [2023-05-27T16:47:05.113+0000] {dag.py:2705} INFO - Sync 1 DAGs
[2023-05-27T16:47:05.137+0000] {logging_mixin.py:137} INFO - [2023-05-27T16:47:05.137+0000] {dag.py:3456} INFO - Setting next_dagrun for example_branch_labels to 2023-05-26T00:00:00+00:00, run_after=2023-05-27T00:00:00+00:00
[2023-05-27T16:47:05.151+0000] {processor.py:175} INFO - Processing /home/airflow/.local/lib/python3.7/site-packages/airflow/example_dags/example_branch_labels.py took 0.089 seconds
[2023-05-27T16:47:35.648+0000] {processor.py:153} INFO - Started process (PID=758) to work on /home/airflow/.local/lib/python3.7/site-packages/airflow/example_dags/example_branch_labels.py
[2023-05-27T16:47:35.650+0000] {processor.py:743} INFO - Processing file /home/airflow/.local/lib/python3.7/site-packages/airflow/example_dags/example_branch_labels.py for tasks to queue
[2023-05-27T16:47:35.652+0000] {logging_mixin.py:137} INFO - [2023-05-27T16:47:35.651+0000] {dagbag.py:532} INFO - Filling up the DagBag from /home/airflow/.local/lib/python3.7/site-packages/airflow/example_dags/example_branch_labels.py
[2023-05-27T16:47:35.670+0000] {processor.py:753} INFO - DAG(s) dict_keys(['example_branch_labels']) retrieved from /home/airflow/.local/lib/python3.7/site-packages/airflow/example_dags/example_branch_labels.py
[2023-05-27T16:47:35.714+0000] {logging_mixin.py:137} INFO - [2023-05-27T16:47:35.714+0000] {dag.py:2705} INFO - Sync 1 DAGs
[2023-05-27T16:47:35.748+0000] {logging_mixin.py:137} INFO - [2023-05-27T16:47:35.747+0000] {dag.py:3456} INFO - Setting next_dagrun for example_branch_labels to 2023-05-26T00:00:00+00:00, run_after=2023-05-27T00:00:00+00:00
[2023-05-27T16:47:35.765+0000] {processor.py:175} INFO - Processing /home/airflow/.local/lib/python3.7/site-packages/airflow/example_dags/example_branch_labels.py took 0.122 seconds
[2023-05-27T16:48:06.096+0000] {processor.py:153} INFO - Started process (PID=814) to work on /home/airflow/.local/lib/python3.7/site-packages/airflow/example_dags/example_branch_labels.py
[2023-05-27T16:48:06.097+0000] {processor.py:743} INFO - Processing file /home/airflow/.local/lib/python3.7/site-packages/airflow/example_dags/example_branch_labels.py for tasks to queue
[2023-05-27T16:48:06.098+0000] {logging_mixin.py:137} INFO - [2023-05-27T16:48:06.098+0000] {dagbag.py:532} INFO - Filling up the DagBag from /home/airflow/.local/lib/python3.7/site-packages/airflow/example_dags/example_branch_labels.py
[2023-05-27T16:48:06.114+0000] {processor.py:753} INFO - DAG(s) dict_keys(['example_branch_labels']) retrieved from /home/airflow/.local/lib/python3.7/site-packages/airflow/example_dags/example_branch_labels.py
[2023-05-27T16:48:06.142+0000] {logging_mixin.py:137} INFO - [2023-05-27T16:48:06.142+0000] {dag.py:2705} INFO - Sync 1 DAGs
[2023-05-27T16:48:06.167+0000] {logging_mixin.py:137} INFO - [2023-05-27T16:48:06.166+0000] {dag.py:3456} INFO - Setting next_dagrun for example_branch_labels to 2023-05-26T00:00:00+00:00, run_after=2023-05-27T00:00:00+00:00
[2023-05-27T16:48:06.185+0000] {processor.py:175} INFO - Processing /home/airflow/.local/lib/python3.7/site-packages/airflow/example_dags/example_branch_labels.py took 0.093 seconds
[2023-05-27T16:48:36.468+0000] {processor.py:153} INFO - Started process (PID=870) to work on /home/airflow/.local/lib/python3.7/site-packages/airflow/example_dags/example_branch_labels.py
[2023-05-27T16:48:36.469+0000] {processor.py:743} INFO - Processing file /home/airflow/.local/lib/python3.7/site-packages/airflow/example_dags/example_branch_labels.py for tasks to queue
[2023-05-27T16:48:36.470+0000] {logging_mixin.py:137} INFO - [2023-05-27T16:48:36.470+0000] {dagbag.py:532} INFO - Filling up the DagBag from /home/airflow/.local/lib/python3.7/site-packages/airflow/example_dags/example_branch_labels.py
[2023-05-27T16:48:36.484+0000] {processor.py:753} INFO - DAG(s) dict_keys(['example_branch_labels']) retrieved from /home/airflow/.local/lib/python3.7/site-packages/airflow/example_dags/example_branch_labels.py
[2023-05-27T16:48:36.512+0000] {logging_mixin.py:137} INFO - [2023-05-27T16:48:36.512+0000] {dag.py:2705} INFO - Sync 1 DAGs
[2023-05-27T16:48:36.537+0000] {logging_mixin.py:137} INFO - [2023-05-27T16:48:36.536+0000] {dag.py:3456} INFO - Setting next_dagrun for example_branch_labels to 2023-05-26T00:00:00+00:00, run_after=2023-05-27T00:00:00+00:00
[2023-05-27T16:48:36.551+0000] {processor.py:175} INFO - Processing /home/airflow/.local/lib/python3.7/site-packages/airflow/example_dags/example_branch_labels.py took 0.087 seconds
[2023-05-27T16:49:07.244+0000] {processor.py:153} INFO - Started process (PID=927) to work on /home/airflow/.local/lib/python3.7/site-packages/airflow/example_dags/example_branch_labels.py
[2023-05-27T16:49:07.246+0000] {processor.py:743} INFO - Processing file /home/airflow/.local/lib/python3.7/site-packages/airflow/example_dags/example_branch_labels.py for tasks to queue
[2023-05-27T16:49:07.247+0000] {logging_mixin.py:137} INFO - [2023-05-27T16:49:07.247+0000] {dagbag.py:532} INFO - Filling up the DagBag from /home/airflow/.local/lib/python3.7/site-packages/airflow/example_dags/example_branch_labels.py
[2023-05-27T16:49:07.261+0000] {processor.py:753} INFO - DAG(s) dict_keys(['example_branch_labels']) retrieved from /home/airflow/.local/lib/python3.7/site-packages/airflow/example_dags/example_branch_labels.py
[2023-05-27T16:49:07.287+0000] {logging_mixin.py:137} INFO - [2023-05-27T16:49:07.287+0000] {dag.py:2705} INFO - Sync 1 DAGs
[2023-05-27T16:49:07.311+0000] {logging_mixin.py:137} INFO - [2023-05-27T16:49:07.311+0000] {dag.py:3456} INFO - Setting next_dagrun for example_branch_labels to 2023-05-26T00:00:00+00:00, run_after=2023-05-27T00:00:00+00:00
[2023-05-27T16:49:07.326+0000] {processor.py:175} INFO - Processing /home/airflow/.local/lib/python3.7/site-packages/airflow/example_dags/example_branch_labels.py took 0.085 seconds
[2023-05-27T16:49:37.728+0000] {processor.py:153} INFO - Started process (PID=984) to work on /home/airflow/.local/lib/python3.7/site-packages/airflow/example_dags/example_branch_labels.py
[2023-05-27T16:49:37.729+0000] {processor.py:743} INFO - Processing file /home/airflow/.local/lib/python3.7/site-packages/airflow/example_dags/example_branch_labels.py for tasks to queue
[2023-05-27T16:49:37.730+0000] {logging_mixin.py:137} INFO - [2023-05-27T16:49:37.730+0000] {dagbag.py:532} INFO - Filling up the DagBag from /home/airflow/.local/lib/python3.7/site-packages/airflow/example_dags/example_branch_labels.py
[2023-05-27T16:49:37.744+0000] {processor.py:753} INFO - DAG(s) dict_keys(['example_branch_labels']) retrieved from /home/airflow/.local/lib/python3.7/site-packages/airflow/example_dags/example_branch_labels.py
[2023-05-27T16:49:37.772+0000] {logging_mixin.py:137} INFO - [2023-05-27T16:49:37.772+0000] {dag.py:2705} INFO - Sync 1 DAGs
[2023-05-27T16:49:37.794+0000] {logging_mixin.py:137} INFO - [2023-05-27T16:49:37.794+0000] {dag.py:3456} INFO - Setting next_dagrun for example_branch_labels to 2023-05-26T00:00:00+00:00, run_after=2023-05-27T00:00:00+00:00
[2023-05-27T16:49:37.808+0000] {processor.py:175} INFO - Processing /home/airflow/.local/lib/python3.7/site-packages/airflow/example_dags/example_branch_labels.py took 0.083 seconds
[2023-05-27T16:50:08.126+0000] {processor.py:153} INFO - Started process (PID=1041) to work on /home/airflow/.local/lib/python3.7/site-packages/airflow/example_dags/example_branch_labels.py
[2023-05-27T16:50:08.127+0000] {processor.py:743} INFO - Processing file /home/airflow/.local/lib/python3.7/site-packages/airflow/example_dags/example_branch_labels.py for tasks to queue
[2023-05-27T16:50:08.128+0000] {logging_mixin.py:137} INFO - [2023-05-27T16:50:08.128+0000] {dagbag.py:532} INFO - Filling up the DagBag from /home/airflow/.local/lib/python3.7/site-packages/airflow/example_dags/example_branch_labels.py
[2023-05-27T16:50:08.143+0000] {processor.py:753} INFO - DAG(s) dict_keys(['example_branch_labels']) retrieved from /home/airflow/.local/lib/python3.7/site-packages/airflow/example_dags/example_branch_labels.py
[2023-05-27T16:50:08.169+0000] {logging_mixin.py:137} INFO - [2023-05-27T16:50:08.169+0000] {dag.py:2705} INFO - Sync 1 DAGs
[2023-05-27T16:50:08.192+0000] {logging_mixin.py:137} INFO - [2023-05-27T16:50:08.192+0000] {dag.py:3456} INFO - Setting next_dagrun for example_branch_labels to 2023-05-26T00:00:00+00:00, run_after=2023-05-27T00:00:00+00:00
[2023-05-27T16:50:08.206+0000] {processor.py:175} INFO - Processing /home/airflow/.local/lib/python3.7/site-packages/airflow/example_dags/example_branch_labels.py took 0.083 seconds
[2023-05-27T16:50:38.336+0000] {processor.py:153} INFO - Started process (PID=1098) to work on /home/airflow/.local/lib/python3.7/site-packages/airflow/example_dags/example_branch_labels.py
[2023-05-27T16:50:38.338+0000] {processor.py:743} INFO - Processing file /home/airflow/.local/lib/python3.7/site-packages/airflow/example_dags/example_branch_labels.py for tasks to queue
[2023-05-27T16:50:38.339+0000] {logging_mixin.py:137} INFO - [2023-05-27T16:50:38.338+0000] {dagbag.py:532} INFO - Filling up the DagBag from /home/airflow/.local/lib/python3.7/site-packages/airflow/example_dags/example_branch_labels.py
[2023-05-27T16:50:38.353+0000] {processor.py:753} INFO - DAG(s) dict_keys(['example_branch_labels']) retrieved from /home/airflow/.local/lib/python3.7/site-packages/airflow/example_dags/example_branch_labels.py
[2023-05-27T16:50:38.380+0000] {logging_mixin.py:137} INFO - [2023-05-27T16:50:38.380+0000] {dag.py:2705} INFO - Sync 1 DAGs
[2023-05-27T16:50:38.404+0000] {logging_mixin.py:137} INFO - [2023-05-27T16:50:38.404+0000] {dag.py:3456} INFO - Setting next_dagrun for example_branch_labels to 2023-05-26T00:00:00+00:00, run_after=2023-05-27T00:00:00+00:00
[2023-05-27T16:50:38.417+0000] {processor.py:175} INFO - Processing /home/airflow/.local/lib/python3.7/site-packages/airflow/example_dags/example_branch_labels.py took 0.085 seconds
[2023-05-27T16:51:08.688+0000] {processor.py:153} INFO - Started process (PID=1155) to work on /home/airflow/.local/lib/python3.7/site-packages/airflow/example_dags/example_branch_labels.py
[2023-05-27T16:51:08.689+0000] {processor.py:743} INFO - Processing file /home/airflow/.local/lib/python3.7/site-packages/airflow/example_dags/example_branch_labels.py for tasks to queue
[2023-05-27T16:51:08.690+0000] {logging_mixin.py:137} INFO - [2023-05-27T16:51:08.690+0000] {dagbag.py:532} INFO - Filling up the DagBag from /home/airflow/.local/lib/python3.7/site-packages/airflow/example_dags/example_branch_labels.py
[2023-05-27T16:51:08.704+0000] {processor.py:753} INFO - DAG(s) dict_keys(['example_branch_labels']) retrieved from /home/airflow/.local/lib/python3.7/site-packages/airflow/example_dags/example_branch_labels.py
[2023-05-27T16:51:08.731+0000] {logging_mixin.py:137} INFO - [2023-05-27T16:51:08.731+0000] {dag.py:2705} INFO - Sync 1 DAGs
[2023-05-27T16:51:08.754+0000] {logging_mixin.py:137} INFO - [2023-05-27T16:51:08.754+0000] {dag.py:3456} INFO - Setting next_dagrun for example_branch_labels to 2023-05-26T00:00:00+00:00, run_after=2023-05-27T00:00:00+00:00
[2023-05-27T16:51:08.767+0000] {processor.py:175} INFO - Processing /home/airflow/.local/lib/python3.7/site-packages/airflow/example_dags/example_branch_labels.py took 0.083 seconds
[2023-05-27T16:51:38.847+0000] {processor.py:153} INFO - Started process (PID=1212) to work on /home/airflow/.local/lib/python3.7/site-packages/airflow/example_dags/example_branch_labels.py
[2023-05-27T16:51:38.848+0000] {processor.py:743} INFO - Processing file /home/airflow/.local/lib/python3.7/site-packages/airflow/example_dags/example_branch_labels.py for tasks to queue
[2023-05-27T16:51:38.849+0000] {logging_mixin.py:137} INFO - [2023-05-27T16:51:38.849+0000] {dagbag.py:532} INFO - Filling up the DagBag from /home/airflow/.local/lib/python3.7/site-packages/airflow/example_dags/example_branch_labels.py
[2023-05-27T16:51:38.863+0000] {processor.py:753} INFO - DAG(s) dict_keys(['example_branch_labels']) retrieved from /home/airflow/.local/lib/python3.7/site-packages/airflow/example_dags/example_branch_labels.py
[2023-05-27T16:51:38.890+0000] {logging_mixin.py:137} INFO - [2023-05-27T16:51:38.890+0000] {dag.py:2705} INFO - Sync 1 DAGs
[2023-05-27T16:51:38.913+0000] {logging_mixin.py:137} INFO - [2023-05-27T16:51:38.913+0000] {dag.py:3456} INFO - Setting next_dagrun for example_branch_labels to 2023-05-26T00:00:00+00:00, run_after=2023-05-27T00:00:00+00:00
[2023-05-27T16:51:38.926+0000] {processor.py:175} INFO - Processing /home/airflow/.local/lib/python3.7/site-packages/airflow/example_dags/example_branch_labels.py took 0.083 seconds
[2023-05-27T16:52:09.063+0000] {processor.py:153} INFO - Started process (PID=1269) to work on /home/airflow/.local/lib/python3.7/site-packages/airflow/example_dags/example_branch_labels.py
[2023-05-27T16:52:09.065+0000] {processor.py:743} INFO - Processing file /home/airflow/.local/lib/python3.7/site-packages/airflow/example_dags/example_branch_labels.py for tasks to queue
[2023-05-27T16:52:09.066+0000] {logging_mixin.py:137} INFO - [2023-05-27T16:52:09.066+0000] {dagbag.py:532} INFO - Filling up the DagBag from /home/airflow/.local/lib/python3.7/site-packages/airflow/example_dags/example_branch_labels.py
[2023-05-27T16:52:09.080+0000] {processor.py:753} INFO - DAG(s) dict_keys(['example_branch_labels']) retrieved from /home/airflow/.local/lib/python3.7/site-packages/airflow/example_dags/example_branch_labels.py
[2023-05-27T16:52:09.107+0000] {logging_mixin.py:137} INFO - [2023-05-27T16:52:09.107+0000] {dag.py:2705} INFO - Sync 1 DAGs
[2023-05-27T16:52:09.131+0000] {logging_mixin.py:137} INFO - [2023-05-27T16:52:09.131+0000] {dag.py:3456} INFO - Setting next_dagrun for example_branch_labels to 2023-05-26T00:00:00+00:00, run_after=2023-05-27T00:00:00+00:00
[2023-05-27T16:52:09.145+0000] {processor.py:175} INFO - Processing /home/airflow/.local/lib/python3.7/site-packages/airflow/example_dags/example_branch_labels.py took 0.085 seconds
[2023-05-27T16:52:39.978+0000] {processor.py:153} INFO - Started process (PID=1326) to work on /home/airflow/.local/lib/python3.7/site-packages/airflow/example_dags/example_branch_labels.py
[2023-05-27T16:52:39.979+0000] {processor.py:743} INFO - Processing file /home/airflow/.local/lib/python3.7/site-packages/airflow/example_dags/example_branch_labels.py for tasks to queue
[2023-05-27T16:52:39.980+0000] {logging_mixin.py:137} INFO - [2023-05-27T16:52:39.980+0000] {dagbag.py:532} INFO - Filling up the DagBag from /home/airflow/.local/lib/python3.7/site-packages/airflow/example_dags/example_branch_labels.py
[2023-05-27T16:52:39.995+0000] {processor.py:753} INFO - DAG(s) dict_keys(['example_branch_labels']) retrieved from /home/airflow/.local/lib/python3.7/site-packages/airflow/example_dags/example_branch_labels.py
[2023-05-27T16:52:40.024+0000] {logging_mixin.py:137} INFO - [2023-05-27T16:52:40.024+0000] {dag.py:2705} INFO - Sync 1 DAGs
[2023-05-27T16:52:40.056+0000] {logging_mixin.py:137} INFO - [2023-05-27T16:52:40.055+0000] {dag.py:3456} INFO - Setting next_dagrun for example_branch_labels to 2023-05-26T00:00:00+00:00, run_after=2023-05-27T00:00:00+00:00
[2023-05-27T16:52:40.072+0000] {processor.py:175} INFO - Processing /home/airflow/.local/lib/python3.7/site-packages/airflow/example_dags/example_branch_labels.py took 0.098 seconds
[2023-05-27T16:53:10.294+0000] {processor.py:153} INFO - Started process (PID=1383) to work on /home/airflow/.local/lib/python3.7/site-packages/airflow/example_dags/example_branch_labels.py
[2023-05-27T16:53:10.295+0000] {processor.py:743} INFO - Processing file /home/airflow/.local/lib/python3.7/site-packages/airflow/example_dags/example_branch_labels.py for tasks to queue
[2023-05-27T16:53:10.296+0000] {logging_mixin.py:137} INFO - [2023-05-27T16:53:10.296+0000] {dagbag.py:532} INFO - Filling up the DagBag from /home/airflow/.local/lib/python3.7/site-packages/airflow/example_dags/example_branch_labels.py
[2023-05-27T16:53:10.311+0000] {processor.py:753} INFO - DAG(s) dict_keys(['example_branch_labels']) retrieved from /home/airflow/.local/lib/python3.7/site-packages/airflow/example_dags/example_branch_labels.py
[2023-05-27T16:53:10.337+0000] {logging_mixin.py:137} INFO - [2023-05-27T16:53:10.337+0000] {dag.py:2705} INFO - Sync 1 DAGs
[2023-05-27T16:53:10.360+0000] {logging_mixin.py:137} INFO - [2023-05-27T16:53:10.360+0000] {dag.py:3456} INFO - Setting next_dagrun for example_branch_labels to 2023-05-26T00:00:00+00:00, run_after=2023-05-27T00:00:00+00:00
[2023-05-27T16:53:10.373+0000] {processor.py:175} INFO - Processing /home/airflow/.local/lib/python3.7/site-packages/airflow/example_dags/example_branch_labels.py took 0.083 seconds
[2023-05-27T16:53:40.506+0000] {processor.py:153} INFO - Started process (PID=1440) to work on /home/airflow/.local/lib/python3.7/site-packages/airflow/example_dags/example_branch_labels.py
[2023-05-27T16:53:40.507+0000] {processor.py:743} INFO - Processing file /home/airflow/.local/lib/python3.7/site-packages/airflow/example_dags/example_branch_labels.py for tasks to queue
[2023-05-27T16:53:40.508+0000] {logging_mixin.py:137} INFO - [2023-05-27T16:53:40.508+0000] {dagbag.py:532} INFO - Filling up the DagBag from /home/airflow/.local/lib/python3.7/site-packages/airflow/example_dags/example_branch_labels.py
[2023-05-27T16:53:40.524+0000] {processor.py:753} INFO - DAG(s) dict_keys(['example_branch_labels']) retrieved from /home/airflow/.local/lib/python3.7/site-packages/airflow/example_dags/example_branch_labels.py
[2023-05-27T16:53:40.553+0000] {logging_mixin.py:137} INFO - [2023-05-27T16:53:40.553+0000] {dag.py:2705} INFO - Sync 1 DAGs
[2023-05-27T16:53:40.579+0000] {logging_mixin.py:137} INFO - [2023-05-27T16:53:40.578+0000] {dag.py:3456} INFO - Setting next_dagrun for example_branch_labels to 2023-05-26T00:00:00+00:00, run_after=2023-05-27T00:00:00+00:00
[2023-05-27T16:53:40.601+0000] {processor.py:175} INFO - Processing /home/airflow/.local/lib/python3.7/site-packages/airflow/example_dags/example_branch_labels.py took 0.099 seconds
[2023-05-27T16:54:10.766+0000] {processor.py:153} INFO - Started process (PID=1497) to work on /home/airflow/.local/lib/python3.7/site-packages/airflow/example_dags/example_branch_labels.py
[2023-05-27T16:54:10.767+0000] {processor.py:743} INFO - Processing file /home/airflow/.local/lib/python3.7/site-packages/airflow/example_dags/example_branch_labels.py for tasks to queue
[2023-05-27T16:54:10.768+0000] {logging_mixin.py:137} INFO - [2023-05-27T16:54:10.768+0000] {dagbag.py:532} INFO - Filling up the DagBag from /home/airflow/.local/lib/python3.7/site-packages/airflow/example_dags/example_branch_labels.py
[2023-05-27T16:54:10.782+0000] {processor.py:753} INFO - DAG(s) dict_keys(['example_branch_labels']) retrieved from /home/airflow/.local/lib/python3.7/site-packages/airflow/example_dags/example_branch_labels.py
[2023-05-27T16:54:10.810+0000] {logging_mixin.py:137} INFO - [2023-05-27T16:54:10.810+0000] {dag.py:2705} INFO - Sync 1 DAGs
[2023-05-27T16:54:10.834+0000] {logging_mixin.py:137} INFO - [2023-05-27T16:54:10.833+0000] {dag.py:3456} INFO - Setting next_dagrun for example_branch_labels to 2023-05-26T00:00:00+00:00, run_after=2023-05-27T00:00:00+00:00
[2023-05-27T16:54:10.847+0000] {processor.py:175} INFO - Processing /home/airflow/.local/lib/python3.7/site-packages/airflow/example_dags/example_branch_labels.py took 0.085 seconds
[2023-05-27T16:54:41.160+0000] {processor.py:153} INFO - Started process (PID=1554) to work on /home/airflow/.local/lib/python3.7/site-packages/airflow/example_dags/example_branch_labels.py
[2023-05-27T16:54:41.162+0000] {processor.py:743} INFO - Processing file /home/airflow/.local/lib/python3.7/site-packages/airflow/example_dags/example_branch_labels.py for tasks to queue
[2023-05-27T16:54:41.163+0000] {logging_mixin.py:137} INFO - [2023-05-27T16:54:41.163+0000] {dagbag.py:532} INFO - Filling up the DagBag from /home/airflow/.local/lib/python3.7/site-packages/airflow/example_dags/example_branch_labels.py
[2023-05-27T16:54:41.177+0000] {processor.py:753} INFO - DAG(s) dict_keys(['example_branch_labels']) retrieved from /home/airflow/.local/lib/python3.7/site-packages/airflow/example_dags/example_branch_labels.py
[2023-05-27T16:54:41.210+0000] {logging_mixin.py:137} INFO - [2023-05-27T16:54:41.210+0000] {dag.py:2705} INFO - Sync 1 DAGs
[2023-05-27T16:54:41.234+0000] {logging_mixin.py:137} INFO - [2023-05-27T16:54:41.234+0000] {dag.py:3456} INFO - Setting next_dagrun for example_branch_labels to 2023-05-26T00:00:00+00:00, run_after=2023-05-27T00:00:00+00:00
[2023-05-27T16:54:41.248+0000] {processor.py:175} INFO - Processing /home/airflow/.local/lib/python3.7/site-packages/airflow/example_dags/example_branch_labels.py took 0.091 seconds
[2023-05-27T16:55:11.301+0000] {processor.py:153} INFO - Started process (PID=1611) to work on /home/airflow/.local/lib/python3.7/site-packages/airflow/example_dags/example_branch_labels.py
[2023-05-27T16:55:11.302+0000] {processor.py:743} INFO - Processing file /home/airflow/.local/lib/python3.7/site-packages/airflow/example_dags/example_branch_labels.py for tasks to queue
[2023-05-27T16:55:11.303+0000] {logging_mixin.py:137} INFO - [2023-05-27T16:55:11.303+0000] {dagbag.py:532} INFO - Filling up the DagBag from /home/airflow/.local/lib/python3.7/site-packages/airflow/example_dags/example_branch_labels.py
[2023-05-27T16:55:11.317+0000] {processor.py:753} INFO - DAG(s) dict_keys(['example_branch_labels']) retrieved from /home/airflow/.local/lib/python3.7/site-packages/airflow/example_dags/example_branch_labels.py
[2023-05-27T16:55:11.344+0000] {logging_mixin.py:137} INFO - [2023-05-27T16:55:11.344+0000] {dag.py:2705} INFO - Sync 1 DAGs
[2023-05-27T16:55:11.366+0000] {logging_mixin.py:137} INFO - [2023-05-27T16:55:11.366+0000] {dag.py:3456} INFO - Setting next_dagrun for example_branch_labels to 2023-05-26T00:00:00+00:00, run_after=2023-05-27T00:00:00+00:00
[2023-05-27T16:55:11.380+0000] {processor.py:175} INFO - Processing /home/airflow/.local/lib/python3.7/site-packages/airflow/example_dags/example_branch_labels.py took 0.083 seconds
[2023-05-27T16:55:42.133+0000] {processor.py:153} INFO - Started process (PID=1668) to work on /home/airflow/.local/lib/python3.7/site-packages/airflow/example_dags/example_branch_labels.py
[2023-05-27T16:55:42.134+0000] {processor.py:743} INFO - Processing file /home/airflow/.local/lib/python3.7/site-packages/airflow/example_dags/example_branch_labels.py for tasks to queue
[2023-05-27T16:55:42.135+0000] {logging_mixin.py:137} INFO - [2023-05-27T16:55:42.135+0000] {dagbag.py:532} INFO - Filling up the DagBag from /home/airflow/.local/lib/python3.7/site-packages/airflow/example_dags/example_branch_labels.py
[2023-05-27T16:55:42.150+0000] {processor.py:753} INFO - DAG(s) dict_keys(['example_branch_labels']) retrieved from /home/airflow/.local/lib/python3.7/site-packages/airflow/example_dags/example_branch_labels.py
[2023-05-27T16:55:42.177+0000] {logging_mixin.py:137} INFO - [2023-05-27T16:55:42.177+0000] {dag.py:2705} INFO - Sync 1 DAGs
[2023-05-27T16:55:42.200+0000] {logging_mixin.py:137} INFO - [2023-05-27T16:55:42.200+0000] {dag.py:3456} INFO - Setting next_dagrun for example_branch_labels to 2023-05-26T00:00:00+00:00, run_after=2023-05-27T00:00:00+00:00
[2023-05-27T16:55:42.215+0000] {processor.py:175} INFO - Processing /home/airflow/.local/lib/python3.7/site-packages/airflow/example_dags/example_branch_labels.py took 0.085 seconds
[2023-05-27T16:56:12.373+0000] {processor.py:153} INFO - Started process (PID=1725) to work on /home/airflow/.local/lib/python3.7/site-packages/airflow/example_dags/example_branch_labels.py
[2023-05-27T16:56:12.375+0000] {processor.py:743} INFO - Processing file /home/airflow/.local/lib/python3.7/site-packages/airflow/example_dags/example_branch_labels.py for tasks to queue
[2023-05-27T16:56:12.376+0000] {logging_mixin.py:137} INFO - [2023-05-27T16:56:12.376+0000] {dagbag.py:532} INFO - Filling up the DagBag from /home/airflow/.local/lib/python3.7/site-packages/airflow/example_dags/example_branch_labels.py
[2023-05-27T16:56:12.390+0000] {processor.py:753} INFO - DAG(s) dict_keys(['example_branch_labels']) retrieved from /home/airflow/.local/lib/python3.7/site-packages/airflow/example_dags/example_branch_labels.py
[2023-05-27T16:56:12.416+0000] {logging_mixin.py:137} INFO - [2023-05-27T16:56:12.416+0000] {dag.py:2705} INFO - Sync 1 DAGs
[2023-05-27T16:56:12.442+0000] {logging_mixin.py:137} INFO - [2023-05-27T16:56:12.442+0000] {dag.py:3456} INFO - Setting next_dagrun for example_branch_labels to 2023-05-26T00:00:00+00:00, run_after=2023-05-27T00:00:00+00:00
[2023-05-27T16:56:12.464+0000] {processor.py:175} INFO - Processing /home/airflow/.local/lib/python3.7/site-packages/airflow/example_dags/example_branch_labels.py took 0.095 seconds
[2023-05-27T16:56:43.387+0000] {processor.py:153} INFO - Started process (PID=1781) to work on /home/airflow/.local/lib/python3.7/site-packages/airflow/example_dags/example_branch_labels.py
[2023-05-27T16:56:43.389+0000] {processor.py:743} INFO - Processing file /home/airflow/.local/lib/python3.7/site-packages/airflow/example_dags/example_branch_labels.py for tasks to queue
[2023-05-27T16:56:43.390+0000] {logging_mixin.py:137} INFO - [2023-05-27T16:56:43.390+0000] {dagbag.py:532} INFO - Filling up the DagBag from /home/airflow/.local/lib/python3.7/site-packages/airflow/example_dags/example_branch_labels.py
[2023-05-27T16:56:43.406+0000] {processor.py:753} INFO - DAG(s) dict_keys(['example_branch_labels']) retrieved from /home/airflow/.local/lib/python3.7/site-packages/airflow/example_dags/example_branch_labels.py
[2023-05-27T16:56:43.444+0000] {logging_mixin.py:137} INFO - [2023-05-27T16:56:43.444+0000] {dag.py:2705} INFO - Sync 1 DAGs
[2023-05-27T16:56:43.486+0000] {logging_mixin.py:137} INFO - [2023-05-27T16:56:43.486+0000] {dag.py:3456} INFO - Setting next_dagrun for example_branch_labels to 2023-05-26T00:00:00+00:00, run_after=2023-05-27T00:00:00+00:00
[2023-05-27T16:56:43.502+0000] {processor.py:175} INFO - Processing /home/airflow/.local/lib/python3.7/site-packages/airflow/example_dags/example_branch_labels.py took 0.120 seconds
[2023-05-27T16:57:14.208+0000] {processor.py:153} INFO - Started process (PID=1845) to work on /home/airflow/.local/lib/python3.7/site-packages/airflow/example_dags/example_branch_labels.py
[2023-05-27T16:57:14.209+0000] {processor.py:743} INFO - Processing file /home/airflow/.local/lib/python3.7/site-packages/airflow/example_dags/example_branch_labels.py for tasks to queue
[2023-05-27T16:57:14.210+0000] {logging_mixin.py:137} INFO - [2023-05-27T16:57:14.210+0000] {dagbag.py:532} INFO - Filling up the DagBag from /home/airflow/.local/lib/python3.7/site-packages/airflow/example_dags/example_branch_labels.py
[2023-05-27T16:57:14.224+0000] {processor.py:753} INFO - DAG(s) dict_keys(['example_branch_labels']) retrieved from /home/airflow/.local/lib/python3.7/site-packages/airflow/example_dags/example_branch_labels.py
[2023-05-27T16:57:14.252+0000] {logging_mixin.py:137} INFO - [2023-05-27T16:57:14.251+0000] {dag.py:2705} INFO - Sync 1 DAGs
[2023-05-27T16:57:14.276+0000] {logging_mixin.py:137} INFO - [2023-05-27T16:57:14.276+0000] {dag.py:3456} INFO - Setting next_dagrun for example_branch_labels to 2023-05-26T00:00:00+00:00, run_after=2023-05-27T00:00:00+00:00
[2023-05-27T16:57:14.290+0000] {processor.py:175} INFO - Processing /home/airflow/.local/lib/python3.7/site-packages/airflow/example_dags/example_branch_labels.py took 0.086 seconds
[2023-05-27T16:57:47.823+0000] {processor.py:153} INFO - Started process (PID=1902) to work on /home/airflow/.local/lib/python3.7/site-packages/airflow/example_dags/example_branch_labels.py
[2023-05-27T16:57:47.826+0000] {processor.py:743} INFO - Processing file /home/airflow/.local/lib/python3.7/site-packages/airflow/example_dags/example_branch_labels.py for tasks to queue
[2023-05-27T16:57:47.828+0000] {logging_mixin.py:137} INFO - [2023-05-27T16:57:47.828+0000] {dagbag.py:532} INFO - Filling up the DagBag from /home/airflow/.local/lib/python3.7/site-packages/airflow/example_dags/example_branch_labels.py
[2023-05-27T16:57:47.862+0000] {processor.py:753} INFO - DAG(s) dict_keys(['example_branch_labels']) retrieved from /home/airflow/.local/lib/python3.7/site-packages/airflow/example_dags/example_branch_labels.py
[2023-05-27T16:57:47.963+0000] {logging_mixin.py:137} INFO - [2023-05-27T16:57:47.963+0000] {dag.py:2705} INFO - Sync 1 DAGs
[2023-05-27T16:57:48.060+0000] {logging_mixin.py:137} INFO - [2023-05-27T16:57:48.060+0000] {dag.py:3456} INFO - Setting next_dagrun for example_branch_labels to 2023-05-26T00:00:00+00:00, run_after=2023-05-27T00:00:00+00:00
[2023-05-27T16:57:48.134+0000] {processor.py:175} INFO - Processing /home/airflow/.local/lib/python3.7/site-packages/airflow/example_dags/example_branch_labels.py took 0.318 seconds
[2023-05-27T16:58:18.466+0000] {processor.py:153} INFO - Started process (PID=1959) to work on /home/airflow/.local/lib/python3.7/site-packages/airflow/example_dags/example_branch_labels.py
[2023-05-27T16:58:18.468+0000] {processor.py:743} INFO - Processing file /home/airflow/.local/lib/python3.7/site-packages/airflow/example_dags/example_branch_labels.py for tasks to queue
[2023-05-27T16:58:18.469+0000] {logging_mixin.py:137} INFO - [2023-05-27T16:58:18.469+0000] {dagbag.py:532} INFO - Filling up the DagBag from /home/airflow/.local/lib/python3.7/site-packages/airflow/example_dags/example_branch_labels.py
[2023-05-27T16:58:18.482+0000] {processor.py:753} INFO - DAG(s) dict_keys(['example_branch_labels']) retrieved from /home/airflow/.local/lib/python3.7/site-packages/airflow/example_dags/example_branch_labels.py
[2023-05-27T16:58:18.509+0000] {logging_mixin.py:137} INFO - [2023-05-27T16:58:18.509+0000] {dag.py:2705} INFO - Sync 1 DAGs
[2023-05-27T16:58:18.531+0000] {logging_mixin.py:137} INFO - [2023-05-27T16:58:18.531+0000] {dag.py:3456} INFO - Setting next_dagrun for example_branch_labels to 2023-05-26T00:00:00+00:00, run_after=2023-05-27T00:00:00+00:00
[2023-05-27T16:58:18.544+0000] {processor.py:175} INFO - Processing /home/airflow/.local/lib/python3.7/site-packages/airflow/example_dags/example_branch_labels.py took 0.082 seconds
[2023-05-27T16:58:49.060+0000] {processor.py:153} INFO - Started process (PID=2016) to work on /home/airflow/.local/lib/python3.7/site-packages/airflow/example_dags/example_branch_labels.py
[2023-05-27T16:58:49.061+0000] {processor.py:743} INFO - Processing file /home/airflow/.local/lib/python3.7/site-packages/airflow/example_dags/example_branch_labels.py for tasks to queue
[2023-05-27T16:58:49.062+0000] {logging_mixin.py:137} INFO - [2023-05-27T16:58:49.062+0000] {dagbag.py:532} INFO - Filling up the DagBag from /home/airflow/.local/lib/python3.7/site-packages/airflow/example_dags/example_branch_labels.py
[2023-05-27T16:58:49.076+0000] {processor.py:753} INFO - DAG(s) dict_keys(['example_branch_labels']) retrieved from /home/airflow/.local/lib/python3.7/site-packages/airflow/example_dags/example_branch_labels.py
[2023-05-27T16:58:49.102+0000] {logging_mixin.py:137} INFO - [2023-05-27T16:58:49.102+0000] {dag.py:2705} INFO - Sync 1 DAGs
[2023-05-27T16:58:49.124+0000] {logging_mixin.py:137} INFO - [2023-05-27T16:58:49.124+0000] {dag.py:3456} INFO - Setting next_dagrun for example_branch_labels to 2023-05-26T00:00:00+00:00, run_after=2023-05-27T00:00:00+00:00
[2023-05-27T16:58:49.138+0000] {processor.py:175} INFO - Processing /home/airflow/.local/lib/python3.7/site-packages/airflow/example_dags/example_branch_labels.py took 0.082 seconds
[2023-05-27T16:59:19.859+0000] {processor.py:153} INFO - Started process (PID=2073) to work on /home/airflow/.local/lib/python3.7/site-packages/airflow/example_dags/example_branch_labels.py
[2023-05-27T16:59:19.861+0000] {processor.py:743} INFO - Processing file /home/airflow/.local/lib/python3.7/site-packages/airflow/example_dags/example_branch_labels.py for tasks to queue
[2023-05-27T16:59:19.862+0000] {logging_mixin.py:137} INFO - [2023-05-27T16:59:19.862+0000] {dagbag.py:532} INFO - Filling up the DagBag from /home/airflow/.local/lib/python3.7/site-packages/airflow/example_dags/example_branch_labels.py
[2023-05-27T16:59:19.877+0000] {processor.py:753} INFO - DAG(s) dict_keys(['example_branch_labels']) retrieved from /home/airflow/.local/lib/python3.7/site-packages/airflow/example_dags/example_branch_labels.py
[2023-05-27T16:59:19.910+0000] {logging_mixin.py:137} INFO - [2023-05-27T16:59:19.909+0000] {dag.py:2705} INFO - Sync 1 DAGs
[2023-05-27T16:59:19.934+0000] {logging_mixin.py:137} INFO - [2023-05-27T16:59:19.934+0000] {dag.py:3456} INFO - Setting next_dagrun for example_branch_labels to 2023-05-26T00:00:00+00:00, run_after=2023-05-27T00:00:00+00:00
[2023-05-27T16:59:19.950+0000] {processor.py:175} INFO - Processing /home/airflow/.local/lib/python3.7/site-packages/airflow/example_dags/example_branch_labels.py took 0.095 seconds
[2023-05-27T16:59:50.994+0000] {processor.py:153} INFO - Started process (PID=2130) to work on /home/airflow/.local/lib/python3.7/site-packages/airflow/example_dags/example_branch_labels.py
[2023-05-27T16:59:50.995+0000] {processor.py:743} INFO - Processing file /home/airflow/.local/lib/python3.7/site-packages/airflow/example_dags/example_branch_labels.py for tasks to queue
[2023-05-27T16:59:50.997+0000] {logging_mixin.py:137} INFO - [2023-05-27T16:59:50.997+0000] {dagbag.py:532} INFO - Filling up the DagBag from /home/airflow/.local/lib/python3.7/site-packages/airflow/example_dags/example_branch_labels.py
[2023-05-27T16:59:51.014+0000] {processor.py:753} INFO - DAG(s) dict_keys(['example_branch_labels']) retrieved from /home/airflow/.local/lib/python3.7/site-packages/airflow/example_dags/example_branch_labels.py
[2023-05-27T16:59:51.045+0000] {logging_mixin.py:137} INFO - [2023-05-27T16:59:51.045+0000] {dag.py:2705} INFO - Sync 1 DAGs
[2023-05-27T16:59:51.075+0000] {logging_mixin.py:137} INFO - [2023-05-27T16:59:51.075+0000] {dag.py:3456} INFO - Setting next_dagrun for example_branch_labels to 2023-05-26T00:00:00+00:00, run_after=2023-05-27T00:00:00+00:00
[2023-05-27T16:59:51.090+0000] {processor.py:175} INFO - Processing /home/airflow/.local/lib/python3.7/site-packages/airflow/example_dags/example_branch_labels.py took 0.099 seconds
[2023-05-27T17:00:21.831+0000] {processor.py:153} INFO - Started process (PID=2187) to work on /home/airflow/.local/lib/python3.7/site-packages/airflow/example_dags/example_branch_labels.py
[2023-05-27T17:00:21.832+0000] {processor.py:743} INFO - Processing file /home/airflow/.local/lib/python3.7/site-packages/airflow/example_dags/example_branch_labels.py for tasks to queue
[2023-05-27T17:00:21.835+0000] {logging_mixin.py:137} INFO - [2023-05-27T17:00:21.834+0000] {dagbag.py:532} INFO - Filling up the DagBag from /home/airflow/.local/lib/python3.7/site-packages/airflow/example_dags/example_branch_labels.py
[2023-05-27T17:00:21.861+0000] {processor.py:753} INFO - DAG(s) dict_keys(['example_branch_labels']) retrieved from /home/airflow/.local/lib/python3.7/site-packages/airflow/example_dags/example_branch_labels.py
[2023-05-27T17:00:21.891+0000] {logging_mixin.py:137} INFO - [2023-05-27T17:00:21.891+0000] {dag.py:2705} INFO - Sync 1 DAGs
[2023-05-27T17:00:21.927+0000] {logging_mixin.py:137} INFO - [2023-05-27T17:00:21.926+0000] {dag.py:3456} INFO - Setting next_dagrun for example_branch_labels to 2023-05-26T00:00:00+00:00, run_after=2023-05-27T00:00:00+00:00
[2023-05-27T17:00:21.973+0000] {processor.py:175} INFO - Processing /home/airflow/.local/lib/python3.7/site-packages/airflow/example_dags/example_branch_labels.py took 0.146 seconds
[2023-05-27T17:00:53.175+0000] {processor.py:153} INFO - Started process (PID=2244) to work on /home/airflow/.local/lib/python3.7/site-packages/airflow/example_dags/example_branch_labels.py
[2023-05-27T17:00:53.181+0000] {processor.py:743} INFO - Processing file /home/airflow/.local/lib/python3.7/site-packages/airflow/example_dags/example_branch_labels.py for tasks to queue
[2023-05-27T17:00:53.183+0000] {logging_mixin.py:137} INFO - [2023-05-27T17:00:53.182+0000] {dagbag.py:532} INFO - Filling up the DagBag from /home/airflow/.local/lib/python3.7/site-packages/airflow/example_dags/example_branch_labels.py
[2023-05-27T17:00:53.202+0000] {processor.py:753} INFO - DAG(s) dict_keys(['example_branch_labels']) retrieved from /home/airflow/.local/lib/python3.7/site-packages/airflow/example_dags/example_branch_labels.py
[2023-05-27T17:00:53.263+0000] {logging_mixin.py:137} INFO - [2023-05-27T17:00:53.263+0000] {dag.py:2705} INFO - Sync 1 DAGs
[2023-05-27T17:00:53.296+0000] {logging_mixin.py:137} INFO - [2023-05-27T17:00:53.296+0000] {dag.py:3456} INFO - Setting next_dagrun for example_branch_labels to 2023-05-26T00:00:00+00:00, run_after=2023-05-27T00:00:00+00:00
[2023-05-27T17:00:53.315+0000] {processor.py:175} INFO - Processing /home/airflow/.local/lib/python3.7/site-packages/airflow/example_dags/example_branch_labels.py took 0.144 seconds
