[2023-05-27T16:41:22.666+0000] {processor.py:153} INFO - Started process (PID=44) to work on /home/airflow/.local/lib/python3.7/site-packages/airflow/example_dags/example_dag_decorator.py
[2023-05-27T16:41:22.668+0000] {processor.py:743} INFO - Processing file /home/airflow/.local/lib/python3.7/site-packages/airflow/example_dags/example_dag_decorator.py for tasks to queue
[2023-05-27T16:41:22.671+0000] {logging_mixin.py:137} INFO - [2023-05-27T16:41:22.670+0000] {dagbag.py:532} INFO - Filling up the DagBag from /home/airflow/.local/lib/python3.7/site-packages/airflow/example_dags/example_dag_decorator.py
[2023-05-27T16:41:22.708+0000] {logging_mixin.py:137} INFO - [2023-05-27T16:41:22.708+0000] {taskmixin.py:211} WARNING - Dependency <Task(_PythonDecoratedOperator): prepare_email>, send_email already registered for DAG: example_dag_decorator
[2023-05-27T16:41:22.709+0000] {logging_mixin.py:137} INFO - [2023-05-27T16:41:22.709+0000] {taskmixin.py:211} WARNING - Dependency <Task(EmailOperator): send_email>, prepare_email already registered for DAG: example_dag_decorator
[2023-05-27T16:41:22.731+0000] {processor.py:753} INFO - DAG(s) dict_keys(['example_dag_decorator']) retrieved from /home/airflow/.local/lib/python3.7/site-packages/airflow/example_dags/example_dag_decorator.py
[2023-05-27T16:41:22.866+0000] {logging_mixin.py:137} INFO - [2023-05-27T16:41:22.865+0000] {dag.py:2705} INFO - Sync 1 DAGs
[2023-05-27T16:41:22.912+0000] {logging_mixin.py:137} INFO - [2023-05-27T16:41:22.912+0000] {dag.py:3456} INFO - Setting next_dagrun for example_dag_decorator to None, run_after=None
[2023-05-27T16:41:22.955+0000] {processor.py:175} INFO - Processing /home/airflow/.local/lib/python3.7/site-packages/airflow/example_dags/example_dag_decorator.py took 0.301 seconds
[2023-05-27T16:41:53.303+0000] {processor.py:153} INFO - Started process (PID=101) to work on /home/airflow/.local/lib/python3.7/site-packages/airflow/example_dags/example_dag_decorator.py
[2023-05-27T16:41:53.305+0000] {processor.py:743} INFO - Processing file /home/airflow/.local/lib/python3.7/site-packages/airflow/example_dags/example_dag_decorator.py for tasks to queue
[2023-05-27T16:41:53.306+0000] {logging_mixin.py:137} INFO - [2023-05-27T16:41:53.306+0000] {dagbag.py:532} INFO - Filling up the DagBag from /home/airflow/.local/lib/python3.7/site-packages/airflow/example_dags/example_dag_decorator.py
[2023-05-27T16:41:53.325+0000] {logging_mixin.py:137} INFO - [2023-05-27T16:41:53.325+0000] {taskmixin.py:211} WARNING - Dependency <Task(_PythonDecoratedOperator): prepare_email>, send_email already registered for DAG: example_dag_decorator
[2023-05-27T16:41:53.326+0000] {logging_mixin.py:137} INFO - [2023-05-27T16:41:53.326+0000] {taskmixin.py:211} WARNING - Dependency <Task(EmailOperator): send_email>, prepare_email already registered for DAG: example_dag_decorator
[2023-05-27T16:41:53.343+0000] {processor.py:753} INFO - DAG(s) dict_keys(['example_dag_decorator']) retrieved from /home/airflow/.local/lib/python3.7/site-packages/airflow/example_dags/example_dag_decorator.py
[2023-05-27T16:41:53.425+0000] {logging_mixin.py:137} INFO - [2023-05-27T16:41:53.424+0000] {dag.py:2705} INFO - Sync 1 DAGs
[2023-05-27T16:41:53.448+0000] {logging_mixin.py:137} INFO - [2023-05-27T16:41:53.448+0000] {dag.py:3456} INFO - Setting next_dagrun for example_dag_decorator to None, run_after=None
[2023-05-27T16:41:53.468+0000] {processor.py:175} INFO - Processing /home/airflow/.local/lib/python3.7/site-packages/airflow/example_dags/example_dag_decorator.py took 0.168 seconds
[2023-05-27T16:42:24.283+0000] {processor.py:153} INFO - Started process (PID=158) to work on /home/airflow/.local/lib/python3.7/site-packages/airflow/example_dags/example_dag_decorator.py
[2023-05-27T16:42:24.284+0000] {processor.py:743} INFO - Processing file /home/airflow/.local/lib/python3.7/site-packages/airflow/example_dags/example_dag_decorator.py for tasks to queue
[2023-05-27T16:42:24.285+0000] {logging_mixin.py:137} INFO - [2023-05-27T16:42:24.285+0000] {dagbag.py:532} INFO - Filling up the DagBag from /home/airflow/.local/lib/python3.7/site-packages/airflow/example_dags/example_dag_decorator.py
[2023-05-27T16:42:24.303+0000] {logging_mixin.py:137} INFO - [2023-05-27T16:42:24.303+0000] {taskmixin.py:211} WARNING - Dependency <Task(_PythonDecoratedOperator): prepare_email>, send_email already registered for DAG: example_dag_decorator
[2023-05-27T16:42:24.305+0000] {logging_mixin.py:137} INFO - [2023-05-27T16:42:24.305+0000] {taskmixin.py:211} WARNING - Dependency <Task(EmailOperator): send_email>, prepare_email already registered for DAG: example_dag_decorator
[2023-05-27T16:42:24.322+0000] {processor.py:753} INFO - DAG(s) dict_keys(['example_dag_decorator']) retrieved from /home/airflow/.local/lib/python3.7/site-packages/airflow/example_dags/example_dag_decorator.py
[2023-05-27T16:42:24.401+0000] {logging_mixin.py:137} INFO - [2023-05-27T16:42:24.401+0000] {dag.py:2705} INFO - Sync 1 DAGs
[2023-05-27T16:42:24.444+0000] {logging_mixin.py:137} INFO - [2023-05-27T16:42:24.444+0000] {dag.py:3456} INFO - Setting next_dagrun for example_dag_decorator to None, run_after=None
[2023-05-27T16:42:24.479+0000] {processor.py:175} INFO - Processing /home/airflow/.local/lib/python3.7/site-packages/airflow/example_dags/example_dag_decorator.py took 0.200 seconds
[2023-05-27T16:42:54.578+0000] {processor.py:153} INFO - Started process (PID=213) to work on /home/airflow/.local/lib/python3.7/site-packages/airflow/example_dags/example_dag_decorator.py
[2023-05-27T16:42:54.580+0000] {processor.py:743} INFO - Processing file /home/airflow/.local/lib/python3.7/site-packages/airflow/example_dags/example_dag_decorator.py for tasks to queue
[2023-05-27T16:42:54.581+0000] {logging_mixin.py:137} INFO - [2023-05-27T16:42:54.581+0000] {dagbag.py:532} INFO - Filling up the DagBag from /home/airflow/.local/lib/python3.7/site-packages/airflow/example_dags/example_dag_decorator.py
[2023-05-27T16:42:54.601+0000] {logging_mixin.py:137} INFO - [2023-05-27T16:42:54.601+0000] {taskmixin.py:211} WARNING - Dependency <Task(_PythonDecoratedOperator): prepare_email>, send_email already registered for DAG: example_dag_decorator
[2023-05-27T16:42:54.602+0000] {logging_mixin.py:137} INFO - [2023-05-27T16:42:54.602+0000] {taskmixin.py:211} WARNING - Dependency <Task(EmailOperator): send_email>, prepare_email already registered for DAG: example_dag_decorator
[2023-05-27T16:42:54.622+0000] {processor.py:753} INFO - DAG(s) dict_keys(['example_dag_decorator']) retrieved from /home/airflow/.local/lib/python3.7/site-packages/airflow/example_dags/example_dag_decorator.py
[2023-05-27T16:42:54.688+0000] {logging_mixin.py:137} INFO - [2023-05-27T16:42:54.688+0000] {dag.py:2705} INFO - Sync 1 DAGs
[2023-05-27T16:42:54.709+0000] {logging_mixin.py:137} INFO - [2023-05-27T16:42:54.709+0000] {dag.py:3456} INFO - Setting next_dagrun for example_dag_decorator to None, run_after=None
[2023-05-27T16:42:54.723+0000] {processor.py:175} INFO - Processing /home/airflow/.local/lib/python3.7/site-packages/airflow/example_dags/example_dag_decorator.py took 0.151 seconds
[2023-05-27T16:43:25.015+0000] {processor.py:153} INFO - Started process (PID=271) to work on /home/airflow/.local/lib/python3.7/site-packages/airflow/example_dags/example_dag_decorator.py
[2023-05-27T16:43:25.019+0000] {processor.py:743} INFO - Processing file /home/airflow/.local/lib/python3.7/site-packages/airflow/example_dags/example_dag_decorator.py for tasks to queue
[2023-05-27T16:43:25.020+0000] {logging_mixin.py:137} INFO - [2023-05-27T16:43:25.020+0000] {dagbag.py:532} INFO - Filling up the DagBag from /home/airflow/.local/lib/python3.7/site-packages/airflow/example_dags/example_dag_decorator.py
[2023-05-27T16:43:25.044+0000] {logging_mixin.py:137} INFO - [2023-05-27T16:43:25.044+0000] {taskmixin.py:211} WARNING - Dependency <Task(_PythonDecoratedOperator): prepare_email>, send_email already registered for DAG: example_dag_decorator
[2023-05-27T16:43:25.046+0000] {logging_mixin.py:137} INFO - [2023-05-27T16:43:25.046+0000] {taskmixin.py:211} WARNING - Dependency <Task(EmailOperator): send_email>, prepare_email already registered for DAG: example_dag_decorator
[2023-05-27T16:43:25.083+0000] {processor.py:753} INFO - DAG(s) dict_keys(['example_dag_decorator']) retrieved from /home/airflow/.local/lib/python3.7/site-packages/airflow/example_dags/example_dag_decorator.py
[2023-05-27T16:43:25.227+0000] {logging_mixin.py:137} INFO - [2023-05-27T16:43:25.226+0000] {dag.py:2705} INFO - Sync 1 DAGs
[2023-05-27T16:43:25.248+0000] {logging_mixin.py:137} INFO - [2023-05-27T16:43:25.248+0000] {dag.py:3456} INFO - Setting next_dagrun for example_dag_decorator to None, run_after=None
[2023-05-27T16:43:25.304+0000] {processor.py:175} INFO - Processing /home/airflow/.local/lib/python3.7/site-packages/airflow/example_dags/example_dag_decorator.py took 0.294 seconds
[2023-05-27T16:43:55.472+0000] {processor.py:153} INFO - Started process (PID=327) to work on /home/airflow/.local/lib/python3.7/site-packages/airflow/example_dags/example_dag_decorator.py
[2023-05-27T16:43:55.474+0000] {processor.py:743} INFO - Processing file /home/airflow/.local/lib/python3.7/site-packages/airflow/example_dags/example_dag_decorator.py for tasks to queue
[2023-05-27T16:43:55.475+0000] {logging_mixin.py:137} INFO - [2023-05-27T16:43:55.475+0000] {dagbag.py:532} INFO - Filling up the DagBag from /home/airflow/.local/lib/python3.7/site-packages/airflow/example_dags/example_dag_decorator.py
[2023-05-27T16:43:55.491+0000] {logging_mixin.py:137} INFO - [2023-05-27T16:43:55.491+0000] {taskmixin.py:211} WARNING - Dependency <Task(_PythonDecoratedOperator): prepare_email>, send_email already registered for DAG: example_dag_decorator
[2023-05-27T16:43:55.492+0000] {logging_mixin.py:137} INFO - [2023-05-27T16:43:55.492+0000] {taskmixin.py:211} WARNING - Dependency <Task(EmailOperator): send_email>, prepare_email already registered for DAG: example_dag_decorator
[2023-05-27T16:43:55.507+0000] {processor.py:753} INFO - DAG(s) dict_keys(['example_dag_decorator']) retrieved from /home/airflow/.local/lib/python3.7/site-packages/airflow/example_dags/example_dag_decorator.py
[2023-05-27T16:43:55.588+0000] {logging_mixin.py:137} INFO - [2023-05-27T16:43:55.588+0000] {dag.py:2705} INFO - Sync 1 DAGs
[2023-05-27T16:43:55.609+0000] {logging_mixin.py:137} INFO - [2023-05-27T16:43:55.609+0000] {dag.py:3456} INFO - Setting next_dagrun for example_dag_decorator to None, run_after=None
[2023-05-27T16:43:55.626+0000] {processor.py:175} INFO - Processing /home/airflow/.local/lib/python3.7/site-packages/airflow/example_dags/example_dag_decorator.py took 0.158 seconds
[2023-05-27T16:44:25.819+0000] {processor.py:153} INFO - Started process (PID=385) to work on /home/airflow/.local/lib/python3.7/site-packages/airflow/example_dags/example_dag_decorator.py
[2023-05-27T16:44:25.820+0000] {processor.py:743} INFO - Processing file /home/airflow/.local/lib/python3.7/site-packages/airflow/example_dags/example_dag_decorator.py for tasks to queue
[2023-05-27T16:44:25.822+0000] {logging_mixin.py:137} INFO - [2023-05-27T16:44:25.821+0000] {dagbag.py:532} INFO - Filling up the DagBag from /home/airflow/.local/lib/python3.7/site-packages/airflow/example_dags/example_dag_decorator.py
[2023-05-27T16:44:25.840+0000] {logging_mixin.py:137} INFO - [2023-05-27T16:44:25.840+0000] {taskmixin.py:211} WARNING - Dependency <Task(_PythonDecoratedOperator): prepare_email>, send_email already registered for DAG: example_dag_decorator
[2023-05-27T16:44:25.841+0000] {logging_mixin.py:137} INFO - [2023-05-27T16:44:25.841+0000] {taskmixin.py:211} WARNING - Dependency <Task(EmailOperator): send_email>, prepare_email already registered for DAG: example_dag_decorator
[2023-05-27T16:44:25.856+0000] {processor.py:753} INFO - DAG(s) dict_keys(['example_dag_decorator']) retrieved from /home/airflow/.local/lib/python3.7/site-packages/airflow/example_dags/example_dag_decorator.py
[2023-05-27T16:44:25.922+0000] {logging_mixin.py:137} INFO - [2023-05-27T16:44:25.922+0000] {dag.py:2705} INFO - Sync 1 DAGs
[2023-05-27T16:44:25.946+0000] {logging_mixin.py:137} INFO - [2023-05-27T16:44:25.946+0000] {dag.py:3456} INFO - Setting next_dagrun for example_dag_decorator to None, run_after=None
[2023-05-27T16:44:25.964+0000] {processor.py:175} INFO - Processing /home/airflow/.local/lib/python3.7/site-packages/airflow/example_dags/example_dag_decorator.py took 0.149 seconds
[2023-05-27T16:44:56.274+0000] {processor.py:153} INFO - Started process (PID=441) to work on /home/airflow/.local/lib/python3.7/site-packages/airflow/example_dags/example_dag_decorator.py
[2023-05-27T16:44:56.276+0000] {processor.py:743} INFO - Processing file /home/airflow/.local/lib/python3.7/site-packages/airflow/example_dags/example_dag_decorator.py for tasks to queue
[2023-05-27T16:44:56.277+0000] {logging_mixin.py:137} INFO - [2023-05-27T16:44:56.277+0000] {dagbag.py:532} INFO - Filling up the DagBag from /home/airflow/.local/lib/python3.7/site-packages/airflow/example_dags/example_dag_decorator.py
[2023-05-27T16:44:56.294+0000] {logging_mixin.py:137} INFO - [2023-05-27T16:44:56.294+0000] {taskmixin.py:211} WARNING - Dependency <Task(_PythonDecoratedOperator): prepare_email>, send_email already registered for DAG: example_dag_decorator
[2023-05-27T16:44:56.295+0000] {logging_mixin.py:137} INFO - [2023-05-27T16:44:56.294+0000] {taskmixin.py:211} WARNING - Dependency <Task(EmailOperator): send_email>, prepare_email already registered for DAG: example_dag_decorator
[2023-05-27T16:44:56.317+0000] {processor.py:753} INFO - DAG(s) dict_keys(['example_dag_decorator']) retrieved from /home/airflow/.local/lib/python3.7/site-packages/airflow/example_dags/example_dag_decorator.py
[2023-05-27T16:44:56.383+0000] {logging_mixin.py:137} INFO - [2023-05-27T16:44:56.383+0000] {dag.py:2705} INFO - Sync 1 DAGs
[2023-05-27T16:44:56.411+0000] {logging_mixin.py:137} INFO - [2023-05-27T16:44:56.411+0000] {dag.py:3456} INFO - Setting next_dagrun for example_dag_decorator to None, run_after=None
[2023-05-27T16:44:56.425+0000] {processor.py:175} INFO - Processing /home/airflow/.local/lib/python3.7/site-packages/airflow/example_dags/example_dag_decorator.py took 0.155 seconds
[2023-05-27T16:45:26.932+0000] {processor.py:153} INFO - Started process (PID=498) to work on /home/airflow/.local/lib/python3.7/site-packages/airflow/example_dags/example_dag_decorator.py
[2023-05-27T16:45:26.934+0000] {processor.py:743} INFO - Processing file /home/airflow/.local/lib/python3.7/site-packages/airflow/example_dags/example_dag_decorator.py for tasks to queue
[2023-05-27T16:45:26.935+0000] {logging_mixin.py:137} INFO - [2023-05-27T16:45:26.934+0000] {dagbag.py:532} INFO - Filling up the DagBag from /home/airflow/.local/lib/python3.7/site-packages/airflow/example_dags/example_dag_decorator.py
[2023-05-27T16:45:26.951+0000] {logging_mixin.py:137} INFO - [2023-05-27T16:45:26.951+0000] {taskmixin.py:211} WARNING - Dependency <Task(_PythonDecoratedOperator): prepare_email>, send_email already registered for DAG: example_dag_decorator
[2023-05-27T16:45:26.952+0000] {logging_mixin.py:137} INFO - [2023-05-27T16:45:26.952+0000] {taskmixin.py:211} WARNING - Dependency <Task(EmailOperator): send_email>, prepare_email already registered for DAG: example_dag_decorator
[2023-05-27T16:45:26.965+0000] {processor.py:753} INFO - DAG(s) dict_keys(['example_dag_decorator']) retrieved from /home/airflow/.local/lib/python3.7/site-packages/airflow/example_dags/example_dag_decorator.py
[2023-05-27T16:45:27.026+0000] {logging_mixin.py:137} INFO - [2023-05-27T16:45:27.026+0000] {dag.py:2705} INFO - Sync 1 DAGs
[2023-05-27T16:45:27.046+0000] {logging_mixin.py:137} INFO - [2023-05-27T16:45:27.046+0000] {dag.py:3456} INFO - Setting next_dagrun for example_dag_decorator to None, run_after=None
[2023-05-27T16:45:27.061+0000] {processor.py:175} INFO - Processing /home/airflow/.local/lib/python3.7/site-packages/airflow/example_dags/example_dag_decorator.py took 0.134 seconds
[2023-05-27T16:45:57.572+0000] {processor.py:153} INFO - Started process (PID=555) to work on /home/airflow/.local/lib/python3.7/site-packages/airflow/example_dags/example_dag_decorator.py
[2023-05-27T16:45:57.574+0000] {processor.py:743} INFO - Processing file /home/airflow/.local/lib/python3.7/site-packages/airflow/example_dags/example_dag_decorator.py for tasks to queue
[2023-05-27T16:45:57.576+0000] {logging_mixin.py:137} INFO - [2023-05-27T16:45:57.576+0000] {dagbag.py:532} INFO - Filling up the DagBag from /home/airflow/.local/lib/python3.7/site-packages/airflow/example_dags/example_dag_decorator.py
[2023-05-27T16:45:57.595+0000] {logging_mixin.py:137} INFO - [2023-05-27T16:45:57.595+0000] {taskmixin.py:211} WARNING - Dependency <Task(_PythonDecoratedOperator): prepare_email>, send_email already registered for DAG: example_dag_decorator
[2023-05-27T16:45:57.595+0000] {logging_mixin.py:137} INFO - [2023-05-27T16:45:57.595+0000] {taskmixin.py:211} WARNING - Dependency <Task(EmailOperator): send_email>, prepare_email already registered for DAG: example_dag_decorator
[2023-05-27T16:45:57.609+0000] {processor.py:753} INFO - DAG(s) dict_keys(['example_dag_decorator']) retrieved from /home/airflow/.local/lib/python3.7/site-packages/airflow/example_dags/example_dag_decorator.py
[2023-05-27T16:45:57.672+0000] {logging_mixin.py:137} INFO - [2023-05-27T16:45:57.671+0000] {dag.py:2705} INFO - Sync 1 DAGs
[2023-05-27T16:45:57.693+0000] {logging_mixin.py:137} INFO - [2023-05-27T16:45:57.693+0000] {dag.py:3456} INFO - Setting next_dagrun for example_dag_decorator to None, run_after=None
[2023-05-27T16:45:57.709+0000] {processor.py:175} INFO - Processing /home/airflow/.local/lib/python3.7/site-packages/airflow/example_dags/example_dag_decorator.py took 0.142 seconds
[2023-05-27T16:46:28.038+0000] {processor.py:153} INFO - Started process (PID=612) to work on /home/airflow/.local/lib/python3.7/site-packages/airflow/example_dags/example_dag_decorator.py
[2023-05-27T16:46:28.039+0000] {processor.py:743} INFO - Processing file /home/airflow/.local/lib/python3.7/site-packages/airflow/example_dags/example_dag_decorator.py for tasks to queue
[2023-05-27T16:46:28.042+0000] {logging_mixin.py:137} INFO - [2023-05-27T16:46:28.042+0000] {dagbag.py:532} INFO - Filling up the DagBag from /home/airflow/.local/lib/python3.7/site-packages/airflow/example_dags/example_dag_decorator.py
[2023-05-27T16:46:28.058+0000] {logging_mixin.py:137} INFO - [2023-05-27T16:46:28.058+0000] {taskmixin.py:211} WARNING - Dependency <Task(_PythonDecoratedOperator): prepare_email>, send_email already registered for DAG: example_dag_decorator
[2023-05-27T16:46:28.059+0000] {logging_mixin.py:137} INFO - [2023-05-27T16:46:28.059+0000] {taskmixin.py:211} WARNING - Dependency <Task(EmailOperator): send_email>, prepare_email already registered for DAG: example_dag_decorator
[2023-05-27T16:46:28.072+0000] {processor.py:753} INFO - DAG(s) dict_keys(['example_dag_decorator']) retrieved from /home/airflow/.local/lib/python3.7/site-packages/airflow/example_dags/example_dag_decorator.py
[2023-05-27T16:46:28.136+0000] {logging_mixin.py:137} INFO - [2023-05-27T16:46:28.135+0000] {dag.py:2705} INFO - Sync 1 DAGs
[2023-05-27T16:46:28.157+0000] {logging_mixin.py:137} INFO - [2023-05-27T16:46:28.157+0000] {dag.py:3456} INFO - Setting next_dagrun for example_dag_decorator to None, run_after=None
[2023-05-27T16:46:28.176+0000] {processor.py:175} INFO - Processing /home/airflow/.local/lib/python3.7/site-packages/airflow/example_dags/example_dag_decorator.py took 0.143 seconds
[2023-05-27T16:46:58.491+0000] {processor.py:153} INFO - Started process (PID=669) to work on /home/airflow/.local/lib/python3.7/site-packages/airflow/example_dags/example_dag_decorator.py
[2023-05-27T16:46:58.493+0000] {processor.py:743} INFO - Processing file /home/airflow/.local/lib/python3.7/site-packages/airflow/example_dags/example_dag_decorator.py for tasks to queue
[2023-05-27T16:46:58.494+0000] {logging_mixin.py:137} INFO - [2023-05-27T16:46:58.494+0000] {dagbag.py:532} INFO - Filling up the DagBag from /home/airflow/.local/lib/python3.7/site-packages/airflow/example_dags/example_dag_decorator.py
[2023-05-27T16:46:58.511+0000] {logging_mixin.py:137} INFO - [2023-05-27T16:46:58.510+0000] {taskmixin.py:211} WARNING - Dependency <Task(_PythonDecoratedOperator): prepare_email>, send_email already registered for DAG: example_dag_decorator
[2023-05-27T16:46:58.512+0000] {logging_mixin.py:137} INFO - [2023-05-27T16:46:58.512+0000] {taskmixin.py:211} WARNING - Dependency <Task(EmailOperator): send_email>, prepare_email already registered for DAG: example_dag_decorator
[2023-05-27T16:46:58.525+0000] {processor.py:753} INFO - DAG(s) dict_keys(['example_dag_decorator']) retrieved from /home/airflow/.local/lib/python3.7/site-packages/airflow/example_dags/example_dag_decorator.py
[2023-05-27T16:46:58.587+0000] {logging_mixin.py:137} INFO - [2023-05-27T16:46:58.587+0000] {dag.py:2705} INFO - Sync 1 DAGs
[2023-05-27T16:46:58.608+0000] {logging_mixin.py:137} INFO - [2023-05-27T16:46:58.608+0000] {dag.py:3456} INFO - Setting next_dagrun for example_dag_decorator to None, run_after=None
[2023-05-27T16:46:58.623+0000] {processor.py:175} INFO - Processing /home/airflow/.local/lib/python3.7/site-packages/airflow/example_dags/example_dag_decorator.py took 0.136 seconds
[2023-05-27T16:47:29.383+0000] {processor.py:153} INFO - Started process (PID=726) to work on /home/airflow/.local/lib/python3.7/site-packages/airflow/example_dags/example_dag_decorator.py
[2023-05-27T16:47:29.384+0000] {processor.py:743} INFO - Processing file /home/airflow/.local/lib/python3.7/site-packages/airflow/example_dags/example_dag_decorator.py for tasks to queue
[2023-05-27T16:47:29.385+0000] {logging_mixin.py:137} INFO - [2023-05-27T16:47:29.385+0000] {dagbag.py:532} INFO - Filling up the DagBag from /home/airflow/.local/lib/python3.7/site-packages/airflow/example_dags/example_dag_decorator.py
[2023-05-27T16:47:29.402+0000] {logging_mixin.py:137} INFO - [2023-05-27T16:47:29.402+0000] {taskmixin.py:211} WARNING - Dependency <Task(_PythonDecoratedOperator): prepare_email>, send_email already registered for DAG: example_dag_decorator
[2023-05-27T16:47:29.402+0000] {logging_mixin.py:137} INFO - [2023-05-27T16:47:29.402+0000] {taskmixin.py:211} WARNING - Dependency <Task(EmailOperator): send_email>, prepare_email already registered for DAG: example_dag_decorator
[2023-05-27T16:47:29.416+0000] {processor.py:753} INFO - DAG(s) dict_keys(['example_dag_decorator']) retrieved from /home/airflow/.local/lib/python3.7/site-packages/airflow/example_dags/example_dag_decorator.py
[2023-05-27T16:47:29.484+0000] {logging_mixin.py:137} INFO - [2023-05-27T16:47:29.484+0000] {dag.py:2705} INFO - Sync 1 DAGs
[2023-05-27T16:47:29.506+0000] {logging_mixin.py:137} INFO - [2023-05-27T16:47:29.506+0000] {dag.py:3456} INFO - Setting next_dagrun for example_dag_decorator to None, run_after=None
[2023-05-27T16:47:29.522+0000] {processor.py:175} INFO - Processing /home/airflow/.local/lib/python3.7/site-packages/airflow/example_dags/example_dag_decorator.py took 0.143 seconds
[2023-05-27T16:48:00.024+0000] {processor.py:153} INFO - Started process (PID=783) to work on /home/airflow/.local/lib/python3.7/site-packages/airflow/example_dags/example_dag_decorator.py
[2023-05-27T16:48:00.026+0000] {processor.py:743} INFO - Processing file /home/airflow/.local/lib/python3.7/site-packages/airflow/example_dags/example_dag_decorator.py for tasks to queue
[2023-05-27T16:48:00.028+0000] {logging_mixin.py:137} INFO - [2023-05-27T16:48:00.027+0000] {dagbag.py:532} INFO - Filling up the DagBag from /home/airflow/.local/lib/python3.7/site-packages/airflow/example_dags/example_dag_decorator.py
[2023-05-27T16:48:00.046+0000] {logging_mixin.py:137} INFO - [2023-05-27T16:48:00.046+0000] {taskmixin.py:211} WARNING - Dependency <Task(_PythonDecoratedOperator): prepare_email>, send_email already registered for DAG: example_dag_decorator
[2023-05-27T16:48:00.048+0000] {logging_mixin.py:137} INFO - [2023-05-27T16:48:00.047+0000] {taskmixin.py:211} WARNING - Dependency <Task(EmailOperator): send_email>, prepare_email already registered for DAG: example_dag_decorator
[2023-05-27T16:48:00.062+0000] {processor.py:753} INFO - DAG(s) dict_keys(['example_dag_decorator']) retrieved from /home/airflow/.local/lib/python3.7/site-packages/airflow/example_dags/example_dag_decorator.py
[2023-05-27T16:48:00.126+0000] {logging_mixin.py:137} INFO - [2023-05-27T16:48:00.126+0000] {dag.py:2705} INFO - Sync 1 DAGs
[2023-05-27T16:48:00.146+0000] {logging_mixin.py:137} INFO - [2023-05-27T16:48:00.146+0000] {dag.py:3456} INFO - Setting next_dagrun for example_dag_decorator to None, run_after=None
[2023-05-27T16:48:00.162+0000] {processor.py:175} INFO - Processing /home/airflow/.local/lib/python3.7/site-packages/airflow/example_dags/example_dag_decorator.py took 0.146 seconds
[2023-05-27T16:48:30.560+0000] {processor.py:153} INFO - Started process (PID=840) to work on /home/airflow/.local/lib/python3.7/site-packages/airflow/example_dags/example_dag_decorator.py
[2023-05-27T16:48:30.562+0000] {processor.py:743} INFO - Processing file /home/airflow/.local/lib/python3.7/site-packages/airflow/example_dags/example_dag_decorator.py for tasks to queue
[2023-05-27T16:48:30.563+0000] {logging_mixin.py:137} INFO - [2023-05-27T16:48:30.563+0000] {dagbag.py:532} INFO - Filling up the DagBag from /home/airflow/.local/lib/python3.7/site-packages/airflow/example_dags/example_dag_decorator.py
[2023-05-27T16:48:30.580+0000] {logging_mixin.py:137} INFO - [2023-05-27T16:48:30.580+0000] {taskmixin.py:211} WARNING - Dependency <Task(_PythonDecoratedOperator): prepare_email>, send_email already registered for DAG: example_dag_decorator
[2023-05-27T16:48:30.580+0000] {logging_mixin.py:137} INFO - [2023-05-27T16:48:30.580+0000] {taskmixin.py:211} WARNING - Dependency <Task(EmailOperator): send_email>, prepare_email already registered for DAG: example_dag_decorator
[2023-05-27T16:48:30.593+0000] {processor.py:753} INFO - DAG(s) dict_keys(['example_dag_decorator']) retrieved from /home/airflow/.local/lib/python3.7/site-packages/airflow/example_dags/example_dag_decorator.py
[2023-05-27T16:48:30.653+0000] {logging_mixin.py:137} INFO - [2023-05-27T16:48:30.653+0000] {dag.py:2705} INFO - Sync 1 DAGs
[2023-05-27T16:48:30.672+0000] {logging_mixin.py:137} INFO - [2023-05-27T16:48:30.672+0000] {dag.py:3456} INFO - Setting next_dagrun for example_dag_decorator to None, run_after=None
[2023-05-27T16:48:30.688+0000] {processor.py:175} INFO - Processing /home/airflow/.local/lib/python3.7/site-packages/airflow/example_dags/example_dag_decorator.py took 0.132 seconds
[2023-05-27T16:49:01.362+0000] {processor.py:153} INFO - Started process (PID=897) to work on /home/airflow/.local/lib/python3.7/site-packages/airflow/example_dags/example_dag_decorator.py
[2023-05-27T16:49:01.363+0000] {processor.py:743} INFO - Processing file /home/airflow/.local/lib/python3.7/site-packages/airflow/example_dags/example_dag_decorator.py for tasks to queue
[2023-05-27T16:49:01.365+0000] {logging_mixin.py:137} INFO - [2023-05-27T16:49:01.364+0000] {dagbag.py:532} INFO - Filling up the DagBag from /home/airflow/.local/lib/python3.7/site-packages/airflow/example_dags/example_dag_decorator.py
[2023-05-27T16:49:01.382+0000] {logging_mixin.py:137} INFO - [2023-05-27T16:49:01.382+0000] {taskmixin.py:211} WARNING - Dependency <Task(_PythonDecoratedOperator): prepare_email>, send_email already registered for DAG: example_dag_decorator
[2023-05-27T16:49:01.383+0000] {logging_mixin.py:137} INFO - [2023-05-27T16:49:01.383+0000] {taskmixin.py:211} WARNING - Dependency <Task(EmailOperator): send_email>, prepare_email already registered for DAG: example_dag_decorator
[2023-05-27T16:49:01.397+0000] {processor.py:753} INFO - DAG(s) dict_keys(['example_dag_decorator']) retrieved from /home/airflow/.local/lib/python3.7/site-packages/airflow/example_dags/example_dag_decorator.py
[2023-05-27T16:49:01.460+0000] {logging_mixin.py:137} INFO - [2023-05-27T16:49:01.460+0000] {dag.py:2705} INFO - Sync 1 DAGs
[2023-05-27T16:49:01.480+0000] {logging_mixin.py:137} INFO - [2023-05-27T16:49:01.480+0000] {dag.py:3456} INFO - Setting next_dagrun for example_dag_decorator to None, run_after=None
[2023-05-27T16:49:01.497+0000] {processor.py:175} INFO - Processing /home/airflow/.local/lib/python3.7/site-packages/airflow/example_dags/example_dag_decorator.py took 0.141 seconds
[2023-05-27T16:49:31.822+0000] {processor.py:153} INFO - Started process (PID=954) to work on /home/airflow/.local/lib/python3.7/site-packages/airflow/example_dags/example_dag_decorator.py
[2023-05-27T16:49:31.825+0000] {processor.py:743} INFO - Processing file /home/airflow/.local/lib/python3.7/site-packages/airflow/example_dags/example_dag_decorator.py for tasks to queue
[2023-05-27T16:49:31.826+0000] {logging_mixin.py:137} INFO - [2023-05-27T16:49:31.826+0000] {dagbag.py:532} INFO - Filling up the DagBag from /home/airflow/.local/lib/python3.7/site-packages/airflow/example_dags/example_dag_decorator.py
[2023-05-27T16:49:31.843+0000] {logging_mixin.py:137} INFO - [2023-05-27T16:49:31.843+0000] {taskmixin.py:211} WARNING - Dependency <Task(_PythonDecoratedOperator): prepare_email>, send_email already registered for DAG: example_dag_decorator
[2023-05-27T16:49:31.843+0000] {logging_mixin.py:137} INFO - [2023-05-27T16:49:31.843+0000] {taskmixin.py:211} WARNING - Dependency <Task(EmailOperator): send_email>, prepare_email already registered for DAG: example_dag_decorator
[2023-05-27T16:49:31.857+0000] {processor.py:753} INFO - DAG(s) dict_keys(['example_dag_decorator']) retrieved from /home/airflow/.local/lib/python3.7/site-packages/airflow/example_dags/example_dag_decorator.py
[2023-05-27T16:49:31.918+0000] {logging_mixin.py:137} INFO - [2023-05-27T16:49:31.918+0000] {dag.py:2705} INFO - Sync 1 DAGs
[2023-05-27T16:49:31.938+0000] {logging_mixin.py:137} INFO - [2023-05-27T16:49:31.938+0000] {dag.py:3456} INFO - Setting next_dagrun for example_dag_decorator to None, run_after=None
[2023-05-27T16:49:31.960+0000] {processor.py:175} INFO - Processing /home/airflow/.local/lib/python3.7/site-packages/airflow/example_dags/example_dag_decorator.py took 0.142 seconds
[2023-05-27T16:50:02.077+0000] {processor.py:153} INFO - Started process (PID=1011) to work on /home/airflow/.local/lib/python3.7/site-packages/airflow/example_dags/example_dag_decorator.py
[2023-05-27T16:50:02.079+0000] {processor.py:743} INFO - Processing file /home/airflow/.local/lib/python3.7/site-packages/airflow/example_dags/example_dag_decorator.py for tasks to queue
[2023-05-27T16:50:02.080+0000] {logging_mixin.py:137} INFO - [2023-05-27T16:50:02.080+0000] {dagbag.py:532} INFO - Filling up the DagBag from /home/airflow/.local/lib/python3.7/site-packages/airflow/example_dags/example_dag_decorator.py
[2023-05-27T16:50:02.100+0000] {logging_mixin.py:137} INFO - [2023-05-27T16:50:02.100+0000] {taskmixin.py:211} WARNING - Dependency <Task(_PythonDecoratedOperator): prepare_email>, send_email already registered for DAG: example_dag_decorator
[2023-05-27T16:50:02.101+0000] {logging_mixin.py:137} INFO - [2023-05-27T16:50:02.101+0000] {taskmixin.py:211} WARNING - Dependency <Task(EmailOperator): send_email>, prepare_email already registered for DAG: example_dag_decorator
[2023-05-27T16:50:02.115+0000] {processor.py:753} INFO - DAG(s) dict_keys(['example_dag_decorator']) retrieved from /home/airflow/.local/lib/python3.7/site-packages/airflow/example_dags/example_dag_decorator.py
[2023-05-27T16:50:02.179+0000] {logging_mixin.py:137} INFO - [2023-05-27T16:50:02.179+0000] {dag.py:2705} INFO - Sync 1 DAGs
[2023-05-27T16:50:02.200+0000] {logging_mixin.py:137} INFO - [2023-05-27T16:50:02.200+0000] {dag.py:3456} INFO - Setting next_dagrun for example_dag_decorator to None, run_after=None
[2023-05-27T16:50:02.216+0000] {processor.py:175} INFO - Processing /home/airflow/.local/lib/python3.7/site-packages/airflow/example_dags/example_dag_decorator.py took 0.144 seconds
[2023-05-27T16:50:32.289+0000] {processor.py:153} INFO - Started process (PID=1068) to work on /home/airflow/.local/lib/python3.7/site-packages/airflow/example_dags/example_dag_decorator.py
[2023-05-27T16:50:32.290+0000] {processor.py:743} INFO - Processing file /home/airflow/.local/lib/python3.7/site-packages/airflow/example_dags/example_dag_decorator.py for tasks to queue
[2023-05-27T16:50:32.292+0000] {logging_mixin.py:137} INFO - [2023-05-27T16:50:32.291+0000] {dagbag.py:532} INFO - Filling up the DagBag from /home/airflow/.local/lib/python3.7/site-packages/airflow/example_dags/example_dag_decorator.py
[2023-05-27T16:50:32.310+0000] {logging_mixin.py:137} INFO - [2023-05-27T16:50:32.310+0000] {taskmixin.py:211} WARNING - Dependency <Task(_PythonDecoratedOperator): prepare_email>, send_email already registered for DAG: example_dag_decorator
[2023-05-27T16:50:32.310+0000] {logging_mixin.py:137} INFO - [2023-05-27T16:50:32.310+0000] {taskmixin.py:211} WARNING - Dependency <Task(EmailOperator): send_email>, prepare_email already registered for DAG: example_dag_decorator
[2023-05-27T16:50:32.324+0000] {processor.py:753} INFO - DAG(s) dict_keys(['example_dag_decorator']) retrieved from /home/airflow/.local/lib/python3.7/site-packages/airflow/example_dags/example_dag_decorator.py
[2023-05-27T16:50:32.392+0000] {logging_mixin.py:137} INFO - [2023-05-27T16:50:32.392+0000] {dag.py:2705} INFO - Sync 1 DAGs
[2023-05-27T16:50:32.412+0000] {logging_mixin.py:137} INFO - [2023-05-27T16:50:32.412+0000] {dag.py:3456} INFO - Setting next_dagrun for example_dag_decorator to None, run_after=None
[2023-05-27T16:50:32.428+0000] {processor.py:175} INFO - Processing /home/airflow/.local/lib/python3.7/site-packages/airflow/example_dags/example_dag_decorator.py took 0.144 seconds
[2023-05-27T16:51:02.496+0000] {processor.py:153} INFO - Started process (PID=1125) to work on /home/airflow/.local/lib/python3.7/site-packages/airflow/example_dags/example_dag_decorator.py
[2023-05-27T16:51:02.498+0000] {processor.py:743} INFO - Processing file /home/airflow/.local/lib/python3.7/site-packages/airflow/example_dags/example_dag_decorator.py for tasks to queue
[2023-05-27T16:51:02.499+0000] {logging_mixin.py:137} INFO - [2023-05-27T16:51:02.498+0000] {dagbag.py:532} INFO - Filling up the DagBag from /home/airflow/.local/lib/python3.7/site-packages/airflow/example_dags/example_dag_decorator.py
[2023-05-27T16:51:02.516+0000] {logging_mixin.py:137} INFO - [2023-05-27T16:51:02.516+0000] {taskmixin.py:211} WARNING - Dependency <Task(_PythonDecoratedOperator): prepare_email>, send_email already registered for DAG: example_dag_decorator
[2023-05-27T16:51:02.517+0000] {logging_mixin.py:137} INFO - [2023-05-27T16:51:02.517+0000] {taskmixin.py:211} WARNING - Dependency <Task(EmailOperator): send_email>, prepare_email already registered for DAG: example_dag_decorator
[2023-05-27T16:51:02.532+0000] {processor.py:753} INFO - DAG(s) dict_keys(['example_dag_decorator']) retrieved from /home/airflow/.local/lib/python3.7/site-packages/airflow/example_dags/example_dag_decorator.py
[2023-05-27T16:51:02.596+0000] {logging_mixin.py:137} INFO - [2023-05-27T16:51:02.596+0000] {dag.py:2705} INFO - Sync 1 DAGs
[2023-05-27T16:51:02.616+0000] {logging_mixin.py:137} INFO - [2023-05-27T16:51:02.616+0000] {dag.py:3456} INFO - Setting next_dagrun for example_dag_decorator to None, run_after=None
[2023-05-27T16:51:02.632+0000] {processor.py:175} INFO - Processing /home/airflow/.local/lib/python3.7/site-packages/airflow/example_dags/example_dag_decorator.py took 0.141 seconds
[2023-05-27T16:51:32.697+0000] {processor.py:153} INFO - Started process (PID=1182) to work on /home/airflow/.local/lib/python3.7/site-packages/airflow/example_dags/example_dag_decorator.py
[2023-05-27T16:51:32.698+0000] {processor.py:743} INFO - Processing file /home/airflow/.local/lib/python3.7/site-packages/airflow/example_dags/example_dag_decorator.py for tasks to queue
[2023-05-27T16:51:32.699+0000] {logging_mixin.py:137} INFO - [2023-05-27T16:51:32.699+0000] {dagbag.py:532} INFO - Filling up the DagBag from /home/airflow/.local/lib/python3.7/site-packages/airflow/example_dags/example_dag_decorator.py
[2023-05-27T16:51:32.721+0000] {logging_mixin.py:137} INFO - [2023-05-27T16:51:32.721+0000] {taskmixin.py:211} WARNING - Dependency <Task(_PythonDecoratedOperator): prepare_email>, send_email already registered for DAG: example_dag_decorator
[2023-05-27T16:51:32.722+0000] {logging_mixin.py:137} INFO - [2023-05-27T16:51:32.722+0000] {taskmixin.py:211} WARNING - Dependency <Task(EmailOperator): send_email>, prepare_email already registered for DAG: example_dag_decorator
[2023-05-27T16:51:32.743+0000] {processor.py:753} INFO - DAG(s) dict_keys(['example_dag_decorator']) retrieved from /home/airflow/.local/lib/python3.7/site-packages/airflow/example_dags/example_dag_decorator.py
[2023-05-27T16:51:32.841+0000] {logging_mixin.py:137} INFO - [2023-05-27T16:51:32.841+0000] {dag.py:2705} INFO - Sync 1 DAGs
[2023-05-27T16:51:32.875+0000] {logging_mixin.py:137} INFO - [2023-05-27T16:51:32.874+0000] {dag.py:3456} INFO - Setting next_dagrun for example_dag_decorator to None, run_after=None
[2023-05-27T16:51:32.896+0000] {processor.py:175} INFO - Processing /home/airflow/.local/lib/python3.7/site-packages/airflow/example_dags/example_dag_decorator.py took 0.203 seconds
[2023-05-27T16:52:03.010+0000] {processor.py:153} INFO - Started process (PID=1239) to work on /home/airflow/.local/lib/python3.7/site-packages/airflow/example_dags/example_dag_decorator.py
[2023-05-27T16:52:03.012+0000] {processor.py:743} INFO - Processing file /home/airflow/.local/lib/python3.7/site-packages/airflow/example_dags/example_dag_decorator.py for tasks to queue
[2023-05-27T16:52:03.013+0000] {logging_mixin.py:137} INFO - [2023-05-27T16:52:03.013+0000] {dagbag.py:532} INFO - Filling up the DagBag from /home/airflow/.local/lib/python3.7/site-packages/airflow/example_dags/example_dag_decorator.py
[2023-05-27T16:52:03.029+0000] {logging_mixin.py:137} INFO - [2023-05-27T16:52:03.029+0000] {taskmixin.py:211} WARNING - Dependency <Task(_PythonDecoratedOperator): prepare_email>, send_email already registered for DAG: example_dag_decorator
[2023-05-27T16:52:03.030+0000] {logging_mixin.py:137} INFO - [2023-05-27T16:52:03.030+0000] {taskmixin.py:211} WARNING - Dependency <Task(EmailOperator): send_email>, prepare_email already registered for DAG: example_dag_decorator
[2023-05-27T16:52:03.043+0000] {processor.py:753} INFO - DAG(s) dict_keys(['example_dag_decorator']) retrieved from /home/airflow/.local/lib/python3.7/site-packages/airflow/example_dags/example_dag_decorator.py
[2023-05-27T16:52:03.105+0000] {logging_mixin.py:137} INFO - [2023-05-27T16:52:03.105+0000] {dag.py:2705} INFO - Sync 1 DAGs
[2023-05-27T16:52:03.124+0000] {logging_mixin.py:137} INFO - [2023-05-27T16:52:03.124+0000] {dag.py:3456} INFO - Setting next_dagrun for example_dag_decorator to None, run_after=None
[2023-05-27T16:52:03.141+0000] {processor.py:175} INFO - Processing /home/airflow/.local/lib/python3.7/site-packages/airflow/example_dags/example_dag_decorator.py took 0.134 seconds
[2023-05-27T16:52:33.715+0000] {processor.py:153} INFO - Started process (PID=1296) to work on /home/airflow/.local/lib/python3.7/site-packages/airflow/example_dags/example_dag_decorator.py
[2023-05-27T16:52:33.716+0000] {processor.py:743} INFO - Processing file /home/airflow/.local/lib/python3.7/site-packages/airflow/example_dags/example_dag_decorator.py for tasks to queue
[2023-05-27T16:52:33.717+0000] {logging_mixin.py:137} INFO - [2023-05-27T16:52:33.717+0000] {dagbag.py:532} INFO - Filling up the DagBag from /home/airflow/.local/lib/python3.7/site-packages/airflow/example_dags/example_dag_decorator.py
[2023-05-27T16:52:33.735+0000] {logging_mixin.py:137} INFO - [2023-05-27T16:52:33.735+0000] {taskmixin.py:211} WARNING - Dependency <Task(_PythonDecoratedOperator): prepare_email>, send_email already registered for DAG: example_dag_decorator
[2023-05-27T16:52:33.735+0000] {logging_mixin.py:137} INFO - [2023-05-27T16:52:33.735+0000] {taskmixin.py:211} WARNING - Dependency <Task(EmailOperator): send_email>, prepare_email already registered for DAG: example_dag_decorator
[2023-05-27T16:52:33.750+0000] {processor.py:753} INFO - DAG(s) dict_keys(['example_dag_decorator']) retrieved from /home/airflow/.local/lib/python3.7/site-packages/airflow/example_dags/example_dag_decorator.py
[2023-05-27T16:52:33.814+0000] {logging_mixin.py:137} INFO - [2023-05-27T16:52:33.814+0000] {dag.py:2705} INFO - Sync 1 DAGs
[2023-05-27T16:52:33.834+0000] {logging_mixin.py:137} INFO - [2023-05-27T16:52:33.834+0000] {dag.py:3456} INFO - Setting next_dagrun for example_dag_decorator to None, run_after=None
[2023-05-27T16:52:33.850+0000] {processor.py:175} INFO - Processing /home/airflow/.local/lib/python3.7/site-packages/airflow/example_dags/example_dag_decorator.py took 0.139 seconds
[2023-05-27T16:53:04.077+0000] {processor.py:153} INFO - Started process (PID=1353) to work on /home/airflow/.local/lib/python3.7/site-packages/airflow/example_dags/example_dag_decorator.py
[2023-05-27T16:53:04.079+0000] {processor.py:743} INFO - Processing file /home/airflow/.local/lib/python3.7/site-packages/airflow/example_dags/example_dag_decorator.py for tasks to queue
[2023-05-27T16:53:04.080+0000] {logging_mixin.py:137} INFO - [2023-05-27T16:53:04.080+0000] {dagbag.py:532} INFO - Filling up the DagBag from /home/airflow/.local/lib/python3.7/site-packages/airflow/example_dags/example_dag_decorator.py
[2023-05-27T16:53:04.101+0000] {logging_mixin.py:137} INFO - [2023-05-27T16:53:04.101+0000] {taskmixin.py:211} WARNING - Dependency <Task(_PythonDecoratedOperator): prepare_email>, send_email already registered for DAG: example_dag_decorator
[2023-05-27T16:53:04.102+0000] {logging_mixin.py:137} INFO - [2023-05-27T16:53:04.102+0000] {taskmixin.py:211} WARNING - Dependency <Task(EmailOperator): send_email>, prepare_email already registered for DAG: example_dag_decorator
[2023-05-27T16:53:04.116+0000] {processor.py:753} INFO - DAG(s) dict_keys(['example_dag_decorator']) retrieved from /home/airflow/.local/lib/python3.7/site-packages/airflow/example_dags/example_dag_decorator.py
[2023-05-27T16:53:04.198+0000] {logging_mixin.py:137} INFO - [2023-05-27T16:53:04.198+0000] {dag.py:2705} INFO - Sync 1 DAGs
[2023-05-27T16:53:04.227+0000] {logging_mixin.py:137} INFO - [2023-05-27T16:53:04.227+0000] {dag.py:3456} INFO - Setting next_dagrun for example_dag_decorator to None, run_after=None
[2023-05-27T16:53:04.246+0000] {processor.py:175} INFO - Processing /home/airflow/.local/lib/python3.7/site-packages/airflow/example_dags/example_dag_decorator.py took 0.179 seconds
[2023-05-27T16:53:34.332+0000] {processor.py:153} INFO - Started process (PID=1410) to work on /home/airflow/.local/lib/python3.7/site-packages/airflow/example_dags/example_dag_decorator.py
[2023-05-27T16:53:34.333+0000] {processor.py:743} INFO - Processing file /home/airflow/.local/lib/python3.7/site-packages/airflow/example_dags/example_dag_decorator.py for tasks to queue
[2023-05-27T16:53:34.334+0000] {logging_mixin.py:137} INFO - [2023-05-27T16:53:34.334+0000] {dagbag.py:532} INFO - Filling up the DagBag from /home/airflow/.local/lib/python3.7/site-packages/airflow/example_dags/example_dag_decorator.py
[2023-05-27T16:53:34.351+0000] {logging_mixin.py:137} INFO - [2023-05-27T16:53:34.351+0000] {taskmixin.py:211} WARNING - Dependency <Task(_PythonDecoratedOperator): prepare_email>, send_email already registered for DAG: example_dag_decorator
[2023-05-27T16:53:34.352+0000] {logging_mixin.py:137} INFO - [2023-05-27T16:53:34.351+0000] {taskmixin.py:211} WARNING - Dependency <Task(EmailOperator): send_email>, prepare_email already registered for DAG: example_dag_decorator
[2023-05-27T16:53:34.364+0000] {processor.py:753} INFO - DAG(s) dict_keys(['example_dag_decorator']) retrieved from /home/airflow/.local/lib/python3.7/site-packages/airflow/example_dags/example_dag_decorator.py
[2023-05-27T16:53:34.428+0000] {logging_mixin.py:137} INFO - [2023-05-27T16:53:34.428+0000] {dag.py:2705} INFO - Sync 1 DAGs
[2023-05-27T16:53:34.455+0000] {logging_mixin.py:137} INFO - [2023-05-27T16:53:34.455+0000] {dag.py:3456} INFO - Setting next_dagrun for example_dag_decorator to None, run_after=None
[2023-05-27T16:53:34.471+0000] {processor.py:175} INFO - Processing /home/airflow/.local/lib/python3.7/site-packages/airflow/example_dags/example_dag_decorator.py took 0.142 seconds
[2023-05-27T16:54:04.562+0000] {processor.py:153} INFO - Started process (PID=1467) to work on /home/airflow/.local/lib/python3.7/site-packages/airflow/example_dags/example_dag_decorator.py
[2023-05-27T16:54:04.564+0000] {processor.py:743} INFO - Processing file /home/airflow/.local/lib/python3.7/site-packages/airflow/example_dags/example_dag_decorator.py for tasks to queue
[2023-05-27T16:54:04.565+0000] {logging_mixin.py:137} INFO - [2023-05-27T16:54:04.565+0000] {dagbag.py:532} INFO - Filling up the DagBag from /home/airflow/.local/lib/python3.7/site-packages/airflow/example_dags/example_dag_decorator.py
[2023-05-27T16:54:04.584+0000] {logging_mixin.py:137} INFO - [2023-05-27T16:54:04.584+0000] {taskmixin.py:211} WARNING - Dependency <Task(_PythonDecoratedOperator): prepare_email>, send_email already registered for DAG: example_dag_decorator
[2023-05-27T16:54:04.585+0000] {logging_mixin.py:137} INFO - [2023-05-27T16:54:04.585+0000] {taskmixin.py:211} WARNING - Dependency <Task(EmailOperator): send_email>, prepare_email already registered for DAG: example_dag_decorator
[2023-05-27T16:54:04.596+0000] {processor.py:753} INFO - DAG(s) dict_keys(['example_dag_decorator']) retrieved from /home/airflow/.local/lib/python3.7/site-packages/airflow/example_dags/example_dag_decorator.py
[2023-05-27T16:54:04.656+0000] {logging_mixin.py:137} INFO - [2023-05-27T16:54:04.656+0000] {dag.py:2705} INFO - Sync 1 DAGs
[2023-05-27T16:54:04.675+0000] {logging_mixin.py:137} INFO - [2023-05-27T16:54:04.675+0000] {dag.py:3456} INFO - Setting next_dagrun for example_dag_decorator to None, run_after=None
[2023-05-27T16:54:04.690+0000] {processor.py:175} INFO - Processing /home/airflow/.local/lib/python3.7/site-packages/airflow/example_dags/example_dag_decorator.py took 0.131 seconds
[2023-05-27T16:54:34.849+0000] {processor.py:153} INFO - Started process (PID=1524) to work on /home/airflow/.local/lib/python3.7/site-packages/airflow/example_dags/example_dag_decorator.py
[2023-05-27T16:54:34.851+0000] {processor.py:743} INFO - Processing file /home/airflow/.local/lib/python3.7/site-packages/airflow/example_dags/example_dag_decorator.py for tasks to queue
[2023-05-27T16:54:34.852+0000] {logging_mixin.py:137} INFO - [2023-05-27T16:54:34.851+0000] {dagbag.py:532} INFO - Filling up the DagBag from /home/airflow/.local/lib/python3.7/site-packages/airflow/example_dags/example_dag_decorator.py
[2023-05-27T16:54:34.868+0000] {logging_mixin.py:137} INFO - [2023-05-27T16:54:34.868+0000] {taskmixin.py:211} WARNING - Dependency <Task(_PythonDecoratedOperator): prepare_email>, send_email already registered for DAG: example_dag_decorator
[2023-05-27T16:54:34.869+0000] {logging_mixin.py:137} INFO - [2023-05-27T16:54:34.869+0000] {taskmixin.py:211} WARNING - Dependency <Task(EmailOperator): send_email>, prepare_email already registered for DAG: example_dag_decorator
[2023-05-27T16:54:34.882+0000] {processor.py:753} INFO - DAG(s) dict_keys(['example_dag_decorator']) retrieved from /home/airflow/.local/lib/python3.7/site-packages/airflow/example_dags/example_dag_decorator.py
[2023-05-27T16:54:34.942+0000] {logging_mixin.py:137} INFO - [2023-05-27T16:54:34.942+0000] {dag.py:2705} INFO - Sync 1 DAGs
[2023-05-27T16:54:34.962+0000] {logging_mixin.py:137} INFO - [2023-05-27T16:54:34.962+0000] {dag.py:3456} INFO - Setting next_dagrun for example_dag_decorator to None, run_after=None
[2023-05-27T16:54:34.978+0000] {processor.py:175} INFO - Processing /home/airflow/.local/lib/python3.7/site-packages/airflow/example_dags/example_dag_decorator.py took 0.133 seconds
[2023-05-27T16:55:05.144+0000] {processor.py:153} INFO - Started process (PID=1581) to work on /home/airflow/.local/lib/python3.7/site-packages/airflow/example_dags/example_dag_decorator.py
[2023-05-27T16:55:05.145+0000] {processor.py:743} INFO - Processing file /home/airflow/.local/lib/python3.7/site-packages/airflow/example_dags/example_dag_decorator.py for tasks to queue
[2023-05-27T16:55:05.147+0000] {logging_mixin.py:137} INFO - [2023-05-27T16:55:05.146+0000] {dagbag.py:532} INFO - Filling up the DagBag from /home/airflow/.local/lib/python3.7/site-packages/airflow/example_dags/example_dag_decorator.py
[2023-05-27T16:55:05.167+0000] {logging_mixin.py:137} INFO - [2023-05-27T16:55:05.167+0000] {taskmixin.py:211} WARNING - Dependency <Task(_PythonDecoratedOperator): prepare_email>, send_email already registered for DAG: example_dag_decorator
[2023-05-27T16:55:05.168+0000] {logging_mixin.py:137} INFO - [2023-05-27T16:55:05.168+0000] {taskmixin.py:211} WARNING - Dependency <Task(EmailOperator): send_email>, prepare_email already registered for DAG: example_dag_decorator
[2023-05-27T16:55:05.183+0000] {processor.py:753} INFO - DAG(s) dict_keys(['example_dag_decorator']) retrieved from /home/airflow/.local/lib/python3.7/site-packages/airflow/example_dags/example_dag_decorator.py
[2023-05-27T16:55:05.256+0000] {logging_mixin.py:137} INFO - [2023-05-27T16:55:05.256+0000] {dag.py:2705} INFO - Sync 1 DAGs
[2023-05-27T16:55:05.280+0000] {logging_mixin.py:137} INFO - [2023-05-27T16:55:05.280+0000] {dag.py:3456} INFO - Setting next_dagrun for example_dag_decorator to None, run_after=None
[2023-05-27T16:55:05.300+0000] {processor.py:175} INFO - Processing /home/airflow/.local/lib/python3.7/site-packages/airflow/example_dags/example_dag_decorator.py took 0.160 seconds
[2023-05-27T16:55:36.326+0000] {processor.py:153} INFO - Started process (PID=1638) to work on /home/airflow/.local/lib/python3.7/site-packages/airflow/example_dags/example_dag_decorator.py
[2023-05-27T16:55:36.328+0000] {processor.py:743} INFO - Processing file /home/airflow/.local/lib/python3.7/site-packages/airflow/example_dags/example_dag_decorator.py for tasks to queue
[2023-05-27T16:55:36.329+0000] {logging_mixin.py:137} INFO - [2023-05-27T16:55:36.329+0000] {dagbag.py:532} INFO - Filling up the DagBag from /home/airflow/.local/lib/python3.7/site-packages/airflow/example_dags/example_dag_decorator.py
[2023-05-27T16:55:36.347+0000] {logging_mixin.py:137} INFO - [2023-05-27T16:55:36.347+0000] {taskmixin.py:211} WARNING - Dependency <Task(_PythonDecoratedOperator): prepare_email>, send_email already registered for DAG: example_dag_decorator
[2023-05-27T16:55:36.348+0000] {logging_mixin.py:137} INFO - [2023-05-27T16:55:36.348+0000] {taskmixin.py:211} WARNING - Dependency <Task(EmailOperator): send_email>, prepare_email already registered for DAG: example_dag_decorator
[2023-05-27T16:55:36.360+0000] {processor.py:753} INFO - DAG(s) dict_keys(['example_dag_decorator']) retrieved from /home/airflow/.local/lib/python3.7/site-packages/airflow/example_dags/example_dag_decorator.py
[2023-05-27T16:55:36.421+0000] {logging_mixin.py:137} INFO - [2023-05-27T16:55:36.420+0000] {dag.py:2705} INFO - Sync 1 DAGs
[2023-05-27T16:55:36.439+0000] {logging_mixin.py:137} INFO - [2023-05-27T16:55:36.439+0000] {dag.py:3456} INFO - Setting next_dagrun for example_dag_decorator to None, run_after=None
[2023-05-27T16:55:36.457+0000] {processor.py:175} INFO - Processing /home/airflow/.local/lib/python3.7/site-packages/airflow/example_dags/example_dag_decorator.py took 0.136 seconds
[2023-05-27T16:56:07.107+0000] {processor.py:153} INFO - Started process (PID=1695) to work on /home/airflow/.local/lib/python3.7/site-packages/airflow/example_dags/example_dag_decorator.py
[2023-05-27T16:56:07.109+0000] {processor.py:743} INFO - Processing file /home/airflow/.local/lib/python3.7/site-packages/airflow/example_dags/example_dag_decorator.py for tasks to queue
[2023-05-27T16:56:07.110+0000] {logging_mixin.py:137} INFO - [2023-05-27T16:56:07.110+0000] {dagbag.py:532} INFO - Filling up the DagBag from /home/airflow/.local/lib/python3.7/site-packages/airflow/example_dags/example_dag_decorator.py
[2023-05-27T16:56:07.127+0000] {logging_mixin.py:137} INFO - [2023-05-27T16:56:07.127+0000] {taskmixin.py:211} WARNING - Dependency <Task(_PythonDecoratedOperator): prepare_email>, send_email already registered for DAG: example_dag_decorator
[2023-05-27T16:56:07.128+0000] {logging_mixin.py:137} INFO - [2023-05-27T16:56:07.128+0000] {taskmixin.py:211} WARNING - Dependency <Task(EmailOperator): send_email>, prepare_email already registered for DAG: example_dag_decorator
[2023-05-27T16:56:07.141+0000] {processor.py:753} INFO - DAG(s) dict_keys(['example_dag_decorator']) retrieved from /home/airflow/.local/lib/python3.7/site-packages/airflow/example_dags/example_dag_decorator.py
[2023-05-27T16:56:07.208+0000] {logging_mixin.py:137} INFO - [2023-05-27T16:56:07.208+0000] {dag.py:2705} INFO - Sync 1 DAGs
[2023-05-27T16:56:07.231+0000] {logging_mixin.py:137} INFO - [2023-05-27T16:56:07.231+0000] {dag.py:3456} INFO - Setting next_dagrun for example_dag_decorator to None, run_after=None
[2023-05-27T16:56:07.254+0000] {processor.py:175} INFO - Processing /home/airflow/.local/lib/python3.7/site-packages/airflow/example_dags/example_dag_decorator.py took 0.151 seconds
[2023-05-27T16:56:37.428+0000] {processor.py:153} INFO - Started process (PID=1751) to work on /home/airflow/.local/lib/python3.7/site-packages/airflow/example_dags/example_dag_decorator.py
[2023-05-27T16:56:37.431+0000] {processor.py:743} INFO - Processing file /home/airflow/.local/lib/python3.7/site-packages/airflow/example_dags/example_dag_decorator.py for tasks to queue
[2023-05-27T16:56:37.434+0000] {logging_mixin.py:137} INFO - [2023-05-27T16:56:37.433+0000] {dagbag.py:532} INFO - Filling up the DagBag from /home/airflow/.local/lib/python3.7/site-packages/airflow/example_dags/example_dag_decorator.py
[2023-05-27T16:56:37.456+0000] {logging_mixin.py:137} INFO - [2023-05-27T16:56:37.455+0000] {taskmixin.py:211} WARNING - Dependency <Task(_PythonDecoratedOperator): prepare_email>, send_email already registered for DAG: example_dag_decorator
[2023-05-27T16:56:37.456+0000] {logging_mixin.py:137} INFO - [2023-05-27T16:56:37.456+0000] {taskmixin.py:211} WARNING - Dependency <Task(EmailOperator): send_email>, prepare_email already registered for DAG: example_dag_decorator
[2023-05-27T16:56:37.471+0000] {processor.py:753} INFO - DAG(s) dict_keys(['example_dag_decorator']) retrieved from /home/airflow/.local/lib/python3.7/site-packages/airflow/example_dags/example_dag_decorator.py
[2023-05-27T16:56:37.537+0000] {logging_mixin.py:137} INFO - [2023-05-27T16:56:37.537+0000] {dag.py:2705} INFO - Sync 1 DAGs
[2023-05-27T16:56:37.562+0000] {logging_mixin.py:137} INFO - [2023-05-27T16:56:37.562+0000] {dag.py:3456} INFO - Setting next_dagrun for example_dag_decorator to None, run_after=None
[2023-05-27T16:56:37.580+0000] {processor.py:175} INFO - Processing /home/airflow/.local/lib/python3.7/site-packages/airflow/example_dags/example_dag_decorator.py took 0.162 seconds
[2023-05-27T16:57:08.335+0000] {processor.py:153} INFO - Started process (PID=1808) to work on /home/airflow/.local/lib/python3.7/site-packages/airflow/example_dags/example_dag_decorator.py
[2023-05-27T16:57:08.337+0000] {processor.py:743} INFO - Processing file /home/airflow/.local/lib/python3.7/site-packages/airflow/example_dags/example_dag_decorator.py for tasks to queue
[2023-05-27T16:57:08.339+0000] {logging_mixin.py:137} INFO - [2023-05-27T16:57:08.339+0000] {dagbag.py:532} INFO - Filling up the DagBag from /home/airflow/.local/lib/python3.7/site-packages/airflow/example_dags/example_dag_decorator.py
[2023-05-27T16:57:08.357+0000] {logging_mixin.py:137} INFO - [2023-05-27T16:57:08.356+0000] {taskmixin.py:211} WARNING - Dependency <Task(_PythonDecoratedOperator): prepare_email>, send_email already registered for DAG: example_dag_decorator
[2023-05-27T16:57:08.357+0000] {logging_mixin.py:137} INFO - [2023-05-27T16:57:08.357+0000] {taskmixin.py:211} WARNING - Dependency <Task(EmailOperator): send_email>, prepare_email already registered for DAG: example_dag_decorator
[2023-05-27T16:57:08.370+0000] {processor.py:753} INFO - DAG(s) dict_keys(['example_dag_decorator']) retrieved from /home/airflow/.local/lib/python3.7/site-packages/airflow/example_dags/example_dag_decorator.py
[2023-05-27T16:57:08.430+0000] {logging_mixin.py:137} INFO - [2023-05-27T16:57:08.430+0000] {dag.py:2705} INFO - Sync 1 DAGs
[2023-05-27T16:57:08.456+0000] {logging_mixin.py:137} INFO - [2023-05-27T16:57:08.456+0000] {dag.py:3456} INFO - Setting next_dagrun for example_dag_decorator to None, run_after=None
[2023-05-27T16:57:08.473+0000] {processor.py:175} INFO - Processing /home/airflow/.local/lib/python3.7/site-packages/airflow/example_dags/example_dag_decorator.py took 0.145 seconds
[2023-05-27T16:57:39.329+0000] {processor.py:153} INFO - Started process (PID=1865) to work on /home/airflow/.local/lib/python3.7/site-packages/airflow/example_dags/example_dag_decorator.py
[2023-05-27T16:57:39.337+0000] {processor.py:743} INFO - Processing file /home/airflow/.local/lib/python3.7/site-packages/airflow/example_dags/example_dag_decorator.py for tasks to queue
[2023-05-27T16:57:39.343+0000] {logging_mixin.py:137} INFO - [2023-05-27T16:57:39.342+0000] {dagbag.py:532} INFO - Filling up the DagBag from /home/airflow/.local/lib/python3.7/site-packages/airflow/example_dags/example_dag_decorator.py
[2023-05-27T16:57:39.401+0000] {logging_mixin.py:137} INFO - [2023-05-27T16:57:39.401+0000] {taskmixin.py:211} WARNING - Dependency <Task(_PythonDecoratedOperator): prepare_email>, send_email already registered for DAG: example_dag_decorator
[2023-05-27T16:57:39.404+0000] {logging_mixin.py:137} INFO - [2023-05-27T16:57:39.403+0000] {taskmixin.py:211} WARNING - Dependency <Task(EmailOperator): send_email>, prepare_email already registered for DAG: example_dag_decorator
[2023-05-27T16:57:39.450+0000] {processor.py:753} INFO - DAG(s) dict_keys(['example_dag_decorator']) retrieved from /home/airflow/.local/lib/python3.7/site-packages/airflow/example_dags/example_dag_decorator.py
[2023-05-27T16:57:39.614+0000] {logging_mixin.py:137} INFO - [2023-05-27T16:57:39.614+0000] {dag.py:2705} INFO - Sync 1 DAGs
[2023-05-27T16:57:39.658+0000] {logging_mixin.py:137} INFO - [2023-05-27T16:57:39.657+0000] {dag.py:3456} INFO - Setting next_dagrun for example_dag_decorator to None, run_after=None
[2023-05-27T16:57:39.694+0000] {processor.py:175} INFO - Processing /home/airflow/.local/lib/python3.7/site-packages/airflow/example_dags/example_dag_decorator.py took 0.379 seconds
[2023-05-27T16:58:10.689+0000] {processor.py:153} INFO - Started process (PID=1922) to work on /home/airflow/.local/lib/python3.7/site-packages/airflow/example_dags/example_dag_decorator.py
[2023-05-27T16:58:10.692+0000] {processor.py:743} INFO - Processing file /home/airflow/.local/lib/python3.7/site-packages/airflow/example_dags/example_dag_decorator.py for tasks to queue
[2023-05-27T16:58:10.693+0000] {logging_mixin.py:137} INFO - [2023-05-27T16:58:10.693+0000] {dagbag.py:532} INFO - Filling up the DagBag from /home/airflow/.local/lib/python3.7/site-packages/airflow/example_dags/example_dag_decorator.py
[2023-05-27T16:58:10.711+0000] {logging_mixin.py:137} INFO - [2023-05-27T16:58:10.711+0000] {taskmixin.py:211} WARNING - Dependency <Task(_PythonDecoratedOperator): prepare_email>, send_email already registered for DAG: example_dag_decorator
[2023-05-27T16:58:10.711+0000] {logging_mixin.py:137} INFO - [2023-05-27T16:58:10.711+0000] {taskmixin.py:211} WARNING - Dependency <Task(EmailOperator): send_email>, prepare_email already registered for DAG: example_dag_decorator
[2023-05-27T16:58:10.725+0000] {processor.py:753} INFO - DAG(s) dict_keys(['example_dag_decorator']) retrieved from /home/airflow/.local/lib/python3.7/site-packages/airflow/example_dags/example_dag_decorator.py
[2023-05-27T16:58:10.784+0000] {logging_mixin.py:137} INFO - [2023-05-27T16:58:10.784+0000] {dag.py:2705} INFO - Sync 1 DAGs
[2023-05-27T16:58:10.804+0000] {logging_mixin.py:137} INFO - [2023-05-27T16:58:10.804+0000] {dag.py:3456} INFO - Setting next_dagrun for example_dag_decorator to None, run_after=None
[2023-05-27T16:58:10.820+0000] {processor.py:175} INFO - Processing /home/airflow/.local/lib/python3.7/site-packages/airflow/example_dags/example_dag_decorator.py took 0.137 seconds
[2023-05-27T16:58:41.322+0000] {processor.py:153} INFO - Started process (PID=1979) to work on /home/airflow/.local/lib/python3.7/site-packages/airflow/example_dags/example_dag_decorator.py
[2023-05-27T16:58:41.324+0000] {processor.py:743} INFO - Processing file /home/airflow/.local/lib/python3.7/site-packages/airflow/example_dags/example_dag_decorator.py for tasks to queue
[2023-05-27T16:58:41.326+0000] {logging_mixin.py:137} INFO - [2023-05-27T16:58:41.325+0000] {dagbag.py:532} INFO - Filling up the DagBag from /home/airflow/.local/lib/python3.7/site-packages/airflow/example_dags/example_dag_decorator.py
[2023-05-27T16:58:41.347+0000] {logging_mixin.py:137} INFO - [2023-05-27T16:58:41.347+0000] {taskmixin.py:211} WARNING - Dependency <Task(_PythonDecoratedOperator): prepare_email>, send_email already registered for DAG: example_dag_decorator
[2023-05-27T16:58:41.348+0000] {logging_mixin.py:137} INFO - [2023-05-27T16:58:41.348+0000] {taskmixin.py:211} WARNING - Dependency <Task(EmailOperator): send_email>, prepare_email already registered for DAG: example_dag_decorator
[2023-05-27T16:58:41.361+0000] {processor.py:753} INFO - DAG(s) dict_keys(['example_dag_decorator']) retrieved from /home/airflow/.local/lib/python3.7/site-packages/airflow/example_dags/example_dag_decorator.py
[2023-05-27T16:58:41.427+0000] {logging_mixin.py:137} INFO - [2023-05-27T16:58:41.427+0000] {dag.py:2705} INFO - Sync 1 DAGs
[2023-05-27T16:58:41.448+0000] {logging_mixin.py:137} INFO - [2023-05-27T16:58:41.448+0000] {dag.py:3456} INFO - Setting next_dagrun for example_dag_decorator to None, run_after=None
[2023-05-27T16:58:41.468+0000] {processor.py:175} INFO - Processing /home/airflow/.local/lib/python3.7/site-packages/airflow/example_dags/example_dag_decorator.py took 0.152 seconds
[2023-05-27T16:59:12.025+0000] {processor.py:153} INFO - Started process (PID=2036) to work on /home/airflow/.local/lib/python3.7/site-packages/airflow/example_dags/example_dag_decorator.py
[2023-05-27T16:59:12.027+0000] {processor.py:743} INFO - Processing file /home/airflow/.local/lib/python3.7/site-packages/airflow/example_dags/example_dag_decorator.py for tasks to queue
[2023-05-27T16:59:12.028+0000] {logging_mixin.py:137} INFO - [2023-05-27T16:59:12.028+0000] {dagbag.py:532} INFO - Filling up the DagBag from /home/airflow/.local/lib/python3.7/site-packages/airflow/example_dags/example_dag_decorator.py
[2023-05-27T16:59:12.048+0000] {logging_mixin.py:137} INFO - [2023-05-27T16:59:12.048+0000] {taskmixin.py:211} WARNING - Dependency <Task(_PythonDecoratedOperator): prepare_email>, send_email already registered for DAG: example_dag_decorator
[2023-05-27T16:59:12.049+0000] {logging_mixin.py:137} INFO - [2023-05-27T16:59:12.048+0000] {taskmixin.py:211} WARNING - Dependency <Task(EmailOperator): send_email>, prepare_email already registered for DAG: example_dag_decorator
[2023-05-27T16:59:12.062+0000] {processor.py:753} INFO - DAG(s) dict_keys(['example_dag_decorator']) retrieved from /home/airflow/.local/lib/python3.7/site-packages/airflow/example_dags/example_dag_decorator.py
[2023-05-27T16:59:12.125+0000] {logging_mixin.py:137} INFO - [2023-05-27T16:59:12.125+0000] {dag.py:2705} INFO - Sync 1 DAGs
[2023-05-27T16:59:12.144+0000] {logging_mixin.py:137} INFO - [2023-05-27T16:59:12.144+0000] {dag.py:3456} INFO - Setting next_dagrun for example_dag_decorator to None, run_after=None
[2023-05-27T16:59:12.160+0000] {processor.py:175} INFO - Processing /home/airflow/.local/lib/python3.7/site-packages/airflow/example_dags/example_dag_decorator.py took 0.141 seconds
[2023-05-27T16:59:42.918+0000] {processor.py:153} INFO - Started process (PID=2093) to work on /home/airflow/.local/lib/python3.7/site-packages/airflow/example_dags/example_dag_decorator.py
[2023-05-27T16:59:42.921+0000] {processor.py:743} INFO - Processing file /home/airflow/.local/lib/python3.7/site-packages/airflow/example_dags/example_dag_decorator.py for tasks to queue
[2023-05-27T16:59:42.922+0000] {logging_mixin.py:137} INFO - [2023-05-27T16:59:42.922+0000] {dagbag.py:532} INFO - Filling up the DagBag from /home/airflow/.local/lib/python3.7/site-packages/airflow/example_dags/example_dag_decorator.py
[2023-05-27T16:59:42.943+0000] {logging_mixin.py:137} INFO - [2023-05-27T16:59:42.943+0000] {taskmixin.py:211} WARNING - Dependency <Task(_PythonDecoratedOperator): prepare_email>, send_email already registered for DAG: example_dag_decorator
[2023-05-27T16:59:42.943+0000] {logging_mixin.py:137} INFO - [2023-05-27T16:59:42.943+0000] {taskmixin.py:211} WARNING - Dependency <Task(EmailOperator): send_email>, prepare_email already registered for DAG: example_dag_decorator
[2023-05-27T16:59:42.957+0000] {processor.py:753} INFO - DAG(s) dict_keys(['example_dag_decorator']) retrieved from /home/airflow/.local/lib/python3.7/site-packages/airflow/example_dags/example_dag_decorator.py
[2023-05-27T16:59:43.027+0000] {logging_mixin.py:137} INFO - [2023-05-27T16:59:43.027+0000] {dag.py:2705} INFO - Sync 1 DAGs
[2023-05-27T16:59:43.048+0000] {logging_mixin.py:137} INFO - [2023-05-27T16:59:43.048+0000] {dag.py:3456} INFO - Setting next_dagrun for example_dag_decorator to None, run_after=None
[2023-05-27T16:59:43.065+0000] {processor.py:175} INFO - Processing /home/airflow/.local/lib/python3.7/site-packages/airflow/example_dags/example_dag_decorator.py took 0.154 seconds
[2023-05-27T17:00:13.258+0000] {processor.py:153} INFO - Started process (PID=2150) to work on /home/airflow/.local/lib/python3.7/site-packages/airflow/example_dags/example_dag_decorator.py
[2023-05-27T17:00:13.260+0000] {processor.py:743} INFO - Processing file /home/airflow/.local/lib/python3.7/site-packages/airflow/example_dags/example_dag_decorator.py for tasks to queue
[2023-05-27T17:00:13.262+0000] {logging_mixin.py:137} INFO - [2023-05-27T17:00:13.262+0000] {dagbag.py:532} INFO - Filling up the DagBag from /home/airflow/.local/lib/python3.7/site-packages/airflow/example_dags/example_dag_decorator.py
[2023-05-27T17:00:13.296+0000] {logging_mixin.py:137} INFO - [2023-05-27T17:00:13.296+0000] {taskmixin.py:211} WARNING - Dependency <Task(_PythonDecoratedOperator): prepare_email>, send_email already registered for DAG: example_dag_decorator
[2023-05-27T17:00:13.298+0000] {logging_mixin.py:137} INFO - [2023-05-27T17:00:13.298+0000] {taskmixin.py:211} WARNING - Dependency <Task(EmailOperator): send_email>, prepare_email already registered for DAG: example_dag_decorator
[2023-05-27T17:00:13.320+0000] {processor.py:753} INFO - DAG(s) dict_keys(['example_dag_decorator']) retrieved from /home/airflow/.local/lib/python3.7/site-packages/airflow/example_dags/example_dag_decorator.py
[2023-05-27T17:00:13.407+0000] {logging_mixin.py:137} INFO - [2023-05-27T17:00:13.407+0000] {dag.py:2705} INFO - Sync 1 DAGs
[2023-05-27T17:00:13.450+0000] {logging_mixin.py:137} INFO - [2023-05-27T17:00:13.450+0000] {dag.py:3456} INFO - Setting next_dagrun for example_dag_decorator to None, run_after=None
[2023-05-27T17:00:13.473+0000] {processor.py:175} INFO - Processing /home/airflow/.local/lib/python3.7/site-packages/airflow/example_dags/example_dag_decorator.py took 0.221 seconds
[2023-05-27T17:00:43.579+0000] {processor.py:153} INFO - Started process (PID=2207) to work on /home/airflow/.local/lib/python3.7/site-packages/airflow/example_dags/example_dag_decorator.py
[2023-05-27T17:00:43.585+0000] {processor.py:743} INFO - Processing file /home/airflow/.local/lib/python3.7/site-packages/airflow/example_dags/example_dag_decorator.py for tasks to queue
[2023-05-27T17:00:43.586+0000] {logging_mixin.py:137} INFO - [2023-05-27T17:00:43.586+0000] {dagbag.py:532} INFO - Filling up the DagBag from /home/airflow/.local/lib/python3.7/site-packages/airflow/example_dags/example_dag_decorator.py
[2023-05-27T17:00:43.614+0000] {logging_mixin.py:137} INFO - [2023-05-27T17:00:43.614+0000] {taskmixin.py:211} WARNING - Dependency <Task(_PythonDecoratedOperator): prepare_email>, send_email already registered for DAG: example_dag_decorator
[2023-05-27T17:00:43.615+0000] {logging_mixin.py:137} INFO - [2023-05-27T17:00:43.615+0000] {taskmixin.py:211} WARNING - Dependency <Task(EmailOperator): send_email>, prepare_email already registered for DAG: example_dag_decorator
[2023-05-27T17:00:43.633+0000] {processor.py:753} INFO - DAG(s) dict_keys(['example_dag_decorator']) retrieved from /home/airflow/.local/lib/python3.7/site-packages/airflow/example_dags/example_dag_decorator.py
[2023-05-27T17:00:43.728+0000] {logging_mixin.py:137} INFO - [2023-05-27T17:00:43.727+0000] {dag.py:2705} INFO - Sync 1 DAGs
[2023-05-27T17:00:43.757+0000] {logging_mixin.py:137} INFO - [2023-05-27T17:00:43.757+0000] {dag.py:3456} INFO - Setting next_dagrun for example_dag_decorator to None, run_after=None
[2023-05-27T17:00:43.785+0000] {processor.py:175} INFO - Processing /home/airflow/.local/lib/python3.7/site-packages/airflow/example_dags/example_dag_decorator.py took 0.211 seconds
