[2023-05-27T16:41:26.272+0000] {processor.py:153} INFO - Started process (PID=69) to work on /home/airflow/.local/lib/python3.7/site-packages/airflow/example_dags/example_trigger_controller_dag.py
[2023-05-27T16:41:26.275+0000] {processor.py:743} INFO - Processing file /home/airflow/.local/lib/python3.7/site-packages/airflow/example_dags/example_trigger_controller_dag.py for tasks to queue
[2023-05-27T16:41:26.278+0000] {logging_mixin.py:137} INFO - [2023-05-27T16:41:26.277+0000] {dagbag.py:532} INFO - Filling up the DagBag from /home/airflow/.local/lib/python3.7/site-packages/airflow/example_dags/example_trigger_controller_dag.py
[2023-05-27T16:41:26.321+0000] {processor.py:753} INFO - DAG(s) dict_keys(['example_trigger_controller_dag']) retrieved from /home/airflow/.local/lib/python3.7/site-packages/airflow/example_dags/example_trigger_controller_dag.py
[2023-05-27T16:41:26.410+0000] {logging_mixin.py:137} INFO - [2023-05-27T16:41:26.410+0000] {dag.py:2705} INFO - Sync 1 DAGs
[2023-05-27T16:41:26.479+0000] {logging_mixin.py:137} INFO - [2023-05-27T16:41:26.479+0000] {dag.py:3456} INFO - Setting next_dagrun for example_trigger_controller_dag to 2021-01-01T00:00:00+00:00, run_after=2021-01-01T00:00:00+00:00
[2023-05-27T16:41:26.517+0000] {processor.py:175} INFO - Processing /home/airflow/.local/lib/python3.7/site-packages/airflow/example_dags/example_trigger_controller_dag.py took 0.252 seconds
[2023-05-27T16:41:57.445+0000] {processor.py:153} INFO - Started process (PID=126) to work on /home/airflow/.local/lib/python3.7/site-packages/airflow/example_dags/example_trigger_controller_dag.py
[2023-05-27T16:41:57.448+0000] {processor.py:743} INFO - Processing file /home/airflow/.local/lib/python3.7/site-packages/airflow/example_dags/example_trigger_controller_dag.py for tasks to queue
[2023-05-27T16:41:57.449+0000] {logging_mixin.py:137} INFO - [2023-05-27T16:41:57.449+0000] {dagbag.py:532} INFO - Filling up the DagBag from /home/airflow/.local/lib/python3.7/site-packages/airflow/example_dags/example_trigger_controller_dag.py
[2023-05-27T16:41:57.463+0000] {processor.py:753} INFO - DAG(s) dict_keys(['example_trigger_controller_dag']) retrieved from /home/airflow/.local/lib/python3.7/site-packages/airflow/example_dags/example_trigger_controller_dag.py
[2023-05-27T16:41:57.493+0000] {logging_mixin.py:137} INFO - [2023-05-27T16:41:57.493+0000] {dag.py:2705} INFO - Sync 1 DAGs
[2023-05-27T16:41:57.519+0000] {logging_mixin.py:137} INFO - [2023-05-27T16:41:57.519+0000] {dag.py:3456} INFO - Setting next_dagrun for example_trigger_controller_dag to 2021-01-01T00:00:00+00:00, run_after=2021-01-01T00:00:00+00:00
[2023-05-27T16:41:57.544+0000] {processor.py:175} INFO - Processing /home/airflow/.local/lib/python3.7/site-packages/airflow/example_dags/example_trigger_controller_dag.py took 0.105 seconds
[2023-05-27T16:42:28.468+0000] {processor.py:153} INFO - Started process (PID=183) to work on /home/airflow/.local/lib/python3.7/site-packages/airflow/example_dags/example_trigger_controller_dag.py
[2023-05-27T16:42:28.471+0000] {processor.py:743} INFO - Processing file /home/airflow/.local/lib/python3.7/site-packages/airflow/example_dags/example_trigger_controller_dag.py for tasks to queue
[2023-05-27T16:42:28.472+0000] {logging_mixin.py:137} INFO - [2023-05-27T16:42:28.472+0000] {dagbag.py:532} INFO - Filling up the DagBag from /home/airflow/.local/lib/python3.7/site-packages/airflow/example_dags/example_trigger_controller_dag.py
[2023-05-27T16:42:28.492+0000] {processor.py:753} INFO - DAG(s) dict_keys(['example_trigger_controller_dag']) retrieved from /home/airflow/.local/lib/python3.7/site-packages/airflow/example_dags/example_trigger_controller_dag.py
[2023-05-27T16:42:28.542+0000] {logging_mixin.py:137} INFO - [2023-05-27T16:42:28.542+0000] {dag.py:2705} INFO - Sync 1 DAGs
[2023-05-27T16:42:28.578+0000] {logging_mixin.py:137} INFO - [2023-05-27T16:42:28.578+0000] {dag.py:3456} INFO - Setting next_dagrun for example_trigger_controller_dag to 2021-01-01T00:00:00+00:00, run_after=2021-01-01T00:00:00+00:00
[2023-05-27T16:42:28.598+0000] {processor.py:175} INFO - Processing /home/airflow/.local/lib/python3.7/site-packages/airflow/example_dags/example_trigger_controller_dag.py took 0.136 seconds
[2023-05-27T16:42:59.123+0000] {processor.py:153} INFO - Started process (PID=240) to work on /home/airflow/.local/lib/python3.7/site-packages/airflow/example_dags/example_trigger_controller_dag.py
[2023-05-27T16:42:59.129+0000] {processor.py:743} INFO - Processing file /home/airflow/.local/lib/python3.7/site-packages/airflow/example_dags/example_trigger_controller_dag.py for tasks to queue
[2023-05-27T16:42:59.131+0000] {logging_mixin.py:137} INFO - [2023-05-27T16:42:59.131+0000] {dagbag.py:532} INFO - Filling up the DagBag from /home/airflow/.local/lib/python3.7/site-packages/airflow/example_dags/example_trigger_controller_dag.py
[2023-05-27T16:42:59.155+0000] {processor.py:753} INFO - DAG(s) dict_keys(['example_trigger_controller_dag']) retrieved from /home/airflow/.local/lib/python3.7/site-packages/airflow/example_dags/example_trigger_controller_dag.py
[2023-05-27T16:42:59.218+0000] {logging_mixin.py:137} INFO - [2023-05-27T16:42:59.218+0000] {dag.py:2705} INFO - Sync 1 DAGs
[2023-05-27T16:42:59.249+0000] {logging_mixin.py:137} INFO - [2023-05-27T16:42:59.248+0000] {dag.py:3456} INFO - Setting next_dagrun for example_trigger_controller_dag to 2021-01-01T00:00:00+00:00, run_after=2021-01-01T00:00:00+00:00
[2023-05-27T16:42:59.275+0000] {processor.py:175} INFO - Processing /home/airflow/.local/lib/python3.7/site-packages/airflow/example_dags/example_trigger_controller_dag.py took 0.169 seconds
[2023-05-27T16:43:29.664+0000] {processor.py:153} INFO - Started process (PID=298) to work on /home/airflow/.local/lib/python3.7/site-packages/airflow/example_dags/example_trigger_controller_dag.py
[2023-05-27T16:43:29.666+0000] {processor.py:743} INFO - Processing file /home/airflow/.local/lib/python3.7/site-packages/airflow/example_dags/example_trigger_controller_dag.py for tasks to queue
[2023-05-27T16:43:29.668+0000] {logging_mixin.py:137} INFO - [2023-05-27T16:43:29.668+0000] {dagbag.py:532} INFO - Filling up the DagBag from /home/airflow/.local/lib/python3.7/site-packages/airflow/example_dags/example_trigger_controller_dag.py
[2023-05-27T16:43:29.682+0000] {processor.py:753} INFO - DAG(s) dict_keys(['example_trigger_controller_dag']) retrieved from /home/airflow/.local/lib/python3.7/site-packages/airflow/example_dags/example_trigger_controller_dag.py
[2023-05-27T16:43:29.714+0000] {logging_mixin.py:137} INFO - [2023-05-27T16:43:29.714+0000] {dag.py:2705} INFO - Sync 1 DAGs
[2023-05-27T16:43:29.738+0000] {logging_mixin.py:137} INFO - [2023-05-27T16:43:29.738+0000] {dag.py:3456} INFO - Setting next_dagrun for example_trigger_controller_dag to 2021-01-01T00:00:00+00:00, run_after=2021-01-01T00:00:00+00:00
[2023-05-27T16:43:29.754+0000] {processor.py:175} INFO - Processing /home/airflow/.local/lib/python3.7/site-packages/airflow/example_dags/example_trigger_controller_dag.py took 0.095 seconds
[2023-05-27T16:43:59.780+0000] {processor.py:153} INFO - Started process (PID=354) to work on /home/airflow/.local/lib/python3.7/site-packages/airflow/example_dags/example_trigger_controller_dag.py
[2023-05-27T16:43:59.782+0000] {processor.py:743} INFO - Processing file /home/airflow/.local/lib/python3.7/site-packages/airflow/example_dags/example_trigger_controller_dag.py for tasks to queue
[2023-05-27T16:43:59.783+0000] {logging_mixin.py:137} INFO - [2023-05-27T16:43:59.783+0000] {dagbag.py:532} INFO - Filling up the DagBag from /home/airflow/.local/lib/python3.7/site-packages/airflow/example_dags/example_trigger_controller_dag.py
[2023-05-27T16:43:59.794+0000] {processor.py:753} INFO - DAG(s) dict_keys(['example_trigger_controller_dag']) retrieved from /home/airflow/.local/lib/python3.7/site-packages/airflow/example_dags/example_trigger_controller_dag.py
[2023-05-27T16:43:59.820+0000] {logging_mixin.py:137} INFO - [2023-05-27T16:43:59.820+0000] {dag.py:2705} INFO - Sync 1 DAGs
[2023-05-27T16:43:59.840+0000] {logging_mixin.py:137} INFO - [2023-05-27T16:43:59.840+0000] {dag.py:3456} INFO - Setting next_dagrun for example_trigger_controller_dag to 2021-01-01T00:00:00+00:00, run_after=2021-01-01T00:00:00+00:00
[2023-05-27T16:43:59.861+0000] {processor.py:175} INFO - Processing /home/airflow/.local/lib/python3.7/site-packages/airflow/example_dags/example_trigger_controller_dag.py took 0.084 seconds
[2023-05-27T16:44:30.624+0000] {processor.py:153} INFO - Started process (PID=411) to work on /home/airflow/.local/lib/python3.7/site-packages/airflow/example_dags/example_trigger_controller_dag.py
[2023-05-27T16:44:30.626+0000] {processor.py:743} INFO - Processing file /home/airflow/.local/lib/python3.7/site-packages/airflow/example_dags/example_trigger_controller_dag.py for tasks to queue
[2023-05-27T16:44:30.627+0000] {logging_mixin.py:137} INFO - [2023-05-27T16:44:30.627+0000] {dagbag.py:532} INFO - Filling up the DagBag from /home/airflow/.local/lib/python3.7/site-packages/airflow/example_dags/example_trigger_controller_dag.py
[2023-05-27T16:44:30.639+0000] {processor.py:753} INFO - DAG(s) dict_keys(['example_trigger_controller_dag']) retrieved from /home/airflow/.local/lib/python3.7/site-packages/airflow/example_dags/example_trigger_controller_dag.py
[2023-05-27T16:44:30.665+0000] {logging_mixin.py:137} INFO - [2023-05-27T16:44:30.665+0000] {dag.py:2705} INFO - Sync 1 DAGs
[2023-05-27T16:44:30.686+0000] {logging_mixin.py:137} INFO - [2023-05-27T16:44:30.686+0000] {dag.py:3456} INFO - Setting next_dagrun for example_trigger_controller_dag to 2021-01-01T00:00:00+00:00, run_after=2021-01-01T00:00:00+00:00
[2023-05-27T16:44:30.703+0000] {processor.py:175} INFO - Processing /home/airflow/.local/lib/python3.7/site-packages/airflow/example_dags/example_trigger_controller_dag.py took 0.082 seconds
[2023-05-27T16:45:01.342+0000] {processor.py:153} INFO - Started process (PID=468) to work on /home/airflow/.local/lib/python3.7/site-packages/airflow/example_dags/example_trigger_controller_dag.py
[2023-05-27T16:45:01.344+0000] {processor.py:743} INFO - Processing file /home/airflow/.local/lib/python3.7/site-packages/airflow/example_dags/example_trigger_controller_dag.py for tasks to queue
[2023-05-27T16:45:01.345+0000] {logging_mixin.py:137} INFO - [2023-05-27T16:45:01.345+0000] {dagbag.py:532} INFO - Filling up the DagBag from /home/airflow/.local/lib/python3.7/site-packages/airflow/example_dags/example_trigger_controller_dag.py
[2023-05-27T16:45:01.356+0000] {processor.py:753} INFO - DAG(s) dict_keys(['example_trigger_controller_dag']) retrieved from /home/airflow/.local/lib/python3.7/site-packages/airflow/example_dags/example_trigger_controller_dag.py
[2023-05-27T16:45:01.399+0000] {logging_mixin.py:137} INFO - [2023-05-27T16:45:01.398+0000] {dag.py:2705} INFO - Sync 1 DAGs
[2023-05-27T16:45:01.444+0000] {logging_mixin.py:137} INFO - [2023-05-27T16:45:01.444+0000] {dag.py:3456} INFO - Setting next_dagrun for example_trigger_controller_dag to 2021-01-01T00:00:00+00:00, run_after=2021-01-01T00:00:00+00:00
[2023-05-27T16:45:01.480+0000] {processor.py:175} INFO - Processing /home/airflow/.local/lib/python3.7/site-packages/airflow/example_dags/example_trigger_controller_dag.py took 0.141 seconds
[2023-05-27T16:45:31.978+0000] {processor.py:153} INFO - Started process (PID=525) to work on /home/airflow/.local/lib/python3.7/site-packages/airflow/example_dags/example_trigger_controller_dag.py
[2023-05-27T16:45:31.979+0000] {processor.py:743} INFO - Processing file /home/airflow/.local/lib/python3.7/site-packages/airflow/example_dags/example_trigger_controller_dag.py for tasks to queue
[2023-05-27T16:45:31.980+0000] {logging_mixin.py:137} INFO - [2023-05-27T16:45:31.980+0000] {dagbag.py:532} INFO - Filling up the DagBag from /home/airflow/.local/lib/python3.7/site-packages/airflow/example_dags/example_trigger_controller_dag.py
[2023-05-27T16:45:31.991+0000] {processor.py:753} INFO - DAG(s) dict_keys(['example_trigger_controller_dag']) retrieved from /home/airflow/.local/lib/python3.7/site-packages/airflow/example_dags/example_trigger_controller_dag.py
[2023-05-27T16:45:32.018+0000] {logging_mixin.py:137} INFO - [2023-05-27T16:45:32.018+0000] {dag.py:2705} INFO - Sync 1 DAGs
[2023-05-27T16:45:32.042+0000] {logging_mixin.py:137} INFO - [2023-05-27T16:45:32.041+0000] {dag.py:3456} INFO - Setting next_dagrun for example_trigger_controller_dag to 2021-01-01T00:00:00+00:00, run_after=2021-01-01T00:00:00+00:00
[2023-05-27T16:45:32.055+0000] {processor.py:175} INFO - Processing /home/airflow/.local/lib/python3.7/site-packages/airflow/example_dags/example_trigger_controller_dag.py took 0.082 seconds
[2023-05-27T16:46:02.971+0000] {processor.py:153} INFO - Started process (PID=582) to work on /home/airflow/.local/lib/python3.7/site-packages/airflow/example_dags/example_trigger_controller_dag.py
[2023-05-27T16:46:02.973+0000] {processor.py:743} INFO - Processing file /home/airflow/.local/lib/python3.7/site-packages/airflow/example_dags/example_trigger_controller_dag.py for tasks to queue
[2023-05-27T16:46:02.975+0000] {logging_mixin.py:137} INFO - [2023-05-27T16:46:02.975+0000] {dagbag.py:532} INFO - Filling up the DagBag from /home/airflow/.local/lib/python3.7/site-packages/airflow/example_dags/example_trigger_controller_dag.py
[2023-05-27T16:46:02.992+0000] {processor.py:753} INFO - DAG(s) dict_keys(['example_trigger_controller_dag']) retrieved from /home/airflow/.local/lib/python3.7/site-packages/airflow/example_dags/example_trigger_controller_dag.py
[2023-05-27T16:46:03.029+0000] {logging_mixin.py:137} INFO - [2023-05-27T16:46:03.029+0000] {dag.py:2705} INFO - Sync 1 DAGs
[2023-05-27T16:46:03.057+0000] {logging_mixin.py:137} INFO - [2023-05-27T16:46:03.057+0000] {dag.py:3456} INFO - Setting next_dagrun for example_trigger_controller_dag to 2021-01-01T00:00:00+00:00, run_after=2021-01-01T00:00:00+00:00
[2023-05-27T16:46:03.078+0000] {processor.py:175} INFO - Processing /home/airflow/.local/lib/python3.7/site-packages/airflow/example_dags/example_trigger_controller_dag.py took 0.112 seconds
[2023-05-27T16:46:33.929+0000] {processor.py:153} INFO - Started process (PID=639) to work on /home/airflow/.local/lib/python3.7/site-packages/airflow/example_dags/example_trigger_controller_dag.py
[2023-05-27T16:46:33.931+0000] {processor.py:743} INFO - Processing file /home/airflow/.local/lib/python3.7/site-packages/airflow/example_dags/example_trigger_controller_dag.py for tasks to queue
[2023-05-27T16:46:33.932+0000] {logging_mixin.py:137} INFO - [2023-05-27T16:46:33.932+0000] {dagbag.py:532} INFO - Filling up the DagBag from /home/airflow/.local/lib/python3.7/site-packages/airflow/example_dags/example_trigger_controller_dag.py
[2023-05-27T16:46:33.946+0000] {processor.py:753} INFO - DAG(s) dict_keys(['example_trigger_controller_dag']) retrieved from /home/airflow/.local/lib/python3.7/site-packages/airflow/example_dags/example_trigger_controller_dag.py
[2023-05-27T16:46:33.991+0000] {logging_mixin.py:137} INFO - [2023-05-27T16:46:33.991+0000] {dag.py:2705} INFO - Sync 1 DAGs
[2023-05-27T16:46:34.025+0000] {logging_mixin.py:137} INFO - [2023-05-27T16:46:34.024+0000] {dag.py:3456} INFO - Setting next_dagrun for example_trigger_controller_dag to 2021-01-01T00:00:00+00:00, run_after=2021-01-01T00:00:00+00:00
[2023-05-27T16:46:34.048+0000] {processor.py:175} INFO - Processing /home/airflow/.local/lib/python3.7/site-packages/airflow/example_dags/example_trigger_controller_dag.py took 0.124 seconds
[2023-05-27T16:47:04.389+0000] {processor.py:153} INFO - Started process (PID=694) to work on /home/airflow/.local/lib/python3.7/site-packages/airflow/example_dags/example_trigger_controller_dag.py
[2023-05-27T16:47:04.390+0000] {processor.py:743} INFO - Processing file /home/airflow/.local/lib/python3.7/site-packages/airflow/example_dags/example_trigger_controller_dag.py for tasks to queue
[2023-05-27T16:47:04.392+0000] {logging_mixin.py:137} INFO - [2023-05-27T16:47:04.391+0000] {dagbag.py:532} INFO - Filling up the DagBag from /home/airflow/.local/lib/python3.7/site-packages/airflow/example_dags/example_trigger_controller_dag.py
[2023-05-27T16:47:04.403+0000] {processor.py:753} INFO - DAG(s) dict_keys(['example_trigger_controller_dag']) retrieved from /home/airflow/.local/lib/python3.7/site-packages/airflow/example_dags/example_trigger_controller_dag.py
[2023-05-27T16:47:04.431+0000] {logging_mixin.py:137} INFO - [2023-05-27T16:47:04.431+0000] {dag.py:2705} INFO - Sync 1 DAGs
[2023-05-27T16:47:04.452+0000] {logging_mixin.py:137} INFO - [2023-05-27T16:47:04.452+0000] {dag.py:3456} INFO - Setting next_dagrun for example_trigger_controller_dag to 2021-01-01T00:00:00+00:00, run_after=2021-01-01T00:00:00+00:00
[2023-05-27T16:47:04.466+0000] {processor.py:175} INFO - Processing /home/airflow/.local/lib/python3.7/site-packages/airflow/example_dags/example_trigger_controller_dag.py took 0.081 seconds
[2023-05-27T16:47:35.068+0000] {processor.py:153} INFO - Started process (PID=751) to work on /home/airflow/.local/lib/python3.7/site-packages/airflow/example_dags/example_trigger_controller_dag.py
[2023-05-27T16:47:35.070+0000] {processor.py:743} INFO - Processing file /home/airflow/.local/lib/python3.7/site-packages/airflow/example_dags/example_trigger_controller_dag.py for tasks to queue
[2023-05-27T16:47:35.071+0000] {logging_mixin.py:137} INFO - [2023-05-27T16:47:35.071+0000] {dagbag.py:532} INFO - Filling up the DagBag from /home/airflow/.local/lib/python3.7/site-packages/airflow/example_dags/example_trigger_controller_dag.py
[2023-05-27T16:47:35.088+0000] {processor.py:753} INFO - DAG(s) dict_keys(['example_trigger_controller_dag']) retrieved from /home/airflow/.local/lib/python3.7/site-packages/airflow/example_dags/example_trigger_controller_dag.py
[2023-05-27T16:47:35.118+0000] {logging_mixin.py:137} INFO - [2023-05-27T16:47:35.118+0000] {dag.py:2705} INFO - Sync 1 DAGs
[2023-05-27T16:47:35.139+0000] {logging_mixin.py:137} INFO - [2023-05-27T16:47:35.139+0000] {dag.py:3456} INFO - Setting next_dagrun for example_trigger_controller_dag to 2021-01-01T00:00:00+00:00, run_after=2021-01-01T00:00:00+00:00
[2023-05-27T16:47:35.153+0000] {processor.py:175} INFO - Processing /home/airflow/.local/lib/python3.7/site-packages/airflow/example_dags/example_trigger_controller_dag.py took 0.088 seconds
[2023-05-27T16:48:05.771+0000] {processor.py:153} INFO - Started process (PID=808) to work on /home/airflow/.local/lib/python3.7/site-packages/airflow/example_dags/example_trigger_controller_dag.py
[2023-05-27T16:48:05.772+0000] {processor.py:743} INFO - Processing file /home/airflow/.local/lib/python3.7/site-packages/airflow/example_dags/example_trigger_controller_dag.py for tasks to queue
[2023-05-27T16:48:05.773+0000] {logging_mixin.py:137} INFO - [2023-05-27T16:48:05.773+0000] {dagbag.py:532} INFO - Filling up the DagBag from /home/airflow/.local/lib/python3.7/site-packages/airflow/example_dags/example_trigger_controller_dag.py
[2023-05-27T16:48:05.784+0000] {processor.py:753} INFO - DAG(s) dict_keys(['example_trigger_controller_dag']) retrieved from /home/airflow/.local/lib/python3.7/site-packages/airflow/example_dags/example_trigger_controller_dag.py
[2023-05-27T16:48:05.814+0000] {logging_mixin.py:137} INFO - [2023-05-27T16:48:05.814+0000] {dag.py:2705} INFO - Sync 1 DAGs
[2023-05-27T16:48:05.836+0000] {logging_mixin.py:137} INFO - [2023-05-27T16:48:05.836+0000] {dag.py:3456} INFO - Setting next_dagrun for example_trigger_controller_dag to 2021-01-01T00:00:00+00:00, run_after=2021-01-01T00:00:00+00:00
[2023-05-27T16:48:05.850+0000] {processor.py:175} INFO - Processing /home/airflow/.local/lib/python3.7/site-packages/airflow/example_dags/example_trigger_controller_dag.py took 0.083 seconds
[2023-05-27T16:48:36.212+0000] {processor.py:153} INFO - Started process (PID=865) to work on /home/airflow/.local/lib/python3.7/site-packages/airflow/example_dags/example_trigger_controller_dag.py
[2023-05-27T16:48:36.213+0000] {processor.py:743} INFO - Processing file /home/airflow/.local/lib/python3.7/site-packages/airflow/example_dags/example_trigger_controller_dag.py for tasks to queue
[2023-05-27T16:48:36.214+0000] {logging_mixin.py:137} INFO - [2023-05-27T16:48:36.214+0000] {dagbag.py:532} INFO - Filling up the DagBag from /home/airflow/.local/lib/python3.7/site-packages/airflow/example_dags/example_trigger_controller_dag.py
[2023-05-27T16:48:36.226+0000] {processor.py:753} INFO - DAG(s) dict_keys(['example_trigger_controller_dag']) retrieved from /home/airflow/.local/lib/python3.7/site-packages/airflow/example_dags/example_trigger_controller_dag.py
[2023-05-27T16:48:36.256+0000] {logging_mixin.py:137} INFO - [2023-05-27T16:48:36.256+0000] {dag.py:2705} INFO - Sync 1 DAGs
[2023-05-27T16:48:36.277+0000] {logging_mixin.py:137} INFO - [2023-05-27T16:48:36.277+0000] {dag.py:3456} INFO - Setting next_dagrun for example_trigger_controller_dag to 2021-01-01T00:00:00+00:00, run_after=2021-01-01T00:00:00+00:00
[2023-05-27T16:48:36.292+0000] {processor.py:175} INFO - Processing /home/airflow/.local/lib/python3.7/site-packages/airflow/example_dags/example_trigger_controller_dag.py took 0.083 seconds
[2023-05-27T16:49:06.980+0000] {processor.py:153} INFO - Started process (PID=922) to work on /home/airflow/.local/lib/python3.7/site-packages/airflow/example_dags/example_trigger_controller_dag.py
[2023-05-27T16:49:06.981+0000] {processor.py:743} INFO - Processing file /home/airflow/.local/lib/python3.7/site-packages/airflow/example_dags/example_trigger_controller_dag.py for tasks to queue
[2023-05-27T16:49:06.982+0000] {logging_mixin.py:137} INFO - [2023-05-27T16:49:06.982+0000] {dagbag.py:532} INFO - Filling up the DagBag from /home/airflow/.local/lib/python3.7/site-packages/airflow/example_dags/example_trigger_controller_dag.py
[2023-05-27T16:49:06.996+0000] {processor.py:753} INFO - DAG(s) dict_keys(['example_trigger_controller_dag']) retrieved from /home/airflow/.local/lib/python3.7/site-packages/airflow/example_dags/example_trigger_controller_dag.py
[2023-05-27T16:49:07.028+0000] {logging_mixin.py:137} INFO - [2023-05-27T16:49:07.027+0000] {dag.py:2705} INFO - Sync 1 DAGs
[2023-05-27T16:49:07.050+0000] {logging_mixin.py:137} INFO - [2023-05-27T16:49:07.049+0000] {dag.py:3456} INFO - Setting next_dagrun for example_trigger_controller_dag to 2021-01-01T00:00:00+00:00, run_after=2021-01-01T00:00:00+00:00
[2023-05-27T16:49:07.064+0000] {processor.py:175} INFO - Processing /home/airflow/.local/lib/python3.7/site-packages/airflow/example_dags/example_trigger_controller_dag.py took 0.087 seconds
[2023-05-27T16:49:37.471+0000] {processor.py:153} INFO - Started process (PID=979) to work on /home/airflow/.local/lib/python3.7/site-packages/airflow/example_dags/example_trigger_controller_dag.py
[2023-05-27T16:49:37.472+0000] {processor.py:743} INFO - Processing file /home/airflow/.local/lib/python3.7/site-packages/airflow/example_dags/example_trigger_controller_dag.py for tasks to queue
[2023-05-27T16:49:37.473+0000] {logging_mixin.py:137} INFO - [2023-05-27T16:49:37.473+0000] {dagbag.py:532} INFO - Filling up the DagBag from /home/airflow/.local/lib/python3.7/site-packages/airflow/example_dags/example_trigger_controller_dag.py
[2023-05-27T16:49:37.485+0000] {processor.py:753} INFO - DAG(s) dict_keys(['example_trigger_controller_dag']) retrieved from /home/airflow/.local/lib/python3.7/site-packages/airflow/example_dags/example_trigger_controller_dag.py
[2023-05-27T16:49:37.514+0000] {logging_mixin.py:137} INFO - [2023-05-27T16:49:37.514+0000] {dag.py:2705} INFO - Sync 1 DAGs
[2023-05-27T16:49:37.538+0000] {logging_mixin.py:137} INFO - [2023-05-27T16:49:37.538+0000] {dag.py:3456} INFO - Setting next_dagrun for example_trigger_controller_dag to 2021-01-01T00:00:00+00:00, run_after=2021-01-01T00:00:00+00:00
[2023-05-27T16:49:37.552+0000] {processor.py:175} INFO - Processing /home/airflow/.local/lib/python3.7/site-packages/airflow/example_dags/example_trigger_controller_dag.py took 0.087 seconds
[2023-05-27T16:50:07.876+0000] {processor.py:153} INFO - Started process (PID=1036) to work on /home/airflow/.local/lib/python3.7/site-packages/airflow/example_dags/example_trigger_controller_dag.py
[2023-05-27T16:50:07.877+0000] {processor.py:743} INFO - Processing file /home/airflow/.local/lib/python3.7/site-packages/airflow/example_dags/example_trigger_controller_dag.py for tasks to queue
[2023-05-27T16:50:07.878+0000] {logging_mixin.py:137} INFO - [2023-05-27T16:50:07.878+0000] {dagbag.py:532} INFO - Filling up the DagBag from /home/airflow/.local/lib/python3.7/site-packages/airflow/example_dags/example_trigger_controller_dag.py
[2023-05-27T16:50:07.890+0000] {processor.py:753} INFO - DAG(s) dict_keys(['example_trigger_controller_dag']) retrieved from /home/airflow/.local/lib/python3.7/site-packages/airflow/example_dags/example_trigger_controller_dag.py
[2023-05-27T16:50:07.916+0000] {logging_mixin.py:137} INFO - [2023-05-27T16:50:07.916+0000] {dag.py:2705} INFO - Sync 1 DAGs
[2023-05-27T16:50:07.936+0000] {logging_mixin.py:137} INFO - [2023-05-27T16:50:07.936+0000] {dag.py:3456} INFO - Setting next_dagrun for example_trigger_controller_dag to 2021-01-01T00:00:00+00:00, run_after=2021-01-01T00:00:00+00:00
[2023-05-27T16:50:07.950+0000] {processor.py:175} INFO - Processing /home/airflow/.local/lib/python3.7/site-packages/airflow/example_dags/example_trigger_controller_dag.py took 0.078 seconds
[2023-05-27T16:50:38.072+0000] {processor.py:153} INFO - Started process (PID=1093) to work on /home/airflow/.local/lib/python3.7/site-packages/airflow/example_dags/example_trigger_controller_dag.py
[2023-05-27T16:50:38.073+0000] {processor.py:743} INFO - Processing file /home/airflow/.local/lib/python3.7/site-packages/airflow/example_dags/example_trigger_controller_dag.py for tasks to queue
[2023-05-27T16:50:38.074+0000] {logging_mixin.py:137} INFO - [2023-05-27T16:50:38.074+0000] {dagbag.py:532} INFO - Filling up the DagBag from /home/airflow/.local/lib/python3.7/site-packages/airflow/example_dags/example_trigger_controller_dag.py
[2023-05-27T16:50:38.085+0000] {processor.py:753} INFO - DAG(s) dict_keys(['example_trigger_controller_dag']) retrieved from /home/airflow/.local/lib/python3.7/site-packages/airflow/example_dags/example_trigger_controller_dag.py
[2023-05-27T16:50:38.111+0000] {logging_mixin.py:137} INFO - [2023-05-27T16:50:38.111+0000] {dag.py:2705} INFO - Sync 1 DAGs
[2023-05-27T16:50:38.141+0000] {logging_mixin.py:137} INFO - [2023-05-27T16:50:38.140+0000] {dag.py:3456} INFO - Setting next_dagrun for example_trigger_controller_dag to 2021-01-01T00:00:00+00:00, run_after=2021-01-01T00:00:00+00:00
[2023-05-27T16:50:38.156+0000] {processor.py:175} INFO - Processing /home/airflow/.local/lib/python3.7/site-packages/airflow/example_dags/example_trigger_controller_dag.py took 0.087 seconds
[2023-05-27T16:51:08.443+0000] {processor.py:153} INFO - Started process (PID=1150) to work on /home/airflow/.local/lib/python3.7/site-packages/airflow/example_dags/example_trigger_controller_dag.py
[2023-05-27T16:51:08.444+0000] {processor.py:743} INFO - Processing file /home/airflow/.local/lib/python3.7/site-packages/airflow/example_dags/example_trigger_controller_dag.py for tasks to queue
[2023-05-27T16:51:08.445+0000] {logging_mixin.py:137} INFO - [2023-05-27T16:51:08.445+0000] {dagbag.py:532} INFO - Filling up the DagBag from /home/airflow/.local/lib/python3.7/site-packages/airflow/example_dags/example_trigger_controller_dag.py
[2023-05-27T16:51:08.457+0000] {processor.py:753} INFO - DAG(s) dict_keys(['example_trigger_controller_dag']) retrieved from /home/airflow/.local/lib/python3.7/site-packages/airflow/example_dags/example_trigger_controller_dag.py
[2023-05-27T16:51:08.483+0000] {logging_mixin.py:137} INFO - [2023-05-27T16:51:08.483+0000] {dag.py:2705} INFO - Sync 1 DAGs
[2023-05-27T16:51:08.504+0000] {logging_mixin.py:137} INFO - [2023-05-27T16:51:08.504+0000] {dag.py:3456} INFO - Setting next_dagrun for example_trigger_controller_dag to 2021-01-01T00:00:00+00:00, run_after=2021-01-01T00:00:00+00:00
[2023-05-27T16:51:08.518+0000] {processor.py:175} INFO - Processing /home/airflow/.local/lib/python3.7/site-packages/airflow/example_dags/example_trigger_controller_dag.py took 0.078 seconds
[2023-05-27T16:51:38.581+0000] {processor.py:153} INFO - Started process (PID=1207) to work on /home/airflow/.local/lib/python3.7/site-packages/airflow/example_dags/example_trigger_controller_dag.py
[2023-05-27T16:51:38.582+0000] {processor.py:743} INFO - Processing file /home/airflow/.local/lib/python3.7/site-packages/airflow/example_dags/example_trigger_controller_dag.py for tasks to queue
[2023-05-27T16:51:38.583+0000] {logging_mixin.py:137} INFO - [2023-05-27T16:51:38.583+0000] {dagbag.py:532} INFO - Filling up the DagBag from /home/airflow/.local/lib/python3.7/site-packages/airflow/example_dags/example_trigger_controller_dag.py
[2023-05-27T16:51:38.595+0000] {processor.py:753} INFO - DAG(s) dict_keys(['example_trigger_controller_dag']) retrieved from /home/airflow/.local/lib/python3.7/site-packages/airflow/example_dags/example_trigger_controller_dag.py
[2023-05-27T16:51:38.621+0000] {logging_mixin.py:137} INFO - [2023-05-27T16:51:38.621+0000] {dag.py:2705} INFO - Sync 1 DAGs
[2023-05-27T16:51:38.642+0000] {logging_mixin.py:137} INFO - [2023-05-27T16:51:38.642+0000] {dag.py:3456} INFO - Setting next_dagrun for example_trigger_controller_dag to 2021-01-01T00:00:00+00:00, run_after=2021-01-01T00:00:00+00:00
[2023-05-27T16:51:38.656+0000] {processor.py:175} INFO - Processing /home/airflow/.local/lib/python3.7/site-packages/airflow/example_dags/example_trigger_controller_dag.py took 0.079 seconds
[2023-05-27T16:52:08.803+0000] {processor.py:153} INFO - Started process (PID=1264) to work on /home/airflow/.local/lib/python3.7/site-packages/airflow/example_dags/example_trigger_controller_dag.py
[2023-05-27T16:52:08.804+0000] {processor.py:743} INFO - Processing file /home/airflow/.local/lib/python3.7/site-packages/airflow/example_dags/example_trigger_controller_dag.py for tasks to queue
[2023-05-27T16:52:08.805+0000] {logging_mixin.py:137} INFO - [2023-05-27T16:52:08.805+0000] {dagbag.py:532} INFO - Filling up the DagBag from /home/airflow/.local/lib/python3.7/site-packages/airflow/example_dags/example_trigger_controller_dag.py
[2023-05-27T16:52:08.816+0000] {processor.py:753} INFO - DAG(s) dict_keys(['example_trigger_controller_dag']) retrieved from /home/airflow/.local/lib/python3.7/site-packages/airflow/example_dags/example_trigger_controller_dag.py
[2023-05-27T16:52:08.848+0000] {logging_mixin.py:137} INFO - [2023-05-27T16:52:08.848+0000] {dag.py:2705} INFO - Sync 1 DAGs
[2023-05-27T16:52:08.874+0000] {logging_mixin.py:137} INFO - [2023-05-27T16:52:08.873+0000] {dag.py:3456} INFO - Setting next_dagrun for example_trigger_controller_dag to 2021-01-01T00:00:00+00:00, run_after=2021-01-01T00:00:00+00:00
[2023-05-27T16:52:08.889+0000] {processor.py:175} INFO - Processing /home/airflow/.local/lib/python3.7/site-packages/airflow/example_dags/example_trigger_controller_dag.py took 0.089 seconds
[2023-05-27T16:52:39.695+0000] {processor.py:153} INFO - Started process (PID=1321) to work on /home/airflow/.local/lib/python3.7/site-packages/airflow/example_dags/example_trigger_controller_dag.py
[2023-05-27T16:52:39.697+0000] {processor.py:743} INFO - Processing file /home/airflow/.local/lib/python3.7/site-packages/airflow/example_dags/example_trigger_controller_dag.py for tasks to queue
[2023-05-27T16:52:39.698+0000] {logging_mixin.py:137} INFO - [2023-05-27T16:52:39.698+0000] {dagbag.py:532} INFO - Filling up the DagBag from /home/airflow/.local/lib/python3.7/site-packages/airflow/example_dags/example_trigger_controller_dag.py
[2023-05-27T16:52:39.710+0000] {processor.py:753} INFO - DAG(s) dict_keys(['example_trigger_controller_dag']) retrieved from /home/airflow/.local/lib/python3.7/site-packages/airflow/example_dags/example_trigger_controller_dag.py
[2023-05-27T16:52:39.737+0000] {logging_mixin.py:137} INFO - [2023-05-27T16:52:39.737+0000] {dag.py:2705} INFO - Sync 1 DAGs
[2023-05-27T16:52:39.766+0000] {logging_mixin.py:137} INFO - [2023-05-27T16:52:39.766+0000] {dag.py:3456} INFO - Setting next_dagrun for example_trigger_controller_dag to 2021-01-01T00:00:00+00:00, run_after=2021-01-01T00:00:00+00:00
[2023-05-27T16:52:39.782+0000] {processor.py:175} INFO - Processing /home/airflow/.local/lib/python3.7/site-packages/airflow/example_dags/example_trigger_controller_dag.py took 0.090 seconds
[2023-05-27T16:53:10.029+0000] {processor.py:153} INFO - Started process (PID=1378) to work on /home/airflow/.local/lib/python3.7/site-packages/airflow/example_dags/example_trigger_controller_dag.py
[2023-05-27T16:53:10.031+0000] {processor.py:743} INFO - Processing file /home/airflow/.local/lib/python3.7/site-packages/airflow/example_dags/example_trigger_controller_dag.py for tasks to queue
[2023-05-27T16:53:10.031+0000] {logging_mixin.py:137} INFO - [2023-05-27T16:53:10.031+0000] {dagbag.py:532} INFO - Filling up the DagBag from /home/airflow/.local/lib/python3.7/site-packages/airflow/example_dags/example_trigger_controller_dag.py
[2023-05-27T16:53:10.043+0000] {processor.py:753} INFO - DAG(s) dict_keys(['example_trigger_controller_dag']) retrieved from /home/airflow/.local/lib/python3.7/site-packages/airflow/example_dags/example_trigger_controller_dag.py
[2023-05-27T16:53:10.071+0000] {logging_mixin.py:137} INFO - [2023-05-27T16:53:10.071+0000] {dag.py:2705} INFO - Sync 1 DAGs
[2023-05-27T16:53:10.102+0000] {logging_mixin.py:137} INFO - [2023-05-27T16:53:10.102+0000] {dag.py:3456} INFO - Setting next_dagrun for example_trigger_controller_dag to 2021-01-01T00:00:00+00:00, run_after=2021-01-01T00:00:00+00:00
[2023-05-27T16:53:10.118+0000] {processor.py:175} INFO - Processing /home/airflow/.local/lib/python3.7/site-packages/airflow/example_dags/example_trigger_controller_dag.py took 0.093 seconds
[2023-05-27T16:53:40.224+0000] {processor.py:153} INFO - Started process (PID=1435) to work on /home/airflow/.local/lib/python3.7/site-packages/airflow/example_dags/example_trigger_controller_dag.py
[2023-05-27T16:53:40.225+0000] {processor.py:743} INFO - Processing file /home/airflow/.local/lib/python3.7/site-packages/airflow/example_dags/example_trigger_controller_dag.py for tasks to queue
[2023-05-27T16:53:40.226+0000] {logging_mixin.py:137} INFO - [2023-05-27T16:53:40.226+0000] {dagbag.py:532} INFO - Filling up the DagBag from /home/airflow/.local/lib/python3.7/site-packages/airflow/example_dags/example_trigger_controller_dag.py
[2023-05-27T16:53:40.242+0000] {processor.py:753} INFO - DAG(s) dict_keys(['example_trigger_controller_dag']) retrieved from /home/airflow/.local/lib/python3.7/site-packages/airflow/example_dags/example_trigger_controller_dag.py
[2023-05-27T16:53:40.273+0000] {logging_mixin.py:137} INFO - [2023-05-27T16:53:40.273+0000] {dag.py:2705} INFO - Sync 1 DAGs
[2023-05-27T16:53:40.298+0000] {logging_mixin.py:137} INFO - [2023-05-27T16:53:40.298+0000] {dag.py:3456} INFO - Setting next_dagrun for example_trigger_controller_dag to 2021-01-01T00:00:00+00:00, run_after=2021-01-01T00:00:00+00:00
[2023-05-27T16:53:40.316+0000] {processor.py:175} INFO - Processing /home/airflow/.local/lib/python3.7/site-packages/airflow/example_dags/example_trigger_controller_dag.py took 0.096 seconds
[2023-05-27T16:54:10.494+0000] {processor.py:153} INFO - Started process (PID=1492) to work on /home/airflow/.local/lib/python3.7/site-packages/airflow/example_dags/example_trigger_controller_dag.py
[2023-05-27T16:54:10.495+0000] {processor.py:743} INFO - Processing file /home/airflow/.local/lib/python3.7/site-packages/airflow/example_dags/example_trigger_controller_dag.py for tasks to queue
[2023-05-27T16:54:10.497+0000] {logging_mixin.py:137} INFO - [2023-05-27T16:54:10.497+0000] {dagbag.py:532} INFO - Filling up the DagBag from /home/airflow/.local/lib/python3.7/site-packages/airflow/example_dags/example_trigger_controller_dag.py
[2023-05-27T16:54:10.514+0000] {processor.py:753} INFO - DAG(s) dict_keys(['example_trigger_controller_dag']) retrieved from /home/airflow/.local/lib/python3.7/site-packages/airflow/example_dags/example_trigger_controller_dag.py
[2023-05-27T16:54:10.544+0000] {logging_mixin.py:137} INFO - [2023-05-27T16:54:10.544+0000] {dag.py:2705} INFO - Sync 1 DAGs
[2023-05-27T16:54:10.567+0000] {logging_mixin.py:137} INFO - [2023-05-27T16:54:10.567+0000] {dag.py:3456} INFO - Setting next_dagrun for example_trigger_controller_dag to 2021-01-01T00:00:00+00:00, run_after=2021-01-01T00:00:00+00:00
[2023-05-27T16:54:10.582+0000] {processor.py:175} INFO - Processing /home/airflow/.local/lib/python3.7/site-packages/airflow/example_dags/example_trigger_controller_dag.py took 0.095 seconds
[2023-05-27T16:54:40.867+0000] {processor.py:153} INFO - Started process (PID=1549) to work on /home/airflow/.local/lib/python3.7/site-packages/airflow/example_dags/example_trigger_controller_dag.py
[2023-05-27T16:54:40.868+0000] {processor.py:743} INFO - Processing file /home/airflow/.local/lib/python3.7/site-packages/airflow/example_dags/example_trigger_controller_dag.py for tasks to queue
[2023-05-27T16:54:40.869+0000] {logging_mixin.py:137} INFO - [2023-05-27T16:54:40.869+0000] {dagbag.py:532} INFO - Filling up the DagBag from /home/airflow/.local/lib/python3.7/site-packages/airflow/example_dags/example_trigger_controller_dag.py
[2023-05-27T16:54:40.882+0000] {processor.py:753} INFO - DAG(s) dict_keys(['example_trigger_controller_dag']) retrieved from /home/airflow/.local/lib/python3.7/site-packages/airflow/example_dags/example_trigger_controller_dag.py
[2023-05-27T16:54:40.909+0000] {logging_mixin.py:137} INFO - [2023-05-27T16:54:40.909+0000] {dag.py:2705} INFO - Sync 1 DAGs
[2023-05-27T16:54:40.931+0000] {logging_mixin.py:137} INFO - [2023-05-27T16:54:40.931+0000] {dag.py:3456} INFO - Setting next_dagrun for example_trigger_controller_dag to 2021-01-01T00:00:00+00:00, run_after=2021-01-01T00:00:00+00:00
[2023-05-27T16:54:40.949+0000] {processor.py:175} INFO - Processing /home/airflow/.local/lib/python3.7/site-packages/airflow/example_dags/example_trigger_controller_dag.py took 0.084 seconds
[2023-05-27T16:55:11.033+0000] {processor.py:153} INFO - Started process (PID=1606) to work on /home/airflow/.local/lib/python3.7/site-packages/airflow/example_dags/example_trigger_controller_dag.py
[2023-05-27T16:55:11.034+0000] {processor.py:743} INFO - Processing file /home/airflow/.local/lib/python3.7/site-packages/airflow/example_dags/example_trigger_controller_dag.py for tasks to queue
[2023-05-27T16:55:11.035+0000] {logging_mixin.py:137} INFO - [2023-05-27T16:55:11.035+0000] {dagbag.py:532} INFO - Filling up the DagBag from /home/airflow/.local/lib/python3.7/site-packages/airflow/example_dags/example_trigger_controller_dag.py
[2023-05-27T16:55:11.048+0000] {processor.py:753} INFO - DAG(s) dict_keys(['example_trigger_controller_dag']) retrieved from /home/airflow/.local/lib/python3.7/site-packages/airflow/example_dags/example_trigger_controller_dag.py
[2023-05-27T16:55:11.076+0000] {logging_mixin.py:137} INFO - [2023-05-27T16:55:11.076+0000] {dag.py:2705} INFO - Sync 1 DAGs
[2023-05-27T16:55:11.099+0000] {logging_mixin.py:137} INFO - [2023-05-27T16:55:11.098+0000] {dag.py:3456} INFO - Setting next_dagrun for example_trigger_controller_dag to 2021-01-01T00:00:00+00:00, run_after=2021-01-01T00:00:00+00:00
[2023-05-27T16:55:11.113+0000] {processor.py:175} INFO - Processing /home/airflow/.local/lib/python3.7/site-packages/airflow/example_dags/example_trigger_controller_dag.py took 0.084 seconds
[2023-05-27T16:55:41.881+0000] {processor.py:153} INFO - Started process (PID=1663) to work on /home/airflow/.local/lib/python3.7/site-packages/airflow/example_dags/example_trigger_controller_dag.py
[2023-05-27T16:55:41.882+0000] {processor.py:743} INFO - Processing file /home/airflow/.local/lib/python3.7/site-packages/airflow/example_dags/example_trigger_controller_dag.py for tasks to queue
[2023-05-27T16:55:41.883+0000] {logging_mixin.py:137} INFO - [2023-05-27T16:55:41.883+0000] {dagbag.py:532} INFO - Filling up the DagBag from /home/airflow/.local/lib/python3.7/site-packages/airflow/example_dags/example_trigger_controller_dag.py
[2023-05-27T16:55:41.895+0000] {processor.py:753} INFO - DAG(s) dict_keys(['example_trigger_controller_dag']) retrieved from /home/airflow/.local/lib/python3.7/site-packages/airflow/example_dags/example_trigger_controller_dag.py
[2023-05-27T16:55:41.923+0000] {logging_mixin.py:137} INFO - [2023-05-27T16:55:41.923+0000] {dag.py:2705} INFO - Sync 1 DAGs
[2023-05-27T16:55:41.946+0000] {logging_mixin.py:137} INFO - [2023-05-27T16:55:41.946+0000] {dag.py:3456} INFO - Setting next_dagrun for example_trigger_controller_dag to 2021-01-01T00:00:00+00:00, run_after=2021-01-01T00:00:00+00:00
[2023-05-27T16:55:41.962+0000] {processor.py:175} INFO - Processing /home/airflow/.local/lib/python3.7/site-packages/airflow/example_dags/example_trigger_controller_dag.py took 0.085 seconds
[2023-05-27T16:56:12.105+0000] {processor.py:153} INFO - Started process (PID=1720) to work on /home/airflow/.local/lib/python3.7/site-packages/airflow/example_dags/example_trigger_controller_dag.py
[2023-05-27T16:56:12.107+0000] {processor.py:743} INFO - Processing file /home/airflow/.local/lib/python3.7/site-packages/airflow/example_dags/example_trigger_controller_dag.py for tasks to queue
[2023-05-27T16:56:12.108+0000] {logging_mixin.py:137} INFO - [2023-05-27T16:56:12.108+0000] {dagbag.py:532} INFO - Filling up the DagBag from /home/airflow/.local/lib/python3.7/site-packages/airflow/example_dags/example_trigger_controller_dag.py
[2023-05-27T16:56:12.121+0000] {processor.py:753} INFO - DAG(s) dict_keys(['example_trigger_controller_dag']) retrieved from /home/airflow/.local/lib/python3.7/site-packages/airflow/example_dags/example_trigger_controller_dag.py
[2023-05-27T16:56:12.151+0000] {logging_mixin.py:137} INFO - [2023-05-27T16:56:12.151+0000] {dag.py:2705} INFO - Sync 1 DAGs
[2023-05-27T16:56:12.173+0000] {logging_mixin.py:137} INFO - [2023-05-27T16:56:12.173+0000] {dag.py:3456} INFO - Setting next_dagrun for example_trigger_controller_dag to 2021-01-01T00:00:00+00:00, run_after=2021-01-01T00:00:00+00:00
[2023-05-27T16:56:12.187+0000] {processor.py:175} INFO - Processing /home/airflow/.local/lib/python3.7/site-packages/airflow/example_dags/example_trigger_controller_dag.py took 0.087 seconds
[2023-05-27T16:56:43.123+0000] {processor.py:153} INFO - Started process (PID=1776) to work on /home/airflow/.local/lib/python3.7/site-packages/airflow/example_dags/example_trigger_controller_dag.py
[2023-05-27T16:56:43.124+0000] {processor.py:743} INFO - Processing file /home/airflow/.local/lib/python3.7/site-packages/airflow/example_dags/example_trigger_controller_dag.py for tasks to queue
[2023-05-27T16:56:43.125+0000] {logging_mixin.py:137} INFO - [2023-05-27T16:56:43.125+0000] {dagbag.py:532} INFO - Filling up the DagBag from /home/airflow/.local/lib/python3.7/site-packages/airflow/example_dags/example_trigger_controller_dag.py
[2023-05-27T16:56:43.137+0000] {processor.py:753} INFO - DAG(s) dict_keys(['example_trigger_controller_dag']) retrieved from /home/airflow/.local/lib/python3.7/site-packages/airflow/example_dags/example_trigger_controller_dag.py
[2023-05-27T16:56:43.162+0000] {logging_mixin.py:137} INFO - [2023-05-27T16:56:43.162+0000] {dag.py:2705} INFO - Sync 1 DAGs
[2023-05-27T16:56:43.183+0000] {logging_mixin.py:137} INFO - [2023-05-27T16:56:43.183+0000] {dag.py:3456} INFO - Setting next_dagrun for example_trigger_controller_dag to 2021-01-01T00:00:00+00:00, run_after=2021-01-01T00:00:00+00:00
[2023-05-27T16:56:43.197+0000] {processor.py:175} INFO - Processing /home/airflow/.local/lib/python3.7/site-packages/airflow/example_dags/example_trigger_controller_dag.py took 0.078 seconds
[2023-05-27T16:57:13.960+0000] {processor.py:153} INFO - Started process (PID=1840) to work on /home/airflow/.local/lib/python3.7/site-packages/airflow/example_dags/example_trigger_controller_dag.py
[2023-05-27T16:57:13.962+0000] {processor.py:743} INFO - Processing file /home/airflow/.local/lib/python3.7/site-packages/airflow/example_dags/example_trigger_controller_dag.py for tasks to queue
[2023-05-27T16:57:13.963+0000] {logging_mixin.py:137} INFO - [2023-05-27T16:57:13.962+0000] {dagbag.py:532} INFO - Filling up the DagBag from /home/airflow/.local/lib/python3.7/site-packages/airflow/example_dags/example_trigger_controller_dag.py
[2023-05-27T16:57:13.974+0000] {processor.py:753} INFO - DAG(s) dict_keys(['example_trigger_controller_dag']) retrieved from /home/airflow/.local/lib/python3.7/site-packages/airflow/example_dags/example_trigger_controller_dag.py
[2023-05-27T16:57:14.001+0000] {logging_mixin.py:137} INFO - [2023-05-27T16:57:14.001+0000] {dag.py:2705} INFO - Sync 1 DAGs
[2023-05-27T16:57:14.022+0000] {logging_mixin.py:137} INFO - [2023-05-27T16:57:14.022+0000] {dag.py:3456} INFO - Setting next_dagrun for example_trigger_controller_dag to 2021-01-01T00:00:00+00:00, run_after=2021-01-01T00:00:00+00:00
[2023-05-27T16:57:14.037+0000] {processor.py:175} INFO - Processing /home/airflow/.local/lib/python3.7/site-packages/airflow/example_dags/example_trigger_controller_dag.py took 0.080 seconds
[2023-05-27T16:57:46.976+0000] {processor.py:153} INFO - Started process (PID=1897) to work on /home/airflow/.local/lib/python3.7/site-packages/airflow/example_dags/example_trigger_controller_dag.py
[2023-05-27T16:57:46.981+0000] {processor.py:743} INFO - Processing file /home/airflow/.local/lib/python3.7/site-packages/airflow/example_dags/example_trigger_controller_dag.py for tasks to queue
[2023-05-27T16:57:46.987+0000] {logging_mixin.py:137} INFO - [2023-05-27T16:57:46.987+0000] {dagbag.py:532} INFO - Filling up the DagBag from /home/airflow/.local/lib/python3.7/site-packages/airflow/example_dags/example_trigger_controller_dag.py
[2023-05-27T16:57:47.020+0000] {processor.py:753} INFO - DAG(s) dict_keys(['example_trigger_controller_dag']) retrieved from /home/airflow/.local/lib/python3.7/site-packages/airflow/example_dags/example_trigger_controller_dag.py
[2023-05-27T16:57:47.160+0000] {logging_mixin.py:137} INFO - [2023-05-27T16:57:47.159+0000] {dag.py:2705} INFO - Sync 1 DAGs
[2023-05-27T16:57:47.231+0000] {logging_mixin.py:137} INFO - [2023-05-27T16:57:47.231+0000] {dag.py:3456} INFO - Setting next_dagrun for example_trigger_controller_dag to 2021-01-01T00:00:00+00:00, run_after=2021-01-01T00:00:00+00:00
[2023-05-27T16:57:47.285+0000] {processor.py:175} INFO - Processing /home/airflow/.local/lib/python3.7/site-packages/airflow/example_dags/example_trigger_controller_dag.py took 0.314 seconds
[2023-05-27T16:58:18.202+0000] {processor.py:153} INFO - Started process (PID=1954) to work on /home/airflow/.local/lib/python3.7/site-packages/airflow/example_dags/example_trigger_controller_dag.py
[2023-05-27T16:58:18.204+0000] {processor.py:743} INFO - Processing file /home/airflow/.local/lib/python3.7/site-packages/airflow/example_dags/example_trigger_controller_dag.py for tasks to queue
[2023-05-27T16:58:18.205+0000] {logging_mixin.py:137} INFO - [2023-05-27T16:58:18.205+0000] {dagbag.py:532} INFO - Filling up the DagBag from /home/airflow/.local/lib/python3.7/site-packages/airflow/example_dags/example_trigger_controller_dag.py
[2023-05-27T16:58:18.221+0000] {processor.py:753} INFO - DAG(s) dict_keys(['example_trigger_controller_dag']) retrieved from /home/airflow/.local/lib/python3.7/site-packages/airflow/example_dags/example_trigger_controller_dag.py
[2023-05-27T16:58:18.254+0000] {logging_mixin.py:137} INFO - [2023-05-27T16:58:18.254+0000] {dag.py:2705} INFO - Sync 1 DAGs
[2023-05-27T16:58:18.280+0000] {logging_mixin.py:137} INFO - [2023-05-27T16:58:18.280+0000] {dag.py:3456} INFO - Setting next_dagrun for example_trigger_controller_dag to 2021-01-01T00:00:00+00:00, run_after=2021-01-01T00:00:00+00:00
[2023-05-27T16:58:18.295+0000] {processor.py:175} INFO - Processing /home/airflow/.local/lib/python3.7/site-packages/airflow/example_dags/example_trigger_controller_dag.py took 0.098 seconds
[2023-05-27T16:58:48.811+0000] {processor.py:153} INFO - Started process (PID=2011) to work on /home/airflow/.local/lib/python3.7/site-packages/airflow/example_dags/example_trigger_controller_dag.py
[2023-05-27T16:58:48.814+0000] {processor.py:743} INFO - Processing file /home/airflow/.local/lib/python3.7/site-packages/airflow/example_dags/example_trigger_controller_dag.py for tasks to queue
[2023-05-27T16:58:48.815+0000] {logging_mixin.py:137} INFO - [2023-05-27T16:58:48.815+0000] {dagbag.py:532} INFO - Filling up the DagBag from /home/airflow/.local/lib/python3.7/site-packages/airflow/example_dags/example_trigger_controller_dag.py
[2023-05-27T16:58:48.829+0000] {processor.py:753} INFO - DAG(s) dict_keys(['example_trigger_controller_dag']) retrieved from /home/airflow/.local/lib/python3.7/site-packages/airflow/example_dags/example_trigger_controller_dag.py
[2023-05-27T16:58:48.855+0000] {logging_mixin.py:137} INFO - [2023-05-27T16:58:48.855+0000] {dag.py:2705} INFO - Sync 1 DAGs
[2023-05-27T16:58:48.876+0000] {logging_mixin.py:137} INFO - [2023-05-27T16:58:48.876+0000] {dag.py:3456} INFO - Setting next_dagrun for example_trigger_controller_dag to 2021-01-01T00:00:00+00:00, run_after=2021-01-01T00:00:00+00:00
[2023-05-27T16:58:48.891+0000] {processor.py:175} INFO - Processing /home/airflow/.local/lib/python3.7/site-packages/airflow/example_dags/example_trigger_controller_dag.py took 0.085 seconds
[2023-05-27T16:59:19.591+0000] {processor.py:153} INFO - Started process (PID=2068) to work on /home/airflow/.local/lib/python3.7/site-packages/airflow/example_dags/example_trigger_controller_dag.py
[2023-05-27T16:59:19.593+0000] {processor.py:743} INFO - Processing file /home/airflow/.local/lib/python3.7/site-packages/airflow/example_dags/example_trigger_controller_dag.py for tasks to queue
[2023-05-27T16:59:19.594+0000] {logging_mixin.py:137} INFO - [2023-05-27T16:59:19.594+0000] {dagbag.py:532} INFO - Filling up the DagBag from /home/airflow/.local/lib/python3.7/site-packages/airflow/example_dags/example_trigger_controller_dag.py
[2023-05-27T16:59:19.606+0000] {processor.py:753} INFO - DAG(s) dict_keys(['example_trigger_controller_dag']) retrieved from /home/airflow/.local/lib/python3.7/site-packages/airflow/example_dags/example_trigger_controller_dag.py
[2023-05-27T16:59:19.634+0000] {logging_mixin.py:137} INFO - [2023-05-27T16:59:19.634+0000] {dag.py:2705} INFO - Sync 1 DAGs
[2023-05-27T16:59:19.656+0000] {logging_mixin.py:137} INFO - [2023-05-27T16:59:19.656+0000] {dag.py:3456} INFO - Setting next_dagrun for example_trigger_controller_dag to 2021-01-01T00:00:00+00:00, run_after=2021-01-01T00:00:00+00:00
[2023-05-27T16:59:19.671+0000] {processor.py:175} INFO - Processing /home/airflow/.local/lib/python3.7/site-packages/airflow/example_dags/example_trigger_controller_dag.py took 0.084 seconds
[2023-05-27T16:59:50.490+0000] {processor.py:153} INFO - Started process (PID=2125) to work on /home/airflow/.local/lib/python3.7/site-packages/airflow/example_dags/example_trigger_controller_dag.py
[2023-05-27T16:59:50.493+0000] {processor.py:743} INFO - Processing file /home/airflow/.local/lib/python3.7/site-packages/airflow/example_dags/example_trigger_controller_dag.py for tasks to queue
[2023-05-27T16:59:50.496+0000] {logging_mixin.py:137} INFO - [2023-05-27T16:59:50.496+0000] {dagbag.py:532} INFO - Filling up the DagBag from /home/airflow/.local/lib/python3.7/site-packages/airflow/example_dags/example_trigger_controller_dag.py
[2023-05-27T16:59:50.523+0000] {processor.py:753} INFO - DAG(s) dict_keys(['example_trigger_controller_dag']) retrieved from /home/airflow/.local/lib/python3.7/site-packages/airflow/example_dags/example_trigger_controller_dag.py
[2023-05-27T16:59:50.581+0000] {logging_mixin.py:137} INFO - [2023-05-27T16:59:50.581+0000] {dag.py:2705} INFO - Sync 1 DAGs
[2023-05-27T16:59:50.631+0000] {logging_mixin.py:137} INFO - [2023-05-27T16:59:50.630+0000] {dag.py:3456} INFO - Setting next_dagrun for example_trigger_controller_dag to 2021-01-01T00:00:00+00:00, run_after=2021-01-01T00:00:00+00:00
[2023-05-27T16:59:50.683+0000] {processor.py:175} INFO - Processing /home/airflow/.local/lib/python3.7/site-packages/airflow/example_dags/example_trigger_controller_dag.py took 0.206 seconds
[2023-05-27T17:00:21.351+0000] {processor.py:153} INFO - Started process (PID=2182) to work on /home/airflow/.local/lib/python3.7/site-packages/airflow/example_dags/example_trigger_controller_dag.py
[2023-05-27T17:00:21.356+0000] {processor.py:743} INFO - Processing file /home/airflow/.local/lib/python3.7/site-packages/airflow/example_dags/example_trigger_controller_dag.py for tasks to queue
[2023-05-27T17:00:21.358+0000] {logging_mixin.py:137} INFO - [2023-05-27T17:00:21.358+0000] {dagbag.py:532} INFO - Filling up the DagBag from /home/airflow/.local/lib/python3.7/site-packages/airflow/example_dags/example_trigger_controller_dag.py
[2023-05-27T17:00:21.381+0000] {processor.py:753} INFO - DAG(s) dict_keys(['example_trigger_controller_dag']) retrieved from /home/airflow/.local/lib/python3.7/site-packages/airflow/example_dags/example_trigger_controller_dag.py
[2023-05-27T17:00:21.446+0000] {logging_mixin.py:137} INFO - [2023-05-27T17:00:21.446+0000] {dag.py:2705} INFO - Sync 1 DAGs
[2023-05-27T17:00:21.481+0000] {logging_mixin.py:137} INFO - [2023-05-27T17:00:21.481+0000] {dag.py:3456} INFO - Setting next_dagrun for example_trigger_controller_dag to 2021-01-01T00:00:00+00:00, run_after=2021-01-01T00:00:00+00:00
[2023-05-27T17:00:21.498+0000] {processor.py:175} INFO - Processing /home/airflow/.local/lib/python3.7/site-packages/airflow/example_dags/example_trigger_controller_dag.py took 0.161 seconds
[2023-05-27T17:00:52.510+0000] {processor.py:153} INFO - Started process (PID=2239) to work on /home/airflow/.local/lib/python3.7/site-packages/airflow/example_dags/example_trigger_controller_dag.py
[2023-05-27T17:00:52.511+0000] {processor.py:743} INFO - Processing file /home/airflow/.local/lib/python3.7/site-packages/airflow/example_dags/example_trigger_controller_dag.py for tasks to queue
[2023-05-27T17:00:52.513+0000] {logging_mixin.py:137} INFO - [2023-05-27T17:00:52.513+0000] {dagbag.py:532} INFO - Filling up the DagBag from /home/airflow/.local/lib/python3.7/site-packages/airflow/example_dags/example_trigger_controller_dag.py
[2023-05-27T17:00:52.544+0000] {processor.py:753} INFO - DAG(s) dict_keys(['example_trigger_controller_dag']) retrieved from /home/airflow/.local/lib/python3.7/site-packages/airflow/example_dags/example_trigger_controller_dag.py
[2023-05-27T17:00:52.586+0000] {logging_mixin.py:137} INFO - [2023-05-27T17:00:52.586+0000] {dag.py:2705} INFO - Sync 1 DAGs
[2023-05-27T17:00:52.615+0000] {logging_mixin.py:137} INFO - [2023-05-27T17:00:52.615+0000] {dag.py:3456} INFO - Setting next_dagrun for example_trigger_controller_dag to 2021-01-01T00:00:00+00:00, run_after=2021-01-01T00:00:00+00:00
[2023-05-27T17:00:52.654+0000] {processor.py:175} INFO - Processing /home/airflow/.local/lib/python3.7/site-packages/airflow/example_dags/example_trigger_controller_dag.py took 0.150 seconds
