[2023-05-27T16:41:23.957+0000] {processor.py:153} INFO - Started process (PID=52) to work on /home/airflow/.local/lib/python3.7/site-packages/airflow/example_dags/example_xcom.py
[2023-05-27T16:41:23.960+0000] {processor.py:743} INFO - Processing file /home/airflow/.local/lib/python3.7/site-packages/airflow/example_dags/example_xcom.py for tasks to queue
[2023-05-27T16:41:23.962+0000] {logging_mixin.py:137} INFO - [2023-05-27T16:41:23.962+0000] {dagbag.py:532} INFO - Filling up the DagBag from /home/airflow/.local/lib/python3.7/site-packages/airflow/example_dags/example_xcom.py
[2023-05-27T16:41:24.009+0000] {processor.py:753} INFO - DAG(s) dict_keys(['example_xcom']) retrieved from /home/airflow/.local/lib/python3.7/site-packages/airflow/example_dags/example_xcom.py
[2023-05-27T16:41:24.059+0000] {logging_mixin.py:137} INFO - [2023-05-27T16:41:24.059+0000] {dag.py:2705} INFO - Sync 1 DAGs
[2023-05-27T16:41:24.114+0000] {logging_mixin.py:137} INFO - [2023-05-27T16:41:24.114+0000] {dag.py:3456} INFO - Setting next_dagrun for example_xcom to 2021-01-01T00:00:00+00:00, run_after=2021-01-01T00:00:00+00:00
[2023-05-27T16:41:24.151+0000] {processor.py:175} INFO - Processing /home/airflow/.local/lib/python3.7/site-packages/airflow/example_dags/example_xcom.py took 0.200 seconds
[2023-05-27T16:41:54.262+0000] {processor.py:153} INFO - Started process (PID=109) to work on /home/airflow/.local/lib/python3.7/site-packages/airflow/example_dags/example_xcom.py
[2023-05-27T16:41:54.263+0000] {processor.py:743} INFO - Processing file /home/airflow/.local/lib/python3.7/site-packages/airflow/example_dags/example_xcom.py for tasks to queue
[2023-05-27T16:41:54.264+0000] {logging_mixin.py:137} INFO - [2023-05-27T16:41:54.264+0000] {dagbag.py:532} INFO - Filling up the DagBag from /home/airflow/.local/lib/python3.7/site-packages/airflow/example_dags/example_xcom.py
[2023-05-27T16:41:54.288+0000] {processor.py:753} INFO - DAG(s) dict_keys(['example_xcom']) retrieved from /home/airflow/.local/lib/python3.7/site-packages/airflow/example_dags/example_xcom.py
[2023-05-27T16:41:54.323+0000] {logging_mixin.py:137} INFO - [2023-05-27T16:41:54.323+0000] {dag.py:2705} INFO - Sync 1 DAGs
[2023-05-27T16:41:54.350+0000] {logging_mixin.py:137} INFO - [2023-05-27T16:41:54.349+0000] {dag.py:3456} INFO - Setting next_dagrun for example_xcom to 2021-01-01T00:00:00+00:00, run_after=2021-01-01T00:00:00+00:00
[2023-05-27T16:41:54.367+0000] {processor.py:175} INFO - Processing /home/airflow/.local/lib/python3.7/site-packages/airflow/example_dags/example_xcom.py took 0.110 seconds
[2023-05-27T16:42:25.219+0000] {processor.py:153} INFO - Started process (PID=166) to work on /home/airflow/.local/lib/python3.7/site-packages/airflow/example_dags/example_xcom.py
[2023-05-27T16:42:25.220+0000] {processor.py:743} INFO - Processing file /home/airflow/.local/lib/python3.7/site-packages/airflow/example_dags/example_xcom.py for tasks to queue
[2023-05-27T16:42:25.221+0000] {logging_mixin.py:137} INFO - [2023-05-27T16:42:25.221+0000] {dagbag.py:532} INFO - Filling up the DagBag from /home/airflow/.local/lib/python3.7/site-packages/airflow/example_dags/example_xcom.py
[2023-05-27T16:42:25.243+0000] {processor.py:753} INFO - DAG(s) dict_keys(['example_xcom']) retrieved from /home/airflow/.local/lib/python3.7/site-packages/airflow/example_dags/example_xcom.py
[2023-05-27T16:42:25.269+0000] {logging_mixin.py:137} INFO - [2023-05-27T16:42:25.269+0000] {dag.py:2705} INFO - Sync 1 DAGs
[2023-05-27T16:42:25.289+0000] {logging_mixin.py:137} INFO - [2023-05-27T16:42:25.289+0000] {dag.py:3456} INFO - Setting next_dagrun for example_xcom to 2021-01-01T00:00:00+00:00, run_after=2021-01-01T00:00:00+00:00
[2023-05-27T16:42:25.303+0000] {processor.py:175} INFO - Processing /home/airflow/.local/lib/python3.7/site-packages/airflow/example_dags/example_xcom.py took 0.087 seconds
[2023-05-27T16:42:55.633+0000] {processor.py:153} INFO - Started process (PID=223) to work on /home/airflow/.local/lib/python3.7/site-packages/airflow/example_dags/example_xcom.py
[2023-05-27T16:42:55.634+0000] {processor.py:743} INFO - Processing file /home/airflow/.local/lib/python3.7/site-packages/airflow/example_dags/example_xcom.py for tasks to queue
[2023-05-27T16:42:55.636+0000] {logging_mixin.py:137} INFO - [2023-05-27T16:42:55.636+0000] {dagbag.py:532} INFO - Filling up the DagBag from /home/airflow/.local/lib/python3.7/site-packages/airflow/example_dags/example_xcom.py
[2023-05-27T16:42:55.663+0000] {processor.py:753} INFO - DAG(s) dict_keys(['example_xcom']) retrieved from /home/airflow/.local/lib/python3.7/site-packages/airflow/example_dags/example_xcom.py
[2023-05-27T16:42:55.694+0000] {logging_mixin.py:137} INFO - [2023-05-27T16:42:55.694+0000] {dag.py:2705} INFO - Sync 1 DAGs
[2023-05-27T16:42:55.719+0000] {logging_mixin.py:137} INFO - [2023-05-27T16:42:55.719+0000] {dag.py:3456} INFO - Setting next_dagrun for example_xcom to 2021-01-01T00:00:00+00:00, run_after=2021-01-01T00:00:00+00:00
[2023-05-27T16:42:55.734+0000] {processor.py:175} INFO - Processing /home/airflow/.local/lib/python3.7/site-packages/airflow/example_dags/example_xcom.py took 0.106 seconds
[2023-05-27T16:43:26.251+0000] {processor.py:153} INFO - Started process (PID=281) to work on /home/airflow/.local/lib/python3.7/site-packages/airflow/example_dags/example_xcom.py
[2023-05-27T16:43:26.254+0000] {processor.py:743} INFO - Processing file /home/airflow/.local/lib/python3.7/site-packages/airflow/example_dags/example_xcom.py for tasks to queue
[2023-05-27T16:43:26.256+0000] {logging_mixin.py:137} INFO - [2023-05-27T16:43:26.256+0000] {dagbag.py:532} INFO - Filling up the DagBag from /home/airflow/.local/lib/python3.7/site-packages/airflow/example_dags/example_xcom.py
[2023-05-27T16:43:26.279+0000] {processor.py:753} INFO - DAG(s) dict_keys(['example_xcom']) retrieved from /home/airflow/.local/lib/python3.7/site-packages/airflow/example_dags/example_xcom.py
[2023-05-27T16:43:26.319+0000] {logging_mixin.py:137} INFO - [2023-05-27T16:43:26.319+0000] {dag.py:2705} INFO - Sync 1 DAGs
[2023-05-27T16:43:26.349+0000] {logging_mixin.py:137} INFO - [2023-05-27T16:43:26.349+0000] {dag.py:3456} INFO - Setting next_dagrun for example_xcom to 2021-01-01T00:00:00+00:00, run_after=2021-01-01T00:00:00+00:00
[2023-05-27T16:43:26.400+0000] {processor.py:175} INFO - Processing /home/airflow/.local/lib/python3.7/site-packages/airflow/example_dags/example_xcom.py took 0.152 seconds
[2023-05-27T16:43:57.045+0000] {processor.py:153} INFO - Started process (PID=335) to work on /home/airflow/.local/lib/python3.7/site-packages/airflow/example_dags/example_xcom.py
[2023-05-27T16:43:57.047+0000] {processor.py:743} INFO - Processing file /home/airflow/.local/lib/python3.7/site-packages/airflow/example_dags/example_xcom.py for tasks to queue
[2023-05-27T16:43:57.048+0000] {logging_mixin.py:137} INFO - [2023-05-27T16:43:57.048+0000] {dagbag.py:532} INFO - Filling up the DagBag from /home/airflow/.local/lib/python3.7/site-packages/airflow/example_dags/example_xcom.py
[2023-05-27T16:43:57.070+0000] {processor.py:753} INFO - DAG(s) dict_keys(['example_xcom']) retrieved from /home/airflow/.local/lib/python3.7/site-packages/airflow/example_dags/example_xcom.py
[2023-05-27T16:43:57.098+0000] {logging_mixin.py:137} INFO - [2023-05-27T16:43:57.098+0000] {dag.py:2705} INFO - Sync 1 DAGs
[2023-05-27T16:43:57.118+0000] {logging_mixin.py:137} INFO - [2023-05-27T16:43:57.118+0000] {dag.py:3456} INFO - Setting next_dagrun for example_xcom to 2021-01-01T00:00:00+00:00, run_after=2021-01-01T00:00:00+00:00
[2023-05-27T16:43:57.132+0000] {processor.py:175} INFO - Processing /home/airflow/.local/lib/python3.7/site-packages/airflow/example_dags/example_xcom.py took 0.090 seconds
[2023-05-27T16:44:27.381+0000] {processor.py:153} INFO - Started process (PID=392) to work on /home/airflow/.local/lib/python3.7/site-packages/airflow/example_dags/example_xcom.py
[2023-05-27T16:44:27.382+0000] {processor.py:743} INFO - Processing file /home/airflow/.local/lib/python3.7/site-packages/airflow/example_dags/example_xcom.py for tasks to queue
[2023-05-27T16:44:27.383+0000] {logging_mixin.py:137} INFO - [2023-05-27T16:44:27.383+0000] {dagbag.py:532} INFO - Filling up the DagBag from /home/airflow/.local/lib/python3.7/site-packages/airflow/example_dags/example_xcom.py
[2023-05-27T16:44:27.406+0000] {processor.py:753} INFO - DAG(s) dict_keys(['example_xcom']) retrieved from /home/airflow/.local/lib/python3.7/site-packages/airflow/example_dags/example_xcom.py
[2023-05-27T16:44:27.433+0000] {logging_mixin.py:137} INFO - [2023-05-27T16:44:27.433+0000] {dag.py:2705} INFO - Sync 1 DAGs
[2023-05-27T16:44:27.454+0000] {logging_mixin.py:137} INFO - [2023-05-27T16:44:27.454+0000] {dag.py:3456} INFO - Setting next_dagrun for example_xcom to 2021-01-01T00:00:00+00:00, run_after=2021-01-01T00:00:00+00:00
[2023-05-27T16:44:27.468+0000] {processor.py:175} INFO - Processing /home/airflow/.local/lib/python3.7/site-packages/airflow/example_dags/example_xcom.py took 0.091 seconds
[2023-05-27T16:44:57.901+0000] {processor.py:153} INFO - Started process (PID=449) to work on /home/airflow/.local/lib/python3.7/site-packages/airflow/example_dags/example_xcom.py
[2023-05-27T16:44:57.902+0000] {processor.py:743} INFO - Processing file /home/airflow/.local/lib/python3.7/site-packages/airflow/example_dags/example_xcom.py for tasks to queue
[2023-05-27T16:44:57.903+0000] {logging_mixin.py:137} INFO - [2023-05-27T16:44:57.903+0000] {dagbag.py:532} INFO - Filling up the DagBag from /home/airflow/.local/lib/python3.7/site-packages/airflow/example_dags/example_xcom.py
[2023-05-27T16:44:57.927+0000] {processor.py:753} INFO - DAG(s) dict_keys(['example_xcom']) retrieved from /home/airflow/.local/lib/python3.7/site-packages/airflow/example_dags/example_xcom.py
[2023-05-27T16:44:57.959+0000] {logging_mixin.py:137} INFO - [2023-05-27T16:44:57.959+0000] {dag.py:2705} INFO - Sync 1 DAGs
[2023-05-27T16:44:57.989+0000] {logging_mixin.py:137} INFO - [2023-05-27T16:44:57.989+0000] {dag.py:3456} INFO - Setting next_dagrun for example_xcom to 2021-01-01T00:00:00+00:00, run_after=2021-01-01T00:00:00+00:00
[2023-05-27T16:44:58.010+0000] {processor.py:175} INFO - Processing /home/airflow/.local/lib/python3.7/site-packages/airflow/example_dags/example_xcom.py took 0.113 seconds
[2023-05-27T16:45:28.593+0000] {processor.py:153} INFO - Started process (PID=506) to work on /home/airflow/.local/lib/python3.7/site-packages/airflow/example_dags/example_xcom.py
[2023-05-27T16:45:28.595+0000] {processor.py:743} INFO - Processing file /home/airflow/.local/lib/python3.7/site-packages/airflow/example_dags/example_xcom.py for tasks to queue
[2023-05-27T16:45:28.596+0000] {logging_mixin.py:137} INFO - [2023-05-27T16:45:28.595+0000] {dagbag.py:532} INFO - Filling up the DagBag from /home/airflow/.local/lib/python3.7/site-packages/airflow/example_dags/example_xcom.py
[2023-05-27T16:45:28.617+0000] {processor.py:753} INFO - DAG(s) dict_keys(['example_xcom']) retrieved from /home/airflow/.local/lib/python3.7/site-packages/airflow/example_dags/example_xcom.py
[2023-05-27T16:45:28.644+0000] {logging_mixin.py:137} INFO - [2023-05-27T16:45:28.644+0000] {dag.py:2705} INFO - Sync 1 DAGs
[2023-05-27T16:45:28.665+0000] {logging_mixin.py:137} INFO - [2023-05-27T16:45:28.665+0000] {dag.py:3456} INFO - Setting next_dagrun for example_xcom to 2021-01-01T00:00:00+00:00, run_after=2021-01-01T00:00:00+00:00
[2023-05-27T16:45:28.679+0000] {processor.py:175} INFO - Processing /home/airflow/.local/lib/python3.7/site-packages/airflow/example_dags/example_xcom.py took 0.090 seconds
[2023-05-27T16:45:59.241+0000] {processor.py:153} INFO - Started process (PID=563) to work on /home/airflow/.local/lib/python3.7/site-packages/airflow/example_dags/example_xcom.py
[2023-05-27T16:45:59.243+0000] {processor.py:743} INFO - Processing file /home/airflow/.local/lib/python3.7/site-packages/airflow/example_dags/example_xcom.py for tasks to queue
[2023-05-27T16:45:59.244+0000] {logging_mixin.py:137} INFO - [2023-05-27T16:45:59.244+0000] {dagbag.py:532} INFO - Filling up the DagBag from /home/airflow/.local/lib/python3.7/site-packages/airflow/example_dags/example_xcom.py
[2023-05-27T16:45:59.266+0000] {processor.py:753} INFO - DAG(s) dict_keys(['example_xcom']) retrieved from /home/airflow/.local/lib/python3.7/site-packages/airflow/example_dags/example_xcom.py
[2023-05-27T16:45:59.294+0000] {logging_mixin.py:137} INFO - [2023-05-27T16:45:59.293+0000] {dag.py:2705} INFO - Sync 1 DAGs
[2023-05-27T16:45:59.314+0000] {logging_mixin.py:137} INFO - [2023-05-27T16:45:59.314+0000] {dag.py:3456} INFO - Setting next_dagrun for example_xcom to 2021-01-01T00:00:00+00:00, run_after=2021-01-01T00:00:00+00:00
[2023-05-27T16:45:59.329+0000] {processor.py:175} INFO - Processing /home/airflow/.local/lib/python3.7/site-packages/airflow/example_dags/example_xcom.py took 0.091 seconds
[2023-05-27T16:46:29.615+0000] {processor.py:153} INFO - Started process (PID=620) to work on /home/airflow/.local/lib/python3.7/site-packages/airflow/example_dags/example_xcom.py
[2023-05-27T16:46:29.617+0000] {processor.py:743} INFO - Processing file /home/airflow/.local/lib/python3.7/site-packages/airflow/example_dags/example_xcom.py for tasks to queue
[2023-05-27T16:46:29.618+0000] {logging_mixin.py:137} INFO - [2023-05-27T16:46:29.618+0000] {dagbag.py:532} INFO - Filling up the DagBag from /home/airflow/.local/lib/python3.7/site-packages/airflow/example_dags/example_xcom.py
[2023-05-27T16:46:29.640+0000] {processor.py:753} INFO - DAG(s) dict_keys(['example_xcom']) retrieved from /home/airflow/.local/lib/python3.7/site-packages/airflow/example_dags/example_xcom.py
[2023-05-27T16:46:29.667+0000] {logging_mixin.py:137} INFO - [2023-05-27T16:46:29.666+0000] {dag.py:2705} INFO - Sync 1 DAGs
[2023-05-27T16:46:29.688+0000] {logging_mixin.py:137} INFO - [2023-05-27T16:46:29.688+0000] {dag.py:3456} INFO - Setting next_dagrun for example_xcom to 2021-01-01T00:00:00+00:00, run_after=2021-01-01T00:00:00+00:00
[2023-05-27T16:46:29.706+0000] {processor.py:175} INFO - Processing /home/airflow/.local/lib/python3.7/site-packages/airflow/example_dags/example_xcom.py took 0.095 seconds
[2023-05-27T16:47:00.172+0000] {processor.py:153} INFO - Started process (PID=677) to work on /home/airflow/.local/lib/python3.7/site-packages/airflow/example_dags/example_xcom.py
[2023-05-27T16:47:00.173+0000] {processor.py:743} INFO - Processing file /home/airflow/.local/lib/python3.7/site-packages/airflow/example_dags/example_xcom.py for tasks to queue
[2023-05-27T16:47:00.174+0000] {logging_mixin.py:137} INFO - [2023-05-27T16:47:00.174+0000] {dagbag.py:532} INFO - Filling up the DagBag from /home/airflow/.local/lib/python3.7/site-packages/airflow/example_dags/example_xcom.py
[2023-05-27T16:47:00.196+0000] {processor.py:753} INFO - DAG(s) dict_keys(['example_xcom']) retrieved from /home/airflow/.local/lib/python3.7/site-packages/airflow/example_dags/example_xcom.py
[2023-05-27T16:47:00.225+0000] {logging_mixin.py:137} INFO - [2023-05-27T16:47:00.225+0000] {dag.py:2705} INFO - Sync 1 DAGs
[2023-05-27T16:47:00.247+0000] {logging_mixin.py:137} INFO - [2023-05-27T16:47:00.247+0000] {dag.py:3456} INFO - Setting next_dagrun for example_xcom to 2021-01-01T00:00:00+00:00, run_after=2021-01-01T00:00:00+00:00
[2023-05-27T16:47:00.262+0000] {processor.py:175} INFO - Processing /home/airflow/.local/lib/python3.7/site-packages/airflow/example_dags/example_xcom.py took 0.094 seconds
[2023-05-27T16:47:30.943+0000] {processor.py:153} INFO - Started process (PID=734) to work on /home/airflow/.local/lib/python3.7/site-packages/airflow/example_dags/example_xcom.py
[2023-05-27T16:47:30.945+0000] {processor.py:743} INFO - Processing file /home/airflow/.local/lib/python3.7/site-packages/airflow/example_dags/example_xcom.py for tasks to queue
[2023-05-27T16:47:30.946+0000] {logging_mixin.py:137} INFO - [2023-05-27T16:47:30.946+0000] {dagbag.py:532} INFO - Filling up the DagBag from /home/airflow/.local/lib/python3.7/site-packages/airflow/example_dags/example_xcom.py
[2023-05-27T16:47:30.981+0000] {processor.py:753} INFO - DAG(s) dict_keys(['example_xcom']) retrieved from /home/airflow/.local/lib/python3.7/site-packages/airflow/example_dags/example_xcom.py
[2023-05-27T16:47:31.010+0000] {logging_mixin.py:137} INFO - [2023-05-27T16:47:31.010+0000] {dag.py:2705} INFO - Sync 1 DAGs
[2023-05-27T16:47:31.031+0000] {logging_mixin.py:137} INFO - [2023-05-27T16:47:31.031+0000] {dag.py:3456} INFO - Setting next_dagrun for example_xcom to 2021-01-01T00:00:00+00:00, run_after=2021-01-01T00:00:00+00:00
[2023-05-27T16:47:31.045+0000] {processor.py:175} INFO - Processing /home/airflow/.local/lib/python3.7/site-packages/airflow/example_dags/example_xcom.py took 0.107 seconds
[2023-05-27T16:48:01.763+0000] {processor.py:153} INFO - Started process (PID=791) to work on /home/airflow/.local/lib/python3.7/site-packages/airflow/example_dags/example_xcom.py
[2023-05-27T16:48:01.764+0000] {processor.py:743} INFO - Processing file /home/airflow/.local/lib/python3.7/site-packages/airflow/example_dags/example_xcom.py for tasks to queue
[2023-05-27T16:48:01.765+0000] {logging_mixin.py:137} INFO - [2023-05-27T16:48:01.765+0000] {dagbag.py:532} INFO - Filling up the DagBag from /home/airflow/.local/lib/python3.7/site-packages/airflow/example_dags/example_xcom.py
[2023-05-27T16:48:01.787+0000] {processor.py:753} INFO - DAG(s) dict_keys(['example_xcom']) retrieved from /home/airflow/.local/lib/python3.7/site-packages/airflow/example_dags/example_xcom.py
[2023-05-27T16:48:01.814+0000] {logging_mixin.py:137} INFO - [2023-05-27T16:48:01.814+0000] {dag.py:2705} INFO - Sync 1 DAGs
[2023-05-27T16:48:01.834+0000] {logging_mixin.py:137} INFO - [2023-05-27T16:48:01.834+0000] {dag.py:3456} INFO - Setting next_dagrun for example_xcom to 2021-01-01T00:00:00+00:00, run_after=2021-01-01T00:00:00+00:00
[2023-05-27T16:48:01.849+0000] {processor.py:175} INFO - Processing /home/airflow/.local/lib/python3.7/site-packages/airflow/example_dags/example_xcom.py took 0.090 seconds
[2023-05-27T16:48:32.210+0000] {processor.py:153} INFO - Started process (PID=848) to work on /home/airflow/.local/lib/python3.7/site-packages/airflow/example_dags/example_xcom.py
[2023-05-27T16:48:32.211+0000] {processor.py:743} INFO - Processing file /home/airflow/.local/lib/python3.7/site-packages/airflow/example_dags/example_xcom.py for tasks to queue
[2023-05-27T16:48:32.212+0000] {logging_mixin.py:137} INFO - [2023-05-27T16:48:32.212+0000] {dagbag.py:532} INFO - Filling up the DagBag from /home/airflow/.local/lib/python3.7/site-packages/airflow/example_dags/example_xcom.py
[2023-05-27T16:48:32.234+0000] {processor.py:753} INFO - DAG(s) dict_keys(['example_xcom']) retrieved from /home/airflow/.local/lib/python3.7/site-packages/airflow/example_dags/example_xcom.py
[2023-05-27T16:48:32.260+0000] {logging_mixin.py:137} INFO - [2023-05-27T16:48:32.260+0000] {dag.py:2705} INFO - Sync 1 DAGs
[2023-05-27T16:48:32.282+0000] {logging_mixin.py:137} INFO - [2023-05-27T16:48:32.282+0000] {dag.py:3456} INFO - Setting next_dagrun for example_xcom to 2021-01-01T00:00:00+00:00, run_after=2021-01-01T00:00:00+00:00
[2023-05-27T16:48:32.296+0000] {processor.py:175} INFO - Processing /home/airflow/.local/lib/python3.7/site-packages/airflow/example_dags/example_xcom.py took 0.090 seconds
[2023-05-27T16:49:02.910+0000] {processor.py:153} INFO - Started process (PID=905) to work on /home/airflow/.local/lib/python3.7/site-packages/airflow/example_dags/example_xcom.py
[2023-05-27T16:49:02.911+0000] {processor.py:743} INFO - Processing file /home/airflow/.local/lib/python3.7/site-packages/airflow/example_dags/example_xcom.py for tasks to queue
[2023-05-27T16:49:02.912+0000] {logging_mixin.py:137} INFO - [2023-05-27T16:49:02.912+0000] {dagbag.py:532} INFO - Filling up the DagBag from /home/airflow/.local/lib/python3.7/site-packages/airflow/example_dags/example_xcom.py
[2023-05-27T16:49:02.933+0000] {processor.py:753} INFO - DAG(s) dict_keys(['example_xcom']) retrieved from /home/airflow/.local/lib/python3.7/site-packages/airflow/example_dags/example_xcom.py
[2023-05-27T16:49:02.959+0000] {logging_mixin.py:137} INFO - [2023-05-27T16:49:02.959+0000] {dag.py:2705} INFO - Sync 1 DAGs
[2023-05-27T16:49:02.979+0000] {logging_mixin.py:137} INFO - [2023-05-27T16:49:02.979+0000] {dag.py:3456} INFO - Setting next_dagrun for example_xcom to 2021-01-01T00:00:00+00:00, run_after=2021-01-01T00:00:00+00:00
[2023-05-27T16:49:02.993+0000] {processor.py:175} INFO - Processing /home/airflow/.local/lib/python3.7/site-packages/airflow/example_dags/example_xcom.py took 0.087 seconds
[2023-05-27T16:49:33.377+0000] {processor.py:153} INFO - Started process (PID=962) to work on /home/airflow/.local/lib/python3.7/site-packages/airflow/example_dags/example_xcom.py
[2023-05-27T16:49:33.379+0000] {processor.py:743} INFO - Processing file /home/airflow/.local/lib/python3.7/site-packages/airflow/example_dags/example_xcom.py for tasks to queue
[2023-05-27T16:49:33.380+0000] {logging_mixin.py:137} INFO - [2023-05-27T16:49:33.379+0000] {dagbag.py:532} INFO - Filling up the DagBag from /home/airflow/.local/lib/python3.7/site-packages/airflow/example_dags/example_xcom.py
[2023-05-27T16:49:33.401+0000] {processor.py:753} INFO - DAG(s) dict_keys(['example_xcom']) retrieved from /home/airflow/.local/lib/python3.7/site-packages/airflow/example_dags/example_xcom.py
[2023-05-27T16:49:33.427+0000] {logging_mixin.py:137} INFO - [2023-05-27T16:49:33.426+0000] {dag.py:2705} INFO - Sync 1 DAGs
[2023-05-27T16:49:33.447+0000] {logging_mixin.py:137} INFO - [2023-05-27T16:49:33.447+0000] {dag.py:3456} INFO - Setting next_dagrun for example_xcom to 2021-01-01T00:00:00+00:00, run_after=2021-01-01T00:00:00+00:00
[2023-05-27T16:49:33.463+0000] {processor.py:175} INFO - Processing /home/airflow/.local/lib/python3.7/site-packages/airflow/example_dags/example_xcom.py took 0.088 seconds
[2023-05-27T16:50:03.758+0000] {processor.py:153} INFO - Started process (PID=1019) to work on /home/airflow/.local/lib/python3.7/site-packages/airflow/example_dags/example_xcom.py
[2023-05-27T16:50:03.760+0000] {processor.py:743} INFO - Processing file /home/airflow/.local/lib/python3.7/site-packages/airflow/example_dags/example_xcom.py for tasks to queue
[2023-05-27T16:50:03.762+0000] {logging_mixin.py:137} INFO - [2023-05-27T16:50:03.761+0000] {dagbag.py:532} INFO - Filling up the DagBag from /home/airflow/.local/lib/python3.7/site-packages/airflow/example_dags/example_xcom.py
[2023-05-27T16:50:03.786+0000] {processor.py:753} INFO - DAG(s) dict_keys(['example_xcom']) retrieved from /home/airflow/.local/lib/python3.7/site-packages/airflow/example_dags/example_xcom.py
[2023-05-27T16:50:03.813+0000] {logging_mixin.py:137} INFO - [2023-05-27T16:50:03.813+0000] {dag.py:2705} INFO - Sync 1 DAGs
[2023-05-27T16:50:03.834+0000] {logging_mixin.py:137} INFO - [2023-05-27T16:50:03.834+0000] {dag.py:3456} INFO - Setting next_dagrun for example_xcom to 2021-01-01T00:00:00+00:00, run_after=2021-01-01T00:00:00+00:00
[2023-05-27T16:50:03.849+0000] {processor.py:175} INFO - Processing /home/airflow/.local/lib/python3.7/site-packages/airflow/example_dags/example_xcom.py took 0.095 seconds
[2023-05-27T16:50:33.939+0000] {processor.py:153} INFO - Started process (PID=1076) to work on /home/airflow/.local/lib/python3.7/site-packages/airflow/example_dags/example_xcom.py
[2023-05-27T16:50:33.941+0000] {processor.py:743} INFO - Processing file /home/airflow/.local/lib/python3.7/site-packages/airflow/example_dags/example_xcom.py for tasks to queue
[2023-05-27T16:50:33.942+0000] {logging_mixin.py:137} INFO - [2023-05-27T16:50:33.942+0000] {dagbag.py:532} INFO - Filling up the DagBag from /home/airflow/.local/lib/python3.7/site-packages/airflow/example_dags/example_xcom.py
[2023-05-27T16:50:33.964+0000] {processor.py:753} INFO - DAG(s) dict_keys(['example_xcom']) retrieved from /home/airflow/.local/lib/python3.7/site-packages/airflow/example_dags/example_xcom.py
[2023-05-27T16:50:33.993+0000] {logging_mixin.py:137} INFO - [2023-05-27T16:50:33.993+0000] {dag.py:2705} INFO - Sync 1 DAGs
[2023-05-27T16:50:34.014+0000] {logging_mixin.py:137} INFO - [2023-05-27T16:50:34.014+0000] {dag.py:3456} INFO - Setting next_dagrun for example_xcom to 2021-01-01T00:00:00+00:00, run_after=2021-01-01T00:00:00+00:00
[2023-05-27T16:50:34.028+0000] {processor.py:175} INFO - Processing /home/airflow/.local/lib/python3.7/site-packages/airflow/example_dags/example_xcom.py took 0.093 seconds
[2023-05-27T16:51:04.165+0000] {processor.py:153} INFO - Started process (PID=1133) to work on /home/airflow/.local/lib/python3.7/site-packages/airflow/example_dags/example_xcom.py
[2023-05-27T16:51:04.167+0000] {processor.py:743} INFO - Processing file /home/airflow/.local/lib/python3.7/site-packages/airflow/example_dags/example_xcom.py for tasks to queue
[2023-05-27T16:51:04.168+0000] {logging_mixin.py:137} INFO - [2023-05-27T16:51:04.168+0000] {dagbag.py:532} INFO - Filling up the DagBag from /home/airflow/.local/lib/python3.7/site-packages/airflow/example_dags/example_xcom.py
[2023-05-27T16:51:04.200+0000] {processor.py:753} INFO - DAG(s) dict_keys(['example_xcom']) retrieved from /home/airflow/.local/lib/python3.7/site-packages/airflow/example_dags/example_xcom.py
[2023-05-27T16:51:04.231+0000] {logging_mixin.py:137} INFO - [2023-05-27T16:51:04.230+0000] {dag.py:2705} INFO - Sync 1 DAGs
[2023-05-27T16:51:04.252+0000] {logging_mixin.py:137} INFO - [2023-05-27T16:51:04.251+0000] {dag.py:3456} INFO - Setting next_dagrun for example_xcom to 2021-01-01T00:00:00+00:00, run_after=2021-01-01T00:00:00+00:00
[2023-05-27T16:51:04.265+0000] {processor.py:175} INFO - Processing /home/airflow/.local/lib/python3.7/site-packages/airflow/example_dags/example_xcom.py took 0.105 seconds
[2023-05-27T16:51:34.441+0000] {processor.py:153} INFO - Started process (PID=1190) to work on /home/airflow/.local/lib/python3.7/site-packages/airflow/example_dags/example_xcom.py
[2023-05-27T16:51:34.442+0000] {processor.py:743} INFO - Processing file /home/airflow/.local/lib/python3.7/site-packages/airflow/example_dags/example_xcom.py for tasks to queue
[2023-05-27T16:51:34.443+0000] {logging_mixin.py:137} INFO - [2023-05-27T16:51:34.443+0000] {dagbag.py:532} INFO - Filling up the DagBag from /home/airflow/.local/lib/python3.7/site-packages/airflow/example_dags/example_xcom.py
[2023-05-27T16:51:34.465+0000] {processor.py:753} INFO - DAG(s) dict_keys(['example_xcom']) retrieved from /home/airflow/.local/lib/python3.7/site-packages/airflow/example_dags/example_xcom.py
[2023-05-27T16:51:34.493+0000] {logging_mixin.py:137} INFO - [2023-05-27T16:51:34.493+0000] {dag.py:2705} INFO - Sync 1 DAGs
[2023-05-27T16:51:34.515+0000] {logging_mixin.py:137} INFO - [2023-05-27T16:51:34.515+0000] {dag.py:3456} INFO - Setting next_dagrun for example_xcom to 2021-01-01T00:00:00+00:00, run_after=2021-01-01T00:00:00+00:00
[2023-05-27T16:51:34.530+0000] {processor.py:175} INFO - Processing /home/airflow/.local/lib/python3.7/site-packages/airflow/example_dags/example_xcom.py took 0.093 seconds
[2023-05-27T16:52:04.607+0000] {processor.py:153} INFO - Started process (PID=1247) to work on /home/airflow/.local/lib/python3.7/site-packages/airflow/example_dags/example_xcom.py
[2023-05-27T16:52:04.612+0000] {processor.py:743} INFO - Processing file /home/airflow/.local/lib/python3.7/site-packages/airflow/example_dags/example_xcom.py for tasks to queue
[2023-05-27T16:52:04.615+0000] {logging_mixin.py:137} INFO - [2023-05-27T16:52:04.615+0000] {dagbag.py:532} INFO - Filling up the DagBag from /home/airflow/.local/lib/python3.7/site-packages/airflow/example_dags/example_xcom.py
[2023-05-27T16:52:04.672+0000] {processor.py:753} INFO - DAG(s) dict_keys(['example_xcom']) retrieved from /home/airflow/.local/lib/python3.7/site-packages/airflow/example_dags/example_xcom.py
[2023-05-27T16:52:04.703+0000] {logging_mixin.py:137} INFO - [2023-05-27T16:52:04.703+0000] {dag.py:2705} INFO - Sync 1 DAGs
[2023-05-27T16:52:04.731+0000] {logging_mixin.py:137} INFO - [2023-05-27T16:52:04.731+0000] {dag.py:3456} INFO - Setting next_dagrun for example_xcom to 2021-01-01T00:00:00+00:00, run_after=2021-01-01T00:00:00+00:00
[2023-05-27T16:52:04.750+0000] {processor.py:175} INFO - Processing /home/airflow/.local/lib/python3.7/site-packages/airflow/example_dags/example_xcom.py took 0.154 seconds
[2023-05-27T16:52:35.296+0000] {processor.py:153} INFO - Started process (PID=1304) to work on /home/airflow/.local/lib/python3.7/site-packages/airflow/example_dags/example_xcom.py
[2023-05-27T16:52:35.298+0000] {processor.py:743} INFO - Processing file /home/airflow/.local/lib/python3.7/site-packages/airflow/example_dags/example_xcom.py for tasks to queue
[2023-05-27T16:52:35.299+0000] {logging_mixin.py:137} INFO - [2023-05-27T16:52:35.299+0000] {dagbag.py:532} INFO - Filling up the DagBag from /home/airflow/.local/lib/python3.7/site-packages/airflow/example_dags/example_xcom.py
[2023-05-27T16:52:35.332+0000] {processor.py:753} INFO - DAG(s) dict_keys(['example_xcom']) retrieved from /home/airflow/.local/lib/python3.7/site-packages/airflow/example_dags/example_xcom.py
[2023-05-27T16:52:35.364+0000] {logging_mixin.py:137} INFO - [2023-05-27T16:52:35.364+0000] {dag.py:2705} INFO - Sync 1 DAGs
[2023-05-27T16:52:35.393+0000] {logging_mixin.py:137} INFO - [2023-05-27T16:52:35.393+0000] {dag.py:3456} INFO - Setting next_dagrun for example_xcom to 2021-01-01T00:00:00+00:00, run_after=2021-01-01T00:00:00+00:00
[2023-05-27T16:52:35.411+0000] {processor.py:175} INFO - Processing /home/airflow/.local/lib/python3.7/site-packages/airflow/example_dags/example_xcom.py took 0.119 seconds
[2023-05-27T16:53:05.581+0000] {processor.py:153} INFO - Started process (PID=1360) to work on /home/airflow/.local/lib/python3.7/site-packages/airflow/example_dags/example_xcom.py
[2023-05-27T16:53:05.582+0000] {processor.py:743} INFO - Processing file /home/airflow/.local/lib/python3.7/site-packages/airflow/example_dags/example_xcom.py for tasks to queue
[2023-05-27T16:53:05.583+0000] {logging_mixin.py:137} INFO - [2023-05-27T16:53:05.583+0000] {dagbag.py:532} INFO - Filling up the DagBag from /home/airflow/.local/lib/python3.7/site-packages/airflow/example_dags/example_xcom.py
[2023-05-27T16:53:05.605+0000] {processor.py:753} INFO - DAG(s) dict_keys(['example_xcom']) retrieved from /home/airflow/.local/lib/python3.7/site-packages/airflow/example_dags/example_xcom.py
[2023-05-27T16:53:05.637+0000] {logging_mixin.py:137} INFO - [2023-05-27T16:53:05.637+0000] {dag.py:2705} INFO - Sync 1 DAGs
[2023-05-27T16:53:05.658+0000] {logging_mixin.py:137} INFO - [2023-05-27T16:53:05.658+0000] {dag.py:3456} INFO - Setting next_dagrun for example_xcom to 2021-01-01T00:00:00+00:00, run_after=2021-01-01T00:00:00+00:00
[2023-05-27T16:53:05.672+0000] {processor.py:175} INFO - Processing /home/airflow/.local/lib/python3.7/site-packages/airflow/example_dags/example_xcom.py took 0.095 seconds
[2023-05-27T16:53:35.893+0000] {processor.py:153} INFO - Started process (PID=1417) to work on /home/airflow/.local/lib/python3.7/site-packages/airflow/example_dags/example_xcom.py
[2023-05-27T16:53:35.894+0000] {processor.py:743} INFO - Processing file /home/airflow/.local/lib/python3.7/site-packages/airflow/example_dags/example_xcom.py for tasks to queue
[2023-05-27T16:53:35.896+0000] {logging_mixin.py:137} INFO - [2023-05-27T16:53:35.896+0000] {dagbag.py:532} INFO - Filling up the DagBag from /home/airflow/.local/lib/python3.7/site-packages/airflow/example_dags/example_xcom.py
[2023-05-27T16:53:35.917+0000] {processor.py:753} INFO - DAG(s) dict_keys(['example_xcom']) retrieved from /home/airflow/.local/lib/python3.7/site-packages/airflow/example_dags/example_xcom.py
[2023-05-27T16:53:35.950+0000] {logging_mixin.py:137} INFO - [2023-05-27T16:53:35.949+0000] {dag.py:2705} INFO - Sync 1 DAGs
[2023-05-27T16:53:35.982+0000] {logging_mixin.py:137} INFO - [2023-05-27T16:53:35.981+0000] {dag.py:3456} INFO - Setting next_dagrun for example_xcom to 2021-01-01T00:00:00+00:00, run_after=2021-01-01T00:00:00+00:00
[2023-05-27T16:53:36.000+0000] {processor.py:175} INFO - Processing /home/airflow/.local/lib/python3.7/site-packages/airflow/example_dags/example_xcom.py took 0.111 seconds
[2023-05-27T16:54:06.114+0000] {processor.py:153} INFO - Started process (PID=1474) to work on /home/airflow/.local/lib/python3.7/site-packages/airflow/example_dags/example_xcom.py
[2023-05-27T16:54:06.115+0000] {processor.py:743} INFO - Processing file /home/airflow/.local/lib/python3.7/site-packages/airflow/example_dags/example_xcom.py for tasks to queue
[2023-05-27T16:54:06.116+0000] {logging_mixin.py:137} INFO - [2023-05-27T16:54:06.116+0000] {dagbag.py:532} INFO - Filling up the DagBag from /home/airflow/.local/lib/python3.7/site-packages/airflow/example_dags/example_xcom.py
[2023-05-27T16:54:06.141+0000] {processor.py:753} INFO - DAG(s) dict_keys(['example_xcom']) retrieved from /home/airflow/.local/lib/python3.7/site-packages/airflow/example_dags/example_xcom.py
[2023-05-27T16:54:06.185+0000] {logging_mixin.py:137} INFO - [2023-05-27T16:54:06.184+0000] {dag.py:2705} INFO - Sync 1 DAGs
[2023-05-27T16:54:06.212+0000] {logging_mixin.py:137} INFO - [2023-05-27T16:54:06.211+0000] {dag.py:3456} INFO - Setting next_dagrun for example_xcom to 2021-01-01T00:00:00+00:00, run_after=2021-01-01T00:00:00+00:00
[2023-05-27T16:54:06.227+0000] {processor.py:175} INFO - Processing /home/airflow/.local/lib/python3.7/site-packages/airflow/example_dags/example_xcom.py took 0.118 seconds
[2023-05-27T16:54:36.277+0000] {processor.py:153} INFO - Started process (PID=1531) to work on /home/airflow/.local/lib/python3.7/site-packages/airflow/example_dags/example_xcom.py
[2023-05-27T16:54:36.278+0000] {processor.py:743} INFO - Processing file /home/airflow/.local/lib/python3.7/site-packages/airflow/example_dags/example_xcom.py for tasks to queue
[2023-05-27T16:54:36.279+0000] {logging_mixin.py:137} INFO - [2023-05-27T16:54:36.279+0000] {dagbag.py:532} INFO - Filling up the DagBag from /home/airflow/.local/lib/python3.7/site-packages/airflow/example_dags/example_xcom.py
[2023-05-27T16:54:36.300+0000] {processor.py:753} INFO - DAG(s) dict_keys(['example_xcom']) retrieved from /home/airflow/.local/lib/python3.7/site-packages/airflow/example_dags/example_xcom.py
[2023-05-27T16:54:36.332+0000] {logging_mixin.py:137} INFO - [2023-05-27T16:54:36.332+0000] {dag.py:2705} INFO - Sync 1 DAGs
[2023-05-27T16:54:36.372+0000] {logging_mixin.py:137} INFO - [2023-05-27T16:54:36.372+0000] {dag.py:3456} INFO - Setting next_dagrun for example_xcom to 2021-01-01T00:00:00+00:00, run_after=2021-01-01T00:00:00+00:00
[2023-05-27T16:54:36.391+0000] {processor.py:175} INFO - Processing /home/airflow/.local/lib/python3.7/site-packages/airflow/example_dags/example_xcom.py took 0.117 seconds
[2023-05-27T16:55:06.680+0000] {processor.py:153} INFO - Started process (PID=1588) to work on /home/airflow/.local/lib/python3.7/site-packages/airflow/example_dags/example_xcom.py
[2023-05-27T16:55:06.681+0000] {processor.py:743} INFO - Processing file /home/airflow/.local/lib/python3.7/site-packages/airflow/example_dags/example_xcom.py for tasks to queue
[2023-05-27T16:55:06.682+0000] {logging_mixin.py:137} INFO - [2023-05-27T16:55:06.682+0000] {dagbag.py:532} INFO - Filling up the DagBag from /home/airflow/.local/lib/python3.7/site-packages/airflow/example_dags/example_xcom.py
[2023-05-27T16:55:06.707+0000] {processor.py:753} INFO - DAG(s) dict_keys(['example_xcom']) retrieved from /home/airflow/.local/lib/python3.7/site-packages/airflow/example_dags/example_xcom.py
[2023-05-27T16:55:06.743+0000] {logging_mixin.py:137} INFO - [2023-05-27T16:55:06.743+0000] {dag.py:2705} INFO - Sync 1 DAGs
[2023-05-27T16:55:06.768+0000] {logging_mixin.py:137} INFO - [2023-05-27T16:55:06.768+0000] {dag.py:3456} INFO - Setting next_dagrun for example_xcom to 2021-01-01T00:00:00+00:00, run_after=2021-01-01T00:00:00+00:00
[2023-05-27T16:55:06.784+0000] {processor.py:175} INFO - Processing /home/airflow/.local/lib/python3.7/site-packages/airflow/example_dags/example_xcom.py took 0.109 seconds
[2023-05-27T16:55:36.822+0000] {processor.py:153} INFO - Started process (PID=1645) to work on /home/airflow/.local/lib/python3.7/site-packages/airflow/example_dags/example_xcom.py
[2023-05-27T16:55:36.823+0000] {processor.py:743} INFO - Processing file /home/airflow/.local/lib/python3.7/site-packages/airflow/example_dags/example_xcom.py for tasks to queue
[2023-05-27T16:55:36.824+0000] {logging_mixin.py:137} INFO - [2023-05-27T16:55:36.824+0000] {dagbag.py:532} INFO - Filling up the DagBag from /home/airflow/.local/lib/python3.7/site-packages/airflow/example_dags/example_xcom.py
[2023-05-27T16:55:36.846+0000] {processor.py:753} INFO - DAG(s) dict_keys(['example_xcom']) retrieved from /home/airflow/.local/lib/python3.7/site-packages/airflow/example_dags/example_xcom.py
[2023-05-27T16:55:36.873+0000] {logging_mixin.py:137} INFO - [2023-05-27T16:55:36.873+0000] {dag.py:2705} INFO - Sync 1 DAGs
[2023-05-27T16:55:36.894+0000] {logging_mixin.py:137} INFO - [2023-05-27T16:55:36.894+0000] {dag.py:3456} INFO - Setting next_dagrun for example_xcom to 2021-01-01T00:00:00+00:00, run_after=2021-01-01T00:00:00+00:00
[2023-05-27T16:55:36.908+0000] {processor.py:175} INFO - Processing /home/airflow/.local/lib/python3.7/site-packages/airflow/example_dags/example_xcom.py took 0.090 seconds
[2023-05-27T16:56:07.527+0000] {processor.py:153} INFO - Started process (PID=1702) to work on /home/airflow/.local/lib/python3.7/site-packages/airflow/example_dags/example_xcom.py
[2023-05-27T16:56:07.528+0000] {processor.py:743} INFO - Processing file /home/airflow/.local/lib/python3.7/site-packages/airflow/example_dags/example_xcom.py for tasks to queue
[2023-05-27T16:56:07.529+0000] {logging_mixin.py:137} INFO - [2023-05-27T16:56:07.529+0000] {dagbag.py:532} INFO - Filling up the DagBag from /home/airflow/.local/lib/python3.7/site-packages/airflow/example_dags/example_xcom.py
[2023-05-27T16:56:07.551+0000] {processor.py:753} INFO - DAG(s) dict_keys(['example_xcom']) retrieved from /home/airflow/.local/lib/python3.7/site-packages/airflow/example_dags/example_xcom.py
[2023-05-27T16:56:07.578+0000] {logging_mixin.py:137} INFO - [2023-05-27T16:56:07.578+0000] {dag.py:2705} INFO - Sync 1 DAGs
[2023-05-27T16:56:07.598+0000] {logging_mixin.py:137} INFO - [2023-05-27T16:56:07.598+0000] {dag.py:3456} INFO - Setting next_dagrun for example_xcom to 2021-01-01T00:00:00+00:00, run_after=2021-01-01T00:00:00+00:00
[2023-05-27T16:56:07.612+0000] {processor.py:175} INFO - Processing /home/airflow/.local/lib/python3.7/site-packages/airflow/example_dags/example_xcom.py took 0.090 seconds
[2023-05-27T16:56:37.860+0000] {processor.py:153} INFO - Started process (PID=1758) to work on /home/airflow/.local/lib/python3.7/site-packages/airflow/example_dags/example_xcom.py
[2023-05-27T16:56:37.862+0000] {processor.py:743} INFO - Processing file /home/airflow/.local/lib/python3.7/site-packages/airflow/example_dags/example_xcom.py for tasks to queue
[2023-05-27T16:56:37.864+0000] {logging_mixin.py:137} INFO - [2023-05-27T16:56:37.864+0000] {dagbag.py:532} INFO - Filling up the DagBag from /home/airflow/.local/lib/python3.7/site-packages/airflow/example_dags/example_xcom.py
[2023-05-27T16:56:37.886+0000] {processor.py:753} INFO - DAG(s) dict_keys(['example_xcom']) retrieved from /home/airflow/.local/lib/python3.7/site-packages/airflow/example_dags/example_xcom.py
[2023-05-27T16:56:37.912+0000] {logging_mixin.py:137} INFO - [2023-05-27T16:56:37.912+0000] {dag.py:2705} INFO - Sync 1 DAGs
[2023-05-27T16:56:37.934+0000] {logging_mixin.py:137} INFO - [2023-05-27T16:56:37.933+0000] {dag.py:3456} INFO - Setting next_dagrun for example_xcom to 2021-01-01T00:00:00+00:00, run_after=2021-01-01T00:00:00+00:00
[2023-05-27T16:56:37.947+0000] {processor.py:175} INFO - Processing /home/airflow/.local/lib/python3.7/site-packages/airflow/example_dags/example_xcom.py took 0.091 seconds
[2023-05-27T16:57:08.848+0000] {processor.py:153} INFO - Started process (PID=1815) to work on /home/airflow/.local/lib/python3.7/site-packages/airflow/example_dags/example_xcom.py
[2023-05-27T16:57:08.849+0000] {processor.py:743} INFO - Processing file /home/airflow/.local/lib/python3.7/site-packages/airflow/example_dags/example_xcom.py for tasks to queue
[2023-05-27T16:57:08.850+0000] {logging_mixin.py:137} INFO - [2023-05-27T16:57:08.850+0000] {dagbag.py:532} INFO - Filling up the DagBag from /home/airflow/.local/lib/python3.7/site-packages/airflow/example_dags/example_xcom.py
[2023-05-27T16:57:08.871+0000] {processor.py:753} INFO - DAG(s) dict_keys(['example_xcom']) retrieved from /home/airflow/.local/lib/python3.7/site-packages/airflow/example_dags/example_xcom.py
[2023-05-27T16:57:08.897+0000] {logging_mixin.py:137} INFO - [2023-05-27T16:57:08.897+0000] {dag.py:2705} INFO - Sync 1 DAGs
[2023-05-27T16:57:08.920+0000] {logging_mixin.py:137} INFO - [2023-05-27T16:57:08.920+0000] {dag.py:3456} INFO - Setting next_dagrun for example_xcom to 2021-01-01T00:00:00+00:00, run_after=2021-01-01T00:00:00+00:00
[2023-05-27T16:57:08.934+0000] {processor.py:175} INFO - Processing /home/airflow/.local/lib/python3.7/site-packages/airflow/example_dags/example_xcom.py took 0.090 seconds
[2023-05-27T16:57:40.675+0000] {processor.py:153} INFO - Started process (PID=1872) to work on /home/airflow/.local/lib/python3.7/site-packages/airflow/example_dags/example_xcom.py
[2023-05-27T16:57:40.679+0000] {processor.py:743} INFO - Processing file /home/airflow/.local/lib/python3.7/site-packages/airflow/example_dags/example_xcom.py for tasks to queue
[2023-05-27T16:57:40.681+0000] {logging_mixin.py:137} INFO - [2023-05-27T16:57:40.681+0000] {dagbag.py:532} INFO - Filling up the DagBag from /home/airflow/.local/lib/python3.7/site-packages/airflow/example_dags/example_xcom.py
[2023-05-27T16:57:40.741+0000] {processor.py:753} INFO - DAG(s) dict_keys(['example_xcom']) retrieved from /home/airflow/.local/lib/python3.7/site-packages/airflow/example_dags/example_xcom.py
[2023-05-27T16:57:40.816+0000] {logging_mixin.py:137} INFO - [2023-05-27T16:57:40.816+0000] {dag.py:2705} INFO - Sync 1 DAGs
[2023-05-27T16:57:40.872+0000] {logging_mixin.py:137} INFO - [2023-05-27T16:57:40.871+0000] {dag.py:3456} INFO - Setting next_dagrun for example_xcom to 2021-01-01T00:00:00+00:00, run_after=2021-01-01T00:00:00+00:00
[2023-05-27T16:57:40.909+0000] {processor.py:175} INFO - Processing /home/airflow/.local/lib/python3.7/site-packages/airflow/example_dags/example_xcom.py took 0.252 seconds
[2023-05-27T16:58:11.094+0000] {processor.py:153} INFO - Started process (PID=1929) to work on /home/airflow/.local/lib/python3.7/site-packages/airflow/example_dags/example_xcom.py
[2023-05-27T16:58:11.096+0000] {processor.py:743} INFO - Processing file /home/airflow/.local/lib/python3.7/site-packages/airflow/example_dags/example_xcom.py for tasks to queue
[2023-05-27T16:58:11.097+0000] {logging_mixin.py:137} INFO - [2023-05-27T16:58:11.097+0000] {dagbag.py:532} INFO - Filling up the DagBag from /home/airflow/.local/lib/python3.7/site-packages/airflow/example_dags/example_xcom.py
[2023-05-27T16:58:11.121+0000] {processor.py:753} INFO - DAG(s) dict_keys(['example_xcom']) retrieved from /home/airflow/.local/lib/python3.7/site-packages/airflow/example_dags/example_xcom.py
[2023-05-27T16:58:11.152+0000] {logging_mixin.py:137} INFO - [2023-05-27T16:58:11.152+0000] {dag.py:2705} INFO - Sync 1 DAGs
[2023-05-27T16:58:11.173+0000] {logging_mixin.py:137} INFO - [2023-05-27T16:58:11.173+0000] {dag.py:3456} INFO - Setting next_dagrun for example_xcom to 2021-01-01T00:00:00+00:00, run_after=2021-01-01T00:00:00+00:00
[2023-05-27T16:58:11.187+0000] {processor.py:175} INFO - Processing /home/airflow/.local/lib/python3.7/site-packages/airflow/example_dags/example_xcom.py took 0.096 seconds
[2023-05-27T16:58:41.740+0000] {processor.py:153} INFO - Started process (PID=1986) to work on /home/airflow/.local/lib/python3.7/site-packages/airflow/example_dags/example_xcom.py
[2023-05-27T16:58:41.741+0000] {processor.py:743} INFO - Processing file /home/airflow/.local/lib/python3.7/site-packages/airflow/example_dags/example_xcom.py for tasks to queue
[2023-05-27T16:58:41.742+0000] {logging_mixin.py:137} INFO - [2023-05-27T16:58:41.742+0000] {dagbag.py:532} INFO - Filling up the DagBag from /home/airflow/.local/lib/python3.7/site-packages/airflow/example_dags/example_xcom.py
[2023-05-27T16:58:41.763+0000] {processor.py:753} INFO - DAG(s) dict_keys(['example_xcom']) retrieved from /home/airflow/.local/lib/python3.7/site-packages/airflow/example_dags/example_xcom.py
[2023-05-27T16:58:41.789+0000] {logging_mixin.py:137} INFO - [2023-05-27T16:58:41.789+0000] {dag.py:2705} INFO - Sync 1 DAGs
[2023-05-27T16:58:41.810+0000] {logging_mixin.py:137} INFO - [2023-05-27T16:58:41.810+0000] {dag.py:3456} INFO - Setting next_dagrun for example_xcom to 2021-01-01T00:00:00+00:00, run_after=2021-01-01T00:00:00+00:00
[2023-05-27T16:58:41.826+0000] {processor.py:175} INFO - Processing /home/airflow/.local/lib/python3.7/site-packages/airflow/example_dags/example_xcom.py took 0.089 seconds
[2023-05-27T16:59:12.422+0000] {processor.py:153} INFO - Started process (PID=2043) to work on /home/airflow/.local/lib/python3.7/site-packages/airflow/example_dags/example_xcom.py
[2023-05-27T16:59:12.424+0000] {processor.py:743} INFO - Processing file /home/airflow/.local/lib/python3.7/site-packages/airflow/example_dags/example_xcom.py for tasks to queue
[2023-05-27T16:59:12.425+0000] {logging_mixin.py:137} INFO - [2023-05-27T16:59:12.425+0000] {dagbag.py:532} INFO - Filling up the DagBag from /home/airflow/.local/lib/python3.7/site-packages/airflow/example_dags/example_xcom.py
[2023-05-27T16:59:12.446+0000] {processor.py:753} INFO - DAG(s) dict_keys(['example_xcom']) retrieved from /home/airflow/.local/lib/python3.7/site-packages/airflow/example_dags/example_xcom.py
[2023-05-27T16:59:12.472+0000] {logging_mixin.py:137} INFO - [2023-05-27T16:59:12.472+0000] {dag.py:2705} INFO - Sync 1 DAGs
[2023-05-27T16:59:12.495+0000] {logging_mixin.py:137} INFO - [2023-05-27T16:59:12.495+0000] {dag.py:3456} INFO - Setting next_dagrun for example_xcom to 2021-01-01T00:00:00+00:00, run_after=2021-01-01T00:00:00+00:00
[2023-05-27T16:59:12.508+0000] {processor.py:175} INFO - Processing /home/airflow/.local/lib/python3.7/site-packages/airflow/example_dags/example_xcom.py took 0.090 seconds
[2023-05-27T16:59:43.326+0000] {processor.py:153} INFO - Started process (PID=2100) to work on /home/airflow/.local/lib/python3.7/site-packages/airflow/example_dags/example_xcom.py
[2023-05-27T16:59:43.327+0000] {processor.py:743} INFO - Processing file /home/airflow/.local/lib/python3.7/site-packages/airflow/example_dags/example_xcom.py for tasks to queue
[2023-05-27T16:59:43.328+0000] {logging_mixin.py:137} INFO - [2023-05-27T16:59:43.328+0000] {dagbag.py:532} INFO - Filling up the DagBag from /home/airflow/.local/lib/python3.7/site-packages/airflow/example_dags/example_xcom.py
[2023-05-27T16:59:43.350+0000] {processor.py:753} INFO - DAG(s) dict_keys(['example_xcom']) retrieved from /home/airflow/.local/lib/python3.7/site-packages/airflow/example_dags/example_xcom.py
[2023-05-27T16:59:43.377+0000] {logging_mixin.py:137} INFO - [2023-05-27T16:59:43.376+0000] {dag.py:2705} INFO - Sync 1 DAGs
[2023-05-27T16:59:43.397+0000] {logging_mixin.py:137} INFO - [2023-05-27T16:59:43.397+0000] {dag.py:3456} INFO - Setting next_dagrun for example_xcom to 2021-01-01T00:00:00+00:00, run_after=2021-01-01T00:00:00+00:00
[2023-05-27T16:59:43.411+0000] {processor.py:175} INFO - Processing /home/airflow/.local/lib/python3.7/site-packages/airflow/example_dags/example_xcom.py took 0.088 seconds
[2023-05-27T17:00:13.926+0000] {processor.py:153} INFO - Started process (PID=2157) to work on /home/airflow/.local/lib/python3.7/site-packages/airflow/example_dags/example_xcom.py
[2023-05-27T17:00:13.928+0000] {processor.py:743} INFO - Processing file /home/airflow/.local/lib/python3.7/site-packages/airflow/example_dags/example_xcom.py for tasks to queue
[2023-05-27T17:00:13.929+0000] {logging_mixin.py:137} INFO - [2023-05-27T17:00:13.929+0000] {dagbag.py:532} INFO - Filling up the DagBag from /home/airflow/.local/lib/python3.7/site-packages/airflow/example_dags/example_xcom.py
[2023-05-27T17:00:13.953+0000] {processor.py:753} INFO - DAG(s) dict_keys(['example_xcom']) retrieved from /home/airflow/.local/lib/python3.7/site-packages/airflow/example_dags/example_xcom.py
[2023-05-27T17:00:13.981+0000] {logging_mixin.py:137} INFO - [2023-05-27T17:00:13.981+0000] {dag.py:2705} INFO - Sync 1 DAGs
[2023-05-27T17:00:14.012+0000] {logging_mixin.py:137} INFO - [2023-05-27T17:00:14.011+0000] {dag.py:3456} INFO - Setting next_dagrun for example_xcom to 2021-01-01T00:00:00+00:00, run_after=2021-01-01T00:00:00+00:00
[2023-05-27T17:00:14.027+0000] {processor.py:175} INFO - Processing /home/airflow/.local/lib/python3.7/site-packages/airflow/example_dags/example_xcom.py took 0.105 seconds
[2023-05-27T17:00:44.213+0000] {processor.py:153} INFO - Started process (PID=2214) to work on /home/airflow/.local/lib/python3.7/site-packages/airflow/example_dags/example_xcom.py
[2023-05-27T17:00:44.215+0000] {processor.py:743} INFO - Processing file /home/airflow/.local/lib/python3.7/site-packages/airflow/example_dags/example_xcom.py for tasks to queue
[2023-05-27T17:00:44.216+0000] {logging_mixin.py:137} INFO - [2023-05-27T17:00:44.216+0000] {dagbag.py:532} INFO - Filling up the DagBag from /home/airflow/.local/lib/python3.7/site-packages/airflow/example_dags/example_xcom.py
[2023-05-27T17:00:44.244+0000] {processor.py:753} INFO - DAG(s) dict_keys(['example_xcom']) retrieved from /home/airflow/.local/lib/python3.7/site-packages/airflow/example_dags/example_xcom.py
[2023-05-27T17:00:44.282+0000] {logging_mixin.py:137} INFO - [2023-05-27T17:00:44.282+0000] {dag.py:2705} INFO - Sync 1 DAGs
[2023-05-27T17:00:44.321+0000] {logging_mixin.py:137} INFO - [2023-05-27T17:00:44.321+0000] {dag.py:3456} INFO - Setting next_dagrun for example_xcom to 2021-01-01T00:00:00+00:00, run_after=2021-01-01T00:00:00+00:00
[2023-05-27T17:00:44.344+0000] {processor.py:175} INFO - Processing /home/airflow/.local/lib/python3.7/site-packages/airflow/example_dags/example_xcom.py took 0.137 seconds
