[2023-05-27T16:41:23.275+0000] {processor.py:153} INFO - Started process (PID=47) to work on /home/airflow/.local/lib/python3.7/site-packages/airflow/example_dags/example_sensors.py
[2023-05-27T16:41:23.279+0000] {processor.py:743} INFO - Processing file /home/airflow/.local/lib/python3.7/site-packages/airflow/example_dags/example_sensors.py for tasks to queue
[2023-05-27T16:41:23.283+0000] {logging_mixin.py:137} INFO - [2023-05-27T16:41:23.283+0000] {dagbag.py:532} INFO - Filling up the DagBag from /home/airflow/.local/lib/python3.7/site-packages/airflow/example_dags/example_sensors.py
[2023-05-27T16:41:23.370+0000] {processor.py:753} INFO - DAG(s) dict_keys(['example_sensors']) retrieved from /home/airflow/.local/lib/python3.7/site-packages/airflow/example_dags/example_sensors.py
[2023-05-27T16:41:23.451+0000] {logging_mixin.py:137} INFO - [2023-05-27T16:41:23.451+0000] {dag.py:2705} INFO - Sync 1 DAGs
[2023-05-27T16:41:23.499+0000] {logging_mixin.py:137} INFO - [2023-05-27T16:41:23.499+0000] {dag.py:3456} INFO - Setting next_dagrun for example_sensors to None, run_after=None
[2023-05-27T16:41:23.528+0000] {processor.py:175} INFO - Processing /home/airflow/.local/lib/python3.7/site-packages/airflow/example_dags/example_sensors.py took 0.272 seconds
[2023-05-27T16:41:53.922+0000] {processor.py:153} INFO - Started process (PID=104) to work on /home/airflow/.local/lib/python3.7/site-packages/airflow/example_dags/example_sensors.py
[2023-05-27T16:41:53.924+0000] {processor.py:743} INFO - Processing file /home/airflow/.local/lib/python3.7/site-packages/airflow/example_dags/example_sensors.py for tasks to queue
[2023-05-27T16:41:53.925+0000] {logging_mixin.py:137} INFO - [2023-05-27T16:41:53.925+0000] {dagbag.py:532} INFO - Filling up the DagBag from /home/airflow/.local/lib/python3.7/site-packages/airflow/example_dags/example_sensors.py
[2023-05-27T16:41:53.946+0000] {processor.py:753} INFO - DAG(s) dict_keys(['example_sensors']) retrieved from /home/airflow/.local/lib/python3.7/site-packages/airflow/example_dags/example_sensors.py
[2023-05-27T16:41:53.979+0000] {logging_mixin.py:137} INFO - [2023-05-27T16:41:53.979+0000] {dag.py:2705} INFO - Sync 1 DAGs
[2023-05-27T16:41:54.000+0000] {logging_mixin.py:137} INFO - [2023-05-27T16:41:54.000+0000] {dag.py:3456} INFO - Setting next_dagrun for example_sensors to None, run_after=None
[2023-05-27T16:41:54.027+0000] {processor.py:175} INFO - Processing /home/airflow/.local/lib/python3.7/site-packages/airflow/example_dags/example_sensors.py took 0.108 seconds
[2023-05-27T16:42:24.868+0000] {processor.py:153} INFO - Started process (PID=161) to work on /home/airflow/.local/lib/python3.7/site-packages/airflow/example_dags/example_sensors.py
[2023-05-27T16:42:24.869+0000] {processor.py:743} INFO - Processing file /home/airflow/.local/lib/python3.7/site-packages/airflow/example_dags/example_sensors.py for tasks to queue
[2023-05-27T16:42:24.870+0000] {logging_mixin.py:137} INFO - [2023-05-27T16:42:24.870+0000] {dagbag.py:532} INFO - Filling up the DagBag from /home/airflow/.local/lib/python3.7/site-packages/airflow/example_dags/example_sensors.py
[2023-05-27T16:42:24.890+0000] {processor.py:753} INFO - DAG(s) dict_keys(['example_sensors']) retrieved from /home/airflow/.local/lib/python3.7/site-packages/airflow/example_dags/example_sensors.py
[2023-05-27T16:42:24.919+0000] {logging_mixin.py:137} INFO - [2023-05-27T16:42:24.919+0000] {dag.py:2705} INFO - Sync 1 DAGs
[2023-05-27T16:42:24.940+0000] {logging_mixin.py:137} INFO - [2023-05-27T16:42:24.940+0000] {dag.py:3456} INFO - Setting next_dagrun for example_sensors to None, run_after=None
[2023-05-27T16:42:24.954+0000] {processor.py:175} INFO - Processing /home/airflow/.local/lib/python3.7/site-packages/airflow/example_dags/example_sensors.py took 0.090 seconds
[2023-05-27T16:42:55.030+0000] {processor.py:153} INFO - Started process (PID=218) to work on /home/airflow/.local/lib/python3.7/site-packages/airflow/example_dags/example_sensors.py
[2023-05-27T16:42:55.032+0000] {processor.py:743} INFO - Processing file /home/airflow/.local/lib/python3.7/site-packages/airflow/example_dags/example_sensors.py for tasks to queue
[2023-05-27T16:42:55.034+0000] {logging_mixin.py:137} INFO - [2023-05-27T16:42:55.034+0000] {dagbag.py:532} INFO - Filling up the DagBag from /home/airflow/.local/lib/python3.7/site-packages/airflow/example_dags/example_sensors.py
[2023-05-27T16:42:55.060+0000] {processor.py:753} INFO - DAG(s) dict_keys(['example_sensors']) retrieved from /home/airflow/.local/lib/python3.7/site-packages/airflow/example_dags/example_sensors.py
[2023-05-27T16:42:55.104+0000] {logging_mixin.py:137} INFO - [2023-05-27T16:42:55.104+0000] {dag.py:2705} INFO - Sync 1 DAGs
[2023-05-27T16:42:55.130+0000] {logging_mixin.py:137} INFO - [2023-05-27T16:42:55.130+0000] {dag.py:3456} INFO - Setting next_dagrun for example_sensors to None, run_after=None
[2023-05-27T16:42:55.149+0000] {processor.py:175} INFO - Processing /home/airflow/.local/lib/python3.7/site-packages/airflow/example_dags/example_sensors.py took 0.124 seconds
[2023-05-27T16:43:25.427+0000] {processor.py:153} INFO - Started process (PID=274) to work on /home/airflow/.local/lib/python3.7/site-packages/airflow/example_dags/example_sensors.py
[2023-05-27T16:43:25.428+0000] {processor.py:743} INFO - Processing file /home/airflow/.local/lib/python3.7/site-packages/airflow/example_dags/example_sensors.py for tasks to queue
[2023-05-27T16:43:25.429+0000] {logging_mixin.py:137} INFO - [2023-05-27T16:43:25.429+0000] {dagbag.py:532} INFO - Filling up the DagBag from /home/airflow/.local/lib/python3.7/site-packages/airflow/example_dags/example_sensors.py
[2023-05-27T16:43:25.459+0000] {processor.py:753} INFO - DAG(s) dict_keys(['example_sensors']) retrieved from /home/airflow/.local/lib/python3.7/site-packages/airflow/example_dags/example_sensors.py
[2023-05-27T16:43:25.495+0000] {logging_mixin.py:137} INFO - [2023-05-27T16:43:25.495+0000] {dag.py:2705} INFO - Sync 1 DAGs
[2023-05-27T16:43:25.521+0000] {logging_mixin.py:137} INFO - [2023-05-27T16:43:25.520+0000] {dag.py:3456} INFO - Setting next_dagrun for example_sensors to None, run_after=None
[2023-05-27T16:43:25.577+0000] {processor.py:175} INFO - Processing /home/airflow/.local/lib/python3.7/site-packages/airflow/example_dags/example_sensors.py took 0.154 seconds
[2023-05-27T16:43:55.657+0000] {processor.py:153} INFO - Started process (PID=330) to work on /home/airflow/.local/lib/python3.7/site-packages/airflow/example_dags/example_sensors.py
[2023-05-27T16:43:55.658+0000] {processor.py:743} INFO - Processing file /home/airflow/.local/lib/python3.7/site-packages/airflow/example_dags/example_sensors.py for tasks to queue
[2023-05-27T16:43:55.659+0000] {logging_mixin.py:137} INFO - [2023-05-27T16:43:55.659+0000] {dagbag.py:532} INFO - Filling up the DagBag from /home/airflow/.local/lib/python3.7/site-packages/airflow/example_dags/example_sensors.py
[2023-05-27T16:43:55.679+0000] {processor.py:753} INFO - DAG(s) dict_keys(['example_sensors']) retrieved from /home/airflow/.local/lib/python3.7/site-packages/airflow/example_dags/example_sensors.py
[2023-05-27T16:43:55.708+0000] {logging_mixin.py:137} INFO - [2023-05-27T16:43:55.708+0000] {dag.py:2705} INFO - Sync 1 DAGs
[2023-05-27T16:43:55.728+0000] {logging_mixin.py:137} INFO - [2023-05-27T16:43:55.728+0000] {dag.py:3456} INFO - Setting next_dagrun for example_sensors to None, run_after=None
[2023-05-27T16:43:55.743+0000] {processor.py:175} INFO - Processing /home/airflow/.local/lib/python3.7/site-packages/airflow/example_dags/example_sensors.py took 0.090 seconds
[2023-05-27T16:44:25.972+0000] {processor.py:153} INFO - Started process (PID=387) to work on /home/airflow/.local/lib/python3.7/site-packages/airflow/example_dags/example_sensors.py
[2023-05-27T16:44:25.973+0000] {processor.py:743} INFO - Processing file /home/airflow/.local/lib/python3.7/site-packages/airflow/example_dags/example_sensors.py for tasks to queue
[2023-05-27T16:44:25.974+0000] {logging_mixin.py:137} INFO - [2023-05-27T16:44:25.974+0000] {dagbag.py:532} INFO - Filling up the DagBag from /home/airflow/.local/lib/python3.7/site-packages/airflow/example_dags/example_sensors.py
[2023-05-27T16:44:25.995+0000] {processor.py:753} INFO - DAG(s) dict_keys(['example_sensors']) retrieved from /home/airflow/.local/lib/python3.7/site-packages/airflow/example_dags/example_sensors.py
[2023-05-27T16:44:26.025+0000] {logging_mixin.py:137} INFO - [2023-05-27T16:44:26.025+0000] {dag.py:2705} INFO - Sync 1 DAGs
[2023-05-27T16:44:26.049+0000] {logging_mixin.py:137} INFO - [2023-05-27T16:44:26.049+0000] {dag.py:3456} INFO - Setting next_dagrun for example_sensors to None, run_after=None
[2023-05-27T16:44:26.066+0000] {processor.py:175} INFO - Processing /home/airflow/.local/lib/python3.7/site-packages/airflow/example_dags/example_sensors.py took 0.102 seconds
[2023-05-27T16:44:56.553+0000] {processor.py:153} INFO - Started process (PID=444) to work on /home/airflow/.local/lib/python3.7/site-packages/airflow/example_dags/example_sensors.py
[2023-05-27T16:44:56.554+0000] {processor.py:743} INFO - Processing file /home/airflow/.local/lib/python3.7/site-packages/airflow/example_dags/example_sensors.py for tasks to queue
[2023-05-27T16:44:56.555+0000] {logging_mixin.py:137} INFO - [2023-05-27T16:44:56.555+0000] {dagbag.py:532} INFO - Filling up the DagBag from /home/airflow/.local/lib/python3.7/site-packages/airflow/example_dags/example_sensors.py
[2023-05-27T16:44:56.575+0000] {processor.py:753} INFO - DAG(s) dict_keys(['example_sensors']) retrieved from /home/airflow/.local/lib/python3.7/site-packages/airflow/example_dags/example_sensors.py
[2023-05-27T16:44:56.607+0000] {logging_mixin.py:137} INFO - [2023-05-27T16:44:56.607+0000] {dag.py:2705} INFO - Sync 1 DAGs
[2023-05-27T16:44:56.631+0000] {logging_mixin.py:137} INFO - [2023-05-27T16:44:56.631+0000] {dag.py:3456} INFO - Setting next_dagrun for example_sensors to None, run_after=None
[2023-05-27T16:44:56.651+0000] {processor.py:175} INFO - Processing /home/airflow/.local/lib/python3.7/site-packages/airflow/example_dags/example_sensors.py took 0.101 seconds
[2023-05-27T16:45:27.202+0000] {processor.py:153} INFO - Started process (PID=501) to work on /home/airflow/.local/lib/python3.7/site-packages/airflow/example_dags/example_sensors.py
[2023-05-27T16:45:27.204+0000] {processor.py:743} INFO - Processing file /home/airflow/.local/lib/python3.7/site-packages/airflow/example_dags/example_sensors.py for tasks to queue
[2023-05-27T16:45:27.204+0000] {logging_mixin.py:137} INFO - [2023-05-27T16:45:27.204+0000] {dagbag.py:532} INFO - Filling up the DagBag from /home/airflow/.local/lib/python3.7/site-packages/airflow/example_dags/example_sensors.py
[2023-05-27T16:45:27.223+0000] {processor.py:753} INFO - DAG(s) dict_keys(['example_sensors']) retrieved from /home/airflow/.local/lib/python3.7/site-packages/airflow/example_dags/example_sensors.py
[2023-05-27T16:45:27.251+0000] {logging_mixin.py:137} INFO - [2023-05-27T16:45:27.251+0000] {dag.py:2705} INFO - Sync 1 DAGs
[2023-05-27T16:45:27.277+0000] {logging_mixin.py:137} INFO - [2023-05-27T16:45:27.277+0000] {dag.py:3456} INFO - Setting next_dagrun for example_sensors to None, run_after=None
[2023-05-27T16:45:27.294+0000] {processor.py:175} INFO - Processing /home/airflow/.local/lib/python3.7/site-packages/airflow/example_dags/example_sensors.py took 0.095 seconds
[2023-05-27T16:45:57.868+0000] {processor.py:153} INFO - Started process (PID=558) to work on /home/airflow/.local/lib/python3.7/site-packages/airflow/example_dags/example_sensors.py
[2023-05-27T16:45:57.869+0000] {processor.py:743} INFO - Processing file /home/airflow/.local/lib/python3.7/site-packages/airflow/example_dags/example_sensors.py for tasks to queue
[2023-05-27T16:45:57.870+0000] {logging_mixin.py:137} INFO - [2023-05-27T16:45:57.870+0000] {dagbag.py:532} INFO - Filling up the DagBag from /home/airflow/.local/lib/python3.7/site-packages/airflow/example_dags/example_sensors.py
[2023-05-27T16:45:57.890+0000] {processor.py:753} INFO - DAG(s) dict_keys(['example_sensors']) retrieved from /home/airflow/.local/lib/python3.7/site-packages/airflow/example_dags/example_sensors.py
[2023-05-27T16:45:57.927+0000] {logging_mixin.py:137} INFO - [2023-05-27T16:45:57.927+0000] {dag.py:2705} INFO - Sync 1 DAGs
[2023-05-27T16:45:57.950+0000] {logging_mixin.py:137} INFO - [2023-05-27T16:45:57.950+0000] {dag.py:3456} INFO - Setting next_dagrun for example_sensors to None, run_after=None
[2023-05-27T16:45:57.965+0000] {processor.py:175} INFO - Processing /home/airflow/.local/lib/python3.7/site-packages/airflow/example_dags/example_sensors.py took 0.101 seconds
[2023-05-27T16:46:28.355+0000] {processor.py:153} INFO - Started process (PID=615) to work on /home/airflow/.local/lib/python3.7/site-packages/airflow/example_dags/example_sensors.py
[2023-05-27T16:46:28.357+0000] {processor.py:743} INFO - Processing file /home/airflow/.local/lib/python3.7/site-packages/airflow/example_dags/example_sensors.py for tasks to queue
[2023-05-27T16:46:28.358+0000] {logging_mixin.py:137} INFO - [2023-05-27T16:46:28.358+0000] {dagbag.py:532} INFO - Filling up the DagBag from /home/airflow/.local/lib/python3.7/site-packages/airflow/example_dags/example_sensors.py
[2023-05-27T16:46:28.380+0000] {processor.py:753} INFO - DAG(s) dict_keys(['example_sensors']) retrieved from /home/airflow/.local/lib/python3.7/site-packages/airflow/example_dags/example_sensors.py
[2023-05-27T16:46:28.410+0000] {logging_mixin.py:137} INFO - [2023-05-27T16:46:28.409+0000] {dag.py:2705} INFO - Sync 1 DAGs
[2023-05-27T16:46:28.431+0000] {logging_mixin.py:137} INFO - [2023-05-27T16:46:28.431+0000] {dag.py:3456} INFO - Setting next_dagrun for example_sensors to None, run_after=None
[2023-05-27T16:46:28.446+0000] {processor.py:175} INFO - Processing /home/airflow/.local/lib/python3.7/site-packages/airflow/example_dags/example_sensors.py took 0.096 seconds
[2023-05-27T16:46:58.791+0000] {processor.py:153} INFO - Started process (PID=672) to work on /home/airflow/.local/lib/python3.7/site-packages/airflow/example_dags/example_sensors.py
[2023-05-27T16:46:58.793+0000] {processor.py:743} INFO - Processing file /home/airflow/.local/lib/python3.7/site-packages/airflow/example_dags/example_sensors.py for tasks to queue
[2023-05-27T16:46:58.794+0000] {logging_mixin.py:137} INFO - [2023-05-27T16:46:58.794+0000] {dagbag.py:532} INFO - Filling up the DagBag from /home/airflow/.local/lib/python3.7/site-packages/airflow/example_dags/example_sensors.py
[2023-05-27T16:46:58.817+0000] {processor.py:753} INFO - DAG(s) dict_keys(['example_sensors']) retrieved from /home/airflow/.local/lib/python3.7/site-packages/airflow/example_dags/example_sensors.py
[2023-05-27T16:46:58.845+0000] {logging_mixin.py:137} INFO - [2023-05-27T16:46:58.845+0000] {dag.py:2705} INFO - Sync 1 DAGs
[2023-05-27T16:46:58.867+0000] {logging_mixin.py:137} INFO - [2023-05-27T16:46:58.867+0000] {dag.py:3456} INFO - Setting next_dagrun for example_sensors to None, run_after=None
[2023-05-27T16:46:58.881+0000] {processor.py:175} INFO - Processing /home/airflow/.local/lib/python3.7/site-packages/airflow/example_dags/example_sensors.py took 0.098 seconds
[2023-05-27T16:47:29.659+0000] {processor.py:153} INFO - Started process (PID=729) to work on /home/airflow/.local/lib/python3.7/site-packages/airflow/example_dags/example_sensors.py
[2023-05-27T16:47:29.661+0000] {processor.py:743} INFO - Processing file /home/airflow/.local/lib/python3.7/site-packages/airflow/example_dags/example_sensors.py for tasks to queue
[2023-05-27T16:47:29.661+0000] {logging_mixin.py:137} INFO - [2023-05-27T16:47:29.661+0000] {dagbag.py:532} INFO - Filling up the DagBag from /home/airflow/.local/lib/python3.7/site-packages/airflow/example_dags/example_sensors.py
[2023-05-27T16:47:29.680+0000] {processor.py:753} INFO - DAG(s) dict_keys(['example_sensors']) retrieved from /home/airflow/.local/lib/python3.7/site-packages/airflow/example_dags/example_sensors.py
[2023-05-27T16:47:29.708+0000] {logging_mixin.py:137} INFO - [2023-05-27T16:47:29.708+0000] {dag.py:2705} INFO - Sync 1 DAGs
[2023-05-27T16:47:29.728+0000] {logging_mixin.py:137} INFO - [2023-05-27T16:47:29.728+0000] {dag.py:3456} INFO - Setting next_dagrun for example_sensors to None, run_after=None
[2023-05-27T16:47:29.742+0000] {processor.py:175} INFO - Processing /home/airflow/.local/lib/python3.7/site-packages/airflow/example_dags/example_sensors.py took 0.086 seconds
[2023-05-27T16:48:00.371+0000] {processor.py:153} INFO - Started process (PID=786) to work on /home/airflow/.local/lib/python3.7/site-packages/airflow/example_dags/example_sensors.py
[2023-05-27T16:48:00.373+0000] {processor.py:743} INFO - Processing file /home/airflow/.local/lib/python3.7/site-packages/airflow/example_dags/example_sensors.py for tasks to queue
[2023-05-27T16:48:00.374+0000] {logging_mixin.py:137} INFO - [2023-05-27T16:48:00.374+0000] {dagbag.py:532} INFO - Filling up the DagBag from /home/airflow/.local/lib/python3.7/site-packages/airflow/example_dags/example_sensors.py
[2023-05-27T16:48:00.395+0000] {processor.py:753} INFO - DAG(s) dict_keys(['example_sensors']) retrieved from /home/airflow/.local/lib/python3.7/site-packages/airflow/example_dags/example_sensors.py
[2023-05-27T16:48:00.426+0000] {logging_mixin.py:137} INFO - [2023-05-27T16:48:00.426+0000] {dag.py:2705} INFO - Sync 1 DAGs
[2023-05-27T16:48:00.447+0000] {logging_mixin.py:137} INFO - [2023-05-27T16:48:00.447+0000] {dag.py:3456} INFO - Setting next_dagrun for example_sensors to None, run_after=None
[2023-05-27T16:48:00.461+0000] {processor.py:175} INFO - Processing /home/airflow/.local/lib/python3.7/site-packages/airflow/example_dags/example_sensors.py took 0.093 seconds
[2023-05-27T16:48:30.832+0000] {processor.py:153} INFO - Started process (PID=843) to work on /home/airflow/.local/lib/python3.7/site-packages/airflow/example_dags/example_sensors.py
[2023-05-27T16:48:30.834+0000] {processor.py:743} INFO - Processing file /home/airflow/.local/lib/python3.7/site-packages/airflow/example_dags/example_sensors.py for tasks to queue
[2023-05-27T16:48:30.835+0000] {logging_mixin.py:137} INFO - [2023-05-27T16:48:30.835+0000] {dagbag.py:532} INFO - Filling up the DagBag from /home/airflow/.local/lib/python3.7/site-packages/airflow/example_dags/example_sensors.py
[2023-05-27T16:48:30.853+0000] {processor.py:753} INFO - DAG(s) dict_keys(['example_sensors']) retrieved from /home/airflow/.local/lib/python3.7/site-packages/airflow/example_dags/example_sensors.py
[2023-05-27T16:48:30.882+0000] {logging_mixin.py:137} INFO - [2023-05-27T16:48:30.881+0000] {dag.py:2705} INFO - Sync 1 DAGs
[2023-05-27T16:48:30.902+0000] {logging_mixin.py:137} INFO - [2023-05-27T16:48:30.902+0000] {dag.py:3456} INFO - Setting next_dagrun for example_sensors to None, run_after=None
[2023-05-27T16:48:30.915+0000] {processor.py:175} INFO - Processing /home/airflow/.local/lib/python3.7/site-packages/airflow/example_dags/example_sensors.py took 0.086 seconds
[2023-05-27T16:49:01.635+0000] {processor.py:153} INFO - Started process (PID=900) to work on /home/airflow/.local/lib/python3.7/site-packages/airflow/example_dags/example_sensors.py
[2023-05-27T16:49:01.636+0000] {processor.py:743} INFO - Processing file /home/airflow/.local/lib/python3.7/site-packages/airflow/example_dags/example_sensors.py for tasks to queue
[2023-05-27T16:49:01.637+0000] {logging_mixin.py:137} INFO - [2023-05-27T16:49:01.637+0000] {dagbag.py:532} INFO - Filling up the DagBag from /home/airflow/.local/lib/python3.7/site-packages/airflow/example_dags/example_sensors.py
[2023-05-27T16:49:01.655+0000] {processor.py:753} INFO - DAG(s) dict_keys(['example_sensors']) retrieved from /home/airflow/.local/lib/python3.7/site-packages/airflow/example_dags/example_sensors.py
[2023-05-27T16:49:01.684+0000] {logging_mixin.py:137} INFO - [2023-05-27T16:49:01.683+0000] {dag.py:2705} INFO - Sync 1 DAGs
[2023-05-27T16:49:01.704+0000] {logging_mixin.py:137} INFO - [2023-05-27T16:49:01.703+0000] {dag.py:3456} INFO - Setting next_dagrun for example_sensors to None, run_after=None
[2023-05-27T16:49:01.717+0000] {processor.py:175} INFO - Processing /home/airflow/.local/lib/python3.7/site-packages/airflow/example_dags/example_sensors.py took 0.086 seconds
[2023-05-27T16:49:32.104+0000] {processor.py:153} INFO - Started process (PID=957) to work on /home/airflow/.local/lib/python3.7/site-packages/airflow/example_dags/example_sensors.py
[2023-05-27T16:49:32.105+0000] {processor.py:743} INFO - Processing file /home/airflow/.local/lib/python3.7/site-packages/airflow/example_dags/example_sensors.py for tasks to queue
[2023-05-27T16:49:32.106+0000] {logging_mixin.py:137} INFO - [2023-05-27T16:49:32.106+0000] {dagbag.py:532} INFO - Filling up the DagBag from /home/airflow/.local/lib/python3.7/site-packages/airflow/example_dags/example_sensors.py
[2023-05-27T16:49:32.126+0000] {processor.py:753} INFO - DAG(s) dict_keys(['example_sensors']) retrieved from /home/airflow/.local/lib/python3.7/site-packages/airflow/example_dags/example_sensors.py
[2023-05-27T16:49:32.154+0000] {logging_mixin.py:137} INFO - [2023-05-27T16:49:32.154+0000] {dag.py:2705} INFO - Sync 1 DAGs
[2023-05-27T16:49:32.174+0000] {logging_mixin.py:137} INFO - [2023-05-27T16:49:32.174+0000] {dag.py:3456} INFO - Setting next_dagrun for example_sensors to None, run_after=None
[2023-05-27T16:49:32.188+0000] {processor.py:175} INFO - Processing /home/airflow/.local/lib/python3.7/site-packages/airflow/example_dags/example_sensors.py took 0.089 seconds
[2023-05-27T16:50:02.360+0000] {processor.py:153} INFO - Started process (PID=1014) to work on /home/airflow/.local/lib/python3.7/site-packages/airflow/example_dags/example_sensors.py
[2023-05-27T16:50:02.361+0000] {processor.py:743} INFO - Processing file /home/airflow/.local/lib/python3.7/site-packages/airflow/example_dags/example_sensors.py for tasks to queue
[2023-05-27T16:50:02.362+0000] {logging_mixin.py:137} INFO - [2023-05-27T16:50:02.362+0000] {dagbag.py:532} INFO - Filling up the DagBag from /home/airflow/.local/lib/python3.7/site-packages/airflow/example_dags/example_sensors.py
[2023-05-27T16:50:02.381+0000] {processor.py:753} INFO - DAG(s) dict_keys(['example_sensors']) retrieved from /home/airflow/.local/lib/python3.7/site-packages/airflow/example_dags/example_sensors.py
[2023-05-27T16:50:02.409+0000] {logging_mixin.py:137} INFO - [2023-05-27T16:50:02.409+0000] {dag.py:2705} INFO - Sync 1 DAGs
[2023-05-27T16:50:02.429+0000] {logging_mixin.py:137} INFO - [2023-05-27T16:50:02.429+0000] {dag.py:3456} INFO - Setting next_dagrun for example_sensors to None, run_after=None
[2023-05-27T16:50:02.445+0000] {processor.py:175} INFO - Processing /home/airflow/.local/lib/python3.7/site-packages/airflow/example_dags/example_sensors.py took 0.089 seconds
[2023-05-27T16:50:32.540+0000] {processor.py:153} INFO - Started process (PID=1071) to work on /home/airflow/.local/lib/python3.7/site-packages/airflow/example_dags/example_sensors.py
[2023-05-27T16:50:32.542+0000] {processor.py:743} INFO - Processing file /home/airflow/.local/lib/python3.7/site-packages/airflow/example_dags/example_sensors.py for tasks to queue
[2023-05-27T16:50:32.543+0000] {logging_mixin.py:137} INFO - [2023-05-27T16:50:32.542+0000] {dagbag.py:532} INFO - Filling up the DagBag from /home/airflow/.local/lib/python3.7/site-packages/airflow/example_dags/example_sensors.py
[2023-05-27T16:50:32.562+0000] {processor.py:753} INFO - DAG(s) dict_keys(['example_sensors']) retrieved from /home/airflow/.local/lib/python3.7/site-packages/airflow/example_dags/example_sensors.py
[2023-05-27T16:50:32.591+0000] {logging_mixin.py:137} INFO - [2023-05-27T16:50:32.590+0000] {dag.py:2705} INFO - Sync 1 DAGs
[2023-05-27T16:50:32.613+0000] {logging_mixin.py:137} INFO - [2023-05-27T16:50:32.613+0000] {dag.py:3456} INFO - Setting next_dagrun for example_sensors to None, run_after=None
[2023-05-27T16:50:32.626+0000] {processor.py:175} INFO - Processing /home/airflow/.local/lib/python3.7/site-packages/airflow/example_dags/example_sensors.py took 0.089 seconds
[2023-05-27T16:51:02.744+0000] {processor.py:153} INFO - Started process (PID=1128) to work on /home/airflow/.local/lib/python3.7/site-packages/airflow/example_dags/example_sensors.py
[2023-05-27T16:51:02.745+0000] {processor.py:743} INFO - Processing file /home/airflow/.local/lib/python3.7/site-packages/airflow/example_dags/example_sensors.py for tasks to queue
[2023-05-27T16:51:02.746+0000] {logging_mixin.py:137} INFO - [2023-05-27T16:51:02.746+0000] {dagbag.py:532} INFO - Filling up the DagBag from /home/airflow/.local/lib/python3.7/site-packages/airflow/example_dags/example_sensors.py
[2023-05-27T16:51:02.767+0000] {processor.py:753} INFO - DAG(s) dict_keys(['example_sensors']) retrieved from /home/airflow/.local/lib/python3.7/site-packages/airflow/example_dags/example_sensors.py
[2023-05-27T16:51:02.801+0000] {logging_mixin.py:137} INFO - [2023-05-27T16:51:02.801+0000] {dag.py:2705} INFO - Sync 1 DAGs
[2023-05-27T16:51:02.823+0000] {logging_mixin.py:137} INFO - [2023-05-27T16:51:02.823+0000] {dag.py:3456} INFO - Setting next_dagrun for example_sensors to None, run_after=None
[2023-05-27T16:51:02.837+0000] {processor.py:175} INFO - Processing /home/airflow/.local/lib/python3.7/site-packages/airflow/example_dags/example_sensors.py took 0.096 seconds
[2023-05-27T16:51:33.018+0000] {processor.py:153} INFO - Started process (PID=1185) to work on /home/airflow/.local/lib/python3.7/site-packages/airflow/example_dags/example_sensors.py
[2023-05-27T16:51:33.019+0000] {processor.py:743} INFO - Processing file /home/airflow/.local/lib/python3.7/site-packages/airflow/example_dags/example_sensors.py for tasks to queue
[2023-05-27T16:51:33.020+0000] {logging_mixin.py:137} INFO - [2023-05-27T16:51:33.020+0000] {dagbag.py:532} INFO - Filling up the DagBag from /home/airflow/.local/lib/python3.7/site-packages/airflow/example_dags/example_sensors.py
[2023-05-27T16:51:33.041+0000] {processor.py:753} INFO - DAG(s) dict_keys(['example_sensors']) retrieved from /home/airflow/.local/lib/python3.7/site-packages/airflow/example_dags/example_sensors.py
[2023-05-27T16:51:33.072+0000] {logging_mixin.py:137} INFO - [2023-05-27T16:51:33.072+0000] {dag.py:2705} INFO - Sync 1 DAGs
[2023-05-27T16:51:33.095+0000] {logging_mixin.py:137} INFO - [2023-05-27T16:51:33.095+0000] {dag.py:3456} INFO - Setting next_dagrun for example_sensors to None, run_after=None
[2023-05-27T16:51:33.109+0000] {processor.py:175} INFO - Processing /home/airflow/.local/lib/python3.7/site-packages/airflow/example_dags/example_sensors.py took 0.095 seconds
[2023-05-27T16:52:03.285+0000] {processor.py:153} INFO - Started process (PID=1242) to work on /home/airflow/.local/lib/python3.7/site-packages/airflow/example_dags/example_sensors.py
[2023-05-27T16:52:03.286+0000] {processor.py:743} INFO - Processing file /home/airflow/.local/lib/python3.7/site-packages/airflow/example_dags/example_sensors.py for tasks to queue
[2023-05-27T16:52:03.287+0000] {logging_mixin.py:137} INFO - [2023-05-27T16:52:03.287+0000] {dagbag.py:532} INFO - Filling up the DagBag from /home/airflow/.local/lib/python3.7/site-packages/airflow/example_dags/example_sensors.py
[2023-05-27T16:52:03.318+0000] {processor.py:753} INFO - DAG(s) dict_keys(['example_sensors']) retrieved from /home/airflow/.local/lib/python3.7/site-packages/airflow/example_dags/example_sensors.py
[2023-05-27T16:52:03.350+0000] {logging_mixin.py:137} INFO - [2023-05-27T16:52:03.350+0000] {dag.py:2705} INFO - Sync 1 DAGs
[2023-05-27T16:52:03.372+0000] {logging_mixin.py:137} INFO - [2023-05-27T16:52:03.372+0000] {dag.py:3456} INFO - Setting next_dagrun for example_sensors to None, run_after=None
[2023-05-27T16:52:03.386+0000] {processor.py:175} INFO - Processing /home/airflow/.local/lib/python3.7/site-packages/airflow/example_dags/example_sensors.py took 0.105 seconds
[2023-05-27T16:52:33.979+0000] {processor.py:153} INFO - Started process (PID=1299) to work on /home/airflow/.local/lib/python3.7/site-packages/airflow/example_dags/example_sensors.py
[2023-05-27T16:52:33.980+0000] {processor.py:743} INFO - Processing file /home/airflow/.local/lib/python3.7/site-packages/airflow/example_dags/example_sensors.py for tasks to queue
[2023-05-27T16:52:33.981+0000] {logging_mixin.py:137} INFO - [2023-05-27T16:52:33.981+0000] {dagbag.py:532} INFO - Filling up the DagBag from /home/airflow/.local/lib/python3.7/site-packages/airflow/example_dags/example_sensors.py
[2023-05-27T16:52:34.000+0000] {processor.py:753} INFO - DAG(s) dict_keys(['example_sensors']) retrieved from /home/airflow/.local/lib/python3.7/site-packages/airflow/example_dags/example_sensors.py
[2023-05-27T16:52:34.041+0000] {logging_mixin.py:137} INFO - [2023-05-27T16:52:34.041+0000] {dag.py:2705} INFO - Sync 1 DAGs
[2023-05-27T16:52:34.066+0000] {logging_mixin.py:137} INFO - [2023-05-27T16:52:34.065+0000] {dag.py:3456} INFO - Setting next_dagrun for example_sensors to None, run_after=None
[2023-05-27T16:52:34.087+0000] {processor.py:175} INFO - Processing /home/airflow/.local/lib/python3.7/site-packages/airflow/example_dags/example_sensors.py took 0.112 seconds
[2023-05-27T16:53:04.306+0000] {processor.py:153} INFO - Started process (PID=1356) to work on /home/airflow/.local/lib/python3.7/site-packages/airflow/example_dags/example_sensors.py
[2023-05-27T16:53:04.307+0000] {processor.py:743} INFO - Processing file /home/airflow/.local/lib/python3.7/site-packages/airflow/example_dags/example_sensors.py for tasks to queue
[2023-05-27T16:53:04.309+0000] {logging_mixin.py:137} INFO - [2023-05-27T16:53:04.308+0000] {dagbag.py:532} INFO - Filling up the DagBag from /home/airflow/.local/lib/python3.7/site-packages/airflow/example_dags/example_sensors.py
[2023-05-27T16:53:04.331+0000] {processor.py:753} INFO - DAG(s) dict_keys(['example_sensors']) retrieved from /home/airflow/.local/lib/python3.7/site-packages/airflow/example_dags/example_sensors.py
[2023-05-27T16:53:04.365+0000] {logging_mixin.py:137} INFO - [2023-05-27T16:53:04.365+0000] {dag.py:2705} INFO - Sync 1 DAGs
[2023-05-27T16:53:04.390+0000] {logging_mixin.py:137} INFO - [2023-05-27T16:53:04.390+0000] {dag.py:3456} INFO - Setting next_dagrun for example_sensors to None, run_after=None
[2023-05-27T16:53:04.408+0000] {processor.py:175} INFO - Processing /home/airflow/.local/lib/python3.7/site-packages/airflow/example_dags/example_sensors.py took 0.106 seconds
[2023-05-27T16:53:34.613+0000] {processor.py:153} INFO - Started process (PID=1413) to work on /home/airflow/.local/lib/python3.7/site-packages/airflow/example_dags/example_sensors.py
[2023-05-27T16:53:34.615+0000] {processor.py:743} INFO - Processing file /home/airflow/.local/lib/python3.7/site-packages/airflow/example_dags/example_sensors.py for tasks to queue
[2023-05-27T16:53:34.615+0000] {logging_mixin.py:137} INFO - [2023-05-27T16:53:34.615+0000] {dagbag.py:532} INFO - Filling up the DagBag from /home/airflow/.local/lib/python3.7/site-packages/airflow/example_dags/example_sensors.py
[2023-05-27T16:53:34.634+0000] {processor.py:753} INFO - DAG(s) dict_keys(['example_sensors']) retrieved from /home/airflow/.local/lib/python3.7/site-packages/airflow/example_dags/example_sensors.py
[2023-05-27T16:53:34.663+0000] {logging_mixin.py:137} INFO - [2023-05-27T16:53:34.663+0000] {dag.py:2705} INFO - Sync 1 DAGs
[2023-05-27T16:53:34.685+0000] {logging_mixin.py:137} INFO - [2023-05-27T16:53:34.685+0000] {dag.py:3456} INFO - Setting next_dagrun for example_sensors to None, run_after=None
[2023-05-27T16:53:34.699+0000] {processor.py:175} INFO - Processing /home/airflow/.local/lib/python3.7/site-packages/airflow/example_dags/example_sensors.py took 0.090 seconds
[2023-05-27T16:54:04.843+0000] {processor.py:153} INFO - Started process (PID=1470) to work on /home/airflow/.local/lib/python3.7/site-packages/airflow/example_dags/example_sensors.py
[2023-05-27T16:54:04.845+0000] {processor.py:743} INFO - Processing file /home/airflow/.local/lib/python3.7/site-packages/airflow/example_dags/example_sensors.py for tasks to queue
[2023-05-27T16:54:04.846+0000] {logging_mixin.py:137} INFO - [2023-05-27T16:54:04.846+0000] {dagbag.py:532} INFO - Filling up the DagBag from /home/airflow/.local/lib/python3.7/site-packages/airflow/example_dags/example_sensors.py
[2023-05-27T16:54:04.865+0000] {processor.py:753} INFO - DAG(s) dict_keys(['example_sensors']) retrieved from /home/airflow/.local/lib/python3.7/site-packages/airflow/example_dags/example_sensors.py
[2023-05-27T16:54:04.894+0000] {logging_mixin.py:137} INFO - [2023-05-27T16:54:04.894+0000] {dag.py:2705} INFO - Sync 1 DAGs
[2023-05-27T16:54:04.916+0000] {logging_mixin.py:137} INFO - [2023-05-27T16:54:04.916+0000] {dag.py:3456} INFO - Setting next_dagrun for example_sensors to None, run_after=None
[2023-05-27T16:54:04.930+0000] {processor.py:175} INFO - Processing /home/airflow/.local/lib/python3.7/site-packages/airflow/example_dags/example_sensors.py took 0.091 seconds
[2023-05-27T16:54:35.115+0000] {processor.py:153} INFO - Started process (PID=1527) to work on /home/airflow/.local/lib/python3.7/site-packages/airflow/example_dags/example_sensors.py
[2023-05-27T16:54:35.117+0000] {processor.py:743} INFO - Processing file /home/airflow/.local/lib/python3.7/site-packages/airflow/example_dags/example_sensors.py for tasks to queue
[2023-05-27T16:54:35.118+0000] {logging_mixin.py:137} INFO - [2023-05-27T16:54:35.118+0000] {dagbag.py:532} INFO - Filling up the DagBag from /home/airflow/.local/lib/python3.7/site-packages/airflow/example_dags/example_sensors.py
[2023-05-27T16:54:35.137+0000] {processor.py:753} INFO - DAG(s) dict_keys(['example_sensors']) retrieved from /home/airflow/.local/lib/python3.7/site-packages/airflow/example_dags/example_sensors.py
[2023-05-27T16:54:35.171+0000] {logging_mixin.py:137} INFO - [2023-05-27T16:54:35.171+0000] {dag.py:2705} INFO - Sync 1 DAGs
[2023-05-27T16:54:35.192+0000] {logging_mixin.py:137} INFO - [2023-05-27T16:54:35.192+0000] {dag.py:3456} INFO - Setting next_dagrun for example_sensors to None, run_after=None
[2023-05-27T16:54:35.206+0000] {processor.py:175} INFO - Processing /home/airflow/.local/lib/python3.7/site-packages/airflow/example_dags/example_sensors.py took 0.094 seconds
[2023-05-27T16:55:05.347+0000] {processor.py:153} INFO - Started process (PID=1584) to work on /home/airflow/.local/lib/python3.7/site-packages/airflow/example_dags/example_sensors.py
[2023-05-27T16:55:05.349+0000] {processor.py:743} INFO - Processing file /home/airflow/.local/lib/python3.7/site-packages/airflow/example_dags/example_sensors.py for tasks to queue
[2023-05-27T16:55:05.350+0000] {logging_mixin.py:137} INFO - [2023-05-27T16:55:05.350+0000] {dagbag.py:532} INFO - Filling up the DagBag from /home/airflow/.local/lib/python3.7/site-packages/airflow/example_dags/example_sensors.py
[2023-05-27T16:55:05.392+0000] {processor.py:753} INFO - DAG(s) dict_keys(['example_sensors']) retrieved from /home/airflow/.local/lib/python3.7/site-packages/airflow/example_dags/example_sensors.py
[2023-05-27T16:55:05.433+0000] {logging_mixin.py:137} INFO - [2023-05-27T16:55:05.433+0000] {dag.py:2705} INFO - Sync 1 DAGs
[2023-05-27T16:55:05.463+0000] {logging_mixin.py:137} INFO - [2023-05-27T16:55:05.463+0000] {dag.py:3456} INFO - Setting next_dagrun for example_sensors to None, run_after=None
[2023-05-27T16:55:05.487+0000] {processor.py:175} INFO - Processing /home/airflow/.local/lib/python3.7/site-packages/airflow/example_dags/example_sensors.py took 0.144 seconds
[2023-05-27T16:55:36.486+0000] {processor.py:153} INFO - Started process (PID=1641) to work on /home/airflow/.local/lib/python3.7/site-packages/airflow/example_dags/example_sensors.py
[2023-05-27T16:55:36.487+0000] {processor.py:743} INFO - Processing file /home/airflow/.local/lib/python3.7/site-packages/airflow/example_dags/example_sensors.py for tasks to queue
[2023-05-27T16:55:36.488+0000] {logging_mixin.py:137} INFO - [2023-05-27T16:55:36.488+0000] {dagbag.py:532} INFO - Filling up the DagBag from /home/airflow/.local/lib/python3.7/site-packages/airflow/example_dags/example_sensors.py
[2023-05-27T16:55:36.507+0000] {processor.py:753} INFO - DAG(s) dict_keys(['example_sensors']) retrieved from /home/airflow/.local/lib/python3.7/site-packages/airflow/example_dags/example_sensors.py
[2023-05-27T16:55:36.536+0000] {logging_mixin.py:137} INFO - [2023-05-27T16:55:36.536+0000] {dag.py:2705} INFO - Sync 1 DAGs
[2023-05-27T16:55:36.558+0000] {logging_mixin.py:137} INFO - [2023-05-27T16:55:36.558+0000] {dag.py:3456} INFO - Setting next_dagrun for example_sensors to None, run_after=None
[2023-05-27T16:55:36.574+0000] {processor.py:175} INFO - Processing /home/airflow/.local/lib/python3.7/site-packages/airflow/example_dags/example_sensors.py took 0.091 seconds
[2023-05-27T16:56:07.290+0000] {processor.py:153} INFO - Started process (PID=1698) to work on /home/airflow/.local/lib/python3.7/site-packages/airflow/example_dags/example_sensors.py
[2023-05-27T16:56:07.292+0000] {processor.py:743} INFO - Processing file /home/airflow/.local/lib/python3.7/site-packages/airflow/example_dags/example_sensors.py for tasks to queue
[2023-05-27T16:56:07.293+0000] {logging_mixin.py:137} INFO - [2023-05-27T16:56:07.293+0000] {dagbag.py:532} INFO - Filling up the DagBag from /home/airflow/.local/lib/python3.7/site-packages/airflow/example_dags/example_sensors.py
[2023-05-27T16:56:07.315+0000] {processor.py:753} INFO - DAG(s) dict_keys(['example_sensors']) retrieved from /home/airflow/.local/lib/python3.7/site-packages/airflow/example_dags/example_sensors.py
[2023-05-27T16:56:07.345+0000] {logging_mixin.py:137} INFO - [2023-05-27T16:56:07.345+0000] {dag.py:2705} INFO - Sync 1 DAGs
[2023-05-27T16:56:07.367+0000] {logging_mixin.py:137} INFO - [2023-05-27T16:56:07.366+0000] {dag.py:3456} INFO - Setting next_dagrun for example_sensors to None, run_after=None
[2023-05-27T16:56:07.381+0000] {processor.py:175} INFO - Processing /home/airflow/.local/lib/python3.7/site-packages/airflow/example_dags/example_sensors.py took 0.099 seconds
[2023-05-27T16:56:37.613+0000] {processor.py:153} INFO - Started process (PID=1754) to work on /home/airflow/.local/lib/python3.7/site-packages/airflow/example_dags/example_sensors.py
[2023-05-27T16:56:37.614+0000] {processor.py:743} INFO - Processing file /home/airflow/.local/lib/python3.7/site-packages/airflow/example_dags/example_sensors.py for tasks to queue
[2023-05-27T16:56:37.615+0000] {logging_mixin.py:137} INFO - [2023-05-27T16:56:37.615+0000] {dagbag.py:532} INFO - Filling up the DagBag from /home/airflow/.local/lib/python3.7/site-packages/airflow/example_dags/example_sensors.py
[2023-05-27T16:56:37.635+0000] {processor.py:753} INFO - DAG(s) dict_keys(['example_sensors']) retrieved from /home/airflow/.local/lib/python3.7/site-packages/airflow/example_dags/example_sensors.py
[2023-05-27T16:56:37.666+0000] {logging_mixin.py:137} INFO - [2023-05-27T16:56:37.665+0000] {dag.py:2705} INFO - Sync 1 DAGs
[2023-05-27T16:56:37.687+0000] {logging_mixin.py:137} INFO - [2023-05-27T16:56:37.686+0000] {dag.py:3456} INFO - Setting next_dagrun for example_sensors to None, run_after=None
[2023-05-27T16:56:37.701+0000] {processor.py:175} INFO - Processing /home/airflow/.local/lib/python3.7/site-packages/airflow/example_dags/example_sensors.py took 0.092 seconds
[2023-05-27T16:57:08.599+0000] {processor.py:153} INFO - Started process (PID=1811) to work on /home/airflow/.local/lib/python3.7/site-packages/airflow/example_dags/example_sensors.py
[2023-05-27T16:57:08.600+0000] {processor.py:743} INFO - Processing file /home/airflow/.local/lib/python3.7/site-packages/airflow/example_dags/example_sensors.py for tasks to queue
[2023-05-27T16:57:08.601+0000] {logging_mixin.py:137} INFO - [2023-05-27T16:57:08.601+0000] {dagbag.py:532} INFO - Filling up the DagBag from /home/airflow/.local/lib/python3.7/site-packages/airflow/example_dags/example_sensors.py
[2023-05-27T16:57:08.620+0000] {processor.py:753} INFO - DAG(s) dict_keys(['example_sensors']) retrieved from /home/airflow/.local/lib/python3.7/site-packages/airflow/example_dags/example_sensors.py
[2023-05-27T16:57:08.647+0000] {logging_mixin.py:137} INFO - [2023-05-27T16:57:08.647+0000] {dag.py:2705} INFO - Sync 1 DAGs
[2023-05-27T16:57:08.668+0000] {logging_mixin.py:137} INFO - [2023-05-27T16:57:08.668+0000] {dag.py:3456} INFO - Setting next_dagrun for example_sensors to None, run_after=None
[2023-05-27T16:57:08.681+0000] {processor.py:175} INFO - Processing /home/airflow/.local/lib/python3.7/site-packages/airflow/example_dags/example_sensors.py took 0.086 seconds
[2023-05-27T16:57:39.942+0000] {processor.py:153} INFO - Started process (PID=1868) to work on /home/airflow/.local/lib/python3.7/site-packages/airflow/example_dags/example_sensors.py
[2023-05-27T16:57:39.945+0000] {processor.py:743} INFO - Processing file /home/airflow/.local/lib/python3.7/site-packages/airflow/example_dags/example_sensors.py for tasks to queue
[2023-05-27T16:57:39.949+0000] {logging_mixin.py:137} INFO - [2023-05-27T16:57:39.948+0000] {dagbag.py:532} INFO - Filling up the DagBag from /home/airflow/.local/lib/python3.7/site-packages/airflow/example_dags/example_sensors.py
[2023-05-27T16:57:39.984+0000] {processor.py:753} INFO - DAG(s) dict_keys(['example_sensors']) retrieved from /home/airflow/.local/lib/python3.7/site-packages/airflow/example_dags/example_sensors.py
[2023-05-27T16:57:40.038+0000] {logging_mixin.py:137} INFO - [2023-05-27T16:57:40.037+0000] {dag.py:2705} INFO - Sync 1 DAGs
[2023-05-27T16:57:40.072+0000] {logging_mixin.py:137} INFO - [2023-05-27T16:57:40.072+0000] {dag.py:3456} INFO - Setting next_dagrun for example_sensors to None, run_after=None
[2023-05-27T16:57:40.110+0000] {processor.py:175} INFO - Processing /home/airflow/.local/lib/python3.7/site-packages/airflow/example_dags/example_sensors.py took 0.173 seconds
[2023-05-27T16:58:10.848+0000] {processor.py:153} INFO - Started process (PID=1925) to work on /home/airflow/.local/lib/python3.7/site-packages/airflow/example_dags/example_sensors.py
[2023-05-27T16:58:10.850+0000] {processor.py:743} INFO - Processing file /home/airflow/.local/lib/python3.7/site-packages/airflow/example_dags/example_sensors.py for tasks to queue
[2023-05-27T16:58:10.851+0000] {logging_mixin.py:137} INFO - [2023-05-27T16:58:10.851+0000] {dagbag.py:532} INFO - Filling up the DagBag from /home/airflow/.local/lib/python3.7/site-packages/airflow/example_dags/example_sensors.py
[2023-05-27T16:58:10.870+0000] {processor.py:753} INFO - DAG(s) dict_keys(['example_sensors']) retrieved from /home/airflow/.local/lib/python3.7/site-packages/airflow/example_dags/example_sensors.py
[2023-05-27T16:58:10.899+0000] {logging_mixin.py:137} INFO - [2023-05-27T16:58:10.898+0000] {dag.py:2705} INFO - Sync 1 DAGs
[2023-05-27T16:58:10.919+0000] {logging_mixin.py:137} INFO - [2023-05-27T16:58:10.919+0000] {dag.py:3456} INFO - Setting next_dagrun for example_sensors to None, run_after=None
[2023-05-27T16:58:10.933+0000] {processor.py:175} INFO - Processing /home/airflow/.local/lib/python3.7/site-packages/airflow/example_dags/example_sensors.py took 0.088 seconds
[2023-05-27T16:58:41.502+0000] {processor.py:153} INFO - Started process (PID=1982) to work on /home/airflow/.local/lib/python3.7/site-packages/airflow/example_dags/example_sensors.py
[2023-05-27T16:58:41.503+0000] {processor.py:743} INFO - Processing file /home/airflow/.local/lib/python3.7/site-packages/airflow/example_dags/example_sensors.py for tasks to queue
[2023-05-27T16:58:41.504+0000] {logging_mixin.py:137} INFO - [2023-05-27T16:58:41.504+0000] {dagbag.py:532} INFO - Filling up the DagBag from /home/airflow/.local/lib/python3.7/site-packages/airflow/example_dags/example_sensors.py
[2023-05-27T16:58:41.522+0000] {processor.py:753} INFO - DAG(s) dict_keys(['example_sensors']) retrieved from /home/airflow/.local/lib/python3.7/site-packages/airflow/example_dags/example_sensors.py
[2023-05-27T16:58:41.551+0000] {logging_mixin.py:137} INFO - [2023-05-27T16:58:41.550+0000] {dag.py:2705} INFO - Sync 1 DAGs
[2023-05-27T16:58:41.571+0000] {logging_mixin.py:137} INFO - [2023-05-27T16:58:41.571+0000] {dag.py:3456} INFO - Setting next_dagrun for example_sensors to None, run_after=None
[2023-05-27T16:58:41.585+0000] {processor.py:175} INFO - Processing /home/airflow/.local/lib/python3.7/site-packages/airflow/example_dags/example_sensors.py took 0.087 seconds
[2023-05-27T16:59:12.189+0000] {processor.py:153} INFO - Started process (PID=2039) to work on /home/airflow/.local/lib/python3.7/site-packages/airflow/example_dags/example_sensors.py
[2023-05-27T16:59:12.190+0000] {processor.py:743} INFO - Processing file /home/airflow/.local/lib/python3.7/site-packages/airflow/example_dags/example_sensors.py for tasks to queue
[2023-05-27T16:59:12.191+0000] {logging_mixin.py:137} INFO - [2023-05-27T16:59:12.191+0000] {dagbag.py:532} INFO - Filling up the DagBag from /home/airflow/.local/lib/python3.7/site-packages/airflow/example_dags/example_sensors.py
[2023-05-27T16:59:12.210+0000] {processor.py:753} INFO - DAG(s) dict_keys(['example_sensors']) retrieved from /home/airflow/.local/lib/python3.7/site-packages/airflow/example_dags/example_sensors.py
[2023-05-27T16:59:12.238+0000] {logging_mixin.py:137} INFO - [2023-05-27T16:59:12.238+0000] {dag.py:2705} INFO - Sync 1 DAGs
[2023-05-27T16:59:12.260+0000] {logging_mixin.py:137} INFO - [2023-05-27T16:59:12.260+0000] {dag.py:3456} INFO - Setting next_dagrun for example_sensors to None, run_after=None
[2023-05-27T16:59:12.273+0000] {processor.py:175} INFO - Processing /home/airflow/.local/lib/python3.7/site-packages/airflow/example_dags/example_sensors.py took 0.088 seconds
[2023-05-27T16:59:43.093+0000] {processor.py:153} INFO - Started process (PID=2096) to work on /home/airflow/.local/lib/python3.7/site-packages/airflow/example_dags/example_sensors.py
[2023-05-27T16:59:43.094+0000] {processor.py:743} INFO - Processing file /home/airflow/.local/lib/python3.7/site-packages/airflow/example_dags/example_sensors.py for tasks to queue
[2023-05-27T16:59:43.096+0000] {logging_mixin.py:137} INFO - [2023-05-27T16:59:43.096+0000] {dagbag.py:532} INFO - Filling up the DagBag from /home/airflow/.local/lib/python3.7/site-packages/airflow/example_dags/example_sensors.py
[2023-05-27T16:59:43.114+0000] {processor.py:753} INFO - DAG(s) dict_keys(['example_sensors']) retrieved from /home/airflow/.local/lib/python3.7/site-packages/airflow/example_dags/example_sensors.py
[2023-05-27T16:59:43.144+0000] {logging_mixin.py:137} INFO - [2023-05-27T16:59:43.144+0000] {dag.py:2705} INFO - Sync 1 DAGs
[2023-05-27T16:59:43.164+0000] {logging_mixin.py:137} INFO - [2023-05-27T16:59:43.164+0000] {dag.py:3456} INFO - Setting next_dagrun for example_sensors to None, run_after=None
[2023-05-27T16:59:43.179+0000] {processor.py:175} INFO - Processing /home/airflow/.local/lib/python3.7/site-packages/airflow/example_dags/example_sensors.py took 0.089 seconds
[2023-05-27T17:00:13.639+0000] {processor.py:153} INFO - Started process (PID=2153) to work on /home/airflow/.local/lib/python3.7/site-packages/airflow/example_dags/example_sensors.py
[2023-05-27T17:00:13.641+0000] {processor.py:743} INFO - Processing file /home/airflow/.local/lib/python3.7/site-packages/airflow/example_dags/example_sensors.py for tasks to queue
[2023-05-27T17:00:13.642+0000] {logging_mixin.py:137} INFO - [2023-05-27T17:00:13.642+0000] {dagbag.py:532} INFO - Filling up the DagBag from /home/airflow/.local/lib/python3.7/site-packages/airflow/example_dags/example_sensors.py
[2023-05-27T17:00:13.663+0000] {processor.py:753} INFO - DAG(s) dict_keys(['example_sensors']) retrieved from /home/airflow/.local/lib/python3.7/site-packages/airflow/example_dags/example_sensors.py
[2023-05-27T17:00:13.694+0000] {logging_mixin.py:137} INFO - [2023-05-27T17:00:13.694+0000] {dag.py:2705} INFO - Sync 1 DAGs
[2023-05-27T17:00:13.724+0000] {logging_mixin.py:137} INFO - [2023-05-27T17:00:13.724+0000] {dag.py:3456} INFO - Setting next_dagrun for example_sensors to None, run_after=None
[2023-05-27T17:00:13.740+0000] {processor.py:175} INFO - Processing /home/airflow/.local/lib/python3.7/site-packages/airflow/example_dags/example_sensors.py took 0.105 seconds
[2023-05-27T17:00:43.828+0000] {processor.py:153} INFO - Started process (PID=2210) to work on /home/airflow/.local/lib/python3.7/site-packages/airflow/example_dags/example_sensors.py
[2023-05-27T17:00:43.832+0000] {processor.py:743} INFO - Processing file /home/airflow/.local/lib/python3.7/site-packages/airflow/example_dags/example_sensors.py for tasks to queue
[2023-05-27T17:00:43.834+0000] {logging_mixin.py:137} INFO - [2023-05-27T17:00:43.833+0000] {dagbag.py:532} INFO - Filling up the DagBag from /home/airflow/.local/lib/python3.7/site-packages/airflow/example_dags/example_sensors.py
[2023-05-27T17:00:43.864+0000] {processor.py:753} INFO - DAG(s) dict_keys(['example_sensors']) retrieved from /home/airflow/.local/lib/python3.7/site-packages/airflow/example_dags/example_sensors.py
[2023-05-27T17:00:43.899+0000] {logging_mixin.py:137} INFO - [2023-05-27T17:00:43.898+0000] {dag.py:2705} INFO - Sync 1 DAGs
[2023-05-27T17:00:43.934+0000] {logging_mixin.py:137} INFO - [2023-05-27T17:00:43.934+0000] {dag.py:3456} INFO - Setting next_dagrun for example_sensors to None, run_after=None
[2023-05-27T17:00:43.960+0000] {processor.py:175} INFO - Processing /home/airflow/.local/lib/python3.7/site-packages/airflow/example_dags/example_sensors.py took 0.138 seconds
