[2023-05-27T16:41:26.577+0000] {processor.py:153} INFO - Started process (PID=71) to work on /home/airflow/.local/lib/python3.7/site-packages/airflow/example_dags/example_time_delta_sensor_async.py
[2023-05-27T16:41:26.580+0000] {processor.py:743} INFO - Processing file /home/airflow/.local/lib/python3.7/site-packages/airflow/example_dags/example_time_delta_sensor_async.py for tasks to queue
[2023-05-27T16:41:26.582+0000] {logging_mixin.py:137} INFO - [2023-05-27T16:41:26.582+0000] {dagbag.py:532} INFO - Filling up the DagBag from /home/airflow/.local/lib/python3.7/site-packages/airflow/example_dags/example_time_delta_sensor_async.py
[2023-05-27T16:41:26.625+0000] {processor.py:753} INFO - DAG(s) dict_keys(['example_time_delta_sensor_async']) retrieved from /home/airflow/.local/lib/python3.7/site-packages/airflow/example_dags/example_time_delta_sensor_async.py
[2023-05-27T16:41:26.695+0000] {logging_mixin.py:137} INFO - [2023-05-27T16:41:26.695+0000] {dag.py:2705} INFO - Sync 1 DAGs
[2023-05-27T16:41:26.763+0000] {logging_mixin.py:137} INFO - [2023-05-27T16:41:26.763+0000] {dag.py:3456} INFO - Setting next_dagrun for example_time_delta_sensor_async to None, run_after=None
[2023-05-27T16:41:26.808+0000] {processor.py:175} INFO - Processing /home/airflow/.local/lib/python3.7/site-packages/airflow/example_dags/example_time_delta_sensor_async.py took 0.242 seconds
[2023-05-27T16:41:57.572+0000] {processor.py:153} INFO - Started process (PID=128) to work on /home/airflow/.local/lib/python3.7/site-packages/airflow/example_dags/example_time_delta_sensor_async.py
[2023-05-27T16:41:57.574+0000] {processor.py:743} INFO - Processing file /home/airflow/.local/lib/python3.7/site-packages/airflow/example_dags/example_time_delta_sensor_async.py for tasks to queue
[2023-05-27T16:41:57.575+0000] {logging_mixin.py:137} INFO - [2023-05-27T16:41:57.574+0000] {dagbag.py:532} INFO - Filling up the DagBag from /home/airflow/.local/lib/python3.7/site-packages/airflow/example_dags/example_time_delta_sensor_async.py
[2023-05-27T16:41:57.588+0000] {processor.py:753} INFO - DAG(s) dict_keys(['example_time_delta_sensor_async']) retrieved from /home/airflow/.local/lib/python3.7/site-packages/airflow/example_dags/example_time_delta_sensor_async.py
[2023-05-27T16:41:57.613+0000] {logging_mixin.py:137} INFO - [2023-05-27T16:41:57.613+0000] {dag.py:2705} INFO - Sync 1 DAGs
[2023-05-27T16:41:57.635+0000] {logging_mixin.py:137} INFO - [2023-05-27T16:41:57.635+0000] {dag.py:3456} INFO - Setting next_dagrun for example_time_delta_sensor_async to None, run_after=None
[2023-05-27T16:41:57.659+0000] {processor.py:175} INFO - Processing /home/airflow/.local/lib/python3.7/site-packages/airflow/example_dags/example_time_delta_sensor_async.py took 0.090 seconds
[2023-05-27T16:42:28.625+0000] {processor.py:153} INFO - Started process (PID=185) to work on /home/airflow/.local/lib/python3.7/site-packages/airflow/example_dags/example_time_delta_sensor_async.py
[2023-05-27T16:42:28.627+0000] {processor.py:743} INFO - Processing file /home/airflow/.local/lib/python3.7/site-packages/airflow/example_dags/example_time_delta_sensor_async.py for tasks to queue
[2023-05-27T16:42:28.628+0000] {logging_mixin.py:137} INFO - [2023-05-27T16:42:28.628+0000] {dagbag.py:532} INFO - Filling up the DagBag from /home/airflow/.local/lib/python3.7/site-packages/airflow/example_dags/example_time_delta_sensor_async.py
[2023-05-27T16:42:28.640+0000] {processor.py:753} INFO - DAG(s) dict_keys(['example_time_delta_sensor_async']) retrieved from /home/airflow/.local/lib/python3.7/site-packages/airflow/example_dags/example_time_delta_sensor_async.py
[2023-05-27T16:42:28.666+0000] {logging_mixin.py:137} INFO - [2023-05-27T16:42:28.666+0000] {dag.py:2705} INFO - Sync 1 DAGs
[2023-05-27T16:42:28.692+0000] {logging_mixin.py:137} INFO - [2023-05-27T16:42:28.692+0000] {dag.py:3456} INFO - Setting next_dagrun for example_time_delta_sensor_async to None, run_after=None
[2023-05-27T16:42:28.707+0000] {processor.py:175} INFO - Processing /home/airflow/.local/lib/python3.7/site-packages/airflow/example_dags/example_time_delta_sensor_async.py took 0.085 seconds
[2023-05-27T16:42:59.309+0000] {processor.py:153} INFO - Started process (PID=242) to work on /home/airflow/.local/lib/python3.7/site-packages/airflow/example_dags/example_time_delta_sensor_async.py
[2023-05-27T16:42:59.311+0000] {processor.py:743} INFO - Processing file /home/airflow/.local/lib/python3.7/site-packages/airflow/example_dags/example_time_delta_sensor_async.py for tasks to queue
[2023-05-27T16:42:59.312+0000] {logging_mixin.py:137} INFO - [2023-05-27T16:42:59.312+0000] {dagbag.py:532} INFO - Filling up the DagBag from /home/airflow/.local/lib/python3.7/site-packages/airflow/example_dags/example_time_delta_sensor_async.py
[2023-05-27T16:42:59.325+0000] {processor.py:753} INFO - DAG(s) dict_keys(['example_time_delta_sensor_async']) retrieved from /home/airflow/.local/lib/python3.7/site-packages/airflow/example_dags/example_time_delta_sensor_async.py
[2023-05-27T16:42:59.355+0000] {logging_mixin.py:137} INFO - [2023-05-27T16:42:59.355+0000] {dag.py:2705} INFO - Sync 1 DAGs
[2023-05-27T16:42:59.379+0000] {logging_mixin.py:137} INFO - [2023-05-27T16:42:59.379+0000] {dag.py:3456} INFO - Setting next_dagrun for example_time_delta_sensor_async to None, run_after=None
[2023-05-27T16:42:59.394+0000] {processor.py:175} INFO - Processing /home/airflow/.local/lib/python3.7/site-packages/airflow/example_dags/example_time_delta_sensor_async.py took 0.089 seconds
[2023-05-27T16:43:29.788+0000] {processor.py:153} INFO - Started process (PID=300) to work on /home/airflow/.local/lib/python3.7/site-packages/airflow/example_dags/example_time_delta_sensor_async.py
[2023-05-27T16:43:29.790+0000] {processor.py:743} INFO - Processing file /home/airflow/.local/lib/python3.7/site-packages/airflow/example_dags/example_time_delta_sensor_async.py for tasks to queue
[2023-05-27T16:43:29.791+0000] {logging_mixin.py:137} INFO - [2023-05-27T16:43:29.790+0000] {dagbag.py:532} INFO - Filling up the DagBag from /home/airflow/.local/lib/python3.7/site-packages/airflow/example_dags/example_time_delta_sensor_async.py
[2023-05-27T16:43:29.803+0000] {processor.py:753} INFO - DAG(s) dict_keys(['example_time_delta_sensor_async']) retrieved from /home/airflow/.local/lib/python3.7/site-packages/airflow/example_dags/example_time_delta_sensor_async.py
[2023-05-27T16:43:29.829+0000] {logging_mixin.py:137} INFO - [2023-05-27T16:43:29.829+0000] {dag.py:2705} INFO - Sync 1 DAGs
[2023-05-27T16:43:29.850+0000] {logging_mixin.py:137} INFO - [2023-05-27T16:43:29.850+0000] {dag.py:3456} INFO - Setting next_dagrun for example_time_delta_sensor_async to None, run_after=None
[2023-05-27T16:43:29.869+0000] {processor.py:175} INFO - Processing /home/airflow/.local/lib/python3.7/site-packages/airflow/example_dags/example_time_delta_sensor_async.py took 0.084 seconds
[2023-05-27T16:43:59.999+0000] {processor.py:153} INFO - Started process (PID=356) to work on /home/airflow/.local/lib/python3.7/site-packages/airflow/example_dags/example_time_delta_sensor_async.py
[2023-05-27T16:44:00.001+0000] {processor.py:743} INFO - Processing file /home/airflow/.local/lib/python3.7/site-packages/airflow/example_dags/example_time_delta_sensor_async.py for tasks to queue
[2023-05-27T16:44:00.002+0000] {logging_mixin.py:137} INFO - [2023-05-27T16:44:00.001+0000] {dagbag.py:532} INFO - Filling up the DagBag from /home/airflow/.local/lib/python3.7/site-packages/airflow/example_dags/example_time_delta_sensor_async.py
[2023-05-27T16:44:00.014+0000] {processor.py:753} INFO - DAG(s) dict_keys(['example_time_delta_sensor_async']) retrieved from /home/airflow/.local/lib/python3.7/site-packages/airflow/example_dags/example_time_delta_sensor_async.py
[2023-05-27T16:44:00.042+0000] {logging_mixin.py:137} INFO - [2023-05-27T16:44:00.042+0000] {dag.py:2705} INFO - Sync 1 DAGs
[2023-05-27T16:44:00.063+0000] {logging_mixin.py:137} INFO - [2023-05-27T16:44:00.063+0000] {dag.py:3456} INFO - Setting next_dagrun for example_time_delta_sensor_async to None, run_after=None
[2023-05-27T16:44:00.078+0000] {processor.py:175} INFO - Processing /home/airflow/.local/lib/python3.7/site-packages/airflow/example_dags/example_time_delta_sensor_async.py took 0.082 seconds
[2023-05-27T16:44:30.730+0000] {processor.py:153} INFO - Started process (PID=413) to work on /home/airflow/.local/lib/python3.7/site-packages/airflow/example_dags/example_time_delta_sensor_async.py
[2023-05-27T16:44:30.731+0000] {processor.py:743} INFO - Processing file /home/airflow/.local/lib/python3.7/site-packages/airflow/example_dags/example_time_delta_sensor_async.py for tasks to queue
[2023-05-27T16:44:30.732+0000] {logging_mixin.py:137} INFO - [2023-05-27T16:44:30.732+0000] {dagbag.py:532} INFO - Filling up the DagBag from /home/airflow/.local/lib/python3.7/site-packages/airflow/example_dags/example_time_delta_sensor_async.py
[2023-05-27T16:44:30.744+0000] {processor.py:753} INFO - DAG(s) dict_keys(['example_time_delta_sensor_async']) retrieved from /home/airflow/.local/lib/python3.7/site-packages/airflow/example_dags/example_time_delta_sensor_async.py
[2023-05-27T16:44:30.769+0000] {logging_mixin.py:137} INFO - [2023-05-27T16:44:30.769+0000] {dag.py:2705} INFO - Sync 1 DAGs
[2023-05-27T16:44:30.790+0000] {logging_mixin.py:137} INFO - [2023-05-27T16:44:30.790+0000] {dag.py:3456} INFO - Setting next_dagrun for example_time_delta_sensor_async to None, run_after=None
[2023-05-27T16:44:30.804+0000] {processor.py:175} INFO - Processing /home/airflow/.local/lib/python3.7/site-packages/airflow/example_dags/example_time_delta_sensor_async.py took 0.078 seconds
[2023-05-27T16:45:01.519+0000] {processor.py:153} INFO - Started process (PID=470) to work on /home/airflow/.local/lib/python3.7/site-packages/airflow/example_dags/example_time_delta_sensor_async.py
[2023-05-27T16:45:01.520+0000] {processor.py:743} INFO - Processing file /home/airflow/.local/lib/python3.7/site-packages/airflow/example_dags/example_time_delta_sensor_async.py for tasks to queue
[2023-05-27T16:45:01.522+0000] {logging_mixin.py:137} INFO - [2023-05-27T16:45:01.521+0000] {dagbag.py:532} INFO - Filling up the DagBag from /home/airflow/.local/lib/python3.7/site-packages/airflow/example_dags/example_time_delta_sensor_async.py
[2023-05-27T16:45:01.535+0000] {processor.py:753} INFO - DAG(s) dict_keys(['example_time_delta_sensor_async']) retrieved from /home/airflow/.local/lib/python3.7/site-packages/airflow/example_dags/example_time_delta_sensor_async.py
[2023-05-27T16:45:01.563+0000] {logging_mixin.py:137} INFO - [2023-05-27T16:45:01.563+0000] {dag.py:2705} INFO - Sync 1 DAGs
[2023-05-27T16:45:01.585+0000] {logging_mixin.py:137} INFO - [2023-05-27T16:45:01.585+0000] {dag.py:3456} INFO - Setting next_dagrun for example_time_delta_sensor_async to None, run_after=None
[2023-05-27T16:45:01.601+0000] {processor.py:175} INFO - Processing /home/airflow/.local/lib/python3.7/site-packages/airflow/example_dags/example_time_delta_sensor_async.py took 0.086 seconds
[2023-05-27T16:45:32.081+0000] {processor.py:153} INFO - Started process (PID=527) to work on /home/airflow/.local/lib/python3.7/site-packages/airflow/example_dags/example_time_delta_sensor_async.py
[2023-05-27T16:45:32.082+0000] {processor.py:743} INFO - Processing file /home/airflow/.local/lib/python3.7/site-packages/airflow/example_dags/example_time_delta_sensor_async.py for tasks to queue
[2023-05-27T16:45:32.083+0000] {logging_mixin.py:137} INFO - [2023-05-27T16:45:32.083+0000] {dagbag.py:532} INFO - Filling up the DagBag from /home/airflow/.local/lib/python3.7/site-packages/airflow/example_dags/example_time_delta_sensor_async.py
[2023-05-27T16:45:32.095+0000] {processor.py:753} INFO - DAG(s) dict_keys(['example_time_delta_sensor_async']) retrieved from /home/airflow/.local/lib/python3.7/site-packages/airflow/example_dags/example_time_delta_sensor_async.py
[2023-05-27T16:45:32.121+0000] {logging_mixin.py:137} INFO - [2023-05-27T16:45:32.121+0000] {dag.py:2705} INFO - Sync 1 DAGs
[2023-05-27T16:45:32.143+0000] {logging_mixin.py:137} INFO - [2023-05-27T16:45:32.143+0000] {dag.py:3456} INFO - Setting next_dagrun for example_time_delta_sensor_async to None, run_after=None
[2023-05-27T16:45:32.157+0000] {processor.py:175} INFO - Processing /home/airflow/.local/lib/python3.7/site-packages/airflow/example_dags/example_time_delta_sensor_async.py took 0.080 seconds
[2023-05-27T16:46:03.112+0000] {processor.py:153} INFO - Started process (PID=584) to work on /home/airflow/.local/lib/python3.7/site-packages/airflow/example_dags/example_time_delta_sensor_async.py
[2023-05-27T16:46:03.113+0000] {processor.py:743} INFO - Processing file /home/airflow/.local/lib/python3.7/site-packages/airflow/example_dags/example_time_delta_sensor_async.py for tasks to queue
[2023-05-27T16:46:03.115+0000] {logging_mixin.py:137} INFO - [2023-05-27T16:46:03.115+0000] {dagbag.py:532} INFO - Filling up the DagBag from /home/airflow/.local/lib/python3.7/site-packages/airflow/example_dags/example_time_delta_sensor_async.py
[2023-05-27T16:46:03.129+0000] {processor.py:753} INFO - DAG(s) dict_keys(['example_time_delta_sensor_async']) retrieved from /home/airflow/.local/lib/python3.7/site-packages/airflow/example_dags/example_time_delta_sensor_async.py
[2023-05-27T16:46:03.184+0000] {logging_mixin.py:137} INFO - [2023-05-27T16:46:03.184+0000] {dag.py:2705} INFO - Sync 1 DAGs
[2023-05-27T16:46:03.222+0000] {logging_mixin.py:137} INFO - [2023-05-27T16:46:03.222+0000] {dag.py:3456} INFO - Setting next_dagrun for example_time_delta_sensor_async to None, run_after=None
[2023-05-27T16:46:03.243+0000] {processor.py:175} INFO - Processing /home/airflow/.local/lib/python3.7/site-packages/airflow/example_dags/example_time_delta_sensor_async.py took 0.135 seconds
[2023-05-27T16:46:34.254+0000] {processor.py:153} INFO - Started process (PID=641) to work on /home/airflow/.local/lib/python3.7/site-packages/airflow/example_dags/example_time_delta_sensor_async.py
[2023-05-27T16:46:34.255+0000] {processor.py:743} INFO - Processing file /home/airflow/.local/lib/python3.7/site-packages/airflow/example_dags/example_time_delta_sensor_async.py for tasks to queue
[2023-05-27T16:46:34.257+0000] {logging_mixin.py:137} INFO - [2023-05-27T16:46:34.257+0000] {dagbag.py:532} INFO - Filling up the DagBag from /home/airflow/.local/lib/python3.7/site-packages/airflow/example_dags/example_time_delta_sensor_async.py
[2023-05-27T16:46:34.270+0000] {processor.py:753} INFO - DAG(s) dict_keys(['example_time_delta_sensor_async']) retrieved from /home/airflow/.local/lib/python3.7/site-packages/airflow/example_dags/example_time_delta_sensor_async.py
[2023-05-27T16:46:34.298+0000] {logging_mixin.py:137} INFO - [2023-05-27T16:46:34.298+0000] {dag.py:2705} INFO - Sync 1 DAGs
[2023-05-27T16:46:34.323+0000] {logging_mixin.py:137} INFO - [2023-05-27T16:46:34.322+0000] {dag.py:3456} INFO - Setting next_dagrun for example_time_delta_sensor_async to None, run_after=None
[2023-05-27T16:46:34.345+0000] {processor.py:175} INFO - Processing /home/airflow/.local/lib/python3.7/site-packages/airflow/example_dags/example_time_delta_sensor_async.py took 0.095 seconds
[2023-05-27T16:47:04.619+0000] {processor.py:153} INFO - Started process (PID=698) to work on /home/airflow/.local/lib/python3.7/site-packages/airflow/example_dags/example_time_delta_sensor_async.py
[2023-05-27T16:47:04.620+0000] {processor.py:743} INFO - Processing file /home/airflow/.local/lib/python3.7/site-packages/airflow/example_dags/example_time_delta_sensor_async.py for tasks to queue
[2023-05-27T16:47:04.621+0000] {logging_mixin.py:137} INFO - [2023-05-27T16:47:04.621+0000] {dagbag.py:532} INFO - Filling up the DagBag from /home/airflow/.local/lib/python3.7/site-packages/airflow/example_dags/example_time_delta_sensor_async.py
[2023-05-27T16:47:04.634+0000] {processor.py:753} INFO - DAG(s) dict_keys(['example_time_delta_sensor_async']) retrieved from /home/airflow/.local/lib/python3.7/site-packages/airflow/example_dags/example_time_delta_sensor_async.py
[2023-05-27T16:47:04.667+0000] {logging_mixin.py:137} INFO - [2023-05-27T16:47:04.667+0000] {dag.py:2705} INFO - Sync 1 DAGs
[2023-05-27T16:47:04.703+0000] {logging_mixin.py:137} INFO - [2023-05-27T16:47:04.703+0000] {dag.py:3456} INFO - Setting next_dagrun for example_time_delta_sensor_async to None, run_after=None
[2023-05-27T16:47:04.720+0000] {processor.py:175} INFO - Processing /home/airflow/.local/lib/python3.7/site-packages/airflow/example_dags/example_time_delta_sensor_async.py took 0.105 seconds
[2023-05-27T16:47:35.178+0000] {processor.py:153} INFO - Started process (PID=753) to work on /home/airflow/.local/lib/python3.7/site-packages/airflow/example_dags/example_time_delta_sensor_async.py
[2023-05-27T16:47:35.179+0000] {processor.py:743} INFO - Processing file /home/airflow/.local/lib/python3.7/site-packages/airflow/example_dags/example_time_delta_sensor_async.py for tasks to queue
[2023-05-27T16:47:35.180+0000] {logging_mixin.py:137} INFO - [2023-05-27T16:47:35.180+0000] {dagbag.py:532} INFO - Filling up the DagBag from /home/airflow/.local/lib/python3.7/site-packages/airflow/example_dags/example_time_delta_sensor_async.py
[2023-05-27T16:47:35.192+0000] {processor.py:753} INFO - DAG(s) dict_keys(['example_time_delta_sensor_async']) retrieved from /home/airflow/.local/lib/python3.7/site-packages/airflow/example_dags/example_time_delta_sensor_async.py
[2023-05-27T16:47:35.220+0000] {logging_mixin.py:137} INFO - [2023-05-27T16:47:35.220+0000] {dag.py:2705} INFO - Sync 1 DAGs
[2023-05-27T16:47:35.244+0000] {logging_mixin.py:137} INFO - [2023-05-27T16:47:35.244+0000] {dag.py:3456} INFO - Setting next_dagrun for example_time_delta_sensor_async to None, run_after=None
[2023-05-27T16:47:35.260+0000] {processor.py:175} INFO - Processing /home/airflow/.local/lib/python3.7/site-packages/airflow/example_dags/example_time_delta_sensor_async.py took 0.085 seconds
[2023-05-27T16:48:05.874+0000] {processor.py:153} INFO - Started process (PID=810) to work on /home/airflow/.local/lib/python3.7/site-packages/airflow/example_dags/example_time_delta_sensor_async.py
[2023-05-27T16:48:05.876+0000] {processor.py:743} INFO - Processing file /home/airflow/.local/lib/python3.7/site-packages/airflow/example_dags/example_time_delta_sensor_async.py for tasks to queue
[2023-05-27T16:48:05.876+0000] {logging_mixin.py:137} INFO - [2023-05-27T16:48:05.876+0000] {dagbag.py:532} INFO - Filling up the DagBag from /home/airflow/.local/lib/python3.7/site-packages/airflow/example_dags/example_time_delta_sensor_async.py
[2023-05-27T16:48:05.889+0000] {processor.py:753} INFO - DAG(s) dict_keys(['example_time_delta_sensor_async']) retrieved from /home/airflow/.local/lib/python3.7/site-packages/airflow/example_dags/example_time_delta_sensor_async.py
[2023-05-27T16:48:05.914+0000] {logging_mixin.py:137} INFO - [2023-05-27T16:48:05.914+0000] {dag.py:2705} INFO - Sync 1 DAGs
[2023-05-27T16:48:05.934+0000] {logging_mixin.py:137} INFO - [2023-05-27T16:48:05.934+0000] {dag.py:3456} INFO - Setting next_dagrun for example_time_delta_sensor_async to None, run_after=None
[2023-05-27T16:48:05.948+0000] {processor.py:175} INFO - Processing /home/airflow/.local/lib/python3.7/site-packages/airflow/example_dags/example_time_delta_sensor_async.py took 0.077 seconds
[2023-05-27T16:48:36.317+0000] {processor.py:153} INFO - Started process (PID=867) to work on /home/airflow/.local/lib/python3.7/site-packages/airflow/example_dags/example_time_delta_sensor_async.py
[2023-05-27T16:48:36.318+0000] {processor.py:743} INFO - Processing file /home/airflow/.local/lib/python3.7/site-packages/airflow/example_dags/example_time_delta_sensor_async.py for tasks to queue
[2023-05-27T16:48:36.319+0000] {logging_mixin.py:137} INFO - [2023-05-27T16:48:36.319+0000] {dagbag.py:532} INFO - Filling up the DagBag from /home/airflow/.local/lib/python3.7/site-packages/airflow/example_dags/example_time_delta_sensor_async.py
[2023-05-27T16:48:36.331+0000] {processor.py:753} INFO - DAG(s) dict_keys(['example_time_delta_sensor_async']) retrieved from /home/airflow/.local/lib/python3.7/site-packages/airflow/example_dags/example_time_delta_sensor_async.py
[2023-05-27T16:48:36.357+0000] {logging_mixin.py:137} INFO - [2023-05-27T16:48:36.356+0000] {dag.py:2705} INFO - Sync 1 DAGs
[2023-05-27T16:48:36.378+0000] {logging_mixin.py:137} INFO - [2023-05-27T16:48:36.378+0000] {dag.py:3456} INFO - Setting next_dagrun for example_time_delta_sensor_async to None, run_after=None
[2023-05-27T16:48:36.393+0000] {processor.py:175} INFO - Processing /home/airflow/.local/lib/python3.7/site-packages/airflow/example_dags/example_time_delta_sensor_async.py took 0.079 seconds
[2023-05-27T16:49:07.089+0000] {processor.py:153} INFO - Started process (PID=924) to work on /home/airflow/.local/lib/python3.7/site-packages/airflow/example_dags/example_time_delta_sensor_async.py
[2023-05-27T16:49:07.091+0000] {processor.py:743} INFO - Processing file /home/airflow/.local/lib/python3.7/site-packages/airflow/example_dags/example_time_delta_sensor_async.py for tasks to queue
[2023-05-27T16:49:07.092+0000] {logging_mixin.py:137} INFO - [2023-05-27T16:49:07.092+0000] {dagbag.py:532} INFO - Filling up the DagBag from /home/airflow/.local/lib/python3.7/site-packages/airflow/example_dags/example_time_delta_sensor_async.py
[2023-05-27T16:49:07.105+0000] {processor.py:753} INFO - DAG(s) dict_keys(['example_time_delta_sensor_async']) retrieved from /home/airflow/.local/lib/python3.7/site-packages/airflow/example_dags/example_time_delta_sensor_async.py
[2023-05-27T16:49:07.131+0000] {logging_mixin.py:137} INFO - [2023-05-27T16:49:07.131+0000] {dag.py:2705} INFO - Sync 1 DAGs
[2023-05-27T16:49:07.152+0000] {logging_mixin.py:137} INFO - [2023-05-27T16:49:07.152+0000] {dag.py:3456} INFO - Setting next_dagrun for example_time_delta_sensor_async to None, run_after=None
[2023-05-27T16:49:07.166+0000] {processor.py:175} INFO - Processing /home/airflow/.local/lib/python3.7/site-packages/airflow/example_dags/example_time_delta_sensor_async.py took 0.080 seconds
[2023-05-27T16:49:37.580+0000] {processor.py:153} INFO - Started process (PID=981) to work on /home/airflow/.local/lib/python3.7/site-packages/airflow/example_dags/example_time_delta_sensor_async.py
[2023-05-27T16:49:37.581+0000] {processor.py:743} INFO - Processing file /home/airflow/.local/lib/python3.7/site-packages/airflow/example_dags/example_time_delta_sensor_async.py for tasks to queue
[2023-05-27T16:49:37.582+0000] {logging_mixin.py:137} INFO - [2023-05-27T16:49:37.582+0000] {dagbag.py:532} INFO - Filling up the DagBag from /home/airflow/.local/lib/python3.7/site-packages/airflow/example_dags/example_time_delta_sensor_async.py
[2023-05-27T16:49:37.594+0000] {processor.py:753} INFO - DAG(s) dict_keys(['example_time_delta_sensor_async']) retrieved from /home/airflow/.local/lib/python3.7/site-packages/airflow/example_dags/example_time_delta_sensor_async.py
[2023-05-27T16:49:37.627+0000] {logging_mixin.py:137} INFO - [2023-05-27T16:49:37.627+0000] {dag.py:2705} INFO - Sync 1 DAGs
[2023-05-27T16:49:37.648+0000] {logging_mixin.py:137} INFO - [2023-05-27T16:49:37.648+0000] {dag.py:3456} INFO - Setting next_dagrun for example_time_delta_sensor_async to None, run_after=None
[2023-05-27T16:49:37.663+0000] {processor.py:175} INFO - Processing /home/airflow/.local/lib/python3.7/site-packages/airflow/example_dags/example_time_delta_sensor_async.py took 0.087 seconds
[2023-05-27T16:50:07.976+0000] {processor.py:153} INFO - Started process (PID=1038) to work on /home/airflow/.local/lib/python3.7/site-packages/airflow/example_dags/example_time_delta_sensor_async.py
[2023-05-27T16:50:07.978+0000] {processor.py:743} INFO - Processing file /home/airflow/.local/lib/python3.7/site-packages/airflow/example_dags/example_time_delta_sensor_async.py for tasks to queue
[2023-05-27T16:50:07.979+0000] {logging_mixin.py:137} INFO - [2023-05-27T16:50:07.978+0000] {dagbag.py:532} INFO - Filling up the DagBag from /home/airflow/.local/lib/python3.7/site-packages/airflow/example_dags/example_time_delta_sensor_async.py
[2023-05-27T16:50:07.991+0000] {processor.py:753} INFO - DAG(s) dict_keys(['example_time_delta_sensor_async']) retrieved from /home/airflow/.local/lib/python3.7/site-packages/airflow/example_dags/example_time_delta_sensor_async.py
[2023-05-27T16:50:08.016+0000] {logging_mixin.py:137} INFO - [2023-05-27T16:50:08.016+0000] {dag.py:2705} INFO - Sync 1 DAGs
[2023-05-27T16:50:08.037+0000] {logging_mixin.py:137} INFO - [2023-05-27T16:50:08.037+0000] {dag.py:3456} INFO - Setting next_dagrun for example_time_delta_sensor_async to None, run_after=None
[2023-05-27T16:50:08.053+0000] {processor.py:175} INFO - Processing /home/airflow/.local/lib/python3.7/site-packages/airflow/example_dags/example_time_delta_sensor_async.py took 0.080 seconds
[2023-05-27T16:50:38.184+0000] {processor.py:153} INFO - Started process (PID=1095) to work on /home/airflow/.local/lib/python3.7/site-packages/airflow/example_dags/example_time_delta_sensor_async.py
[2023-05-27T16:50:38.186+0000] {processor.py:743} INFO - Processing file /home/airflow/.local/lib/python3.7/site-packages/airflow/example_dags/example_time_delta_sensor_async.py for tasks to queue
[2023-05-27T16:50:38.187+0000] {logging_mixin.py:137} INFO - [2023-05-27T16:50:38.187+0000] {dagbag.py:532} INFO - Filling up the DagBag from /home/airflow/.local/lib/python3.7/site-packages/airflow/example_dags/example_time_delta_sensor_async.py
[2023-05-27T16:50:38.200+0000] {processor.py:753} INFO - DAG(s) dict_keys(['example_time_delta_sensor_async']) retrieved from /home/airflow/.local/lib/python3.7/site-packages/airflow/example_dags/example_time_delta_sensor_async.py
[2023-05-27T16:50:38.226+0000] {logging_mixin.py:137} INFO - [2023-05-27T16:50:38.226+0000] {dag.py:2705} INFO - Sync 1 DAGs
[2023-05-27T16:50:38.248+0000] {logging_mixin.py:137} INFO - [2023-05-27T16:50:38.248+0000] {dag.py:3456} INFO - Setting next_dagrun for example_time_delta_sensor_async to None, run_after=None
[2023-05-27T16:50:38.262+0000] {processor.py:175} INFO - Processing /home/airflow/.local/lib/python3.7/site-packages/airflow/example_dags/example_time_delta_sensor_async.py took 0.082 seconds
[2023-05-27T16:51:08.543+0000] {processor.py:153} INFO - Started process (PID=1152) to work on /home/airflow/.local/lib/python3.7/site-packages/airflow/example_dags/example_time_delta_sensor_async.py
[2023-05-27T16:51:08.544+0000] {processor.py:743} INFO - Processing file /home/airflow/.local/lib/python3.7/site-packages/airflow/example_dags/example_time_delta_sensor_async.py for tasks to queue
[2023-05-27T16:51:08.545+0000] {logging_mixin.py:137} INFO - [2023-05-27T16:51:08.545+0000] {dagbag.py:532} INFO - Filling up the DagBag from /home/airflow/.local/lib/python3.7/site-packages/airflow/example_dags/example_time_delta_sensor_async.py
[2023-05-27T16:51:08.557+0000] {processor.py:753} INFO - DAG(s) dict_keys(['example_time_delta_sensor_async']) retrieved from /home/airflow/.local/lib/python3.7/site-packages/airflow/example_dags/example_time_delta_sensor_async.py
[2023-05-27T16:51:08.583+0000] {logging_mixin.py:137} INFO - [2023-05-27T16:51:08.583+0000] {dag.py:2705} INFO - Sync 1 DAGs
[2023-05-27T16:51:08.604+0000] {logging_mixin.py:137} INFO - [2023-05-27T16:51:08.604+0000] {dag.py:3456} INFO - Setting next_dagrun for example_time_delta_sensor_async to None, run_after=None
[2023-05-27T16:51:08.618+0000] {processor.py:175} INFO - Processing /home/airflow/.local/lib/python3.7/site-packages/airflow/example_dags/example_time_delta_sensor_async.py took 0.079 seconds
[2023-05-27T16:51:38.684+0000] {processor.py:153} INFO - Started process (PID=1209) to work on /home/airflow/.local/lib/python3.7/site-packages/airflow/example_dags/example_time_delta_sensor_async.py
[2023-05-27T16:51:38.685+0000] {processor.py:743} INFO - Processing file /home/airflow/.local/lib/python3.7/site-packages/airflow/example_dags/example_time_delta_sensor_async.py for tasks to queue
[2023-05-27T16:51:38.693+0000] {logging_mixin.py:137} INFO - [2023-05-27T16:51:38.693+0000] {dagbag.py:532} INFO - Filling up the DagBag from /home/airflow/.local/lib/python3.7/site-packages/airflow/example_dags/example_time_delta_sensor_async.py
[2023-05-27T16:51:38.706+0000] {processor.py:753} INFO - DAG(s) dict_keys(['example_time_delta_sensor_async']) retrieved from /home/airflow/.local/lib/python3.7/site-packages/airflow/example_dags/example_time_delta_sensor_async.py
[2023-05-27T16:51:38.736+0000] {logging_mixin.py:137} INFO - [2023-05-27T16:51:38.735+0000] {dag.py:2705} INFO - Sync 1 DAGs
[2023-05-27T16:51:38.758+0000] {logging_mixin.py:137} INFO - [2023-05-27T16:51:38.758+0000] {dag.py:3456} INFO - Setting next_dagrun for example_time_delta_sensor_async to None, run_after=None
[2023-05-27T16:51:38.772+0000] {processor.py:175} INFO - Processing /home/airflow/.local/lib/python3.7/site-packages/airflow/example_dags/example_time_delta_sensor_async.py took 0.092 seconds
[2023-05-27T16:52:08.917+0000] {processor.py:153} INFO - Started process (PID=1266) to work on /home/airflow/.local/lib/python3.7/site-packages/airflow/example_dags/example_time_delta_sensor_async.py
[2023-05-27T16:52:08.918+0000] {processor.py:743} INFO - Processing file /home/airflow/.local/lib/python3.7/site-packages/airflow/example_dags/example_time_delta_sensor_async.py for tasks to queue
[2023-05-27T16:52:08.919+0000] {logging_mixin.py:137} INFO - [2023-05-27T16:52:08.918+0000] {dagbag.py:532} INFO - Filling up the DagBag from /home/airflow/.local/lib/python3.7/site-packages/airflow/example_dags/example_time_delta_sensor_async.py
[2023-05-27T16:52:08.931+0000] {processor.py:753} INFO - DAG(s) dict_keys(['example_time_delta_sensor_async']) retrieved from /home/airflow/.local/lib/python3.7/site-packages/airflow/example_dags/example_time_delta_sensor_async.py
[2023-05-27T16:52:08.957+0000] {logging_mixin.py:137} INFO - [2023-05-27T16:52:08.957+0000] {dag.py:2705} INFO - Sync 1 DAGs
[2023-05-27T16:52:08.980+0000] {logging_mixin.py:137} INFO - [2023-05-27T16:52:08.980+0000] {dag.py:3456} INFO - Setting next_dagrun for example_time_delta_sensor_async to None, run_after=None
[2023-05-27T16:52:08.995+0000] {processor.py:175} INFO - Processing /home/airflow/.local/lib/python3.7/site-packages/airflow/example_dags/example_time_delta_sensor_async.py took 0.082 seconds
[2023-05-27T16:52:39.809+0000] {processor.py:153} INFO - Started process (PID=1323) to work on /home/airflow/.local/lib/python3.7/site-packages/airflow/example_dags/example_time_delta_sensor_async.py
[2023-05-27T16:52:39.810+0000] {processor.py:743} INFO - Processing file /home/airflow/.local/lib/python3.7/site-packages/airflow/example_dags/example_time_delta_sensor_async.py for tasks to queue
[2023-05-27T16:52:39.811+0000] {logging_mixin.py:137} INFO - [2023-05-27T16:52:39.811+0000] {dagbag.py:532} INFO - Filling up the DagBag from /home/airflow/.local/lib/python3.7/site-packages/airflow/example_dags/example_time_delta_sensor_async.py
[2023-05-27T16:52:39.823+0000] {processor.py:753} INFO - DAG(s) dict_keys(['example_time_delta_sensor_async']) retrieved from /home/airflow/.local/lib/python3.7/site-packages/airflow/example_dags/example_time_delta_sensor_async.py
[2023-05-27T16:52:39.849+0000] {logging_mixin.py:137} INFO - [2023-05-27T16:52:39.849+0000] {dag.py:2705} INFO - Sync 1 DAGs
[2023-05-27T16:52:39.871+0000] {logging_mixin.py:137} INFO - [2023-05-27T16:52:39.871+0000] {dag.py:3456} INFO - Setting next_dagrun for example_time_delta_sensor_async to None, run_after=None
[2023-05-27T16:52:39.886+0000] {processor.py:175} INFO - Processing /home/airflow/.local/lib/python3.7/site-packages/airflow/example_dags/example_time_delta_sensor_async.py took 0.081 seconds
[2023-05-27T16:53:10.148+0000] {processor.py:153} INFO - Started process (PID=1380) to work on /home/airflow/.local/lib/python3.7/site-packages/airflow/example_dags/example_time_delta_sensor_async.py
[2023-05-27T16:53:10.149+0000] {processor.py:743} INFO - Processing file /home/airflow/.local/lib/python3.7/site-packages/airflow/example_dags/example_time_delta_sensor_async.py for tasks to queue
[2023-05-27T16:53:10.150+0000] {logging_mixin.py:137} INFO - [2023-05-27T16:53:10.150+0000] {dagbag.py:532} INFO - Filling up the DagBag from /home/airflow/.local/lib/python3.7/site-packages/airflow/example_dags/example_time_delta_sensor_async.py
[2023-05-27T16:53:10.163+0000] {processor.py:753} INFO - DAG(s) dict_keys(['example_time_delta_sensor_async']) retrieved from /home/airflow/.local/lib/python3.7/site-packages/airflow/example_dags/example_time_delta_sensor_async.py
[2023-05-27T16:53:10.190+0000] {logging_mixin.py:137} INFO - [2023-05-27T16:53:10.189+0000] {dag.py:2705} INFO - Sync 1 DAGs
[2023-05-27T16:53:10.211+0000] {logging_mixin.py:137} INFO - [2023-05-27T16:53:10.211+0000] {dag.py:3456} INFO - Setting next_dagrun for example_time_delta_sensor_async to None, run_after=None
[2023-05-27T16:53:10.225+0000] {processor.py:175} INFO - Processing /home/airflow/.local/lib/python3.7/site-packages/airflow/example_dags/example_time_delta_sensor_async.py took 0.081 seconds
[2023-05-27T16:53:40.345+0000] {processor.py:153} INFO - Started process (PID=1437) to work on /home/airflow/.local/lib/python3.7/site-packages/airflow/example_dags/example_time_delta_sensor_async.py
[2023-05-27T16:53:40.346+0000] {processor.py:743} INFO - Processing file /home/airflow/.local/lib/python3.7/site-packages/airflow/example_dags/example_time_delta_sensor_async.py for tasks to queue
[2023-05-27T16:53:40.347+0000] {logging_mixin.py:137} INFO - [2023-05-27T16:53:40.347+0000] {dagbag.py:532} INFO - Filling up the DagBag from /home/airflow/.local/lib/python3.7/site-packages/airflow/example_dags/example_time_delta_sensor_async.py
[2023-05-27T16:53:40.362+0000] {processor.py:753} INFO - DAG(s) dict_keys(['example_time_delta_sensor_async']) retrieved from /home/airflow/.local/lib/python3.7/site-packages/airflow/example_dags/example_time_delta_sensor_async.py
[2023-05-27T16:53:40.390+0000] {logging_mixin.py:137} INFO - [2023-05-27T16:53:40.390+0000] {dag.py:2705} INFO - Sync 1 DAGs
[2023-05-27T16:53:40.412+0000] {logging_mixin.py:137} INFO - [2023-05-27T16:53:40.412+0000] {dag.py:3456} INFO - Setting next_dagrun for example_time_delta_sensor_async to None, run_after=None
[2023-05-27T16:53:40.429+0000] {processor.py:175} INFO - Processing /home/airflow/.local/lib/python3.7/site-packages/airflow/example_dags/example_time_delta_sensor_async.py took 0.088 seconds
[2023-05-27T16:54:10.610+0000] {processor.py:153} INFO - Started process (PID=1494) to work on /home/airflow/.local/lib/python3.7/site-packages/airflow/example_dags/example_time_delta_sensor_async.py
[2023-05-27T16:54:10.611+0000] {processor.py:743} INFO - Processing file /home/airflow/.local/lib/python3.7/site-packages/airflow/example_dags/example_time_delta_sensor_async.py for tasks to queue
[2023-05-27T16:54:10.612+0000] {logging_mixin.py:137} INFO - [2023-05-27T16:54:10.612+0000] {dagbag.py:532} INFO - Filling up the DagBag from /home/airflow/.local/lib/python3.7/site-packages/airflow/example_dags/example_time_delta_sensor_async.py
[2023-05-27T16:54:10.624+0000] {processor.py:753} INFO - DAG(s) dict_keys(['example_time_delta_sensor_async']) retrieved from /home/airflow/.local/lib/python3.7/site-packages/airflow/example_dags/example_time_delta_sensor_async.py
[2023-05-27T16:54:10.655+0000] {logging_mixin.py:137} INFO - [2023-05-27T16:54:10.654+0000] {dag.py:2705} INFO - Sync 1 DAGs
[2023-05-27T16:54:10.678+0000] {logging_mixin.py:137} INFO - [2023-05-27T16:54:10.678+0000] {dag.py:3456} INFO - Setting next_dagrun for example_time_delta_sensor_async to None, run_after=None
[2023-05-27T16:54:10.692+0000] {processor.py:175} INFO - Processing /home/airflow/.local/lib/python3.7/site-packages/airflow/example_dags/example_time_delta_sensor_async.py took 0.086 seconds
[2023-05-27T16:54:40.976+0000] {processor.py:153} INFO - Started process (PID=1551) to work on /home/airflow/.local/lib/python3.7/site-packages/airflow/example_dags/example_time_delta_sensor_async.py
[2023-05-27T16:54:40.977+0000] {processor.py:743} INFO - Processing file /home/airflow/.local/lib/python3.7/site-packages/airflow/example_dags/example_time_delta_sensor_async.py for tasks to queue
[2023-05-27T16:54:40.978+0000] {logging_mixin.py:137} INFO - [2023-05-27T16:54:40.978+0000] {dagbag.py:532} INFO - Filling up the DagBag from /home/airflow/.local/lib/python3.7/site-packages/airflow/example_dags/example_time_delta_sensor_async.py
[2023-05-27T16:54:40.992+0000] {processor.py:753} INFO - DAG(s) dict_keys(['example_time_delta_sensor_async']) retrieved from /home/airflow/.local/lib/python3.7/site-packages/airflow/example_dags/example_time_delta_sensor_async.py
[2023-05-27T16:54:41.022+0000] {logging_mixin.py:137} INFO - [2023-05-27T16:54:41.022+0000] {dag.py:2705} INFO - Sync 1 DAGs
[2023-05-27T16:54:41.044+0000] {logging_mixin.py:137} INFO - [2023-05-27T16:54:41.044+0000] {dag.py:3456} INFO - Setting next_dagrun for example_time_delta_sensor_async to None, run_after=None
[2023-05-27T16:54:41.066+0000] {processor.py:175} INFO - Processing /home/airflow/.local/lib/python3.7/site-packages/airflow/example_dags/example_time_delta_sensor_async.py took 0.094 seconds
[2023-05-27T16:55:11.141+0000] {processor.py:153} INFO - Started process (PID=1608) to work on /home/airflow/.local/lib/python3.7/site-packages/airflow/example_dags/example_time_delta_sensor_async.py
[2023-05-27T16:55:11.143+0000] {processor.py:743} INFO - Processing file /home/airflow/.local/lib/python3.7/site-packages/airflow/example_dags/example_time_delta_sensor_async.py for tasks to queue
[2023-05-27T16:55:11.143+0000] {logging_mixin.py:137} INFO - [2023-05-27T16:55:11.143+0000] {dagbag.py:532} INFO - Filling up the DagBag from /home/airflow/.local/lib/python3.7/site-packages/airflow/example_dags/example_time_delta_sensor_async.py
[2023-05-27T16:55:11.157+0000] {processor.py:753} INFO - DAG(s) dict_keys(['example_time_delta_sensor_async']) retrieved from /home/airflow/.local/lib/python3.7/site-packages/airflow/example_dags/example_time_delta_sensor_async.py
[2023-05-27T16:55:11.184+0000] {logging_mixin.py:137} INFO - [2023-05-27T16:55:11.184+0000] {dag.py:2705} INFO - Sync 1 DAGs
[2023-05-27T16:55:11.205+0000] {logging_mixin.py:137} INFO - [2023-05-27T16:55:11.205+0000] {dag.py:3456} INFO - Setting next_dagrun for example_time_delta_sensor_async to None, run_after=None
[2023-05-27T16:55:11.220+0000] {processor.py:175} INFO - Processing /home/airflow/.local/lib/python3.7/site-packages/airflow/example_dags/example_time_delta_sensor_async.py took 0.082 seconds
[2023-05-27T16:55:41.991+0000] {processor.py:153} INFO - Started process (PID=1665) to work on /home/airflow/.local/lib/python3.7/site-packages/airflow/example_dags/example_time_delta_sensor_async.py
[2023-05-27T16:55:41.992+0000] {processor.py:743} INFO - Processing file /home/airflow/.local/lib/python3.7/site-packages/airflow/example_dags/example_time_delta_sensor_async.py for tasks to queue
[2023-05-27T16:55:41.993+0000] {logging_mixin.py:137} INFO - [2023-05-27T16:55:41.993+0000] {dagbag.py:532} INFO - Filling up the DagBag from /home/airflow/.local/lib/python3.7/site-packages/airflow/example_dags/example_time_delta_sensor_async.py
[2023-05-27T16:55:42.007+0000] {processor.py:753} INFO - DAG(s) dict_keys(['example_time_delta_sensor_async']) retrieved from /home/airflow/.local/lib/python3.7/site-packages/airflow/example_dags/example_time_delta_sensor_async.py
[2023-05-27T16:55:42.034+0000] {logging_mixin.py:137} INFO - [2023-05-27T16:55:42.034+0000] {dag.py:2705} INFO - Sync 1 DAGs
[2023-05-27T16:55:42.057+0000] {logging_mixin.py:137} INFO - [2023-05-27T16:55:42.057+0000] {dag.py:3456} INFO - Setting next_dagrun for example_time_delta_sensor_async to None, run_after=None
[2023-05-27T16:55:42.072+0000] {processor.py:175} INFO - Processing /home/airflow/.local/lib/python3.7/site-packages/airflow/example_dags/example_time_delta_sensor_async.py took 0.084 seconds
[2023-05-27T16:56:12.215+0000] {processor.py:153} INFO - Started process (PID=1722) to work on /home/airflow/.local/lib/python3.7/site-packages/airflow/example_dags/example_time_delta_sensor_async.py
[2023-05-27T16:56:12.217+0000] {processor.py:743} INFO - Processing file /home/airflow/.local/lib/python3.7/site-packages/airflow/example_dags/example_time_delta_sensor_async.py for tasks to queue
[2023-05-27T16:56:12.218+0000] {logging_mixin.py:137} INFO - [2023-05-27T16:56:12.218+0000] {dagbag.py:532} INFO - Filling up the DagBag from /home/airflow/.local/lib/python3.7/site-packages/airflow/example_dags/example_time_delta_sensor_async.py
[2023-05-27T16:56:12.231+0000] {processor.py:753} INFO - DAG(s) dict_keys(['example_time_delta_sensor_async']) retrieved from /home/airflow/.local/lib/python3.7/site-packages/airflow/example_dags/example_time_delta_sensor_async.py
[2023-05-27T16:56:12.259+0000] {logging_mixin.py:137} INFO - [2023-05-27T16:56:12.259+0000] {dag.py:2705} INFO - Sync 1 DAGs
[2023-05-27T16:56:12.282+0000] {logging_mixin.py:137} INFO - [2023-05-27T16:56:12.282+0000] {dag.py:3456} INFO - Setting next_dagrun for example_time_delta_sensor_async to None, run_after=None
[2023-05-27T16:56:12.296+0000] {processor.py:175} INFO - Processing /home/airflow/.local/lib/python3.7/site-packages/airflow/example_dags/example_time_delta_sensor_async.py took 0.085 seconds
[2023-05-27T16:56:43.222+0000] {processor.py:153} INFO - Started process (PID=1778) to work on /home/airflow/.local/lib/python3.7/site-packages/airflow/example_dags/example_time_delta_sensor_async.py
[2023-05-27T16:56:43.224+0000] {processor.py:743} INFO - Processing file /home/airflow/.local/lib/python3.7/site-packages/airflow/example_dags/example_time_delta_sensor_async.py for tasks to queue
[2023-05-27T16:56:43.224+0000] {logging_mixin.py:137} INFO - [2023-05-27T16:56:43.224+0000] {dagbag.py:532} INFO - Filling up the DagBag from /home/airflow/.local/lib/python3.7/site-packages/airflow/example_dags/example_time_delta_sensor_async.py
[2023-05-27T16:56:43.237+0000] {processor.py:753} INFO - DAG(s) dict_keys(['example_time_delta_sensor_async']) retrieved from /home/airflow/.local/lib/python3.7/site-packages/airflow/example_dags/example_time_delta_sensor_async.py
[2023-05-27T16:56:43.263+0000] {logging_mixin.py:137} INFO - [2023-05-27T16:56:43.263+0000] {dag.py:2705} INFO - Sync 1 DAGs
[2023-05-27T16:56:43.284+0000] {logging_mixin.py:137} INFO - [2023-05-27T16:56:43.284+0000] {dag.py:3456} INFO - Setting next_dagrun for example_time_delta_sensor_async to None, run_after=None
[2023-05-27T16:56:43.299+0000] {processor.py:175} INFO - Processing /home/airflow/.local/lib/python3.7/site-packages/airflow/example_dags/example_time_delta_sensor_async.py took 0.080 seconds
[2023-05-27T16:57:14.064+0000] {processor.py:153} INFO - Started process (PID=1842) to work on /home/airflow/.local/lib/python3.7/site-packages/airflow/example_dags/example_time_delta_sensor_async.py
[2023-05-27T16:57:14.065+0000] {processor.py:743} INFO - Processing file /home/airflow/.local/lib/python3.7/site-packages/airflow/example_dags/example_time_delta_sensor_async.py for tasks to queue
[2023-05-27T16:57:14.066+0000] {logging_mixin.py:137} INFO - [2023-05-27T16:57:14.066+0000] {dagbag.py:532} INFO - Filling up the DagBag from /home/airflow/.local/lib/python3.7/site-packages/airflow/example_dags/example_time_delta_sensor_async.py
[2023-05-27T16:57:14.078+0000] {processor.py:753} INFO - DAG(s) dict_keys(['example_time_delta_sensor_async']) retrieved from /home/airflow/.local/lib/python3.7/site-packages/airflow/example_dags/example_time_delta_sensor_async.py
[2023-05-27T16:57:14.103+0000] {logging_mixin.py:137} INFO - [2023-05-27T16:57:14.103+0000] {dag.py:2705} INFO - Sync 1 DAGs
[2023-05-27T16:57:14.124+0000] {logging_mixin.py:137} INFO - [2023-05-27T16:57:14.124+0000] {dag.py:3456} INFO - Setting next_dagrun for example_time_delta_sensor_async to None, run_after=None
[2023-05-27T16:57:14.139+0000] {processor.py:175} INFO - Processing /home/airflow/.local/lib/python3.7/site-packages/airflow/example_dags/example_time_delta_sensor_async.py took 0.079 seconds
[2023-05-27T16:57:47.404+0000] {processor.py:153} INFO - Started process (PID=1899) to work on /home/airflow/.local/lib/python3.7/site-packages/airflow/example_dags/example_time_delta_sensor_async.py
[2023-05-27T16:57:47.411+0000] {processor.py:743} INFO - Processing file /home/airflow/.local/lib/python3.7/site-packages/airflow/example_dags/example_time_delta_sensor_async.py for tasks to queue
[2023-05-27T16:57:47.415+0000] {logging_mixin.py:137} INFO - [2023-05-27T16:57:47.414+0000] {dagbag.py:532} INFO - Filling up the DagBag from /home/airflow/.local/lib/python3.7/site-packages/airflow/example_dags/example_time_delta_sensor_async.py
[2023-05-27T16:57:47.469+0000] {processor.py:753} INFO - DAG(s) dict_keys(['example_time_delta_sensor_async']) retrieved from /home/airflow/.local/lib/python3.7/site-packages/airflow/example_dags/example_time_delta_sensor_async.py
[2023-05-27T16:57:47.535+0000] {logging_mixin.py:137} INFO - [2023-05-27T16:57:47.535+0000] {dag.py:2705} INFO - Sync 1 DAGs
[2023-05-27T16:57:47.628+0000] {logging_mixin.py:137} INFO - [2023-05-27T16:57:47.628+0000] {dag.py:3456} INFO - Setting next_dagrun for example_time_delta_sensor_async to None, run_after=None
[2023-05-27T16:57:47.681+0000] {processor.py:175} INFO - Processing /home/airflow/.local/lib/python3.7/site-packages/airflow/example_dags/example_time_delta_sensor_async.py took 0.291 seconds
[2023-05-27T16:58:18.339+0000] {processor.py:153} INFO - Started process (PID=1956) to work on /home/airflow/.local/lib/python3.7/site-packages/airflow/example_dags/example_time_delta_sensor_async.py
[2023-05-27T16:58:18.340+0000] {processor.py:743} INFO - Processing file /home/airflow/.local/lib/python3.7/site-packages/airflow/example_dags/example_time_delta_sensor_async.py for tasks to queue
[2023-05-27T16:58:18.341+0000] {logging_mixin.py:137} INFO - [2023-05-27T16:58:18.341+0000] {dagbag.py:532} INFO - Filling up the DagBag from /home/airflow/.local/lib/python3.7/site-packages/airflow/example_dags/example_time_delta_sensor_async.py
[2023-05-27T16:58:18.354+0000] {processor.py:753} INFO - DAG(s) dict_keys(['example_time_delta_sensor_async']) retrieved from /home/airflow/.local/lib/python3.7/site-packages/airflow/example_dags/example_time_delta_sensor_async.py
[2023-05-27T16:58:18.381+0000] {logging_mixin.py:137} INFO - [2023-05-27T16:58:18.381+0000] {dag.py:2705} INFO - Sync 1 DAGs
[2023-05-27T16:58:18.402+0000] {logging_mixin.py:137} INFO - [2023-05-27T16:58:18.402+0000] {dag.py:3456} INFO - Setting next_dagrun for example_time_delta_sensor_async to None, run_after=None
[2023-05-27T16:58:18.416+0000] {processor.py:175} INFO - Processing /home/airflow/.local/lib/python3.7/site-packages/airflow/example_dags/example_time_delta_sensor_async.py took 0.082 seconds
[2023-05-27T16:58:48.917+0000] {processor.py:153} INFO - Started process (PID=2013) to work on /home/airflow/.local/lib/python3.7/site-packages/airflow/example_dags/example_time_delta_sensor_async.py
[2023-05-27T16:58:48.918+0000] {processor.py:743} INFO - Processing file /home/airflow/.local/lib/python3.7/site-packages/airflow/example_dags/example_time_delta_sensor_async.py for tasks to queue
[2023-05-27T16:58:48.919+0000] {logging_mixin.py:137} INFO - [2023-05-27T16:58:48.919+0000] {dagbag.py:532} INFO - Filling up the DagBag from /home/airflow/.local/lib/python3.7/site-packages/airflow/example_dags/example_time_delta_sensor_async.py
[2023-05-27T16:58:48.932+0000] {processor.py:753} INFO - DAG(s) dict_keys(['example_time_delta_sensor_async']) retrieved from /home/airflow/.local/lib/python3.7/site-packages/airflow/example_dags/example_time_delta_sensor_async.py
[2023-05-27T16:58:48.959+0000] {logging_mixin.py:137} INFO - [2023-05-27T16:58:48.959+0000] {dag.py:2705} INFO - Sync 1 DAGs
[2023-05-27T16:58:48.981+0000] {logging_mixin.py:137} INFO - [2023-05-27T16:58:48.981+0000] {dag.py:3456} INFO - Setting next_dagrun for example_time_delta_sensor_async to None, run_after=None
[2023-05-27T16:58:48.996+0000] {processor.py:175} INFO - Processing /home/airflow/.local/lib/python3.7/site-packages/airflow/example_dags/example_time_delta_sensor_async.py took 0.082 seconds
[2023-05-27T16:59:19.696+0000] {processor.py:153} INFO - Started process (PID=2070) to work on /home/airflow/.local/lib/python3.7/site-packages/airflow/example_dags/example_time_delta_sensor_async.py
[2023-05-27T16:59:19.698+0000] {processor.py:743} INFO - Processing file /home/airflow/.local/lib/python3.7/site-packages/airflow/example_dags/example_time_delta_sensor_async.py for tasks to queue
[2023-05-27T16:59:19.699+0000] {logging_mixin.py:137} INFO - [2023-05-27T16:59:19.698+0000] {dagbag.py:532} INFO - Filling up the DagBag from /home/airflow/.local/lib/python3.7/site-packages/airflow/example_dags/example_time_delta_sensor_async.py
[2023-05-27T16:59:19.711+0000] {processor.py:753} INFO - DAG(s) dict_keys(['example_time_delta_sensor_async']) retrieved from /home/airflow/.local/lib/python3.7/site-packages/airflow/example_dags/example_time_delta_sensor_async.py
[2023-05-27T16:59:19.737+0000] {logging_mixin.py:137} INFO - [2023-05-27T16:59:19.736+0000] {dag.py:2705} INFO - Sync 1 DAGs
[2023-05-27T16:59:19.759+0000] {logging_mixin.py:137} INFO - [2023-05-27T16:59:19.759+0000] {dag.py:3456} INFO - Setting next_dagrun for example_time_delta_sensor_async to None, run_after=None
[2023-05-27T16:59:19.781+0000] {processor.py:175} INFO - Processing /home/airflow/.local/lib/python3.7/site-packages/airflow/example_dags/example_time_delta_sensor_async.py took 0.088 seconds
[2023-05-27T16:59:50.728+0000] {processor.py:153} INFO - Started process (PID=2127) to work on /home/airflow/.local/lib/python3.7/site-packages/airflow/example_dags/example_time_delta_sensor_async.py
[2023-05-27T16:59:50.729+0000] {processor.py:743} INFO - Processing file /home/airflow/.local/lib/python3.7/site-packages/airflow/example_dags/example_time_delta_sensor_async.py for tasks to queue
[2023-05-27T16:59:50.731+0000] {logging_mixin.py:137} INFO - [2023-05-27T16:59:50.731+0000] {dagbag.py:532} INFO - Filling up the DagBag from /home/airflow/.local/lib/python3.7/site-packages/airflow/example_dags/example_time_delta_sensor_async.py
[2023-05-27T16:59:50.752+0000] {processor.py:753} INFO - DAG(s) dict_keys(['example_time_delta_sensor_async']) retrieved from /home/airflow/.local/lib/python3.7/site-packages/airflow/example_dags/example_time_delta_sensor_async.py
[2023-05-27T16:59:50.785+0000] {logging_mixin.py:137} INFO - [2023-05-27T16:59:50.785+0000] {dag.py:2705} INFO - Sync 1 DAGs
[2023-05-27T16:59:50.819+0000] {logging_mixin.py:137} INFO - [2023-05-27T16:59:50.819+0000] {dag.py:3456} INFO - Setting next_dagrun for example_time_delta_sensor_async to None, run_after=None
[2023-05-27T16:59:50.840+0000] {processor.py:175} INFO - Processing /home/airflow/.local/lib/python3.7/site-packages/airflow/example_dags/example_time_delta_sensor_async.py took 0.117 seconds
[2023-05-27T17:00:21.536+0000] {processor.py:153} INFO - Started process (PID=2184) to work on /home/airflow/.local/lib/python3.7/site-packages/airflow/example_dags/example_time_delta_sensor_async.py
[2023-05-27T17:00:21.537+0000] {processor.py:743} INFO - Processing file /home/airflow/.local/lib/python3.7/site-packages/airflow/example_dags/example_time_delta_sensor_async.py for tasks to queue
[2023-05-27T17:00:21.538+0000] {logging_mixin.py:137} INFO - [2023-05-27T17:00:21.538+0000] {dagbag.py:532} INFO - Filling up the DagBag from /home/airflow/.local/lib/python3.7/site-packages/airflow/example_dags/example_time_delta_sensor_async.py
[2023-05-27T17:00:21.554+0000] {processor.py:753} INFO - DAG(s) dict_keys(['example_time_delta_sensor_async']) retrieved from /home/airflow/.local/lib/python3.7/site-packages/airflow/example_dags/example_time_delta_sensor_async.py
[2023-05-27T17:00:21.593+0000] {logging_mixin.py:137} INFO - [2023-05-27T17:00:21.593+0000] {dag.py:2705} INFO - Sync 1 DAGs
[2023-05-27T17:00:21.621+0000] {logging_mixin.py:137} INFO - [2023-05-27T17:00:21.621+0000] {dag.py:3456} INFO - Setting next_dagrun for example_time_delta_sensor_async to None, run_after=None
[2023-05-27T17:00:21.640+0000] {processor.py:175} INFO - Processing /home/airflow/.local/lib/python3.7/site-packages/airflow/example_dags/example_time_delta_sensor_async.py took 0.108 seconds
[2023-05-27T17:00:52.706+0000] {processor.py:153} INFO - Started process (PID=2241) to work on /home/airflow/.local/lib/python3.7/site-packages/airflow/example_dags/example_time_delta_sensor_async.py
[2023-05-27T17:00:52.709+0000] {processor.py:743} INFO - Processing file /home/airflow/.local/lib/python3.7/site-packages/airflow/example_dags/example_time_delta_sensor_async.py for tasks to queue
[2023-05-27T17:00:52.711+0000] {logging_mixin.py:137} INFO - [2023-05-27T17:00:52.711+0000] {dagbag.py:532} INFO - Filling up the DagBag from /home/airflow/.local/lib/python3.7/site-packages/airflow/example_dags/example_time_delta_sensor_async.py
[2023-05-27T17:00:52.750+0000] {processor.py:753} INFO - DAG(s) dict_keys(['example_time_delta_sensor_async']) retrieved from /home/airflow/.local/lib/python3.7/site-packages/airflow/example_dags/example_time_delta_sensor_async.py
[2023-05-27T17:00:52.814+0000] {logging_mixin.py:137} INFO - [2023-05-27T17:00:52.813+0000] {dag.py:2705} INFO - Sync 1 DAGs
[2023-05-27T17:00:52.863+0000] {logging_mixin.py:137} INFO - [2023-05-27T17:00:52.863+0000] {dag.py:3456} INFO - Setting next_dagrun for example_time_delta_sensor_async to None, run_after=None
[2023-05-27T17:00:52.891+0000] {processor.py:175} INFO - Processing /home/airflow/.local/lib/python3.7/site-packages/airflow/example_dags/example_time_delta_sensor_async.py took 0.191 seconds
