[2023-05-27T16:41:27.148+0000] {processor.py:153} INFO - Started process (PID=75) to work on /home/airflow/.local/lib/python3.7/site-packages/airflow/example_dags/example_external_task_marker_dag.py
[2023-05-27T16:41:27.152+0000] {processor.py:743} INFO - Processing file /home/airflow/.local/lib/python3.7/site-packages/airflow/example_dags/example_external_task_marker_dag.py for tasks to queue
[2023-05-27T16:41:27.154+0000] {logging_mixin.py:137} INFO - [2023-05-27T16:41:27.154+0000] {dagbag.py:532} INFO - Filling up the DagBag from /home/airflow/.local/lib/python3.7/site-packages/airflow/example_dags/example_external_task_marker_dag.py
[2023-05-27T16:41:27.194+0000] {processor.py:753} INFO - DAG(s) dict_keys(['example_external_task_marker_child', 'example_external_task_marker_parent']) retrieved from /home/airflow/.local/lib/python3.7/site-packages/airflow/example_dags/example_external_task_marker_dag.py
[2023-05-27T16:41:27.306+0000] {logging_mixin.py:137} INFO - [2023-05-27T16:41:27.305+0000] {dag.py:2705} INFO - Sync 2 DAGs
[2023-05-27T16:41:27.344+0000] {logging_mixin.py:137} INFO - [2023-05-27T16:41:27.344+0000] {dag.py:3456} INFO - Setting next_dagrun for example_external_task_marker_child to None, run_after=None
[2023-05-27T16:41:27.350+0000] {logging_mixin.py:137} INFO - [2023-05-27T16:41:27.350+0000] {dag.py:3456} INFO - Setting next_dagrun for example_external_task_marker_parent to None, run_after=None
[2023-05-27T16:41:27.369+0000] {processor.py:175} INFO - Processing /home/airflow/.local/lib/python3.7/site-packages/airflow/example_dags/example_external_task_marker_dag.py took 0.236 seconds
[2023-05-27T16:41:57.797+0000] {processor.py:153} INFO - Started process (PID=132) to work on /home/airflow/.local/lib/python3.7/site-packages/airflow/example_dags/example_external_task_marker_dag.py
[2023-05-27T16:41:57.799+0000] {processor.py:743} INFO - Processing file /home/airflow/.local/lib/python3.7/site-packages/airflow/example_dags/example_external_task_marker_dag.py for tasks to queue
[2023-05-27T16:41:57.805+0000] {logging_mixin.py:137} INFO - [2023-05-27T16:41:57.804+0000] {dagbag.py:532} INFO - Filling up the DagBag from /home/airflow/.local/lib/python3.7/site-packages/airflow/example_dags/example_external_task_marker_dag.py
[2023-05-27T16:41:57.821+0000] {processor.py:753} INFO - DAG(s) dict_keys(['example_external_task_marker_parent', 'example_external_task_marker_child']) retrieved from /home/airflow/.local/lib/python3.7/site-packages/airflow/example_dags/example_external_task_marker_dag.py
[2023-05-27T16:41:57.851+0000] {logging_mixin.py:137} INFO - [2023-05-27T16:41:57.851+0000] {dag.py:2705} INFO - Sync 2 DAGs
[2023-05-27T16:41:57.876+0000] {logging_mixin.py:137} INFO - [2023-05-27T16:41:57.876+0000] {dag.py:3456} INFO - Setting next_dagrun for example_external_task_marker_child to None, run_after=None
[2023-05-27T16:41:57.879+0000] {logging_mixin.py:137} INFO - [2023-05-27T16:41:57.879+0000] {dag.py:3456} INFO - Setting next_dagrun for example_external_task_marker_parent to None, run_after=None
[2023-05-27T16:41:57.892+0000] {processor.py:175} INFO - Processing /home/airflow/.local/lib/python3.7/site-packages/airflow/example_dags/example_external_task_marker_dag.py took 0.101 seconds
[2023-05-27T16:42:28.870+0000] {processor.py:153} INFO - Started process (PID=189) to work on /home/airflow/.local/lib/python3.7/site-packages/airflow/example_dags/example_external_task_marker_dag.py
[2023-05-27T16:42:28.871+0000] {processor.py:743} INFO - Processing file /home/airflow/.local/lib/python3.7/site-packages/airflow/example_dags/example_external_task_marker_dag.py for tasks to queue
[2023-05-27T16:42:28.872+0000] {logging_mixin.py:137} INFO - [2023-05-27T16:42:28.872+0000] {dagbag.py:532} INFO - Filling up the DagBag from /home/airflow/.local/lib/python3.7/site-packages/airflow/example_dags/example_external_task_marker_dag.py
[2023-05-27T16:42:28.885+0000] {processor.py:753} INFO - DAG(s) dict_keys(['example_external_task_marker_child', 'example_external_task_marker_parent']) retrieved from /home/airflow/.local/lib/python3.7/site-packages/airflow/example_dags/example_external_task_marker_dag.py
[2023-05-27T16:42:28.913+0000] {logging_mixin.py:137} INFO - [2023-05-27T16:42:28.913+0000] {dag.py:2705} INFO - Sync 2 DAGs
[2023-05-27T16:42:28.934+0000] {logging_mixin.py:137} INFO - [2023-05-27T16:42:28.934+0000] {dag.py:3456} INFO - Setting next_dagrun for example_external_task_marker_child to None, run_after=None
[2023-05-27T16:42:28.939+0000] {logging_mixin.py:137} INFO - [2023-05-27T16:42:28.939+0000] {dag.py:3456} INFO - Setting next_dagrun for example_external_task_marker_parent to None, run_after=None
[2023-05-27T16:42:28.952+0000] {processor.py:175} INFO - Processing /home/airflow/.local/lib/python3.7/site-packages/airflow/example_dags/example_external_task_marker_dag.py took 0.086 seconds
[2023-05-27T16:42:59.597+0000] {processor.py:153} INFO - Started process (PID=246) to work on /home/airflow/.local/lib/python3.7/site-packages/airflow/example_dags/example_external_task_marker_dag.py
[2023-05-27T16:42:59.598+0000] {processor.py:743} INFO - Processing file /home/airflow/.local/lib/python3.7/site-packages/airflow/example_dags/example_external_task_marker_dag.py for tasks to queue
[2023-05-27T16:42:59.599+0000] {logging_mixin.py:137} INFO - [2023-05-27T16:42:59.599+0000] {dagbag.py:532} INFO - Filling up the DagBag from /home/airflow/.local/lib/python3.7/site-packages/airflow/example_dags/example_external_task_marker_dag.py
[2023-05-27T16:42:59.627+0000] {processor.py:753} INFO - DAG(s) dict_keys(['example_external_task_marker_child', 'example_external_task_marker_parent']) retrieved from /home/airflow/.local/lib/python3.7/site-packages/airflow/example_dags/example_external_task_marker_dag.py
[2023-05-27T16:42:59.674+0000] {logging_mixin.py:137} INFO - [2023-05-27T16:42:59.674+0000] {dag.py:2705} INFO - Sync 2 DAGs
[2023-05-27T16:42:59.703+0000] {logging_mixin.py:137} INFO - [2023-05-27T16:42:59.702+0000] {dag.py:3456} INFO - Setting next_dagrun for example_external_task_marker_child to None, run_after=None
[2023-05-27T16:42:59.706+0000] {logging_mixin.py:137} INFO - [2023-05-27T16:42:59.706+0000] {dag.py:3456} INFO - Setting next_dagrun for example_external_task_marker_parent to None, run_after=None
[2023-05-27T16:42:59.723+0000] {processor.py:175} INFO - Processing /home/airflow/.local/lib/python3.7/site-packages/airflow/example_dags/example_external_task_marker_dag.py took 0.130 seconds
[2023-05-27T16:43:30.025+0000] {processor.py:153} INFO - Started process (PID=304) to work on /home/airflow/.local/lib/python3.7/site-packages/airflow/example_dags/example_external_task_marker_dag.py
[2023-05-27T16:43:30.027+0000] {processor.py:743} INFO - Processing file /home/airflow/.local/lib/python3.7/site-packages/airflow/example_dags/example_external_task_marker_dag.py for tasks to queue
[2023-05-27T16:43:30.028+0000] {logging_mixin.py:137} INFO - [2023-05-27T16:43:30.028+0000] {dagbag.py:532} INFO - Filling up the DagBag from /home/airflow/.local/lib/python3.7/site-packages/airflow/example_dags/example_external_task_marker_dag.py
[2023-05-27T16:43:30.041+0000] {processor.py:753} INFO - DAG(s) dict_keys(['example_external_task_marker_child', 'example_external_task_marker_parent']) retrieved from /home/airflow/.local/lib/python3.7/site-packages/airflow/example_dags/example_external_task_marker_dag.py
[2023-05-27T16:43:30.070+0000] {logging_mixin.py:137} INFO - [2023-05-27T16:43:30.070+0000] {dag.py:2705} INFO - Sync 2 DAGs
[2023-05-27T16:43:30.092+0000] {logging_mixin.py:137} INFO - [2023-05-27T16:43:30.092+0000] {dag.py:3456} INFO - Setting next_dagrun for example_external_task_marker_child to None, run_after=None
[2023-05-27T16:43:30.096+0000] {logging_mixin.py:137} INFO - [2023-05-27T16:43:30.096+0000] {dag.py:3456} INFO - Setting next_dagrun for example_external_task_marker_parent to None, run_after=None
[2023-05-27T16:43:30.120+0000] {processor.py:175} INFO - Processing /home/airflow/.local/lib/python3.7/site-packages/airflow/example_dags/example_external_task_marker_dag.py took 0.098 seconds
[2023-05-27T16:44:00.252+0000] {processor.py:153} INFO - Started process (PID=360) to work on /home/airflow/.local/lib/python3.7/site-packages/airflow/example_dags/example_external_task_marker_dag.py
[2023-05-27T16:44:00.254+0000] {processor.py:743} INFO - Processing file /home/airflow/.local/lib/python3.7/site-packages/airflow/example_dags/example_external_task_marker_dag.py for tasks to queue
[2023-05-27T16:44:00.255+0000] {logging_mixin.py:137} INFO - [2023-05-27T16:44:00.255+0000] {dagbag.py:532} INFO - Filling up the DagBag from /home/airflow/.local/lib/python3.7/site-packages/airflow/example_dags/example_external_task_marker_dag.py
[2023-05-27T16:44:00.268+0000] {processor.py:753} INFO - DAG(s) dict_keys(['example_external_task_marker_parent', 'example_external_task_marker_child']) retrieved from /home/airflow/.local/lib/python3.7/site-packages/airflow/example_dags/example_external_task_marker_dag.py
[2023-05-27T16:44:00.296+0000] {logging_mixin.py:137} INFO - [2023-05-27T16:44:00.296+0000] {dag.py:2705} INFO - Sync 2 DAGs
[2023-05-27T16:44:00.317+0000] {logging_mixin.py:137} INFO - [2023-05-27T16:44:00.316+0000] {dag.py:3456} INFO - Setting next_dagrun for example_external_task_marker_child to None, run_after=None
[2023-05-27T16:44:00.319+0000] {logging_mixin.py:137} INFO - [2023-05-27T16:44:00.319+0000] {dag.py:3456} INFO - Setting next_dagrun for example_external_task_marker_parent to None, run_after=None
[2023-05-27T16:44:00.332+0000] {processor.py:175} INFO - Processing /home/airflow/.local/lib/python3.7/site-packages/airflow/example_dags/example_external_task_marker_dag.py took 0.083 seconds
[2023-05-27T16:44:31.033+0000] {processor.py:153} INFO - Started process (PID=417) to work on /home/airflow/.local/lib/python3.7/site-packages/airflow/example_dags/example_external_task_marker_dag.py
[2023-05-27T16:44:31.034+0000] {processor.py:743} INFO - Processing file /home/airflow/.local/lib/python3.7/site-packages/airflow/example_dags/example_external_task_marker_dag.py for tasks to queue
[2023-05-27T16:44:31.035+0000] {logging_mixin.py:137} INFO - [2023-05-27T16:44:31.035+0000] {dagbag.py:532} INFO - Filling up the DagBag from /home/airflow/.local/lib/python3.7/site-packages/airflow/example_dags/example_external_task_marker_dag.py
[2023-05-27T16:44:31.049+0000] {processor.py:753} INFO - DAG(s) dict_keys(['example_external_task_marker_child', 'example_external_task_marker_parent']) retrieved from /home/airflow/.local/lib/python3.7/site-packages/airflow/example_dags/example_external_task_marker_dag.py
[2023-05-27T16:44:31.077+0000] {logging_mixin.py:137} INFO - [2023-05-27T16:44:31.077+0000] {dag.py:2705} INFO - Sync 2 DAGs
[2023-05-27T16:44:31.098+0000] {logging_mixin.py:137} INFO - [2023-05-27T16:44:31.097+0000] {dag.py:3456} INFO - Setting next_dagrun for example_external_task_marker_child to None, run_after=None
[2023-05-27T16:44:31.101+0000] {logging_mixin.py:137} INFO - [2023-05-27T16:44:31.100+0000] {dag.py:3456} INFO - Setting next_dagrun for example_external_task_marker_parent to None, run_after=None
[2023-05-27T16:44:31.113+0000] {processor.py:175} INFO - Processing /home/airflow/.local/lib/python3.7/site-packages/airflow/example_dags/example_external_task_marker_dag.py took 0.083 seconds
[2023-05-27T16:45:01.750+0000] {processor.py:153} INFO - Started process (PID=474) to work on /home/airflow/.local/lib/python3.7/site-packages/airflow/example_dags/example_external_task_marker_dag.py
[2023-05-27T16:45:01.751+0000] {processor.py:743} INFO - Processing file /home/airflow/.local/lib/python3.7/site-packages/airflow/example_dags/example_external_task_marker_dag.py for tasks to queue
[2023-05-27T16:45:01.752+0000] {logging_mixin.py:137} INFO - [2023-05-27T16:45:01.752+0000] {dagbag.py:532} INFO - Filling up the DagBag from /home/airflow/.local/lib/python3.7/site-packages/airflow/example_dags/example_external_task_marker_dag.py
[2023-05-27T16:45:01.768+0000] {processor.py:753} INFO - DAG(s) dict_keys(['example_external_task_marker_child', 'example_external_task_marker_parent']) retrieved from /home/airflow/.local/lib/python3.7/site-packages/airflow/example_dags/example_external_task_marker_dag.py
[2023-05-27T16:45:01.797+0000] {logging_mixin.py:137} INFO - [2023-05-27T16:45:01.797+0000] {dag.py:2705} INFO - Sync 2 DAGs
[2023-05-27T16:45:01.819+0000] {logging_mixin.py:137} INFO - [2023-05-27T16:45:01.819+0000] {dag.py:3456} INFO - Setting next_dagrun for example_external_task_marker_child to None, run_after=None
[2023-05-27T16:45:01.824+0000] {logging_mixin.py:137} INFO - [2023-05-27T16:45:01.824+0000] {dag.py:3456} INFO - Setting next_dagrun for example_external_task_marker_parent to None, run_after=None
[2023-05-27T16:45:01.837+0000] {processor.py:175} INFO - Processing /home/airflow/.local/lib/python3.7/site-packages/airflow/example_dags/example_external_task_marker_dag.py took 0.092 seconds
[2023-05-27T16:45:32.299+0000] {processor.py:153} INFO - Started process (PID=531) to work on /home/airflow/.local/lib/python3.7/site-packages/airflow/example_dags/example_external_task_marker_dag.py
[2023-05-27T16:45:32.301+0000] {processor.py:743} INFO - Processing file /home/airflow/.local/lib/python3.7/site-packages/airflow/example_dags/example_external_task_marker_dag.py for tasks to queue
[2023-05-27T16:45:32.302+0000] {logging_mixin.py:137} INFO - [2023-05-27T16:45:32.302+0000] {dagbag.py:532} INFO - Filling up the DagBag from /home/airflow/.local/lib/python3.7/site-packages/airflow/example_dags/example_external_task_marker_dag.py
[2023-05-27T16:45:32.319+0000] {processor.py:753} INFO - DAG(s) dict_keys(['example_external_task_marker_parent', 'example_external_task_marker_child']) retrieved from /home/airflow/.local/lib/python3.7/site-packages/airflow/example_dags/example_external_task_marker_dag.py
[2023-05-27T16:45:32.361+0000] {logging_mixin.py:137} INFO - [2023-05-27T16:45:32.361+0000] {dag.py:2705} INFO - Sync 2 DAGs
[2023-05-27T16:45:32.384+0000] {logging_mixin.py:137} INFO - [2023-05-27T16:45:32.384+0000] {dag.py:3456} INFO - Setting next_dagrun for example_external_task_marker_child to None, run_after=None
[2023-05-27T16:45:32.387+0000] {logging_mixin.py:137} INFO - [2023-05-27T16:45:32.387+0000] {dag.py:3456} INFO - Setting next_dagrun for example_external_task_marker_parent to None, run_after=None
[2023-05-27T16:45:32.399+0000] {processor.py:175} INFO - Processing /home/airflow/.local/lib/python3.7/site-packages/airflow/example_dags/example_external_task_marker_dag.py took 0.103 seconds
[2023-05-27T16:46:03.487+0000] {processor.py:153} INFO - Started process (PID=588) to work on /home/airflow/.local/lib/python3.7/site-packages/airflow/example_dags/example_external_task_marker_dag.py
[2023-05-27T16:46:03.489+0000] {processor.py:743} INFO - Processing file /home/airflow/.local/lib/python3.7/site-packages/airflow/example_dags/example_external_task_marker_dag.py for tasks to queue
[2023-05-27T16:46:03.491+0000] {logging_mixin.py:137} INFO - [2023-05-27T16:46:03.490+0000] {dagbag.py:532} INFO - Filling up the DagBag from /home/airflow/.local/lib/python3.7/site-packages/airflow/example_dags/example_external_task_marker_dag.py
[2023-05-27T16:46:03.514+0000] {processor.py:753} INFO - DAG(s) dict_keys(['example_external_task_marker_parent', 'example_external_task_marker_child']) retrieved from /home/airflow/.local/lib/python3.7/site-packages/airflow/example_dags/example_external_task_marker_dag.py
[2023-05-27T16:46:03.570+0000] {logging_mixin.py:137} INFO - [2023-05-27T16:46:03.570+0000] {dag.py:2705} INFO - Sync 2 DAGs
[2023-05-27T16:46:03.658+0000] {logging_mixin.py:137} INFO - [2023-05-27T16:46:03.658+0000] {dag.py:3456} INFO - Setting next_dagrun for example_external_task_marker_child to None, run_after=None
[2023-05-27T16:46:03.668+0000] {logging_mixin.py:137} INFO - [2023-05-27T16:46:03.667+0000] {dag.py:3456} INFO - Setting next_dagrun for example_external_task_marker_parent to None, run_after=None
[2023-05-27T16:46:03.697+0000] {processor.py:175} INFO - Processing /home/airflow/.local/lib/python3.7/site-packages/airflow/example_dags/example_external_task_marker_dag.py took 0.215 seconds
[2023-05-27T16:46:34.501+0000] {processor.py:153} INFO - Started process (PID=645) to work on /home/airflow/.local/lib/python3.7/site-packages/airflow/example_dags/example_external_task_marker_dag.py
[2023-05-27T16:46:34.503+0000] {processor.py:743} INFO - Processing file /home/airflow/.local/lib/python3.7/site-packages/airflow/example_dags/example_external_task_marker_dag.py for tasks to queue
[2023-05-27T16:46:34.504+0000] {logging_mixin.py:137} INFO - [2023-05-27T16:46:34.504+0000] {dagbag.py:532} INFO - Filling up the DagBag from /home/airflow/.local/lib/python3.7/site-packages/airflow/example_dags/example_external_task_marker_dag.py
[2023-05-27T16:46:34.518+0000] {processor.py:753} INFO - DAG(s) dict_keys(['example_external_task_marker_child', 'example_external_task_marker_parent']) retrieved from /home/airflow/.local/lib/python3.7/site-packages/airflow/example_dags/example_external_task_marker_dag.py
[2023-05-27T16:46:34.549+0000] {logging_mixin.py:137} INFO - [2023-05-27T16:46:34.549+0000] {dag.py:2705} INFO - Sync 2 DAGs
[2023-05-27T16:46:34.573+0000] {logging_mixin.py:137} INFO - [2023-05-27T16:46:34.573+0000] {dag.py:3456} INFO - Setting next_dagrun for example_external_task_marker_child to None, run_after=None
[2023-05-27T16:46:34.577+0000] {logging_mixin.py:137} INFO - [2023-05-27T16:46:34.576+0000] {dag.py:3456} INFO - Setting next_dagrun for example_external_task_marker_parent to None, run_after=None
[2023-05-27T16:46:34.591+0000] {processor.py:175} INFO - Processing /home/airflow/.local/lib/python3.7/site-packages/airflow/example_dags/example_external_task_marker_dag.py took 0.093 seconds
[2023-05-27T16:47:05.128+0000] {processor.py:153} INFO - Started process (PID=702) to work on /home/airflow/.local/lib/python3.7/site-packages/airflow/example_dags/example_external_task_marker_dag.py
[2023-05-27T16:47:05.129+0000] {processor.py:743} INFO - Processing file /home/airflow/.local/lib/python3.7/site-packages/airflow/example_dags/example_external_task_marker_dag.py for tasks to queue
[2023-05-27T16:47:05.130+0000] {logging_mixin.py:137} INFO - [2023-05-27T16:47:05.130+0000] {dagbag.py:532} INFO - Filling up the DagBag from /home/airflow/.local/lib/python3.7/site-packages/airflow/example_dags/example_external_task_marker_dag.py
[2023-05-27T16:47:05.143+0000] {processor.py:753} INFO - DAG(s) dict_keys(['example_external_task_marker_child', 'example_external_task_marker_parent']) retrieved from /home/airflow/.local/lib/python3.7/site-packages/airflow/example_dags/example_external_task_marker_dag.py
[2023-05-27T16:47:05.172+0000] {logging_mixin.py:137} INFO - [2023-05-27T16:47:05.172+0000] {dag.py:2705} INFO - Sync 2 DAGs
[2023-05-27T16:47:05.194+0000] {logging_mixin.py:137} INFO - [2023-05-27T16:47:05.194+0000] {dag.py:3456} INFO - Setting next_dagrun for example_external_task_marker_child to None, run_after=None
[2023-05-27T16:47:05.197+0000] {logging_mixin.py:137} INFO - [2023-05-27T16:47:05.197+0000] {dag.py:3456} INFO - Setting next_dagrun for example_external_task_marker_parent to None, run_after=None
[2023-05-27T16:47:05.213+0000] {processor.py:175} INFO - Processing /home/airflow/.local/lib/python3.7/site-packages/airflow/example_dags/example_external_task_marker_dag.py took 0.089 seconds
[2023-05-27T16:47:35.799+0000] {processor.py:153} INFO - Started process (PID=759) to work on /home/airflow/.local/lib/python3.7/site-packages/airflow/example_dags/example_external_task_marker_dag.py
[2023-05-27T16:47:35.800+0000] {processor.py:743} INFO - Processing file /home/airflow/.local/lib/python3.7/site-packages/airflow/example_dags/example_external_task_marker_dag.py for tasks to queue
[2023-05-27T16:47:35.802+0000] {logging_mixin.py:137} INFO - [2023-05-27T16:47:35.802+0000] {dagbag.py:532} INFO - Filling up the DagBag from /home/airflow/.local/lib/python3.7/site-packages/airflow/example_dags/example_external_task_marker_dag.py
[2023-05-27T16:47:35.816+0000] {processor.py:753} INFO - DAG(s) dict_keys(['example_external_task_marker_parent', 'example_external_task_marker_child']) retrieved from /home/airflow/.local/lib/python3.7/site-packages/airflow/example_dags/example_external_task_marker_dag.py
[2023-05-27T16:47:35.845+0000] {logging_mixin.py:137} INFO - [2023-05-27T16:47:35.845+0000] {dag.py:2705} INFO - Sync 2 DAGs
[2023-05-27T16:47:35.871+0000] {logging_mixin.py:137} INFO - [2023-05-27T16:47:35.871+0000] {dag.py:3456} INFO - Setting next_dagrun for example_external_task_marker_child to None, run_after=None
[2023-05-27T16:47:35.874+0000] {logging_mixin.py:137} INFO - [2023-05-27T16:47:35.874+0000] {dag.py:3456} INFO - Setting next_dagrun for example_external_task_marker_parent to None, run_after=None
[2023-05-27T16:47:35.890+0000] {processor.py:175} INFO - Processing /home/airflow/.local/lib/python3.7/site-packages/airflow/example_dags/example_external_task_marker_dag.py took 0.097 seconds
[2023-05-27T16:48:06.209+0000] {processor.py:153} INFO - Started process (PID=816) to work on /home/airflow/.local/lib/python3.7/site-packages/airflow/example_dags/example_external_task_marker_dag.py
[2023-05-27T16:48:06.210+0000] {processor.py:743} INFO - Processing file /home/airflow/.local/lib/python3.7/site-packages/airflow/example_dags/example_external_task_marker_dag.py for tasks to queue
[2023-05-27T16:48:06.211+0000] {logging_mixin.py:137} INFO - [2023-05-27T16:48:06.211+0000] {dagbag.py:532} INFO - Filling up the DagBag from /home/airflow/.local/lib/python3.7/site-packages/airflow/example_dags/example_external_task_marker_dag.py
[2023-05-27T16:48:06.225+0000] {processor.py:753} INFO - DAG(s) dict_keys(['example_external_task_marker_child', 'example_external_task_marker_parent']) retrieved from /home/airflow/.local/lib/python3.7/site-packages/airflow/example_dags/example_external_task_marker_dag.py
[2023-05-27T16:48:06.255+0000] {logging_mixin.py:137} INFO - [2023-05-27T16:48:06.255+0000] {dag.py:2705} INFO - Sync 2 DAGs
[2023-05-27T16:48:06.284+0000] {logging_mixin.py:137} INFO - [2023-05-27T16:48:06.284+0000] {dag.py:3456} INFO - Setting next_dagrun for example_external_task_marker_child to None, run_after=None
[2023-05-27T16:48:06.288+0000] {logging_mixin.py:137} INFO - [2023-05-27T16:48:06.288+0000] {dag.py:3456} INFO - Setting next_dagrun for example_external_task_marker_parent to None, run_after=None
[2023-05-27T16:48:06.305+0000] {processor.py:175} INFO - Processing /home/airflow/.local/lib/python3.7/site-packages/airflow/example_dags/example_external_task_marker_dag.py took 0.099 seconds
[2023-05-27T16:48:36.532+0000] {processor.py:153} INFO - Started process (PID=871) to work on /home/airflow/.local/lib/python3.7/site-packages/airflow/example_dags/example_external_task_marker_dag.py
[2023-05-27T16:48:36.533+0000] {processor.py:743} INFO - Processing file /home/airflow/.local/lib/python3.7/site-packages/airflow/example_dags/example_external_task_marker_dag.py for tasks to queue
[2023-05-27T16:48:36.534+0000] {logging_mixin.py:137} INFO - [2023-05-27T16:48:36.534+0000] {dagbag.py:532} INFO - Filling up the DagBag from /home/airflow/.local/lib/python3.7/site-packages/airflow/example_dags/example_external_task_marker_dag.py
[2023-05-27T16:48:36.548+0000] {processor.py:753} INFO - DAG(s) dict_keys(['example_external_task_marker_parent', 'example_external_task_marker_child']) retrieved from /home/airflow/.local/lib/python3.7/site-packages/airflow/example_dags/example_external_task_marker_dag.py
[2023-05-27T16:48:36.579+0000] {logging_mixin.py:137} INFO - [2023-05-27T16:48:36.579+0000] {dag.py:2705} INFO - Sync 2 DAGs
[2023-05-27T16:48:36.602+0000] {logging_mixin.py:137} INFO - [2023-05-27T16:48:36.602+0000] {dag.py:3456} INFO - Setting next_dagrun for example_external_task_marker_child to None, run_after=None
[2023-05-27T16:48:36.605+0000] {logging_mixin.py:137} INFO - [2023-05-27T16:48:36.605+0000] {dag.py:3456} INFO - Setting next_dagrun for example_external_task_marker_parent to None, run_after=None
[2023-05-27T16:48:36.618+0000] {processor.py:175} INFO - Processing /home/airflow/.local/lib/python3.7/site-packages/airflow/example_dags/example_external_task_marker_dag.py took 0.090 seconds
[2023-05-27T16:49:07.302+0000] {processor.py:153} INFO - Started process (PID=928) to work on /home/airflow/.local/lib/python3.7/site-packages/airflow/example_dags/example_external_task_marker_dag.py
[2023-05-27T16:49:07.303+0000] {processor.py:743} INFO - Processing file /home/airflow/.local/lib/python3.7/site-packages/airflow/example_dags/example_external_task_marker_dag.py for tasks to queue
[2023-05-27T16:49:07.304+0000] {logging_mixin.py:137} INFO - [2023-05-27T16:49:07.304+0000] {dagbag.py:532} INFO - Filling up the DagBag from /home/airflow/.local/lib/python3.7/site-packages/airflow/example_dags/example_external_task_marker_dag.py
[2023-05-27T16:49:07.318+0000] {processor.py:753} INFO - DAG(s) dict_keys(['example_external_task_marker_child', 'example_external_task_marker_parent']) retrieved from /home/airflow/.local/lib/python3.7/site-packages/airflow/example_dags/example_external_task_marker_dag.py
[2023-05-27T16:49:07.350+0000] {logging_mixin.py:137} INFO - [2023-05-27T16:49:07.350+0000] {dag.py:2705} INFO - Sync 2 DAGs
[2023-05-27T16:49:07.372+0000] {logging_mixin.py:137} INFO - [2023-05-27T16:49:07.372+0000] {dag.py:3456} INFO - Setting next_dagrun for example_external_task_marker_child to None, run_after=None
[2023-05-27T16:49:07.375+0000] {logging_mixin.py:137} INFO - [2023-05-27T16:49:07.375+0000] {dag.py:3456} INFO - Setting next_dagrun for example_external_task_marker_parent to None, run_after=None
[2023-05-27T16:49:07.387+0000] {processor.py:175} INFO - Processing /home/airflow/.local/lib/python3.7/site-packages/airflow/example_dags/example_external_task_marker_dag.py took 0.088 seconds
[2023-05-27T16:49:37.799+0000] {processor.py:153} INFO - Started process (PID=985) to work on /home/airflow/.local/lib/python3.7/site-packages/airflow/example_dags/example_external_task_marker_dag.py
[2023-05-27T16:49:37.800+0000] {processor.py:743} INFO - Processing file /home/airflow/.local/lib/python3.7/site-packages/airflow/example_dags/example_external_task_marker_dag.py for tasks to queue
[2023-05-27T16:49:37.801+0000] {logging_mixin.py:137} INFO - [2023-05-27T16:49:37.801+0000] {dagbag.py:532} INFO - Filling up the DagBag from /home/airflow/.local/lib/python3.7/site-packages/airflow/example_dags/example_external_task_marker_dag.py
[2023-05-27T16:49:37.815+0000] {processor.py:753} INFO - DAG(s) dict_keys(['example_external_task_marker_child', 'example_external_task_marker_parent']) retrieved from /home/airflow/.local/lib/python3.7/site-packages/airflow/example_dags/example_external_task_marker_dag.py
[2023-05-27T16:49:37.842+0000] {logging_mixin.py:137} INFO - [2023-05-27T16:49:37.842+0000] {dag.py:2705} INFO - Sync 2 DAGs
[2023-05-27T16:49:37.863+0000] {logging_mixin.py:137} INFO - [2023-05-27T16:49:37.863+0000] {dag.py:3456} INFO - Setting next_dagrun for example_external_task_marker_child to None, run_after=None
[2023-05-27T16:49:37.866+0000] {logging_mixin.py:137} INFO - [2023-05-27T16:49:37.866+0000] {dag.py:3456} INFO - Setting next_dagrun for example_external_task_marker_parent to None, run_after=None
[2023-05-27T16:49:37.880+0000] {processor.py:175} INFO - Processing /home/airflow/.local/lib/python3.7/site-packages/airflow/example_dags/example_external_task_marker_dag.py took 0.084 seconds
[2023-05-27T16:50:08.189+0000] {processor.py:153} INFO - Started process (PID=1042) to work on /home/airflow/.local/lib/python3.7/site-packages/airflow/example_dags/example_external_task_marker_dag.py
[2023-05-27T16:50:08.191+0000] {processor.py:743} INFO - Processing file /home/airflow/.local/lib/python3.7/site-packages/airflow/example_dags/example_external_task_marker_dag.py for tasks to queue
[2023-05-27T16:50:08.192+0000] {logging_mixin.py:137} INFO - [2023-05-27T16:50:08.191+0000] {dagbag.py:532} INFO - Filling up the DagBag from /home/airflow/.local/lib/python3.7/site-packages/airflow/example_dags/example_external_task_marker_dag.py
[2023-05-27T16:50:08.205+0000] {processor.py:753} INFO - DAG(s) dict_keys(['example_external_task_marker_child', 'example_external_task_marker_parent']) retrieved from /home/airflow/.local/lib/python3.7/site-packages/airflow/example_dags/example_external_task_marker_dag.py
[2023-05-27T16:50:08.234+0000] {logging_mixin.py:137} INFO - [2023-05-27T16:50:08.234+0000] {dag.py:2705} INFO - Sync 2 DAGs
[2023-05-27T16:50:08.255+0000] {logging_mixin.py:137} INFO - [2023-05-27T16:50:08.255+0000] {dag.py:3456} INFO - Setting next_dagrun for example_external_task_marker_child to None, run_after=None
[2023-05-27T16:50:08.259+0000] {logging_mixin.py:137} INFO - [2023-05-27T16:50:08.258+0000] {dag.py:3456} INFO - Setting next_dagrun for example_external_task_marker_parent to None, run_after=None
[2023-05-27T16:50:08.271+0000] {processor.py:175} INFO - Processing /home/airflow/.local/lib/python3.7/site-packages/airflow/example_dags/example_external_task_marker_dag.py took 0.085 seconds
[2023-05-27T16:50:38.400+0000] {processor.py:153} INFO - Started process (PID=1099) to work on /home/airflow/.local/lib/python3.7/site-packages/airflow/example_dags/example_external_task_marker_dag.py
[2023-05-27T16:50:38.401+0000] {processor.py:743} INFO - Processing file /home/airflow/.local/lib/python3.7/site-packages/airflow/example_dags/example_external_task_marker_dag.py for tasks to queue
[2023-05-27T16:50:38.402+0000] {logging_mixin.py:137} INFO - [2023-05-27T16:50:38.402+0000] {dagbag.py:532} INFO - Filling up the DagBag from /home/airflow/.local/lib/python3.7/site-packages/airflow/example_dags/example_external_task_marker_dag.py
[2023-05-27T16:50:38.415+0000] {processor.py:753} INFO - DAG(s) dict_keys(['example_external_task_marker_parent', 'example_external_task_marker_child']) retrieved from /home/airflow/.local/lib/python3.7/site-packages/airflow/example_dags/example_external_task_marker_dag.py
[2023-05-27T16:50:38.443+0000] {logging_mixin.py:137} INFO - [2023-05-27T16:50:38.443+0000] {dag.py:2705} INFO - Sync 2 DAGs
[2023-05-27T16:50:38.465+0000] {logging_mixin.py:137} INFO - [2023-05-27T16:50:38.465+0000] {dag.py:3456} INFO - Setting next_dagrun for example_external_task_marker_child to None, run_after=None
[2023-05-27T16:50:38.469+0000] {logging_mixin.py:137} INFO - [2023-05-27T16:50:38.469+0000] {dag.py:3456} INFO - Setting next_dagrun for example_external_task_marker_parent to None, run_after=None
[2023-05-27T16:50:38.481+0000] {processor.py:175} INFO - Processing /home/airflow/.local/lib/python3.7/site-packages/airflow/example_dags/example_external_task_marker_dag.py took 0.085 seconds
[2023-05-27T16:51:08.751+0000] {processor.py:153} INFO - Started process (PID=1156) to work on /home/airflow/.local/lib/python3.7/site-packages/airflow/example_dags/example_external_task_marker_dag.py
[2023-05-27T16:51:08.753+0000] {processor.py:743} INFO - Processing file /home/airflow/.local/lib/python3.7/site-packages/airflow/example_dags/example_external_task_marker_dag.py for tasks to queue
[2023-05-27T16:51:08.754+0000] {logging_mixin.py:137} INFO - [2023-05-27T16:51:08.753+0000] {dagbag.py:532} INFO - Filling up the DagBag from /home/airflow/.local/lib/python3.7/site-packages/airflow/example_dags/example_external_task_marker_dag.py
[2023-05-27T16:51:08.767+0000] {processor.py:753} INFO - DAG(s) dict_keys(['example_external_task_marker_child', 'example_external_task_marker_parent']) retrieved from /home/airflow/.local/lib/python3.7/site-packages/airflow/example_dags/example_external_task_marker_dag.py
[2023-05-27T16:51:08.797+0000] {logging_mixin.py:137} INFO - [2023-05-27T16:51:08.797+0000] {dag.py:2705} INFO - Sync 2 DAGs
[2023-05-27T16:51:08.818+0000] {logging_mixin.py:137} INFO - [2023-05-27T16:51:08.818+0000] {dag.py:3456} INFO - Setting next_dagrun for example_external_task_marker_child to None, run_after=None
[2023-05-27T16:51:08.821+0000] {logging_mixin.py:137} INFO - [2023-05-27T16:51:08.821+0000] {dag.py:3456} INFO - Setting next_dagrun for example_external_task_marker_parent to None, run_after=None
[2023-05-27T16:51:08.834+0000] {processor.py:175} INFO - Processing /home/airflow/.local/lib/python3.7/site-packages/airflow/example_dags/example_external_task_marker_dag.py took 0.086 seconds
[2023-05-27T16:51:38.910+0000] {processor.py:153} INFO - Started process (PID=1213) to work on /home/airflow/.local/lib/python3.7/site-packages/airflow/example_dags/example_external_task_marker_dag.py
[2023-05-27T16:51:38.912+0000] {processor.py:743} INFO - Processing file /home/airflow/.local/lib/python3.7/site-packages/airflow/example_dags/example_external_task_marker_dag.py for tasks to queue
[2023-05-27T16:51:38.913+0000] {logging_mixin.py:137} INFO - [2023-05-27T16:51:38.913+0000] {dagbag.py:532} INFO - Filling up the DagBag from /home/airflow/.local/lib/python3.7/site-packages/airflow/example_dags/example_external_task_marker_dag.py
[2023-05-27T16:51:38.927+0000] {processor.py:753} INFO - DAG(s) dict_keys(['example_external_task_marker_parent', 'example_external_task_marker_child']) retrieved from /home/airflow/.local/lib/python3.7/site-packages/airflow/example_dags/example_external_task_marker_dag.py
[2023-05-27T16:51:38.955+0000] {logging_mixin.py:137} INFO - [2023-05-27T16:51:38.955+0000] {dag.py:2705} INFO - Sync 2 DAGs
[2023-05-27T16:51:38.976+0000] {logging_mixin.py:137} INFO - [2023-05-27T16:51:38.976+0000] {dag.py:3456} INFO - Setting next_dagrun for example_external_task_marker_child to None, run_after=None
[2023-05-27T16:51:38.979+0000] {logging_mixin.py:137} INFO - [2023-05-27T16:51:38.979+0000] {dag.py:3456} INFO - Setting next_dagrun for example_external_task_marker_parent to None, run_after=None
[2023-05-27T16:51:38.993+0000] {processor.py:175} INFO - Processing /home/airflow/.local/lib/python3.7/site-packages/airflow/example_dags/example_external_task_marker_dag.py took 0.086 seconds
[2023-05-27T16:52:09.136+0000] {processor.py:153} INFO - Started process (PID=1270) to work on /home/airflow/.local/lib/python3.7/site-packages/airflow/example_dags/example_external_task_marker_dag.py
[2023-05-27T16:52:09.137+0000] {processor.py:743} INFO - Processing file /home/airflow/.local/lib/python3.7/site-packages/airflow/example_dags/example_external_task_marker_dag.py for tasks to queue
[2023-05-27T16:52:09.138+0000] {logging_mixin.py:137} INFO - [2023-05-27T16:52:09.138+0000] {dagbag.py:532} INFO - Filling up the DagBag from /home/airflow/.local/lib/python3.7/site-packages/airflow/example_dags/example_external_task_marker_dag.py
[2023-05-27T16:52:09.152+0000] {processor.py:753} INFO - DAG(s) dict_keys(['example_external_task_marker_child', 'example_external_task_marker_parent']) retrieved from /home/airflow/.local/lib/python3.7/site-packages/airflow/example_dags/example_external_task_marker_dag.py
[2023-05-27T16:52:09.182+0000] {logging_mixin.py:137} INFO - [2023-05-27T16:52:09.182+0000] {dag.py:2705} INFO - Sync 2 DAGs
[2023-05-27T16:52:09.204+0000] {logging_mixin.py:137} INFO - [2023-05-27T16:52:09.204+0000] {dag.py:3456} INFO - Setting next_dagrun for example_external_task_marker_child to None, run_after=None
[2023-05-27T16:52:09.207+0000] {logging_mixin.py:137} INFO - [2023-05-27T16:52:09.207+0000] {dag.py:3456} INFO - Setting next_dagrun for example_external_task_marker_parent to None, run_after=None
[2023-05-27T16:52:09.220+0000] {processor.py:175} INFO - Processing /home/airflow/.local/lib/python3.7/site-packages/airflow/example_dags/example_external_task_marker_dag.py took 0.087 seconds
[2023-05-27T16:52:40.045+0000] {processor.py:153} INFO - Started process (PID=1327) to work on /home/airflow/.local/lib/python3.7/site-packages/airflow/example_dags/example_external_task_marker_dag.py
[2023-05-27T16:52:40.047+0000] {processor.py:743} INFO - Processing file /home/airflow/.local/lib/python3.7/site-packages/airflow/example_dags/example_external_task_marker_dag.py for tasks to queue
[2023-05-27T16:52:40.048+0000] {logging_mixin.py:137} INFO - [2023-05-27T16:52:40.048+0000] {dagbag.py:532} INFO - Filling up the DagBag from /home/airflow/.local/lib/python3.7/site-packages/airflow/example_dags/example_external_task_marker_dag.py
[2023-05-27T16:52:40.065+0000] {processor.py:753} INFO - DAG(s) dict_keys(['example_external_task_marker_parent', 'example_external_task_marker_child']) retrieved from /home/airflow/.local/lib/python3.7/site-packages/airflow/example_dags/example_external_task_marker_dag.py
[2023-05-27T16:52:40.097+0000] {logging_mixin.py:137} INFO - [2023-05-27T16:52:40.097+0000] {dag.py:2705} INFO - Sync 2 DAGs
[2023-05-27T16:52:40.120+0000] {logging_mixin.py:137} INFO - [2023-05-27T16:52:40.119+0000] {dag.py:3456} INFO - Setting next_dagrun for example_external_task_marker_child to None, run_after=None
[2023-05-27T16:52:40.123+0000] {logging_mixin.py:137} INFO - [2023-05-27T16:52:40.122+0000] {dag.py:3456} INFO - Setting next_dagrun for example_external_task_marker_parent to None, run_after=None
[2023-05-27T16:52:40.135+0000] {processor.py:175} INFO - Processing /home/airflow/.local/lib/python3.7/site-packages/airflow/example_dags/example_external_task_marker_dag.py took 0.095 seconds
[2023-05-27T16:53:10.362+0000] {processor.py:153} INFO - Started process (PID=1384) to work on /home/airflow/.local/lib/python3.7/site-packages/airflow/example_dags/example_external_task_marker_dag.py
[2023-05-27T16:53:10.363+0000] {processor.py:743} INFO - Processing file /home/airflow/.local/lib/python3.7/site-packages/airflow/example_dags/example_external_task_marker_dag.py for tasks to queue
[2023-05-27T16:53:10.364+0000] {logging_mixin.py:137} INFO - [2023-05-27T16:53:10.364+0000] {dagbag.py:532} INFO - Filling up the DagBag from /home/airflow/.local/lib/python3.7/site-packages/airflow/example_dags/example_external_task_marker_dag.py
[2023-05-27T16:53:10.378+0000] {processor.py:753} INFO - DAG(s) dict_keys(['example_external_task_marker_parent', 'example_external_task_marker_child']) retrieved from /home/airflow/.local/lib/python3.7/site-packages/airflow/example_dags/example_external_task_marker_dag.py
[2023-05-27T16:53:10.407+0000] {logging_mixin.py:137} INFO - [2023-05-27T16:53:10.407+0000] {dag.py:2705} INFO - Sync 2 DAGs
[2023-05-27T16:53:10.430+0000] {logging_mixin.py:137} INFO - [2023-05-27T16:53:10.430+0000] {dag.py:3456} INFO - Setting next_dagrun for example_external_task_marker_child to None, run_after=None
[2023-05-27T16:53:10.433+0000] {logging_mixin.py:137} INFO - [2023-05-27T16:53:10.433+0000] {dag.py:3456} INFO - Setting next_dagrun for example_external_task_marker_parent to None, run_after=None
[2023-05-27T16:53:10.445+0000] {processor.py:175} INFO - Processing /home/airflow/.local/lib/python3.7/site-packages/airflow/example_dags/example_external_task_marker_dag.py took 0.087 seconds
[2023-05-27T16:53:40.577+0000] {processor.py:153} INFO - Started process (PID=1441) to work on /home/airflow/.local/lib/python3.7/site-packages/airflow/example_dags/example_external_task_marker_dag.py
[2023-05-27T16:53:40.578+0000] {processor.py:743} INFO - Processing file /home/airflow/.local/lib/python3.7/site-packages/airflow/example_dags/example_external_task_marker_dag.py for tasks to queue
[2023-05-27T16:53:40.579+0000] {logging_mixin.py:137} INFO - [2023-05-27T16:53:40.579+0000] {dagbag.py:532} INFO - Filling up the DagBag from /home/airflow/.local/lib/python3.7/site-packages/airflow/example_dags/example_external_task_marker_dag.py
[2023-05-27T16:53:40.600+0000] {processor.py:753} INFO - DAG(s) dict_keys(['example_external_task_marker_child', 'example_external_task_marker_parent']) retrieved from /home/airflow/.local/lib/python3.7/site-packages/airflow/example_dags/example_external_task_marker_dag.py
[2023-05-27T16:53:40.637+0000] {logging_mixin.py:137} INFO - [2023-05-27T16:53:40.637+0000] {dag.py:2705} INFO - Sync 2 DAGs
[2023-05-27T16:53:40.665+0000] {logging_mixin.py:137} INFO - [2023-05-27T16:53:40.665+0000] {dag.py:3456} INFO - Setting next_dagrun for example_external_task_marker_child to None, run_after=None
[2023-05-27T16:53:40.670+0000] {logging_mixin.py:137} INFO - [2023-05-27T16:53:40.670+0000] {dag.py:3456} INFO - Setting next_dagrun for example_external_task_marker_parent to None, run_after=None
[2023-05-27T16:53:40.687+0000] {processor.py:175} INFO - Processing /home/airflow/.local/lib/python3.7/site-packages/airflow/example_dags/example_external_task_marker_dag.py took 0.115 seconds
[2023-05-27T16:54:10.828+0000] {processor.py:153} INFO - Started process (PID=1498) to work on /home/airflow/.local/lib/python3.7/site-packages/airflow/example_dags/example_external_task_marker_dag.py
[2023-05-27T16:54:10.829+0000] {processor.py:743} INFO - Processing file /home/airflow/.local/lib/python3.7/site-packages/airflow/example_dags/example_external_task_marker_dag.py for tasks to queue
[2023-05-27T16:54:10.830+0000] {logging_mixin.py:137} INFO - [2023-05-27T16:54:10.830+0000] {dagbag.py:532} INFO - Filling up the DagBag from /home/airflow/.local/lib/python3.7/site-packages/airflow/example_dags/example_external_task_marker_dag.py
[2023-05-27T16:54:10.844+0000] {processor.py:753} INFO - DAG(s) dict_keys(['example_external_task_marker_parent', 'example_external_task_marker_child']) retrieved from /home/airflow/.local/lib/python3.7/site-packages/airflow/example_dags/example_external_task_marker_dag.py
[2023-05-27T16:54:10.873+0000] {logging_mixin.py:137} INFO - [2023-05-27T16:54:10.873+0000] {dag.py:2705} INFO - Sync 2 DAGs
[2023-05-27T16:54:10.895+0000] {logging_mixin.py:137} INFO - [2023-05-27T16:54:10.895+0000] {dag.py:3456} INFO - Setting next_dagrun for example_external_task_marker_child to None, run_after=None
[2023-05-27T16:54:10.898+0000] {logging_mixin.py:137} INFO - [2023-05-27T16:54:10.898+0000] {dag.py:3456} INFO - Setting next_dagrun for example_external_task_marker_parent to None, run_after=None
[2023-05-27T16:54:10.911+0000] {processor.py:175} INFO - Processing /home/airflow/.local/lib/python3.7/site-packages/airflow/example_dags/example_external_task_marker_dag.py took 0.087 seconds
[2023-05-27T16:54:41.230+0000] {processor.py:153} INFO - Started process (PID=1555) to work on /home/airflow/.local/lib/python3.7/site-packages/airflow/example_dags/example_external_task_marker_dag.py
[2023-05-27T16:54:41.231+0000] {processor.py:743} INFO - Processing file /home/airflow/.local/lib/python3.7/site-packages/airflow/example_dags/example_external_task_marker_dag.py for tasks to queue
[2023-05-27T16:54:41.232+0000] {logging_mixin.py:137} INFO - [2023-05-27T16:54:41.232+0000] {dagbag.py:532} INFO - Filling up the DagBag from /home/airflow/.local/lib/python3.7/site-packages/airflow/example_dags/example_external_task_marker_dag.py
[2023-05-27T16:54:41.246+0000] {processor.py:753} INFO - DAG(s) dict_keys(['example_external_task_marker_child', 'example_external_task_marker_parent']) retrieved from /home/airflow/.local/lib/python3.7/site-packages/airflow/example_dags/example_external_task_marker_dag.py
[2023-05-27T16:54:41.288+0000] {logging_mixin.py:137} INFO - [2023-05-27T16:54:41.288+0000] {dag.py:2705} INFO - Sync 2 DAGs
[2023-05-27T16:54:41.317+0000] {logging_mixin.py:137} INFO - [2023-05-27T16:54:41.316+0000] {dag.py:3456} INFO - Setting next_dagrun for example_external_task_marker_child to None, run_after=None
[2023-05-27T16:54:41.322+0000] {logging_mixin.py:137} INFO - [2023-05-27T16:54:41.322+0000] {dag.py:3456} INFO - Setting next_dagrun for example_external_task_marker_parent to None, run_after=None
[2023-05-27T16:54:41.339+0000] {processor.py:175} INFO - Processing /home/airflow/.local/lib/python3.7/site-packages/airflow/example_dags/example_external_task_marker_dag.py took 0.112 seconds
[2023-05-27T16:55:11.404+0000] {processor.py:153} INFO - Started process (PID=1612) to work on /home/airflow/.local/lib/python3.7/site-packages/airflow/example_dags/example_external_task_marker_dag.py
[2023-05-27T16:55:11.405+0000] {processor.py:743} INFO - Processing file /home/airflow/.local/lib/python3.7/site-packages/airflow/example_dags/example_external_task_marker_dag.py for tasks to queue
[2023-05-27T16:55:11.406+0000] {logging_mixin.py:137} INFO - [2023-05-27T16:55:11.406+0000] {dagbag.py:532} INFO - Filling up the DagBag from /home/airflow/.local/lib/python3.7/site-packages/airflow/example_dags/example_external_task_marker_dag.py
[2023-05-27T16:55:11.419+0000] {processor.py:753} INFO - DAG(s) dict_keys(['example_external_task_marker_parent', 'example_external_task_marker_child']) retrieved from /home/airflow/.local/lib/python3.7/site-packages/airflow/example_dags/example_external_task_marker_dag.py
[2023-05-27T16:55:11.446+0000] {logging_mixin.py:137} INFO - [2023-05-27T16:55:11.446+0000] {dag.py:2705} INFO - Sync 2 DAGs
[2023-05-27T16:55:11.467+0000] {logging_mixin.py:137} INFO - [2023-05-27T16:55:11.467+0000] {dag.py:3456} INFO - Setting next_dagrun for example_external_task_marker_child to None, run_after=None
[2023-05-27T16:55:11.470+0000] {logging_mixin.py:137} INFO - [2023-05-27T16:55:11.470+0000] {dag.py:3456} INFO - Setting next_dagrun for example_external_task_marker_parent to None, run_after=None
[2023-05-27T16:55:11.482+0000] {processor.py:175} INFO - Processing /home/airflow/.local/lib/python3.7/site-packages/airflow/example_dags/example_external_task_marker_dag.py took 0.082 seconds
[2023-05-27T16:55:42.209+0000] {processor.py:153} INFO - Started process (PID=1669) to work on /home/airflow/.local/lib/python3.7/site-packages/airflow/example_dags/example_external_task_marker_dag.py
[2023-05-27T16:55:42.210+0000] {processor.py:743} INFO - Processing file /home/airflow/.local/lib/python3.7/site-packages/airflow/example_dags/example_external_task_marker_dag.py for tasks to queue
[2023-05-27T16:55:42.211+0000] {logging_mixin.py:137} INFO - [2023-05-27T16:55:42.211+0000] {dagbag.py:532} INFO - Filling up the DagBag from /home/airflow/.local/lib/python3.7/site-packages/airflow/example_dags/example_external_task_marker_dag.py
[2023-05-27T16:55:42.225+0000] {processor.py:753} INFO - DAG(s) dict_keys(['example_external_task_marker_child', 'example_external_task_marker_parent']) retrieved from /home/airflow/.local/lib/python3.7/site-packages/airflow/example_dags/example_external_task_marker_dag.py
[2023-05-27T16:55:42.253+0000] {logging_mixin.py:137} INFO - [2023-05-27T16:55:42.253+0000] {dag.py:2705} INFO - Sync 2 DAGs
[2023-05-27T16:55:42.275+0000] {logging_mixin.py:137} INFO - [2023-05-27T16:55:42.275+0000] {dag.py:3456} INFO - Setting next_dagrun for example_external_task_marker_child to None, run_after=None
[2023-05-27T16:55:42.278+0000] {logging_mixin.py:137} INFO - [2023-05-27T16:55:42.278+0000] {dag.py:3456} INFO - Setting next_dagrun for example_external_task_marker_parent to None, run_after=None
[2023-05-27T16:55:42.290+0000] {processor.py:175} INFO - Processing /home/airflow/.local/lib/python3.7/site-packages/airflow/example_dags/example_external_task_marker_dag.py took 0.085 seconds
[2023-05-27T16:56:12.436+0000] {processor.py:153} INFO - Started process (PID=1726) to work on /home/airflow/.local/lib/python3.7/site-packages/airflow/example_dags/example_external_task_marker_dag.py
[2023-05-27T16:56:12.439+0000] {processor.py:743} INFO - Processing file /home/airflow/.local/lib/python3.7/site-packages/airflow/example_dags/example_external_task_marker_dag.py for tasks to queue
[2023-05-27T16:56:12.441+0000] {logging_mixin.py:137} INFO - [2023-05-27T16:56:12.441+0000] {dagbag.py:532} INFO - Filling up the DagBag from /home/airflow/.local/lib/python3.7/site-packages/airflow/example_dags/example_external_task_marker_dag.py
[2023-05-27T16:56:12.460+0000] {processor.py:753} INFO - DAG(s) dict_keys(['example_external_task_marker_child', 'example_external_task_marker_parent']) retrieved from /home/airflow/.local/lib/python3.7/site-packages/airflow/example_dags/example_external_task_marker_dag.py
[2023-05-27T16:56:12.506+0000] {logging_mixin.py:137} INFO - [2023-05-27T16:56:12.506+0000] {dag.py:2705} INFO - Sync 2 DAGs
[2023-05-27T16:56:12.532+0000] {logging_mixin.py:137} INFO - [2023-05-27T16:56:12.532+0000] {dag.py:3456} INFO - Setting next_dagrun for example_external_task_marker_child to None, run_after=None
[2023-05-27T16:56:12.536+0000] {logging_mixin.py:137} INFO - [2023-05-27T16:56:12.536+0000] {dag.py:3456} INFO - Setting next_dagrun for example_external_task_marker_parent to None, run_after=None
[2023-05-27T16:56:12.549+0000] {processor.py:175} INFO - Processing /home/airflow/.local/lib/python3.7/site-packages/airflow/example_dags/example_external_task_marker_dag.py took 0.117 seconds
[2023-05-27T16:56:43.486+0000] {processor.py:153} INFO - Started process (PID=1789) to work on /home/airflow/.local/lib/python3.7/site-packages/airflow/example_dags/example_external_task_marker_dag.py
[2023-05-27T16:56:43.488+0000] {processor.py:743} INFO - Processing file /home/airflow/.local/lib/python3.7/site-packages/airflow/example_dags/example_external_task_marker_dag.py for tasks to queue
[2023-05-27T16:56:43.490+0000] {logging_mixin.py:137} INFO - [2023-05-27T16:56:43.490+0000] {dagbag.py:532} INFO - Filling up the DagBag from /home/airflow/.local/lib/python3.7/site-packages/airflow/example_dags/example_external_task_marker_dag.py
[2023-05-27T16:56:43.507+0000] {processor.py:753} INFO - DAG(s) dict_keys(['example_external_task_marker_parent', 'example_external_task_marker_child']) retrieved from /home/airflow/.local/lib/python3.7/site-packages/airflow/example_dags/example_external_task_marker_dag.py
[2023-05-27T16:56:43.537+0000] {logging_mixin.py:137} INFO - [2023-05-27T16:56:43.537+0000] {dag.py:2705} INFO - Sync 2 DAGs
[2023-05-27T16:56:43.559+0000] {logging_mixin.py:137} INFO - [2023-05-27T16:56:43.559+0000] {dag.py:3456} INFO - Setting next_dagrun for example_external_task_marker_child to None, run_after=None
[2023-05-27T16:56:43.563+0000] {logging_mixin.py:137} INFO - [2023-05-27T16:56:43.562+0000] {dag.py:3456} INFO - Setting next_dagrun for example_external_task_marker_parent to None, run_after=None
[2023-05-27T16:56:43.575+0000] {processor.py:175} INFO - Processing /home/airflow/.local/lib/python3.7/site-packages/airflow/example_dags/example_external_task_marker_dag.py took 0.094 seconds
[2023-05-27T16:57:14.274+0000] {processor.py:153} INFO - Started process (PID=1846) to work on /home/airflow/.local/lib/python3.7/site-packages/airflow/example_dags/example_external_task_marker_dag.py
[2023-05-27T16:57:14.276+0000] {processor.py:743} INFO - Processing file /home/airflow/.local/lib/python3.7/site-packages/airflow/example_dags/example_external_task_marker_dag.py for tasks to queue
[2023-05-27T16:57:14.276+0000] {logging_mixin.py:137} INFO - [2023-05-27T16:57:14.276+0000] {dagbag.py:532} INFO - Filling up the DagBag from /home/airflow/.local/lib/python3.7/site-packages/airflow/example_dags/example_external_task_marker_dag.py
[2023-05-27T16:57:14.290+0000] {processor.py:753} INFO - DAG(s) dict_keys(['example_external_task_marker_parent', 'example_external_task_marker_child']) retrieved from /home/airflow/.local/lib/python3.7/site-packages/airflow/example_dags/example_external_task_marker_dag.py
[2023-05-27T16:57:14.321+0000] {logging_mixin.py:137} INFO - [2023-05-27T16:57:14.321+0000] {dag.py:2705} INFO - Sync 2 DAGs
[2023-05-27T16:57:14.342+0000] {logging_mixin.py:137} INFO - [2023-05-27T16:57:14.342+0000] {dag.py:3456} INFO - Setting next_dagrun for example_external_task_marker_child to None, run_after=None
[2023-05-27T16:57:14.345+0000] {logging_mixin.py:137} INFO - [2023-05-27T16:57:14.345+0000] {dag.py:3456} INFO - Setting next_dagrun for example_external_task_marker_parent to None, run_after=None
[2023-05-27T16:57:14.358+0000] {processor.py:175} INFO - Processing /home/airflow/.local/lib/python3.7/site-packages/airflow/example_dags/example_external_task_marker_dag.py took 0.088 seconds
[2023-05-27T16:57:48.096+0000] {processor.py:153} INFO - Started process (PID=1903) to work on /home/airflow/.local/lib/python3.7/site-packages/airflow/example_dags/example_external_task_marker_dag.py
[2023-05-27T16:57:48.107+0000] {processor.py:743} INFO - Processing file /home/airflow/.local/lib/python3.7/site-packages/airflow/example_dags/example_external_task_marker_dag.py for tasks to queue
[2023-05-27T16:57:48.111+0000] {logging_mixin.py:137} INFO - [2023-05-27T16:57:48.111+0000] {dagbag.py:532} INFO - Filling up the DagBag from /home/airflow/.local/lib/python3.7/site-packages/airflow/example_dags/example_external_task_marker_dag.py
[2023-05-27T16:57:48.155+0000] {processor.py:753} INFO - DAG(s) dict_keys(['example_external_task_marker_child', 'example_external_task_marker_parent']) retrieved from /home/airflow/.local/lib/python3.7/site-packages/airflow/example_dags/example_external_task_marker_dag.py
[2023-05-27T16:57:48.266+0000] {logging_mixin.py:137} INFO - [2023-05-27T16:57:48.266+0000] {dag.py:2705} INFO - Sync 2 DAGs
[2023-05-27T16:57:48.340+0000] {logging_mixin.py:137} INFO - [2023-05-27T16:57:48.340+0000] {dag.py:3456} INFO - Setting next_dagrun for example_external_task_marker_child to None, run_after=None
[2023-05-27T16:57:48.351+0000] {logging_mixin.py:137} INFO - [2023-05-27T16:57:48.350+0000] {dag.py:3456} INFO - Setting next_dagrun for example_external_task_marker_parent to None, run_after=None
[2023-05-27T16:57:48.412+0000] {processor.py:175} INFO - Processing /home/airflow/.local/lib/python3.7/site-packages/airflow/example_dags/example_external_task_marker_dag.py took 0.328 seconds
[2023-05-27T16:58:18.553+0000] {processor.py:153} INFO - Started process (PID=1960) to work on /home/airflow/.local/lib/python3.7/site-packages/airflow/example_dags/example_external_task_marker_dag.py
[2023-05-27T16:58:18.554+0000] {processor.py:743} INFO - Processing file /home/airflow/.local/lib/python3.7/site-packages/airflow/example_dags/example_external_task_marker_dag.py for tasks to queue
[2023-05-27T16:58:18.555+0000] {logging_mixin.py:137} INFO - [2023-05-27T16:58:18.555+0000] {dagbag.py:532} INFO - Filling up the DagBag from /home/airflow/.local/lib/python3.7/site-packages/airflow/example_dags/example_external_task_marker_dag.py
[2023-05-27T16:58:18.568+0000] {processor.py:753} INFO - DAG(s) dict_keys(['example_external_task_marker_child', 'example_external_task_marker_parent']) retrieved from /home/airflow/.local/lib/python3.7/site-packages/airflow/example_dags/example_external_task_marker_dag.py
[2023-05-27T16:58:18.595+0000] {logging_mixin.py:137} INFO - [2023-05-27T16:58:18.595+0000] {dag.py:2705} INFO - Sync 2 DAGs
[2023-05-27T16:58:18.616+0000] {logging_mixin.py:137} INFO - [2023-05-27T16:58:18.615+0000] {dag.py:3456} INFO - Setting next_dagrun for example_external_task_marker_child to None, run_after=None
[2023-05-27T16:58:18.619+0000] {logging_mixin.py:137} INFO - [2023-05-27T16:58:18.619+0000] {dag.py:3456} INFO - Setting next_dagrun for example_external_task_marker_parent to None, run_after=None
[2023-05-27T16:58:18.631+0000] {processor.py:175} INFO - Processing /home/airflow/.local/lib/python3.7/site-packages/airflow/example_dags/example_external_task_marker_dag.py took 0.083 seconds
[2023-05-27T16:58:49.131+0000] {processor.py:153} INFO - Started process (PID=2017) to work on /home/airflow/.local/lib/python3.7/site-packages/airflow/example_dags/example_external_task_marker_dag.py
[2023-05-27T16:58:49.132+0000] {processor.py:743} INFO - Processing file /home/airflow/.local/lib/python3.7/site-packages/airflow/example_dags/example_external_task_marker_dag.py for tasks to queue
[2023-05-27T16:58:49.133+0000] {logging_mixin.py:137} INFO - [2023-05-27T16:58:49.133+0000] {dagbag.py:532} INFO - Filling up the DagBag from /home/airflow/.local/lib/python3.7/site-packages/airflow/example_dags/example_external_task_marker_dag.py
[2023-05-27T16:58:49.147+0000] {processor.py:753} INFO - DAG(s) dict_keys(['example_external_task_marker_child', 'example_external_task_marker_parent']) retrieved from /home/airflow/.local/lib/python3.7/site-packages/airflow/example_dags/example_external_task_marker_dag.py
[2023-05-27T16:58:49.174+0000] {logging_mixin.py:137} INFO - [2023-05-27T16:58:49.174+0000] {dag.py:2705} INFO - Sync 2 DAGs
[2023-05-27T16:58:49.195+0000] {logging_mixin.py:137} INFO - [2023-05-27T16:58:49.195+0000] {dag.py:3456} INFO - Setting next_dagrun for example_external_task_marker_child to None, run_after=None
[2023-05-27T16:58:49.198+0000] {logging_mixin.py:137} INFO - [2023-05-27T16:58:49.198+0000] {dag.py:3456} INFO - Setting next_dagrun for example_external_task_marker_parent to None, run_after=None
[2023-05-27T16:58:49.210+0000] {processor.py:175} INFO - Processing /home/airflow/.local/lib/python3.7/site-packages/airflow/example_dags/example_external_task_marker_dag.py took 0.083 seconds
[2023-05-27T16:59:19.943+0000] {processor.py:153} INFO - Started process (PID=2074) to work on /home/airflow/.local/lib/python3.7/site-packages/airflow/example_dags/example_external_task_marker_dag.py
[2023-05-27T16:59:19.944+0000] {processor.py:743} INFO - Processing file /home/airflow/.local/lib/python3.7/site-packages/airflow/example_dags/example_external_task_marker_dag.py for tasks to queue
[2023-05-27T16:59:19.946+0000] {logging_mixin.py:137} INFO - [2023-05-27T16:59:19.946+0000] {dagbag.py:532} INFO - Filling up the DagBag from /home/airflow/.local/lib/python3.7/site-packages/airflow/example_dags/example_external_task_marker_dag.py
[2023-05-27T16:59:19.960+0000] {processor.py:753} INFO - DAG(s) dict_keys(['example_external_task_marker_child', 'example_external_task_marker_parent']) retrieved from /home/airflow/.local/lib/python3.7/site-packages/airflow/example_dags/example_external_task_marker_dag.py
[2023-05-27T16:59:19.991+0000] {logging_mixin.py:137} INFO - [2023-05-27T16:59:19.991+0000] {dag.py:2705} INFO - Sync 2 DAGs
[2023-05-27T16:59:20.014+0000] {logging_mixin.py:137} INFO - [2023-05-27T16:59:20.014+0000] {dag.py:3456} INFO - Setting next_dagrun for example_external_task_marker_child to None, run_after=None
[2023-05-27T16:59:20.017+0000] {logging_mixin.py:137} INFO - [2023-05-27T16:59:20.017+0000] {dag.py:3456} INFO - Setting next_dagrun for example_external_task_marker_parent to None, run_after=None
[2023-05-27T16:59:20.030+0000] {processor.py:175} INFO - Processing /home/airflow/.local/lib/python3.7/site-packages/airflow/example_dags/example_external_task_marker_dag.py took 0.091 seconds
[2023-05-27T16:59:51.008+0000] {processor.py:153} INFO - Started process (PID=2131) to work on /home/airflow/.local/lib/python3.7/site-packages/airflow/example_dags/example_external_task_marker_dag.py
[2023-05-27T16:59:51.010+0000] {processor.py:743} INFO - Processing file /home/airflow/.local/lib/python3.7/site-packages/airflow/example_dags/example_external_task_marker_dag.py for tasks to queue
[2023-05-27T16:59:51.011+0000] {logging_mixin.py:137} INFO - [2023-05-27T16:59:51.011+0000] {dagbag.py:532} INFO - Filling up the DagBag from /home/airflow/.local/lib/python3.7/site-packages/airflow/example_dags/example_external_task_marker_dag.py
[2023-05-27T16:59:51.027+0000] {processor.py:753} INFO - DAG(s) dict_keys(['example_external_task_marker_child', 'example_external_task_marker_parent']) retrieved from /home/airflow/.local/lib/python3.7/site-packages/airflow/example_dags/example_external_task_marker_dag.py
[2023-05-27T16:59:51.063+0000] {logging_mixin.py:137} INFO - [2023-05-27T16:59:51.063+0000] {dag.py:2705} INFO - Sync 2 DAGs
[2023-05-27T16:59:51.087+0000] {logging_mixin.py:137} INFO - [2023-05-27T16:59:51.087+0000] {dag.py:3456} INFO - Setting next_dagrun for example_external_task_marker_child to None, run_after=None
[2023-05-27T16:59:51.090+0000] {logging_mixin.py:137} INFO - [2023-05-27T16:59:51.090+0000] {dag.py:3456} INFO - Setting next_dagrun for example_external_task_marker_parent to None, run_after=None
[2023-05-27T16:59:51.106+0000] {processor.py:175} INFO - Processing /home/airflow/.local/lib/python3.7/site-packages/airflow/example_dags/example_external_task_marker_dag.py took 0.102 seconds
[2023-05-27T17:00:21.878+0000] {processor.py:153} INFO - Started process (PID=2188) to work on /home/airflow/.local/lib/python3.7/site-packages/airflow/example_dags/example_external_task_marker_dag.py
[2023-05-27T17:00:21.879+0000] {processor.py:743} INFO - Processing file /home/airflow/.local/lib/python3.7/site-packages/airflow/example_dags/example_external_task_marker_dag.py for tasks to queue
[2023-05-27T17:00:21.880+0000] {logging_mixin.py:137} INFO - [2023-05-27T17:00:21.880+0000] {dagbag.py:532} INFO - Filling up the DagBag from /home/airflow/.local/lib/python3.7/site-packages/airflow/example_dags/example_external_task_marker_dag.py
[2023-05-27T17:00:21.895+0000] {processor.py:753} INFO - DAG(s) dict_keys(['example_external_task_marker_parent', 'example_external_task_marker_child']) retrieved from /home/airflow/.local/lib/python3.7/site-packages/airflow/example_dags/example_external_task_marker_dag.py
[2023-05-27T17:00:21.937+0000] {logging_mixin.py:137} INFO - [2023-05-27T17:00:21.937+0000] {dag.py:2705} INFO - Sync 2 DAGs
[2023-05-27T17:00:21.981+0000] {logging_mixin.py:137} INFO - [2023-05-27T17:00:21.981+0000] {dag.py:3456} INFO - Setting next_dagrun for example_external_task_marker_child to None, run_after=None
[2023-05-27T17:00:21.985+0000] {logging_mixin.py:137} INFO - [2023-05-27T17:00:21.985+0000] {dag.py:3456} INFO - Setting next_dagrun for example_external_task_marker_parent to None, run_after=None
[2023-05-27T17:00:21.999+0000] {processor.py:175} INFO - Processing /home/airflow/.local/lib/python3.7/site-packages/airflow/example_dags/example_external_task_marker_dag.py took 0.125 seconds
[2023-05-27T17:00:53.189+0000] {processor.py:153} INFO - Started process (PID=2245) to work on /home/airflow/.local/lib/python3.7/site-packages/airflow/example_dags/example_external_task_marker_dag.py
[2023-05-27T17:00:53.201+0000] {processor.py:743} INFO - Processing file /home/airflow/.local/lib/python3.7/site-packages/airflow/example_dags/example_external_task_marker_dag.py for tasks to queue
[2023-05-27T17:00:53.203+0000] {logging_mixin.py:137} INFO - [2023-05-27T17:00:53.202+0000] {dagbag.py:532} INFO - Filling up the DagBag from /home/airflow/.local/lib/python3.7/site-packages/airflow/example_dags/example_external_task_marker_dag.py
[2023-05-27T17:00:53.238+0000] {processor.py:753} INFO - DAG(s) dict_keys(['example_external_task_marker_parent', 'example_external_task_marker_child']) retrieved from /home/airflow/.local/lib/python3.7/site-packages/airflow/example_dags/example_external_task_marker_dag.py
[2023-05-27T17:00:53.290+0000] {logging_mixin.py:137} INFO - [2023-05-27T17:00:53.290+0000] {dag.py:2705} INFO - Sync 2 DAGs
[2023-05-27T17:00:53.314+0000] {logging_mixin.py:137} INFO - [2023-05-27T17:00:53.314+0000] {dag.py:3456} INFO - Setting next_dagrun for example_external_task_marker_child to None, run_after=None
[2023-05-27T17:00:53.319+0000] {logging_mixin.py:137} INFO - [2023-05-27T17:00:53.319+0000] {dag.py:3456} INFO - Setting next_dagrun for example_external_task_marker_parent to None, run_after=None
[2023-05-27T17:00:53.338+0000] {processor.py:175} INFO - Processing /home/airflow/.local/lib/python3.7/site-packages/airflow/example_dags/example_external_task_marker_dag.py took 0.153 seconds
