[2023-05-27T16:41:24.382+0000] {processor.py:153} INFO - Started process (PID=55) to work on /home/airflow/.local/lib/python3.7/site-packages/airflow/example_dags/example_local_kubernetes_executor.py
[2023-05-27T16:41:24.384+0000] {processor.py:743} INFO - Processing file /home/airflow/.local/lib/python3.7/site-packages/airflow/example_dags/example_local_kubernetes_executor.py for tasks to queue
[2023-05-27T16:41:24.386+0000] {logging_mixin.py:137} INFO - [2023-05-27T16:41:24.386+0000] {dagbag.py:532} INFO - Filling up the DagBag from /home/airflow/.local/lib/python3.7/site-packages/airflow/example_dags/example_local_kubernetes_executor.py
[2023-05-27T16:41:24.459+0000] {processor.py:753} INFO - DAG(s) dict_keys(['example_local_kubernetes_executor']) retrieved from /home/airflow/.local/lib/python3.7/site-packages/airflow/example_dags/example_local_kubernetes_executor.py
[2023-05-27T16:41:24.548+0000] {logging_mixin.py:137} INFO - [2023-05-27T16:41:24.548+0000] {dag.py:2705} INFO - Sync 1 DAGs
[2023-05-27T16:41:24.607+0000] {logging_mixin.py:137} INFO - [2023-05-27T16:41:24.606+0000] {dag.py:3456} INFO - Setting next_dagrun for example_local_kubernetes_executor to None, run_after=None
[2023-05-27T16:41:24.650+0000] {processor.py:175} INFO - Processing /home/airflow/.local/lib/python3.7/site-packages/airflow/example_dags/example_local_kubernetes_executor.py took 0.274 seconds
[2023-05-27T16:41:55.506+0000] {processor.py:153} INFO - Started process (PID=112) to work on /home/airflow/.local/lib/python3.7/site-packages/airflow/example_dags/example_local_kubernetes_executor.py
[2023-05-27T16:41:55.508+0000] {processor.py:743} INFO - Processing file /home/airflow/.local/lib/python3.7/site-packages/airflow/example_dags/example_local_kubernetes_executor.py for tasks to queue
[2023-05-27T16:41:55.509+0000] {logging_mixin.py:137} INFO - [2023-05-27T16:41:55.509+0000] {dagbag.py:532} INFO - Filling up the DagBag from /home/airflow/.local/lib/python3.7/site-packages/airflow/example_dags/example_local_kubernetes_executor.py
[2023-05-27T16:41:55.538+0000] {processor.py:753} INFO - DAG(s) dict_keys(['example_local_kubernetes_executor']) retrieved from /home/airflow/.local/lib/python3.7/site-packages/airflow/example_dags/example_local_kubernetes_executor.py
[2023-05-27T16:41:55.572+0000] {logging_mixin.py:137} INFO - [2023-05-27T16:41:55.572+0000] {dag.py:2705} INFO - Sync 1 DAGs
[2023-05-27T16:41:55.595+0000] {logging_mixin.py:137} INFO - [2023-05-27T16:41:55.595+0000] {dag.py:3456} INFO - Setting next_dagrun for example_local_kubernetes_executor to None, run_after=None
[2023-05-27T16:41:55.612+0000] {processor.py:175} INFO - Processing /home/airflow/.local/lib/python3.7/site-packages/airflow/example_dags/example_local_kubernetes_executor.py took 0.109 seconds
[2023-05-27T16:42:26.347+0000] {processor.py:153} INFO - Started process (PID=169) to work on /home/airflow/.local/lib/python3.7/site-packages/airflow/example_dags/example_local_kubernetes_executor.py
[2023-05-27T16:42:26.349+0000] {processor.py:743} INFO - Processing file /home/airflow/.local/lib/python3.7/site-packages/airflow/example_dags/example_local_kubernetes_executor.py for tasks to queue
[2023-05-27T16:42:26.350+0000] {logging_mixin.py:137} INFO - [2023-05-27T16:42:26.350+0000] {dagbag.py:532} INFO - Filling up the DagBag from /home/airflow/.local/lib/python3.7/site-packages/airflow/example_dags/example_local_kubernetes_executor.py
[2023-05-27T16:42:26.376+0000] {processor.py:753} INFO - DAG(s) dict_keys(['example_local_kubernetes_executor']) retrieved from /home/airflow/.local/lib/python3.7/site-packages/airflow/example_dags/example_local_kubernetes_executor.py
[2023-05-27T16:42:26.410+0000] {logging_mixin.py:137} INFO - [2023-05-27T16:42:26.410+0000] {dag.py:2705} INFO - Sync 1 DAGs
[2023-05-27T16:42:26.434+0000] {logging_mixin.py:137} INFO - [2023-05-27T16:42:26.434+0000] {dag.py:3456} INFO - Setting next_dagrun for example_local_kubernetes_executor to None, run_after=None
[2023-05-27T16:42:26.450+0000] {processor.py:175} INFO - Processing /home/airflow/.local/lib/python3.7/site-packages/airflow/example_dags/example_local_kubernetes_executor.py took 0.107 seconds
[2023-05-27T16:42:56.859+0000] {processor.py:153} INFO - Started process (PID=226) to work on /home/airflow/.local/lib/python3.7/site-packages/airflow/example_dags/example_local_kubernetes_executor.py
[2023-05-27T16:42:56.862+0000] {processor.py:743} INFO - Processing file /home/airflow/.local/lib/python3.7/site-packages/airflow/example_dags/example_local_kubernetes_executor.py for tasks to queue
[2023-05-27T16:42:56.864+0000] {logging_mixin.py:137} INFO - [2023-05-27T16:42:56.864+0000] {dagbag.py:532} INFO - Filling up the DagBag from /home/airflow/.local/lib/python3.7/site-packages/airflow/example_dags/example_local_kubernetes_executor.py
[2023-05-27T16:42:56.926+0000] {processor.py:753} INFO - DAG(s) dict_keys(['example_local_kubernetes_executor']) retrieved from /home/airflow/.local/lib/python3.7/site-packages/airflow/example_dags/example_local_kubernetes_executor.py
[2023-05-27T16:42:56.990+0000] {logging_mixin.py:137} INFO - [2023-05-27T16:42:56.990+0000] {dag.py:2705} INFO - Sync 1 DAGs
[2023-05-27T16:42:57.019+0000] {logging_mixin.py:137} INFO - [2023-05-27T16:42:57.019+0000] {dag.py:3456} INFO - Setting next_dagrun for example_local_kubernetes_executor to None, run_after=None
[2023-05-27T16:42:57.044+0000] {processor.py:175} INFO - Processing /home/airflow/.local/lib/python3.7/site-packages/airflow/example_dags/example_local_kubernetes_executor.py took 0.191 seconds
[2023-05-27T16:43:27.293+0000] {processor.py:153} INFO - Started process (PID=284) to work on /home/airflow/.local/lib/python3.7/site-packages/airflow/example_dags/example_local_kubernetes_executor.py
[2023-05-27T16:43:27.295+0000] {processor.py:743} INFO - Processing file /home/airflow/.local/lib/python3.7/site-packages/airflow/example_dags/example_local_kubernetes_executor.py for tasks to queue
[2023-05-27T16:43:27.297+0000] {logging_mixin.py:137} INFO - [2023-05-27T16:43:27.297+0000] {dagbag.py:532} INFO - Filling up the DagBag from /home/airflow/.local/lib/python3.7/site-packages/airflow/example_dags/example_local_kubernetes_executor.py
[2023-05-27T16:43:27.351+0000] {processor.py:753} INFO - DAG(s) dict_keys(['example_local_kubernetes_executor']) retrieved from /home/airflow/.local/lib/python3.7/site-packages/airflow/example_dags/example_local_kubernetes_executor.py
[2023-05-27T16:43:27.393+0000] {logging_mixin.py:137} INFO - [2023-05-27T16:43:27.393+0000] {dag.py:2705} INFO - Sync 1 DAGs
[2023-05-27T16:43:27.438+0000] {logging_mixin.py:137} INFO - [2023-05-27T16:43:27.438+0000] {dag.py:3456} INFO - Setting next_dagrun for example_local_kubernetes_executor to None, run_after=None
[2023-05-27T16:43:27.468+0000] {processor.py:175} INFO - Processing /home/airflow/.local/lib/python3.7/site-packages/airflow/example_dags/example_local_kubernetes_executor.py took 0.180 seconds
[2023-05-27T16:43:58.199+0000] {processor.py:153} INFO - Started process (PID=339) to work on /home/airflow/.local/lib/python3.7/site-packages/airflow/example_dags/example_local_kubernetes_executor.py
[2023-05-27T16:43:58.200+0000] {processor.py:743} INFO - Processing file /home/airflow/.local/lib/python3.7/site-packages/airflow/example_dags/example_local_kubernetes_executor.py for tasks to queue
[2023-05-27T16:43:58.202+0000] {logging_mixin.py:137} INFO - [2023-05-27T16:43:58.201+0000] {dagbag.py:532} INFO - Filling up the DagBag from /home/airflow/.local/lib/python3.7/site-packages/airflow/example_dags/example_local_kubernetes_executor.py
[2023-05-27T16:43:58.232+0000] {processor.py:753} INFO - DAG(s) dict_keys(['example_local_kubernetes_executor']) retrieved from /home/airflow/.local/lib/python3.7/site-packages/airflow/example_dags/example_local_kubernetes_executor.py
[2023-05-27T16:43:58.282+0000] {logging_mixin.py:137} INFO - [2023-05-27T16:43:58.281+0000] {dag.py:2705} INFO - Sync 1 DAGs
[2023-05-27T16:43:58.304+0000] {logging_mixin.py:137} INFO - [2023-05-27T16:43:58.304+0000] {dag.py:3456} INFO - Setting next_dagrun for example_local_kubernetes_executor to None, run_after=None
[2023-05-27T16:43:58.320+0000] {processor.py:175} INFO - Processing /home/airflow/.local/lib/python3.7/site-packages/airflow/example_dags/example_local_kubernetes_executor.py took 0.125 seconds
[2023-05-27T16:44:28.504+0000] {processor.py:153} INFO - Started process (PID=395) to work on /home/airflow/.local/lib/python3.7/site-packages/airflow/example_dags/example_local_kubernetes_executor.py
[2023-05-27T16:44:28.505+0000] {processor.py:743} INFO - Processing file /home/airflow/.local/lib/python3.7/site-packages/airflow/example_dags/example_local_kubernetes_executor.py for tasks to queue
[2023-05-27T16:44:28.506+0000] {logging_mixin.py:137} INFO - [2023-05-27T16:44:28.506+0000] {dagbag.py:532} INFO - Filling up the DagBag from /home/airflow/.local/lib/python3.7/site-packages/airflow/example_dags/example_local_kubernetes_executor.py
[2023-05-27T16:44:28.530+0000] {processor.py:753} INFO - DAG(s) dict_keys(['example_local_kubernetes_executor']) retrieved from /home/airflow/.local/lib/python3.7/site-packages/airflow/example_dags/example_local_kubernetes_executor.py
[2023-05-27T16:44:28.558+0000] {logging_mixin.py:137} INFO - [2023-05-27T16:44:28.558+0000] {dag.py:2705} INFO - Sync 1 DAGs
[2023-05-27T16:44:28.578+0000] {logging_mixin.py:137} INFO - [2023-05-27T16:44:28.578+0000] {dag.py:3456} INFO - Setting next_dagrun for example_local_kubernetes_executor to None, run_after=None
[2023-05-27T16:44:28.593+0000] {processor.py:175} INFO - Processing /home/airflow/.local/lib/python3.7/site-packages/airflow/example_dags/example_local_kubernetes_executor.py took 0.093 seconds
[2023-05-27T16:44:59.066+0000] {processor.py:153} INFO - Started process (PID=452) to work on /home/airflow/.local/lib/python3.7/site-packages/airflow/example_dags/example_local_kubernetes_executor.py
[2023-05-27T16:44:59.068+0000] {processor.py:743} INFO - Processing file /home/airflow/.local/lib/python3.7/site-packages/airflow/example_dags/example_local_kubernetes_executor.py for tasks to queue
[2023-05-27T16:44:59.069+0000] {logging_mixin.py:137} INFO - [2023-05-27T16:44:59.069+0000] {dagbag.py:532} INFO - Filling up the DagBag from /home/airflow/.local/lib/python3.7/site-packages/airflow/example_dags/example_local_kubernetes_executor.py
[2023-05-27T16:44:59.094+0000] {processor.py:753} INFO - DAG(s) dict_keys(['example_local_kubernetes_executor']) retrieved from /home/airflow/.local/lib/python3.7/site-packages/airflow/example_dags/example_local_kubernetes_executor.py
[2023-05-27T16:44:59.123+0000] {logging_mixin.py:137} INFO - [2023-05-27T16:44:59.123+0000] {dag.py:2705} INFO - Sync 1 DAGs
[2023-05-27T16:44:59.144+0000] {logging_mixin.py:137} INFO - [2023-05-27T16:44:59.144+0000] {dag.py:3456} INFO - Setting next_dagrun for example_local_kubernetes_executor to None, run_after=None
[2023-05-27T16:44:59.159+0000] {processor.py:175} INFO - Processing /home/airflow/.local/lib/python3.7/site-packages/airflow/example_dags/example_local_kubernetes_executor.py took 0.097 seconds
[2023-05-27T16:45:29.725+0000] {processor.py:153} INFO - Started process (PID=509) to work on /home/airflow/.local/lib/python3.7/site-packages/airflow/example_dags/example_local_kubernetes_executor.py
[2023-05-27T16:45:29.727+0000] {processor.py:743} INFO - Processing file /home/airflow/.local/lib/python3.7/site-packages/airflow/example_dags/example_local_kubernetes_executor.py for tasks to queue
[2023-05-27T16:45:29.728+0000] {logging_mixin.py:137} INFO - [2023-05-27T16:45:29.728+0000] {dagbag.py:532} INFO - Filling up the DagBag from /home/airflow/.local/lib/python3.7/site-packages/airflow/example_dags/example_local_kubernetes_executor.py
[2023-05-27T16:45:29.759+0000] {processor.py:753} INFO - DAG(s) dict_keys(['example_local_kubernetes_executor']) retrieved from /home/airflow/.local/lib/python3.7/site-packages/airflow/example_dags/example_local_kubernetes_executor.py
[2023-05-27T16:45:29.811+0000] {logging_mixin.py:137} INFO - [2023-05-27T16:45:29.811+0000] {dag.py:2705} INFO - Sync 1 DAGs
[2023-05-27T16:45:29.841+0000] {logging_mixin.py:137} INFO - [2023-05-27T16:45:29.841+0000] {dag.py:3456} INFO - Setting next_dagrun for example_local_kubernetes_executor to None, run_after=None
[2023-05-27T16:45:29.862+0000] {processor.py:175} INFO - Processing /home/airflow/.local/lib/python3.7/site-packages/airflow/example_dags/example_local_kubernetes_executor.py took 0.143 seconds
[2023-05-27T16:46:00.388+0000] {processor.py:153} INFO - Started process (PID=566) to work on /home/airflow/.local/lib/python3.7/site-packages/airflow/example_dags/example_local_kubernetes_executor.py
[2023-05-27T16:46:00.390+0000] {processor.py:743} INFO - Processing file /home/airflow/.local/lib/python3.7/site-packages/airflow/example_dags/example_local_kubernetes_executor.py for tasks to queue
[2023-05-27T16:46:00.391+0000] {logging_mixin.py:137} INFO - [2023-05-27T16:46:00.391+0000] {dagbag.py:532} INFO - Filling up the DagBag from /home/airflow/.local/lib/python3.7/site-packages/airflow/example_dags/example_local_kubernetes_executor.py
[2023-05-27T16:46:00.417+0000] {processor.py:753} INFO - DAG(s) dict_keys(['example_local_kubernetes_executor']) retrieved from /home/airflow/.local/lib/python3.7/site-packages/airflow/example_dags/example_local_kubernetes_executor.py
[2023-05-27T16:46:00.448+0000] {logging_mixin.py:137} INFO - [2023-05-27T16:46:00.448+0000] {dag.py:2705} INFO - Sync 1 DAGs
[2023-05-27T16:46:00.469+0000] {logging_mixin.py:137} INFO - [2023-05-27T16:46:00.469+0000] {dag.py:3456} INFO - Setting next_dagrun for example_local_kubernetes_executor to None, run_after=None
[2023-05-27T16:46:00.485+0000] {processor.py:175} INFO - Processing /home/airflow/.local/lib/python3.7/site-packages/airflow/example_dags/example_local_kubernetes_executor.py took 0.103 seconds
[2023-05-27T16:46:30.887+0000] {processor.py:153} INFO - Started process (PID=623) to work on /home/airflow/.local/lib/python3.7/site-packages/airflow/example_dags/example_local_kubernetes_executor.py
[2023-05-27T16:46:30.890+0000] {processor.py:743} INFO - Processing file /home/airflow/.local/lib/python3.7/site-packages/airflow/example_dags/example_local_kubernetes_executor.py for tasks to queue
[2023-05-27T16:46:30.891+0000] {logging_mixin.py:137} INFO - [2023-05-27T16:46:30.891+0000] {dagbag.py:532} INFO - Filling up the DagBag from /home/airflow/.local/lib/python3.7/site-packages/airflow/example_dags/example_local_kubernetes_executor.py
[2023-05-27T16:46:30.917+0000] {processor.py:753} INFO - DAG(s) dict_keys(['example_local_kubernetes_executor']) retrieved from /home/airflow/.local/lib/python3.7/site-packages/airflow/example_dags/example_local_kubernetes_executor.py
[2023-05-27T16:46:30.946+0000] {logging_mixin.py:137} INFO - [2023-05-27T16:46:30.946+0000] {dag.py:2705} INFO - Sync 1 DAGs
[2023-05-27T16:46:30.967+0000] {logging_mixin.py:137} INFO - [2023-05-27T16:46:30.967+0000] {dag.py:3456} INFO - Setting next_dagrun for example_local_kubernetes_executor to None, run_after=None
[2023-05-27T16:46:30.983+0000] {processor.py:175} INFO - Processing /home/airflow/.local/lib/python3.7/site-packages/airflow/example_dags/example_local_kubernetes_executor.py took 0.103 seconds
[2023-05-27T16:47:01.328+0000] {processor.py:153} INFO - Started process (PID=680) to work on /home/airflow/.local/lib/python3.7/site-packages/airflow/example_dags/example_local_kubernetes_executor.py
[2023-05-27T16:47:01.330+0000] {processor.py:743} INFO - Processing file /home/airflow/.local/lib/python3.7/site-packages/airflow/example_dags/example_local_kubernetes_executor.py for tasks to queue
[2023-05-27T16:47:01.332+0000] {logging_mixin.py:137} INFO - [2023-05-27T16:47:01.332+0000] {dagbag.py:532} INFO - Filling up the DagBag from /home/airflow/.local/lib/python3.7/site-packages/airflow/example_dags/example_local_kubernetes_executor.py
[2023-05-27T16:47:01.358+0000] {processor.py:753} INFO - DAG(s) dict_keys(['example_local_kubernetes_executor']) retrieved from /home/airflow/.local/lib/python3.7/site-packages/airflow/example_dags/example_local_kubernetes_executor.py
[2023-05-27T16:47:01.389+0000] {logging_mixin.py:137} INFO - [2023-05-27T16:47:01.389+0000] {dag.py:2705} INFO - Sync 1 DAGs
[2023-05-27T16:47:01.411+0000] {logging_mixin.py:137} INFO - [2023-05-27T16:47:01.410+0000] {dag.py:3456} INFO - Setting next_dagrun for example_local_kubernetes_executor to None, run_after=None
[2023-05-27T16:47:01.427+0000] {processor.py:175} INFO - Processing /home/airflow/.local/lib/python3.7/site-packages/airflow/example_dags/example_local_kubernetes_executor.py took 0.106 seconds
[2023-05-27T16:47:32.202+0000] {processor.py:153} INFO - Started process (PID=737) to work on /home/airflow/.local/lib/python3.7/site-packages/airflow/example_dags/example_local_kubernetes_executor.py
[2023-05-27T16:47:32.203+0000] {processor.py:743} INFO - Processing file /home/airflow/.local/lib/python3.7/site-packages/airflow/example_dags/example_local_kubernetes_executor.py for tasks to queue
[2023-05-27T16:47:32.204+0000] {logging_mixin.py:137} INFO - [2023-05-27T16:47:32.204+0000] {dagbag.py:532} INFO - Filling up the DagBag from /home/airflow/.local/lib/python3.7/site-packages/airflow/example_dags/example_local_kubernetes_executor.py
[2023-05-27T16:47:32.228+0000] {processor.py:753} INFO - DAG(s) dict_keys(['example_local_kubernetes_executor']) retrieved from /home/airflow/.local/lib/python3.7/site-packages/airflow/example_dags/example_local_kubernetes_executor.py
[2023-05-27T16:47:32.257+0000] {logging_mixin.py:137} INFO - [2023-05-27T16:47:32.256+0000] {dag.py:2705} INFO - Sync 1 DAGs
[2023-05-27T16:47:32.277+0000] {logging_mixin.py:137} INFO - [2023-05-27T16:47:32.276+0000] {dag.py:3456} INFO - Setting next_dagrun for example_local_kubernetes_executor to None, run_after=None
[2023-05-27T16:47:32.293+0000] {processor.py:175} INFO - Processing /home/airflow/.local/lib/python3.7/site-packages/airflow/example_dags/example_local_kubernetes_executor.py took 0.095 seconds
[2023-05-27T16:48:02.888+0000] {processor.py:153} INFO - Started process (PID=794) to work on /home/airflow/.local/lib/python3.7/site-packages/airflow/example_dags/example_local_kubernetes_executor.py
[2023-05-27T16:48:02.891+0000] {processor.py:743} INFO - Processing file /home/airflow/.local/lib/python3.7/site-packages/airflow/example_dags/example_local_kubernetes_executor.py for tasks to queue
[2023-05-27T16:48:02.892+0000] {logging_mixin.py:137} INFO - [2023-05-27T16:48:02.892+0000] {dagbag.py:532} INFO - Filling up the DagBag from /home/airflow/.local/lib/python3.7/site-packages/airflow/example_dags/example_local_kubernetes_executor.py
[2023-05-27T16:48:02.919+0000] {processor.py:753} INFO - DAG(s) dict_keys(['example_local_kubernetes_executor']) retrieved from /home/airflow/.local/lib/python3.7/site-packages/airflow/example_dags/example_local_kubernetes_executor.py
[2023-05-27T16:48:02.949+0000] {logging_mixin.py:137} INFO - [2023-05-27T16:48:02.949+0000] {dag.py:2705} INFO - Sync 1 DAGs
[2023-05-27T16:48:02.970+0000] {logging_mixin.py:137} INFO - [2023-05-27T16:48:02.970+0000] {dag.py:3456} INFO - Setting next_dagrun for example_local_kubernetes_executor to None, run_after=None
[2023-05-27T16:48:02.986+0000] {processor.py:175} INFO - Processing /home/airflow/.local/lib/python3.7/site-packages/airflow/example_dags/example_local_kubernetes_executor.py took 0.102 seconds
[2023-05-27T16:48:33.359+0000] {processor.py:153} INFO - Started process (PID=851) to work on /home/airflow/.local/lib/python3.7/site-packages/airflow/example_dags/example_local_kubernetes_executor.py
[2023-05-27T16:48:33.361+0000] {processor.py:743} INFO - Processing file /home/airflow/.local/lib/python3.7/site-packages/airflow/example_dags/example_local_kubernetes_executor.py for tasks to queue
[2023-05-27T16:48:33.362+0000] {logging_mixin.py:137} INFO - [2023-05-27T16:48:33.362+0000] {dagbag.py:532} INFO - Filling up the DagBag from /home/airflow/.local/lib/python3.7/site-packages/airflow/example_dags/example_local_kubernetes_executor.py
[2023-05-27T16:48:33.387+0000] {processor.py:753} INFO - DAG(s) dict_keys(['example_local_kubernetes_executor']) retrieved from /home/airflow/.local/lib/python3.7/site-packages/airflow/example_dags/example_local_kubernetes_executor.py
[2023-05-27T16:48:33.415+0000] {logging_mixin.py:137} INFO - [2023-05-27T16:48:33.415+0000] {dag.py:2705} INFO - Sync 1 DAGs
[2023-05-27T16:48:33.437+0000] {logging_mixin.py:137} INFO - [2023-05-27T16:48:33.436+0000] {dag.py:3456} INFO - Setting next_dagrun for example_local_kubernetes_executor to None, run_after=None
[2023-05-27T16:48:33.452+0000] {processor.py:175} INFO - Processing /home/airflow/.local/lib/python3.7/site-packages/airflow/example_dags/example_local_kubernetes_executor.py took 0.098 seconds
[2023-05-27T16:49:04.167+0000] {processor.py:153} INFO - Started process (PID=908) to work on /home/airflow/.local/lib/python3.7/site-packages/airflow/example_dags/example_local_kubernetes_executor.py
[2023-05-27T16:49:04.168+0000] {processor.py:743} INFO - Processing file /home/airflow/.local/lib/python3.7/site-packages/airflow/example_dags/example_local_kubernetes_executor.py for tasks to queue
[2023-05-27T16:49:04.169+0000] {logging_mixin.py:137} INFO - [2023-05-27T16:49:04.169+0000] {dagbag.py:532} INFO - Filling up the DagBag from /home/airflow/.local/lib/python3.7/site-packages/airflow/example_dags/example_local_kubernetes_executor.py
[2023-05-27T16:49:04.193+0000] {processor.py:753} INFO - DAG(s) dict_keys(['example_local_kubernetes_executor']) retrieved from /home/airflow/.local/lib/python3.7/site-packages/airflow/example_dags/example_local_kubernetes_executor.py
[2023-05-27T16:49:04.222+0000] {logging_mixin.py:137} INFO - [2023-05-27T16:49:04.222+0000] {dag.py:2705} INFO - Sync 1 DAGs
[2023-05-27T16:49:04.242+0000] {logging_mixin.py:137} INFO - [2023-05-27T16:49:04.242+0000] {dag.py:3456} INFO - Setting next_dagrun for example_local_kubernetes_executor to None, run_after=None
[2023-05-27T16:49:04.259+0000] {processor.py:175} INFO - Processing /home/airflow/.local/lib/python3.7/site-packages/airflow/example_dags/example_local_kubernetes_executor.py took 0.098 seconds
[2023-05-27T16:49:34.641+0000] {processor.py:153} INFO - Started process (PID=965) to work on /home/airflow/.local/lib/python3.7/site-packages/airflow/example_dags/example_local_kubernetes_executor.py
[2023-05-27T16:49:34.642+0000] {processor.py:743} INFO - Processing file /home/airflow/.local/lib/python3.7/site-packages/airflow/example_dags/example_local_kubernetes_executor.py for tasks to queue
[2023-05-27T16:49:34.643+0000] {logging_mixin.py:137} INFO - [2023-05-27T16:49:34.643+0000] {dagbag.py:532} INFO - Filling up the DagBag from /home/airflow/.local/lib/python3.7/site-packages/airflow/example_dags/example_local_kubernetes_executor.py
[2023-05-27T16:49:34.669+0000] {processor.py:753} INFO - DAG(s) dict_keys(['example_local_kubernetes_executor']) retrieved from /home/airflow/.local/lib/python3.7/site-packages/airflow/example_dags/example_local_kubernetes_executor.py
[2023-05-27T16:49:34.698+0000] {logging_mixin.py:137} INFO - [2023-05-27T16:49:34.698+0000] {dag.py:2705} INFO - Sync 1 DAGs
[2023-05-27T16:49:34.719+0000] {logging_mixin.py:137} INFO - [2023-05-27T16:49:34.719+0000] {dag.py:3456} INFO - Setting next_dagrun for example_local_kubernetes_executor to None, run_after=None
[2023-05-27T16:49:34.733+0000] {processor.py:175} INFO - Processing /home/airflow/.local/lib/python3.7/site-packages/airflow/example_dags/example_local_kubernetes_executor.py took 0.098 seconds
[2023-05-27T16:50:05.025+0000] {processor.py:153} INFO - Started process (PID=1022) to work on /home/airflow/.local/lib/python3.7/site-packages/airflow/example_dags/example_local_kubernetes_executor.py
[2023-05-27T16:50:05.026+0000] {processor.py:743} INFO - Processing file /home/airflow/.local/lib/python3.7/site-packages/airflow/example_dags/example_local_kubernetes_executor.py for tasks to queue
[2023-05-27T16:50:05.027+0000] {logging_mixin.py:137} INFO - [2023-05-27T16:50:05.027+0000] {dagbag.py:532} INFO - Filling up the DagBag from /home/airflow/.local/lib/python3.7/site-packages/airflow/example_dags/example_local_kubernetes_executor.py
[2023-05-27T16:50:05.053+0000] {processor.py:753} INFO - DAG(s) dict_keys(['example_local_kubernetes_executor']) retrieved from /home/airflow/.local/lib/python3.7/site-packages/airflow/example_dags/example_local_kubernetes_executor.py
[2023-05-27T16:50:05.082+0000] {logging_mixin.py:137} INFO - [2023-05-27T16:50:05.082+0000] {dag.py:2705} INFO - Sync 1 DAGs
[2023-05-27T16:50:05.102+0000] {logging_mixin.py:137} INFO - [2023-05-27T16:50:05.102+0000] {dag.py:3456} INFO - Setting next_dagrun for example_local_kubernetes_executor to None, run_after=None
[2023-05-27T16:50:05.118+0000] {processor.py:175} INFO - Processing /home/airflow/.local/lib/python3.7/site-packages/airflow/example_dags/example_local_kubernetes_executor.py took 0.099 seconds
[2023-05-27T16:50:35.201+0000] {processor.py:153} INFO - Started process (PID=1079) to work on /home/airflow/.local/lib/python3.7/site-packages/airflow/example_dags/example_local_kubernetes_executor.py
[2023-05-27T16:50:35.203+0000] {processor.py:743} INFO - Processing file /home/airflow/.local/lib/python3.7/site-packages/airflow/example_dags/example_local_kubernetes_executor.py for tasks to queue
[2023-05-27T16:50:35.204+0000] {logging_mixin.py:137} INFO - [2023-05-27T16:50:35.204+0000] {dagbag.py:532} INFO - Filling up the DagBag from /home/airflow/.local/lib/python3.7/site-packages/airflow/example_dags/example_local_kubernetes_executor.py
[2023-05-27T16:50:35.230+0000] {processor.py:753} INFO - DAG(s) dict_keys(['example_local_kubernetes_executor']) retrieved from /home/airflow/.local/lib/python3.7/site-packages/airflow/example_dags/example_local_kubernetes_executor.py
[2023-05-27T16:50:35.261+0000] {logging_mixin.py:137} INFO - [2023-05-27T16:50:35.261+0000] {dag.py:2705} INFO - Sync 1 DAGs
[2023-05-27T16:50:35.282+0000] {logging_mixin.py:137} INFO - [2023-05-27T16:50:35.282+0000] {dag.py:3456} INFO - Setting next_dagrun for example_local_kubernetes_executor to None, run_after=None
[2023-05-27T16:50:35.298+0000] {processor.py:175} INFO - Processing /home/airflow/.local/lib/python3.7/site-packages/airflow/example_dags/example_local_kubernetes_executor.py took 0.104 seconds
[2023-05-27T16:51:05.439+0000] {processor.py:153} INFO - Started process (PID=1136) to work on /home/airflow/.local/lib/python3.7/site-packages/airflow/example_dags/example_local_kubernetes_executor.py
[2023-05-27T16:51:05.440+0000] {processor.py:743} INFO - Processing file /home/airflow/.local/lib/python3.7/site-packages/airflow/example_dags/example_local_kubernetes_executor.py for tasks to queue
[2023-05-27T16:51:05.447+0000] {logging_mixin.py:137} INFO - [2023-05-27T16:51:05.447+0000] {dagbag.py:532} INFO - Filling up the DagBag from /home/airflow/.local/lib/python3.7/site-packages/airflow/example_dags/example_local_kubernetes_executor.py
[2023-05-27T16:51:05.471+0000] {processor.py:753} INFO - DAG(s) dict_keys(['example_local_kubernetes_executor']) retrieved from /home/airflow/.local/lib/python3.7/site-packages/airflow/example_dags/example_local_kubernetes_executor.py
[2023-05-27T16:51:05.501+0000] {logging_mixin.py:137} INFO - [2023-05-27T16:51:05.500+0000] {dag.py:2705} INFO - Sync 1 DAGs
[2023-05-27T16:51:05.521+0000] {logging_mixin.py:137} INFO - [2023-05-27T16:51:05.520+0000] {dag.py:3456} INFO - Setting next_dagrun for example_local_kubernetes_executor to None, run_after=None
[2023-05-27T16:51:05.536+0000] {processor.py:175} INFO - Processing /home/airflow/.local/lib/python3.7/site-packages/airflow/example_dags/example_local_kubernetes_executor.py took 0.103 seconds
[2023-05-27T16:51:35.602+0000] {processor.py:153} INFO - Started process (PID=1193) to work on /home/airflow/.local/lib/python3.7/site-packages/airflow/example_dags/example_local_kubernetes_executor.py
[2023-05-27T16:51:35.604+0000] {processor.py:743} INFO - Processing file /home/airflow/.local/lib/python3.7/site-packages/airflow/example_dags/example_local_kubernetes_executor.py for tasks to queue
[2023-05-27T16:51:35.605+0000] {logging_mixin.py:137} INFO - [2023-05-27T16:51:35.605+0000] {dagbag.py:532} INFO - Filling up the DagBag from /home/airflow/.local/lib/python3.7/site-packages/airflow/example_dags/example_local_kubernetes_executor.py
[2023-05-27T16:51:35.635+0000] {processor.py:753} INFO - DAG(s) dict_keys(['example_local_kubernetes_executor']) retrieved from /home/airflow/.local/lib/python3.7/site-packages/airflow/example_dags/example_local_kubernetes_executor.py
[2023-05-27T16:51:35.666+0000] {logging_mixin.py:137} INFO - [2023-05-27T16:51:35.666+0000] {dag.py:2705} INFO - Sync 1 DAGs
[2023-05-27T16:51:35.686+0000] {logging_mixin.py:137} INFO - [2023-05-27T16:51:35.686+0000] {dag.py:3456} INFO - Setting next_dagrun for example_local_kubernetes_executor to None, run_after=None
[2023-05-27T16:51:35.702+0000] {processor.py:175} INFO - Processing /home/airflow/.local/lib/python3.7/site-packages/airflow/example_dags/example_local_kubernetes_executor.py took 0.107 seconds
[2023-05-27T16:52:05.938+0000] {processor.py:153} INFO - Started process (PID=1250) to work on /home/airflow/.local/lib/python3.7/site-packages/airflow/example_dags/example_local_kubernetes_executor.py
[2023-05-27T16:52:05.939+0000] {processor.py:743} INFO - Processing file /home/airflow/.local/lib/python3.7/site-packages/airflow/example_dags/example_local_kubernetes_executor.py for tasks to queue
[2023-05-27T16:52:05.940+0000] {logging_mixin.py:137} INFO - [2023-05-27T16:52:05.940+0000] {dagbag.py:532} INFO - Filling up the DagBag from /home/airflow/.local/lib/python3.7/site-packages/airflow/example_dags/example_local_kubernetes_executor.py
[2023-05-27T16:52:05.965+0000] {processor.py:753} INFO - DAG(s) dict_keys(['example_local_kubernetes_executor']) retrieved from /home/airflow/.local/lib/python3.7/site-packages/airflow/example_dags/example_local_kubernetes_executor.py
[2023-05-27T16:52:05.995+0000] {logging_mixin.py:137} INFO - [2023-05-27T16:52:05.994+0000] {dag.py:2705} INFO - Sync 1 DAGs
[2023-05-27T16:52:06.015+0000] {logging_mixin.py:137} INFO - [2023-05-27T16:52:06.015+0000] {dag.py:3456} INFO - Setting next_dagrun for example_local_kubernetes_executor to None, run_after=None
[2023-05-27T16:52:06.030+0000] {processor.py:175} INFO - Processing /home/airflow/.local/lib/python3.7/site-packages/airflow/example_dags/example_local_kubernetes_executor.py took 0.098 seconds
[2023-05-27T16:52:36.587+0000] {processor.py:153} INFO - Started process (PID=1307) to work on /home/airflow/.local/lib/python3.7/site-packages/airflow/example_dags/example_local_kubernetes_executor.py
[2023-05-27T16:52:36.589+0000] {processor.py:743} INFO - Processing file /home/airflow/.local/lib/python3.7/site-packages/airflow/example_dags/example_local_kubernetes_executor.py for tasks to queue
[2023-05-27T16:52:36.590+0000] {logging_mixin.py:137} INFO - [2023-05-27T16:52:36.590+0000] {dagbag.py:532} INFO - Filling up the DagBag from /home/airflow/.local/lib/python3.7/site-packages/airflow/example_dags/example_local_kubernetes_executor.py
[2023-05-27T16:52:36.652+0000] {processor.py:753} INFO - DAG(s) dict_keys(['example_local_kubernetes_executor']) retrieved from /home/airflow/.local/lib/python3.7/site-packages/airflow/example_dags/example_local_kubernetes_executor.py
[2023-05-27T16:52:36.712+0000] {logging_mixin.py:137} INFO - [2023-05-27T16:52:36.712+0000] {dag.py:2705} INFO - Sync 1 DAGs
[2023-05-27T16:52:36.749+0000] {logging_mixin.py:137} INFO - [2023-05-27T16:52:36.749+0000] {dag.py:3456} INFO - Setting next_dagrun for example_local_kubernetes_executor to None, run_after=None
[2023-05-27T16:52:36.768+0000] {processor.py:175} INFO - Processing /home/airflow/.local/lib/python3.7/site-packages/airflow/example_dags/example_local_kubernetes_executor.py took 0.187 seconds
[2023-05-27T16:53:06.859+0000] {processor.py:153} INFO - Started process (PID=1364) to work on /home/airflow/.local/lib/python3.7/site-packages/airflow/example_dags/example_local_kubernetes_executor.py
[2023-05-27T16:53:06.861+0000] {processor.py:743} INFO - Processing file /home/airflow/.local/lib/python3.7/site-packages/airflow/example_dags/example_local_kubernetes_executor.py for tasks to queue
[2023-05-27T16:53:06.863+0000] {logging_mixin.py:137} INFO - [2023-05-27T16:53:06.862+0000] {dagbag.py:532} INFO - Filling up the DagBag from /home/airflow/.local/lib/python3.7/site-packages/airflow/example_dags/example_local_kubernetes_executor.py
[2023-05-27T16:53:06.891+0000] {processor.py:753} INFO - DAG(s) dict_keys(['example_local_kubernetes_executor']) retrieved from /home/airflow/.local/lib/python3.7/site-packages/airflow/example_dags/example_local_kubernetes_executor.py
[2023-05-27T16:53:06.923+0000] {logging_mixin.py:137} INFO - [2023-05-27T16:53:06.922+0000] {dag.py:2705} INFO - Sync 1 DAGs
[2023-05-27T16:53:06.944+0000] {logging_mixin.py:137} INFO - [2023-05-27T16:53:06.944+0000] {dag.py:3456} INFO - Setting next_dagrun for example_local_kubernetes_executor to None, run_after=None
[2023-05-27T16:53:06.960+0000] {processor.py:175} INFO - Processing /home/airflow/.local/lib/python3.7/site-packages/airflow/example_dags/example_local_kubernetes_executor.py took 0.108 seconds
[2023-05-27T16:53:37.232+0000] {processor.py:153} INFO - Started process (PID=1421) to work on /home/airflow/.local/lib/python3.7/site-packages/airflow/example_dags/example_local_kubernetes_executor.py
[2023-05-27T16:53:37.234+0000] {processor.py:743} INFO - Processing file /home/airflow/.local/lib/python3.7/site-packages/airflow/example_dags/example_local_kubernetes_executor.py for tasks to queue
[2023-05-27T16:53:37.236+0000] {logging_mixin.py:137} INFO - [2023-05-27T16:53:37.235+0000] {dagbag.py:532} INFO - Filling up the DagBag from /home/airflow/.local/lib/python3.7/site-packages/airflow/example_dags/example_local_kubernetes_executor.py
[2023-05-27T16:53:37.272+0000] {processor.py:753} INFO - DAG(s) dict_keys(['example_local_kubernetes_executor']) retrieved from /home/airflow/.local/lib/python3.7/site-packages/airflow/example_dags/example_local_kubernetes_executor.py
[2023-05-27T16:53:37.325+0000] {logging_mixin.py:137} INFO - [2023-05-27T16:53:37.325+0000] {dag.py:2705} INFO - Sync 1 DAGs
[2023-05-27T16:53:37.369+0000] {logging_mixin.py:137} INFO - [2023-05-27T16:53:37.369+0000] {dag.py:3456} INFO - Setting next_dagrun for example_local_kubernetes_executor to None, run_after=None
[2023-05-27T16:53:37.402+0000] {processor.py:175} INFO - Processing /home/airflow/.local/lib/python3.7/site-packages/airflow/example_dags/example_local_kubernetes_executor.py took 0.176 seconds
[2023-05-27T16:54:07.531+0000] {processor.py:153} INFO - Started process (PID=1478) to work on /home/airflow/.local/lib/python3.7/site-packages/airflow/example_dags/example_local_kubernetes_executor.py
[2023-05-27T16:54:07.532+0000] {processor.py:743} INFO - Processing file /home/airflow/.local/lib/python3.7/site-packages/airflow/example_dags/example_local_kubernetes_executor.py for tasks to queue
[2023-05-27T16:54:07.533+0000] {logging_mixin.py:137} INFO - [2023-05-27T16:54:07.533+0000] {dagbag.py:532} INFO - Filling up the DagBag from /home/airflow/.local/lib/python3.7/site-packages/airflow/example_dags/example_local_kubernetes_executor.py
[2023-05-27T16:54:07.559+0000] {processor.py:753} INFO - DAG(s) dict_keys(['example_local_kubernetes_executor']) retrieved from /home/airflow/.local/lib/python3.7/site-packages/airflow/example_dags/example_local_kubernetes_executor.py
[2023-05-27T16:54:07.592+0000] {logging_mixin.py:137} INFO - [2023-05-27T16:54:07.591+0000] {dag.py:2705} INFO - Sync 1 DAGs
[2023-05-27T16:54:07.617+0000] {logging_mixin.py:137} INFO - [2023-05-27T16:54:07.617+0000] {dag.py:3456} INFO - Setting next_dagrun for example_local_kubernetes_executor to None, run_after=None
[2023-05-27T16:54:07.635+0000] {processor.py:175} INFO - Processing /home/airflow/.local/lib/python3.7/site-packages/airflow/example_dags/example_local_kubernetes_executor.py took 0.110 seconds
[2023-05-27T16:54:37.830+0000] {processor.py:153} INFO - Started process (PID=1535) to work on /home/airflow/.local/lib/python3.7/site-packages/airflow/example_dags/example_local_kubernetes_executor.py
[2023-05-27T16:54:37.832+0000] {processor.py:743} INFO - Processing file /home/airflow/.local/lib/python3.7/site-packages/airflow/example_dags/example_local_kubernetes_executor.py for tasks to queue
[2023-05-27T16:54:37.833+0000] {logging_mixin.py:137} INFO - [2023-05-27T16:54:37.833+0000] {dagbag.py:532} INFO - Filling up the DagBag from /home/airflow/.local/lib/python3.7/site-packages/airflow/example_dags/example_local_kubernetes_executor.py
[2023-05-27T16:54:37.870+0000] {processor.py:753} INFO - DAG(s) dict_keys(['example_local_kubernetes_executor']) retrieved from /home/airflow/.local/lib/python3.7/site-packages/airflow/example_dags/example_local_kubernetes_executor.py
[2023-05-27T16:54:37.915+0000] {logging_mixin.py:137} INFO - [2023-05-27T16:54:37.915+0000] {dag.py:2705} INFO - Sync 1 DAGs
[2023-05-27T16:54:37.940+0000] {logging_mixin.py:137} INFO - [2023-05-27T16:54:37.940+0000] {dag.py:3456} INFO - Setting next_dagrun for example_local_kubernetes_executor to None, run_after=None
[2023-05-27T16:54:37.957+0000] {processor.py:175} INFO - Processing /home/airflow/.local/lib/python3.7/site-packages/airflow/example_dags/example_local_kubernetes_executor.py took 0.134 seconds
[2023-05-27T16:55:08.088+0000] {processor.py:153} INFO - Started process (PID=1592) to work on /home/airflow/.local/lib/python3.7/site-packages/airflow/example_dags/example_local_kubernetes_executor.py
[2023-05-27T16:55:08.090+0000] {processor.py:743} INFO - Processing file /home/airflow/.local/lib/python3.7/site-packages/airflow/example_dags/example_local_kubernetes_executor.py for tasks to queue
[2023-05-27T16:55:08.092+0000] {logging_mixin.py:137} INFO - [2023-05-27T16:55:08.092+0000] {dagbag.py:532} INFO - Filling up the DagBag from /home/airflow/.local/lib/python3.7/site-packages/airflow/example_dags/example_local_kubernetes_executor.py
[2023-05-27T16:55:08.122+0000] {processor.py:753} INFO - DAG(s) dict_keys(['example_local_kubernetes_executor']) retrieved from /home/airflow/.local/lib/python3.7/site-packages/airflow/example_dags/example_local_kubernetes_executor.py
[2023-05-27T16:55:08.157+0000] {logging_mixin.py:137} INFO - [2023-05-27T16:55:08.156+0000] {dag.py:2705} INFO - Sync 1 DAGs
[2023-05-27T16:55:08.180+0000] {logging_mixin.py:137} INFO - [2023-05-27T16:55:08.179+0000] {dag.py:3456} INFO - Setting next_dagrun for example_local_kubernetes_executor to None, run_after=None
[2023-05-27T16:55:08.200+0000] {processor.py:175} INFO - Processing /home/airflow/.local/lib/python3.7/site-packages/airflow/example_dags/example_local_kubernetes_executor.py took 0.116 seconds
[2023-05-27T16:55:39.014+0000] {processor.py:153} INFO - Started process (PID=1649) to work on /home/airflow/.local/lib/python3.7/site-packages/airflow/example_dags/example_local_kubernetes_executor.py
[2023-05-27T16:55:39.015+0000] {processor.py:743} INFO - Processing file /home/airflow/.local/lib/python3.7/site-packages/airflow/example_dags/example_local_kubernetes_executor.py for tasks to queue
[2023-05-27T16:55:39.016+0000] {logging_mixin.py:137} INFO - [2023-05-27T16:55:39.016+0000] {dagbag.py:532} INFO - Filling up the DagBag from /home/airflow/.local/lib/python3.7/site-packages/airflow/example_dags/example_local_kubernetes_executor.py
[2023-05-27T16:55:39.041+0000] {processor.py:753} INFO - DAG(s) dict_keys(['example_local_kubernetes_executor']) retrieved from /home/airflow/.local/lib/python3.7/site-packages/airflow/example_dags/example_local_kubernetes_executor.py
[2023-05-27T16:55:39.070+0000] {logging_mixin.py:137} INFO - [2023-05-27T16:55:39.070+0000] {dag.py:2705} INFO - Sync 1 DAGs
[2023-05-27T16:55:39.091+0000] {logging_mixin.py:137} INFO - [2023-05-27T16:55:39.091+0000] {dag.py:3456} INFO - Setting next_dagrun for example_local_kubernetes_executor to None, run_after=None
[2023-05-27T16:55:39.106+0000] {processor.py:175} INFO - Processing /home/airflow/.local/lib/python3.7/site-packages/airflow/example_dags/example_local_kubernetes_executor.py took 0.097 seconds
[2023-05-27T16:56:09.801+0000] {processor.py:153} INFO - Started process (PID=1706) to work on /home/airflow/.local/lib/python3.7/site-packages/airflow/example_dags/example_local_kubernetes_executor.py
[2023-05-27T16:56:09.804+0000] {processor.py:743} INFO - Processing file /home/airflow/.local/lib/python3.7/site-packages/airflow/example_dags/example_local_kubernetes_executor.py for tasks to queue
[2023-05-27T16:56:09.806+0000] {logging_mixin.py:137} INFO - [2023-05-27T16:56:09.806+0000] {dagbag.py:532} INFO - Filling up the DagBag from /home/airflow/.local/lib/python3.7/site-packages/airflow/example_dags/example_local_kubernetes_executor.py
[2023-05-27T16:56:09.841+0000] {processor.py:753} INFO - DAG(s) dict_keys(['example_local_kubernetes_executor']) retrieved from /home/airflow/.local/lib/python3.7/site-packages/airflow/example_dags/example_local_kubernetes_executor.py
[2023-05-27T16:56:09.875+0000] {logging_mixin.py:137} INFO - [2023-05-27T16:56:09.875+0000] {dag.py:2705} INFO - Sync 1 DAGs
[2023-05-27T16:56:09.896+0000] {logging_mixin.py:137} INFO - [2023-05-27T16:56:09.896+0000] {dag.py:3456} INFO - Setting next_dagrun for example_local_kubernetes_executor to None, run_after=None
[2023-05-27T16:56:09.913+0000] {processor.py:175} INFO - Processing /home/airflow/.local/lib/python3.7/site-packages/airflow/example_dags/example_local_kubernetes_executor.py took 0.119 seconds
[2023-05-27T16:56:40.146+0000] {processor.py:153} INFO - Started process (PID=1762) to work on /home/airflow/.local/lib/python3.7/site-packages/airflow/example_dags/example_local_kubernetes_executor.py
[2023-05-27T16:56:40.148+0000] {processor.py:743} INFO - Processing file /home/airflow/.local/lib/python3.7/site-packages/airflow/example_dags/example_local_kubernetes_executor.py for tasks to queue
[2023-05-27T16:56:40.150+0000] {logging_mixin.py:137} INFO - [2023-05-27T16:56:40.149+0000] {dagbag.py:532} INFO - Filling up the DagBag from /home/airflow/.local/lib/python3.7/site-packages/airflow/example_dags/example_local_kubernetes_executor.py
[2023-05-27T16:56:40.177+0000] {processor.py:753} INFO - DAG(s) dict_keys(['example_local_kubernetes_executor']) retrieved from /home/airflow/.local/lib/python3.7/site-packages/airflow/example_dags/example_local_kubernetes_executor.py
[2023-05-27T16:56:40.209+0000] {logging_mixin.py:137} INFO - [2023-05-27T16:56:40.209+0000] {dag.py:2705} INFO - Sync 1 DAGs
[2023-05-27T16:56:40.230+0000] {logging_mixin.py:137} INFO - [2023-05-27T16:56:40.229+0000] {dag.py:3456} INFO - Setting next_dagrun for example_local_kubernetes_executor to None, run_after=None
[2023-05-27T16:56:40.244+0000] {processor.py:175} INFO - Processing /home/airflow/.local/lib/python3.7/site-packages/airflow/example_dags/example_local_kubernetes_executor.py took 0.107 seconds
[2023-05-27T16:57:11.101+0000] {processor.py:153} INFO - Started process (PID=1819) to work on /home/airflow/.local/lib/python3.7/site-packages/airflow/example_dags/example_local_kubernetes_executor.py
[2023-05-27T16:57:11.102+0000] {processor.py:743} INFO - Processing file /home/airflow/.local/lib/python3.7/site-packages/airflow/example_dags/example_local_kubernetes_executor.py for tasks to queue
[2023-05-27T16:57:11.103+0000] {logging_mixin.py:137} INFO - [2023-05-27T16:57:11.103+0000] {dagbag.py:532} INFO - Filling up the DagBag from /home/airflow/.local/lib/python3.7/site-packages/airflow/example_dags/example_local_kubernetes_executor.py
[2023-05-27T16:57:11.127+0000] {processor.py:753} INFO - DAG(s) dict_keys(['example_local_kubernetes_executor']) retrieved from /home/airflow/.local/lib/python3.7/site-packages/airflow/example_dags/example_local_kubernetes_executor.py
[2023-05-27T16:57:11.155+0000] {logging_mixin.py:137} INFO - [2023-05-27T16:57:11.155+0000] {dag.py:2705} INFO - Sync 1 DAGs
[2023-05-27T16:57:11.176+0000] {logging_mixin.py:137} INFO - [2023-05-27T16:57:11.176+0000] {dag.py:3456} INFO - Setting next_dagrun for example_local_kubernetes_executor to None, run_after=None
[2023-05-27T16:57:11.191+0000] {processor.py:175} INFO - Processing /home/airflow/.local/lib/python3.7/site-packages/airflow/example_dags/example_local_kubernetes_executor.py took 0.094 seconds
[2023-05-27T16:57:42.138+0000] {processor.py:153} INFO - Started process (PID=1876) to work on /home/airflow/.local/lib/python3.7/site-packages/airflow/example_dags/example_local_kubernetes_executor.py
[2023-05-27T16:57:42.143+0000] {processor.py:743} INFO - Processing file /home/airflow/.local/lib/python3.7/site-packages/airflow/example_dags/example_local_kubernetes_executor.py for tasks to queue
[2023-05-27T16:57:42.146+0000] {logging_mixin.py:137} INFO - [2023-05-27T16:57:42.146+0000] {dagbag.py:532} INFO - Filling up the DagBag from /home/airflow/.local/lib/python3.7/site-packages/airflow/example_dags/example_local_kubernetes_executor.py
[2023-05-27T16:57:42.276+0000] {processor.py:753} INFO - DAG(s) dict_keys(['example_local_kubernetes_executor']) retrieved from /home/airflow/.local/lib/python3.7/site-packages/airflow/example_dags/example_local_kubernetes_executor.py
[2023-05-27T16:57:42.496+0000] {logging_mixin.py:137} INFO - [2023-05-27T16:57:42.496+0000] {dag.py:2705} INFO - Sync 1 DAGs
[2023-05-27T16:57:42.592+0000] {logging_mixin.py:137} INFO - [2023-05-27T16:57:42.592+0000] {dag.py:3456} INFO - Setting next_dagrun for example_local_kubernetes_executor to None, run_after=None
[2023-05-27T16:57:42.646+0000] {processor.py:175} INFO - Processing /home/airflow/.local/lib/python3.7/site-packages/airflow/example_dags/example_local_kubernetes_executor.py took 0.515 seconds
[2023-05-27T16:58:13.379+0000] {processor.py:153} INFO - Started process (PID=1933) to work on /home/airflow/.local/lib/python3.7/site-packages/airflow/example_dags/example_local_kubernetes_executor.py
[2023-05-27T16:58:13.381+0000] {processor.py:743} INFO - Processing file /home/airflow/.local/lib/python3.7/site-packages/airflow/example_dags/example_local_kubernetes_executor.py for tasks to queue
[2023-05-27T16:58:13.383+0000] {logging_mixin.py:137} INFO - [2023-05-27T16:58:13.383+0000] {dagbag.py:532} INFO - Filling up the DagBag from /home/airflow/.local/lib/python3.7/site-packages/airflow/example_dags/example_local_kubernetes_executor.py
[2023-05-27T16:58:13.407+0000] {processor.py:753} INFO - DAG(s) dict_keys(['example_local_kubernetes_executor']) retrieved from /home/airflow/.local/lib/python3.7/site-packages/airflow/example_dags/example_local_kubernetes_executor.py
[2023-05-27T16:58:13.436+0000] {logging_mixin.py:137} INFO - [2023-05-27T16:58:13.436+0000] {dag.py:2705} INFO - Sync 1 DAGs
[2023-05-27T16:58:13.456+0000] {logging_mixin.py:137} INFO - [2023-05-27T16:58:13.456+0000] {dag.py:3456} INFO - Setting next_dagrun for example_local_kubernetes_executor to None, run_after=None
[2023-05-27T16:58:13.472+0000] {processor.py:175} INFO - Processing /home/airflow/.local/lib/python3.7/site-packages/airflow/example_dags/example_local_kubernetes_executor.py took 0.099 seconds
[2023-05-27T16:58:43.992+0000] {processor.py:153} INFO - Started process (PID=1990) to work on /home/airflow/.local/lib/python3.7/site-packages/airflow/example_dags/example_local_kubernetes_executor.py
[2023-05-27T16:58:43.994+0000] {processor.py:743} INFO - Processing file /home/airflow/.local/lib/python3.7/site-packages/airflow/example_dags/example_local_kubernetes_executor.py for tasks to queue
[2023-05-27T16:58:43.996+0000] {logging_mixin.py:137} INFO - [2023-05-27T16:58:43.995+0000] {dagbag.py:532} INFO - Filling up the DagBag from /home/airflow/.local/lib/python3.7/site-packages/airflow/example_dags/example_local_kubernetes_executor.py
[2023-05-27T16:58:44.021+0000] {processor.py:753} INFO - DAG(s) dict_keys(['example_local_kubernetes_executor']) retrieved from /home/airflow/.local/lib/python3.7/site-packages/airflow/example_dags/example_local_kubernetes_executor.py
[2023-05-27T16:58:44.050+0000] {logging_mixin.py:137} INFO - [2023-05-27T16:58:44.050+0000] {dag.py:2705} INFO - Sync 1 DAGs
[2023-05-27T16:58:44.070+0000] {logging_mixin.py:137} INFO - [2023-05-27T16:58:44.070+0000] {dag.py:3456} INFO - Setting next_dagrun for example_local_kubernetes_executor to None, run_after=None
[2023-05-27T16:58:44.089+0000] {processor.py:175} INFO - Processing /home/airflow/.local/lib/python3.7/site-packages/airflow/example_dags/example_local_kubernetes_executor.py took 0.102 seconds
[2023-05-27T16:59:14.749+0000] {processor.py:153} INFO - Started process (PID=2054) to work on /home/airflow/.local/lib/python3.7/site-packages/airflow/example_dags/example_local_kubernetes_executor.py
[2023-05-27T16:59:14.751+0000] {processor.py:743} INFO - Processing file /home/airflow/.local/lib/python3.7/site-packages/airflow/example_dags/example_local_kubernetes_executor.py for tasks to queue
[2023-05-27T16:59:14.755+0000] {logging_mixin.py:137} INFO - [2023-05-27T16:59:14.754+0000] {dagbag.py:532} INFO - Filling up the DagBag from /home/airflow/.local/lib/python3.7/site-packages/airflow/example_dags/example_local_kubernetes_executor.py
[2023-05-27T16:59:14.782+0000] {processor.py:753} INFO - DAG(s) dict_keys(['example_local_kubernetes_executor']) retrieved from /home/airflow/.local/lib/python3.7/site-packages/airflow/example_dags/example_local_kubernetes_executor.py
[2023-05-27T16:59:14.812+0000] {logging_mixin.py:137} INFO - [2023-05-27T16:59:14.811+0000] {dag.py:2705} INFO - Sync 1 DAGs
[2023-05-27T16:59:14.839+0000] {logging_mixin.py:137} INFO - [2023-05-27T16:59:14.839+0000] {dag.py:3456} INFO - Setting next_dagrun for example_local_kubernetes_executor to None, run_after=None
[2023-05-27T16:59:14.854+0000] {processor.py:175} INFO - Processing /home/airflow/.local/lib/python3.7/site-packages/airflow/example_dags/example_local_kubernetes_executor.py took 0.112 seconds
[2023-05-27T16:59:45.598+0000] {processor.py:153} INFO - Started process (PID=2111) to work on /home/airflow/.local/lib/python3.7/site-packages/airflow/example_dags/example_local_kubernetes_executor.py
[2023-05-27T16:59:45.602+0000] {processor.py:743} INFO - Processing file /home/airflow/.local/lib/python3.7/site-packages/airflow/example_dags/example_local_kubernetes_executor.py for tasks to queue
[2023-05-27T16:59:45.604+0000] {logging_mixin.py:137} INFO - [2023-05-27T16:59:45.604+0000] {dagbag.py:532} INFO - Filling up the DagBag from /home/airflow/.local/lib/python3.7/site-packages/airflow/example_dags/example_local_kubernetes_executor.py
[2023-05-27T16:59:45.633+0000] {processor.py:753} INFO - DAG(s) dict_keys(['example_local_kubernetes_executor']) retrieved from /home/airflow/.local/lib/python3.7/site-packages/airflow/example_dags/example_local_kubernetes_executor.py
[2023-05-27T16:59:45.665+0000] {logging_mixin.py:137} INFO - [2023-05-27T16:59:45.665+0000] {dag.py:2705} INFO - Sync 1 DAGs
[2023-05-27T16:59:45.685+0000] {logging_mixin.py:137} INFO - [2023-05-27T16:59:45.685+0000] {dag.py:3456} INFO - Setting next_dagrun for example_local_kubernetes_executor to None, run_after=None
[2023-05-27T16:59:45.699+0000] {processor.py:175} INFO - Processing /home/airflow/.local/lib/python3.7/site-packages/airflow/example_dags/example_local_kubernetes_executor.py took 0.108 seconds
[2023-05-27T17:00:16.405+0000] {processor.py:153} INFO - Started process (PID=2168) to work on /home/airflow/.local/lib/python3.7/site-packages/airflow/example_dags/example_local_kubernetes_executor.py
[2023-05-27T17:00:16.407+0000] {processor.py:743} INFO - Processing file /home/airflow/.local/lib/python3.7/site-packages/airflow/example_dags/example_local_kubernetes_executor.py for tasks to queue
[2023-05-27T17:00:16.408+0000] {logging_mixin.py:137} INFO - [2023-05-27T17:00:16.408+0000] {dagbag.py:532} INFO - Filling up the DagBag from /home/airflow/.local/lib/python3.7/site-packages/airflow/example_dags/example_local_kubernetes_executor.py
[2023-05-27T17:00:16.482+0000] {processor.py:753} INFO - DAG(s) dict_keys(['example_local_kubernetes_executor']) retrieved from /home/airflow/.local/lib/python3.7/site-packages/airflow/example_dags/example_local_kubernetes_executor.py
[2023-05-27T17:00:16.532+0000] {logging_mixin.py:137} INFO - [2023-05-27T17:00:16.532+0000] {dag.py:2705} INFO - Sync 1 DAGs
[2023-05-27T17:00:16.558+0000] {logging_mixin.py:137} INFO - [2023-05-27T17:00:16.558+0000] {dag.py:3456} INFO - Setting next_dagrun for example_local_kubernetes_executor to None, run_after=None
[2023-05-27T17:00:16.575+0000] {processor.py:175} INFO - Processing /home/airflow/.local/lib/python3.7/site-packages/airflow/example_dags/example_local_kubernetes_executor.py took 0.178 seconds
[2023-05-27T17:00:46.940+0000] {processor.py:153} INFO - Started process (PID=2225) to work on /home/airflow/.local/lib/python3.7/site-packages/airflow/example_dags/example_local_kubernetes_executor.py
[2023-05-27T17:00:46.948+0000] {processor.py:743} INFO - Processing file /home/airflow/.local/lib/python3.7/site-packages/airflow/example_dags/example_local_kubernetes_executor.py for tasks to queue
[2023-05-27T17:00:46.950+0000] {logging_mixin.py:137} INFO - [2023-05-27T17:00:46.949+0000] {dagbag.py:532} INFO - Filling up the DagBag from /home/airflow/.local/lib/python3.7/site-packages/airflow/example_dags/example_local_kubernetes_executor.py
[2023-05-27T17:00:47.056+0000] {processor.py:753} INFO - DAG(s) dict_keys(['example_local_kubernetes_executor']) retrieved from /home/airflow/.local/lib/python3.7/site-packages/airflow/example_dags/example_local_kubernetes_executor.py
[2023-05-27T17:00:47.149+0000] {logging_mixin.py:137} INFO - [2023-05-27T17:00:47.149+0000] {dag.py:2705} INFO - Sync 1 DAGs
[2023-05-27T17:00:47.188+0000] {logging_mixin.py:137} INFO - [2023-05-27T17:00:47.187+0000] {dag.py:3456} INFO - Setting next_dagrun for example_local_kubernetes_executor to None, run_after=None
[2023-05-27T17:00:47.210+0000] {processor.py:175} INFO - Processing /home/airflow/.local/lib/python3.7/site-packages/airflow/example_dags/example_local_kubernetes_executor.py took 0.279 seconds
