[2023-05-27T16:41:21.839+0000] {processor.py:153} INFO - Started process (PID=42) to work on /home/airflow/.local/lib/python3.7/site-packages/airflow/example_dags/tutorial_dag.py
[2023-05-27T16:41:21.841+0000] {processor.py:743} INFO - Processing file /home/airflow/.local/lib/python3.7/site-packages/airflow/example_dags/tutorial_dag.py for tasks to queue
[2023-05-27T16:41:21.842+0000] {logging_mixin.py:137} INFO - [2023-05-27T16:41:21.842+0000] {dagbag.py:532} INFO - Filling up the DagBag from /home/airflow/.local/lib/python3.7/site-packages/airflow/example_dags/tutorial_dag.py
[2023-05-27T16:41:21.879+0000] {processor.py:753} INFO - DAG(s) dict_keys(['tutorial_dag']) retrieved from /home/airflow/.local/lib/python3.7/site-packages/airflow/example_dags/tutorial_dag.py
[2023-05-27T16:41:21.933+0000] {logging_mixin.py:137} INFO - [2023-05-27T16:41:21.933+0000] {dag.py:2705} INFO - Sync 1 DAGs
[2023-05-27T16:41:21.969+0000] {logging_mixin.py:137} INFO - [2023-05-27T16:41:21.968+0000] {dag.py:3456} INFO - Setting next_dagrun for tutorial_dag to None, run_after=None
[2023-05-27T16:41:22.010+0000] {processor.py:175} INFO - Processing /home/airflow/.local/lib/python3.7/site-packages/airflow/example_dags/tutorial_dag.py took 0.177 seconds
[2023-05-27T16:41:52.136+0000] {processor.py:153} INFO - Started process (PID=97) to work on /home/airflow/.local/lib/python3.7/site-packages/airflow/example_dags/tutorial_dag.py
[2023-05-27T16:41:52.138+0000] {processor.py:743} INFO - Processing file /home/airflow/.local/lib/python3.7/site-packages/airflow/example_dags/tutorial_dag.py for tasks to queue
[2023-05-27T16:41:52.139+0000] {logging_mixin.py:137} INFO - [2023-05-27T16:41:52.139+0000] {dagbag.py:532} INFO - Filling up the DagBag from /home/airflow/.local/lib/python3.7/site-packages/airflow/example_dags/tutorial_dag.py
[2023-05-27T16:41:52.152+0000] {processor.py:753} INFO - DAG(s) dict_keys(['tutorial_dag']) retrieved from /home/airflow/.local/lib/python3.7/site-packages/airflow/example_dags/tutorial_dag.py
[2023-05-27T16:41:52.181+0000] {logging_mixin.py:137} INFO - [2023-05-27T16:41:52.181+0000] {dag.py:2705} INFO - Sync 1 DAGs
[2023-05-27T16:41:52.204+0000] {logging_mixin.py:137} INFO - [2023-05-27T16:41:52.204+0000] {dag.py:3456} INFO - Setting next_dagrun for tutorial_dag to None, run_after=None
[2023-05-27T16:41:52.218+0000] {processor.py:175} INFO - Processing /home/airflow/.local/lib/python3.7/site-packages/airflow/example_dags/tutorial_dag.py took 0.085 seconds
[2023-05-27T16:42:23.091+0000] {processor.py:153} INFO - Started process (PID=154) to work on /home/airflow/.local/lib/python3.7/site-packages/airflow/example_dags/tutorial_dag.py
[2023-05-27T16:42:23.092+0000] {processor.py:743} INFO - Processing file /home/airflow/.local/lib/python3.7/site-packages/airflow/example_dags/tutorial_dag.py for tasks to queue
[2023-05-27T16:42:23.093+0000] {logging_mixin.py:137} INFO - [2023-05-27T16:42:23.093+0000] {dagbag.py:532} INFO - Filling up the DagBag from /home/airflow/.local/lib/python3.7/site-packages/airflow/example_dags/tutorial_dag.py
[2023-05-27T16:42:23.107+0000] {processor.py:753} INFO - DAG(s) dict_keys(['tutorial_dag']) retrieved from /home/airflow/.local/lib/python3.7/site-packages/airflow/example_dags/tutorial_dag.py
[2023-05-27T16:42:23.135+0000] {logging_mixin.py:137} INFO - [2023-05-27T16:42:23.135+0000] {dag.py:2705} INFO - Sync 1 DAGs
[2023-05-27T16:42:23.157+0000] {logging_mixin.py:137} INFO - [2023-05-27T16:42:23.156+0000] {dag.py:3456} INFO - Setting next_dagrun for tutorial_dag to None, run_after=None
[2023-05-27T16:42:23.172+0000] {processor.py:175} INFO - Processing /home/airflow/.local/lib/python3.7/site-packages/airflow/example_dags/tutorial_dag.py took 0.085 seconds
[2023-05-27T16:42:53.530+0000] {processor.py:153} INFO - Started process (PID=211) to work on /home/airflow/.local/lib/python3.7/site-packages/airflow/example_dags/tutorial_dag.py
[2023-05-27T16:42:53.531+0000] {processor.py:743} INFO - Processing file /home/airflow/.local/lib/python3.7/site-packages/airflow/example_dags/tutorial_dag.py for tasks to queue
[2023-05-27T16:42:53.533+0000] {logging_mixin.py:137} INFO - [2023-05-27T16:42:53.533+0000] {dagbag.py:532} INFO - Filling up the DagBag from /home/airflow/.local/lib/python3.7/site-packages/airflow/example_dags/tutorial_dag.py
[2023-05-27T16:42:53.545+0000] {processor.py:753} INFO - DAG(s) dict_keys(['tutorial_dag']) retrieved from /home/airflow/.local/lib/python3.7/site-packages/airflow/example_dags/tutorial_dag.py
[2023-05-27T16:42:53.571+0000] {logging_mixin.py:137} INFO - [2023-05-27T16:42:53.571+0000] {dag.py:2705} INFO - Sync 1 DAGs
[2023-05-27T16:42:53.591+0000] {logging_mixin.py:137} INFO - [2023-05-27T16:42:53.591+0000] {dag.py:3456} INFO - Setting next_dagrun for tutorial_dag to None, run_after=None
[2023-05-27T16:42:53.605+0000] {processor.py:175} INFO - Processing /home/airflow/.local/lib/python3.7/site-packages/airflow/example_dags/tutorial_dag.py took 0.078 seconds
[2023-05-27T16:43:23.830+0000] {processor.py:153} INFO - Started process (PID=269) to work on /home/airflow/.local/lib/python3.7/site-packages/airflow/example_dags/tutorial_dag.py
[2023-05-27T16:43:23.831+0000] {processor.py:743} INFO - Processing file /home/airflow/.local/lib/python3.7/site-packages/airflow/example_dags/tutorial_dag.py for tasks to queue
[2023-05-27T16:43:23.833+0000] {logging_mixin.py:137} INFO - [2023-05-27T16:43:23.832+0000] {dagbag.py:532} INFO - Filling up the DagBag from /home/airflow/.local/lib/python3.7/site-packages/airflow/example_dags/tutorial_dag.py
[2023-05-27T16:43:23.846+0000] {processor.py:753} INFO - DAG(s) dict_keys(['tutorial_dag']) retrieved from /home/airflow/.local/lib/python3.7/site-packages/airflow/example_dags/tutorial_dag.py
[2023-05-27T16:43:23.888+0000] {logging_mixin.py:137} INFO - [2023-05-27T16:43:23.888+0000] {dag.py:2705} INFO - Sync 1 DAGs
[2023-05-27T16:43:23.917+0000] {logging_mixin.py:137} INFO - [2023-05-27T16:43:23.916+0000] {dag.py:3456} INFO - Setting next_dagrun for tutorial_dag to None, run_after=None
[2023-05-27T16:43:23.937+0000] {processor.py:175} INFO - Processing /home/airflow/.local/lib/python3.7/site-packages/airflow/example_dags/tutorial_dag.py took 0.112 seconds
[2023-05-27T16:43:54.188+0000] {processor.py:153} INFO - Started process (PID=325) to work on /home/airflow/.local/lib/python3.7/site-packages/airflow/example_dags/tutorial_dag.py
[2023-05-27T16:43:54.190+0000] {processor.py:743} INFO - Processing file /home/airflow/.local/lib/python3.7/site-packages/airflow/example_dags/tutorial_dag.py for tasks to queue
[2023-05-27T16:43:54.191+0000] {logging_mixin.py:137} INFO - [2023-05-27T16:43:54.191+0000] {dagbag.py:532} INFO - Filling up the DagBag from /home/airflow/.local/lib/python3.7/site-packages/airflow/example_dags/tutorial_dag.py
[2023-05-27T16:43:54.205+0000] {processor.py:753} INFO - DAG(s) dict_keys(['tutorial_dag']) retrieved from /home/airflow/.local/lib/python3.7/site-packages/airflow/example_dags/tutorial_dag.py
[2023-05-27T16:43:54.230+0000] {logging_mixin.py:137} INFO - [2023-05-27T16:43:54.230+0000] {dag.py:2705} INFO - Sync 1 DAGs
[2023-05-27T16:43:54.252+0000] {logging_mixin.py:137} INFO - [2023-05-27T16:43:54.251+0000] {dag.py:3456} INFO - Setting next_dagrun for tutorial_dag to None, run_after=None
[2023-05-27T16:43:54.266+0000] {processor.py:175} INFO - Processing /home/airflow/.local/lib/python3.7/site-packages/airflow/example_dags/tutorial_dag.py took 0.082 seconds
[2023-05-27T16:44:24.527+0000] {processor.py:153} INFO - Started process (PID=382) to work on /home/airflow/.local/lib/python3.7/site-packages/airflow/example_dags/tutorial_dag.py
[2023-05-27T16:44:24.529+0000] {processor.py:743} INFO - Processing file /home/airflow/.local/lib/python3.7/site-packages/airflow/example_dags/tutorial_dag.py for tasks to queue
[2023-05-27T16:44:24.530+0000] {logging_mixin.py:137} INFO - [2023-05-27T16:44:24.530+0000] {dagbag.py:532} INFO - Filling up the DagBag from /home/airflow/.local/lib/python3.7/site-packages/airflow/example_dags/tutorial_dag.py
[2023-05-27T16:44:24.546+0000] {processor.py:753} INFO - DAG(s) dict_keys(['tutorial_dag']) retrieved from /home/airflow/.local/lib/python3.7/site-packages/airflow/example_dags/tutorial_dag.py
[2023-05-27T16:44:24.579+0000] {logging_mixin.py:137} INFO - [2023-05-27T16:44:24.579+0000] {dag.py:2705} INFO - Sync 1 DAGs
[2023-05-27T16:44:24.615+0000] {logging_mixin.py:137} INFO - [2023-05-27T16:44:24.615+0000] {dag.py:3456} INFO - Setting next_dagrun for tutorial_dag to None, run_after=None
[2023-05-27T16:44:24.634+0000] {processor.py:175} INFO - Processing /home/airflow/.local/lib/python3.7/site-packages/airflow/example_dags/tutorial_dag.py took 0.111 seconds
[2023-05-27T16:44:55.133+0000] {processor.py:153} INFO - Started process (PID=439) to work on /home/airflow/.local/lib/python3.7/site-packages/airflow/example_dags/tutorial_dag.py
[2023-05-27T16:44:55.134+0000] {processor.py:743} INFO - Processing file /home/airflow/.local/lib/python3.7/site-packages/airflow/example_dags/tutorial_dag.py for tasks to queue
[2023-05-27T16:44:55.135+0000] {logging_mixin.py:137} INFO - [2023-05-27T16:44:55.135+0000] {dagbag.py:532} INFO - Filling up the DagBag from /home/airflow/.local/lib/python3.7/site-packages/airflow/example_dags/tutorial_dag.py
[2023-05-27T16:44:55.148+0000] {processor.py:753} INFO - DAG(s) dict_keys(['tutorial_dag']) retrieved from /home/airflow/.local/lib/python3.7/site-packages/airflow/example_dags/tutorial_dag.py
[2023-05-27T16:44:55.173+0000] {logging_mixin.py:137} INFO - [2023-05-27T16:44:55.173+0000] {dag.py:2705} INFO - Sync 1 DAGs
[2023-05-27T16:44:55.193+0000] {logging_mixin.py:137} INFO - [2023-05-27T16:44:55.193+0000] {dag.py:3456} INFO - Setting next_dagrun for tutorial_dag to None, run_after=None
[2023-05-27T16:44:55.209+0000] {processor.py:175} INFO - Processing /home/airflow/.local/lib/python3.7/site-packages/airflow/example_dags/tutorial_dag.py took 0.079 seconds
[2023-05-27T16:45:25.886+0000] {processor.py:153} INFO - Started process (PID=496) to work on /home/airflow/.local/lib/python3.7/site-packages/airflow/example_dags/tutorial_dag.py
[2023-05-27T16:45:25.887+0000] {processor.py:743} INFO - Processing file /home/airflow/.local/lib/python3.7/site-packages/airflow/example_dags/tutorial_dag.py for tasks to queue
[2023-05-27T16:45:25.888+0000] {logging_mixin.py:137} INFO - [2023-05-27T16:45:25.888+0000] {dagbag.py:532} INFO - Filling up the DagBag from /home/airflow/.local/lib/python3.7/site-packages/airflow/example_dags/tutorial_dag.py
[2023-05-27T16:45:25.900+0000] {processor.py:753} INFO - DAG(s) dict_keys(['tutorial_dag']) retrieved from /home/airflow/.local/lib/python3.7/site-packages/airflow/example_dags/tutorial_dag.py
[2023-05-27T16:45:25.926+0000] {logging_mixin.py:137} INFO - [2023-05-27T16:45:25.926+0000] {dag.py:2705} INFO - Sync 1 DAGs
[2023-05-27T16:45:25.947+0000] {logging_mixin.py:137} INFO - [2023-05-27T16:45:25.947+0000] {dag.py:3456} INFO - Setting next_dagrun for tutorial_dag to None, run_after=None
[2023-05-27T16:45:25.961+0000] {processor.py:175} INFO - Processing /home/airflow/.local/lib/python3.7/site-packages/airflow/example_dags/tutorial_dag.py took 0.079 seconds
[2023-05-27T16:45:56.525+0000] {processor.py:153} INFO - Started process (PID=553) to work on /home/airflow/.local/lib/python3.7/site-packages/airflow/example_dags/tutorial_dag.py
[2023-05-27T16:45:56.526+0000] {processor.py:743} INFO - Processing file /home/airflow/.local/lib/python3.7/site-packages/airflow/example_dags/tutorial_dag.py for tasks to queue
[2023-05-27T16:45:56.527+0000] {logging_mixin.py:137} INFO - [2023-05-27T16:45:56.527+0000] {dagbag.py:532} INFO - Filling up the DagBag from /home/airflow/.local/lib/python3.7/site-packages/airflow/example_dags/tutorial_dag.py
[2023-05-27T16:45:56.540+0000] {processor.py:753} INFO - DAG(s) dict_keys(['tutorial_dag']) retrieved from /home/airflow/.local/lib/python3.7/site-packages/airflow/example_dags/tutorial_dag.py
[2023-05-27T16:45:56.566+0000] {logging_mixin.py:137} INFO - [2023-05-27T16:45:56.566+0000] {dag.py:2705} INFO - Sync 1 DAGs
[2023-05-27T16:45:56.587+0000] {logging_mixin.py:137} INFO - [2023-05-27T16:45:56.587+0000] {dag.py:3456} INFO - Setting next_dagrun for tutorial_dag to None, run_after=None
[2023-05-27T16:45:56.603+0000] {processor.py:175} INFO - Processing /home/airflow/.local/lib/python3.7/site-packages/airflow/example_dags/tutorial_dag.py took 0.082 seconds
[2023-05-27T16:46:26.996+0000] {processor.py:153} INFO - Started process (PID=610) to work on /home/airflow/.local/lib/python3.7/site-packages/airflow/example_dags/tutorial_dag.py
[2023-05-27T16:46:26.997+0000] {processor.py:743} INFO - Processing file /home/airflow/.local/lib/python3.7/site-packages/airflow/example_dags/tutorial_dag.py for tasks to queue
[2023-05-27T16:46:26.998+0000] {logging_mixin.py:137} INFO - [2023-05-27T16:46:26.998+0000] {dagbag.py:532} INFO - Filling up the DagBag from /home/airflow/.local/lib/python3.7/site-packages/airflow/example_dags/tutorial_dag.py
[2023-05-27T16:46:27.011+0000] {processor.py:753} INFO - DAG(s) dict_keys(['tutorial_dag']) retrieved from /home/airflow/.local/lib/python3.7/site-packages/airflow/example_dags/tutorial_dag.py
[2023-05-27T16:46:27.037+0000] {logging_mixin.py:137} INFO - [2023-05-27T16:46:27.037+0000] {dag.py:2705} INFO - Sync 1 DAGs
[2023-05-27T16:46:27.059+0000] {logging_mixin.py:137} INFO - [2023-05-27T16:46:27.059+0000] {dag.py:3456} INFO - Setting next_dagrun for tutorial_dag to None, run_after=None
[2023-05-27T16:46:27.073+0000] {processor.py:175} INFO - Processing /home/airflow/.local/lib/python3.7/site-packages/airflow/example_dags/tutorial_dag.py took 0.081 seconds
[2023-05-27T16:46:57.454+0000] {processor.py:153} INFO - Started process (PID=667) to work on /home/airflow/.local/lib/python3.7/site-packages/airflow/example_dags/tutorial_dag.py
[2023-05-27T16:46:57.456+0000] {processor.py:743} INFO - Processing file /home/airflow/.local/lib/python3.7/site-packages/airflow/example_dags/tutorial_dag.py for tasks to queue
[2023-05-27T16:46:57.457+0000] {logging_mixin.py:137} INFO - [2023-05-27T16:46:57.456+0000] {dagbag.py:532} INFO - Filling up the DagBag from /home/airflow/.local/lib/python3.7/site-packages/airflow/example_dags/tutorial_dag.py
[2023-05-27T16:46:57.469+0000] {processor.py:753} INFO - DAG(s) dict_keys(['tutorial_dag']) retrieved from /home/airflow/.local/lib/python3.7/site-packages/airflow/example_dags/tutorial_dag.py
[2023-05-27T16:46:57.495+0000] {logging_mixin.py:137} INFO - [2023-05-27T16:46:57.494+0000] {dag.py:2705} INFO - Sync 1 DAGs
[2023-05-27T16:46:57.516+0000] {logging_mixin.py:137} INFO - [2023-05-27T16:46:57.516+0000] {dag.py:3456} INFO - Setting next_dagrun for tutorial_dag to None, run_after=None
[2023-05-27T16:46:57.529+0000] {processor.py:175} INFO - Processing /home/airflow/.local/lib/python3.7/site-packages/airflow/example_dags/tutorial_dag.py took 0.078 seconds
[2023-05-27T16:47:28.367+0000] {processor.py:153} INFO - Started process (PID=724) to work on /home/airflow/.local/lib/python3.7/site-packages/airflow/example_dags/tutorial_dag.py
[2023-05-27T16:47:28.368+0000] {processor.py:743} INFO - Processing file /home/airflow/.local/lib/python3.7/site-packages/airflow/example_dags/tutorial_dag.py for tasks to queue
[2023-05-27T16:47:28.369+0000] {logging_mixin.py:137} INFO - [2023-05-27T16:47:28.369+0000] {dagbag.py:532} INFO - Filling up the DagBag from /home/airflow/.local/lib/python3.7/site-packages/airflow/example_dags/tutorial_dag.py
[2023-05-27T16:47:28.382+0000] {processor.py:753} INFO - DAG(s) dict_keys(['tutorial_dag']) retrieved from /home/airflow/.local/lib/python3.7/site-packages/airflow/example_dags/tutorial_dag.py
[2023-05-27T16:47:28.408+0000] {logging_mixin.py:137} INFO - [2023-05-27T16:47:28.408+0000] {dag.py:2705} INFO - Sync 1 DAGs
[2023-05-27T16:47:28.428+0000] {logging_mixin.py:137} INFO - [2023-05-27T16:47:28.428+0000] {dag.py:3456} INFO - Setting next_dagrun for tutorial_dag to None, run_after=None
[2023-05-27T16:47:28.442+0000] {processor.py:175} INFO - Processing /home/airflow/.local/lib/python3.7/site-packages/airflow/example_dags/tutorial_dag.py took 0.079 seconds
[2023-05-27T16:47:58.981+0000] {processor.py:153} INFO - Started process (PID=781) to work on /home/airflow/.local/lib/python3.7/site-packages/airflow/example_dags/tutorial_dag.py
[2023-05-27T16:47:58.983+0000] {processor.py:743} INFO - Processing file /home/airflow/.local/lib/python3.7/site-packages/airflow/example_dags/tutorial_dag.py for tasks to queue
[2023-05-27T16:47:58.984+0000] {logging_mixin.py:137} INFO - [2023-05-27T16:47:58.984+0000] {dagbag.py:532} INFO - Filling up the DagBag from /home/airflow/.local/lib/python3.7/site-packages/airflow/example_dags/tutorial_dag.py
[2023-05-27T16:47:58.996+0000] {processor.py:753} INFO - DAG(s) dict_keys(['tutorial_dag']) retrieved from /home/airflow/.local/lib/python3.7/site-packages/airflow/example_dags/tutorial_dag.py
[2023-05-27T16:47:59.022+0000] {logging_mixin.py:137} INFO - [2023-05-27T16:47:59.022+0000] {dag.py:2705} INFO - Sync 1 DAGs
[2023-05-27T16:47:59.042+0000] {logging_mixin.py:137} INFO - [2023-05-27T16:47:59.042+0000] {dag.py:3456} INFO - Setting next_dagrun for tutorial_dag to None, run_after=None
[2023-05-27T16:47:59.056+0000] {processor.py:175} INFO - Processing /home/airflow/.local/lib/python3.7/site-packages/airflow/example_dags/tutorial_dag.py took 0.078 seconds
[2023-05-27T16:48:29.515+0000] {processor.py:153} INFO - Started process (PID=838) to work on /home/airflow/.local/lib/python3.7/site-packages/airflow/example_dags/tutorial_dag.py
[2023-05-27T16:48:29.516+0000] {processor.py:743} INFO - Processing file /home/airflow/.local/lib/python3.7/site-packages/airflow/example_dags/tutorial_dag.py for tasks to queue
[2023-05-27T16:48:29.517+0000] {logging_mixin.py:137} INFO - [2023-05-27T16:48:29.517+0000] {dagbag.py:532} INFO - Filling up the DagBag from /home/airflow/.local/lib/python3.7/site-packages/airflow/example_dags/tutorial_dag.py
[2023-05-27T16:48:29.529+0000] {processor.py:753} INFO - DAG(s) dict_keys(['tutorial_dag']) retrieved from /home/airflow/.local/lib/python3.7/site-packages/airflow/example_dags/tutorial_dag.py
[2023-05-27T16:48:29.555+0000] {logging_mixin.py:137} INFO - [2023-05-27T16:48:29.555+0000] {dag.py:2705} INFO - Sync 1 DAGs
[2023-05-27T16:48:29.575+0000] {logging_mixin.py:137} INFO - [2023-05-27T16:48:29.575+0000] {dag.py:3456} INFO - Setting next_dagrun for tutorial_dag to None, run_after=None
[2023-05-27T16:48:29.590+0000] {processor.py:175} INFO - Processing /home/airflow/.local/lib/python3.7/site-packages/airflow/example_dags/tutorial_dag.py took 0.079 seconds
[2023-05-27T16:49:00.316+0000] {processor.py:153} INFO - Started process (PID=895) to work on /home/airflow/.local/lib/python3.7/site-packages/airflow/example_dags/tutorial_dag.py
[2023-05-27T16:49:00.317+0000] {processor.py:743} INFO - Processing file /home/airflow/.local/lib/python3.7/site-packages/airflow/example_dags/tutorial_dag.py for tasks to queue
[2023-05-27T16:49:00.318+0000] {logging_mixin.py:137} INFO - [2023-05-27T16:49:00.318+0000] {dagbag.py:532} INFO - Filling up the DagBag from /home/airflow/.local/lib/python3.7/site-packages/airflow/example_dags/tutorial_dag.py
[2023-05-27T16:49:00.331+0000] {processor.py:753} INFO - DAG(s) dict_keys(['tutorial_dag']) retrieved from /home/airflow/.local/lib/python3.7/site-packages/airflow/example_dags/tutorial_dag.py
[2023-05-27T16:49:00.356+0000] {logging_mixin.py:137} INFO - [2023-05-27T16:49:00.356+0000] {dag.py:2705} INFO - Sync 1 DAGs
[2023-05-27T16:49:00.376+0000] {logging_mixin.py:137} INFO - [2023-05-27T16:49:00.376+0000] {dag.py:3456} INFO - Setting next_dagrun for tutorial_dag to None, run_after=None
[2023-05-27T16:49:00.390+0000] {processor.py:175} INFO - Processing /home/airflow/.local/lib/python3.7/site-packages/airflow/example_dags/tutorial_dag.py took 0.078 seconds
[2023-05-27T16:49:30.776+0000] {processor.py:153} INFO - Started process (PID=952) to work on /home/airflow/.local/lib/python3.7/site-packages/airflow/example_dags/tutorial_dag.py
[2023-05-27T16:49:30.778+0000] {processor.py:743} INFO - Processing file /home/airflow/.local/lib/python3.7/site-packages/airflow/example_dags/tutorial_dag.py for tasks to queue
[2023-05-27T16:49:30.779+0000] {logging_mixin.py:137} INFO - [2023-05-27T16:49:30.779+0000] {dagbag.py:532} INFO - Filling up the DagBag from /home/airflow/.local/lib/python3.7/site-packages/airflow/example_dags/tutorial_dag.py
[2023-05-27T16:49:30.792+0000] {processor.py:753} INFO - DAG(s) dict_keys(['tutorial_dag']) retrieved from /home/airflow/.local/lib/python3.7/site-packages/airflow/example_dags/tutorial_dag.py
[2023-05-27T16:49:30.818+0000] {logging_mixin.py:137} INFO - [2023-05-27T16:49:30.818+0000] {dag.py:2705} INFO - Sync 1 DAGs
[2023-05-27T16:49:30.838+0000] {logging_mixin.py:137} INFO - [2023-05-27T16:49:30.838+0000] {dag.py:3456} INFO - Setting next_dagrun for tutorial_dag to None, run_after=None
[2023-05-27T16:49:30.852+0000] {processor.py:175} INFO - Processing /home/airflow/.local/lib/python3.7/site-packages/airflow/example_dags/tutorial_dag.py took 0.079 seconds
[2023-05-27T16:50:01.030+0000] {processor.py:153} INFO - Started process (PID=1009) to work on /home/airflow/.local/lib/python3.7/site-packages/airflow/example_dags/tutorial_dag.py
[2023-05-27T16:50:01.031+0000] {processor.py:743} INFO - Processing file /home/airflow/.local/lib/python3.7/site-packages/airflow/example_dags/tutorial_dag.py for tasks to queue
[2023-05-27T16:50:01.032+0000] {logging_mixin.py:137} INFO - [2023-05-27T16:50:01.032+0000] {dagbag.py:532} INFO - Filling up the DagBag from /home/airflow/.local/lib/python3.7/site-packages/airflow/example_dags/tutorial_dag.py
[2023-05-27T16:50:01.044+0000] {processor.py:753} INFO - DAG(s) dict_keys(['tutorial_dag']) retrieved from /home/airflow/.local/lib/python3.7/site-packages/airflow/example_dags/tutorial_dag.py
[2023-05-27T16:50:01.071+0000] {logging_mixin.py:137} INFO - [2023-05-27T16:50:01.071+0000] {dag.py:2705} INFO - Sync 1 DAGs
[2023-05-27T16:50:01.097+0000] {logging_mixin.py:137} INFO - [2023-05-27T16:50:01.097+0000] {dag.py:3456} INFO - Setting next_dagrun for tutorial_dag to None, run_after=None
[2023-05-27T16:50:01.116+0000] {processor.py:175} INFO - Processing /home/airflow/.local/lib/python3.7/site-packages/airflow/example_dags/tutorial_dag.py took 0.089 seconds
[2023-05-27T16:50:31.256+0000] {processor.py:153} INFO - Started process (PID=1066) to work on /home/airflow/.local/lib/python3.7/site-packages/airflow/example_dags/tutorial_dag.py
[2023-05-27T16:50:31.258+0000] {processor.py:743} INFO - Processing file /home/airflow/.local/lib/python3.7/site-packages/airflow/example_dags/tutorial_dag.py for tasks to queue
[2023-05-27T16:50:31.259+0000] {logging_mixin.py:137} INFO - [2023-05-27T16:50:31.259+0000] {dagbag.py:532} INFO - Filling up the DagBag from /home/airflow/.local/lib/python3.7/site-packages/airflow/example_dags/tutorial_dag.py
[2023-05-27T16:50:31.273+0000] {processor.py:753} INFO - DAG(s) dict_keys(['tutorial_dag']) retrieved from /home/airflow/.local/lib/python3.7/site-packages/airflow/example_dags/tutorial_dag.py
[2023-05-27T16:50:31.299+0000] {logging_mixin.py:137} INFO - [2023-05-27T16:50:31.299+0000] {dag.py:2705} INFO - Sync 1 DAGs
[2023-05-27T16:50:31.320+0000] {logging_mixin.py:137} INFO - [2023-05-27T16:50:31.320+0000] {dag.py:3456} INFO - Setting next_dagrun for tutorial_dag to None, run_after=None
[2023-05-27T16:50:31.334+0000] {processor.py:175} INFO - Processing /home/airflow/.local/lib/python3.7/site-packages/airflow/example_dags/tutorial_dag.py took 0.081 seconds
[2023-05-27T16:51:01.463+0000] {processor.py:153} INFO - Started process (PID=1123) to work on /home/airflow/.local/lib/python3.7/site-packages/airflow/example_dags/tutorial_dag.py
[2023-05-27T16:51:01.465+0000] {processor.py:743} INFO - Processing file /home/airflow/.local/lib/python3.7/site-packages/airflow/example_dags/tutorial_dag.py for tasks to queue
[2023-05-27T16:51:01.466+0000] {logging_mixin.py:137} INFO - [2023-05-27T16:51:01.466+0000] {dagbag.py:532} INFO - Filling up the DagBag from /home/airflow/.local/lib/python3.7/site-packages/airflow/example_dags/tutorial_dag.py
[2023-05-27T16:51:01.477+0000] {processor.py:753} INFO - DAG(s) dict_keys(['tutorial_dag']) retrieved from /home/airflow/.local/lib/python3.7/site-packages/airflow/example_dags/tutorial_dag.py
[2023-05-27T16:51:01.503+0000] {logging_mixin.py:137} INFO - [2023-05-27T16:51:01.503+0000] {dag.py:2705} INFO - Sync 1 DAGs
[2023-05-27T16:51:01.524+0000] {logging_mixin.py:137} INFO - [2023-05-27T16:51:01.524+0000] {dag.py:3456} INFO - Setting next_dagrun for tutorial_dag to None, run_after=None
[2023-05-27T16:51:01.538+0000] {processor.py:175} INFO - Processing /home/airflow/.local/lib/python3.7/site-packages/airflow/example_dags/tutorial_dag.py took 0.079 seconds
[2023-05-27T16:51:31.681+0000] {processor.py:153} INFO - Started process (PID=1180) to work on /home/airflow/.local/lib/python3.7/site-packages/airflow/example_dags/tutorial_dag.py
[2023-05-27T16:51:31.682+0000] {processor.py:743} INFO - Processing file /home/airflow/.local/lib/python3.7/site-packages/airflow/example_dags/tutorial_dag.py for tasks to queue
[2023-05-27T16:51:31.683+0000] {logging_mixin.py:137} INFO - [2023-05-27T16:51:31.683+0000] {dagbag.py:532} INFO - Filling up the DagBag from /home/airflow/.local/lib/python3.7/site-packages/airflow/example_dags/tutorial_dag.py
[2023-05-27T16:51:31.698+0000] {processor.py:753} INFO - DAG(s) dict_keys(['tutorial_dag']) retrieved from /home/airflow/.local/lib/python3.7/site-packages/airflow/example_dags/tutorial_dag.py
[2023-05-27T16:51:31.724+0000] {logging_mixin.py:137} INFO - [2023-05-27T16:51:31.724+0000] {dag.py:2705} INFO - Sync 1 DAGs
[2023-05-27T16:51:31.745+0000] {logging_mixin.py:137} INFO - [2023-05-27T16:51:31.745+0000] {dag.py:3456} INFO - Setting next_dagrun for tutorial_dag to None, run_after=None
[2023-05-27T16:51:31.760+0000] {processor.py:175} INFO - Processing /home/airflow/.local/lib/python3.7/site-packages/airflow/example_dags/tutorial_dag.py took 0.084 seconds
[2023-05-27T16:52:02.776+0000] {processor.py:153} INFO - Started process (PID=1237) to work on /home/airflow/.local/lib/python3.7/site-packages/airflow/example_dags/tutorial_dag.py
[2023-05-27T16:52:02.777+0000] {processor.py:743} INFO - Processing file /home/airflow/.local/lib/python3.7/site-packages/airflow/example_dags/tutorial_dag.py for tasks to queue
[2023-05-27T16:52:02.778+0000] {logging_mixin.py:137} INFO - [2023-05-27T16:52:02.778+0000] {dagbag.py:532} INFO - Filling up the DagBag from /home/airflow/.local/lib/python3.7/site-packages/airflow/example_dags/tutorial_dag.py
[2023-05-27T16:52:02.794+0000] {processor.py:753} INFO - DAG(s) dict_keys(['tutorial_dag']) retrieved from /home/airflow/.local/lib/python3.7/site-packages/airflow/example_dags/tutorial_dag.py
[2023-05-27T16:52:02.822+0000] {logging_mixin.py:137} INFO - [2023-05-27T16:52:02.822+0000] {dag.py:2705} INFO - Sync 1 DAGs
[2023-05-27T16:52:02.843+0000] {logging_mixin.py:137} INFO - [2023-05-27T16:52:02.843+0000] {dag.py:3456} INFO - Setting next_dagrun for tutorial_dag to None, run_after=None
[2023-05-27T16:52:02.858+0000] {processor.py:175} INFO - Processing /home/airflow/.local/lib/python3.7/site-packages/airflow/example_dags/tutorial_dag.py took 0.085 seconds
[2023-05-27T16:52:33.606+0000] {processor.py:153} INFO - Started process (PID=1294) to work on /home/airflow/.local/lib/python3.7/site-packages/airflow/example_dags/tutorial_dag.py
[2023-05-27T16:52:33.607+0000] {processor.py:743} INFO - Processing file /home/airflow/.local/lib/python3.7/site-packages/airflow/example_dags/tutorial_dag.py for tasks to queue
[2023-05-27T16:52:33.608+0000] {logging_mixin.py:137} INFO - [2023-05-27T16:52:33.608+0000] {dagbag.py:532} INFO - Filling up the DagBag from /home/airflow/.local/lib/python3.7/site-packages/airflow/example_dags/tutorial_dag.py
[2023-05-27T16:52:33.621+0000] {processor.py:753} INFO - DAG(s) dict_keys(['tutorial_dag']) retrieved from /home/airflow/.local/lib/python3.7/site-packages/airflow/example_dags/tutorial_dag.py
[2023-05-27T16:52:33.649+0000] {logging_mixin.py:137} INFO - [2023-05-27T16:52:33.649+0000] {dag.py:2705} INFO - Sync 1 DAGs
[2023-05-27T16:52:33.672+0000] {logging_mixin.py:137} INFO - [2023-05-27T16:52:33.672+0000] {dag.py:3456} INFO - Setting next_dagrun for tutorial_dag to None, run_after=None
[2023-05-27T16:52:33.687+0000] {processor.py:175} INFO - Processing /home/airflow/.local/lib/python3.7/site-packages/airflow/example_dags/tutorial_dag.py took 0.086 seconds
[2023-05-27T16:53:03.923+0000] {processor.py:153} INFO - Started process (PID=1351) to work on /home/airflow/.local/lib/python3.7/site-packages/airflow/example_dags/tutorial_dag.py
[2023-05-27T16:53:03.924+0000] {processor.py:743} INFO - Processing file /home/airflow/.local/lib/python3.7/site-packages/airflow/example_dags/tutorial_dag.py for tasks to queue
[2023-05-27T16:53:03.925+0000] {logging_mixin.py:137} INFO - [2023-05-27T16:53:03.925+0000] {dagbag.py:532} INFO - Filling up the DagBag from /home/airflow/.local/lib/python3.7/site-packages/airflow/example_dags/tutorial_dag.py
[2023-05-27T16:53:03.940+0000] {processor.py:753} INFO - DAG(s) dict_keys(['tutorial_dag']) retrieved from /home/airflow/.local/lib/python3.7/site-packages/airflow/example_dags/tutorial_dag.py
[2023-05-27T16:53:03.974+0000] {logging_mixin.py:137} INFO - [2023-05-27T16:53:03.974+0000] {dag.py:2705} INFO - Sync 1 DAGs
[2023-05-27T16:53:04.002+0000] {logging_mixin.py:137} INFO - [2023-05-27T16:53:04.002+0000] {dag.py:3456} INFO - Setting next_dagrun for tutorial_dag to None, run_after=None
[2023-05-27T16:53:04.027+0000] {processor.py:175} INFO - Processing /home/airflow/.local/lib/python3.7/site-packages/airflow/example_dags/tutorial_dag.py took 0.108 seconds
[2023-05-27T16:53:34.219+0000] {processor.py:153} INFO - Started process (PID=1408) to work on /home/airflow/.local/lib/python3.7/site-packages/airflow/example_dags/tutorial_dag.py
[2023-05-27T16:53:34.221+0000] {processor.py:743} INFO - Processing file /home/airflow/.local/lib/python3.7/site-packages/airflow/example_dags/tutorial_dag.py for tasks to queue
[2023-05-27T16:53:34.222+0000] {logging_mixin.py:137} INFO - [2023-05-27T16:53:34.222+0000] {dagbag.py:532} INFO - Filling up the DagBag from /home/airflow/.local/lib/python3.7/site-packages/airflow/example_dags/tutorial_dag.py
[2023-05-27T16:53:34.235+0000] {processor.py:753} INFO - DAG(s) dict_keys(['tutorial_dag']) retrieved from /home/airflow/.local/lib/python3.7/site-packages/airflow/example_dags/tutorial_dag.py
[2023-05-27T16:53:34.263+0000] {logging_mixin.py:137} INFO - [2023-05-27T16:53:34.263+0000] {dag.py:2705} INFO - Sync 1 DAGs
[2023-05-27T16:53:34.284+0000] {logging_mixin.py:137} INFO - [2023-05-27T16:53:34.284+0000] {dag.py:3456} INFO - Setting next_dagrun for tutorial_dag to None, run_after=None
[2023-05-27T16:53:34.298+0000] {processor.py:175} INFO - Processing /home/airflow/.local/lib/python3.7/site-packages/airflow/example_dags/tutorial_dag.py took 0.083 seconds
[2023-05-27T16:54:04.447+0000] {processor.py:153} INFO - Started process (PID=1465) to work on /home/airflow/.local/lib/python3.7/site-packages/airflow/example_dags/tutorial_dag.py
[2023-05-27T16:54:04.448+0000] {processor.py:743} INFO - Processing file /home/airflow/.local/lib/python3.7/site-packages/airflow/example_dags/tutorial_dag.py for tasks to queue
[2023-05-27T16:54:04.449+0000] {logging_mixin.py:137} INFO - [2023-05-27T16:54:04.449+0000] {dagbag.py:532} INFO - Filling up the DagBag from /home/airflow/.local/lib/python3.7/site-packages/airflow/example_dags/tutorial_dag.py
[2023-05-27T16:54:04.463+0000] {processor.py:753} INFO - DAG(s) dict_keys(['tutorial_dag']) retrieved from /home/airflow/.local/lib/python3.7/site-packages/airflow/example_dags/tutorial_dag.py
[2023-05-27T16:54:04.490+0000] {logging_mixin.py:137} INFO - [2023-05-27T16:54:04.490+0000] {dag.py:2705} INFO - Sync 1 DAGs
[2023-05-27T16:54:04.512+0000] {logging_mixin.py:137} INFO - [2023-05-27T16:54:04.511+0000] {dag.py:3456} INFO - Setting next_dagrun for tutorial_dag to None, run_after=None
[2023-05-27T16:54:04.528+0000] {processor.py:175} INFO - Processing /home/airflow/.local/lib/python3.7/site-packages/airflow/example_dags/tutorial_dag.py took 0.084 seconds
[2023-05-27T16:54:34.745+0000] {processor.py:153} INFO - Started process (PID=1522) to work on /home/airflow/.local/lib/python3.7/site-packages/airflow/example_dags/tutorial_dag.py
[2023-05-27T16:54:34.746+0000] {processor.py:743} INFO - Processing file /home/airflow/.local/lib/python3.7/site-packages/airflow/example_dags/tutorial_dag.py for tasks to queue
[2023-05-27T16:54:34.748+0000] {logging_mixin.py:137} INFO - [2023-05-27T16:54:34.747+0000] {dagbag.py:532} INFO - Filling up the DagBag from /home/airflow/.local/lib/python3.7/site-packages/airflow/example_dags/tutorial_dag.py
[2023-05-27T16:54:34.760+0000] {processor.py:753} INFO - DAG(s) dict_keys(['tutorial_dag']) retrieved from /home/airflow/.local/lib/python3.7/site-packages/airflow/example_dags/tutorial_dag.py
[2023-05-27T16:54:34.788+0000] {logging_mixin.py:137} INFO - [2023-05-27T16:54:34.788+0000] {dag.py:2705} INFO - Sync 1 DAGs
[2023-05-27T16:54:34.809+0000] {logging_mixin.py:137} INFO - [2023-05-27T16:54:34.809+0000] {dag.py:3456} INFO - Setting next_dagrun for tutorial_dag to None, run_after=None
[2023-05-27T16:54:34.823+0000] {processor.py:175} INFO - Processing /home/airflow/.local/lib/python3.7/site-packages/airflow/example_dags/tutorial_dag.py took 0.082 seconds
[2023-05-27T16:55:05.023+0000] {processor.py:153} INFO - Started process (PID=1579) to work on /home/airflow/.local/lib/python3.7/site-packages/airflow/example_dags/tutorial_dag.py
[2023-05-27T16:55:05.025+0000] {processor.py:743} INFO - Processing file /home/airflow/.local/lib/python3.7/site-packages/airflow/example_dags/tutorial_dag.py for tasks to queue
[2023-05-27T16:55:05.027+0000] {logging_mixin.py:137} INFO - [2023-05-27T16:55:05.027+0000] {dagbag.py:532} INFO - Filling up the DagBag from /home/airflow/.local/lib/python3.7/site-packages/airflow/example_dags/tutorial_dag.py
[2023-05-27T16:55:05.044+0000] {processor.py:753} INFO - DAG(s) dict_keys(['tutorial_dag']) retrieved from /home/airflow/.local/lib/python3.7/site-packages/airflow/example_dags/tutorial_dag.py
[2023-05-27T16:55:05.076+0000] {logging_mixin.py:137} INFO - [2023-05-27T16:55:05.076+0000] {dag.py:2705} INFO - Sync 1 DAGs
[2023-05-27T16:55:05.100+0000] {logging_mixin.py:137} INFO - [2023-05-27T16:55:05.100+0000] {dag.py:3456} INFO - Setting next_dagrun for tutorial_dag to None, run_after=None
[2023-05-27T16:55:05.115+0000] {processor.py:175} INFO - Processing /home/airflow/.local/lib/python3.7/site-packages/airflow/example_dags/tutorial_dag.py took 0.097 seconds
[2023-05-27T16:55:35.190+0000] {processor.py:153} INFO - Started process (PID=1636) to work on /home/airflow/.local/lib/python3.7/site-packages/airflow/example_dags/tutorial_dag.py
[2023-05-27T16:55:35.191+0000] {processor.py:743} INFO - Processing file /home/airflow/.local/lib/python3.7/site-packages/airflow/example_dags/tutorial_dag.py for tasks to queue
[2023-05-27T16:55:35.192+0000] {logging_mixin.py:137} INFO - [2023-05-27T16:55:35.192+0000] {dagbag.py:532} INFO - Filling up the DagBag from /home/airflow/.local/lib/python3.7/site-packages/airflow/example_dags/tutorial_dag.py
[2023-05-27T16:55:35.205+0000] {processor.py:753} INFO - DAG(s) dict_keys(['tutorial_dag']) retrieved from /home/airflow/.local/lib/python3.7/site-packages/airflow/example_dags/tutorial_dag.py
[2023-05-27T16:55:35.233+0000] {logging_mixin.py:137} INFO - [2023-05-27T16:55:35.233+0000] {dag.py:2705} INFO - Sync 1 DAGs
[2023-05-27T16:55:35.255+0000] {logging_mixin.py:137} INFO - [2023-05-27T16:55:35.255+0000] {dag.py:3456} INFO - Setting next_dagrun for tutorial_dag to None, run_after=None
[2023-05-27T16:55:35.273+0000] {processor.py:175} INFO - Processing /home/airflow/.local/lib/python3.7/site-packages/airflow/example_dags/tutorial_dag.py took 0.088 seconds
[2023-05-27T16:56:05.972+0000] {processor.py:153} INFO - Started process (PID=1693) to work on /home/airflow/.local/lib/python3.7/site-packages/airflow/example_dags/tutorial_dag.py
[2023-05-27T16:56:05.973+0000] {processor.py:743} INFO - Processing file /home/airflow/.local/lib/python3.7/site-packages/airflow/example_dags/tutorial_dag.py for tasks to queue
[2023-05-27T16:56:05.974+0000] {logging_mixin.py:137} INFO - [2023-05-27T16:56:05.974+0000] {dagbag.py:532} INFO - Filling up the DagBag from /home/airflow/.local/lib/python3.7/site-packages/airflow/example_dags/tutorial_dag.py
[2023-05-27T16:56:05.988+0000] {processor.py:753} INFO - DAG(s) dict_keys(['tutorial_dag']) retrieved from /home/airflow/.local/lib/python3.7/site-packages/airflow/example_dags/tutorial_dag.py
[2023-05-27T16:56:06.019+0000] {logging_mixin.py:137} INFO - [2023-05-27T16:56:06.018+0000] {dag.py:2705} INFO - Sync 1 DAGs
[2023-05-27T16:56:06.043+0000] {logging_mixin.py:137} INFO - [2023-05-27T16:56:06.043+0000] {dag.py:3456} INFO - Setting next_dagrun for tutorial_dag to None, run_after=None
[2023-05-27T16:56:06.058+0000] {processor.py:175} INFO - Processing /home/airflow/.local/lib/python3.7/site-packages/airflow/example_dags/tutorial_dag.py took 0.091 seconds
[2023-05-27T16:56:36.287+0000] {processor.py:153} INFO - Started process (PID=1749) to work on /home/airflow/.local/lib/python3.7/site-packages/airflow/example_dags/tutorial_dag.py
[2023-05-27T16:56:36.288+0000] {processor.py:743} INFO - Processing file /home/airflow/.local/lib/python3.7/site-packages/airflow/example_dags/tutorial_dag.py for tasks to queue
[2023-05-27T16:56:36.289+0000] {logging_mixin.py:137} INFO - [2023-05-27T16:56:36.289+0000] {dagbag.py:532} INFO - Filling up the DagBag from /home/airflow/.local/lib/python3.7/site-packages/airflow/example_dags/tutorial_dag.py
[2023-05-27T16:56:36.302+0000] {processor.py:753} INFO - DAG(s) dict_keys(['tutorial_dag']) retrieved from /home/airflow/.local/lib/python3.7/site-packages/airflow/example_dags/tutorial_dag.py
[2023-05-27T16:56:36.330+0000] {logging_mixin.py:137} INFO - [2023-05-27T16:56:36.330+0000] {dag.py:2705} INFO - Sync 1 DAGs
[2023-05-27T16:56:36.351+0000] {logging_mixin.py:137} INFO - [2023-05-27T16:56:36.351+0000] {dag.py:3456} INFO - Setting next_dagrun for tutorial_dag to None, run_after=None
[2023-05-27T16:56:36.365+0000] {processor.py:175} INFO - Processing /home/airflow/.local/lib/python3.7/site-packages/airflow/example_dags/tutorial_dag.py took 0.082 seconds
[2023-05-27T16:57:07.201+0000] {processor.py:153} INFO - Started process (PID=1806) to work on /home/airflow/.local/lib/python3.7/site-packages/airflow/example_dags/tutorial_dag.py
[2023-05-27T16:57:07.202+0000] {processor.py:743} INFO - Processing file /home/airflow/.local/lib/python3.7/site-packages/airflow/example_dags/tutorial_dag.py for tasks to queue
[2023-05-27T16:57:07.203+0000] {logging_mixin.py:137} INFO - [2023-05-27T16:57:07.203+0000] {dagbag.py:532} INFO - Filling up the DagBag from /home/airflow/.local/lib/python3.7/site-packages/airflow/example_dags/tutorial_dag.py
[2023-05-27T16:57:07.216+0000] {processor.py:753} INFO - DAG(s) dict_keys(['tutorial_dag']) retrieved from /home/airflow/.local/lib/python3.7/site-packages/airflow/example_dags/tutorial_dag.py
[2023-05-27T16:57:07.244+0000] {logging_mixin.py:137} INFO - [2023-05-27T16:57:07.244+0000] {dag.py:2705} INFO - Sync 1 DAGs
[2023-05-27T16:57:07.266+0000] {logging_mixin.py:137} INFO - [2023-05-27T16:57:07.265+0000] {dag.py:3456} INFO - Setting next_dagrun for tutorial_dag to None, run_after=None
[2023-05-27T16:57:07.280+0000] {processor.py:175} INFO - Processing /home/airflow/.local/lib/python3.7/site-packages/airflow/example_dags/tutorial_dag.py took 0.083 seconds
[2023-05-27T16:57:38.114+0000] {processor.py:153} INFO - Started process (PID=1863) to work on /home/airflow/.local/lib/python3.7/site-packages/airflow/example_dags/tutorial_dag.py
[2023-05-27T16:57:38.116+0000] {processor.py:743} INFO - Processing file /home/airflow/.local/lib/python3.7/site-packages/airflow/example_dags/tutorial_dag.py for tasks to queue
[2023-05-27T16:57:38.117+0000] {logging_mixin.py:137} INFO - [2023-05-27T16:57:38.117+0000] {dagbag.py:532} INFO - Filling up the DagBag from /home/airflow/.local/lib/python3.7/site-packages/airflow/example_dags/tutorial_dag.py
[2023-05-27T16:57:38.136+0000] {processor.py:753} INFO - DAG(s) dict_keys(['tutorial_dag']) retrieved from /home/airflow/.local/lib/python3.7/site-packages/airflow/example_dags/tutorial_dag.py
[2023-05-27T16:57:38.173+0000] {logging_mixin.py:137} INFO - [2023-05-27T16:57:38.173+0000] {dag.py:2705} INFO - Sync 1 DAGs
[2023-05-27T16:57:38.197+0000] {logging_mixin.py:137} INFO - [2023-05-27T16:57:38.197+0000] {dag.py:3456} INFO - Setting next_dagrun for tutorial_dag to None, run_after=None
[2023-05-27T16:57:38.216+0000] {processor.py:175} INFO - Processing /home/airflow/.local/lib/python3.7/site-packages/airflow/example_dags/tutorial_dag.py took 0.107 seconds
[2023-05-27T16:58:08.542+0000] {processor.py:153} INFO - Started process (PID=1920) to work on /home/airflow/.local/lib/python3.7/site-packages/airflow/example_dags/tutorial_dag.py
[2023-05-27T16:58:08.543+0000] {processor.py:743} INFO - Processing file /home/airflow/.local/lib/python3.7/site-packages/airflow/example_dags/tutorial_dag.py for tasks to queue
[2023-05-27T16:58:08.544+0000] {logging_mixin.py:137} INFO - [2023-05-27T16:58:08.544+0000] {dagbag.py:532} INFO - Filling up the DagBag from /home/airflow/.local/lib/python3.7/site-packages/airflow/example_dags/tutorial_dag.py
[2023-05-27T16:58:08.557+0000] {processor.py:753} INFO - DAG(s) dict_keys(['tutorial_dag']) retrieved from /home/airflow/.local/lib/python3.7/site-packages/airflow/example_dags/tutorial_dag.py
[2023-05-27T16:58:08.584+0000] {logging_mixin.py:137} INFO - [2023-05-27T16:58:08.584+0000] {dag.py:2705} INFO - Sync 1 DAGs
[2023-05-27T16:58:08.605+0000] {logging_mixin.py:137} INFO - [2023-05-27T16:58:08.605+0000] {dag.py:3456} INFO - Setting next_dagrun for tutorial_dag to None, run_after=None
[2023-05-27T16:58:08.619+0000] {processor.py:175} INFO - Processing /home/airflow/.local/lib/python3.7/site-packages/airflow/example_dags/tutorial_dag.py took 0.081 seconds
[2023-05-27T16:58:39.155+0000] {processor.py:153} INFO - Started process (PID=1977) to work on /home/airflow/.local/lib/python3.7/site-packages/airflow/example_dags/tutorial_dag.py
[2023-05-27T16:58:39.157+0000] {processor.py:743} INFO - Processing file /home/airflow/.local/lib/python3.7/site-packages/airflow/example_dags/tutorial_dag.py for tasks to queue
[2023-05-27T16:58:39.158+0000] {logging_mixin.py:137} INFO - [2023-05-27T16:58:39.158+0000] {dagbag.py:532} INFO - Filling up the DagBag from /home/airflow/.local/lib/python3.7/site-packages/airflow/example_dags/tutorial_dag.py
[2023-05-27T16:58:39.174+0000] {processor.py:753} INFO - DAG(s) dict_keys(['tutorial_dag']) retrieved from /home/airflow/.local/lib/python3.7/site-packages/airflow/example_dags/tutorial_dag.py
[2023-05-27T16:58:39.204+0000] {logging_mixin.py:137} INFO - [2023-05-27T16:58:39.204+0000] {dag.py:2705} INFO - Sync 1 DAGs
[2023-05-27T16:58:39.230+0000] {logging_mixin.py:137} INFO - [2023-05-27T16:58:39.230+0000] {dag.py:3456} INFO - Setting next_dagrun for tutorial_dag to None, run_after=None
[2023-05-27T16:58:39.248+0000] {processor.py:175} INFO - Processing /home/airflow/.local/lib/python3.7/site-packages/airflow/example_dags/tutorial_dag.py took 0.098 seconds
[2023-05-27T16:59:09.866+0000] {processor.py:153} INFO - Started process (PID=2034) to work on /home/airflow/.local/lib/python3.7/site-packages/airflow/example_dags/tutorial_dag.py
[2023-05-27T16:59:09.868+0000] {processor.py:743} INFO - Processing file /home/airflow/.local/lib/python3.7/site-packages/airflow/example_dags/tutorial_dag.py for tasks to queue
[2023-05-27T16:59:09.869+0000] {logging_mixin.py:137} INFO - [2023-05-27T16:59:09.869+0000] {dagbag.py:532} INFO - Filling up the DagBag from /home/airflow/.local/lib/python3.7/site-packages/airflow/example_dags/tutorial_dag.py
[2023-05-27T16:59:09.882+0000] {processor.py:753} INFO - DAG(s) dict_keys(['tutorial_dag']) retrieved from /home/airflow/.local/lib/python3.7/site-packages/airflow/example_dags/tutorial_dag.py
[2023-05-27T16:59:09.908+0000] {logging_mixin.py:137} INFO - [2023-05-27T16:59:09.908+0000] {dag.py:2705} INFO - Sync 1 DAGs
[2023-05-27T16:59:09.930+0000] {logging_mixin.py:137} INFO - [2023-05-27T16:59:09.929+0000] {dag.py:3456} INFO - Setting next_dagrun for tutorial_dag to None, run_after=None
[2023-05-27T16:59:09.945+0000] {processor.py:175} INFO - Processing /home/airflow/.local/lib/python3.7/site-packages/airflow/example_dags/tutorial_dag.py took 0.082 seconds
[2023-05-27T16:59:40.762+0000] {processor.py:153} INFO - Started process (PID=2091) to work on /home/airflow/.local/lib/python3.7/site-packages/airflow/example_dags/tutorial_dag.py
[2023-05-27T16:59:40.764+0000] {processor.py:743} INFO - Processing file /home/airflow/.local/lib/python3.7/site-packages/airflow/example_dags/tutorial_dag.py for tasks to queue
[2023-05-27T16:59:40.764+0000] {logging_mixin.py:137} INFO - [2023-05-27T16:59:40.764+0000] {dagbag.py:532} INFO - Filling up the DagBag from /home/airflow/.local/lib/python3.7/site-packages/airflow/example_dags/tutorial_dag.py
[2023-05-27T16:59:40.777+0000] {processor.py:753} INFO - DAG(s) dict_keys(['tutorial_dag']) retrieved from /home/airflow/.local/lib/python3.7/site-packages/airflow/example_dags/tutorial_dag.py
[2023-05-27T16:59:40.804+0000] {logging_mixin.py:137} INFO - [2023-05-27T16:59:40.804+0000] {dag.py:2705} INFO - Sync 1 DAGs
[2023-05-27T16:59:40.825+0000] {logging_mixin.py:137} INFO - [2023-05-27T16:59:40.825+0000] {dag.py:3456} INFO - Setting next_dagrun for tutorial_dag to None, run_after=None
[2023-05-27T16:59:40.839+0000] {processor.py:175} INFO - Processing /home/airflow/.local/lib/python3.7/site-packages/airflow/example_dags/tutorial_dag.py took 0.081 seconds
[2023-05-27T17:00:11.999+0000] {processor.py:153} INFO - Started process (PID=2148) to work on /home/airflow/.local/lib/python3.7/site-packages/airflow/example_dags/tutorial_dag.py
[2023-05-27T17:00:12.002+0000] {processor.py:743} INFO - Processing file /home/airflow/.local/lib/python3.7/site-packages/airflow/example_dags/tutorial_dag.py for tasks to queue
[2023-05-27T17:00:12.003+0000] {logging_mixin.py:137} INFO - [2023-05-27T17:00:12.003+0000] {dagbag.py:532} INFO - Filling up the DagBag from /home/airflow/.local/lib/python3.7/site-packages/airflow/example_dags/tutorial_dag.py
[2023-05-27T17:00:12.042+0000] {processor.py:753} INFO - DAG(s) dict_keys(['tutorial_dag']) retrieved from /home/airflow/.local/lib/python3.7/site-packages/airflow/example_dags/tutorial_dag.py
[2023-05-27T17:00:12.114+0000] {logging_mixin.py:137} INFO - [2023-05-27T17:00:12.114+0000] {dag.py:2705} INFO - Sync 1 DAGs
[2023-05-27T17:00:12.156+0000] {logging_mixin.py:137} INFO - [2023-05-27T17:00:12.156+0000] {dag.py:3456} INFO - Setting next_dagrun for tutorial_dag to None, run_after=None
[2023-05-27T17:00:12.194+0000] {processor.py:175} INFO - Processing /home/airflow/.local/lib/python3.7/site-packages/airflow/example_dags/tutorial_dag.py took 0.205 seconds
[2023-05-27T17:00:43.139+0000] {processor.py:153} INFO - Started process (PID=2205) to work on /home/airflow/.local/lib/python3.7/site-packages/airflow/example_dags/tutorial_dag.py
[2023-05-27T17:00:43.153+0000] {processor.py:743} INFO - Processing file /home/airflow/.local/lib/python3.7/site-packages/airflow/example_dags/tutorial_dag.py for tasks to queue
[2023-05-27T17:00:43.160+0000] {logging_mixin.py:137} INFO - [2023-05-27T17:00:43.159+0000] {dagbag.py:532} INFO - Filling up the DagBag from /home/airflow/.local/lib/python3.7/site-packages/airflow/example_dags/tutorial_dag.py
[2023-05-27T17:00:43.205+0000] {processor.py:753} INFO - DAG(s) dict_keys(['tutorial_dag']) retrieved from /home/airflow/.local/lib/python3.7/site-packages/airflow/example_dags/tutorial_dag.py
[2023-05-27T17:00:43.256+0000] {logging_mixin.py:137} INFO - [2023-05-27T17:00:43.256+0000] {dag.py:2705} INFO - Sync 1 DAGs
[2023-05-27T17:00:43.291+0000] {logging_mixin.py:137} INFO - [2023-05-27T17:00:43.291+0000] {dag.py:3456} INFO - Setting next_dagrun for tutorial_dag to None, run_after=None
[2023-05-27T17:00:43.326+0000] {processor.py:175} INFO - Processing /home/airflow/.local/lib/python3.7/site-packages/airflow/example_dags/tutorial_dag.py took 0.211 seconds
