[2023-07-06T18:40:59.493+0000] {taskinstance.py:1090} INFO - Dependencies all met for dep_context=non-requeueable deps ti=<TaskInstance: treino-06.is_api-active scheduled__2023-07-05T00:00:00+00:00 [queued]>
[2023-07-06T18:40:59.510+0000] {taskinstance.py:1090} INFO - Dependencies all met for dep_context=requeueable deps ti=<TaskInstance: treino-06.is_api-active scheduled__2023-07-05T00:00:00+00:00 [queued]>
[2023-07-06T18:40:59.512+0000] {taskinstance.py:1288} INFO - 
--------------------------------------------------------------------------------
[2023-07-06T18:40:59.517+0000] {taskinstance.py:1289} INFO - Starting attempt 1 of 1
[2023-07-06T18:40:59.520+0000] {taskinstance.py:1290} INFO - 
--------------------------------------------------------------------------------
[2023-07-06T18:40:59.545+0000] {taskinstance.py:1309} INFO - Executing <Task(HttpSensor): is_api-active> on 2023-07-05 00:00:00+00:00
[2023-07-06T18:40:59.557+0000] {standard_task_runner.py:55} INFO - Started process 54 to run task
[2023-07-06T18:40:59.565+0000] {standard_task_runner.py:82} INFO - Running: ['***', 'tasks', 'run', 'treino-06', 'is_api-active', 'scheduled__2023-07-05T00:00:00+00:00', '--job-id', '559', '--raw', '--subdir', 'DAGS_FOLDER/treino06.py', '--cfg-path', '/tmp/tmp7twwipfo']
[2023-07-06T18:40:59.571+0000] {standard_task_runner.py:83} INFO - Job 559: Subtask is_api-active
[2023-07-06T18:40:59.657+0000] {task_command.py:389} INFO - Running <TaskInstance: treino-06.is_api-active scheduled__2023-07-05T00:00:00+00:00 [running]> on host b7947b05bca0
[2023-07-06T18:40:59.736+0000] {taskinstance.py:1518} INFO - Exporting the following env vars:
AIRFLOW_CTX_DAG_OWNER=***
AIRFLOW_CTX_DAG_ID=treino-06
AIRFLOW_CTX_TASK_ID=is_api-active
AIRFLOW_CTX_EXECUTION_DATE=2023-07-05T00:00:00+00:00
AIRFLOW_CTX_TRY_NUMBER=1
AIRFLOW_CTX_DAG_RUN_ID=scheduled__2023-07-05T00:00:00+00:00
[2023-07-06T18:40:59.738+0000] {http.py:122} INFO - Poking: 
[2023-07-06T18:40:59.747+0000] {base.py:73} INFO - Using connection ID 'treino_06_api_posts' for task execution.
[2023-07-06T18:41:00.686+0000] {http.py:170} ERROR - HTTP error: Not Found
[2023-07-06T18:41:00.698+0000] {http.py:171} ERROR - <!DOCTYPE html>
<html>
<head>
    <title>Error: Token not found - Webhook.site</title>
    <link href="/assets/css/libs/bootstrap.min.css" rel="stylesheet" crossorigin="anonymous">
    <link href="/css/app.css" rel="stylesheet">
</head>
<body>
<div class="container" style="padding: 40px">
    <div class="row">
        <div class="col-sm-4 col-sm-offset-4 text-center">
            <h1>Webhook.site Error</h1>
            <p class="lead">404 Token not found</p>
                        <p class="small">
                    The URL was deleted manually, or expired automatically.

    To avoid URLs expiring automatically, you can
    <a href="/register">upgrade to Webhook.site Pro or Enterprise</a>.
            </p>
                        <br>
            <p><a class="btn btn-primary" href="/" role="button">&larr; Back to Webhook.site</a></p>
            <br>
            <p class="small muted">Copyright &copy; 2022 Webhook ApS</p>
        </div>
    </div>
</div>
</body>
</html>

[2023-07-06T18:42:00.764+0000] {http.py:122} INFO - Poking: 
[2023-07-06T18:42:00.793+0000] {base.py:73} INFO - Using connection ID 'treino_06_api_posts' for task execution.
[2023-07-06T18:42:02.031+0000] {http.py:170} ERROR - HTTP error: Not Found
[2023-07-06T18:42:02.034+0000] {http.py:171} ERROR - <!DOCTYPE html>
<html>
<head>
    <title>Error: Token not found - Webhook.site</title>
    <link href="/assets/css/libs/bootstrap.min.css" rel="stylesheet" crossorigin="anonymous">
    <link href="/css/app.css" rel="stylesheet">
</head>
<body>
<div class="container" style="padding: 40px">
    <div class="row">
        <div class="col-sm-4 col-sm-offset-4 text-center">
            <h1>Webhook.site Error</h1>
            <p class="lead">404 Token not found</p>
                        <p class="small">
                    The URL was deleted manually, or expired automatically.

    To avoid URLs expiring automatically, you can
    <a href="/register">upgrade to Webhook.site Pro or Enterprise</a>.
            </p>
                        <br>
            <p><a class="btn btn-primary" href="/" role="button">&larr; Back to Webhook.site</a></p>
            <br>
            <p class="small muted">Copyright &copy; 2022 Webhook ApS</p>
        </div>
    </div>
</div>
</body>
</html>

[2023-07-06T18:43:02.108+0000] {http.py:122} INFO - Poking: 
[2023-07-06T18:43:02.194+0000] {base.py:73} INFO - Using connection ID 'treino_06_api_posts' for task execution.
[2023-07-06T18:43:03.337+0000] {http.py:170} ERROR - HTTP error: Not Found
[2023-07-06T18:43:03.344+0000] {http.py:171} ERROR - <!DOCTYPE html>
<html>
<head>
    <title>Error: Token not found - Webhook.site</title>
    <link href="/assets/css/libs/bootstrap.min.css" rel="stylesheet" crossorigin="anonymous">
    <link href="/css/app.css" rel="stylesheet">
</head>
<body>
<div class="container" style="padding: 40px">
    <div class="row">
        <div class="col-sm-4 col-sm-offset-4 text-center">
            <h1>Webhook.site Error</h1>
            <p class="lead">404 Token not found</p>
                        <p class="small">
                    The URL was deleted manually, or expired automatically.

    To avoid URLs expiring automatically, you can
    <a href="/register">upgrade to Webhook.site Pro or Enterprise</a>.
            </p>
                        <br>
            <p><a class="btn btn-primary" href="/" role="button">&larr; Back to Webhook.site</a></p>
            <br>
            <p class="small muted">Copyright &copy; 2022 Webhook ApS</p>
        </div>
    </div>
</div>
</body>
</html>

[2023-07-06T18:44:03.408+0000] {http.py:122} INFO - Poking: 
[2023-07-06T18:44:03.427+0000] {base.py:73} INFO - Using connection ID 'treino_06_api_posts' for task execution.
[2023-07-06T18:44:04.376+0000] {http.py:170} ERROR - HTTP error: Not Found
[2023-07-06T18:44:04.378+0000] {http.py:171} ERROR - <!DOCTYPE html>
<html>
<head>
    <title>Error: Token not found - Webhook.site</title>
    <link href="/assets/css/libs/bootstrap.min.css" rel="stylesheet" crossorigin="anonymous">
    <link href="/css/app.css" rel="stylesheet">
</head>
<body>
<div class="container" style="padding: 40px">
    <div class="row">
        <div class="col-sm-4 col-sm-offset-4 text-center">
            <h1>Webhook.site Error</h1>
            <p class="lead">404 Token not found</p>
                        <p class="small">
                    The URL was deleted manually, or expired automatically.

    To avoid URLs expiring automatically, you can
    <a href="/register">upgrade to Webhook.site Pro or Enterprise</a>.
            </p>
                        <br>
            <p><a class="btn btn-primary" href="/" role="button">&larr; Back to Webhook.site</a></p>
            <br>
            <p class="small muted">Copyright &copy; 2022 Webhook ApS</p>
        </div>
    </div>
</div>
</body>
</html>

[2023-07-06T18:45:04.432+0000] {http.py:122} INFO - Poking: 
[2023-07-06T18:45:04.463+0000] {base.py:73} INFO - Using connection ID 'treino_06_api_posts' for task execution.
[2023-07-06T18:45:05.523+0000] {http.py:170} ERROR - HTTP error: Not Found
[2023-07-06T18:45:05.524+0000] {http.py:171} ERROR - <!DOCTYPE html>
<html>
<head>
    <title>Error: Token not found - Webhook.site</title>
    <link href="/assets/css/libs/bootstrap.min.css" rel="stylesheet" crossorigin="anonymous">
    <link href="/css/app.css" rel="stylesheet">
</head>
<body>
<div class="container" style="padding: 40px">
    <div class="row">
        <div class="col-sm-4 col-sm-offset-4 text-center">
            <h1>Webhook.site Error</h1>
            <p class="lead">404 Token not found</p>
                        <p class="small">
                    The URL was deleted manually, or expired automatically.

    To avoid URLs expiring automatically, you can
    <a href="/register">upgrade to Webhook.site Pro or Enterprise</a>.
            </p>
                        <br>
            <p><a class="btn btn-primary" href="/" role="button">&larr; Back to Webhook.site</a></p>
            <br>
            <p class="small muted">Copyright &copy; 2022 Webhook ApS</p>
        </div>
    </div>
</div>
</body>
</html>

[2023-07-06T18:46:05.586+0000] {http.py:122} INFO - Poking: 
[2023-07-06T18:46:05.627+0000] {base.py:73} INFO - Using connection ID 'treino_06_api_posts' for task execution.
[2023-07-06T18:46:06.661+0000] {http.py:170} ERROR - HTTP error: Not Found
[2023-07-06T18:46:06.664+0000] {http.py:171} ERROR - <!DOCTYPE html>
<html>
<head>
    <title>Error: Token not found - Webhook.site</title>
    <link href="/assets/css/libs/bootstrap.min.css" rel="stylesheet" crossorigin="anonymous">
    <link href="/css/app.css" rel="stylesheet">
</head>
<body>
<div class="container" style="padding: 40px">
    <div class="row">
        <div class="col-sm-4 col-sm-offset-4 text-center">
            <h1>Webhook.site Error</h1>
            <p class="lead">404 Token not found</p>
                        <p class="small">
                    The URL was deleted manually, or expired automatically.

    To avoid URLs expiring automatically, you can
    <a href="/register">upgrade to Webhook.site Pro or Enterprise</a>.
            </p>
                        <br>
            <p><a class="btn btn-primary" href="/" role="button">&larr; Back to Webhook.site</a></p>
            <br>
            <p class="small muted">Copyright &copy; 2022 Webhook ApS</p>
        </div>
    </div>
</div>
</body>
</html>

[2023-07-06T18:47:06.732+0000] {http.py:122} INFO - Poking: 
[2023-07-06T18:47:06.759+0000] {base.py:73} INFO - Using connection ID 'treino_06_api_posts' for task execution.
[2023-07-06T18:47:07.874+0000] {http.py:170} ERROR - HTTP error: Not Found
[2023-07-06T18:47:07.876+0000] {http.py:171} ERROR - <!DOCTYPE html>
<html>
<head>
    <title>Error: Token not found - Webhook.site</title>
    <link href="/assets/css/libs/bootstrap.min.css" rel="stylesheet" crossorigin="anonymous">
    <link href="/css/app.css" rel="stylesheet">
</head>
<body>
<div class="container" style="padding: 40px">
    <div class="row">
        <div class="col-sm-4 col-sm-offset-4 text-center">
            <h1>Webhook.site Error</h1>
            <p class="lead">404 Token not found</p>
                        <p class="small">
                    The URL was deleted manually, or expired automatically.

    To avoid URLs expiring automatically, you can
    <a href="/register">upgrade to Webhook.site Pro or Enterprise</a>.
            </p>
                        <br>
            <p><a class="btn btn-primary" href="/" role="button">&larr; Back to Webhook.site</a></p>
            <br>
            <p class="small muted">Copyright &copy; 2022 Webhook ApS</p>
        </div>
    </div>
</div>
</body>
</html>

[2023-07-06T18:48:07.890+0000] {http.py:122} INFO - Poking: 
[2023-07-06T18:48:07.924+0000] {base.py:73} INFO - Using connection ID 'treino_06_api_posts' for task execution.
[2023-07-06T18:48:08.822+0000] {http.py:170} ERROR - HTTP error: Not Found
[2023-07-06T18:48:08.824+0000] {http.py:171} ERROR - <!DOCTYPE html>
<html>
<head>
    <title>Error: Token not found - Webhook.site</title>
    <link href="/assets/css/libs/bootstrap.min.css" rel="stylesheet" crossorigin="anonymous">
    <link href="/css/app.css" rel="stylesheet">
</head>
<body>
<div class="container" style="padding: 40px">
    <div class="row">
        <div class="col-sm-4 col-sm-offset-4 text-center">
            <h1>Webhook.site Error</h1>
            <p class="lead">404 Token not found</p>
                        <p class="small">
                    The URL was deleted manually, or expired automatically.

    To avoid URLs expiring automatically, you can
    <a href="/register">upgrade to Webhook.site Pro or Enterprise</a>.
            </p>
                        <br>
            <p><a class="btn btn-primary" href="/" role="button">&larr; Back to Webhook.site</a></p>
            <br>
            <p class="small muted">Copyright &copy; 2022 Webhook ApS</p>
        </div>
    </div>
</div>
</body>
</html>

[2023-07-06T18:49:08.896+0000] {http.py:122} INFO - Poking: 
[2023-07-06T18:49:08.928+0000] {base.py:73} INFO - Using connection ID 'treino_06_api_posts' for task execution.
[2023-07-06T18:49:09.892+0000] {http.py:170} ERROR - HTTP error: Not Found
[2023-07-06T18:49:09.895+0000] {http.py:171} ERROR - <!DOCTYPE html>
<html>
<head>
    <title>Error: Token not found - Webhook.site</title>
    <link href="/assets/css/libs/bootstrap.min.css" rel="stylesheet" crossorigin="anonymous">
    <link href="/css/app.css" rel="stylesheet">
</head>
<body>
<div class="container" style="padding: 40px">
    <div class="row">
        <div class="col-sm-4 col-sm-offset-4 text-center">
            <h1>Webhook.site Error</h1>
            <p class="lead">404 Token not found</p>
                        <p class="small">
                    The URL was deleted manually, or expired automatically.

    To avoid URLs expiring automatically, you can
    <a href="/register">upgrade to Webhook.site Pro or Enterprise</a>.
            </p>
                        <br>
            <p><a class="btn btn-primary" href="/" role="button">&larr; Back to Webhook.site</a></p>
            <br>
            <p class="small muted">Copyright &copy; 2022 Webhook ApS</p>
        </div>
    </div>
</div>
</body>
</html>

[2023-07-06T18:50:09.958+0000] {http.py:122} INFO - Poking: 
[2023-07-06T18:50:09.980+0000] {base.py:73} INFO - Using connection ID 'treino_06_api_posts' for task execution.
[2023-07-06T18:50:10.831+0000] {http.py:170} ERROR - HTTP error: Not Found
[2023-07-06T18:50:10.835+0000] {http.py:171} ERROR - <!DOCTYPE html>
<html>
<head>
    <title>Error: Token not found - Webhook.site</title>
    <link href="/assets/css/libs/bootstrap.min.css" rel="stylesheet" crossorigin="anonymous">
    <link href="/css/app.css" rel="stylesheet">
</head>
<body>
<div class="container" style="padding: 40px">
    <div class="row">
        <div class="col-sm-4 col-sm-offset-4 text-center">
            <h1>Webhook.site Error</h1>
            <p class="lead">404 Token not found</p>
                        <p class="small">
                    The URL was deleted manually, or expired automatically.

    To avoid URLs expiring automatically, you can
    <a href="/register">upgrade to Webhook.site Pro or Enterprise</a>.
            </p>
                        <br>
            <p><a class="btn btn-primary" href="/" role="button">&larr; Back to Webhook.site</a></p>
            <br>
            <p class="small muted">Copyright &copy; 2022 Webhook ApS</p>
        </div>
    </div>
</div>
</body>
</html>

[2023-07-06T18:51:10.867+0000] {http.py:122} INFO - Poking: 
[2023-07-06T18:51:10.918+0000] {base.py:73} INFO - Using connection ID 'treino_06_api_posts' for task execution.
[2023-07-06T18:51:11.918+0000] {http.py:170} ERROR - HTTP error: Not Found
[2023-07-06T18:51:11.921+0000] {http.py:171} ERROR - <!DOCTYPE html>
<html>
<head>
    <title>Error: Token not found - Webhook.site</title>
    <link href="/assets/css/libs/bootstrap.min.css" rel="stylesheet" crossorigin="anonymous">
    <link href="/css/app.css" rel="stylesheet">
</head>
<body>
<div class="container" style="padding: 40px">
    <div class="row">
        <div class="col-sm-4 col-sm-offset-4 text-center">
            <h1>Webhook.site Error</h1>
            <p class="lead">404 Token not found</p>
                        <p class="small">
                    The URL was deleted manually, or expired automatically.

    To avoid URLs expiring automatically, you can
    <a href="/register">upgrade to Webhook.site Pro or Enterprise</a>.
            </p>
                        <br>
            <p><a class="btn btn-primary" href="/" role="button">&larr; Back to Webhook.site</a></p>
            <br>
            <p class="small muted">Copyright &copy; 2022 Webhook ApS</p>
        </div>
    </div>
</div>
</body>
</html>

[2023-07-06T18:52:11.942+0000] {http.py:122} INFO - Poking: 
[2023-07-06T18:52:11.979+0000] {base.py:73} INFO - Using connection ID 'treino_06_api_posts' for task execution.
[2023-07-06T18:52:12.919+0000] {http.py:170} ERROR - HTTP error: Not Found
[2023-07-06T18:52:12.921+0000] {http.py:171} ERROR - <!DOCTYPE html>
<html>
<head>
    <title>Error: Token not found - Webhook.site</title>
    <link href="/assets/css/libs/bootstrap.min.css" rel="stylesheet" crossorigin="anonymous">
    <link href="/css/app.css" rel="stylesheet">
</head>
<body>
<div class="container" style="padding: 40px">
    <div class="row">
        <div class="col-sm-4 col-sm-offset-4 text-center">
            <h1>Webhook.site Error</h1>
            <p class="lead">404 Token not found</p>
                        <p class="small">
                    The URL was deleted manually, or expired automatically.

    To avoid URLs expiring automatically, you can
    <a href="/register">upgrade to Webhook.site Pro or Enterprise</a>.
            </p>
                        <br>
            <p><a class="btn btn-primary" href="/" role="button">&larr; Back to Webhook.site</a></p>
            <br>
            <p class="small muted">Copyright &copy; 2022 Webhook ApS</p>
        </div>
    </div>
</div>
</body>
</html>

[2023-07-06T18:53:12.970+0000] {http.py:122} INFO - Poking: 
[2023-07-06T18:53:13.006+0000] {base.py:73} INFO - Using connection ID 'treino_06_api_posts' for task execution.
[2023-07-06T18:53:13.977+0000] {http.py:170} ERROR - HTTP error: Not Found
[2023-07-06T18:53:13.980+0000] {http.py:171} ERROR - <!DOCTYPE html>
<html>
<head>
    <title>Error: Token not found - Webhook.site</title>
    <link href="/assets/css/libs/bootstrap.min.css" rel="stylesheet" crossorigin="anonymous">
    <link href="/css/app.css" rel="stylesheet">
</head>
<body>
<div class="container" style="padding: 40px">
    <div class="row">
        <div class="col-sm-4 col-sm-offset-4 text-center">
            <h1>Webhook.site Error</h1>
            <p class="lead">404 Token not found</p>
                        <p class="small">
                    The URL was deleted manually, or expired automatically.

    To avoid URLs expiring automatically, you can
    <a href="/register">upgrade to Webhook.site Pro or Enterprise</a>.
            </p>
                        <br>
            <p><a class="btn btn-primary" href="/" role="button">&larr; Back to Webhook.site</a></p>
            <br>
            <p class="small muted">Copyright &copy; 2022 Webhook ApS</p>
        </div>
    </div>
</div>
</body>
</html>

[2023-07-06T18:54:14.051+0000] {http.py:122} INFO - Poking: 
[2023-07-06T18:54:14.106+0000] {base.py:73} INFO - Using connection ID 'treino_06_api_posts' for task execution.
[2023-07-06T18:54:15.112+0000] {http.py:170} ERROR - HTTP error: Not Found
[2023-07-06T18:54:15.114+0000] {http.py:171} ERROR - <!DOCTYPE html>
<html>
<head>
    <title>Error: Token not found - Webhook.site</title>
    <link href="/assets/css/libs/bootstrap.min.css" rel="stylesheet" crossorigin="anonymous">
    <link href="/css/app.css" rel="stylesheet">
</head>
<body>
<div class="container" style="padding: 40px">
    <div class="row">
        <div class="col-sm-4 col-sm-offset-4 text-center">
            <h1>Webhook.site Error</h1>
            <p class="lead">404 Token not found</p>
                        <p class="small">
                    The URL was deleted manually, or expired automatically.

    To avoid URLs expiring automatically, you can
    <a href="/register">upgrade to Webhook.site Pro or Enterprise</a>.
            </p>
                        <br>
            <p><a class="btn btn-primary" href="/" role="button">&larr; Back to Webhook.site</a></p>
            <br>
            <p class="small muted">Copyright &copy; 2022 Webhook ApS</p>
        </div>
    </div>
</div>
</body>
</html>

[2023-07-06T18:55:15.183+0000] {http.py:122} INFO - Poking: 
[2023-07-06T18:55:15.224+0000] {base.py:73} INFO - Using connection ID 'treino_06_api_posts' for task execution.
[2023-07-06T18:55:16.246+0000] {http.py:170} ERROR - HTTP error: Not Found
[2023-07-06T18:55:16.249+0000] {http.py:171} ERROR - <!DOCTYPE html>
<html>
<head>
    <title>Error: Token not found - Webhook.site</title>
    <link href="/assets/css/libs/bootstrap.min.css" rel="stylesheet" crossorigin="anonymous">
    <link href="/css/app.css" rel="stylesheet">
</head>
<body>
<div class="container" style="padding: 40px">
    <div class="row">
        <div class="col-sm-4 col-sm-offset-4 text-center">
            <h1>Webhook.site Error</h1>
            <p class="lead">404 Token not found</p>
                        <p class="small">
                    The URL was deleted manually, or expired automatically.

    To avoid URLs expiring automatically, you can
    <a href="/register">upgrade to Webhook.site Pro or Enterprise</a>.
            </p>
                        <br>
            <p><a class="btn btn-primary" href="/" role="button">&larr; Back to Webhook.site</a></p>
            <br>
            <p class="small muted">Copyright &copy; 2022 Webhook ApS</p>
        </div>
    </div>
</div>
</body>
</html>

[2023-07-06T18:56:16.280+0000] {http.py:122} INFO - Poking: 
[2023-07-06T18:56:16.341+0000] {base.py:73} INFO - Using connection ID 'treino_06_api_posts' for task execution.
[2023-07-06T18:56:17.298+0000] {http.py:170} ERROR - HTTP error: Not Found
[2023-07-06T18:56:17.303+0000] {http.py:171} ERROR - <!DOCTYPE html>
<html>
<head>
    <title>Error: Token not found - Webhook.site</title>
    <link href="/assets/css/libs/bootstrap.min.css" rel="stylesheet" crossorigin="anonymous">
    <link href="/css/app.css" rel="stylesheet">
</head>
<body>
<div class="container" style="padding: 40px">
    <div class="row">
        <div class="col-sm-4 col-sm-offset-4 text-center">
            <h1>Webhook.site Error</h1>
            <p class="lead">404 Token not found</p>
                        <p class="small">
                    The URL was deleted manually, or expired automatically.

    To avoid URLs expiring automatically, you can
    <a href="/register">upgrade to Webhook.site Pro or Enterprise</a>.
            </p>
                        <br>
            <p><a class="btn btn-primary" href="/" role="button">&larr; Back to Webhook.site</a></p>
            <br>
            <p class="small muted">Copyright &copy; 2022 Webhook ApS</p>
        </div>
    </div>
</div>
</body>
</html>

[2023-07-06T18:57:17.374+0000] {http.py:122} INFO - Poking: 
[2023-07-06T18:57:17.415+0000] {base.py:73} INFO - Using connection ID 'treino_06_api_posts' for task execution.
[2023-07-06T18:57:18.316+0000] {http.py:170} ERROR - HTTP error: Not Found
[2023-07-06T18:57:18.317+0000] {http.py:171} ERROR - <!DOCTYPE html>
<html>
<head>
    <title>Error: Token not found - Webhook.site</title>
    <link href="/assets/css/libs/bootstrap.min.css" rel="stylesheet" crossorigin="anonymous">
    <link href="/css/app.css" rel="stylesheet">
</head>
<body>
<div class="container" style="padding: 40px">
    <div class="row">
        <div class="col-sm-4 col-sm-offset-4 text-center">
            <h1>Webhook.site Error</h1>
            <p class="lead">404 Token not found</p>
                        <p class="small">
                    The URL was deleted manually, or expired automatically.

    To avoid URLs expiring automatically, you can
    <a href="/register">upgrade to Webhook.site Pro or Enterprise</a>.
            </p>
                        <br>
            <p><a class="btn btn-primary" href="/" role="button">&larr; Back to Webhook.site</a></p>
            <br>
            <p class="small muted">Copyright &copy; 2022 Webhook ApS</p>
        </div>
    </div>
</div>
</body>
</html>

[2023-07-06T18:58:18.380+0000] {http.py:122} INFO - Poking: 
[2023-07-06T18:58:18.408+0000] {base.py:73} INFO - Using connection ID 'treino_06_api_posts' for task execution.
[2023-07-06T18:58:19.304+0000] {http.py:170} ERROR - HTTP error: Not Found
[2023-07-06T18:58:19.308+0000] {http.py:171} ERROR - <!DOCTYPE html>
<html>
<head>
    <title>Error: Token not found - Webhook.site</title>
    <link href="/assets/css/libs/bootstrap.min.css" rel="stylesheet" crossorigin="anonymous">
    <link href="/css/app.css" rel="stylesheet">
</head>
<body>
<div class="container" style="padding: 40px">
    <div class="row">
        <div class="col-sm-4 col-sm-offset-4 text-center">
            <h1>Webhook.site Error</h1>
            <p class="lead">404 Token not found</p>
                        <p class="small">
                    The URL was deleted manually, or expired automatically.

    To avoid URLs expiring automatically, you can
    <a href="/register">upgrade to Webhook.site Pro or Enterprise</a>.
            </p>
                        <br>
            <p><a class="btn btn-primary" href="/" role="button">&larr; Back to Webhook.site</a></p>
            <br>
            <p class="small muted">Copyright &copy; 2022 Webhook ApS</p>
        </div>
    </div>
</div>
</body>
</html>

[2023-07-06T18:59:19.377+0000] {http.py:122} INFO - Poking: 
[2023-07-06T18:59:19.418+0000] {base.py:73} INFO - Using connection ID 'treino_06_api_posts' for task execution.
[2023-07-06T18:59:20.367+0000] {http.py:170} ERROR - HTTP error: Not Found
[2023-07-06T18:59:20.368+0000] {http.py:171} ERROR - <!DOCTYPE html>
<html>
<head>
    <title>Error: Token not found - Webhook.site</title>
    <link href="/assets/css/libs/bootstrap.min.css" rel="stylesheet" crossorigin="anonymous">
    <link href="/css/app.css" rel="stylesheet">
</head>
<body>
<div class="container" style="padding: 40px">
    <div class="row">
        <div class="col-sm-4 col-sm-offset-4 text-center">
            <h1>Webhook.site Error</h1>
            <p class="lead">404 Token not found</p>
                        <p class="small">
                    The URL was deleted manually, or expired automatically.

    To avoid URLs expiring automatically, you can
    <a href="/register">upgrade to Webhook.site Pro or Enterprise</a>.
            </p>
                        <br>
            <p><a class="btn btn-primary" href="/" role="button">&larr; Back to Webhook.site</a></p>
            <br>
            <p class="small muted">Copyright &copy; 2022 Webhook ApS</p>
        </div>
    </div>
</div>
</body>
</html>

[2023-07-06T19:00:20.403+0000] {http.py:122} INFO - Poking: 
[2023-07-06T19:00:20.458+0000] {base.py:73} INFO - Using connection ID 'treino_06_api_posts' for task execution.
[2023-07-06T19:00:21.404+0000] {http.py:170} ERROR - HTTP error: Not Found
[2023-07-06T19:00:21.407+0000] {http.py:171} ERROR - <!DOCTYPE html>
<html>
<head>
    <title>Error: Token not found - Webhook.site</title>
    <link href="/assets/css/libs/bootstrap.min.css" rel="stylesheet" crossorigin="anonymous">
    <link href="/css/app.css" rel="stylesheet">
</head>
<body>
<div class="container" style="padding: 40px">
    <div class="row">
        <div class="col-sm-4 col-sm-offset-4 text-center">
            <h1>Webhook.site Error</h1>
            <p class="lead">404 Token not found</p>
                        <p class="small">
                    The URL was deleted manually, or expired automatically.

    To avoid URLs expiring automatically, you can
    <a href="/register">upgrade to Webhook.site Pro or Enterprise</a>.
            </p>
                        <br>
            <p><a class="btn btn-primary" href="/" role="button">&larr; Back to Webhook.site</a></p>
            <br>
            <p class="small muted">Copyright &copy; 2022 Webhook ApS</p>
        </div>
    </div>
</div>
</body>
</html>

[2023-07-06T19:01:21.475+0000] {http.py:122} INFO - Poking: 
[2023-07-06T19:01:21.495+0000] {base.py:73} INFO - Using connection ID 'treino_06_api_posts' for task execution.
[2023-07-06T19:01:22.537+0000] {http.py:170} ERROR - HTTP error: Not Found
[2023-07-06T19:01:22.541+0000] {http.py:171} ERROR - <!DOCTYPE html>
<html>
<head>
    <title>Error: Token not found - Webhook.site</title>
    <link href="/assets/css/libs/bootstrap.min.css" rel="stylesheet" crossorigin="anonymous">
    <link href="/css/app.css" rel="stylesheet">
</head>
<body>
<div class="container" style="padding: 40px">
    <div class="row">
        <div class="col-sm-4 col-sm-offset-4 text-center">
            <h1>Webhook.site Error</h1>
            <p class="lead">404 Token not found</p>
                        <p class="small">
                    The URL was deleted manually, or expired automatically.

    To avoid URLs expiring automatically, you can
    <a href="/register">upgrade to Webhook.site Pro or Enterprise</a>.
            </p>
                        <br>
            <p><a class="btn btn-primary" href="/" role="button">&larr; Back to Webhook.site</a></p>
            <br>
            <p class="small muted">Copyright &copy; 2022 Webhook ApS</p>
        </div>
    </div>
</div>
</body>
</html>

[2023-07-06T19:02:22.607+0000] {http.py:122} INFO - Poking: 
[2023-07-06T19:02:22.652+0000] {base.py:73} INFO - Using connection ID 'treino_06_api_posts' for task execution.
[2023-07-06T19:02:23.562+0000] {http.py:170} ERROR - HTTP error: Not Found
[2023-07-06T19:02:23.563+0000] {http.py:171} ERROR - <!DOCTYPE html>
<html>
<head>
    <title>Error: Token not found - Webhook.site</title>
    <link href="/assets/css/libs/bootstrap.min.css" rel="stylesheet" crossorigin="anonymous">
    <link href="/css/app.css" rel="stylesheet">
</head>
<body>
<div class="container" style="padding: 40px">
    <div class="row">
        <div class="col-sm-4 col-sm-offset-4 text-center">
            <h1>Webhook.site Error</h1>
            <p class="lead">404 Token not found</p>
                        <p class="small">
                    The URL was deleted manually, or expired automatically.

    To avoid URLs expiring automatically, you can
    <a href="/register">upgrade to Webhook.site Pro or Enterprise</a>.
            </p>
                        <br>
            <p><a class="btn btn-primary" href="/" role="button">&larr; Back to Webhook.site</a></p>
            <br>
            <p class="small muted">Copyright &copy; 2022 Webhook ApS</p>
        </div>
    </div>
</div>
</body>
</html>

[2023-07-06T19:03:23.615+0000] {http.py:122} INFO - Poking: 
[2023-07-06T19:03:23.660+0000] {base.py:73} INFO - Using connection ID 'treino_06_api_posts' for task execution.
[2023-07-06T19:03:24.738+0000] {http.py:170} ERROR - HTTP error: Not Found
[2023-07-06T19:03:24.740+0000] {http.py:171} ERROR - <!DOCTYPE html>
<html>
<head>
    <title>Error: Token not found - Webhook.site</title>
    <link href="/assets/css/libs/bootstrap.min.css" rel="stylesheet" crossorigin="anonymous">
    <link href="/css/app.css" rel="stylesheet">
</head>
<body>
<div class="container" style="padding: 40px">
    <div class="row">
        <div class="col-sm-4 col-sm-offset-4 text-center">
            <h1>Webhook.site Error</h1>
            <p class="lead">404 Token not found</p>
                        <p class="small">
                    The URL was deleted manually, or expired automatically.

    To avoid URLs expiring automatically, you can
    <a href="/register">upgrade to Webhook.site Pro or Enterprise</a>.
            </p>
                        <br>
            <p><a class="btn btn-primary" href="/" role="button">&larr; Back to Webhook.site</a></p>
            <br>
            <p class="small muted">Copyright &copy; 2022 Webhook ApS</p>
        </div>
    </div>
</div>
</body>
</html>

[2023-07-06T19:04:24.757+0000] {http.py:122} INFO - Poking: 
[2023-07-06T19:04:24.798+0000] {base.py:73} INFO - Using connection ID 'treino_06_api_posts' for task execution.
[2023-07-06T19:04:25.711+0000] {http.py:170} ERROR - HTTP error: Not Found
[2023-07-06T19:04:25.714+0000] {http.py:171} ERROR - <!DOCTYPE html>
<html>
<head>
    <title>Error: Token not found - Webhook.site</title>
    <link href="/assets/css/libs/bootstrap.min.css" rel="stylesheet" crossorigin="anonymous">
    <link href="/css/app.css" rel="stylesheet">
</head>
<body>
<div class="container" style="padding: 40px">
    <div class="row">
        <div class="col-sm-4 col-sm-offset-4 text-center">
            <h1>Webhook.site Error</h1>
            <p class="lead">404 Token not found</p>
                        <p class="small">
                    The URL was deleted manually, or expired automatically.

    To avoid URLs expiring automatically, you can
    <a href="/register">upgrade to Webhook.site Pro or Enterprise</a>.
            </p>
                        <br>
            <p><a class="btn btn-primary" href="/" role="button">&larr; Back to Webhook.site</a></p>
            <br>
            <p class="small muted">Copyright &copy; 2022 Webhook ApS</p>
        </div>
    </div>
</div>
</body>
</html>

[2023-07-06T19:05:25.778+0000] {http.py:122} INFO - Poking: 
[2023-07-06T19:05:25.812+0000] {base.py:73} INFO - Using connection ID 'treino_06_api_posts' for task execution.
[2023-07-06T19:05:27.268+0000] {http.py:170} ERROR - HTTP error: Not Found
[2023-07-06T19:05:27.272+0000] {http.py:171} ERROR - <!DOCTYPE html>
<html>
<head>
    <title>Error: Token not found - Webhook.site</title>
    <link href="/assets/css/libs/bootstrap.min.css" rel="stylesheet" crossorigin="anonymous">
    <link href="/css/app.css" rel="stylesheet">
</head>
<body>
<div class="container" style="padding: 40px">
    <div class="row">
        <div class="col-sm-4 col-sm-offset-4 text-center">
            <h1>Webhook.site Error</h1>
            <p class="lead">404 Token not found</p>
                        <p class="small">
                    The URL was deleted manually, or expired automatically.

    To avoid URLs expiring automatically, you can
    <a href="/register">upgrade to Webhook.site Pro or Enterprise</a>.
            </p>
                        <br>
            <p><a class="btn btn-primary" href="/" role="button">&larr; Back to Webhook.site</a></p>
            <br>
            <p class="small muted">Copyright &copy; 2022 Webhook ApS</p>
        </div>
    </div>
</div>
</body>
</html>

[2023-07-06T19:06:27.313+0000] {http.py:122} INFO - Poking: 
[2023-07-06T19:06:27.374+0000] {base.py:73} INFO - Using connection ID 'treino_06_api_posts' for task execution.
[2023-07-06T19:06:28.289+0000] {http.py:170} ERROR - HTTP error: Not Found
[2023-07-06T19:06:28.291+0000] {http.py:171} ERROR - <!DOCTYPE html>
<html>
<head>
    <title>Error: Token not found - Webhook.site</title>
    <link href="/assets/css/libs/bootstrap.min.css" rel="stylesheet" crossorigin="anonymous">
    <link href="/css/app.css" rel="stylesheet">
</head>
<body>
<div class="container" style="padding: 40px">
    <div class="row">
        <div class="col-sm-4 col-sm-offset-4 text-center">
            <h1>Webhook.site Error</h1>
            <p class="lead">404 Token not found</p>
                        <p class="small">
                    The URL was deleted manually, or expired automatically.

    To avoid URLs expiring automatically, you can
    <a href="/register">upgrade to Webhook.site Pro or Enterprise</a>.
            </p>
                        <br>
            <p><a class="btn btn-primary" href="/" role="button">&larr; Back to Webhook.site</a></p>
            <br>
            <p class="small muted">Copyright &copy; 2022 Webhook ApS</p>
        </div>
    </div>
</div>
</body>
</html>

[2023-07-06T19:07:28.326+0000] {http.py:122} INFO - Poking: 
[2023-07-06T19:07:28.380+0000] {base.py:73} INFO - Using connection ID 'treino_06_api_posts' for task execution.
[2023-07-06T19:07:29.337+0000] {http.py:170} ERROR - HTTP error: Not Found
[2023-07-06T19:07:29.341+0000] {http.py:171} ERROR - <!DOCTYPE html>
<html>
<head>
    <title>Error: Token not found - Webhook.site</title>
    <link href="/assets/css/libs/bootstrap.min.css" rel="stylesheet" crossorigin="anonymous">
    <link href="/css/app.css" rel="stylesheet">
</head>
<body>
<div class="container" style="padding: 40px">
    <div class="row">
        <div class="col-sm-4 col-sm-offset-4 text-center">
            <h1>Webhook.site Error</h1>
            <p class="lead">404 Token not found</p>
                        <p class="small">
                    The URL was deleted manually, or expired automatically.

    To avoid URLs expiring automatically, you can
    <a href="/register">upgrade to Webhook.site Pro or Enterprise</a>.
            </p>
                        <br>
            <p><a class="btn btn-primary" href="/" role="button">&larr; Back to Webhook.site</a></p>
            <br>
            <p class="small muted">Copyright &copy; 2022 Webhook ApS</p>
        </div>
    </div>
</div>
</body>
</html>

[2023-07-06T19:08:29.407+0000] {http.py:122} INFO - Poking: 
[2023-07-06T19:08:29.455+0000] {base.py:73} INFO - Using connection ID 'treino_06_api_posts' for task execution.
[2023-07-06T19:08:30.469+0000] {http.py:170} ERROR - HTTP error: Not Found
[2023-07-06T19:08:30.472+0000] {http.py:171} ERROR - <!DOCTYPE html>
<html>
<head>
    <title>Error: Token not found - Webhook.site</title>
    <link href="/assets/css/libs/bootstrap.min.css" rel="stylesheet" crossorigin="anonymous">
    <link href="/css/app.css" rel="stylesheet">
</head>
<body>
<div class="container" style="padding: 40px">
    <div class="row">
        <div class="col-sm-4 col-sm-offset-4 text-center">
            <h1>Webhook.site Error</h1>
            <p class="lead">404 Token not found</p>
                        <p class="small">
                    The URL was deleted manually, or expired automatically.

    To avoid URLs expiring automatically, you can
    <a href="/register">upgrade to Webhook.site Pro or Enterprise</a>.
            </p>
                        <br>
            <p><a class="btn btn-primary" href="/" role="button">&larr; Back to Webhook.site</a></p>
            <br>
            <p class="small muted">Copyright &copy; 2022 Webhook ApS</p>
        </div>
    </div>
</div>
</body>
</html>

[2023-07-06T19:09:30.525+0000] {http.py:122} INFO - Poking: 
[2023-07-06T19:09:30.568+0000] {base.py:73} INFO - Using connection ID 'treino_06_api_posts' for task execution.
[2023-07-06T19:09:31.465+0000] {http.py:170} ERROR - HTTP error: Not Found
[2023-07-06T19:09:31.465+0000] {http.py:171} ERROR - <!DOCTYPE html>
<html>
<head>
    <title>Error: Token not found - Webhook.site</title>
    <link href="/assets/css/libs/bootstrap.min.css" rel="stylesheet" crossorigin="anonymous">
    <link href="/css/app.css" rel="stylesheet">
</head>
<body>
<div class="container" style="padding: 40px">
    <div class="row">
        <div class="col-sm-4 col-sm-offset-4 text-center">
            <h1>Webhook.site Error</h1>
            <p class="lead">404 Token not found</p>
                        <p class="small">
                    The URL was deleted manually, or expired automatically.

    To avoid URLs expiring automatically, you can
    <a href="/register">upgrade to Webhook.site Pro or Enterprise</a>.
            </p>
                        <br>
            <p><a class="btn btn-primary" href="/" role="button">&larr; Back to Webhook.site</a></p>
            <br>
            <p class="small muted">Copyright &copy; 2022 Webhook ApS</p>
        </div>
    </div>
</div>
</body>
</html>

[2023-07-06T19:10:31.513+0000] {http.py:122} INFO - Poking: 
[2023-07-06T19:10:31.560+0000] {base.py:73} INFO - Using connection ID 'treino_06_api_posts' for task execution.
[2023-07-06T19:10:32.479+0000] {http.py:170} ERROR - HTTP error: Not Found
[2023-07-06T19:10:32.481+0000] {http.py:171} ERROR - <!DOCTYPE html>
<html>
<head>
    <title>Error: Token not found - Webhook.site</title>
    <link href="/assets/css/libs/bootstrap.min.css" rel="stylesheet" crossorigin="anonymous">
    <link href="/css/app.css" rel="stylesheet">
</head>
<body>
<div class="container" style="padding: 40px">
    <div class="row">
        <div class="col-sm-4 col-sm-offset-4 text-center">
            <h1>Webhook.site Error</h1>
            <p class="lead">404 Token not found</p>
                        <p class="small">
                    The URL was deleted manually, or expired automatically.

    To avoid URLs expiring automatically, you can
    <a href="/register">upgrade to Webhook.site Pro or Enterprise</a>.
            </p>
                        <br>
            <p><a class="btn btn-primary" href="/" role="button">&larr; Back to Webhook.site</a></p>
            <br>
            <p class="small muted">Copyright &copy; 2022 Webhook ApS</p>
        </div>
    </div>
</div>
</body>
</html>

[2023-07-06T19:11:32.518+0000] {http.py:122} INFO - Poking: 
[2023-07-06T19:11:32.565+0000] {base.py:73} INFO - Using connection ID 'treino_06_api_posts' for task execution.
[2023-07-06T19:11:33.460+0000] {http.py:170} ERROR - HTTP error: Not Found
[2023-07-06T19:11:33.463+0000] {http.py:171} ERROR - <!DOCTYPE html>
<html>
<head>
    <title>Error: Token not found - Webhook.site</title>
    <link href="/assets/css/libs/bootstrap.min.css" rel="stylesheet" crossorigin="anonymous">
    <link href="/css/app.css" rel="stylesheet">
</head>
<body>
<div class="container" style="padding: 40px">
    <div class="row">
        <div class="col-sm-4 col-sm-offset-4 text-center">
            <h1>Webhook.site Error</h1>
            <p class="lead">404 Token not found</p>
                        <p class="small">
                    The URL was deleted manually, or expired automatically.

    To avoid URLs expiring automatically, you can
    <a href="/register">upgrade to Webhook.site Pro or Enterprise</a>.
            </p>
                        <br>
            <p><a class="btn btn-primary" href="/" role="button">&larr; Back to Webhook.site</a></p>
            <br>
            <p class="small muted">Copyright &copy; 2022 Webhook ApS</p>
        </div>
    </div>
</div>
</body>
</html>

[2023-07-06T19:12:33.525+0000] {http.py:122} INFO - Poking: 
[2023-07-06T19:12:33.551+0000] {base.py:73} INFO - Using connection ID 'treino_06_api_posts' for task execution.
[2023-07-06T19:12:35.527+0000] {http.py:170} ERROR - HTTP error: Not Found
[2023-07-06T19:12:35.532+0000] {http.py:171} ERROR - <!DOCTYPE html>
<html>
<head>
    <title>Error: Token not found - Webhook.site</title>
    <link href="/assets/css/libs/bootstrap.min.css" rel="stylesheet" crossorigin="anonymous">
    <link href="/css/app.css" rel="stylesheet">
</head>
<body>
<div class="container" style="padding: 40px">
    <div class="row">
        <div class="col-sm-4 col-sm-offset-4 text-center">
            <h1>Webhook.site Error</h1>
            <p class="lead">404 Token not found</p>
                        <p class="small">
                    The URL was deleted manually, or expired automatically.

    To avoid URLs expiring automatically, you can
    <a href="/register">upgrade to Webhook.site Pro or Enterprise</a>.
            </p>
                        <br>
            <p><a class="btn btn-primary" href="/" role="button">&larr; Back to Webhook.site</a></p>
            <br>
            <p class="small muted">Copyright &copy; 2022 Webhook ApS</p>
        </div>
    </div>
</div>
</body>
</html>

[2023-07-06T19:13:35.535+0000] {http.py:122} INFO - Poking: 
[2023-07-06T19:13:35.583+0000] {base.py:73} INFO - Using connection ID 'treino_06_api_posts' for task execution.
[2023-07-06T19:13:36.545+0000] {http.py:170} ERROR - HTTP error: Not Found
[2023-07-06T19:13:36.547+0000] {http.py:171} ERROR - <!DOCTYPE html>
<html>
<head>
    <title>Error: Token not found - Webhook.site</title>
    <link href="/assets/css/libs/bootstrap.min.css" rel="stylesheet" crossorigin="anonymous">
    <link href="/css/app.css" rel="stylesheet">
</head>
<body>
<div class="container" style="padding: 40px">
    <div class="row">
        <div class="col-sm-4 col-sm-offset-4 text-center">
            <h1>Webhook.site Error</h1>
            <p class="lead">404 Token not found</p>
                        <p class="small">
                    The URL was deleted manually, or expired automatically.

    To avoid URLs expiring automatically, you can
    <a href="/register">upgrade to Webhook.site Pro or Enterprise</a>.
            </p>
                        <br>
            <p><a class="btn btn-primary" href="/" role="button">&larr; Back to Webhook.site</a></p>
            <br>
            <p class="small muted">Copyright &copy; 2022 Webhook ApS</p>
        </div>
    </div>
</div>
</body>
</html>

[2023-07-06T19:14:36.564+0000] {http.py:122} INFO - Poking: 
[2023-07-06T19:14:36.616+0000] {base.py:73} INFO - Using connection ID 'treino_06_api_posts' for task execution.
[2023-07-06T19:14:37.581+0000] {http.py:170} ERROR - HTTP error: Not Found
[2023-07-06T19:14:37.583+0000] {http.py:171} ERROR - <!DOCTYPE html>
<html>
<head>
    <title>Error: Token not found - Webhook.site</title>
    <link href="/assets/css/libs/bootstrap.min.css" rel="stylesheet" crossorigin="anonymous">
    <link href="/css/app.css" rel="stylesheet">
</head>
<body>
<div class="container" style="padding: 40px">
    <div class="row">
        <div class="col-sm-4 col-sm-offset-4 text-center">
            <h1>Webhook.site Error</h1>
            <p class="lead">404 Token not found</p>
                        <p class="small">
                    The URL was deleted manually, or expired automatically.

    To avoid URLs expiring automatically, you can
    <a href="/register">upgrade to Webhook.site Pro or Enterprise</a>.
            </p>
                        <br>
            <p><a class="btn btn-primary" href="/" role="button">&larr; Back to Webhook.site</a></p>
            <br>
            <p class="small muted">Copyright &copy; 2022 Webhook ApS</p>
        </div>
    </div>
</div>
</body>
</html>

[2023-07-06T19:15:37.614+0000] {http.py:122} INFO - Poking: 
[2023-07-06T19:15:37.668+0000] {base.py:73} INFO - Using connection ID 'treino_06_api_posts' for task execution.
[2023-07-06T19:15:38.618+0000] {http.py:170} ERROR - HTTP error: Not Found
[2023-07-06T19:15:38.620+0000] {http.py:171} ERROR - <!DOCTYPE html>
<html>
<head>
    <title>Error: Token not found - Webhook.site</title>
    <link href="/assets/css/libs/bootstrap.min.css" rel="stylesheet" crossorigin="anonymous">
    <link href="/css/app.css" rel="stylesheet">
</head>
<body>
<div class="container" style="padding: 40px">
    <div class="row">
        <div class="col-sm-4 col-sm-offset-4 text-center">
            <h1>Webhook.site Error</h1>
            <p class="lead">404 Token not found</p>
                        <p class="small">
                    The URL was deleted manually, or expired automatically.

    To avoid URLs expiring automatically, you can
    <a href="/register">upgrade to Webhook.site Pro or Enterprise</a>.
            </p>
                        <br>
            <p><a class="btn btn-primary" href="/" role="button">&larr; Back to Webhook.site</a></p>
            <br>
            <p class="small muted">Copyright &copy; 2022 Webhook ApS</p>
        </div>
    </div>
</div>
</body>
</html>

[2023-07-06T19:16:38.684+0000] {http.py:122} INFO - Poking: 
[2023-07-06T19:16:38.730+0000] {base.py:73} INFO - Using connection ID 'treino_06_api_posts' for task execution.
[2023-07-06T19:16:39.744+0000] {http.py:170} ERROR - HTTP error: Not Found
[2023-07-06T19:16:39.747+0000] {http.py:171} ERROR - <!DOCTYPE html>
<html>
<head>
    <title>Error: Token not found - Webhook.site</title>
    <link href="/assets/css/libs/bootstrap.min.css" rel="stylesheet" crossorigin="anonymous">
    <link href="/css/app.css" rel="stylesheet">
</head>
<body>
<div class="container" style="padding: 40px">
    <div class="row">
        <div class="col-sm-4 col-sm-offset-4 text-center">
            <h1>Webhook.site Error</h1>
            <p class="lead">404 Token not found</p>
                        <p class="small">
                    The URL was deleted manually, or expired automatically.

    To avoid URLs expiring automatically, you can
    <a href="/register">upgrade to Webhook.site Pro or Enterprise</a>.
            </p>
                        <br>
            <p><a class="btn btn-primary" href="/" role="button">&larr; Back to Webhook.site</a></p>
            <br>
            <p class="small muted">Copyright &copy; 2022 Webhook ApS</p>
        </div>
    </div>
</div>
</body>
</html>

[2023-07-06T19:17:39.808+0000] {http.py:122} INFO - Poking: 
[2023-07-06T19:17:39.854+0000] {base.py:73} INFO - Using connection ID 'treino_06_api_posts' for task execution.
[2023-07-06T19:17:40.866+0000] {http.py:170} ERROR - HTTP error: Not Found
[2023-07-06T19:17:40.870+0000] {http.py:171} ERROR - <!DOCTYPE html>
<html>
<head>
    <title>Error: Token not found - Webhook.site</title>
    <link href="/assets/css/libs/bootstrap.min.css" rel="stylesheet" crossorigin="anonymous">
    <link href="/css/app.css" rel="stylesheet">
</head>
<body>
<div class="container" style="padding: 40px">
    <div class="row">
        <div class="col-sm-4 col-sm-offset-4 text-center">
            <h1>Webhook.site Error</h1>
            <p class="lead">404 Token not found</p>
                        <p class="small">
                    The URL was deleted manually, or expired automatically.

    To avoid URLs expiring automatically, you can
    <a href="/register">upgrade to Webhook.site Pro or Enterprise</a>.
            </p>
                        <br>
            <p><a class="btn btn-primary" href="/" role="button">&larr; Back to Webhook.site</a></p>
            <br>
            <p class="small muted">Copyright &copy; 2022 Webhook ApS</p>
        </div>
    </div>
</div>
</body>
</html>

[2023-07-06T19:18:40.888+0000] {http.py:122} INFO - Poking: 
[2023-07-06T19:18:40.955+0000] {base.py:73} INFO - Using connection ID 'treino_06_api_posts' for task execution.
[2023-07-06T19:19:55.987+0000] {http.py:215} WARNING - HTTPSConnectionPool(host='webhook.site', port=443): Max retries exceeded with url: /b02b6e97-2602-4b5b-acfe-fbcd97e2dd85 (Caused by NewConnectionError('<urllib3.connection.HTTPSConnection object at 0xffffa11fdc90>: Failed to establish a new connection: [Errno 111] Connection refused')) Tenacity will retry to execute the operation
[2023-07-06T19:19:56.033+0000] {taskinstance.py:1776} ERROR - Task failed with exception
Traceback (most recent call last):
  File "/home/airflow/.local/lib/python3.7/site-packages/urllib3/connection.py", line 175, in _new_conn
    (self._dns_host, self.port), self.timeout, **extra_kw
  File "/home/airflow/.local/lib/python3.7/site-packages/urllib3/util/connection.py", line 95, in create_connection
    raise err
  File "/home/airflow/.local/lib/python3.7/site-packages/urllib3/util/connection.py", line 85, in create_connection
    sock.connect(sa)
ConnectionRefusedError: [Errno 111] Connection refused

During handling of the above exception, another exception occurred:

Traceback (most recent call last):
  File "/home/airflow/.local/lib/python3.7/site-packages/urllib3/connectionpool.py", line 710, in urlopen
    chunked=chunked,
  File "/home/airflow/.local/lib/python3.7/site-packages/urllib3/connectionpool.py", line 386, in _make_request
    self._validate_conn(conn)
  File "/home/airflow/.local/lib/python3.7/site-packages/urllib3/connectionpool.py", line 1042, in _validate_conn
    conn.connect()
  File "/home/airflow/.local/lib/python3.7/site-packages/urllib3/connection.py", line 363, in connect
    self.sock = conn = self._new_conn()
  File "/home/airflow/.local/lib/python3.7/site-packages/urllib3/connection.py", line 187, in _new_conn
    self, "Failed to establish a new connection: %s" % e
urllib3.exceptions.NewConnectionError: <urllib3.connection.HTTPSConnection object at 0xffffa11fdc90>: Failed to establish a new connection: [Errno 111] Connection refused

During handling of the above exception, another exception occurred:

Traceback (most recent call last):
  File "/home/airflow/.local/lib/python3.7/site-packages/requests/adapters.py", line 499, in send
    timeout=timeout,
  File "/home/airflow/.local/lib/python3.7/site-packages/urllib3/connectionpool.py", line 788, in urlopen
    method, url, error=e, _pool=self, _stacktrace=sys.exc_info()[2]
  File "/home/airflow/.local/lib/python3.7/site-packages/urllib3/util/retry.py", line 592, in increment
    raise MaxRetryError(_pool, url, error or ResponseError(cause))
urllib3.exceptions.MaxRetryError: HTTPSConnectionPool(host='webhook.site', port=443): Max retries exceeded with url: /b02b6e97-2602-4b5b-acfe-fbcd97e2dd85 (Caused by NewConnectionError('<urllib3.connection.HTTPSConnection object at 0xffffa11fdc90>: Failed to establish a new connection: [Errno 111] Connection refused'))

During handling of the above exception, another exception occurred:

Traceback (most recent call last):
  File "/home/airflow/.local/lib/python3.7/site-packages/airflow/sensors/base.py", line 199, in execute
    poke_return = self.poke(context)
  File "/home/airflow/.local/lib/python3.7/site-packages/airflow/providers/http/sensors/http.py", line 128, in poke
    extra_options=self.extra_options,
  File "/home/airflow/.local/lib/python3.7/site-packages/airflow/providers/http/hooks/http.py", line 158, in run
    return self.run_and_check(session, prepped_request, extra_options)
  File "/home/airflow/.local/lib/python3.7/site-packages/airflow/providers/http/hooks/http.py", line 216, in run_and_check
    raise ex
  File "/home/airflow/.local/lib/python3.7/site-packages/airflow/providers/http/hooks/http.py", line 208, in run_and_check
    response = session.send(prepped_request, **send_kwargs)
  File "/home/airflow/.local/lib/python3.7/site-packages/requests/sessions.py", line 701, in send
    r = adapter.send(request, **kwargs)
  File "/home/airflow/.local/lib/python3.7/site-packages/requests/adapters.py", line 565, in send
    raise ConnectionError(e, request=request)
requests.exceptions.ConnectionError: HTTPSConnectionPool(host='webhook.site', port=443): Max retries exceeded with url: /b02b6e97-2602-4b5b-acfe-fbcd97e2dd85 (Caused by NewConnectionError('<urllib3.connection.HTTPSConnection object at 0xffffa11fdc90>: Failed to establish a new connection: [Errno 111] Connection refused'))
[2023-07-06T19:19:56.096+0000] {taskinstance.py:1332} INFO - Marking task as FAILED. dag_id=treino-06, task_id=is_api-active, execution_date=20230705T000000, start_date=20230706T184059, end_date=20230706T191956
[2023-07-06T19:19:56.157+0000] {standard_task_runner.py:105} ERROR - Failed to execute job 559 for task is_api-active (HTTPSConnectionPool(host='webhook.site', port=443): Max retries exceeded with url: /b02b6e97-2602-4b5b-acfe-fbcd97e2dd85 (Caused by NewConnectionError('<urllib3.connection.HTTPSConnection object at 0xffffa11fdc90>: Failed to establish a new connection: [Errno 111] Connection refused')); 54)
[2023-07-06T19:19:56.241+0000] {local_task_job.py:212} INFO - Task exited with return code 1
[2023-07-06T19:19:56.287+0000] {taskinstance.py:2596} INFO - 0 downstream tasks scheduled from follow-on schedule check
