[2023-05-27T16:41:21.008+0000] {processor.py:153} INFO - Started process (PID=37) to work on /opt/airflow/dags/treino03.py
[2023-05-27T16:41:21.010+0000] {processor.py:743} INFO - Processing file /opt/airflow/dags/treino03.py for tasks to queue
[2023-05-27T16:41:21.014+0000] {logging_mixin.py:137} INFO - [2023-05-27T16:41:21.014+0000] {dagbag.py:532} INFO - Filling up the DagBag from /opt/airflow/dags/treino03.py
[2023-05-27T16:41:21.074+0000] {processor.py:753} INFO - DAG(s) dict_keys(['treino-03']) retrieved from /opt/airflow/dags/treino03.py
[2023-05-27T16:41:21.129+0000] {logging_mixin.py:137} INFO - [2023-05-27T16:41:21.129+0000] {dag.py:2705} INFO - Sync 1 DAGs
[2023-05-27T16:41:21.205+0000] {logging_mixin.py:137} INFO - [2023-05-27T16:41:21.205+0000] {dag.py:3456} INFO - Setting next_dagrun for treino-03 to 2022-01-21T00:00:00+00:00, run_after=2022-01-22T00:00:00+00:00
[2023-05-27T16:41:21.235+0000] {processor.py:175} INFO - Processing /opt/airflow/dags/treino03.py took 0.233 seconds
[2023-05-27T16:41:51.996+0000] {processor.py:153} INFO - Started process (PID=94) to work on /opt/airflow/dags/treino03.py
[2023-05-27T16:41:51.997+0000] {processor.py:743} INFO - Processing file /opt/airflow/dags/treino03.py for tasks to queue
[2023-05-27T16:41:51.998+0000] {logging_mixin.py:137} INFO - [2023-05-27T16:41:51.998+0000] {dagbag.py:532} INFO - Filling up the DagBag from /opt/airflow/dags/treino03.py
[2023-05-27T16:41:52.027+0000] {processor.py:753} INFO - DAG(s) dict_keys(['treino-03']) retrieved from /opt/airflow/dags/treino03.py
[2023-05-27T16:41:52.053+0000] {logging_mixin.py:137} INFO - [2023-05-27T16:41:52.053+0000] {dag.py:2705} INFO - Sync 1 DAGs
[2023-05-27T16:41:52.080+0000] {logging_mixin.py:137} INFO - [2023-05-27T16:41:52.080+0000] {dag.py:3456} INFO - Setting next_dagrun for treino-03 to 2022-01-21T00:00:00+00:00, run_after=2022-01-22T00:00:00+00:00
[2023-05-27T16:41:52.104+0000] {processor.py:175} INFO - Processing /opt/airflow/dags/treino03.py took 0.113 seconds
[2023-05-27T16:42:22.858+0000] {processor.py:153} INFO - Started process (PID=151) to work on /opt/airflow/dags/treino03.py
[2023-05-27T16:42:22.860+0000] {processor.py:743} INFO - Processing file /opt/airflow/dags/treino03.py for tasks to queue
[2023-05-27T16:42:22.861+0000] {logging_mixin.py:137} INFO - [2023-05-27T16:42:22.860+0000] {dagbag.py:532} INFO - Filling up the DagBag from /opt/airflow/dags/treino03.py
[2023-05-27T16:42:22.886+0000] {processor.py:753} INFO - DAG(s) dict_keys(['treino-03']) retrieved from /opt/airflow/dags/treino03.py
[2023-05-27T16:42:22.912+0000] {logging_mixin.py:137} INFO - [2023-05-27T16:42:22.911+0000] {dag.py:2705} INFO - Sync 1 DAGs
[2023-05-27T16:42:22.934+0000] {logging_mixin.py:137} INFO - [2023-05-27T16:42:22.933+0000] {dag.py:3456} INFO - Setting next_dagrun for treino-03 to 2022-01-21T00:00:00+00:00, run_after=2022-01-22T00:00:00+00:00
[2023-05-27T16:42:22.948+0000] {processor.py:175} INFO - Processing /opt/airflow/dags/treino03.py took 0.093 seconds
[2023-05-27T16:42:53.304+0000] {processor.py:153} INFO - Started process (PID=208) to work on /opt/airflow/dags/treino03.py
[2023-05-27T16:42:53.306+0000] {processor.py:743} INFO - Processing file /opt/airflow/dags/treino03.py for tasks to queue
[2023-05-27T16:42:53.307+0000] {logging_mixin.py:137} INFO - [2023-05-27T16:42:53.307+0000] {dagbag.py:532} INFO - Filling up the DagBag from /opt/airflow/dags/treino03.py
[2023-05-27T16:42:53.332+0000] {processor.py:753} INFO - DAG(s) dict_keys(['treino-03']) retrieved from /opt/airflow/dags/treino03.py
[2023-05-27T16:42:53.357+0000] {logging_mixin.py:137} INFO - [2023-05-27T16:42:53.357+0000] {dag.py:2705} INFO - Sync 1 DAGs
[2023-05-27T16:42:53.379+0000] {logging_mixin.py:137} INFO - [2023-05-27T16:42:53.378+0000] {dag.py:3456} INFO - Setting next_dagrun for treino-03 to 2022-01-21T00:00:00+00:00, run_after=2022-01-22T00:00:00+00:00
[2023-05-27T16:42:53.395+0000] {processor.py:175} INFO - Processing /opt/airflow/dags/treino03.py took 0.094 seconds
[2023-05-27T16:43:23.666+0000] {processor.py:153} INFO - Started process (PID=266) to work on /opt/airflow/dags/treino03.py
[2023-05-27T16:43:23.671+0000] {processor.py:743} INFO - Processing file /opt/airflow/dags/treino03.py for tasks to queue
[2023-05-27T16:43:23.672+0000] {logging_mixin.py:137} INFO - [2023-05-27T16:43:23.672+0000] {dagbag.py:532} INFO - Filling up the DagBag from /opt/airflow/dags/treino03.py
[2023-05-27T16:43:23.702+0000] {processor.py:753} INFO - DAG(s) dict_keys(['treino-03']) retrieved from /opt/airflow/dags/treino03.py
[2023-05-27T16:43:23.733+0000] {logging_mixin.py:137} INFO - [2023-05-27T16:43:23.733+0000] {dag.py:2705} INFO - Sync 1 DAGs
[2023-05-27T16:43:23.764+0000] {logging_mixin.py:137} INFO - [2023-05-27T16:43:23.764+0000] {dag.py:3456} INFO - Setting next_dagrun for treino-03 to 2022-01-21T00:00:00+00:00, run_after=2022-01-22T00:00:00+00:00
[2023-05-27T16:43:23.794+0000] {processor.py:175} INFO - Processing /opt/airflow/dags/treino03.py took 0.132 seconds
[2023-05-27T16:43:54.061+0000] {processor.py:153} INFO - Started process (PID=322) to work on /opt/airflow/dags/treino03.py
[2023-05-27T16:43:54.063+0000] {processor.py:743} INFO - Processing file /opt/airflow/dags/treino03.py for tasks to queue
[2023-05-27T16:43:54.064+0000] {logging_mixin.py:137} INFO - [2023-05-27T16:43:54.064+0000] {dagbag.py:532} INFO - Filling up the DagBag from /opt/airflow/dags/treino03.py
[2023-05-27T16:43:54.099+0000] {processor.py:753} INFO - DAG(s) dict_keys(['treino-03']) retrieved from /opt/airflow/dags/treino03.py
[2023-05-27T16:43:54.125+0000] {logging_mixin.py:137} INFO - [2023-05-27T16:43:54.124+0000] {dag.py:2705} INFO - Sync 1 DAGs
[2023-05-27T16:43:54.147+0000] {logging_mixin.py:137} INFO - [2023-05-27T16:43:54.146+0000] {dag.py:3456} INFO - Setting next_dagrun for treino-03 to 2022-01-21T00:00:00+00:00, run_after=2022-01-22T00:00:00+00:00
[2023-05-27T16:43:54.160+0000] {processor.py:175} INFO - Processing /opt/airflow/dags/treino03.py took 0.103 seconds
[2023-05-27T16:44:24.325+0000] {processor.py:153} INFO - Started process (PID=379) to work on /opt/airflow/dags/treino03.py
[2023-05-27T16:44:24.327+0000] {processor.py:743} INFO - Processing file /opt/airflow/dags/treino03.py for tasks to queue
[2023-05-27T16:44:24.328+0000] {logging_mixin.py:137} INFO - [2023-05-27T16:44:24.328+0000] {dagbag.py:532} INFO - Filling up the DagBag from /opt/airflow/dags/treino03.py
[2023-05-27T16:44:24.360+0000] {processor.py:753} INFO - DAG(s) dict_keys(['treino-03']) retrieved from /opt/airflow/dags/treino03.py
[2023-05-27T16:44:24.395+0000] {logging_mixin.py:137} INFO - [2023-05-27T16:44:24.395+0000] {dag.py:2705} INFO - Sync 1 DAGs
[2023-05-27T16:44:24.428+0000] {logging_mixin.py:137} INFO - [2023-05-27T16:44:24.427+0000] {dag.py:3456} INFO - Setting next_dagrun for treino-03 to 2022-01-21T00:00:00+00:00, run_after=2022-01-22T00:00:00+00:00
[2023-05-27T16:44:24.454+0000] {processor.py:175} INFO - Processing /opt/airflow/dags/treino03.py took 0.135 seconds
[2023-05-27T16:44:55.012+0000] {processor.py:153} INFO - Started process (PID=436) to work on /opt/airflow/dags/treino03.py
[2023-05-27T16:44:55.013+0000] {processor.py:743} INFO - Processing file /opt/airflow/dags/treino03.py for tasks to queue
[2023-05-27T16:44:55.014+0000] {logging_mixin.py:137} INFO - [2023-05-27T16:44:55.014+0000] {dagbag.py:532} INFO - Filling up the DagBag from /opt/airflow/dags/treino03.py
[2023-05-27T16:44:55.039+0000] {processor.py:753} INFO - DAG(s) dict_keys(['treino-03']) retrieved from /opt/airflow/dags/treino03.py
[2023-05-27T16:44:55.063+0000] {logging_mixin.py:137} INFO - [2023-05-27T16:44:55.063+0000] {dag.py:2705} INFO - Sync 1 DAGs
[2023-05-27T16:44:55.086+0000] {logging_mixin.py:137} INFO - [2023-05-27T16:44:55.086+0000] {dag.py:3456} INFO - Setting next_dagrun for treino-03 to 2022-01-21T00:00:00+00:00, run_after=2022-01-22T00:00:00+00:00
[2023-05-27T16:44:55.100+0000] {processor.py:175} INFO - Processing /opt/airflow/dags/treino03.py took 0.092 seconds
[2023-05-27T16:45:25.672+0000] {processor.py:153} INFO - Started process (PID=493) to work on /opt/airflow/dags/treino03.py
[2023-05-27T16:45:25.673+0000] {processor.py:743} INFO - Processing file /opt/airflow/dags/treino03.py for tasks to queue
[2023-05-27T16:45:25.675+0000] {logging_mixin.py:137} INFO - [2023-05-27T16:45:25.675+0000] {dagbag.py:532} INFO - Filling up the DagBag from /opt/airflow/dags/treino03.py
[2023-05-27T16:45:25.699+0000] {processor.py:753} INFO - DAG(s) dict_keys(['treino-03']) retrieved from /opt/airflow/dags/treino03.py
[2023-05-27T16:45:25.723+0000] {logging_mixin.py:137} INFO - [2023-05-27T16:45:25.723+0000] {dag.py:2705} INFO - Sync 1 DAGs
[2023-05-27T16:45:25.746+0000] {logging_mixin.py:137} INFO - [2023-05-27T16:45:25.746+0000] {dag.py:3456} INFO - Setting next_dagrun for treino-03 to 2022-01-21T00:00:00+00:00, run_after=2022-01-22T00:00:00+00:00
[2023-05-27T16:45:25.759+0000] {processor.py:175} INFO - Processing /opt/airflow/dags/treino03.py took 0.091 seconds
[2023-05-27T16:45:56.306+0000] {processor.py:153} INFO - Started process (PID=550) to work on /opt/airflow/dags/treino03.py
[2023-05-27T16:45:56.307+0000] {processor.py:743} INFO - Processing file /opt/airflow/dags/treino03.py for tasks to queue
[2023-05-27T16:45:56.308+0000] {logging_mixin.py:137} INFO - [2023-05-27T16:45:56.308+0000] {dagbag.py:532} INFO - Filling up the DagBag from /opt/airflow/dags/treino03.py
[2023-05-27T16:45:56.333+0000] {processor.py:753} INFO - DAG(s) dict_keys(['treino-03']) retrieved from /opt/airflow/dags/treino03.py
[2023-05-27T16:45:56.358+0000] {logging_mixin.py:137} INFO - [2023-05-27T16:45:56.358+0000] {dag.py:2705} INFO - Sync 1 DAGs
[2023-05-27T16:45:56.379+0000] {logging_mixin.py:137} INFO - [2023-05-27T16:45:56.379+0000] {dag.py:3456} INFO - Setting next_dagrun for treino-03 to 2022-01-21T00:00:00+00:00, run_after=2022-01-22T00:00:00+00:00
[2023-05-27T16:45:56.394+0000] {processor.py:175} INFO - Processing /opt/airflow/dags/treino03.py took 0.092 seconds
[2023-05-27T16:46:26.777+0000] {processor.py:153} INFO - Started process (PID=607) to work on /opt/airflow/dags/treino03.py
[2023-05-27T16:46:26.778+0000] {processor.py:743} INFO - Processing file /opt/airflow/dags/treino03.py for tasks to queue
[2023-05-27T16:46:26.779+0000] {logging_mixin.py:137} INFO - [2023-05-27T16:46:26.779+0000] {dagbag.py:532} INFO - Filling up the DagBag from /opt/airflow/dags/treino03.py
[2023-05-27T16:46:26.804+0000] {processor.py:753} INFO - DAG(s) dict_keys(['treino-03']) retrieved from /opt/airflow/dags/treino03.py
[2023-05-27T16:46:26.828+0000] {logging_mixin.py:137} INFO - [2023-05-27T16:46:26.828+0000] {dag.py:2705} INFO - Sync 1 DAGs
[2023-05-27T16:46:26.849+0000] {logging_mixin.py:137} INFO - [2023-05-27T16:46:26.849+0000] {dag.py:3456} INFO - Setting next_dagrun for treino-03 to 2022-01-21T00:00:00+00:00, run_after=2022-01-22T00:00:00+00:00
[2023-05-27T16:46:26.865+0000] {processor.py:175} INFO - Processing /opt/airflow/dags/treino03.py took 0.092 seconds
[2023-05-27T16:46:57.235+0000] {processor.py:153} INFO - Started process (PID=664) to work on /opt/airflow/dags/treino03.py
[2023-05-27T16:46:57.237+0000] {processor.py:743} INFO - Processing file /opt/airflow/dags/treino03.py for tasks to queue
[2023-05-27T16:46:57.238+0000] {logging_mixin.py:137} INFO - [2023-05-27T16:46:57.237+0000] {dagbag.py:532} INFO - Filling up the DagBag from /opt/airflow/dags/treino03.py
[2023-05-27T16:46:57.261+0000] {processor.py:753} INFO - DAG(s) dict_keys(['treino-03']) retrieved from /opt/airflow/dags/treino03.py
[2023-05-27T16:46:57.286+0000] {logging_mixin.py:137} INFO - [2023-05-27T16:46:57.286+0000] {dag.py:2705} INFO - Sync 1 DAGs
[2023-05-27T16:46:57.308+0000] {logging_mixin.py:137} INFO - [2023-05-27T16:46:57.308+0000] {dag.py:3456} INFO - Setting next_dagrun for treino-03 to 2022-01-21T00:00:00+00:00, run_after=2022-01-22T00:00:00+00:00
[2023-05-27T16:46:57.322+0000] {processor.py:175} INFO - Processing /opt/airflow/dags/treino03.py took 0.091 seconds
[2023-05-27T16:47:28.118+0000] {processor.py:153} INFO - Started process (PID=721) to work on /opt/airflow/dags/treino03.py
[2023-05-27T16:47:28.120+0000] {processor.py:743} INFO - Processing file /opt/airflow/dags/treino03.py for tasks to queue
[2023-05-27T16:47:28.122+0000] {logging_mixin.py:137} INFO - [2023-05-27T16:47:28.122+0000] {dagbag.py:532} INFO - Filling up the DagBag from /opt/airflow/dags/treino03.py
[2023-05-27T16:47:28.159+0000] {processor.py:753} INFO - DAG(s) dict_keys(['treino-03']) retrieved from /opt/airflow/dags/treino03.py
[2023-05-27T16:47:28.190+0000] {logging_mixin.py:137} INFO - [2023-05-27T16:47:28.190+0000] {dag.py:2705} INFO - Sync 1 DAGs
[2023-05-27T16:47:28.215+0000] {logging_mixin.py:137} INFO - [2023-05-27T16:47:28.214+0000] {dag.py:3456} INFO - Setting next_dagrun for treino-03 to 2022-01-21T00:00:00+00:00, run_after=2022-01-22T00:00:00+00:00
[2023-05-27T16:47:28.230+0000] {processor.py:175} INFO - Processing /opt/airflow/dags/treino03.py took 0.119 seconds
[2023-05-27T16:47:58.767+0000] {processor.py:153} INFO - Started process (PID=778) to work on /opt/airflow/dags/treino03.py
[2023-05-27T16:47:58.769+0000] {processor.py:743} INFO - Processing file /opt/airflow/dags/treino03.py for tasks to queue
[2023-05-27T16:47:58.769+0000] {logging_mixin.py:137} INFO - [2023-05-27T16:47:58.769+0000] {dagbag.py:532} INFO - Filling up the DagBag from /opt/airflow/dags/treino03.py
[2023-05-27T16:47:58.794+0000] {processor.py:753} INFO - DAG(s) dict_keys(['treino-03']) retrieved from /opt/airflow/dags/treino03.py
[2023-05-27T16:47:58.818+0000] {logging_mixin.py:137} INFO - [2023-05-27T16:47:58.818+0000] {dag.py:2705} INFO - Sync 1 DAGs
[2023-05-27T16:47:58.839+0000] {logging_mixin.py:137} INFO - [2023-05-27T16:47:58.839+0000] {dag.py:3456} INFO - Setting next_dagrun for treino-03 to 2022-01-21T00:00:00+00:00, run_after=2022-01-22T00:00:00+00:00
[2023-05-27T16:47:58.853+0000] {processor.py:175} INFO - Processing /opt/airflow/dags/treino03.py took 0.089 seconds
[2023-05-27T16:48:29.301+0000] {processor.py:153} INFO - Started process (PID=835) to work on /opt/airflow/dags/treino03.py
[2023-05-27T16:48:29.302+0000] {processor.py:743} INFO - Processing file /opt/airflow/dags/treino03.py for tasks to queue
[2023-05-27T16:48:29.303+0000] {logging_mixin.py:137} INFO - [2023-05-27T16:48:29.303+0000] {dagbag.py:532} INFO - Filling up the DagBag from /opt/airflow/dags/treino03.py
[2023-05-27T16:48:29.327+0000] {processor.py:753} INFO - DAG(s) dict_keys(['treino-03']) retrieved from /opt/airflow/dags/treino03.py
[2023-05-27T16:48:29.351+0000] {logging_mixin.py:137} INFO - [2023-05-27T16:48:29.351+0000] {dag.py:2705} INFO - Sync 1 DAGs
[2023-05-27T16:48:29.373+0000] {logging_mixin.py:137} INFO - [2023-05-27T16:48:29.373+0000] {dag.py:3456} INFO - Setting next_dagrun for treino-03 to 2022-01-21T00:00:00+00:00, run_after=2022-01-22T00:00:00+00:00
[2023-05-27T16:48:29.388+0000] {processor.py:175} INFO - Processing /opt/airflow/dags/treino03.py took 0.092 seconds
[2023-05-27T16:49:00.089+0000] {processor.py:153} INFO - Started process (PID=892) to work on /opt/airflow/dags/treino03.py
[2023-05-27T16:49:00.092+0000] {processor.py:743} INFO - Processing file /opt/airflow/dags/treino03.py for tasks to queue
[2023-05-27T16:49:00.093+0000] {logging_mixin.py:137} INFO - [2023-05-27T16:49:00.092+0000] {dagbag.py:532} INFO - Filling up the DagBag from /opt/airflow/dags/treino03.py
[2023-05-27T16:49:00.120+0000] {processor.py:753} INFO - DAG(s) dict_keys(['treino-03']) retrieved from /opt/airflow/dags/treino03.py
[2023-05-27T16:49:00.148+0000] {logging_mixin.py:137} INFO - [2023-05-27T16:49:00.148+0000] {dag.py:2705} INFO - Sync 1 DAGs
[2023-05-27T16:49:00.172+0000] {logging_mixin.py:137} INFO - [2023-05-27T16:49:00.172+0000] {dag.py:3456} INFO - Setting next_dagrun for treino-03 to 2022-01-21T00:00:00+00:00, run_after=2022-01-22T00:00:00+00:00
[2023-05-27T16:49:00.186+0000] {processor.py:175} INFO - Processing /opt/airflow/dags/treino03.py took 0.102 seconds
[2023-05-27T16:49:30.554+0000] {processor.py:153} INFO - Started process (PID=949) to work on /opt/airflow/dags/treino03.py
[2023-05-27T16:49:30.555+0000] {processor.py:743} INFO - Processing file /opt/airflow/dags/treino03.py for tasks to queue
[2023-05-27T16:49:30.556+0000] {logging_mixin.py:137} INFO - [2023-05-27T16:49:30.556+0000] {dagbag.py:532} INFO - Filling up the DagBag from /opt/airflow/dags/treino03.py
[2023-05-27T16:49:30.581+0000] {processor.py:753} INFO - DAG(s) dict_keys(['treino-03']) retrieved from /opt/airflow/dags/treino03.py
[2023-05-27T16:49:30.607+0000] {logging_mixin.py:137} INFO - [2023-05-27T16:49:30.607+0000] {dag.py:2705} INFO - Sync 1 DAGs
[2023-05-27T16:49:30.630+0000] {logging_mixin.py:137} INFO - [2023-05-27T16:49:30.630+0000] {dag.py:3456} INFO - Setting next_dagrun for treino-03 to 2022-01-21T00:00:00+00:00, run_after=2022-01-22T00:00:00+00:00
[2023-05-27T16:49:30.644+0000] {processor.py:175} INFO - Processing /opt/airflow/dags/treino03.py took 0.094 seconds
[2023-05-27T16:50:00.811+0000] {processor.py:153} INFO - Started process (PID=1006) to work on /opt/airflow/dags/treino03.py
[2023-05-27T16:50:00.813+0000] {processor.py:743} INFO - Processing file /opt/airflow/dags/treino03.py for tasks to queue
[2023-05-27T16:50:00.814+0000] {logging_mixin.py:137} INFO - [2023-05-27T16:50:00.814+0000] {dagbag.py:532} INFO - Filling up the DagBag from /opt/airflow/dags/treino03.py
[2023-05-27T16:50:00.839+0000] {processor.py:753} INFO - DAG(s) dict_keys(['treino-03']) retrieved from /opt/airflow/dags/treino03.py
[2023-05-27T16:50:00.866+0000] {logging_mixin.py:137} INFO - [2023-05-27T16:50:00.866+0000] {dag.py:2705} INFO - Sync 1 DAGs
[2023-05-27T16:50:00.887+0000] {logging_mixin.py:137} INFO - [2023-05-27T16:50:00.887+0000] {dag.py:3456} INFO - Setting next_dagrun for treino-03 to 2022-01-21T00:00:00+00:00, run_after=2022-01-22T00:00:00+00:00
[2023-05-27T16:50:00.902+0000] {processor.py:175} INFO - Processing /opt/airflow/dags/treino03.py took 0.095 seconds
[2023-05-27T16:50:31.139+0000] {processor.py:153} INFO - Started process (PID=1064) to work on /opt/airflow/dags/treino03.py
[2023-05-27T16:50:31.141+0000] {processor.py:743} INFO - Processing file /opt/airflow/dags/treino03.py for tasks to queue
[2023-05-27T16:50:31.142+0000] {logging_mixin.py:137} INFO - [2023-05-27T16:50:31.142+0000] {dagbag.py:532} INFO - Filling up the DagBag from /opt/airflow/dags/treino03.py
[2023-05-27T16:50:31.165+0000] {processor.py:753} INFO - DAG(s) dict_keys(['treino-03']) retrieved from /opt/airflow/dags/treino03.py
[2023-05-27T16:50:31.191+0000] {logging_mixin.py:137} INFO - [2023-05-27T16:50:31.190+0000] {dag.py:2705} INFO - Sync 1 DAGs
[2023-05-27T16:50:31.216+0000] {logging_mixin.py:137} INFO - [2023-05-27T16:50:31.216+0000] {dag.py:3456} INFO - Setting next_dagrun for treino-03 to 2022-01-21T00:00:00+00:00, run_after=2022-01-22T00:00:00+00:00
[2023-05-27T16:50:31.230+0000] {processor.py:175} INFO - Processing /opt/airflow/dags/treino03.py took 0.094 seconds
[2023-05-27T16:51:01.347+0000] {processor.py:153} INFO - Started process (PID=1121) to work on /opt/airflow/dags/treino03.py
[2023-05-27T16:51:01.348+0000] {processor.py:743} INFO - Processing file /opt/airflow/dags/treino03.py for tasks to queue
[2023-05-27T16:51:01.349+0000] {logging_mixin.py:137} INFO - [2023-05-27T16:51:01.349+0000] {dagbag.py:532} INFO - Filling up the DagBag from /opt/airflow/dags/treino03.py
[2023-05-27T16:51:01.373+0000] {processor.py:753} INFO - DAG(s) dict_keys(['treino-03']) retrieved from /opt/airflow/dags/treino03.py
[2023-05-27T16:51:01.397+0000] {logging_mixin.py:137} INFO - [2023-05-27T16:51:01.397+0000] {dag.py:2705} INFO - Sync 1 DAGs
[2023-05-27T16:51:01.420+0000] {logging_mixin.py:137} INFO - [2023-05-27T16:51:01.420+0000] {dag.py:3456} INFO - Setting next_dagrun for treino-03 to 2022-01-21T00:00:00+00:00, run_after=2022-01-22T00:00:00+00:00
[2023-05-27T16:51:01.436+0000] {processor.py:175} INFO - Processing /opt/airflow/dags/treino03.py took 0.092 seconds
[2023-05-27T16:51:31.528+0000] {processor.py:153} INFO - Started process (PID=1178) to work on /opt/airflow/dags/treino03.py
[2023-05-27T16:51:31.529+0000] {processor.py:743} INFO - Processing file /opt/airflow/dags/treino03.py for tasks to queue
[2023-05-27T16:51:31.530+0000] {logging_mixin.py:137} INFO - [2023-05-27T16:51:31.530+0000] {dagbag.py:532} INFO - Filling up the DagBag from /opt/airflow/dags/treino03.py
[2023-05-27T16:51:31.554+0000] {processor.py:753} INFO - DAG(s) dict_keys(['treino-03']) retrieved from /opt/airflow/dags/treino03.py
[2023-05-27T16:51:31.583+0000] {logging_mixin.py:137} INFO - [2023-05-27T16:51:31.583+0000] {dag.py:2705} INFO - Sync 1 DAGs
[2023-05-27T16:51:31.619+0000] {logging_mixin.py:137} INFO - [2023-05-27T16:51:31.618+0000] {dag.py:3456} INFO - Setting next_dagrun for treino-03 to 2022-01-21T00:00:00+00:00, run_after=2022-01-22T00:00:00+00:00
[2023-05-27T16:51:31.655+0000] {processor.py:175} INFO - Processing /opt/airflow/dags/treino03.py took 0.132 seconds
[2023-05-27T16:52:02.561+0000] {processor.py:153} INFO - Started process (PID=1234) to work on /opt/airflow/dags/treino03.py
[2023-05-27T16:52:02.563+0000] {processor.py:743} INFO - Processing file /opt/airflow/dags/treino03.py for tasks to queue
[2023-05-27T16:52:02.563+0000] {logging_mixin.py:137} INFO - [2023-05-27T16:52:02.563+0000] {dagbag.py:532} INFO - Filling up the DagBag from /opt/airflow/dags/treino03.py
[2023-05-27T16:52:02.587+0000] {processor.py:753} INFO - DAG(s) dict_keys(['treino-03']) retrieved from /opt/airflow/dags/treino03.py
[2023-05-27T16:52:02.611+0000] {logging_mixin.py:137} INFO - [2023-05-27T16:52:02.611+0000] {dag.py:2705} INFO - Sync 1 DAGs
[2023-05-27T16:52:02.633+0000] {logging_mixin.py:137} INFO - [2023-05-27T16:52:02.633+0000] {dag.py:3456} INFO - Setting next_dagrun for treino-03 to 2022-01-21T00:00:00+00:00, run_after=2022-01-22T00:00:00+00:00
[2023-05-27T16:52:02.646+0000] {processor.py:175} INFO - Processing /opt/airflow/dags/treino03.py took 0.089 seconds
[2023-05-27T16:52:33.387+0000] {processor.py:153} INFO - Started process (PID=1291) to work on /opt/airflow/dags/treino03.py
[2023-05-27T16:52:33.388+0000] {processor.py:743} INFO - Processing file /opt/airflow/dags/treino03.py for tasks to queue
[2023-05-27T16:52:33.389+0000] {logging_mixin.py:137} INFO - [2023-05-27T16:52:33.389+0000] {dagbag.py:532} INFO - Filling up the DagBag from /opt/airflow/dags/treino03.py
[2023-05-27T16:52:33.414+0000] {processor.py:753} INFO - DAG(s) dict_keys(['treino-03']) retrieved from /opt/airflow/dags/treino03.py
[2023-05-27T16:52:33.440+0000] {logging_mixin.py:137} INFO - [2023-05-27T16:52:33.440+0000] {dag.py:2705} INFO - Sync 1 DAGs
[2023-05-27T16:52:33.463+0000] {logging_mixin.py:137} INFO - [2023-05-27T16:52:33.463+0000] {dag.py:3456} INFO - Setting next_dagrun for treino-03 to 2022-01-21T00:00:00+00:00, run_after=2022-01-22T00:00:00+00:00
[2023-05-27T16:52:33.476+0000] {processor.py:175} INFO - Processing /opt/airflow/dags/treino03.py took 0.094 seconds
[2023-05-27T16:53:03.655+0000] {processor.py:153} INFO - Started process (PID=1348) to work on /opt/airflow/dags/treino03.py
[2023-05-27T16:53:03.656+0000] {processor.py:743} INFO - Processing file /opt/airflow/dags/treino03.py for tasks to queue
[2023-05-27T16:53:03.657+0000] {logging_mixin.py:137} INFO - [2023-05-27T16:53:03.657+0000] {dagbag.py:532} INFO - Filling up the DagBag from /opt/airflow/dags/treino03.py
[2023-05-27T16:53:03.682+0000] {processor.py:753} INFO - DAG(s) dict_keys(['treino-03']) retrieved from /opt/airflow/dags/treino03.py
[2023-05-27T16:53:03.715+0000] {logging_mixin.py:137} INFO - [2023-05-27T16:53:03.714+0000] {dag.py:2705} INFO - Sync 1 DAGs
[2023-05-27T16:53:03.746+0000] {logging_mixin.py:137} INFO - [2023-05-27T16:53:03.746+0000] {dag.py:3456} INFO - Setting next_dagrun for treino-03 to 2022-01-21T00:00:00+00:00, run_after=2022-01-22T00:00:00+00:00
[2023-05-27T16:53:03.771+0000] {processor.py:175} INFO - Processing /opt/airflow/dags/treino03.py took 0.119 seconds
[2023-05-27T16:53:33.988+0000] {processor.py:153} INFO - Started process (PID=1405) to work on /opt/airflow/dags/treino03.py
[2023-05-27T16:53:33.989+0000] {processor.py:743} INFO - Processing file /opt/airflow/dags/treino03.py for tasks to queue
[2023-05-27T16:53:33.990+0000] {logging_mixin.py:137} INFO - [2023-05-27T16:53:33.990+0000] {dagbag.py:532} INFO - Filling up the DagBag from /opt/airflow/dags/treino03.py
[2023-05-27T16:53:34.015+0000] {processor.py:753} INFO - DAG(s) dict_keys(['treino-03']) retrieved from /opt/airflow/dags/treino03.py
[2023-05-27T16:53:34.040+0000] {logging_mixin.py:137} INFO - [2023-05-27T16:53:34.040+0000] {dag.py:2705} INFO - Sync 1 DAGs
[2023-05-27T16:53:34.067+0000] {logging_mixin.py:137} INFO - [2023-05-27T16:53:34.067+0000] {dag.py:3456} INFO - Setting next_dagrun for treino-03 to 2022-01-21T00:00:00+00:00, run_after=2022-01-22T00:00:00+00:00
[2023-05-27T16:53:34.082+0000] {processor.py:175} INFO - Processing /opt/airflow/dags/treino03.py took 0.098 seconds
[2023-05-27T16:54:04.228+0000] {processor.py:153} INFO - Started process (PID=1462) to work on /opt/airflow/dags/treino03.py
[2023-05-27T16:54:04.229+0000] {processor.py:743} INFO - Processing file /opt/airflow/dags/treino03.py for tasks to queue
[2023-05-27T16:54:04.230+0000] {logging_mixin.py:137} INFO - [2023-05-27T16:54:04.230+0000] {dagbag.py:532} INFO - Filling up the DagBag from /opt/airflow/dags/treino03.py
[2023-05-27T16:54:04.254+0000] {processor.py:753} INFO - DAG(s) dict_keys(['treino-03']) retrieved from /opt/airflow/dags/treino03.py
[2023-05-27T16:54:04.278+0000] {logging_mixin.py:137} INFO - [2023-05-27T16:54:04.278+0000] {dag.py:2705} INFO - Sync 1 DAGs
[2023-05-27T16:54:04.301+0000] {logging_mixin.py:137} INFO - [2023-05-27T16:54:04.301+0000] {dag.py:3456} INFO - Setting next_dagrun for treino-03 to 2022-01-21T00:00:00+00:00, run_after=2022-01-22T00:00:00+00:00
[2023-05-27T16:54:04.314+0000] {processor.py:175} INFO - Processing /opt/airflow/dags/treino03.py took 0.089 seconds
[2023-05-27T16:54:34.516+0000] {processor.py:153} INFO - Started process (PID=1519) to work on /opt/airflow/dags/treino03.py
[2023-05-27T16:54:34.517+0000] {processor.py:743} INFO - Processing file /opt/airflow/dags/treino03.py for tasks to queue
[2023-05-27T16:54:34.518+0000] {logging_mixin.py:137} INFO - [2023-05-27T16:54:34.518+0000] {dagbag.py:532} INFO - Filling up the DagBag from /opt/airflow/dags/treino03.py
[2023-05-27T16:54:34.543+0000] {processor.py:753} INFO - DAG(s) dict_keys(['treino-03']) retrieved from /opt/airflow/dags/treino03.py
[2023-05-27T16:54:34.569+0000] {logging_mixin.py:137} INFO - [2023-05-27T16:54:34.568+0000] {dag.py:2705} INFO - Sync 1 DAGs
[2023-05-27T16:54:34.594+0000] {logging_mixin.py:137} INFO - [2023-05-27T16:54:34.594+0000] {dag.py:3456} INFO - Setting next_dagrun for treino-03 to 2022-01-21T00:00:00+00:00, run_after=2022-01-22T00:00:00+00:00
[2023-05-27T16:54:34.610+0000] {processor.py:175} INFO - Processing /opt/airflow/dags/treino03.py took 0.098 seconds
[2023-05-27T16:55:04.796+0000] {processor.py:153} INFO - Started process (PID=1576) to work on /opt/airflow/dags/treino03.py
[2023-05-27T16:55:04.798+0000] {processor.py:743} INFO - Processing file /opt/airflow/dags/treino03.py for tasks to queue
[2023-05-27T16:55:04.798+0000] {logging_mixin.py:137} INFO - [2023-05-27T16:55:04.798+0000] {dagbag.py:532} INFO - Filling up the DagBag from /opt/airflow/dags/treino03.py
[2023-05-27T16:55:04.824+0000] {processor.py:753} INFO - DAG(s) dict_keys(['treino-03']) retrieved from /opt/airflow/dags/treino03.py
[2023-05-27T16:55:04.849+0000] {logging_mixin.py:137} INFO - [2023-05-27T16:55:04.849+0000] {dag.py:2705} INFO - Sync 1 DAGs
[2023-05-27T16:55:04.871+0000] {logging_mixin.py:137} INFO - [2023-05-27T16:55:04.871+0000] {dag.py:3456} INFO - Setting next_dagrun for treino-03 to 2022-01-21T00:00:00+00:00, run_after=2022-01-22T00:00:00+00:00
[2023-05-27T16:55:04.885+0000] {processor.py:175} INFO - Processing /opt/airflow/dags/treino03.py took 0.092 seconds
[2023-05-27T16:55:34.940+0000] {processor.py:153} INFO - Started process (PID=1633) to work on /opt/airflow/dags/treino03.py
[2023-05-27T16:55:34.942+0000] {processor.py:743} INFO - Processing file /opt/airflow/dags/treino03.py for tasks to queue
[2023-05-27T16:55:34.943+0000] {logging_mixin.py:137} INFO - [2023-05-27T16:55:34.942+0000] {dagbag.py:532} INFO - Filling up the DagBag from /opt/airflow/dags/treino03.py
[2023-05-27T16:55:34.969+0000] {processor.py:753} INFO - DAG(s) dict_keys(['treino-03']) retrieved from /opt/airflow/dags/treino03.py
[2023-05-27T16:55:35.002+0000] {logging_mixin.py:137} INFO - [2023-05-27T16:55:35.001+0000] {dag.py:2705} INFO - Sync 1 DAGs
[2023-05-27T16:55:35.025+0000] {logging_mixin.py:137} INFO - [2023-05-27T16:55:35.025+0000] {dag.py:3456} INFO - Setting next_dagrun for treino-03 to 2022-01-21T00:00:00+00:00, run_after=2022-01-22T00:00:00+00:00
[2023-05-27T16:55:35.040+0000] {processor.py:175} INFO - Processing /opt/airflow/dags/treino03.py took 0.104 seconds
[2023-05-27T16:56:05.714+0000] {processor.py:153} INFO - Started process (PID=1690) to work on /opt/airflow/dags/treino03.py
[2023-05-27T16:56:05.716+0000] {processor.py:743} INFO - Processing file /opt/airflow/dags/treino03.py for tasks to queue
[2023-05-27T16:56:05.718+0000] {logging_mixin.py:137} INFO - [2023-05-27T16:56:05.718+0000] {dagbag.py:532} INFO - Filling up the DagBag from /opt/airflow/dags/treino03.py
[2023-05-27T16:56:05.751+0000] {processor.py:753} INFO - DAG(s) dict_keys(['treino-03']) retrieved from /opt/airflow/dags/treino03.py
[2023-05-27T16:56:05.779+0000] {logging_mixin.py:137} INFO - [2023-05-27T16:56:05.779+0000] {dag.py:2705} INFO - Sync 1 DAGs
[2023-05-27T16:56:05.810+0000] {logging_mixin.py:137} INFO - [2023-05-27T16:56:05.810+0000] {dag.py:3456} INFO - Setting next_dagrun for treino-03 to 2022-01-21T00:00:00+00:00, run_after=2022-01-22T00:00:00+00:00
[2023-05-27T16:56:05.828+0000] {processor.py:175} INFO - Processing /opt/airflow/dags/treino03.py took 0.119 seconds
[2023-05-27T16:56:36.062+0000] {processor.py:153} INFO - Started process (PID=1746) to work on /opt/airflow/dags/treino03.py
[2023-05-27T16:56:36.064+0000] {processor.py:743} INFO - Processing file /opt/airflow/dags/treino03.py for tasks to queue
[2023-05-27T16:56:36.065+0000] {logging_mixin.py:137} INFO - [2023-05-27T16:56:36.065+0000] {dagbag.py:532} INFO - Filling up the DagBag from /opt/airflow/dags/treino03.py
[2023-05-27T16:56:36.091+0000] {processor.py:753} INFO - DAG(s) dict_keys(['treino-03']) retrieved from /opt/airflow/dags/treino03.py
[2023-05-27T16:56:36.117+0000] {logging_mixin.py:137} INFO - [2023-05-27T16:56:36.117+0000] {dag.py:2705} INFO - Sync 1 DAGs
[2023-05-27T16:56:36.142+0000] {logging_mixin.py:137} INFO - [2023-05-27T16:56:36.142+0000] {dag.py:3456} INFO - Setting next_dagrun for treino-03 to 2022-01-21T00:00:00+00:00, run_after=2022-01-22T00:00:00+00:00
[2023-05-27T16:56:36.155+0000] {processor.py:175} INFO - Processing /opt/airflow/dags/treino03.py took 0.097 seconds
[2023-05-27T16:57:06.961+0000] {processor.py:153} INFO - Started process (PID=1803) to work on /opt/airflow/dags/treino03.py
[2023-05-27T16:57:06.963+0000] {processor.py:743} INFO - Processing file /opt/airflow/dags/treino03.py for tasks to queue
[2023-05-27T16:57:06.964+0000] {logging_mixin.py:137} INFO - [2023-05-27T16:57:06.963+0000] {dagbag.py:532} INFO - Filling up the DagBag from /opt/airflow/dags/treino03.py
[2023-05-27T16:57:06.989+0000] {processor.py:753} INFO - DAG(s) dict_keys(['treino-03']) retrieved from /opt/airflow/dags/treino03.py
[2023-05-27T16:57:07.015+0000] {logging_mixin.py:137} INFO - [2023-05-27T16:57:07.015+0000] {dag.py:2705} INFO - Sync 1 DAGs
[2023-05-27T16:57:07.040+0000] {logging_mixin.py:137} INFO - [2023-05-27T16:57:07.040+0000] {dag.py:3456} INFO - Setting next_dagrun for treino-03 to 2022-01-21T00:00:00+00:00, run_after=2022-01-22T00:00:00+00:00
[2023-05-27T16:57:07.054+0000] {processor.py:175} INFO - Processing /opt/airflow/dags/treino03.py took 0.097 seconds
[2023-05-27T16:57:37.817+0000] {processor.py:153} INFO - Started process (PID=1860) to work on /opt/airflow/dags/treino03.py
[2023-05-27T16:57:37.819+0000] {processor.py:743} INFO - Processing file /opt/airflow/dags/treino03.py for tasks to queue
[2023-05-27T16:57:37.820+0000] {logging_mixin.py:137} INFO - [2023-05-27T16:57:37.820+0000] {dagbag.py:532} INFO - Filling up the DagBag from /opt/airflow/dags/treino03.py
[2023-05-27T16:57:37.850+0000] {processor.py:753} INFO - DAG(s) dict_keys(['treino-03']) retrieved from /opt/airflow/dags/treino03.py
[2023-05-27T16:57:37.887+0000] {logging_mixin.py:137} INFO - [2023-05-27T16:57:37.887+0000] {dag.py:2705} INFO - Sync 1 DAGs
[2023-05-27T16:57:37.911+0000] {logging_mixin.py:137} INFO - [2023-05-27T16:57:37.911+0000] {dag.py:3456} INFO - Setting next_dagrun for treino-03 to 2022-01-21T00:00:00+00:00, run_after=2022-01-22T00:00:00+00:00
[2023-05-27T16:57:37.926+0000] {processor.py:175} INFO - Processing /opt/airflow/dags/treino03.py took 0.113 seconds
[2023-05-27T16:58:08.321+0000] {processor.py:153} INFO - Started process (PID=1917) to work on /opt/airflow/dags/treino03.py
[2023-05-27T16:58:08.325+0000] {processor.py:743} INFO - Processing file /opt/airflow/dags/treino03.py for tasks to queue
[2023-05-27T16:58:08.326+0000] {logging_mixin.py:137} INFO - [2023-05-27T16:58:08.325+0000] {dagbag.py:532} INFO - Filling up the DagBag from /opt/airflow/dags/treino03.py
[2023-05-27T16:58:08.351+0000] {processor.py:753} INFO - DAG(s) dict_keys(['treino-03']) retrieved from /opt/airflow/dags/treino03.py
[2023-05-27T16:58:08.376+0000] {logging_mixin.py:137} INFO - [2023-05-27T16:58:08.376+0000] {dag.py:2705} INFO - Sync 1 DAGs
[2023-05-27T16:58:08.402+0000] {logging_mixin.py:137} INFO - [2023-05-27T16:58:08.402+0000] {dag.py:3456} INFO - Setting next_dagrun for treino-03 to 2022-01-21T00:00:00+00:00, run_after=2022-01-22T00:00:00+00:00
[2023-05-27T16:58:08.415+0000] {processor.py:175} INFO - Processing /opt/airflow/dags/treino03.py took 0.099 seconds
[2023-05-27T16:58:38.907+0000] {processor.py:153} INFO - Started process (PID=1974) to work on /opt/airflow/dags/treino03.py
[2023-05-27T16:58:38.909+0000] {processor.py:743} INFO - Processing file /opt/airflow/dags/treino03.py for tasks to queue
[2023-05-27T16:58:38.910+0000] {logging_mixin.py:137} INFO - [2023-05-27T16:58:38.910+0000] {dagbag.py:532} INFO - Filling up the DagBag from /opt/airflow/dags/treino03.py
[2023-05-27T16:58:38.936+0000] {processor.py:753} INFO - DAG(s) dict_keys(['treino-03']) retrieved from /opt/airflow/dags/treino03.py
[2023-05-27T16:58:38.968+0000] {logging_mixin.py:137} INFO - [2023-05-27T16:58:38.968+0000] {dag.py:2705} INFO - Sync 1 DAGs
[2023-05-27T16:58:38.994+0000] {logging_mixin.py:137} INFO - [2023-05-27T16:58:38.994+0000] {dag.py:3456} INFO - Setting next_dagrun for treino-03 to 2022-01-21T00:00:00+00:00, run_after=2022-01-22T00:00:00+00:00
[2023-05-27T16:58:39.011+0000] {processor.py:175} INFO - Processing /opt/airflow/dags/treino03.py took 0.108 seconds
[2023-05-27T16:59:09.643+0000] {processor.py:153} INFO - Started process (PID=2031) to work on /opt/airflow/dags/treino03.py
[2023-05-27T16:59:09.645+0000] {processor.py:743} INFO - Processing file /opt/airflow/dags/treino03.py for tasks to queue
[2023-05-27T16:59:09.646+0000] {logging_mixin.py:137} INFO - [2023-05-27T16:59:09.646+0000] {dagbag.py:532} INFO - Filling up the DagBag from /opt/airflow/dags/treino03.py
[2023-05-27T16:59:09.672+0000] {processor.py:753} INFO - DAG(s) dict_keys(['treino-03']) retrieved from /opt/airflow/dags/treino03.py
[2023-05-27T16:59:09.697+0000] {logging_mixin.py:137} INFO - [2023-05-27T16:59:09.697+0000] {dag.py:2705} INFO - Sync 1 DAGs
[2023-05-27T16:59:09.721+0000] {logging_mixin.py:137} INFO - [2023-05-27T16:59:09.720+0000] {dag.py:3456} INFO - Setting next_dagrun for treino-03 to 2022-01-21T00:00:00+00:00, run_after=2022-01-22T00:00:00+00:00
[2023-05-27T16:59:09.735+0000] {processor.py:175} INFO - Processing /opt/airflow/dags/treino03.py took 0.096 seconds
[2023-05-27T16:59:40.541+0000] {processor.py:153} INFO - Started process (PID=2088) to work on /opt/airflow/dags/treino03.py
[2023-05-27T16:59:40.542+0000] {processor.py:743} INFO - Processing file /opt/airflow/dags/treino03.py for tasks to queue
[2023-05-27T16:59:40.543+0000] {logging_mixin.py:137} INFO - [2023-05-27T16:59:40.543+0000] {dagbag.py:532} INFO - Filling up the DagBag from /opt/airflow/dags/treino03.py
[2023-05-27T16:59:40.567+0000] {processor.py:753} INFO - DAG(s) dict_keys(['treino-03']) retrieved from /opt/airflow/dags/treino03.py
[2023-05-27T16:59:40.593+0000] {logging_mixin.py:137} INFO - [2023-05-27T16:59:40.593+0000] {dag.py:2705} INFO - Sync 1 DAGs
[2023-05-27T16:59:40.615+0000] {logging_mixin.py:137} INFO - [2023-05-27T16:59:40.615+0000] {dag.py:3456} INFO - Setting next_dagrun for treino-03 to 2022-01-21T00:00:00+00:00, run_after=2022-01-22T00:00:00+00:00
[2023-05-27T16:59:40.628+0000] {processor.py:175} INFO - Processing /opt/airflow/dags/treino03.py took 0.091 seconds
[2023-05-27T17:00:11.496+0000] {processor.py:153} INFO - Started process (PID=2145) to work on /opt/airflow/dags/treino03.py
[2023-05-27T17:00:11.498+0000] {processor.py:743} INFO - Processing file /opt/airflow/dags/treino03.py for tasks to queue
[2023-05-27T17:00:11.499+0000] {logging_mixin.py:137} INFO - [2023-05-27T17:00:11.499+0000] {dagbag.py:532} INFO - Filling up the DagBag from /opt/airflow/dags/treino03.py
[2023-05-27T17:00:11.540+0000] {processor.py:753} INFO - DAG(s) dict_keys(['treino-03']) retrieved from /opt/airflow/dags/treino03.py
[2023-05-27T17:00:11.595+0000] {logging_mixin.py:137} INFO - [2023-05-27T17:00:11.594+0000] {dag.py:2705} INFO - Sync 1 DAGs
[2023-05-27T17:00:11.645+0000] {logging_mixin.py:137} INFO - [2023-05-27T17:00:11.645+0000] {dag.py:3456} INFO - Setting next_dagrun for treino-03 to 2022-01-21T00:00:00+00:00, run_after=2022-01-22T00:00:00+00:00
[2023-05-27T17:00:11.692+0000] {processor.py:175} INFO - Processing /opt/airflow/dags/treino03.py took 0.201 seconds
[2023-05-27T17:00:42.753+0000] {processor.py:153} INFO - Started process (PID=2202) to work on /opt/airflow/dags/treino03.py
[2023-05-27T17:00:42.755+0000] {processor.py:743} INFO - Processing file /opt/airflow/dags/treino03.py for tasks to queue
[2023-05-27T17:00:42.756+0000] {logging_mixin.py:137} INFO - [2023-05-27T17:00:42.756+0000] {dagbag.py:532} INFO - Filling up the DagBag from /opt/airflow/dags/treino03.py
[2023-05-27T17:00:42.827+0000] {processor.py:753} INFO - DAG(s) dict_keys(['treino-03']) retrieved from /opt/airflow/dags/treino03.py
[2023-05-27T17:00:42.896+0000] {logging_mixin.py:137} INFO - [2023-05-27T17:00:42.895+0000] {dag.py:2705} INFO - Sync 1 DAGs
[2023-05-27T17:00:42.963+0000] {logging_mixin.py:137} INFO - [2023-05-27T17:00:42.962+0000] {dag.py:3456} INFO - Setting next_dagrun for treino-03 to 2022-01-21T00:00:00+00:00, run_after=2022-01-22T00:00:00+00:00
[2023-05-27T17:00:43.026+0000] {processor.py:175} INFO - Processing /opt/airflow/dags/treino03.py took 0.281 seconds
[2023-05-27T17:01:14.387+0000] {processor.py:153} INFO - Started process (PID=2259) to work on /opt/airflow/dags/treino03.py
[2023-05-27T17:01:14.394+0000] {processor.py:743} INFO - Processing file /opt/airflow/dags/treino03.py for tasks to queue
[2023-05-27T17:01:14.401+0000] {logging_mixin.py:137} INFO - [2023-05-27T17:01:14.401+0000] {dagbag.py:532} INFO - Filling up the DagBag from /opt/airflow/dags/treino03.py
