[2023-05-27T16:41:21.306+0000] {processor.py:153} INFO - Started process (PID=39) to work on /opt/airflow/dags/treino01.py
[2023-05-27T16:41:21.309+0000] {processor.py:743} INFO - Processing file /opt/airflow/dags/treino01.py for tasks to queue
[2023-05-27T16:41:21.311+0000] {logging_mixin.py:137} INFO - [2023-05-27T16:41:21.311+0000] {dagbag.py:532} INFO - Filling up the DagBag from /opt/airflow/dags/treino01.py
[2023-05-27T16:41:21.356+0000] {processor.py:753} INFO - DAG(s) dict_keys(['treino-01']) retrieved from /opt/airflow/dags/treino01.py
[2023-05-27T16:41:21.428+0000] {logging_mixin.py:137} INFO - [2023-05-27T16:41:21.427+0000] {dag.py:2705} INFO - Sync 1 DAGs
[2023-05-27T16:41:21.487+0000] {logging_mixin.py:137} INFO - [2023-05-27T16:41:21.487+0000] {dag.py:3456} INFO - Setting next_dagrun for treino-01 to 2023-04-23T19:08:00+00:00, run_after=2023-04-23T19:10:00+00:00
[2023-05-27T16:41:21.512+0000] {processor.py:175} INFO - Processing /opt/airflow/dags/treino01.py took 0.220 seconds
[2023-05-27T16:41:51.998+0000] {processor.py:153} INFO - Started process (PID=95) to work on /opt/airflow/dags/treino01.py
[2023-05-27T16:41:52.000+0000] {processor.py:743} INFO - Processing file /opt/airflow/dags/treino01.py for tasks to queue
[2023-05-27T16:41:52.001+0000] {logging_mixin.py:137} INFO - [2023-05-27T16:41:52.001+0000] {dagbag.py:532} INFO - Filling up the DagBag from /opt/airflow/dags/treino01.py
[2023-05-27T16:41:52.019+0000] {processor.py:753} INFO - DAG(s) dict_keys(['treino-01']) retrieved from /opt/airflow/dags/treino01.py
[2023-05-27T16:41:52.044+0000] {logging_mixin.py:137} INFO - [2023-05-27T16:41:52.044+0000] {dag.py:2705} INFO - Sync 1 DAGs
[2023-05-27T16:41:52.066+0000] {logging_mixin.py:137} INFO - [2023-05-27T16:41:52.066+0000] {dag.py:3456} INFO - Setting next_dagrun for treino-01 to 2023-04-23T19:08:00+00:00, run_after=2023-04-23T19:10:00+00:00
[2023-05-27T16:41:52.092+0000] {processor.py:175} INFO - Processing /opt/airflow/dags/treino01.py took 0.097 seconds
[2023-05-27T16:42:22.862+0000] {processor.py:153} INFO - Started process (PID=152) to work on /opt/airflow/dags/treino01.py
[2023-05-27T16:42:22.863+0000] {processor.py:743} INFO - Processing file /opt/airflow/dags/treino01.py for tasks to queue
[2023-05-27T16:42:22.864+0000] {logging_mixin.py:137} INFO - [2023-05-27T16:42:22.864+0000] {dagbag.py:532} INFO - Filling up the DagBag from /opt/airflow/dags/treino01.py
[2023-05-27T16:42:22.881+0000] {processor.py:753} INFO - DAG(s) dict_keys(['treino-01']) retrieved from /opt/airflow/dags/treino01.py
[2023-05-27T16:42:22.907+0000] {logging_mixin.py:137} INFO - [2023-05-27T16:42:22.907+0000] {dag.py:2705} INFO - Sync 1 DAGs
[2023-05-27T16:42:22.930+0000] {logging_mixin.py:137} INFO - [2023-05-27T16:42:22.930+0000] {dag.py:3456} INFO - Setting next_dagrun for treino-01 to 2023-04-23T19:08:00+00:00, run_after=2023-04-23T19:10:00+00:00
[2023-05-27T16:42:22.945+0000] {processor.py:175} INFO - Processing /opt/airflow/dags/treino01.py took 0.087 seconds
[2023-05-27T16:42:53.308+0000] {processor.py:153} INFO - Started process (PID=209) to work on /opt/airflow/dags/treino01.py
[2023-05-27T16:42:53.309+0000] {processor.py:743} INFO - Processing file /opt/airflow/dags/treino01.py for tasks to queue
[2023-05-27T16:42:53.310+0000] {logging_mixin.py:137} INFO - [2023-05-27T16:42:53.310+0000] {dagbag.py:532} INFO - Filling up the DagBag from /opt/airflow/dags/treino01.py
[2023-05-27T16:42:53.327+0000] {processor.py:753} INFO - DAG(s) dict_keys(['treino-01']) retrieved from /opt/airflow/dags/treino01.py
[2023-05-27T16:42:53.353+0000] {logging_mixin.py:137} INFO - [2023-05-27T16:42:53.353+0000] {dag.py:2705} INFO - Sync 1 DAGs
[2023-05-27T16:42:53.375+0000] {logging_mixin.py:137} INFO - [2023-05-27T16:42:53.375+0000] {dag.py:3456} INFO - Setting next_dagrun for treino-01 to 2023-04-23T19:08:00+00:00, run_after=2023-04-23T19:10:00+00:00
[2023-05-27T16:42:53.390+0000] {processor.py:175} INFO - Processing /opt/airflow/dags/treino01.py took 0.086 seconds
[2023-05-27T16:43:23.670+0000] {processor.py:153} INFO - Started process (PID=267) to work on /opt/airflow/dags/treino01.py
[2023-05-27T16:43:23.672+0000] {processor.py:743} INFO - Processing file /opt/airflow/dags/treino01.py for tasks to queue
[2023-05-27T16:43:23.673+0000] {logging_mixin.py:137} INFO - [2023-05-27T16:43:23.673+0000] {dagbag.py:532} INFO - Filling up the DagBag from /opt/airflow/dags/treino01.py
[2023-05-27T16:43:23.693+0000] {processor.py:753} INFO - DAG(s) dict_keys(['treino-01']) retrieved from /opt/airflow/dags/treino01.py
[2023-05-27T16:43:23.727+0000] {logging_mixin.py:137} INFO - [2023-05-27T16:43:23.727+0000] {dag.py:2705} INFO - Sync 1 DAGs
[2023-05-27T16:43:23.755+0000] {logging_mixin.py:137} INFO - [2023-05-27T16:43:23.755+0000] {dag.py:3456} INFO - Setting next_dagrun for treino-01 to 2023-04-23T19:08:00+00:00, run_after=2023-04-23T19:10:00+00:00
[2023-05-27T16:43:23.779+0000] {processor.py:175} INFO - Processing /opt/airflow/dags/treino01.py took 0.113 seconds
[2023-05-27T16:43:54.057+0000] {processor.py:153} INFO - Started process (PID=323) to work on /opt/airflow/dags/treino01.py
[2023-05-27T16:43:54.058+0000] {processor.py:743} INFO - Processing file /opt/airflow/dags/treino01.py for tasks to queue
[2023-05-27T16:43:54.059+0000] {logging_mixin.py:137} INFO - [2023-05-27T16:43:54.059+0000] {dagbag.py:532} INFO - Filling up the DagBag from /opt/airflow/dags/treino01.py
[2023-05-27T16:43:54.080+0000] {processor.py:753} INFO - DAG(s) dict_keys(['treino-01']) retrieved from /opt/airflow/dags/treino01.py
[2023-05-27T16:43:54.112+0000] {logging_mixin.py:137} INFO - [2023-05-27T16:43:54.111+0000] {dag.py:2705} INFO - Sync 1 DAGs
[2023-05-27T16:43:54.134+0000] {logging_mixin.py:137} INFO - [2023-05-27T16:43:54.134+0000] {dag.py:3456} INFO - Setting next_dagrun for treino-01 to 2023-04-23T19:08:00+00:00, run_after=2023-04-23T19:10:00+00:00
[2023-05-27T16:43:54.147+0000] {processor.py:175} INFO - Processing /opt/airflow/dags/treino01.py took 0.094 seconds
[2023-05-27T16:44:24.362+0000] {processor.py:153} INFO - Started process (PID=380) to work on /opt/airflow/dags/treino01.py
[2023-05-27T16:44:24.363+0000] {processor.py:743} INFO - Processing file /opt/airflow/dags/treino01.py for tasks to queue
[2023-05-27T16:44:24.364+0000] {logging_mixin.py:137} INFO - [2023-05-27T16:44:24.364+0000] {dagbag.py:532} INFO - Filling up the DagBag from /opt/airflow/dags/treino01.py
[2023-05-27T16:44:24.386+0000] {processor.py:753} INFO - DAG(s) dict_keys(['treino-01']) retrieved from /opt/airflow/dags/treino01.py
[2023-05-27T16:44:24.423+0000] {logging_mixin.py:137} INFO - [2023-05-27T16:44:24.422+0000] {dag.py:2705} INFO - Sync 1 DAGs
[2023-05-27T16:44:24.465+0000] {logging_mixin.py:137} INFO - [2023-05-27T16:44:24.464+0000] {dag.py:3456} INFO - Setting next_dagrun for treino-01 to 2023-04-23T19:08:00+00:00, run_after=2023-04-23T19:10:00+00:00
[2023-05-27T16:44:24.493+0000] {processor.py:175} INFO - Processing /opt/airflow/dags/treino01.py took 0.136 seconds
[2023-05-27T16:44:55.016+0000] {processor.py:153} INFO - Started process (PID=437) to work on /opt/airflow/dags/treino01.py
[2023-05-27T16:44:55.018+0000] {processor.py:743} INFO - Processing file /opt/airflow/dags/treino01.py for tasks to queue
[2023-05-27T16:44:55.018+0000] {logging_mixin.py:137} INFO - [2023-05-27T16:44:55.018+0000] {dagbag.py:532} INFO - Filling up the DagBag from /opt/airflow/dags/treino01.py
[2023-05-27T16:44:55.035+0000] {processor.py:753} INFO - DAG(s) dict_keys(['treino-01']) retrieved from /opt/airflow/dags/treino01.py
[2023-05-27T16:44:55.060+0000] {logging_mixin.py:137} INFO - [2023-05-27T16:44:55.060+0000] {dag.py:2705} INFO - Sync 1 DAGs
[2023-05-27T16:44:55.082+0000] {logging_mixin.py:137} INFO - [2023-05-27T16:44:55.082+0000] {dag.py:3456} INFO - Setting next_dagrun for treino-01 to 2023-04-23T19:08:00+00:00, run_after=2023-04-23T19:10:00+00:00
[2023-05-27T16:44:55.097+0000] {processor.py:175} INFO - Processing /opt/airflow/dags/treino01.py took 0.085 seconds
[2023-05-27T16:45:25.676+0000] {processor.py:153} INFO - Started process (PID=494) to work on /opt/airflow/dags/treino01.py
[2023-05-27T16:45:25.677+0000] {processor.py:743} INFO - Processing file /opt/airflow/dags/treino01.py for tasks to queue
[2023-05-27T16:45:25.678+0000] {logging_mixin.py:137} INFO - [2023-05-27T16:45:25.678+0000] {dagbag.py:532} INFO - Filling up the DagBag from /opt/airflow/dags/treino01.py
[2023-05-27T16:45:25.694+0000] {processor.py:753} INFO - DAG(s) dict_keys(['treino-01']) retrieved from /opt/airflow/dags/treino01.py
[2023-05-27T16:45:25.720+0000] {logging_mixin.py:137} INFO - [2023-05-27T16:45:25.719+0000] {dag.py:2705} INFO - Sync 1 DAGs
[2023-05-27T16:45:25.741+0000] {logging_mixin.py:137} INFO - [2023-05-27T16:45:25.741+0000] {dag.py:3456} INFO - Setting next_dagrun for treino-01 to 2023-04-23T19:08:00+00:00, run_after=2023-04-23T19:10:00+00:00
[2023-05-27T16:45:25.755+0000] {processor.py:175} INFO - Processing /opt/airflow/dags/treino01.py took 0.082 seconds
[2023-05-27T16:45:56.311+0000] {processor.py:153} INFO - Started process (PID=551) to work on /opt/airflow/dags/treino01.py
[2023-05-27T16:45:56.312+0000] {processor.py:743} INFO - Processing file /opt/airflow/dags/treino01.py for tasks to queue
[2023-05-27T16:45:56.313+0000] {logging_mixin.py:137} INFO - [2023-05-27T16:45:56.313+0000] {dagbag.py:532} INFO - Filling up the DagBag from /opt/airflow/dags/treino01.py
[2023-05-27T16:45:56.329+0000] {processor.py:753} INFO - DAG(s) dict_keys(['treino-01']) retrieved from /opt/airflow/dags/treino01.py
[2023-05-27T16:45:56.356+0000] {logging_mixin.py:137} INFO - [2023-05-27T16:45:56.356+0000] {dag.py:2705} INFO - Sync 1 DAGs
[2023-05-27T16:45:56.377+0000] {logging_mixin.py:137} INFO - [2023-05-27T16:45:56.377+0000] {dag.py:3456} INFO - Setting next_dagrun for treino-01 to 2023-04-23T19:08:00+00:00, run_after=2023-04-23T19:10:00+00:00
[2023-05-27T16:45:56.392+0000] {processor.py:175} INFO - Processing /opt/airflow/dags/treino01.py took 0.085 seconds
[2023-05-27T16:46:26.780+0000] {processor.py:153} INFO - Started process (PID=608) to work on /opt/airflow/dags/treino01.py
[2023-05-27T16:46:26.781+0000] {processor.py:743} INFO - Processing file /opt/airflow/dags/treino01.py for tasks to queue
[2023-05-27T16:46:26.782+0000] {logging_mixin.py:137} INFO - [2023-05-27T16:46:26.782+0000] {dagbag.py:532} INFO - Filling up the DagBag from /opt/airflow/dags/treino01.py
[2023-05-27T16:46:26.799+0000] {processor.py:753} INFO - DAG(s) dict_keys(['treino-01']) retrieved from /opt/airflow/dags/treino01.py
[2023-05-27T16:46:26.826+0000] {logging_mixin.py:137} INFO - [2023-05-27T16:46:26.826+0000] {dag.py:2705} INFO - Sync 1 DAGs
[2023-05-27T16:46:26.847+0000] {logging_mixin.py:137} INFO - [2023-05-27T16:46:26.847+0000] {dag.py:3456} INFO - Setting next_dagrun for treino-01 to 2023-04-23T19:08:00+00:00, run_after=2023-04-23T19:10:00+00:00
[2023-05-27T16:46:26.862+0000] {processor.py:175} INFO - Processing /opt/airflow/dags/treino01.py took 0.086 seconds
[2023-05-27T16:46:57.240+0000] {processor.py:153} INFO - Started process (PID=665) to work on /opt/airflow/dags/treino01.py
[2023-05-27T16:46:57.242+0000] {processor.py:743} INFO - Processing file /opt/airflow/dags/treino01.py for tasks to queue
[2023-05-27T16:46:57.243+0000] {logging_mixin.py:137} INFO - [2023-05-27T16:46:57.243+0000] {dagbag.py:532} INFO - Filling up the DagBag from /opt/airflow/dags/treino01.py
[2023-05-27T16:46:57.259+0000] {processor.py:753} INFO - DAG(s) dict_keys(['treino-01']) retrieved from /opt/airflow/dags/treino01.py
[2023-05-27T16:46:57.284+0000] {logging_mixin.py:137} INFO - [2023-05-27T16:46:57.284+0000] {dag.py:2705} INFO - Sync 1 DAGs
[2023-05-27T16:46:57.306+0000] {logging_mixin.py:137} INFO - [2023-05-27T16:46:57.306+0000] {dag.py:3456} INFO - Setting next_dagrun for treino-01 to 2023-04-23T19:08:00+00:00, run_after=2023-04-23T19:10:00+00:00
[2023-05-27T16:46:57.321+0000] {processor.py:175} INFO - Processing /opt/airflow/dags/treino01.py took 0.085 seconds
[2023-05-27T16:47:28.122+0000] {processor.py:153} INFO - Started process (PID=722) to work on /opt/airflow/dags/treino01.py
[2023-05-27T16:47:28.123+0000] {processor.py:743} INFO - Processing file /opt/airflow/dags/treino01.py for tasks to queue
[2023-05-27T16:47:28.128+0000] {logging_mixin.py:137} INFO - [2023-05-27T16:47:28.128+0000] {dagbag.py:532} INFO - Filling up the DagBag from /opt/airflow/dags/treino01.py
[2023-05-27T16:47:28.156+0000] {processor.py:753} INFO - DAG(s) dict_keys(['treino-01']) retrieved from /opt/airflow/dags/treino01.py
[2023-05-27T16:47:28.188+0000] {logging_mixin.py:137} INFO - [2023-05-27T16:47:28.188+0000] {dag.py:2705} INFO - Sync 1 DAGs
[2023-05-27T16:47:28.213+0000] {logging_mixin.py:137} INFO - [2023-05-27T16:47:28.213+0000] {dag.py:3456} INFO - Setting next_dagrun for treino-01 to 2023-04-23T19:08:00+00:00, run_after=2023-04-23T19:10:00+00:00
[2023-05-27T16:47:28.229+0000] {processor.py:175} INFO - Processing /opt/airflow/dags/treino01.py took 0.113 seconds
[2023-05-27T16:47:58.772+0000] {processor.py:153} INFO - Started process (PID=779) to work on /opt/airflow/dags/treino01.py
[2023-05-27T16:47:58.773+0000] {processor.py:743} INFO - Processing file /opt/airflow/dags/treino01.py for tasks to queue
[2023-05-27T16:47:58.774+0000] {logging_mixin.py:137} INFO - [2023-05-27T16:47:58.774+0000] {dagbag.py:532} INFO - Filling up the DagBag from /opt/airflow/dags/treino01.py
[2023-05-27T16:47:58.791+0000] {processor.py:753} INFO - DAG(s) dict_keys(['treino-01']) retrieved from /opt/airflow/dags/treino01.py
[2023-05-27T16:47:58.816+0000] {logging_mixin.py:137} INFO - [2023-05-27T16:47:58.816+0000] {dag.py:2705} INFO - Sync 1 DAGs
[2023-05-27T16:47:58.837+0000] {logging_mixin.py:137} INFO - [2023-05-27T16:47:58.837+0000] {dag.py:3456} INFO - Setting next_dagrun for treino-01 to 2023-04-23T19:08:00+00:00, run_after=2023-04-23T19:10:00+00:00
[2023-05-27T16:47:58.851+0000] {processor.py:175} INFO - Processing /opt/airflow/dags/treino01.py took 0.082 seconds
[2023-05-27T16:48:29.304+0000] {processor.py:153} INFO - Started process (PID=836) to work on /opt/airflow/dags/treino01.py
[2023-05-27T16:48:29.305+0000] {processor.py:743} INFO - Processing file /opt/airflow/dags/treino01.py for tasks to queue
[2023-05-27T16:48:29.306+0000] {logging_mixin.py:137} INFO - [2023-05-27T16:48:29.306+0000] {dagbag.py:532} INFO - Filling up the DagBag from /opt/airflow/dags/treino01.py
[2023-05-27T16:48:29.322+0000] {processor.py:753} INFO - DAG(s) dict_keys(['treino-01']) retrieved from /opt/airflow/dags/treino01.py
[2023-05-27T16:48:29.347+0000] {logging_mixin.py:137} INFO - [2023-05-27T16:48:29.347+0000] {dag.py:2705} INFO - Sync 1 DAGs
[2023-05-27T16:48:29.368+0000] {logging_mixin.py:137} INFO - [2023-05-27T16:48:29.368+0000] {dag.py:3456} INFO - Setting next_dagrun for treino-01 to 2023-04-23T19:08:00+00:00, run_after=2023-04-23T19:10:00+00:00
[2023-05-27T16:48:29.383+0000] {processor.py:175} INFO - Processing /opt/airflow/dags/treino01.py took 0.084 seconds
[2023-05-27T16:49:00.093+0000] {processor.py:153} INFO - Started process (PID=893) to work on /opt/airflow/dags/treino01.py
[2023-05-27T16:49:00.095+0000] {processor.py:743} INFO - Processing file /opt/airflow/dags/treino01.py for tasks to queue
[2023-05-27T16:49:00.096+0000] {logging_mixin.py:137} INFO - [2023-05-27T16:49:00.096+0000] {dagbag.py:532} INFO - Filling up the DagBag from /opt/airflow/dags/treino01.py
[2023-05-27T16:49:00.114+0000] {processor.py:753} INFO - DAG(s) dict_keys(['treino-01']) retrieved from /opt/airflow/dags/treino01.py
[2023-05-27T16:49:00.145+0000] {logging_mixin.py:137} INFO - [2023-05-27T16:49:00.145+0000] {dag.py:2705} INFO - Sync 1 DAGs
[2023-05-27T16:49:00.170+0000] {logging_mixin.py:137} INFO - [2023-05-27T16:49:00.169+0000] {dag.py:3456} INFO - Setting next_dagrun for treino-01 to 2023-04-23T19:08:00+00:00, run_after=2023-04-23T19:10:00+00:00
[2023-05-27T16:49:00.184+0000] {processor.py:175} INFO - Processing /opt/airflow/dags/treino01.py took 0.095 seconds
[2023-05-27T16:49:30.558+0000] {processor.py:153} INFO - Started process (PID=950) to work on /opt/airflow/dags/treino01.py
[2023-05-27T16:49:30.559+0000] {processor.py:743} INFO - Processing file /opt/airflow/dags/treino01.py for tasks to queue
[2023-05-27T16:49:30.560+0000] {logging_mixin.py:137} INFO - [2023-05-27T16:49:30.560+0000] {dagbag.py:532} INFO - Filling up the DagBag from /opt/airflow/dags/treino01.py
[2023-05-27T16:49:30.576+0000] {processor.py:753} INFO - DAG(s) dict_keys(['treino-01']) retrieved from /opt/airflow/dags/treino01.py
[2023-05-27T16:49:30.603+0000] {logging_mixin.py:137} INFO - [2023-05-27T16:49:30.603+0000] {dag.py:2705} INFO - Sync 1 DAGs
[2023-05-27T16:49:30.626+0000] {logging_mixin.py:137} INFO - [2023-05-27T16:49:30.626+0000] {dag.py:3456} INFO - Setting next_dagrun for treino-01 to 2023-04-23T19:08:00+00:00, run_after=2023-04-23T19:10:00+00:00
[2023-05-27T16:49:30.642+0000] {processor.py:175} INFO - Processing /opt/airflow/dags/treino01.py took 0.088 seconds
[2023-05-27T16:50:00.815+0000] {processor.py:153} INFO - Started process (PID=1007) to work on /opt/airflow/dags/treino01.py
[2023-05-27T16:50:00.817+0000] {processor.py:743} INFO - Processing file /opt/airflow/dags/treino01.py for tasks to queue
[2023-05-27T16:50:00.818+0000] {logging_mixin.py:137} INFO - [2023-05-27T16:50:00.818+0000] {dagbag.py:532} INFO - Filling up the DagBag from /opt/airflow/dags/treino01.py
[2023-05-27T16:50:00.835+0000] {processor.py:753} INFO - DAG(s) dict_keys(['treino-01']) retrieved from /opt/airflow/dags/treino01.py
[2023-05-27T16:50:00.863+0000] {logging_mixin.py:137} INFO - [2023-05-27T16:50:00.863+0000] {dag.py:2705} INFO - Sync 1 DAGs
[2023-05-27T16:50:00.885+0000] {logging_mixin.py:137} INFO - [2023-05-27T16:50:00.885+0000] {dag.py:3456} INFO - Setting next_dagrun for treino-01 to 2023-04-23T19:08:00+00:00, run_after=2023-04-23T19:10:00+00:00
[2023-05-27T16:50:00.899+0000] {processor.py:175} INFO - Processing /opt/airflow/dags/treino01.py took 0.087 seconds
[2023-05-27T16:50:31.037+0000] {processor.py:153} INFO - Started process (PID=1063) to work on /opt/airflow/dags/treino01.py
[2023-05-27T16:50:31.038+0000] {processor.py:743} INFO - Processing file /opt/airflow/dags/treino01.py for tasks to queue
[2023-05-27T16:50:31.039+0000] {logging_mixin.py:137} INFO - [2023-05-27T16:50:31.039+0000] {dagbag.py:532} INFO - Filling up the DagBag from /opt/airflow/dags/treino01.py
[2023-05-27T16:50:31.055+0000] {processor.py:753} INFO - DAG(s) dict_keys(['treino-01']) retrieved from /opt/airflow/dags/treino01.py
[2023-05-27T16:50:31.080+0000] {logging_mixin.py:137} INFO - [2023-05-27T16:50:31.080+0000] {dag.py:2705} INFO - Sync 1 DAGs
[2023-05-27T16:50:31.101+0000] {logging_mixin.py:137} INFO - [2023-05-27T16:50:31.101+0000] {dag.py:3456} INFO - Setting next_dagrun for treino-01 to 2023-04-23T19:08:00+00:00, run_after=2023-04-23T19:10:00+00:00
[2023-05-27T16:50:31.115+0000] {processor.py:175} INFO - Processing /opt/airflow/dags/treino01.py took 0.081 seconds
[2023-05-27T16:51:01.244+0000] {processor.py:153} INFO - Started process (PID=1120) to work on /opt/airflow/dags/treino01.py
[2023-05-27T16:51:01.246+0000] {processor.py:743} INFO - Processing file /opt/airflow/dags/treino01.py for tasks to queue
[2023-05-27T16:51:01.247+0000] {logging_mixin.py:137} INFO - [2023-05-27T16:51:01.247+0000] {dagbag.py:532} INFO - Filling up the DagBag from /opt/airflow/dags/treino01.py
[2023-05-27T16:51:01.263+0000] {processor.py:753} INFO - DAG(s) dict_keys(['treino-01']) retrieved from /opt/airflow/dags/treino01.py
[2023-05-27T16:51:01.288+0000] {logging_mixin.py:137} INFO - [2023-05-27T16:51:01.288+0000] {dag.py:2705} INFO - Sync 1 DAGs
[2023-05-27T16:51:01.309+0000] {logging_mixin.py:137} INFO - [2023-05-27T16:51:01.309+0000] {dag.py:3456} INFO - Setting next_dagrun for treino-01 to 2023-04-23T19:08:00+00:00, run_after=2023-04-23T19:10:00+00:00
[2023-05-27T16:51:01.323+0000] {processor.py:175} INFO - Processing /opt/airflow/dags/treino01.py took 0.082 seconds
[2023-05-27T16:51:31.416+0000] {processor.py:153} INFO - Started process (PID=1177) to work on /opt/airflow/dags/treino01.py
[2023-05-27T16:51:31.418+0000] {processor.py:743} INFO - Processing file /opt/airflow/dags/treino01.py for tasks to queue
[2023-05-27T16:51:31.419+0000] {logging_mixin.py:137} INFO - [2023-05-27T16:51:31.419+0000] {dagbag.py:532} INFO - Filling up the DagBag from /opt/airflow/dags/treino01.py
[2023-05-27T16:51:31.437+0000] {processor.py:753} INFO - DAG(s) dict_keys(['treino-01']) retrieved from /opt/airflow/dags/treino01.py
[2023-05-27T16:51:31.463+0000] {logging_mixin.py:137} INFO - [2023-05-27T16:51:31.463+0000] {dag.py:2705} INFO - Sync 1 DAGs
[2023-05-27T16:51:31.486+0000] {logging_mixin.py:137} INFO - [2023-05-27T16:51:31.486+0000] {dag.py:3456} INFO - Setting next_dagrun for treino-01 to 2023-04-23T19:08:00+00:00, run_after=2023-04-23T19:10:00+00:00
[2023-05-27T16:51:31.501+0000] {processor.py:175} INFO - Processing /opt/airflow/dags/treino01.py took 0.088 seconds
[2023-05-27T16:52:02.566+0000] {processor.py:153} INFO - Started process (PID=1235) to work on /opt/airflow/dags/treino01.py
[2023-05-27T16:52:02.567+0000] {processor.py:743} INFO - Processing file /opt/airflow/dags/treino01.py for tasks to queue
[2023-05-27T16:52:02.568+0000] {logging_mixin.py:137} INFO - [2023-05-27T16:52:02.568+0000] {dagbag.py:532} INFO - Filling up the DagBag from /opt/airflow/dags/treino01.py
[2023-05-27T16:52:02.584+0000] {processor.py:753} INFO - DAG(s) dict_keys(['treino-01']) retrieved from /opt/airflow/dags/treino01.py
[2023-05-27T16:52:02.610+0000] {logging_mixin.py:137} INFO - [2023-05-27T16:52:02.610+0000] {dag.py:2705} INFO - Sync 1 DAGs
[2023-05-27T16:52:02.632+0000] {logging_mixin.py:137} INFO - [2023-05-27T16:52:02.632+0000] {dag.py:3456} INFO - Setting next_dagrun for treino-01 to 2023-04-23T19:08:00+00:00, run_after=2023-04-23T19:10:00+00:00
[2023-05-27T16:52:02.646+0000] {processor.py:175} INFO - Processing /opt/airflow/dags/treino01.py took 0.084 seconds
[2023-05-27T16:52:33.391+0000] {processor.py:153} INFO - Started process (PID=1292) to work on /opt/airflow/dags/treino01.py
[2023-05-27T16:52:33.392+0000] {processor.py:743} INFO - Processing file /opt/airflow/dags/treino01.py for tasks to queue
[2023-05-27T16:52:33.393+0000] {logging_mixin.py:137} INFO - [2023-05-27T16:52:33.393+0000] {dagbag.py:532} INFO - Filling up the DagBag from /opt/airflow/dags/treino01.py
[2023-05-27T16:52:33.409+0000] {processor.py:753} INFO - DAG(s) dict_keys(['treino-01']) retrieved from /opt/airflow/dags/treino01.py
[2023-05-27T16:52:33.436+0000] {logging_mixin.py:137} INFO - [2023-05-27T16:52:33.436+0000] {dag.py:2705} INFO - Sync 1 DAGs
[2023-05-27T16:52:33.459+0000] {logging_mixin.py:137} INFO - [2023-05-27T16:52:33.459+0000] {dag.py:3456} INFO - Setting next_dagrun for treino-01 to 2023-04-23T19:08:00+00:00, run_after=2023-04-23T19:10:00+00:00
[2023-05-27T16:52:33.474+0000] {processor.py:175} INFO - Processing /opt/airflow/dags/treino01.py took 0.087 seconds
[2023-05-27T16:53:03.659+0000] {processor.py:153} INFO - Started process (PID=1349) to work on /opt/airflow/dags/treino01.py
[2023-05-27T16:53:03.661+0000] {processor.py:743} INFO - Processing file /opt/airflow/dags/treino01.py for tasks to queue
[2023-05-27T16:53:03.662+0000] {logging_mixin.py:137} INFO - [2023-05-27T16:53:03.662+0000] {dagbag.py:532} INFO - Filling up the DagBag from /opt/airflow/dags/treino01.py
[2023-05-27T16:53:03.678+0000] {processor.py:753} INFO - DAG(s) dict_keys(['treino-01']) retrieved from /opt/airflow/dags/treino01.py
[2023-05-27T16:53:03.718+0000] {logging_mixin.py:137} INFO - [2023-05-27T16:53:03.718+0000] {dag.py:2705} INFO - Sync 1 DAGs
[2023-05-27T16:53:03.755+0000] {logging_mixin.py:137} INFO - [2023-05-27T16:53:03.754+0000] {dag.py:3456} INFO - Setting next_dagrun for treino-01 to 2023-04-23T19:08:00+00:00, run_after=2023-04-23T19:10:00+00:00
[2023-05-27T16:53:03.774+0000] {processor.py:175} INFO - Processing /opt/airflow/dags/treino01.py took 0.118 seconds
[2023-05-27T16:53:33.992+0000] {processor.py:153} INFO - Started process (PID=1406) to work on /opt/airflow/dags/treino01.py
[2023-05-27T16:53:33.994+0000] {processor.py:743} INFO - Processing file /opt/airflow/dags/treino01.py for tasks to queue
[2023-05-27T16:53:33.995+0000] {logging_mixin.py:137} INFO - [2023-05-27T16:53:33.994+0000] {dagbag.py:532} INFO - Filling up the DagBag from /opt/airflow/dags/treino01.py
[2023-05-27T16:53:34.012+0000] {processor.py:753} INFO - DAG(s) dict_keys(['treino-01']) retrieved from /opt/airflow/dags/treino01.py
[2023-05-27T16:53:34.037+0000] {logging_mixin.py:137} INFO - [2023-05-27T16:53:34.037+0000] {dag.py:2705} INFO - Sync 1 DAGs
[2023-05-27T16:53:34.065+0000] {logging_mixin.py:137} INFO - [2023-05-27T16:53:34.065+0000] {dag.py:3456} INFO - Setting next_dagrun for treino-01 to 2023-04-23T19:08:00+00:00, run_after=2023-04-23T19:10:00+00:00
[2023-05-27T16:53:34.080+0000] {processor.py:175} INFO - Processing /opt/airflow/dags/treino01.py took 0.091 seconds
[2023-05-27T16:54:04.233+0000] {processor.py:153} INFO - Started process (PID=1463) to work on /opt/airflow/dags/treino01.py
[2023-05-27T16:54:04.234+0000] {processor.py:743} INFO - Processing file /opt/airflow/dags/treino01.py for tasks to queue
[2023-05-27T16:54:04.235+0000] {logging_mixin.py:137} INFO - [2023-05-27T16:54:04.235+0000] {dagbag.py:532} INFO - Filling up the DagBag from /opt/airflow/dags/treino01.py
[2023-05-27T16:54:04.252+0000] {processor.py:753} INFO - DAG(s) dict_keys(['treino-01']) retrieved from /opt/airflow/dags/treino01.py
[2023-05-27T16:54:04.277+0000] {logging_mixin.py:137} INFO - [2023-05-27T16:54:04.277+0000] {dag.py:2705} INFO - Sync 1 DAGs
[2023-05-27T16:54:04.300+0000] {logging_mixin.py:137} INFO - [2023-05-27T16:54:04.300+0000] {dag.py:3456} INFO - Setting next_dagrun for treino-01 to 2023-04-23T19:08:00+00:00, run_after=2023-04-23T19:10:00+00:00
[2023-05-27T16:54:04.314+0000] {processor.py:175} INFO - Processing /opt/airflow/dags/treino01.py took 0.085 seconds
[2023-05-27T16:54:34.519+0000] {processor.py:153} INFO - Started process (PID=1520) to work on /opt/airflow/dags/treino01.py
[2023-05-27T16:54:34.520+0000] {processor.py:743} INFO - Processing file /opt/airflow/dags/treino01.py for tasks to queue
[2023-05-27T16:54:34.521+0000] {logging_mixin.py:137} INFO - [2023-05-27T16:54:34.521+0000] {dagbag.py:532} INFO - Filling up the DagBag from /opt/airflow/dags/treino01.py
[2023-05-27T16:54:34.538+0000] {processor.py:753} INFO - DAG(s) dict_keys(['treino-01']) retrieved from /opt/airflow/dags/treino01.py
[2023-05-27T16:54:34.564+0000] {logging_mixin.py:137} INFO - [2023-05-27T16:54:34.564+0000] {dag.py:2705} INFO - Sync 1 DAGs
[2023-05-27T16:54:34.589+0000] {logging_mixin.py:137} INFO - [2023-05-27T16:54:34.589+0000] {dag.py:3456} INFO - Setting next_dagrun for treino-01 to 2023-04-23T19:08:00+00:00, run_after=2023-04-23T19:10:00+00:00
[2023-05-27T16:54:34.606+0000] {processor.py:175} INFO - Processing /opt/airflow/dags/treino01.py took 0.090 seconds
[2023-05-27T16:55:04.800+0000] {processor.py:153} INFO - Started process (PID=1577) to work on /opt/airflow/dags/treino01.py
[2023-05-27T16:55:04.802+0000] {processor.py:743} INFO - Processing file /opt/airflow/dags/treino01.py for tasks to queue
[2023-05-27T16:55:04.803+0000] {logging_mixin.py:137} INFO - [2023-05-27T16:55:04.803+0000] {dagbag.py:532} INFO - Filling up the DagBag from /opt/airflow/dags/treino01.py
[2023-05-27T16:55:04.821+0000] {processor.py:753} INFO - DAG(s) dict_keys(['treino-01']) retrieved from /opt/airflow/dags/treino01.py
[2023-05-27T16:55:04.848+0000] {logging_mixin.py:137} INFO - [2023-05-27T16:55:04.848+0000] {dag.py:2705} INFO - Sync 1 DAGs
[2023-05-27T16:55:04.870+0000] {logging_mixin.py:137} INFO - [2023-05-27T16:55:04.870+0000] {dag.py:3456} INFO - Setting next_dagrun for treino-01 to 2023-04-23T19:08:00+00:00, run_after=2023-04-23T19:10:00+00:00
[2023-05-27T16:55:04.884+0000] {processor.py:175} INFO - Processing /opt/airflow/dags/treino01.py took 0.088 seconds
[2023-05-27T16:55:34.946+0000] {processor.py:153} INFO - Started process (PID=1634) to work on /opt/airflow/dags/treino01.py
[2023-05-27T16:55:34.947+0000] {processor.py:743} INFO - Processing file /opt/airflow/dags/treino01.py for tasks to queue
[2023-05-27T16:55:34.948+0000] {logging_mixin.py:137} INFO - [2023-05-27T16:55:34.948+0000] {dagbag.py:532} INFO - Filling up the DagBag from /opt/airflow/dags/treino01.py
[2023-05-27T16:55:34.966+0000] {processor.py:753} INFO - DAG(s) dict_keys(['treino-01']) retrieved from /opt/airflow/dags/treino01.py
[2023-05-27T16:55:34.999+0000] {logging_mixin.py:137} INFO - [2023-05-27T16:55:34.999+0000] {dag.py:2705} INFO - Sync 1 DAGs
[2023-05-27T16:55:35.021+0000] {logging_mixin.py:137} INFO - [2023-05-27T16:55:35.021+0000] {dag.py:3456} INFO - Setting next_dagrun for treino-01 to 2023-04-23T19:08:00+00:00, run_after=2023-04-23T19:10:00+00:00
[2023-05-27T16:55:35.038+0000] {processor.py:175} INFO - Processing /opt/airflow/dags/treino01.py took 0.096 seconds
[2023-05-27T16:56:05.720+0000] {processor.py:153} INFO - Started process (PID=1691) to work on /opt/airflow/dags/treino01.py
[2023-05-27T16:56:05.722+0000] {processor.py:743} INFO - Processing file /opt/airflow/dags/treino01.py for tasks to queue
[2023-05-27T16:56:05.723+0000] {logging_mixin.py:137} INFO - [2023-05-27T16:56:05.723+0000] {dagbag.py:532} INFO - Filling up the DagBag from /opt/airflow/dags/treino01.py
[2023-05-27T16:56:05.746+0000] {processor.py:753} INFO - DAG(s) dict_keys(['treino-01']) retrieved from /opt/airflow/dags/treino01.py
[2023-05-27T16:56:05.776+0000] {logging_mixin.py:137} INFO - [2023-05-27T16:56:05.775+0000] {dag.py:2705} INFO - Sync 1 DAGs
[2023-05-27T16:56:05.807+0000] {logging_mixin.py:137} INFO - [2023-05-27T16:56:05.806+0000] {dag.py:3456} INFO - Setting next_dagrun for treino-01 to 2023-04-23T19:08:00+00:00, run_after=2023-04-23T19:10:00+00:00
[2023-05-27T16:56:05.827+0000] {processor.py:175} INFO - Processing /opt/airflow/dags/treino01.py took 0.113 seconds
[2023-05-27T16:56:36.065+0000] {processor.py:153} INFO - Started process (PID=1747) to work on /opt/airflow/dags/treino01.py
[2023-05-27T16:56:36.066+0000] {processor.py:743} INFO - Processing file /opt/airflow/dags/treino01.py for tasks to queue
[2023-05-27T16:56:36.067+0000] {logging_mixin.py:137} INFO - [2023-05-27T16:56:36.067+0000] {dagbag.py:532} INFO - Filling up the DagBag from /opt/airflow/dags/treino01.py
[2023-05-27T16:56:36.084+0000] {processor.py:753} INFO - DAG(s) dict_keys(['treino-01']) retrieved from /opt/airflow/dags/treino01.py
[2023-05-27T16:56:36.111+0000] {logging_mixin.py:137} INFO - [2023-05-27T16:56:36.111+0000] {dag.py:2705} INFO - Sync 1 DAGs
[2023-05-27T16:56:36.135+0000] {logging_mixin.py:137} INFO - [2023-05-27T16:56:36.135+0000] {dag.py:3456} INFO - Setting next_dagrun for treino-01 to 2023-04-23T19:08:00+00:00, run_after=2023-04-23T19:10:00+00:00
[2023-05-27T16:56:36.150+0000] {processor.py:175} INFO - Processing /opt/airflow/dags/treino01.py took 0.089 seconds
[2023-05-27T16:57:06.964+0000] {processor.py:153} INFO - Started process (PID=1804) to work on /opt/airflow/dags/treino01.py
[2023-05-27T16:57:06.966+0000] {processor.py:743} INFO - Processing file /opt/airflow/dags/treino01.py for tasks to queue
[2023-05-27T16:57:06.967+0000] {logging_mixin.py:137} INFO - [2023-05-27T16:57:06.967+0000] {dagbag.py:532} INFO - Filling up the DagBag from /opt/airflow/dags/treino01.py
[2023-05-27T16:57:06.984+0000] {processor.py:753} INFO - DAG(s) dict_keys(['treino-01']) retrieved from /opt/airflow/dags/treino01.py
[2023-05-27T16:57:07.012+0000] {logging_mixin.py:137} INFO - [2023-05-27T16:57:07.012+0000] {dag.py:2705} INFO - Sync 1 DAGs
[2023-05-27T16:57:07.035+0000] {logging_mixin.py:137} INFO - [2023-05-27T16:57:07.035+0000] {dag.py:3456} INFO - Setting next_dagrun for treino-01 to 2023-04-23T19:08:00+00:00, run_after=2023-04-23T19:10:00+00:00
[2023-05-27T16:57:07.051+0000] {processor.py:175} INFO - Processing /opt/airflow/dags/treino01.py took 0.090 seconds
[2023-05-27T16:57:37.822+0000] {processor.py:153} INFO - Started process (PID=1861) to work on /opt/airflow/dags/treino01.py
[2023-05-27T16:57:37.826+0000] {processor.py:743} INFO - Processing file /opt/airflow/dags/treino01.py for tasks to queue
[2023-05-27T16:57:37.836+0000] {logging_mixin.py:137} INFO - [2023-05-27T16:57:37.836+0000] {dagbag.py:532} INFO - Filling up the DagBag from /opt/airflow/dags/treino01.py
[2023-05-27T16:57:37.857+0000] {processor.py:753} INFO - DAG(s) dict_keys(['treino-01']) retrieved from /opt/airflow/dags/treino01.py
[2023-05-27T16:57:37.890+0000] {logging_mixin.py:137} INFO - [2023-05-27T16:57:37.889+0000] {dag.py:2705} INFO - Sync 1 DAGs
[2023-05-27T16:57:37.911+0000] {logging_mixin.py:137} INFO - [2023-05-27T16:57:37.911+0000] {dag.py:3456} INFO - Setting next_dagrun for treino-01 to 2023-04-23T19:08:00+00:00, run_after=2023-04-23T19:10:00+00:00
[2023-05-27T16:57:37.926+0000] {processor.py:175} INFO - Processing /opt/airflow/dags/treino01.py took 0.109 seconds
[2023-05-27T16:58:08.324+0000] {processor.py:153} INFO - Started process (PID=1918) to work on /opt/airflow/dags/treino01.py
[2023-05-27T16:58:08.328+0000] {processor.py:743} INFO - Processing file /opt/airflow/dags/treino01.py for tasks to queue
[2023-05-27T16:58:08.329+0000] {logging_mixin.py:137} INFO - [2023-05-27T16:58:08.329+0000] {dagbag.py:532} INFO - Filling up the DagBag from /opt/airflow/dags/treino01.py
[2023-05-27T16:58:08.346+0000] {processor.py:753} INFO - DAG(s) dict_keys(['treino-01']) retrieved from /opt/airflow/dags/treino01.py
[2023-05-27T16:58:08.372+0000] {logging_mixin.py:137} INFO - [2023-05-27T16:58:08.372+0000] {dag.py:2705} INFO - Sync 1 DAGs
[2023-05-27T16:58:08.396+0000] {logging_mixin.py:137} INFO - [2023-05-27T16:58:08.396+0000] {dag.py:3456} INFO - Setting next_dagrun for treino-01 to 2023-04-23T19:08:00+00:00, run_after=2023-04-23T19:10:00+00:00
[2023-05-27T16:58:08.411+0000] {processor.py:175} INFO - Processing /opt/airflow/dags/treino01.py took 0.091 seconds
[2023-05-27T16:58:39.014+0000] {processor.py:153} INFO - Started process (PID=1975) to work on /opt/airflow/dags/treino01.py
[2023-05-27T16:58:39.016+0000] {processor.py:743} INFO - Processing file /opt/airflow/dags/treino01.py for tasks to queue
[2023-05-27T16:58:39.017+0000] {logging_mixin.py:137} INFO - [2023-05-27T16:58:39.017+0000] {dagbag.py:532} INFO - Filling up the DagBag from /opt/airflow/dags/treino01.py
[2023-05-27T16:58:39.037+0000] {processor.py:753} INFO - DAG(s) dict_keys(['treino-01']) retrieved from /opt/airflow/dags/treino01.py
[2023-05-27T16:58:39.066+0000] {logging_mixin.py:137} INFO - [2023-05-27T16:58:39.066+0000] {dag.py:2705} INFO - Sync 1 DAGs
[2023-05-27T16:58:39.096+0000] {logging_mixin.py:137} INFO - [2023-05-27T16:58:39.096+0000] {dag.py:3456} INFO - Setting next_dagrun for treino-01 to 2023-04-23T19:08:00+00:00, run_after=2023-04-23T19:10:00+00:00
[2023-05-27T16:58:39.118+0000] {processor.py:175} INFO - Processing /opt/airflow/dags/treino01.py took 0.108 seconds
[2023-05-27T16:59:09.649+0000] {processor.py:153} INFO - Started process (PID=2032) to work on /opt/airflow/dags/treino01.py
[2023-05-27T16:59:09.650+0000] {processor.py:743} INFO - Processing file /opt/airflow/dags/treino01.py for tasks to queue
[2023-05-27T16:59:09.651+0000] {logging_mixin.py:137} INFO - [2023-05-27T16:59:09.651+0000] {dagbag.py:532} INFO - Filling up the DagBag from /opt/airflow/dags/treino01.py
[2023-05-27T16:59:09.668+0000] {processor.py:753} INFO - DAG(s) dict_keys(['treino-01']) retrieved from /opt/airflow/dags/treino01.py
[2023-05-27T16:59:09.695+0000] {logging_mixin.py:137} INFO - [2023-05-27T16:59:09.695+0000] {dag.py:2705} INFO - Sync 1 DAGs
[2023-05-27T16:59:09.718+0000] {logging_mixin.py:137} INFO - [2023-05-27T16:59:09.718+0000] {dag.py:3456} INFO - Setting next_dagrun for treino-01 to 2023-04-23T19:08:00+00:00, run_after=2023-04-23T19:10:00+00:00
[2023-05-27T16:59:09.734+0000] {processor.py:175} INFO - Processing /opt/airflow/dags/treino01.py took 0.089 seconds
[2023-05-27T16:59:40.547+0000] {processor.py:153} INFO - Started process (PID=2089) to work on /opt/airflow/dags/treino01.py
[2023-05-27T16:59:40.548+0000] {processor.py:743} INFO - Processing file /opt/airflow/dags/treino01.py for tasks to queue
[2023-05-27T16:59:40.549+0000] {logging_mixin.py:137} INFO - [2023-05-27T16:59:40.549+0000] {dagbag.py:532} INFO - Filling up the DagBag from /opt/airflow/dags/treino01.py
[2023-05-27T16:59:40.565+0000] {processor.py:753} INFO - DAG(s) dict_keys(['treino-01']) retrieved from /opt/airflow/dags/treino01.py
[2023-05-27T16:59:40.591+0000] {logging_mixin.py:137} INFO - [2023-05-27T16:59:40.591+0000] {dag.py:2705} INFO - Sync 1 DAGs
[2023-05-27T16:59:40.614+0000] {logging_mixin.py:137} INFO - [2023-05-27T16:59:40.614+0000] {dag.py:3456} INFO - Setting next_dagrun for treino-01 to 2023-04-23T19:08:00+00:00, run_after=2023-04-23T19:10:00+00:00
[2023-05-27T16:59:40.628+0000] {processor.py:175} INFO - Processing /opt/airflow/dags/treino01.py took 0.085 seconds
[2023-05-27T17:00:11.503+0000] {processor.py:153} INFO - Started process (PID=2146) to work on /opt/airflow/dags/treino01.py
[2023-05-27T17:00:11.510+0000] {processor.py:743} INFO - Processing file /opt/airflow/dags/treino01.py for tasks to queue
[2023-05-27T17:00:11.511+0000] {logging_mixin.py:137} INFO - [2023-05-27T17:00:11.511+0000] {dagbag.py:532} INFO - Filling up the DagBag from /opt/airflow/dags/treino01.py
[2023-05-27T17:00:11.540+0000] {processor.py:753} INFO - DAG(s) dict_keys(['treino-01']) retrieved from /opt/airflow/dags/treino01.py
[2023-05-27T17:00:11.592+0000] {logging_mixin.py:137} INFO - [2023-05-27T17:00:11.591+0000] {dag.py:2705} INFO - Sync 1 DAGs
[2023-05-27T17:00:11.644+0000] {logging_mixin.py:137} INFO - [2023-05-27T17:00:11.643+0000] {dag.py:3456} INFO - Setting next_dagrun for treino-01 to 2023-04-23T19:08:00+00:00, run_after=2023-04-23T19:10:00+00:00
[2023-05-27T17:00:11.692+0000] {processor.py:175} INFO - Processing /opt/airflow/dags/treino01.py took 0.194 seconds
[2023-05-27T17:00:42.762+0000] {processor.py:153} INFO - Started process (PID=2203) to work on /opt/airflow/dags/treino01.py
[2023-05-27T17:00:42.764+0000] {processor.py:743} INFO - Processing file /opt/airflow/dags/treino01.py for tasks to queue
[2023-05-27T17:00:42.767+0000] {logging_mixin.py:137} INFO - [2023-05-27T17:00:42.767+0000] {dagbag.py:532} INFO - Filling up the DagBag from /opt/airflow/dags/treino01.py
[2023-05-27T17:00:42.810+0000] {processor.py:753} INFO - DAG(s) dict_keys(['treino-01']) retrieved from /opt/airflow/dags/treino01.py
[2023-05-27T17:00:42.890+0000] {logging_mixin.py:137} INFO - [2023-05-27T17:00:42.890+0000] {dag.py:2705} INFO - Sync 1 DAGs
[2023-05-27T17:00:42.945+0000] {logging_mixin.py:137} INFO - [2023-05-27T17:00:42.945+0000] {dag.py:3456} INFO - Setting next_dagrun for treino-01 to 2023-04-23T19:08:00+00:00, run_after=2023-04-23T19:10:00+00:00
[2023-05-27T17:00:42.980+0000] {processor.py:175} INFO - Processing /opt/airflow/dags/treino01.py took 0.223 seconds
[2023-05-27T17:01:14.362+0000] {processor.py:153} INFO - Started process (PID=2260) to work on /opt/airflow/dags/treino01.py
[2023-05-27T17:01:14.367+0000] {processor.py:743} INFO - Processing file /opt/airflow/dags/treino01.py for tasks to queue
[2023-05-27T17:01:14.370+0000] {logging_mixin.py:137} INFO - [2023-05-27T17:01:14.369+0000] {dagbag.py:532} INFO - Filling up the DagBag from /opt/airflow/dags/treino01.py
