[2023-04-25T23:36:18.847+0000] {taskinstance.py:1090} INFO - Dependencies all met for dep_context=non-requeueable deps ti=<TaskInstance: treino-02.get-data scheduled__2023-04-23T22:02:00+00:00 [queued]>
[2023-04-25T23:36:18.857+0000] {taskinstance.py:1090} INFO - Dependencies all met for dep_context=requeueable deps ti=<TaskInstance: treino-02.get-data scheduled__2023-04-23T22:02:00+00:00 [queued]>
[2023-04-25T23:36:18.858+0000] {taskinstance.py:1288} INFO - 
--------------------------------------------------------------------------------
[2023-04-25T23:36:18.859+0000] {taskinstance.py:1289} INFO - Starting attempt 2 of 2
[2023-04-25T23:36:18.859+0000] {taskinstance.py:1290} INFO - 
--------------------------------------------------------------------------------
[2023-04-25T23:36:18.877+0000] {taskinstance.py:1309} INFO - Executing <Task(BashOperator): get-data> on 2023-04-23 22:02:00+00:00
[2023-04-25T23:36:18.886+0000] {standard_task_runner.py:55} INFO - Started process 1227 to run task
[2023-04-25T23:36:18.895+0000] {standard_task_runner.py:82} INFO - Running: ['***', 'tasks', 'run', 'treino-02', 'get-data', 'scheduled__2023-04-23T22:02:00+00:00', '--job-id', '218', '--raw', '--subdir', 'DAGS_FOLDER/treino02.py', '--cfg-path', '/tmp/tmpxp_2u2si']
[2023-04-25T23:36:18.897+0000] {standard_task_runner.py:83} INFO - Job 218: Subtask get-data
[2023-04-25T23:36:19.037+0000] {task_command.py:389} INFO - Running <TaskInstance: treino-02.get-data scheduled__2023-04-23T22:02:00+00:00 [running]> on host b7947b05bca0
[2023-04-25T23:36:19.127+0000] {taskinstance.py:1518} INFO - Exporting the following env vars:
AIRFLOW_CTX_DAG_EMAIL=test@example.com,test2@example.com
AIRFLOW_CTX_DAG_OWNER=augsmachado
AIRFLOW_CTX_DAG_ID=treino-02
AIRFLOW_CTX_TASK_ID=get-data
AIRFLOW_CTX_EXECUTION_DATE=2023-04-23T22:02:00+00:00
AIRFLOW_CTX_TRY_NUMBER=2
AIRFLOW_CTX_DAG_RUN_ID=scheduled__2023-04-23T22:02:00+00:00
[2023-04-25T23:36:19.131+0000] {subprocess.py:63} INFO - Tmp dir root location: 
 /tmp
[2023-04-25T23:36:19.132+0000] {subprocess.py:75} INFO - Running command: ['/bin/bash', '-c', 'curl -o ~/Users/augsmachado/Desktop/Development/***-docker/files/titanic.csv https://raw.githubusercontent.com/datasciencedojo/datasets/master/titanic.csv']
[2023-04-25T23:36:19.146+0000] {subprocess.py:86} INFO - Output:
[2023-04-25T23:36:19.165+0000] {subprocess.py:93} INFO -   % Total    % Received % Xferd  Average Speed   Time    Time     Time  Current
[2023-04-25T23:36:19.178+0000] {subprocess.py:93} INFO -                                  Dload  Upload   Total   Spent    Left  Speed
[2023-04-25T23:36:19.299+0000] {subprocess.py:93} INFO -   0     0    0     0    0     0      0      0 --:--:-- --:--:-- --:--:--     0Warning: Failed to create the file
[2023-04-25T23:36:19.301+0000] {subprocess.py:93} INFO - Warning: /home/***/Users/augsmachado/Desktop/Development/***-docker/fil
[2023-04-25T23:36:19.302+0000] {subprocess.py:93} INFO - Warning: es/titanic.csv: No such file or directory
[2023-04-25T23:36:19.303+0000] {subprocess.py:93} INFO -   1 60302    1   857    0     0   6395      0  0:00:09 --:--:--  0:00:09  6395
[2023-04-25T23:36:19.306+0000] {subprocess.py:93} INFO - curl: (23) Failure writing output to destination
[2023-04-25T23:36:19.308+0000] {subprocess.py:97} INFO - Command exited with return code 23
[2023-04-25T23:36:19.330+0000] {taskinstance.py:1776} ERROR - Task failed with exception
Traceback (most recent call last):
  File "/home/airflow/.local/lib/python3.7/site-packages/airflow/operators/bash.py", line 197, in execute
    f"Bash command failed. The command returned a non-zero exit code {result.exit_code}."
airflow.exceptions.AirflowException: Bash command failed. The command returned a non-zero exit code 23.
[2023-04-25T23:36:19.336+0000] {taskinstance.py:1332} INFO - Marking task as FAILED. dag_id=treino-02, task_id=get-data, execution_date=20230423T220200, start_date=20230425T233618, end_date=20230425T233619
[2023-04-25T23:36:19.351+0000] {standard_task_runner.py:105} ERROR - Failed to execute job 218 for task get-data (Bash command failed. The command returned a non-zero exit code 23.; 1227)
[2023-04-25T23:36:19.388+0000] {local_task_job.py:212} INFO - Task exited with return code 1
[2023-04-25T23:36:19.442+0000] {taskinstance.py:2596} INFO - 0 downstream tasks scheduled from follow-on schedule check
