[2023-04-25T23:37:57.236+0000] {taskinstance.py:1090} INFO - Dependencies all met for dep_context=non-requeueable deps ti=<TaskInstance: treino-02.get-data scheduled__2023-04-23T22:42:00+00:00 [queued]>
[2023-04-25T23:37:57.394+0000] {taskinstance.py:1090} INFO - Dependencies all met for dep_context=requeueable deps ti=<TaskInstance: treino-02.get-data scheduled__2023-04-23T22:42:00+00:00 [queued]>
[2023-04-25T23:37:57.408+0000] {taskinstance.py:1288} INFO - 
--------------------------------------------------------------------------------
[2023-04-25T23:37:57.410+0000] {taskinstance.py:1289} INFO - Starting attempt 1 of 2
[2023-04-25T23:37:57.412+0000] {taskinstance.py:1290} INFO - 
--------------------------------------------------------------------------------
[2023-04-25T23:37:57.595+0000] {taskinstance.py:1309} INFO - Executing <Task(BashOperator): get-data> on 2023-04-23 22:42:00+00:00
[2023-04-25T23:37:57.655+0000] {standard_task_runner.py:55} INFO - Started process 1362 to run task
[2023-04-25T23:37:57.733+0000] {standard_task_runner.py:82} INFO - Running: ['***', 'tasks', 'run', 'treino-02', 'get-data', 'scheduled__2023-04-23T22:42:00+00:00', '--job-id', '240', '--raw', '--subdir', 'DAGS_FOLDER/treino02.py', '--cfg-path', '/tmp/tmpcyzolssq']
[2023-04-25T23:37:57.769+0000] {standard_task_runner.py:83} INFO - Job 240: Subtask get-data
[2023-04-25T23:37:58.432+0000] {task_command.py:389} INFO - Running <TaskInstance: treino-02.get-data scheduled__2023-04-23T22:42:00+00:00 [running]> on host b7947b05bca0
[2023-04-25T23:37:58.861+0000] {taskinstance.py:1518} INFO - Exporting the following env vars:
AIRFLOW_CTX_DAG_EMAIL=test@example.com,test2@example.com
AIRFLOW_CTX_DAG_OWNER=augsmachado
AIRFLOW_CTX_DAG_ID=treino-02
AIRFLOW_CTX_TASK_ID=get-data
AIRFLOW_CTX_EXECUTION_DATE=2023-04-23T22:42:00+00:00
AIRFLOW_CTX_TRY_NUMBER=1
AIRFLOW_CTX_DAG_RUN_ID=scheduled__2023-04-23T22:42:00+00:00
[2023-04-25T23:37:58.889+0000] {subprocess.py:63} INFO - Tmp dir root location: 
 /tmp
[2023-04-25T23:37:58.893+0000] {subprocess.py:75} INFO - Running command: ['/bin/bash', '-c', 'curl -o ~/titanic.csv https://raw.githubusercontent.com/datasciencedojo/datasets/master/titanic.csv']
[2023-04-25T23:37:59.003+0000] {subprocess.py:86} INFO - Output:
[2023-04-25T23:37:59.153+0000] {subprocess.py:93} INFO -   % Total    % Received % Xferd  Average Speed   Time    Time     Time  Current
[2023-04-25T23:37:59.167+0000] {subprocess.py:93} INFO -                                  Dload  Upload   Total   Spent    Left  Speed
[2023-04-25T23:37:59.436+0000] {subprocess.py:93} INFO -   0     0    0     0    0     0      0      0 --:--:-- --:--:-- --:--:--     0100 60302  100 60302    0     0   205k      0 --:--:-- --:--:-- --:--:--  205k
[2023-04-25T23:37:59.472+0000] {subprocess.py:97} INFO - Command exited with return code 0
[2023-04-25T23:38:00.063+0000] {taskinstance.py:1332} INFO - Marking task as SUCCESS. dag_id=treino-02, task_id=get-data, execution_date=20230423T224200, start_date=20230425T233757, end_date=20230425T233800
[2023-04-25T23:38:01.455+0000] {local_task_job.py:212} INFO - Task exited with return code 0
[2023-04-25T23:38:03.884+0000] {taskinstance.py:2596} INFO - 1 downstream tasks scheduled from follow-on schedule check
