[2023-04-23T19:01:03.383+0000] {taskinstance.py:1090} INFO - Dependencies all met for dep_context=non-requeueable deps ti=<TaskInstance: treino-01.Hello_Python manual__2023-04-23T19:00:52.292753+00:00 [queued]>
[2023-04-23T19:01:03.399+0000] {taskinstance.py:1090} INFO - Dependencies all met for dep_context=requeueable deps ti=<TaskInstance: treino-01.Hello_Python manual__2023-04-23T19:00:52.292753+00:00 [queued]>
[2023-04-23T19:01:03.400+0000] {taskinstance.py:1288} INFO - 
--------------------------------------------------------------------------------
[2023-04-23T19:01:03.402+0000] {taskinstance.py:1289} INFO - Starting attempt 1 of 2
[2023-04-23T19:01:03.403+0000] {taskinstance.py:1290} INFO - 
--------------------------------------------------------------------------------
[2023-04-23T19:01:03.437+0000] {taskinstance.py:1309} INFO - Executing <Task(PythonOperator): Hello_Python> on 2023-04-23 19:00:52.292753+00:00
[2023-04-23T19:01:03.471+0000] {standard_task_runner.py:55} INFO - Started process 3871 to run task
[2023-04-23T19:01:03.494+0000] {standard_task_runner.py:82} INFO - Running: ['***', 'tasks', 'run', 'treino-01', 'Hello_Python', 'manual__2023-04-23T19:00:52.292753+00:00', '--job-id', '6', '--raw', '--subdir', 'DAGS_FOLDER/treino01.py', '--cfg-path', '/tmp/tmphiagkxkt']
[2023-04-23T19:01:03.500+0000] {standard_task_runner.py:83} INFO - Job 6: Subtask Hello_Python
[2023-04-23T19:01:03.666+0000] {task_command.py:389} INFO - Running <TaskInstance: treino-01.Hello_Python manual__2023-04-23T19:00:52.292753+00:00 [running]> on host b7947b05bca0
[2023-04-23T19:01:03.985+0000] {taskinstance.py:1518} INFO - Exporting the following env vars:
AIRFLOW_CTX_DAG_EMAIL=test@example.com,test2@example.com
AIRFLOW_CTX_DAG_OWNER=augsmachado
AIRFLOW_CTX_DAG_ID=treino-01
AIRFLOW_CTX_TASK_ID=Hello_Python
AIRFLOW_CTX_EXECUTION_DATE=2023-04-23T19:00:52.292753+00:00
AIRFLOW_CTX_TRY_NUMBER=1
AIRFLOW_CTX_DAG_RUN_ID=manual__2023-04-23T19:00:52.292753+00:00
[2023-04-23T19:01:03.995+0000] {logging_mixin.py:137} INFO - Hello Airflow form Python
[2023-04-23T19:01:03.997+0000] {python.py:177} INFO - Done. Returned value was: None
[2023-04-23T19:01:04.026+0000] {taskinstance.py:1332} INFO - Marking task as SUCCESS. dag_id=treino-01, task_id=Hello_Python, execution_date=20230423T190052, start_date=20230423T190103, end_date=20230423T190104
[2023-04-23T19:01:04.106+0000] {local_task_job.py:212} INFO - Task exited with return code 0
[2023-04-23T19:01:04.200+0000] {taskinstance.py:2596} INFO - 0 downstream tasks scheduled from follow-on schedule check
