[2023-07-01T00:00:19.383+0000] {processor.py:153} INFO - Started process (PID=51403) to work on /opt/airflow/dags/treino06.py
[2023-07-01T00:00:19.385+0000] {processor.py:743} INFO - Processing file /opt/airflow/dags/treino06.py for tasks to queue
[2023-07-01T00:00:19.386+0000] {logging_mixin.py:137} INFO - [2023-07-01T00:00:19.386+0000] {dagbag.py:532} INFO - Filling up the DagBag from /opt/airflow/dags/treino06.py
[2023-07-01T00:00:19.457+0000] {processor.py:753} INFO - DAG(s) dict_keys(['treino-06']) retrieved from /opt/airflow/dags/treino06.py
[2023-07-01T00:00:19.513+0000] {logging_mixin.py:137} INFO - [2023-07-01T00:00:19.512+0000] {dag.py:2705} INFO - Sync 1 DAGs
[2023-07-01T00:00:19.543+0000] {logging_mixin.py:137} INFO - [2023-07-01T00:00:19.542+0000] {dag.py:3456} INFO - Setting next_dagrun for treino-06 to 2023-07-01T00:00:00+00:00, run_after=2023-07-02T00:00:00+00:00
[2023-07-01T00:00:19.554+0000] {processor.py:175} INFO - Processing /opt/airflow/dags/treino06.py took 0.180 seconds
[2023-07-01T00:00:49.710+0000] {processor.py:153} INFO - Started process (PID=51460) to work on /opt/airflow/dags/treino06.py
[2023-07-01T00:00:49.713+0000] {processor.py:743} INFO - Processing file /opt/airflow/dags/treino06.py for tasks to queue
[2023-07-01T00:00:49.714+0000] {logging_mixin.py:137} INFO - [2023-07-01T00:00:49.714+0000] {dagbag.py:532} INFO - Filling up the DagBag from /opt/airflow/dags/treino06.py
[2023-07-01T00:00:49.773+0000] {processor.py:753} INFO - DAG(s) dict_keys(['treino-06']) retrieved from /opt/airflow/dags/treino06.py
[2023-07-01T00:00:49.827+0000] {logging_mixin.py:137} INFO - [2023-07-01T00:00:49.827+0000] {dag.py:2705} INFO - Sync 1 DAGs
[2023-07-01T00:00:49.846+0000] {logging_mixin.py:137} INFO - [2023-07-01T00:00:49.846+0000] {dag.py:3456} INFO - Setting next_dagrun for treino-06 to 2023-07-01T00:00:00+00:00, run_after=2023-07-02T00:00:00+00:00
[2023-07-01T00:00:49.857+0000] {processor.py:175} INFO - Processing /opt/airflow/dags/treino06.py took 0.154 seconds
[2023-07-01T00:01:20.644+0000] {processor.py:153} INFO - Started process (PID=51518) to work on /opt/airflow/dags/treino06.py
[2023-07-01T00:01:20.646+0000] {processor.py:743} INFO - Processing file /opt/airflow/dags/treino06.py for tasks to queue
[2023-07-01T00:01:20.648+0000] {logging_mixin.py:137} INFO - [2023-07-01T00:01:20.647+0000] {dagbag.py:532} INFO - Filling up the DagBag from /opt/airflow/dags/treino06.py
[2023-07-01T00:01:20.705+0000] {processor.py:753} INFO - DAG(s) dict_keys(['treino-06']) retrieved from /opt/airflow/dags/treino06.py
[2023-07-01T00:01:20.735+0000] {logging_mixin.py:137} INFO - [2023-07-01T00:01:20.735+0000] {dag.py:2705} INFO - Sync 1 DAGs
[2023-07-01T00:01:20.761+0000] {logging_mixin.py:137} INFO - [2023-07-01T00:01:20.761+0000] {dag.py:3456} INFO - Setting next_dagrun for treino-06 to 2023-07-01T00:00:00+00:00, run_after=2023-07-02T00:00:00+00:00
[2023-07-01T00:01:20.779+0000] {processor.py:175} INFO - Processing /opt/airflow/dags/treino06.py took 0.140 seconds
[2023-07-01T00:01:51.421+0000] {processor.py:153} INFO - Started process (PID=51574) to work on /opt/airflow/dags/treino06.py
[2023-07-01T00:01:51.423+0000] {processor.py:743} INFO - Processing file /opt/airflow/dags/treino06.py for tasks to queue
[2023-07-01T00:01:51.424+0000] {logging_mixin.py:137} INFO - [2023-07-01T00:01:51.424+0000] {dagbag.py:532} INFO - Filling up the DagBag from /opt/airflow/dags/treino06.py
[2023-07-01T00:01:51.479+0000] {processor.py:753} INFO - DAG(s) dict_keys(['treino-06']) retrieved from /opt/airflow/dags/treino06.py
[2023-07-01T00:01:51.507+0000] {logging_mixin.py:137} INFO - [2023-07-01T00:01:51.507+0000] {dag.py:2705} INFO - Sync 1 DAGs
[2023-07-01T00:01:51.534+0000] {logging_mixin.py:137} INFO - [2023-07-01T00:01:51.534+0000] {dag.py:3456} INFO - Setting next_dagrun for treino-06 to 2023-07-01T00:00:00+00:00, run_after=2023-07-02T00:00:00+00:00
[2023-07-01T00:01:51.559+0000] {processor.py:175} INFO - Processing /opt/airflow/dags/treino06.py took 0.143 seconds
[2023-07-01T00:02:22.148+0000] {processor.py:153} INFO - Started process (PID=51630) to work on /opt/airflow/dags/treino06.py
[2023-07-01T00:02:22.150+0000] {processor.py:743} INFO - Processing file /opt/airflow/dags/treino06.py for tasks to queue
[2023-07-01T00:02:22.152+0000] {logging_mixin.py:137} INFO - [2023-07-01T00:02:22.152+0000] {dagbag.py:532} INFO - Filling up the DagBag from /opt/airflow/dags/treino06.py
[2023-07-01T00:02:22.215+0000] {processor.py:753} INFO - DAG(s) dict_keys(['treino-06']) retrieved from /opt/airflow/dags/treino06.py
[2023-07-01T00:02:22.244+0000] {logging_mixin.py:137} INFO - [2023-07-01T00:02:22.244+0000] {dag.py:2705} INFO - Sync 1 DAGs
[2023-07-01T00:02:22.267+0000] {logging_mixin.py:137} INFO - [2023-07-01T00:02:22.267+0000] {dag.py:3456} INFO - Setting next_dagrun for treino-06 to 2023-07-01T00:00:00+00:00, run_after=2023-07-02T00:00:00+00:00
[2023-07-01T00:02:22.281+0000] {processor.py:175} INFO - Processing /opt/airflow/dags/treino06.py took 0.140 seconds
[2023-07-01T00:02:53.096+0000] {processor.py:153} INFO - Started process (PID=51687) to work on /opt/airflow/dags/treino06.py
[2023-07-01T00:02:53.100+0000] {processor.py:743} INFO - Processing file /opt/airflow/dags/treino06.py for tasks to queue
[2023-07-01T00:02:53.102+0000] {logging_mixin.py:137} INFO - [2023-07-01T00:02:53.102+0000] {dagbag.py:532} INFO - Filling up the DagBag from /opt/airflow/dags/treino06.py
[2023-07-01T00:02:53.166+0000] {processor.py:753} INFO - DAG(s) dict_keys(['treino-06']) retrieved from /opt/airflow/dags/treino06.py
[2023-07-01T00:02:53.197+0000] {logging_mixin.py:137} INFO - [2023-07-01T00:02:53.197+0000] {dag.py:2705} INFO - Sync 1 DAGs
[2023-07-01T00:02:53.230+0000] {logging_mixin.py:137} INFO - [2023-07-01T00:02:53.229+0000] {dag.py:3456} INFO - Setting next_dagrun for treino-06 to 2023-07-01T00:00:00+00:00, run_after=2023-07-02T00:00:00+00:00
[2023-07-01T00:02:53.244+0000] {processor.py:175} INFO - Processing /opt/airflow/dags/treino06.py took 0.157 seconds
[2023-07-01T00:03:24.192+0000] {processor.py:153} INFO - Started process (PID=51744) to work on /opt/airflow/dags/treino06.py
[2023-07-01T00:03:24.193+0000] {processor.py:743} INFO - Processing file /opt/airflow/dags/treino06.py for tasks to queue
[2023-07-01T00:03:24.194+0000] {logging_mixin.py:137} INFO - [2023-07-01T00:03:24.194+0000] {dagbag.py:532} INFO - Filling up the DagBag from /opt/airflow/dags/treino06.py
[2023-07-01T00:03:24.245+0000] {processor.py:753} INFO - DAG(s) dict_keys(['treino-06']) retrieved from /opt/airflow/dags/treino06.py
[2023-07-01T00:03:24.271+0000] {logging_mixin.py:137} INFO - [2023-07-01T00:03:24.271+0000] {dag.py:2705} INFO - Sync 1 DAGs
[2023-07-01T00:03:24.298+0000] {logging_mixin.py:137} INFO - [2023-07-01T00:03:24.298+0000] {dag.py:3456} INFO - Setting next_dagrun for treino-06 to 2023-07-01T00:00:00+00:00, run_after=2023-07-02T00:00:00+00:00
[2023-07-01T00:03:24.317+0000] {processor.py:175} INFO - Processing /opt/airflow/dags/treino06.py took 0.129 seconds
[2023-07-01T00:03:55.147+0000] {processor.py:153} INFO - Started process (PID=51801) to work on /opt/airflow/dags/treino06.py
[2023-07-01T00:03:55.150+0000] {processor.py:743} INFO - Processing file /opt/airflow/dags/treino06.py for tasks to queue
[2023-07-01T00:03:55.151+0000] {logging_mixin.py:137} INFO - [2023-07-01T00:03:55.151+0000] {dagbag.py:532} INFO - Filling up the DagBag from /opt/airflow/dags/treino06.py
[2023-07-01T00:03:55.236+0000] {processor.py:753} INFO - DAG(s) dict_keys(['treino-06']) retrieved from /opt/airflow/dags/treino06.py
[2023-07-01T00:03:55.276+0000] {logging_mixin.py:137} INFO - [2023-07-01T00:03:55.276+0000] {dag.py:2705} INFO - Sync 1 DAGs
[2023-07-01T00:03:55.303+0000] {logging_mixin.py:137} INFO - [2023-07-01T00:03:55.303+0000] {dag.py:3456} INFO - Setting next_dagrun for treino-06 to 2023-07-01T00:00:00+00:00, run_after=2023-07-02T00:00:00+00:00
[2023-07-01T00:03:55.315+0000] {processor.py:175} INFO - Processing /opt/airflow/dags/treino06.py took 0.173 seconds
[2023-07-01T00:04:26.039+0000] {processor.py:153} INFO - Started process (PID=51858) to work on /opt/airflow/dags/treino06.py
[2023-07-01T00:04:26.043+0000] {processor.py:743} INFO - Processing file /opt/airflow/dags/treino06.py for tasks to queue
[2023-07-01T00:04:26.045+0000] {logging_mixin.py:137} INFO - [2023-07-01T00:04:26.044+0000] {dagbag.py:532} INFO - Filling up the DagBag from /opt/airflow/dags/treino06.py
[2023-07-01T00:04:26.109+0000] {processor.py:753} INFO - DAG(s) dict_keys(['treino-06']) retrieved from /opt/airflow/dags/treino06.py
[2023-07-01T00:04:26.142+0000] {logging_mixin.py:137} INFO - [2023-07-01T00:04:26.142+0000] {dag.py:2705} INFO - Sync 1 DAGs
[2023-07-01T00:04:26.185+0000] {logging_mixin.py:137} INFO - [2023-07-01T00:04:26.185+0000] {dag.py:3456} INFO - Setting next_dagrun for treino-06 to 2023-07-01T00:00:00+00:00, run_after=2023-07-02T00:00:00+00:00
[2023-07-01T00:04:26.202+0000] {processor.py:175} INFO - Processing /opt/airflow/dags/treino06.py took 0.178 seconds
[2023-07-01T00:04:57.008+0000] {processor.py:153} INFO - Started process (PID=51914) to work on /opt/airflow/dags/treino06.py
[2023-07-01T00:04:57.011+0000] {processor.py:743} INFO - Processing file /opt/airflow/dags/treino06.py for tasks to queue
[2023-07-01T00:04:57.013+0000] {logging_mixin.py:137} INFO - [2023-07-01T00:04:57.013+0000] {dagbag.py:532} INFO - Filling up the DagBag from /opt/airflow/dags/treino06.py
[2023-07-01T00:04:57.063+0000] {processor.py:753} INFO - DAG(s) dict_keys(['treino-06']) retrieved from /opt/airflow/dags/treino06.py
[2023-07-01T00:04:57.092+0000] {logging_mixin.py:137} INFO - [2023-07-01T00:04:57.092+0000] {dag.py:2705} INFO - Sync 1 DAGs
[2023-07-01T00:04:57.113+0000] {logging_mixin.py:137} INFO - [2023-07-01T00:04:57.113+0000] {dag.py:3456} INFO - Setting next_dagrun for treino-06 to 2023-07-01T00:00:00+00:00, run_after=2023-07-02T00:00:00+00:00
[2023-07-01T00:04:57.125+0000] {processor.py:175} INFO - Processing /opt/airflow/dags/treino06.py took 0.124 seconds
[2023-07-01T00:05:27.843+0000] {processor.py:153} INFO - Started process (PID=51971) to work on /opt/airflow/dags/treino06.py
[2023-07-01T00:05:27.846+0000] {processor.py:743} INFO - Processing file /opt/airflow/dags/treino06.py for tasks to queue
[2023-07-01T00:05:27.848+0000] {logging_mixin.py:137} INFO - [2023-07-01T00:05:27.848+0000] {dagbag.py:532} INFO - Filling up the DagBag from /opt/airflow/dags/treino06.py
[2023-07-01T00:05:27.911+0000] {processor.py:753} INFO - DAG(s) dict_keys(['treino-06']) retrieved from /opt/airflow/dags/treino06.py
[2023-07-01T00:05:27.945+0000] {logging_mixin.py:137} INFO - [2023-07-01T00:05:27.945+0000] {dag.py:2705} INFO - Sync 1 DAGs
[2023-07-01T00:05:27.985+0000] {logging_mixin.py:137} INFO - [2023-07-01T00:05:27.985+0000] {dag.py:3456} INFO - Setting next_dagrun for treino-06 to 2023-07-01T00:00:00+00:00, run_after=2023-07-02T00:00:00+00:00
[2023-07-01T00:05:27.998+0000] {processor.py:175} INFO - Processing /opt/airflow/dags/treino06.py took 0.160 seconds
[2023-07-01T00:05:58.150+0000] {processor.py:153} INFO - Started process (PID=52028) to work on /opt/airflow/dags/treino06.py
[2023-07-01T00:05:58.154+0000] {processor.py:743} INFO - Processing file /opt/airflow/dags/treino06.py for tasks to queue
[2023-07-01T00:05:58.156+0000] {logging_mixin.py:137} INFO - [2023-07-01T00:05:58.156+0000] {dagbag.py:532} INFO - Filling up the DagBag from /opt/airflow/dags/treino06.py
[2023-07-01T00:05:58.215+0000] {processor.py:753} INFO - DAG(s) dict_keys(['treino-06']) retrieved from /opt/airflow/dags/treino06.py
[2023-07-01T00:05:58.249+0000] {logging_mixin.py:137} INFO - [2023-07-01T00:05:58.249+0000] {dag.py:2705} INFO - Sync 1 DAGs
[2023-07-01T00:05:58.271+0000] {logging_mixin.py:137} INFO - [2023-07-01T00:05:58.270+0000] {dag.py:3456} INFO - Setting next_dagrun for treino-06 to 2023-07-01T00:00:00+00:00, run_after=2023-07-02T00:00:00+00:00
[2023-07-01T00:05:58.281+0000] {processor.py:175} INFO - Processing /opt/airflow/dags/treino06.py took 0.141 seconds
[2023-07-01T00:06:28.383+0000] {processor.py:153} INFO - Started process (PID=52085) to work on /opt/airflow/dags/treino06.py
[2023-07-01T00:06:28.385+0000] {processor.py:743} INFO - Processing file /opt/airflow/dags/treino06.py for tasks to queue
[2023-07-01T00:06:28.386+0000] {logging_mixin.py:137} INFO - [2023-07-01T00:06:28.386+0000] {dagbag.py:532} INFO - Filling up the DagBag from /opt/airflow/dags/treino06.py
[2023-07-01T00:06:28.422+0000] {processor.py:753} INFO - DAG(s) dict_keys(['treino-06']) retrieved from /opt/airflow/dags/treino06.py
[2023-07-01T00:06:28.444+0000] {logging_mixin.py:137} INFO - [2023-07-01T00:06:28.444+0000] {dag.py:2705} INFO - Sync 1 DAGs
[2023-07-01T00:06:28.462+0000] {logging_mixin.py:137} INFO - [2023-07-01T00:06:28.462+0000] {dag.py:3456} INFO - Setting next_dagrun for treino-06 to 2023-07-01T00:00:00+00:00, run_after=2023-07-02T00:00:00+00:00
[2023-07-01T00:06:28.477+0000] {processor.py:175} INFO - Processing /opt/airflow/dags/treino06.py took 0.100 seconds
[2023-07-01T00:06:59.176+0000] {processor.py:153} INFO - Started process (PID=52142) to work on /opt/airflow/dags/treino06.py
[2023-07-01T00:06:59.180+0000] {processor.py:743} INFO - Processing file /opt/airflow/dags/treino06.py for tasks to queue
[2023-07-01T00:06:59.181+0000] {logging_mixin.py:137} INFO - [2023-07-01T00:06:59.181+0000] {dagbag.py:532} INFO - Filling up the DagBag from /opt/airflow/dags/treino06.py
[2023-07-01T00:06:59.241+0000] {processor.py:753} INFO - DAG(s) dict_keys(['treino-06']) retrieved from /opt/airflow/dags/treino06.py
[2023-07-01T00:06:59.275+0000] {logging_mixin.py:137} INFO - [2023-07-01T00:06:59.275+0000] {dag.py:2705} INFO - Sync 1 DAGs
[2023-07-01T00:06:59.297+0000] {logging_mixin.py:137} INFO - [2023-07-01T00:06:59.297+0000] {dag.py:3456} INFO - Setting next_dagrun for treino-06 to 2023-07-01T00:00:00+00:00, run_after=2023-07-02T00:00:00+00:00
[2023-07-01T00:06:59.309+0000] {processor.py:175} INFO - Processing /opt/airflow/dags/treino06.py took 0.140 seconds
[2023-07-01T00:07:30.019+0000] {processor.py:153} INFO - Started process (PID=52199) to work on /opt/airflow/dags/treino06.py
[2023-07-01T00:07:30.023+0000] {processor.py:743} INFO - Processing file /opt/airflow/dags/treino06.py for tasks to queue
[2023-07-01T00:07:30.024+0000] {logging_mixin.py:137} INFO - [2023-07-01T00:07:30.024+0000] {dagbag.py:532} INFO - Filling up the DagBag from /opt/airflow/dags/treino06.py
[2023-07-01T00:07:30.070+0000] {processor.py:753} INFO - DAG(s) dict_keys(['treino-06']) retrieved from /opt/airflow/dags/treino06.py
[2023-07-01T00:07:30.096+0000] {logging_mixin.py:137} INFO - [2023-07-01T00:07:30.096+0000] {dag.py:2705} INFO - Sync 1 DAGs
[2023-07-01T00:07:30.125+0000] {logging_mixin.py:137} INFO - [2023-07-01T00:07:30.125+0000] {dag.py:3456} INFO - Setting next_dagrun for treino-06 to 2023-07-01T00:00:00+00:00, run_after=2023-07-02T00:00:00+00:00
[2023-07-01T00:07:30.137+0000] {processor.py:175} INFO - Processing /opt/airflow/dags/treino06.py took 0.124 seconds
[2023-07-01T00:08:00.517+0000] {processor.py:153} INFO - Started process (PID=52256) to work on /opt/airflow/dags/treino06.py
[2023-07-01T00:08:00.521+0000] {processor.py:743} INFO - Processing file /opt/airflow/dags/treino06.py for tasks to queue
[2023-07-01T00:08:00.525+0000] {logging_mixin.py:137} INFO - [2023-07-01T00:08:00.525+0000] {dagbag.py:532} INFO - Filling up the DagBag from /opt/airflow/dags/treino06.py
[2023-07-01T00:08:00.586+0000] {processor.py:753} INFO - DAG(s) dict_keys(['treino-06']) retrieved from /opt/airflow/dags/treino06.py
[2023-07-01T00:08:00.620+0000] {logging_mixin.py:137} INFO - [2023-07-01T00:08:00.620+0000] {dag.py:2705} INFO - Sync 1 DAGs
[2023-07-01T00:08:00.647+0000] {logging_mixin.py:137} INFO - [2023-07-01T00:08:00.647+0000] {dag.py:3456} INFO - Setting next_dagrun for treino-06 to 2023-07-01T00:00:00+00:00, run_after=2023-07-02T00:00:00+00:00
[2023-07-01T00:08:00.659+0000] {processor.py:175} INFO - Processing /opt/airflow/dags/treino06.py took 0.150 seconds
[2023-07-01T00:08:30.830+0000] {processor.py:153} INFO - Started process (PID=52313) to work on /opt/airflow/dags/treino06.py
[2023-07-01T00:08:30.834+0000] {processor.py:743} INFO - Processing file /opt/airflow/dags/treino06.py for tasks to queue
[2023-07-01T00:08:30.835+0000] {logging_mixin.py:137} INFO - [2023-07-01T00:08:30.835+0000] {dagbag.py:532} INFO - Filling up the DagBag from /opt/airflow/dags/treino06.py
[2023-07-01T00:08:30.891+0000] {processor.py:753} INFO - DAG(s) dict_keys(['treino-06']) retrieved from /opt/airflow/dags/treino06.py
[2023-07-01T00:08:30.919+0000] {logging_mixin.py:137} INFO - [2023-07-01T00:08:30.919+0000] {dag.py:2705} INFO - Sync 1 DAGs
[2023-07-01T00:08:30.940+0000] {logging_mixin.py:137} INFO - [2023-07-01T00:08:30.940+0000] {dag.py:3456} INFO - Setting next_dagrun for treino-06 to 2023-07-01T00:00:00+00:00, run_after=2023-07-02T00:00:00+00:00
[2023-07-01T00:08:30.958+0000] {processor.py:175} INFO - Processing /opt/airflow/dags/treino06.py took 0.137 seconds
[2023-07-01T00:09:01.166+0000] {processor.py:153} INFO - Started process (PID=52370) to work on /opt/airflow/dags/treino06.py
[2023-07-01T00:09:01.168+0000] {processor.py:743} INFO - Processing file /opt/airflow/dags/treino06.py for tasks to queue
[2023-07-01T00:09:01.170+0000] {logging_mixin.py:137} INFO - [2023-07-01T00:09:01.170+0000] {dagbag.py:532} INFO - Filling up the DagBag from /opt/airflow/dags/treino06.py
[2023-07-01T00:09:01.232+0000] {processor.py:753} INFO - DAG(s) dict_keys(['treino-06']) retrieved from /opt/airflow/dags/treino06.py
[2023-07-01T00:09:01.261+0000] {logging_mixin.py:137} INFO - [2023-07-01T00:09:01.261+0000] {dag.py:2705} INFO - Sync 1 DAGs
[2023-07-01T00:09:01.283+0000] {logging_mixin.py:137} INFO - [2023-07-01T00:09:01.283+0000] {dag.py:3456} INFO - Setting next_dagrun for treino-06 to 2023-07-01T00:00:00+00:00, run_after=2023-07-02T00:00:00+00:00
[2023-07-01T00:09:01.295+0000] {processor.py:175} INFO - Processing /opt/airflow/dags/treino06.py took 0.137 seconds
[2023-07-01T00:09:31.639+0000] {processor.py:153} INFO - Started process (PID=52427) to work on /opt/airflow/dags/treino06.py
[2023-07-01T00:09:31.641+0000] {processor.py:743} INFO - Processing file /opt/airflow/dags/treino06.py for tasks to queue
[2023-07-01T00:09:31.643+0000] {logging_mixin.py:137} INFO - [2023-07-01T00:09:31.643+0000] {dagbag.py:532} INFO - Filling up the DagBag from /opt/airflow/dags/treino06.py
[2023-07-01T00:09:31.692+0000] {processor.py:753} INFO - DAG(s) dict_keys(['treino-06']) retrieved from /opt/airflow/dags/treino06.py
[2023-07-01T00:09:31.717+0000] {logging_mixin.py:137} INFO - [2023-07-01T00:09:31.717+0000] {dag.py:2705} INFO - Sync 1 DAGs
[2023-07-01T00:09:31.747+0000] {logging_mixin.py:137} INFO - [2023-07-01T00:09:31.747+0000] {dag.py:3456} INFO - Setting next_dagrun for treino-06 to 2023-07-01T00:00:00+00:00, run_after=2023-07-02T00:00:00+00:00
[2023-07-01T00:09:31.762+0000] {processor.py:175} INFO - Processing /opt/airflow/dags/treino06.py took 0.134 seconds
[2023-07-01T00:10:02.171+0000] {processor.py:153} INFO - Started process (PID=52485) to work on /opt/airflow/dags/treino06.py
[2023-07-01T00:10:02.173+0000] {processor.py:743} INFO - Processing file /opt/airflow/dags/treino06.py for tasks to queue
[2023-07-01T00:10:02.175+0000] {logging_mixin.py:137} INFO - [2023-07-01T00:10:02.175+0000] {dagbag.py:532} INFO - Filling up the DagBag from /opt/airflow/dags/treino06.py
[2023-07-01T00:10:02.229+0000] {processor.py:753} INFO - DAG(s) dict_keys(['treino-06']) retrieved from /opt/airflow/dags/treino06.py
[2023-07-01T00:10:02.263+0000] {logging_mixin.py:137} INFO - [2023-07-01T00:10:02.262+0000] {dag.py:2705} INFO - Sync 1 DAGs
[2023-07-01T00:10:02.294+0000] {logging_mixin.py:137} INFO - [2023-07-01T00:10:02.294+0000] {dag.py:3456} INFO - Setting next_dagrun for treino-06 to 2023-07-01T00:00:00+00:00, run_after=2023-07-02T00:00:00+00:00
[2023-07-01T00:10:02.307+0000] {processor.py:175} INFO - Processing /opt/airflow/dags/treino06.py took 0.142 seconds
[2023-07-01T00:10:33.335+0000] {processor.py:153} INFO - Started process (PID=52542) to work on /opt/airflow/dags/treino06.py
[2023-07-01T00:10:33.340+0000] {processor.py:743} INFO - Processing file /opt/airflow/dags/treino06.py for tasks to queue
[2023-07-01T00:10:33.342+0000] {logging_mixin.py:137} INFO - [2023-07-01T00:10:33.342+0000] {dagbag.py:532} INFO - Filling up the DagBag from /opt/airflow/dags/treino06.py
[2023-07-01T00:10:33.400+0000] {processor.py:753} INFO - DAG(s) dict_keys(['treino-06']) retrieved from /opt/airflow/dags/treino06.py
[2023-07-01T00:10:33.431+0000] {logging_mixin.py:137} INFO - [2023-07-01T00:10:33.431+0000] {dag.py:2705} INFO - Sync 1 DAGs
[2023-07-01T00:10:33.463+0000] {logging_mixin.py:137} INFO - [2023-07-01T00:10:33.463+0000] {dag.py:3456} INFO - Setting next_dagrun for treino-06 to 2023-07-01T00:00:00+00:00, run_after=2023-07-02T00:00:00+00:00
[2023-07-01T00:10:33.476+0000] {processor.py:175} INFO - Processing /opt/airflow/dags/treino06.py took 0.156 seconds
[2023-07-01T00:11:03.643+0000] {processor.py:153} INFO - Started process (PID=52600) to work on /opt/airflow/dags/treino06.py
[2023-07-01T00:11:03.644+0000] {processor.py:743} INFO - Processing file /opt/airflow/dags/treino06.py for tasks to queue
[2023-07-01T00:11:03.645+0000] {logging_mixin.py:137} INFO - [2023-07-01T00:11:03.645+0000] {dagbag.py:532} INFO - Filling up the DagBag from /opt/airflow/dags/treino06.py
[2023-07-01T00:11:03.674+0000] {processor.py:753} INFO - DAG(s) dict_keys(['treino-06']) retrieved from /opt/airflow/dags/treino06.py
[2023-07-01T00:11:03.697+0000] {logging_mixin.py:137} INFO - [2023-07-01T00:11:03.697+0000] {dag.py:2705} INFO - Sync 1 DAGs
[2023-07-01T00:11:03.715+0000] {logging_mixin.py:137} INFO - [2023-07-01T00:11:03.715+0000] {dag.py:3456} INFO - Setting next_dagrun for treino-06 to 2023-07-01T00:00:00+00:00, run_after=2023-07-02T00:00:00+00:00
[2023-07-01T00:11:03.726+0000] {processor.py:175} INFO - Processing /opt/airflow/dags/treino06.py took 0.088 seconds
[2023-07-01T00:11:34.463+0000] {processor.py:153} INFO - Started process (PID=52658) to work on /opt/airflow/dags/treino06.py
[2023-07-01T00:11:34.465+0000] {processor.py:743} INFO - Processing file /opt/airflow/dags/treino06.py for tasks to queue
[2023-07-01T00:11:34.466+0000] {logging_mixin.py:137} INFO - [2023-07-01T00:11:34.466+0000] {dagbag.py:532} INFO - Filling up the DagBag from /opt/airflow/dags/treino06.py
[2023-07-01T00:11:34.496+0000] {processor.py:753} INFO - DAG(s) dict_keys(['treino-06']) retrieved from /opt/airflow/dags/treino06.py
[2023-07-01T00:11:34.521+0000] {logging_mixin.py:137} INFO - [2023-07-01T00:11:34.521+0000] {dag.py:2705} INFO - Sync 1 DAGs
[2023-07-01T00:11:34.544+0000] {logging_mixin.py:137} INFO - [2023-07-01T00:11:34.544+0000] {dag.py:3456} INFO - Setting next_dagrun for treino-06 to 2023-07-01T00:00:00+00:00, run_after=2023-07-02T00:00:00+00:00
[2023-07-01T00:11:34.555+0000] {processor.py:175} INFO - Processing /opt/airflow/dags/treino06.py took 0.095 seconds
[2023-07-01T00:12:05.156+0000] {processor.py:153} INFO - Started process (PID=52715) to work on /opt/airflow/dags/treino06.py
[2023-07-01T00:12:05.157+0000] {processor.py:743} INFO - Processing file /opt/airflow/dags/treino06.py for tasks to queue
[2023-07-01T00:12:05.157+0000] {logging_mixin.py:137} INFO - [2023-07-01T00:12:05.157+0000] {dagbag.py:532} INFO - Filling up the DagBag from /opt/airflow/dags/treino06.py
[2023-07-01T00:12:05.180+0000] {processor.py:753} INFO - DAG(s) dict_keys(['treino-06']) retrieved from /opt/airflow/dags/treino06.py
[2023-07-01T00:12:05.198+0000] {logging_mixin.py:137} INFO - [2023-07-01T00:12:05.198+0000] {dag.py:2705} INFO - Sync 1 DAGs
[2023-07-01T00:12:05.225+0000] {logging_mixin.py:137} INFO - [2023-07-01T00:12:05.225+0000] {dag.py:3456} INFO - Setting next_dagrun for treino-06 to 2023-07-01T00:00:00+00:00, run_after=2023-07-02T00:00:00+00:00
[2023-07-01T00:12:05.235+0000] {processor.py:175} INFO - Processing /opt/airflow/dags/treino06.py took 0.082 seconds
[2023-07-01T00:12:35.925+0000] {processor.py:153} INFO - Started process (PID=52772) to work on /opt/airflow/dags/treino06.py
[2023-07-01T00:12:35.927+0000] {processor.py:743} INFO - Processing file /opt/airflow/dags/treino06.py for tasks to queue
[2023-07-01T00:12:35.928+0000] {logging_mixin.py:137} INFO - [2023-07-01T00:12:35.928+0000] {dagbag.py:532} INFO - Filling up the DagBag from /opt/airflow/dags/treino06.py
[2023-07-01T00:12:35.961+0000] {processor.py:753} INFO - DAG(s) dict_keys(['treino-06']) retrieved from /opt/airflow/dags/treino06.py
[2023-07-01T00:12:35.981+0000] {logging_mixin.py:137} INFO - [2023-07-01T00:12:35.981+0000] {dag.py:2705} INFO - Sync 1 DAGs
[2023-07-01T00:12:36.000+0000] {logging_mixin.py:137} INFO - [2023-07-01T00:12:36.000+0000] {dag.py:3456} INFO - Setting next_dagrun for treino-06 to 2023-07-01T00:00:00+00:00, run_after=2023-07-02T00:00:00+00:00
[2023-07-01T00:12:36.010+0000] {processor.py:175} INFO - Processing /opt/airflow/dags/treino06.py took 0.091 seconds
[2023-07-01T00:13:06.468+0000] {processor.py:153} INFO - Started process (PID=52829) to work on /opt/airflow/dags/treino06.py
[2023-07-01T00:13:06.470+0000] {processor.py:743} INFO - Processing file /opt/airflow/dags/treino06.py for tasks to queue
[2023-07-01T00:13:06.471+0000] {logging_mixin.py:137} INFO - [2023-07-01T00:13:06.471+0000] {dagbag.py:532} INFO - Filling up the DagBag from /opt/airflow/dags/treino06.py
[2023-07-01T00:13:06.522+0000] {processor.py:753} INFO - DAG(s) dict_keys(['treino-06']) retrieved from /opt/airflow/dags/treino06.py
[2023-07-01T00:13:06.546+0000] {logging_mixin.py:137} INFO - [2023-07-01T00:13:06.546+0000] {dag.py:2705} INFO - Sync 1 DAGs
[2023-07-01T00:13:06.568+0000] {logging_mixin.py:137} INFO - [2023-07-01T00:13:06.567+0000] {dag.py:3456} INFO - Setting next_dagrun for treino-06 to 2023-07-01T00:00:00+00:00, run_after=2023-07-02T00:00:00+00:00
[2023-07-01T00:13:06.579+0000] {processor.py:175} INFO - Processing /opt/airflow/dags/treino06.py took 0.119 seconds
[2023-07-01T00:13:37.649+0000] {processor.py:153} INFO - Started process (PID=52886) to work on /opt/airflow/dags/treino06.py
[2023-07-01T00:13:37.650+0000] {processor.py:743} INFO - Processing file /opt/airflow/dags/treino06.py for tasks to queue
[2023-07-01T00:13:37.651+0000] {logging_mixin.py:137} INFO - [2023-07-01T00:13:37.651+0000] {dagbag.py:532} INFO - Filling up the DagBag from /opt/airflow/dags/treino06.py
[2023-07-01T00:13:37.683+0000] {processor.py:753} INFO - DAG(s) dict_keys(['treino-06']) retrieved from /opt/airflow/dags/treino06.py
[2023-07-01T00:13:37.715+0000] {logging_mixin.py:137} INFO - [2023-07-01T00:13:37.715+0000] {dag.py:2705} INFO - Sync 1 DAGs
[2023-07-01T00:13:37.741+0000] {logging_mixin.py:137} INFO - [2023-07-01T00:13:37.741+0000] {dag.py:3456} INFO - Setting next_dagrun for treino-06 to 2023-07-01T00:00:00+00:00, run_after=2023-07-02T00:00:00+00:00
[2023-07-01T00:13:37.754+0000] {processor.py:175} INFO - Processing /opt/airflow/dags/treino06.py took 0.111 seconds
[2023-07-01T00:14:08.818+0000] {processor.py:153} INFO - Started process (PID=52944) to work on /opt/airflow/dags/treino06.py
[2023-07-01T00:14:08.821+0000] {processor.py:743} INFO - Processing file /opt/airflow/dags/treino06.py for tasks to queue
[2023-07-01T00:14:08.825+0000] {logging_mixin.py:137} INFO - [2023-07-01T00:14:08.824+0000] {dagbag.py:532} INFO - Filling up the DagBag from /opt/airflow/dags/treino06.py
[2023-07-01T00:14:08.856+0000] {processor.py:753} INFO - DAG(s) dict_keys(['treino-06']) retrieved from /opt/airflow/dags/treino06.py
[2023-07-01T00:14:08.890+0000] {logging_mixin.py:137} INFO - [2023-07-01T00:14:08.890+0000] {dag.py:2705} INFO - Sync 1 DAGs
[2023-07-01T00:14:08.913+0000] {logging_mixin.py:137} INFO - [2023-07-01T00:14:08.913+0000] {dag.py:3456} INFO - Setting next_dagrun for treino-06 to 2023-07-01T00:00:00+00:00, run_after=2023-07-02T00:00:00+00:00
[2023-07-01T00:14:08.924+0000] {processor.py:175} INFO - Processing /opt/airflow/dags/treino06.py took 0.111 seconds
[2023-07-01T00:14:39.028+0000] {processor.py:153} INFO - Started process (PID=53001) to work on /opt/airflow/dags/treino06.py
[2023-07-01T00:14:39.031+0000] {processor.py:743} INFO - Processing file /opt/airflow/dags/treino06.py for tasks to queue
[2023-07-01T00:14:39.032+0000] {logging_mixin.py:137} INFO - [2023-07-01T00:14:39.032+0000] {dagbag.py:532} INFO - Filling up the DagBag from /opt/airflow/dags/treino06.py
[2023-07-01T00:14:39.071+0000] {processor.py:753} INFO - DAG(s) dict_keys(['treino-06']) retrieved from /opt/airflow/dags/treino06.py
[2023-07-01T00:14:39.094+0000] {logging_mixin.py:137} INFO - [2023-07-01T00:14:39.094+0000] {dag.py:2705} INFO - Sync 1 DAGs
[2023-07-01T00:14:39.117+0000] {logging_mixin.py:137} INFO - [2023-07-01T00:14:39.117+0000] {dag.py:3456} INFO - Setting next_dagrun for treino-06 to 2023-07-01T00:00:00+00:00, run_after=2023-07-02T00:00:00+00:00
[2023-07-01T00:14:39.144+0000] {processor.py:175} INFO - Processing /opt/airflow/dags/treino06.py took 0.125 seconds
[2023-07-01T00:15:09.275+0000] {processor.py:153} INFO - Started process (PID=53058) to work on /opt/airflow/dags/treino06.py
[2023-07-01T00:15:09.280+0000] {processor.py:743} INFO - Processing file /opt/airflow/dags/treino06.py for tasks to queue
[2023-07-01T00:15:09.281+0000] {logging_mixin.py:137} INFO - [2023-07-01T00:15:09.281+0000] {dagbag.py:532} INFO - Filling up the DagBag from /opt/airflow/dags/treino06.py
[2023-07-01T00:15:09.329+0000] {processor.py:753} INFO - DAG(s) dict_keys(['treino-06']) retrieved from /opt/airflow/dags/treino06.py
[2023-07-01T00:15:09.388+0000] {logging_mixin.py:137} INFO - [2023-07-01T00:15:09.388+0000] {dag.py:2705} INFO - Sync 1 DAGs
[2023-07-01T00:15:09.410+0000] {logging_mixin.py:137} INFO - [2023-07-01T00:15:09.409+0000] {dag.py:3456} INFO - Setting next_dagrun for treino-06 to 2023-07-01T00:00:00+00:00, run_after=2023-07-02T00:00:00+00:00
[2023-07-01T00:15:09.423+0000] {processor.py:175} INFO - Processing /opt/airflow/dags/treino06.py took 0.155 seconds
[2023-07-01T00:15:39.523+0000] {processor.py:153} INFO - Started process (PID=53115) to work on /opt/airflow/dags/treino06.py
[2023-07-01T00:15:39.527+0000] {processor.py:743} INFO - Processing file /opt/airflow/dags/treino06.py for tasks to queue
[2023-07-01T00:15:39.529+0000] {logging_mixin.py:137} INFO - [2023-07-01T00:15:39.529+0000] {dagbag.py:532} INFO - Filling up the DagBag from /opt/airflow/dags/treino06.py
[2023-07-01T00:15:39.576+0000] {processor.py:753} INFO - DAG(s) dict_keys(['treino-06']) retrieved from /opt/airflow/dags/treino06.py
[2023-07-01T00:15:39.616+0000] {logging_mixin.py:137} INFO - [2023-07-01T00:15:39.616+0000] {dag.py:2705} INFO - Sync 1 DAGs
[2023-07-01T00:15:39.639+0000] {logging_mixin.py:137} INFO - [2023-07-01T00:15:39.638+0000] {dag.py:3456} INFO - Setting next_dagrun for treino-06 to 2023-07-01T00:00:00+00:00, run_after=2023-07-02T00:00:00+00:00
[2023-07-01T00:15:39.650+0000] {processor.py:175} INFO - Processing /opt/airflow/dags/treino06.py took 0.135 seconds
[2023-07-01T00:16:09.790+0000] {processor.py:153} INFO - Started process (PID=53171) to work on /opt/airflow/dags/treino06.py
[2023-07-01T00:16:09.792+0000] {processor.py:743} INFO - Processing file /opt/airflow/dags/treino06.py for tasks to queue
[2023-07-01T00:16:09.793+0000] {logging_mixin.py:137} INFO - [2023-07-01T00:16:09.793+0000] {dagbag.py:532} INFO - Filling up the DagBag from /opt/airflow/dags/treino06.py
[2023-07-01T00:16:09.847+0000] {processor.py:753} INFO - DAG(s) dict_keys(['treino-06']) retrieved from /opt/airflow/dags/treino06.py
[2023-07-01T00:16:09.879+0000] {logging_mixin.py:137} INFO - [2023-07-01T00:16:09.879+0000] {dag.py:2705} INFO - Sync 1 DAGs
[2023-07-01T00:16:09.904+0000] {logging_mixin.py:137} INFO - [2023-07-01T00:16:09.904+0000] {dag.py:3456} INFO - Setting next_dagrun for treino-06 to 2023-07-01T00:00:00+00:00, run_after=2023-07-02T00:00:00+00:00
[2023-07-01T00:16:09.929+0000] {processor.py:175} INFO - Processing /opt/airflow/dags/treino06.py took 0.151 seconds
[2023-07-01T00:16:40.099+0000] {processor.py:153} INFO - Started process (PID=53228) to work on /opt/airflow/dags/treino06.py
[2023-07-01T00:16:40.101+0000] {processor.py:743} INFO - Processing file /opt/airflow/dags/treino06.py for tasks to queue
[2023-07-01T00:16:40.102+0000] {logging_mixin.py:137} INFO - [2023-07-01T00:16:40.102+0000] {dagbag.py:532} INFO - Filling up the DagBag from /opt/airflow/dags/treino06.py
[2023-07-01T00:16:40.145+0000] {processor.py:753} INFO - DAG(s) dict_keys(['treino-06']) retrieved from /opt/airflow/dags/treino06.py
[2023-07-01T00:16:40.171+0000] {logging_mixin.py:137} INFO - [2023-07-01T00:16:40.171+0000] {dag.py:2705} INFO - Sync 1 DAGs
[2023-07-01T00:16:40.191+0000] {logging_mixin.py:137} INFO - [2023-07-01T00:16:40.191+0000] {dag.py:3456} INFO - Setting next_dagrun for treino-06 to 2023-07-01T00:00:00+00:00, run_after=2023-07-02T00:00:00+00:00
[2023-07-01T00:16:40.203+0000] {processor.py:175} INFO - Processing /opt/airflow/dags/treino06.py took 0.108 seconds
[2023-07-01T00:17:10.438+0000] {processor.py:153} INFO - Started process (PID=53285) to work on /opt/airflow/dags/treino06.py
[2023-07-01T00:17:10.441+0000] {processor.py:743} INFO - Processing file /opt/airflow/dags/treino06.py for tasks to queue
[2023-07-01T00:17:10.443+0000] {logging_mixin.py:137} INFO - [2023-07-01T00:17:10.443+0000] {dagbag.py:532} INFO - Filling up the DagBag from /opt/airflow/dags/treino06.py
[2023-07-01T00:17:10.493+0000] {processor.py:753} INFO - DAG(s) dict_keys(['treino-06']) retrieved from /opt/airflow/dags/treino06.py
[2023-07-01T00:17:10.523+0000] {logging_mixin.py:137} INFO - [2023-07-01T00:17:10.523+0000] {dag.py:2705} INFO - Sync 1 DAGs
[2023-07-01T00:17:10.558+0000] {logging_mixin.py:137} INFO - [2023-07-01T00:17:10.558+0000] {dag.py:3456} INFO - Setting next_dagrun for treino-06 to 2023-07-01T00:00:00+00:00, run_after=2023-07-02T00:00:00+00:00
[2023-07-01T00:17:10.571+0000] {processor.py:175} INFO - Processing /opt/airflow/dags/treino06.py took 0.140 seconds
[2023-07-01T00:17:41.417+0000] {processor.py:153} INFO - Started process (PID=53349) to work on /opt/airflow/dags/treino06.py
[2023-07-01T00:17:41.419+0000] {processor.py:743} INFO - Processing file /opt/airflow/dags/treino06.py for tasks to queue
[2023-07-01T00:17:41.421+0000] {logging_mixin.py:137} INFO - [2023-07-01T00:17:41.421+0000] {dagbag.py:532} INFO - Filling up the DagBag from /opt/airflow/dags/treino06.py
[2023-07-01T00:17:41.480+0000] {processor.py:753} INFO - DAG(s) dict_keys(['treino-06']) retrieved from /opt/airflow/dags/treino06.py
[2023-07-01T00:17:41.503+0000] {logging_mixin.py:137} INFO - [2023-07-01T00:17:41.503+0000] {dag.py:2705} INFO - Sync 1 DAGs
[2023-07-01T00:17:41.522+0000] {logging_mixin.py:137} INFO - [2023-07-01T00:17:41.522+0000] {dag.py:3456} INFO - Setting next_dagrun for treino-06 to 2023-07-01T00:00:00+00:00, run_after=2023-07-02T00:00:00+00:00
[2023-07-01T00:17:41.532+0000] {processor.py:175} INFO - Processing /opt/airflow/dags/treino06.py took 0.124 seconds
[2023-07-01T00:18:12.214+0000] {processor.py:153} INFO - Started process (PID=53406) to work on /opt/airflow/dags/treino06.py
[2023-07-01T00:18:12.217+0000] {processor.py:743} INFO - Processing file /opt/airflow/dags/treino06.py for tasks to queue
[2023-07-01T00:18:12.218+0000] {logging_mixin.py:137} INFO - [2023-07-01T00:18:12.218+0000] {dagbag.py:532} INFO - Filling up the DagBag from /opt/airflow/dags/treino06.py
[2023-07-01T00:18:12.270+0000] {processor.py:753} INFO - DAG(s) dict_keys(['treino-06']) retrieved from /opt/airflow/dags/treino06.py
[2023-07-01T00:18:12.300+0000] {logging_mixin.py:137} INFO - [2023-07-01T00:18:12.300+0000] {dag.py:2705} INFO - Sync 1 DAGs
[2023-07-01T00:18:12.321+0000] {logging_mixin.py:137} INFO - [2023-07-01T00:18:12.321+0000] {dag.py:3456} INFO - Setting next_dagrun for treino-06 to 2023-07-01T00:00:00+00:00, run_after=2023-07-02T00:00:00+00:00
[2023-07-01T00:18:12.332+0000] {processor.py:175} INFO - Processing /opt/airflow/dags/treino06.py took 0.124 seconds
[2023-07-01T00:18:42.903+0000] {processor.py:153} INFO - Started process (PID=53463) to work on /opt/airflow/dags/treino06.py
[2023-07-01T00:18:42.905+0000] {processor.py:743} INFO - Processing file /opt/airflow/dags/treino06.py for tasks to queue
[2023-07-01T00:18:42.906+0000] {logging_mixin.py:137} INFO - [2023-07-01T00:18:42.906+0000] {dagbag.py:532} INFO - Filling up the DagBag from /opt/airflow/dags/treino06.py
[2023-07-01T00:18:42.964+0000] {processor.py:753} INFO - DAG(s) dict_keys(['treino-06']) retrieved from /opt/airflow/dags/treino06.py
[2023-07-01T00:18:42.993+0000] {logging_mixin.py:137} INFO - [2023-07-01T00:18:42.992+0000] {dag.py:2705} INFO - Sync 1 DAGs
[2023-07-01T00:18:43.015+0000] {logging_mixin.py:137} INFO - [2023-07-01T00:18:43.015+0000] {dag.py:3456} INFO - Setting next_dagrun for treino-06 to 2023-07-01T00:00:00+00:00, run_after=2023-07-02T00:00:00+00:00
[2023-07-01T00:18:43.033+0000] {processor.py:175} INFO - Processing /opt/airflow/dags/treino06.py took 0.133 seconds
[2023-07-01T00:19:13.135+0000] {processor.py:153} INFO - Started process (PID=53521) to work on /opt/airflow/dags/treino06.py
[2023-07-01T00:19:13.138+0000] {processor.py:743} INFO - Processing file /opt/airflow/dags/treino06.py for tasks to queue
[2023-07-01T00:19:13.139+0000] {logging_mixin.py:137} INFO - [2023-07-01T00:19:13.139+0000] {dagbag.py:532} INFO - Filling up the DagBag from /opt/airflow/dags/treino06.py
[2023-07-01T00:19:13.198+0000] {processor.py:753} INFO - DAG(s) dict_keys(['treino-06']) retrieved from /opt/airflow/dags/treino06.py
[2023-07-01T00:19:13.222+0000] {logging_mixin.py:137} INFO - [2023-07-01T00:19:13.222+0000] {dag.py:2705} INFO - Sync 1 DAGs
[2023-07-01T00:19:13.241+0000] {logging_mixin.py:137} INFO - [2023-07-01T00:19:13.241+0000] {dag.py:3456} INFO - Setting next_dagrun for treino-06 to 2023-07-01T00:00:00+00:00, run_after=2023-07-02T00:00:00+00:00
[2023-07-01T00:19:13.253+0000] {processor.py:175} INFO - Processing /opt/airflow/dags/treino06.py took 0.128 seconds
[2023-07-01T00:19:43.505+0000] {processor.py:153} INFO - Started process (PID=53578) to work on /opt/airflow/dags/treino06.py
[2023-07-01T00:19:43.514+0000] {processor.py:743} INFO - Processing file /opt/airflow/dags/treino06.py for tasks to queue
[2023-07-01T00:19:43.520+0000] {logging_mixin.py:137} INFO - [2023-07-01T00:19:43.520+0000] {dagbag.py:532} INFO - Filling up the DagBag from /opt/airflow/dags/treino06.py
[2023-07-01T00:19:43.579+0000] {processor.py:753} INFO - DAG(s) dict_keys(['treino-06']) retrieved from /opt/airflow/dags/treino06.py
[2023-07-01T00:19:43.615+0000] {logging_mixin.py:137} INFO - [2023-07-01T00:19:43.615+0000] {dag.py:2705} INFO - Sync 1 DAGs
[2023-07-01T00:19:43.640+0000] {logging_mixin.py:137} INFO - [2023-07-01T00:19:43.640+0000] {dag.py:3456} INFO - Setting next_dagrun for treino-06 to 2023-07-01T00:00:00+00:00, run_after=2023-07-02T00:00:00+00:00
[2023-07-01T00:19:43.652+0000] {processor.py:175} INFO - Processing /opt/airflow/dags/treino06.py took 0.170 seconds
[2023-07-01T00:20:14.168+0000] {processor.py:153} INFO - Started process (PID=53635) to work on /opt/airflow/dags/treino06.py
[2023-07-01T00:20:14.171+0000] {processor.py:743} INFO - Processing file /opt/airflow/dags/treino06.py for tasks to queue
[2023-07-01T00:20:14.172+0000] {logging_mixin.py:137} INFO - [2023-07-01T00:20:14.172+0000] {dagbag.py:532} INFO - Filling up the DagBag from /opt/airflow/dags/treino06.py
[2023-07-01T00:20:14.227+0000] {processor.py:753} INFO - DAG(s) dict_keys(['treino-06']) retrieved from /opt/airflow/dags/treino06.py
[2023-07-01T00:20:14.265+0000] {logging_mixin.py:137} INFO - [2023-07-01T00:20:14.265+0000] {dag.py:2705} INFO - Sync 1 DAGs
[2023-07-01T00:20:14.291+0000] {logging_mixin.py:137} INFO - [2023-07-01T00:20:14.291+0000] {dag.py:3456} INFO - Setting next_dagrun for treino-06 to 2023-07-01T00:00:00+00:00, run_after=2023-07-02T00:00:00+00:00
[2023-07-01T00:20:14.304+0000] {processor.py:175} INFO - Processing /opt/airflow/dags/treino06.py took 0.141 seconds
[2023-07-01T00:20:45.036+0000] {processor.py:153} INFO - Started process (PID=53693) to work on /opt/airflow/dags/treino06.py
[2023-07-01T00:20:45.041+0000] {processor.py:743} INFO - Processing file /opt/airflow/dags/treino06.py for tasks to queue
[2023-07-01T00:20:45.042+0000] {logging_mixin.py:137} INFO - [2023-07-01T00:20:45.042+0000] {dagbag.py:532} INFO - Filling up the DagBag from /opt/airflow/dags/treino06.py
[2023-07-01T00:20:45.091+0000] {processor.py:753} INFO - DAG(s) dict_keys(['treino-06']) retrieved from /opt/airflow/dags/treino06.py
[2023-07-01T00:20:45.120+0000] {logging_mixin.py:137} INFO - [2023-07-01T00:20:45.120+0000] {dag.py:2705} INFO - Sync 1 DAGs
[2023-07-01T00:20:45.143+0000] {logging_mixin.py:137} INFO - [2023-07-01T00:20:45.142+0000] {dag.py:3456} INFO - Setting next_dagrun for treino-06 to 2023-07-01T00:00:00+00:00, run_after=2023-07-02T00:00:00+00:00
[2023-07-01T00:20:45.158+0000] {processor.py:175} INFO - Processing /opt/airflow/dags/treino06.py took 0.134 seconds
[2023-07-01T00:21:15.386+0000] {processor.py:153} INFO - Started process (PID=53750) to work on /opt/airflow/dags/treino06.py
[2023-07-01T00:21:15.390+0000] {processor.py:743} INFO - Processing file /opt/airflow/dags/treino06.py for tasks to queue
[2023-07-01T00:21:15.391+0000] {logging_mixin.py:137} INFO - [2023-07-01T00:21:15.391+0000] {dagbag.py:532} INFO - Filling up the DagBag from /opt/airflow/dags/treino06.py
[2023-07-01T00:21:15.460+0000] {processor.py:753} INFO - DAG(s) dict_keys(['treino-06']) retrieved from /opt/airflow/dags/treino06.py
[2023-07-01T00:21:15.490+0000] {logging_mixin.py:137} INFO - [2023-07-01T00:21:15.490+0000] {dag.py:2705} INFO - Sync 1 DAGs
[2023-07-01T00:21:15.522+0000] {logging_mixin.py:137} INFO - [2023-07-01T00:21:15.522+0000] {dag.py:3456} INFO - Setting next_dagrun for treino-06 to 2023-07-01T00:00:00+00:00, run_after=2023-07-02T00:00:00+00:00
[2023-07-01T00:21:15.535+0000] {processor.py:175} INFO - Processing /opt/airflow/dags/treino06.py took 0.154 seconds
[2023-07-01T00:21:46.394+0000] {processor.py:153} INFO - Started process (PID=53808) to work on /opt/airflow/dags/treino06.py
[2023-07-01T00:21:46.398+0000] {processor.py:743} INFO - Processing file /opt/airflow/dags/treino06.py for tasks to queue
[2023-07-01T00:21:46.400+0000] {logging_mixin.py:137} INFO - [2023-07-01T00:21:46.400+0000] {dagbag.py:532} INFO - Filling up the DagBag from /opt/airflow/dags/treino06.py
[2023-07-01T00:21:46.471+0000] {processor.py:753} INFO - DAG(s) dict_keys(['treino-06']) retrieved from /opt/airflow/dags/treino06.py
[2023-07-01T00:21:46.505+0000] {logging_mixin.py:137} INFO - [2023-07-01T00:21:46.505+0000] {dag.py:2705} INFO - Sync 1 DAGs
[2023-07-01T00:21:46.536+0000] {logging_mixin.py:137} INFO - [2023-07-01T00:21:46.535+0000] {dag.py:3456} INFO - Setting next_dagrun for treino-06 to 2023-07-01T00:00:00+00:00, run_after=2023-07-02T00:00:00+00:00
[2023-07-01T00:21:46.547+0000] {processor.py:175} INFO - Processing /opt/airflow/dags/treino06.py took 0.158 seconds
[2023-07-01T00:22:17.341+0000] {processor.py:153} INFO - Started process (PID=53865) to work on /opt/airflow/dags/treino06.py
[2023-07-01T00:22:17.344+0000] {processor.py:743} INFO - Processing file /opt/airflow/dags/treino06.py for tasks to queue
[2023-07-01T00:22:17.345+0000] {logging_mixin.py:137} INFO - [2023-07-01T00:22:17.345+0000] {dagbag.py:532} INFO - Filling up the DagBag from /opt/airflow/dags/treino06.py
[2023-07-01T00:22:17.395+0000] {processor.py:753} INFO - DAG(s) dict_keys(['treino-06']) retrieved from /opt/airflow/dags/treino06.py
[2023-07-01T00:22:17.427+0000] {logging_mixin.py:137} INFO - [2023-07-01T00:22:17.427+0000] {dag.py:2705} INFO - Sync 1 DAGs
[2023-07-01T00:22:17.449+0000] {logging_mixin.py:137} INFO - [2023-07-01T00:22:17.449+0000] {dag.py:3456} INFO - Setting next_dagrun for treino-06 to 2023-07-01T00:00:00+00:00, run_after=2023-07-02T00:00:00+00:00
[2023-07-01T00:22:17.462+0000] {processor.py:175} INFO - Processing /opt/airflow/dags/treino06.py took 0.125 seconds
[2023-07-01T00:22:47.954+0000] {processor.py:153} INFO - Started process (PID=53922) to work on /opt/airflow/dags/treino06.py
[2023-07-01T00:22:47.957+0000] {processor.py:743} INFO - Processing file /opt/airflow/dags/treino06.py for tasks to queue
[2023-07-01T00:22:47.958+0000] {logging_mixin.py:137} INFO - [2023-07-01T00:22:47.958+0000] {dagbag.py:532} INFO - Filling up the DagBag from /opt/airflow/dags/treino06.py
[2023-07-01T00:22:48.022+0000] {processor.py:753} INFO - DAG(s) dict_keys(['treino-06']) retrieved from /opt/airflow/dags/treino06.py
[2023-07-01T00:22:48.051+0000] {logging_mixin.py:137} INFO - [2023-07-01T00:22:48.051+0000] {dag.py:2705} INFO - Sync 1 DAGs
[2023-07-01T00:22:48.088+0000] {logging_mixin.py:137} INFO - [2023-07-01T00:22:48.088+0000] {dag.py:3456} INFO - Setting next_dagrun for treino-06 to 2023-07-01T00:00:00+00:00, run_after=2023-07-02T00:00:00+00:00
[2023-07-01T00:22:48.101+0000] {processor.py:175} INFO - Processing /opt/airflow/dags/treino06.py took 0.152 seconds
[2023-07-01T00:23:18.546+0000] {processor.py:153} INFO - Started process (PID=53979) to work on /opt/airflow/dags/treino06.py
[2023-07-01T00:23:18.550+0000] {processor.py:743} INFO - Processing file /opt/airflow/dags/treino06.py for tasks to queue
[2023-07-01T00:23:18.551+0000] {logging_mixin.py:137} INFO - [2023-07-01T00:23:18.551+0000] {dagbag.py:532} INFO - Filling up the DagBag from /opt/airflow/dags/treino06.py
[2023-07-01T00:23:18.612+0000] {processor.py:753} INFO - DAG(s) dict_keys(['treino-06']) retrieved from /opt/airflow/dags/treino06.py
[2023-07-01T00:23:18.640+0000] {logging_mixin.py:137} INFO - [2023-07-01T00:23:18.640+0000] {dag.py:2705} INFO - Sync 1 DAGs
[2023-07-01T00:23:18.658+0000] {logging_mixin.py:137} INFO - [2023-07-01T00:23:18.658+0000] {dag.py:3456} INFO - Setting next_dagrun for treino-06 to 2023-07-01T00:00:00+00:00, run_after=2023-07-02T00:00:00+00:00
[2023-07-01T00:23:18.678+0000] {processor.py:175} INFO - Processing /opt/airflow/dags/treino06.py took 0.138 seconds
[2023-07-01T00:23:49.552+0000] {processor.py:153} INFO - Started process (PID=54036) to work on /opt/airflow/dags/treino06.py
[2023-07-01T00:23:49.556+0000] {processor.py:743} INFO - Processing file /opt/airflow/dags/treino06.py for tasks to queue
[2023-07-01T00:23:49.560+0000] {logging_mixin.py:137} INFO - [2023-07-01T00:23:49.560+0000] {dagbag.py:532} INFO - Filling up the DagBag from /opt/airflow/dags/treino06.py
[2023-07-01T00:23:49.612+0000] {processor.py:753} INFO - DAG(s) dict_keys(['treino-06']) retrieved from /opt/airflow/dags/treino06.py
[2023-07-01T00:23:49.645+0000] {logging_mixin.py:137} INFO - [2023-07-01T00:23:49.644+0000] {dag.py:2705} INFO - Sync 1 DAGs
[2023-07-01T00:23:49.662+0000] {logging_mixin.py:137} INFO - [2023-07-01T00:23:49.662+0000] {dag.py:3456} INFO - Setting next_dagrun for treino-06 to 2023-07-01T00:00:00+00:00, run_after=2023-07-02T00:00:00+00:00
[2023-07-01T00:23:49.674+0000] {processor.py:175} INFO - Processing /opt/airflow/dags/treino06.py took 0.131 seconds
[2023-07-01T00:24:20.163+0000] {processor.py:153} INFO - Started process (PID=54093) to work on /opt/airflow/dags/treino06.py
[2023-07-01T00:24:20.168+0000] {processor.py:743} INFO - Processing file /opt/airflow/dags/treino06.py for tasks to queue
[2023-07-01T00:24:20.170+0000] {logging_mixin.py:137} INFO - [2023-07-01T00:24:20.170+0000] {dagbag.py:532} INFO - Filling up the DagBag from /opt/airflow/dags/treino06.py
[2023-07-01T00:24:20.219+0000] {processor.py:753} INFO - DAG(s) dict_keys(['treino-06']) retrieved from /opt/airflow/dags/treino06.py
[2023-07-01T00:24:20.251+0000] {logging_mixin.py:137} INFO - [2023-07-01T00:24:20.251+0000] {dag.py:2705} INFO - Sync 1 DAGs
[2023-07-01T00:24:20.277+0000] {logging_mixin.py:137} INFO - [2023-07-01T00:24:20.277+0000] {dag.py:3456} INFO - Setting next_dagrun for treino-06 to 2023-07-01T00:00:00+00:00, run_after=2023-07-02T00:00:00+00:00
[2023-07-01T00:24:20.290+0000] {processor.py:175} INFO - Processing /opt/airflow/dags/treino06.py took 0.136 seconds
[2023-07-01T00:24:50.896+0000] {processor.py:153} INFO - Started process (PID=54149) to work on /opt/airflow/dags/treino06.py
[2023-07-01T00:24:50.899+0000] {processor.py:743} INFO - Processing file /opt/airflow/dags/treino06.py for tasks to queue
[2023-07-01T00:24:50.900+0000] {logging_mixin.py:137} INFO - [2023-07-01T00:24:50.900+0000] {dagbag.py:532} INFO - Filling up the DagBag from /opt/airflow/dags/treino06.py
[2023-07-01T00:24:50.953+0000] {processor.py:753} INFO - DAG(s) dict_keys(['treino-06']) retrieved from /opt/airflow/dags/treino06.py
[2023-07-01T00:24:50.994+0000] {logging_mixin.py:137} INFO - [2023-07-01T00:24:50.994+0000] {dag.py:2705} INFO - Sync 1 DAGs
[2023-07-01T00:24:51.017+0000] {logging_mixin.py:137} INFO - [2023-07-01T00:24:51.017+0000] {dag.py:3456} INFO - Setting next_dagrun for treino-06 to 2023-07-01T00:00:00+00:00, run_after=2023-07-02T00:00:00+00:00
[2023-07-01T00:24:51.028+0000] {processor.py:175} INFO - Processing /opt/airflow/dags/treino06.py took 0.138 seconds
[2023-07-01T00:25:21.200+0000] {processor.py:153} INFO - Started process (PID=54206) to work on /opt/airflow/dags/treino06.py
[2023-07-01T00:25:21.203+0000] {processor.py:743} INFO - Processing file /opt/airflow/dags/treino06.py for tasks to queue
[2023-07-01T00:25:21.204+0000] {logging_mixin.py:137} INFO - [2023-07-01T00:25:21.204+0000] {dagbag.py:532} INFO - Filling up the DagBag from /opt/airflow/dags/treino06.py
[2023-07-01T00:25:21.267+0000] {processor.py:753} INFO - DAG(s) dict_keys(['treino-06']) retrieved from /opt/airflow/dags/treino06.py
[2023-07-01T00:25:21.310+0000] {logging_mixin.py:137} INFO - [2023-07-01T00:25:21.310+0000] {dag.py:2705} INFO - Sync 1 DAGs
[2023-07-01T00:25:21.334+0000] {logging_mixin.py:137} INFO - [2023-07-01T00:25:21.334+0000] {dag.py:3456} INFO - Setting next_dagrun for treino-06 to 2023-07-01T00:00:00+00:00, run_after=2023-07-02T00:00:00+00:00
[2023-07-01T00:25:21.345+0000] {processor.py:175} INFO - Processing /opt/airflow/dags/treino06.py took 0.152 seconds
[2023-07-01T00:25:52.305+0000] {processor.py:153} INFO - Started process (PID=54264) to work on /opt/airflow/dags/treino06.py
[2023-07-01T00:25:52.308+0000] {processor.py:743} INFO - Processing file /opt/airflow/dags/treino06.py for tasks to queue
[2023-07-01T00:25:52.310+0000] {logging_mixin.py:137} INFO - [2023-07-01T00:25:52.309+0000] {dagbag.py:532} INFO - Filling up the DagBag from /opt/airflow/dags/treino06.py
[2023-07-01T00:25:52.376+0000] {processor.py:753} INFO - DAG(s) dict_keys(['treino-06']) retrieved from /opt/airflow/dags/treino06.py
[2023-07-01T00:25:52.408+0000] {logging_mixin.py:137} INFO - [2023-07-01T00:25:52.408+0000] {dag.py:2705} INFO - Sync 1 DAGs
[2023-07-01T00:25:52.432+0000] {logging_mixin.py:137} INFO - [2023-07-01T00:25:52.432+0000] {dag.py:3456} INFO - Setting next_dagrun for treino-06 to 2023-07-01T00:00:00+00:00, run_after=2023-07-02T00:00:00+00:00
[2023-07-01T00:25:52.450+0000] {processor.py:175} INFO - Processing /opt/airflow/dags/treino06.py took 0.154 seconds
[2023-07-01T00:26:23.386+0000] {processor.py:153} INFO - Started process (PID=54321) to work on /opt/airflow/dags/treino06.py
[2023-07-01T00:26:23.388+0000] {processor.py:743} INFO - Processing file /opt/airflow/dags/treino06.py for tasks to queue
[2023-07-01T00:26:23.389+0000] {logging_mixin.py:137} INFO - [2023-07-01T00:26:23.389+0000] {dagbag.py:532} INFO - Filling up the DagBag from /opt/airflow/dags/treino06.py
[2023-07-01T00:26:23.430+0000] {processor.py:753} INFO - DAG(s) dict_keys(['treino-06']) retrieved from /opt/airflow/dags/treino06.py
[2023-07-01T00:26:23.455+0000] {logging_mixin.py:137} INFO - [2023-07-01T00:26:23.455+0000] {dag.py:2705} INFO - Sync 1 DAGs
[2023-07-01T00:26:23.487+0000] {logging_mixin.py:137} INFO - [2023-07-01T00:26:23.486+0000] {dag.py:3456} INFO - Setting next_dagrun for treino-06 to 2023-07-01T00:00:00+00:00, run_after=2023-07-02T00:00:00+00:00
[2023-07-01T00:26:23.499+0000] {processor.py:175} INFO - Processing /opt/airflow/dags/treino06.py took 0.120 seconds
[2023-07-01T00:26:54.085+0000] {processor.py:153} INFO - Started process (PID=54378) to work on /opt/airflow/dags/treino06.py
[2023-07-01T00:26:54.088+0000] {processor.py:743} INFO - Processing file /opt/airflow/dags/treino06.py for tasks to queue
[2023-07-01T00:26:54.089+0000] {logging_mixin.py:137} INFO - [2023-07-01T00:26:54.089+0000] {dagbag.py:532} INFO - Filling up the DagBag from /opt/airflow/dags/treino06.py
[2023-07-01T00:26:54.156+0000] {processor.py:753} INFO - DAG(s) dict_keys(['treino-06']) retrieved from /opt/airflow/dags/treino06.py
[2023-07-01T00:26:54.194+0000] {logging_mixin.py:137} INFO - [2023-07-01T00:26:54.194+0000] {dag.py:2705} INFO - Sync 1 DAGs
[2023-07-01T00:26:54.222+0000] {logging_mixin.py:137} INFO - [2023-07-01T00:26:54.222+0000] {dag.py:3456} INFO - Setting next_dagrun for treino-06 to 2023-07-01T00:00:00+00:00, run_after=2023-07-02T00:00:00+00:00
[2023-07-01T00:26:54.238+0000] {processor.py:175} INFO - Processing /opt/airflow/dags/treino06.py took 0.163 seconds
[2023-07-01T00:27:25.186+0000] {processor.py:153} INFO - Started process (PID=54435) to work on /opt/airflow/dags/treino06.py
[2023-07-01T00:27:25.189+0000] {processor.py:743} INFO - Processing file /opt/airflow/dags/treino06.py for tasks to queue
[2023-07-01T00:27:25.190+0000] {logging_mixin.py:137} INFO - [2023-07-01T00:27:25.190+0000] {dagbag.py:532} INFO - Filling up the DagBag from /opt/airflow/dags/treino06.py
[2023-07-01T00:27:25.235+0000] {processor.py:753} INFO - DAG(s) dict_keys(['treino-06']) retrieved from /opt/airflow/dags/treino06.py
[2023-07-01T00:27:25.264+0000] {logging_mixin.py:137} INFO - [2023-07-01T00:27:25.264+0000] {dag.py:2705} INFO - Sync 1 DAGs
[2023-07-01T00:27:25.284+0000] {logging_mixin.py:137} INFO - [2023-07-01T00:27:25.284+0000] {dag.py:3456} INFO - Setting next_dagrun for treino-06 to 2023-07-01T00:00:00+00:00, run_after=2023-07-02T00:00:00+00:00
[2023-07-01T00:27:25.296+0000] {processor.py:175} INFO - Processing /opt/airflow/dags/treino06.py took 0.114 seconds
[2023-07-01T00:27:55.945+0000] {processor.py:153} INFO - Started process (PID=54491) to work on /opt/airflow/dags/treino06.py
[2023-07-01T00:27:55.947+0000] {processor.py:743} INFO - Processing file /opt/airflow/dags/treino06.py for tasks to queue
[2023-07-01T00:27:55.947+0000] {logging_mixin.py:137} INFO - [2023-07-01T00:27:55.947+0000] {dagbag.py:532} INFO - Filling up the DagBag from /opt/airflow/dags/treino06.py
[2023-07-01T00:27:55.978+0000] {processor.py:753} INFO - DAG(s) dict_keys(['treino-06']) retrieved from /opt/airflow/dags/treino06.py
[2023-07-01T00:27:55.997+0000] {logging_mixin.py:137} INFO - [2023-07-01T00:27:55.997+0000] {dag.py:2705} INFO - Sync 1 DAGs
[2023-07-01T00:27:56.015+0000] {logging_mixin.py:137} INFO - [2023-07-01T00:27:56.015+0000] {dag.py:3456} INFO - Setting next_dagrun for treino-06 to 2023-07-01T00:00:00+00:00, run_after=2023-07-02T00:00:00+00:00
[2023-07-01T00:27:56.025+0000] {processor.py:175} INFO - Processing /opt/airflow/dags/treino06.py took 0.084 seconds
[2023-07-01T00:28:26.767+0000] {processor.py:153} INFO - Started process (PID=54548) to work on /opt/airflow/dags/treino06.py
[2023-07-01T00:28:26.769+0000] {processor.py:743} INFO - Processing file /opt/airflow/dags/treino06.py for tasks to queue
[2023-07-01T00:28:26.770+0000] {logging_mixin.py:137} INFO - [2023-07-01T00:28:26.770+0000] {dagbag.py:532} INFO - Filling up the DagBag from /opt/airflow/dags/treino06.py
[2023-07-01T00:28:26.800+0000] {processor.py:753} INFO - DAG(s) dict_keys(['treino-06']) retrieved from /opt/airflow/dags/treino06.py
[2023-07-01T00:28:26.818+0000] {logging_mixin.py:137} INFO - [2023-07-01T00:28:26.818+0000] {dag.py:2705} INFO - Sync 1 DAGs
[2023-07-01T00:28:26.837+0000] {logging_mixin.py:137} INFO - [2023-07-01T00:28:26.837+0000] {dag.py:3456} INFO - Setting next_dagrun for treino-06 to 2023-07-01T00:00:00+00:00, run_after=2023-07-02T00:00:00+00:00
[2023-07-01T00:28:26.847+0000] {processor.py:175} INFO - Processing /opt/airflow/dags/treino06.py took 0.085 seconds
[2023-07-01T00:28:57.480+0000] {processor.py:153} INFO - Started process (PID=54606) to work on /opt/airflow/dags/treino06.py
[2023-07-01T00:28:57.482+0000] {processor.py:743} INFO - Processing file /opt/airflow/dags/treino06.py for tasks to queue
[2023-07-01T00:28:57.484+0000] {logging_mixin.py:137} INFO - [2023-07-01T00:28:57.484+0000] {dagbag.py:532} INFO - Filling up the DagBag from /opt/airflow/dags/treino06.py
[2023-07-01T00:28:57.517+0000] {processor.py:753} INFO - DAG(s) dict_keys(['treino-06']) retrieved from /opt/airflow/dags/treino06.py
[2023-07-01T00:28:57.536+0000] {logging_mixin.py:137} INFO - [2023-07-01T00:28:57.536+0000] {dag.py:2705} INFO - Sync 1 DAGs
[2023-07-01T00:28:57.554+0000] {logging_mixin.py:137} INFO - [2023-07-01T00:28:57.554+0000] {dag.py:3456} INFO - Setting next_dagrun for treino-06 to 2023-07-01T00:00:00+00:00, run_after=2023-07-02T00:00:00+00:00
[2023-07-01T00:28:57.565+0000] {processor.py:175} INFO - Processing /opt/airflow/dags/treino06.py took 0.089 seconds
[2023-07-01T00:29:28.343+0000] {processor.py:153} INFO - Started process (PID=54663) to work on /opt/airflow/dags/treino06.py
[2023-07-01T00:29:28.346+0000] {processor.py:743} INFO - Processing file /opt/airflow/dags/treino06.py for tasks to queue
[2023-07-01T00:29:28.347+0000] {logging_mixin.py:137} INFO - [2023-07-01T00:29:28.347+0000] {dagbag.py:532} INFO - Filling up the DagBag from /opt/airflow/dags/treino06.py
[2023-07-01T00:29:28.382+0000] {processor.py:753} INFO - DAG(s) dict_keys(['treino-06']) retrieved from /opt/airflow/dags/treino06.py
[2023-07-01T00:29:28.404+0000] {logging_mixin.py:137} INFO - [2023-07-01T00:29:28.404+0000] {dag.py:2705} INFO - Sync 1 DAGs
[2023-07-01T00:29:28.425+0000] {logging_mixin.py:137} INFO - [2023-07-01T00:29:28.425+0000] {dag.py:3456} INFO - Setting next_dagrun for treino-06 to 2023-07-01T00:00:00+00:00, run_after=2023-07-02T00:00:00+00:00
[2023-07-01T00:29:28.436+0000] {processor.py:175} INFO - Processing /opt/airflow/dags/treino06.py took 0.098 seconds
[2023-07-01T00:29:59.499+0000] {processor.py:153} INFO - Started process (PID=54721) to work on /opt/airflow/dags/treino06.py
[2023-07-01T00:29:59.501+0000] {processor.py:743} INFO - Processing file /opt/airflow/dags/treino06.py for tasks to queue
[2023-07-01T00:29:59.502+0000] {logging_mixin.py:137} INFO - [2023-07-01T00:29:59.502+0000] {dagbag.py:532} INFO - Filling up the DagBag from /opt/airflow/dags/treino06.py
[2023-07-01T00:29:59.556+0000] {processor.py:753} INFO - DAG(s) dict_keys(['treino-06']) retrieved from /opt/airflow/dags/treino06.py
[2023-07-01T00:29:59.578+0000] {logging_mixin.py:137} INFO - [2023-07-01T00:29:59.578+0000] {dag.py:2705} INFO - Sync 1 DAGs
[2023-07-01T00:29:59.599+0000] {logging_mixin.py:137} INFO - [2023-07-01T00:29:59.599+0000] {dag.py:3456} INFO - Setting next_dagrun for treino-06 to 2023-07-01T00:00:00+00:00, run_after=2023-07-02T00:00:00+00:00
[2023-07-01T00:29:59.620+0000] {processor.py:175} INFO - Processing /opt/airflow/dags/treino06.py took 0.128 seconds
[2023-07-01T00:30:30.440+0000] {processor.py:153} INFO - Started process (PID=54778) to work on /opt/airflow/dags/treino06.py
[2023-07-01T00:30:30.442+0000] {processor.py:743} INFO - Processing file /opt/airflow/dags/treino06.py for tasks to queue
[2023-07-01T00:30:30.443+0000] {logging_mixin.py:137} INFO - [2023-07-01T00:30:30.442+0000] {dagbag.py:532} INFO - Filling up the DagBag from /opt/airflow/dags/treino06.py
[2023-07-01T00:30:30.495+0000] {processor.py:753} INFO - DAG(s) dict_keys(['treino-06']) retrieved from /opt/airflow/dags/treino06.py
[2023-07-01T00:30:30.516+0000] {logging_mixin.py:137} INFO - [2023-07-01T00:30:30.516+0000] {dag.py:2705} INFO - Sync 1 DAGs
[2023-07-01T00:30:30.535+0000] {logging_mixin.py:137} INFO - [2023-07-01T00:30:30.535+0000] {dag.py:3456} INFO - Setting next_dagrun for treino-06 to 2023-07-01T00:00:00+00:00, run_after=2023-07-02T00:00:00+00:00
[2023-07-01T00:30:30.546+0000] {processor.py:175} INFO - Processing /opt/airflow/dags/treino06.py took 0.111 seconds
[2023-07-01T00:31:01.311+0000] {processor.py:153} INFO - Started process (PID=54836) to work on /opt/airflow/dags/treino06.py
[2023-07-01T00:31:01.313+0000] {processor.py:743} INFO - Processing file /opt/airflow/dags/treino06.py for tasks to queue
[2023-07-01T00:31:01.314+0000] {logging_mixin.py:137} INFO - [2023-07-01T00:31:01.314+0000] {dagbag.py:532} INFO - Filling up the DagBag from /opt/airflow/dags/treino06.py
[2023-07-01T00:31:01.343+0000] {processor.py:753} INFO - DAG(s) dict_keys(['treino-06']) retrieved from /opt/airflow/dags/treino06.py
[2023-07-01T00:31:01.360+0000] {logging_mixin.py:137} INFO - [2023-07-01T00:31:01.360+0000] {dag.py:2705} INFO - Sync 1 DAGs
[2023-07-01T00:31:01.379+0000] {logging_mixin.py:137} INFO - [2023-07-01T00:31:01.379+0000] {dag.py:3456} INFO - Setting next_dagrun for treino-06 to 2023-07-01T00:00:00+00:00, run_after=2023-07-02T00:00:00+00:00
[2023-07-01T00:31:01.389+0000] {processor.py:175} INFO - Processing /opt/airflow/dags/treino06.py took 0.082 seconds
[2023-07-01T00:31:32.097+0000] {processor.py:153} INFO - Started process (PID=54893) to work on /opt/airflow/dags/treino06.py
[2023-07-01T00:31:32.099+0000] {processor.py:743} INFO - Processing file /opt/airflow/dags/treino06.py for tasks to queue
[2023-07-01T00:31:32.100+0000] {logging_mixin.py:137} INFO - [2023-07-01T00:31:32.100+0000] {dagbag.py:532} INFO - Filling up the DagBag from /opt/airflow/dags/treino06.py
[2023-07-01T00:31:32.143+0000] {processor.py:753} INFO - DAG(s) dict_keys(['treino-06']) retrieved from /opt/airflow/dags/treino06.py
[2023-07-01T00:31:32.164+0000] {logging_mixin.py:137} INFO - [2023-07-01T00:31:32.164+0000] {dag.py:2705} INFO - Sync 1 DAGs
[2023-07-01T00:31:32.180+0000] {logging_mixin.py:137} INFO - [2023-07-01T00:31:32.180+0000] {dag.py:3456} INFO - Setting next_dagrun for treino-06 to 2023-07-01T00:00:00+00:00, run_after=2023-07-02T00:00:00+00:00
[2023-07-01T00:31:32.189+0000] {processor.py:175} INFO - Processing /opt/airflow/dags/treino06.py took 0.096 seconds
[2023-07-01T00:32:03.105+0000] {processor.py:153} INFO - Started process (PID=54950) to work on /opt/airflow/dags/treino06.py
[2023-07-01T00:32:03.111+0000] {processor.py:743} INFO - Processing file /opt/airflow/dags/treino06.py for tasks to queue
[2023-07-01T00:32:03.115+0000] {logging_mixin.py:137} INFO - [2023-07-01T00:32:03.115+0000] {dagbag.py:532} INFO - Filling up the DagBag from /opt/airflow/dags/treino06.py
[2023-07-01T00:32:03.161+0000] {processor.py:753} INFO - DAG(s) dict_keys(['treino-06']) retrieved from /opt/airflow/dags/treino06.py
[2023-07-01T00:32:03.190+0000] {logging_mixin.py:137} INFO - [2023-07-01T00:32:03.190+0000] {dag.py:2705} INFO - Sync 1 DAGs
[2023-07-01T00:32:03.209+0000] {logging_mixin.py:137} INFO - [2023-07-01T00:32:03.209+0000] {dag.py:3456} INFO - Setting next_dagrun for treino-06 to 2023-07-01T00:00:00+00:00, run_after=2023-07-02T00:00:00+00:00
[2023-07-01T00:32:03.220+0000] {processor.py:175} INFO - Processing /opt/airflow/dags/treino06.py took 0.135 seconds
[2023-07-01T00:32:34.106+0000] {processor.py:153} INFO - Started process (PID=55008) to work on /opt/airflow/dags/treino06.py
[2023-07-01T00:32:34.107+0000] {processor.py:743} INFO - Processing file /opt/airflow/dags/treino06.py for tasks to queue
[2023-07-01T00:32:34.108+0000] {logging_mixin.py:137} INFO - [2023-07-01T00:32:34.108+0000] {dagbag.py:532} INFO - Filling up the DagBag from /opt/airflow/dags/treino06.py
[2023-07-01T00:32:34.152+0000] {processor.py:753} INFO - DAG(s) dict_keys(['treino-06']) retrieved from /opt/airflow/dags/treino06.py
[2023-07-01T00:32:34.175+0000] {logging_mixin.py:137} INFO - [2023-07-01T00:32:34.175+0000] {dag.py:2705} INFO - Sync 1 DAGs
[2023-07-01T00:32:34.197+0000] {logging_mixin.py:137} INFO - [2023-07-01T00:32:34.196+0000] {dag.py:3456} INFO - Setting next_dagrun for treino-06 to 2023-07-01T00:00:00+00:00, run_after=2023-07-02T00:00:00+00:00
[2023-07-01T00:32:34.208+0000] {processor.py:175} INFO - Processing /opt/airflow/dags/treino06.py took 0.107 seconds
[2023-07-01T00:33:05.010+0000] {processor.py:153} INFO - Started process (PID=55065) to work on /opt/airflow/dags/treino06.py
[2023-07-01T00:33:05.011+0000] {processor.py:743} INFO - Processing file /opt/airflow/dags/treino06.py for tasks to queue
[2023-07-01T00:33:05.012+0000] {logging_mixin.py:137} INFO - [2023-07-01T00:33:05.012+0000] {dagbag.py:532} INFO - Filling up the DagBag from /opt/airflow/dags/treino06.py
[2023-07-01T00:33:05.051+0000] {processor.py:753} INFO - DAG(s) dict_keys(['treino-06']) retrieved from /opt/airflow/dags/treino06.py
[2023-07-01T00:33:05.074+0000] {logging_mixin.py:137} INFO - [2023-07-01T00:33:05.074+0000] {dag.py:2705} INFO - Sync 1 DAGs
[2023-07-01T00:33:05.094+0000] {logging_mixin.py:137} INFO - [2023-07-01T00:33:05.093+0000] {dag.py:3456} INFO - Setting next_dagrun for treino-06 to 2023-07-01T00:00:00+00:00, run_after=2023-07-02T00:00:00+00:00
[2023-07-01T00:33:05.104+0000] {processor.py:175} INFO - Processing /opt/airflow/dags/treino06.py took 0.097 seconds
[2023-07-01T00:33:35.311+0000] {processor.py:153} INFO - Started process (PID=55122) to work on /opt/airflow/dags/treino06.py
[2023-07-01T00:33:35.312+0000] {processor.py:743} INFO - Processing file /opt/airflow/dags/treino06.py for tasks to queue
[2023-07-01T00:33:35.313+0000] {logging_mixin.py:137} INFO - [2023-07-01T00:33:35.313+0000] {dagbag.py:532} INFO - Filling up the DagBag from /opt/airflow/dags/treino06.py
[2023-07-01T00:33:35.343+0000] {processor.py:753} INFO - DAG(s) dict_keys(['treino-06']) retrieved from /opt/airflow/dags/treino06.py
[2023-07-01T00:33:35.361+0000] {logging_mixin.py:137} INFO - [2023-07-01T00:33:35.361+0000] {dag.py:2705} INFO - Sync 1 DAGs
[2023-07-01T00:33:35.378+0000] {logging_mixin.py:137} INFO - [2023-07-01T00:33:35.378+0000] {dag.py:3456} INFO - Setting next_dagrun for treino-06 to 2023-07-01T00:00:00+00:00, run_after=2023-07-02T00:00:00+00:00
[2023-07-01T00:33:35.388+0000] {processor.py:175} INFO - Processing /opt/airflow/dags/treino06.py took 0.081 seconds
[2023-07-01T00:34:05.481+0000] {processor.py:153} INFO - Started process (PID=55179) to work on /opt/airflow/dags/treino06.py
[2023-07-01T00:34:05.483+0000] {processor.py:743} INFO - Processing file /opt/airflow/dags/treino06.py for tasks to queue
[2023-07-01T00:34:05.485+0000] {logging_mixin.py:137} INFO - [2023-07-01T00:34:05.485+0000] {dagbag.py:532} INFO - Filling up the DagBag from /opt/airflow/dags/treino06.py
[2023-07-01T00:34:05.520+0000] {processor.py:753} INFO - DAG(s) dict_keys(['treino-06']) retrieved from /opt/airflow/dags/treino06.py
[2023-07-01T00:34:05.546+0000] {logging_mixin.py:137} INFO - [2023-07-01T00:34:05.546+0000] {dag.py:2705} INFO - Sync 1 DAGs
[2023-07-01T00:34:05.564+0000] {logging_mixin.py:137} INFO - [2023-07-01T00:34:05.564+0000] {dag.py:3456} INFO - Setting next_dagrun for treino-06 to 2023-07-01T00:00:00+00:00, run_after=2023-07-02T00:00:00+00:00
[2023-07-01T00:34:05.576+0000] {processor.py:175} INFO - Processing /opt/airflow/dags/treino06.py took 0.100 seconds
[2023-07-01T00:34:36.447+0000] {processor.py:153} INFO - Started process (PID=55236) to work on /opt/airflow/dags/treino06.py
[2023-07-01T00:34:36.449+0000] {processor.py:743} INFO - Processing file /opt/airflow/dags/treino06.py for tasks to queue
[2023-07-01T00:34:36.450+0000] {logging_mixin.py:137} INFO - [2023-07-01T00:34:36.450+0000] {dagbag.py:532} INFO - Filling up the DagBag from /opt/airflow/dags/treino06.py
[2023-07-01T00:34:36.474+0000] {processor.py:753} INFO - DAG(s) dict_keys(['treino-06']) retrieved from /opt/airflow/dags/treino06.py
[2023-07-01T00:34:36.492+0000] {logging_mixin.py:137} INFO - [2023-07-01T00:34:36.492+0000] {dag.py:2705} INFO - Sync 1 DAGs
[2023-07-01T00:34:36.507+0000] {logging_mixin.py:137} INFO - [2023-07-01T00:34:36.507+0000] {dag.py:3456} INFO - Setting next_dagrun for treino-06 to 2023-07-01T00:00:00+00:00, run_after=2023-07-02T00:00:00+00:00
[2023-07-01T00:34:36.515+0000] {processor.py:175} INFO - Processing /opt/airflow/dags/treino06.py took 0.072 seconds
