[2023-06-11T03:25:23.695+0000] {processor.py:153} INFO - Started process (PID=47) to work on /home/airflow/.local/lib/python3.7/site-packages/airflow/example_dags/example_sensors.py
[2023-06-11T03:25:23.708+0000] {processor.py:743} INFO - Processing file /home/airflow/.local/lib/python3.7/site-packages/airflow/example_dags/example_sensors.py for tasks to queue
[2023-06-11T03:25:23.711+0000] {logging_mixin.py:137} INFO - [2023-06-11T03:25:23.711+0000] {dagbag.py:532} INFO - Filling up the DagBag from /home/airflow/.local/lib/python3.7/site-packages/airflow/example_dags/example_sensors.py
[2023-06-11T03:25:23.886+0000] {processor.py:753} INFO - DAG(s) dict_keys(['example_sensors']) retrieved from /home/airflow/.local/lib/python3.7/site-packages/airflow/example_dags/example_sensors.py
[2023-06-11T03:25:24.055+0000] {logging_mixin.py:137} INFO - [2023-06-11T03:25:24.055+0000] {dag.py:2705} INFO - Sync 1 DAGs
[2023-06-11T03:25:24.201+0000] {logging_mixin.py:137} INFO - [2023-06-11T03:25:24.200+0000] {dag.py:3456} INFO - Setting next_dagrun for example_sensors to None, run_after=None
[2023-06-11T03:25:24.361+0000] {processor.py:175} INFO - Processing /home/airflow/.local/lib/python3.7/site-packages/airflow/example_dags/example_sensors.py took 0.687 seconds
[2023-06-11T03:25:55.063+0000] {processor.py:153} INFO - Started process (PID=103) to work on /home/airflow/.local/lib/python3.7/site-packages/airflow/example_dags/example_sensors.py
[2023-06-11T03:25:55.069+0000] {processor.py:743} INFO - Processing file /home/airflow/.local/lib/python3.7/site-packages/airflow/example_dags/example_sensors.py for tasks to queue
[2023-06-11T03:25:55.072+0000] {logging_mixin.py:137} INFO - [2023-06-11T03:25:55.072+0000] {dagbag.py:532} INFO - Filling up the DagBag from /home/airflow/.local/lib/python3.7/site-packages/airflow/example_dags/example_sensors.py
[2023-06-11T03:25:55.125+0000] {processor.py:753} INFO - DAG(s) dict_keys(['example_sensors']) retrieved from /home/airflow/.local/lib/python3.7/site-packages/airflow/example_dags/example_sensors.py
[2023-06-11T03:25:55.177+0000] {logging_mixin.py:137} INFO - [2023-06-11T03:25:55.176+0000] {dag.py:2705} INFO - Sync 1 DAGs
[2023-06-11T03:25:55.207+0000] {logging_mixin.py:137} INFO - [2023-06-11T03:25:55.207+0000] {dag.py:3456} INFO - Setting next_dagrun for example_sensors to None, run_after=None
[2023-06-11T03:25:55.231+0000] {processor.py:175} INFO - Processing /home/airflow/.local/lib/python3.7/site-packages/airflow/example_dags/example_sensors.py took 0.176 seconds
[2023-06-11T03:26:32.599+0000] {processor.py:153} INFO - Started process (PID=166) to work on /home/airflow/.local/lib/python3.7/site-packages/airflow/example_dags/example_sensors.py
[2023-06-11T03:26:32.708+0000] {processor.py:743} INFO - Processing file /home/airflow/.local/lib/python3.7/site-packages/airflow/example_dags/example_sensors.py for tasks to queue
[2023-06-11T03:26:32.734+0000] {logging_mixin.py:137} INFO - [2023-06-11T03:26:32.732+0000] {dagbag.py:532} INFO - Filling up the DagBag from /home/airflow/.local/lib/python3.7/site-packages/airflow/example_dags/example_sensors.py
[2023-06-11T03:26:33.302+0000] {processor.py:753} INFO - DAG(s) dict_keys(['example_sensors']) retrieved from /home/airflow/.local/lib/python3.7/site-packages/airflow/example_dags/example_sensors.py
[2023-06-11T03:26:33.760+0000] {logging_mixin.py:137} INFO - [2023-06-11T03:26:33.759+0000] {dag.py:2705} INFO - Sync 1 DAGs
[2023-06-11T03:26:33.989+0000] {logging_mixin.py:137} INFO - [2023-06-11T03:26:33.983+0000] {dag.py:3456} INFO - Setting next_dagrun for example_sensors to None, run_after=None
[2023-06-11T03:26:34.186+0000] {processor.py:175} INFO - Processing /home/airflow/.local/lib/python3.7/site-packages/airflow/example_dags/example_sensors.py took 1.670 seconds
[2023-06-11T03:27:05.453+0000] {processor.py:153} INFO - Started process (PID=221) to work on /home/airflow/.local/lib/python3.7/site-packages/airflow/example_dags/example_sensors.py
[2023-06-11T03:27:05.487+0000] {processor.py:743} INFO - Processing file /home/airflow/.local/lib/python3.7/site-packages/airflow/example_dags/example_sensors.py for tasks to queue
[2023-06-11T03:27:05.516+0000] {logging_mixin.py:137} INFO - [2023-06-11T03:27:05.514+0000] {dagbag.py:532} INFO - Filling up the DagBag from /home/airflow/.local/lib/python3.7/site-packages/airflow/example_dags/example_sensors.py
[2023-06-11T03:27:05.918+0000] {processor.py:753} INFO - DAG(s) dict_keys(['example_sensors']) retrieved from /home/airflow/.local/lib/python3.7/site-packages/airflow/example_dags/example_sensors.py
[2023-06-11T03:27:06.169+0000] {logging_mixin.py:137} INFO - [2023-06-11T03:27:06.168+0000] {dag.py:2705} INFO - Sync 1 DAGs
[2023-06-11T03:27:06.509+0000] {logging_mixin.py:137} INFO - [2023-06-11T03:27:06.506+0000] {dag.py:3456} INFO - Setting next_dagrun for example_sensors to None, run_after=None
[2023-06-11T03:27:06.900+0000] {processor.py:175} INFO - Processing /home/airflow/.local/lib/python3.7/site-packages/airflow/example_dags/example_sensors.py took 1.559 seconds
[2023-06-11T03:27:37.368+0000] {processor.py:153} INFO - Started process (PID=278) to work on /home/airflow/.local/lib/python3.7/site-packages/airflow/example_dags/example_sensors.py
[2023-06-11T03:27:37.387+0000] {processor.py:743} INFO - Processing file /home/airflow/.local/lib/python3.7/site-packages/airflow/example_dags/example_sensors.py for tasks to queue
[2023-06-11T03:27:37.394+0000] {logging_mixin.py:137} INFO - [2023-06-11T03:27:37.393+0000] {dagbag.py:532} INFO - Filling up the DagBag from /home/airflow/.local/lib/python3.7/site-packages/airflow/example_dags/example_sensors.py
[2023-06-11T03:27:37.531+0000] {processor.py:753} INFO - DAG(s) dict_keys(['example_sensors']) retrieved from /home/airflow/.local/lib/python3.7/site-packages/airflow/example_dags/example_sensors.py
[2023-06-11T03:27:37.766+0000] {logging_mixin.py:137} INFO - [2023-06-11T03:27:37.756+0000] {dag.py:2705} INFO - Sync 1 DAGs
[2023-06-11T03:27:37.908+0000] {logging_mixin.py:137} INFO - [2023-06-11T03:27:37.907+0000] {dag.py:3456} INFO - Setting next_dagrun for example_sensors to None, run_after=None
[2023-06-11T03:27:37.995+0000] {processor.py:175} INFO - Processing /home/airflow/.local/lib/python3.7/site-packages/airflow/example_dags/example_sensors.py took 0.666 seconds
[2023-06-11T03:28:08.710+0000] {processor.py:153} INFO - Started process (PID=334) to work on /home/airflow/.local/lib/python3.7/site-packages/airflow/example_dags/example_sensors.py
[2023-06-11T03:28:08.729+0000] {processor.py:743} INFO - Processing file /home/airflow/.local/lib/python3.7/site-packages/airflow/example_dags/example_sensors.py for tasks to queue
[2023-06-11T03:28:08.746+0000] {logging_mixin.py:137} INFO - [2023-06-11T03:28:08.744+0000] {dagbag.py:532} INFO - Filling up the DagBag from /home/airflow/.local/lib/python3.7/site-packages/airflow/example_dags/example_sensors.py
[2023-06-11T03:28:09.151+0000] {processor.py:753} INFO - DAG(s) dict_keys(['example_sensors']) retrieved from /home/airflow/.local/lib/python3.7/site-packages/airflow/example_dags/example_sensors.py
[2023-06-11T03:28:10.165+0000] {logging_mixin.py:137} INFO - [2023-06-11T03:28:10.159+0000] {dag.py:2705} INFO - Sync 1 DAGs
[2023-06-11T03:28:10.300+0000] {logging_mixin.py:137} INFO - [2023-06-11T03:28:10.299+0000] {dag.py:3456} INFO - Setting next_dagrun for example_sensors to None, run_after=None
[2023-06-11T03:28:10.894+0000] {processor.py:175} INFO - Processing /home/airflow/.local/lib/python3.7/site-packages/airflow/example_dags/example_sensors.py took 2.212 seconds
[2023-06-11T03:28:45.955+0000] {processor.py:153} INFO - Started process (PID=390) to work on /home/airflow/.local/lib/python3.7/site-packages/airflow/example_dags/example_sensors.py
[2023-06-11T03:28:45.962+0000] {processor.py:743} INFO - Processing file /home/airflow/.local/lib/python3.7/site-packages/airflow/example_dags/example_sensors.py for tasks to queue
[2023-06-11T03:28:45.967+0000] {logging_mixin.py:137} INFO - [2023-06-11T03:28:45.966+0000] {dagbag.py:532} INFO - Filling up the DagBag from /home/airflow/.local/lib/python3.7/site-packages/airflow/example_dags/example_sensors.py
[2023-06-11T03:28:46.035+0000] {processor.py:753} INFO - DAG(s) dict_keys(['example_sensors']) retrieved from /home/airflow/.local/lib/python3.7/site-packages/airflow/example_dags/example_sensors.py
[2023-06-11T03:28:46.191+0000] {logging_mixin.py:137} INFO - [2023-06-11T03:28:46.190+0000] {dag.py:2705} INFO - Sync 1 DAGs
[2023-06-11T03:28:46.274+0000] {logging_mixin.py:137} INFO - [2023-06-11T03:28:46.273+0000] {dag.py:3456} INFO - Setting next_dagrun for example_sensors to None, run_after=None
[2023-06-11T03:28:46.366+0000] {processor.py:175} INFO - Processing /home/airflow/.local/lib/python3.7/site-packages/airflow/example_dags/example_sensors.py took 0.428 seconds
[2023-06-11T03:29:22.546+0000] {processor.py:153} INFO - Started process (PID=448) to work on /home/airflow/.local/lib/python3.7/site-packages/airflow/example_dags/example_sensors.py
[2023-06-11T03:29:22.549+0000] {processor.py:743} INFO - Processing file /home/airflow/.local/lib/python3.7/site-packages/airflow/example_dags/example_sensors.py for tasks to queue
[2023-06-11T03:29:22.551+0000] {logging_mixin.py:137} INFO - [2023-06-11T03:29:22.551+0000] {dagbag.py:532} INFO - Filling up the DagBag from /home/airflow/.local/lib/python3.7/site-packages/airflow/example_dags/example_sensors.py
[2023-06-11T03:29:22.598+0000] {processor.py:753} INFO - DAG(s) dict_keys(['example_sensors']) retrieved from /home/airflow/.local/lib/python3.7/site-packages/airflow/example_dags/example_sensors.py
[2023-06-11T03:29:22.682+0000] {logging_mixin.py:137} INFO - [2023-06-11T03:29:22.682+0000] {dag.py:2705} INFO - Sync 1 DAGs
[2023-06-11T03:29:22.751+0000] {logging_mixin.py:137} INFO - [2023-06-11T03:29:22.750+0000] {dag.py:3456} INFO - Setting next_dagrun for example_sensors to None, run_after=None
[2023-06-11T03:29:22.810+0000] {processor.py:175} INFO - Processing /home/airflow/.local/lib/python3.7/site-packages/airflow/example_dags/example_sensors.py took 0.270 seconds
[2023-06-11T03:29:53.121+0000] {processor.py:153} INFO - Started process (PID=498) to work on /home/airflow/.local/lib/python3.7/site-packages/airflow/example_dags/example_sensors.py
[2023-06-11T03:29:53.123+0000] {processor.py:743} INFO - Processing file /home/airflow/.local/lib/python3.7/site-packages/airflow/example_dags/example_sensors.py for tasks to queue
[2023-06-11T03:29:53.124+0000] {logging_mixin.py:137} INFO - [2023-06-11T03:29:53.124+0000] {dagbag.py:532} INFO - Filling up the DagBag from /home/airflow/.local/lib/python3.7/site-packages/airflow/example_dags/example_sensors.py
[2023-06-11T03:29:53.187+0000] {processor.py:753} INFO - DAG(s) dict_keys(['example_sensors']) retrieved from /home/airflow/.local/lib/python3.7/site-packages/airflow/example_dags/example_sensors.py
[2023-06-11T03:29:53.249+0000] {logging_mixin.py:137} INFO - [2023-06-11T03:29:53.248+0000] {dag.py:2705} INFO - Sync 1 DAGs
[2023-06-11T03:29:53.286+0000] {logging_mixin.py:137} INFO - [2023-06-11T03:29:53.286+0000] {dag.py:3456} INFO - Setting next_dagrun for example_sensors to None, run_after=None
[2023-06-11T03:29:53.308+0000] {processor.py:175} INFO - Processing /home/airflow/.local/lib/python3.7/site-packages/airflow/example_dags/example_sensors.py took 0.192 seconds
[2023-06-11T03:30:23.510+0000] {processor.py:153} INFO - Started process (PID=555) to work on /home/airflow/.local/lib/python3.7/site-packages/airflow/example_dags/example_sensors.py
[2023-06-11T03:30:23.512+0000] {processor.py:743} INFO - Processing file /home/airflow/.local/lib/python3.7/site-packages/airflow/example_dags/example_sensors.py for tasks to queue
[2023-06-11T03:30:23.514+0000] {logging_mixin.py:137} INFO - [2023-06-11T03:30:23.514+0000] {dagbag.py:532} INFO - Filling up the DagBag from /home/airflow/.local/lib/python3.7/site-packages/airflow/example_dags/example_sensors.py
[2023-06-11T03:30:23.544+0000] {processor.py:753} INFO - DAG(s) dict_keys(['example_sensors']) retrieved from /home/airflow/.local/lib/python3.7/site-packages/airflow/example_dags/example_sensors.py
[2023-06-11T03:30:23.597+0000] {logging_mixin.py:137} INFO - [2023-06-11T03:30:23.597+0000] {dag.py:2705} INFO - Sync 1 DAGs
[2023-06-11T03:30:23.636+0000] {logging_mixin.py:137} INFO - [2023-06-11T03:30:23.636+0000] {dag.py:3456} INFO - Setting next_dagrun for example_sensors to None, run_after=None
[2023-06-11T03:30:23.688+0000] {processor.py:175} INFO - Processing /home/airflow/.local/lib/python3.7/site-packages/airflow/example_dags/example_sensors.py took 0.186 seconds
[2023-06-11T03:30:54.596+0000] {processor.py:153} INFO - Started process (PID=611) to work on /home/airflow/.local/lib/python3.7/site-packages/airflow/example_dags/example_sensors.py
[2023-06-11T03:30:54.598+0000] {processor.py:743} INFO - Processing file /home/airflow/.local/lib/python3.7/site-packages/airflow/example_dags/example_sensors.py for tasks to queue
[2023-06-11T03:30:54.600+0000] {logging_mixin.py:137} INFO - [2023-06-11T03:30:54.600+0000] {dagbag.py:532} INFO - Filling up the DagBag from /home/airflow/.local/lib/python3.7/site-packages/airflow/example_dags/example_sensors.py
[2023-06-11T03:30:54.629+0000] {processor.py:753} INFO - DAG(s) dict_keys(['example_sensors']) retrieved from /home/airflow/.local/lib/python3.7/site-packages/airflow/example_dags/example_sensors.py
[2023-06-11T03:30:54.667+0000] {logging_mixin.py:137} INFO - [2023-06-11T03:30:54.667+0000] {dag.py:2705} INFO - Sync 1 DAGs
[2023-06-11T03:30:54.699+0000] {logging_mixin.py:137} INFO - [2023-06-11T03:30:54.699+0000] {dag.py:3456} INFO - Setting next_dagrun for example_sensors to None, run_after=None
[2023-06-11T03:30:54.723+0000] {processor.py:175} INFO - Processing /home/airflow/.local/lib/python3.7/site-packages/airflow/example_dags/example_sensors.py took 0.135 seconds
[2023-06-11T03:31:24.895+0000] {processor.py:153} INFO - Started process (PID=669) to work on /home/airflow/.local/lib/python3.7/site-packages/airflow/example_dags/example_sensors.py
[2023-06-11T03:31:24.897+0000] {processor.py:743} INFO - Processing file /home/airflow/.local/lib/python3.7/site-packages/airflow/example_dags/example_sensors.py for tasks to queue
[2023-06-11T03:31:24.899+0000] {logging_mixin.py:137} INFO - [2023-06-11T03:31:24.898+0000] {dagbag.py:532} INFO - Filling up the DagBag from /home/airflow/.local/lib/python3.7/site-packages/airflow/example_dags/example_sensors.py
[2023-06-11T03:31:24.923+0000] {processor.py:753} INFO - DAG(s) dict_keys(['example_sensors']) retrieved from /home/airflow/.local/lib/python3.7/site-packages/airflow/example_dags/example_sensors.py
[2023-06-11T03:31:24.954+0000] {logging_mixin.py:137} INFO - [2023-06-11T03:31:24.954+0000] {dag.py:2705} INFO - Sync 1 DAGs
[2023-06-11T03:31:24.977+0000] {logging_mixin.py:137} INFO - [2023-06-11T03:31:24.977+0000] {dag.py:3456} INFO - Setting next_dagrun for example_sensors to None, run_after=None
[2023-06-11T03:31:24.993+0000] {processor.py:175} INFO - Processing /home/airflow/.local/lib/python3.7/site-packages/airflow/example_dags/example_sensors.py took 0.102 seconds
[2023-06-11T03:31:55.640+0000] {processor.py:153} INFO - Started process (PID=725) to work on /home/airflow/.local/lib/python3.7/site-packages/airflow/example_dags/example_sensors.py
[2023-06-11T03:31:55.642+0000] {processor.py:743} INFO - Processing file /home/airflow/.local/lib/python3.7/site-packages/airflow/example_dags/example_sensors.py for tasks to queue
[2023-06-11T03:31:55.643+0000] {logging_mixin.py:137} INFO - [2023-06-11T03:31:55.643+0000] {dagbag.py:532} INFO - Filling up the DagBag from /home/airflow/.local/lib/python3.7/site-packages/airflow/example_dags/example_sensors.py
[2023-06-11T03:31:55.681+0000] {processor.py:753} INFO - DAG(s) dict_keys(['example_sensors']) retrieved from /home/airflow/.local/lib/python3.7/site-packages/airflow/example_dags/example_sensors.py
[2023-06-11T03:31:55.720+0000] {logging_mixin.py:137} INFO - [2023-06-11T03:31:55.720+0000] {dag.py:2705} INFO - Sync 1 DAGs
[2023-06-11T03:31:55.745+0000] {logging_mixin.py:137} INFO - [2023-06-11T03:31:55.745+0000] {dag.py:3456} INFO - Setting next_dagrun for example_sensors to None, run_after=None
[2023-06-11T03:31:55.761+0000] {processor.py:175} INFO - Processing /home/airflow/.local/lib/python3.7/site-packages/airflow/example_dags/example_sensors.py took 0.129 seconds
