[2023-06-11T03:25:32.756+0000] {processor.py:153} INFO - Started process (PID=78) to work on /home/airflow/.local/lib/python3.7/site-packages/airflow/example_dags/example_kubernetes_executor.py
[2023-06-11T03:25:32.763+0000] {processor.py:743} INFO - Processing file /home/airflow/.local/lib/python3.7/site-packages/airflow/example_dags/example_kubernetes_executor.py for tasks to queue
[2023-06-11T03:25:32.768+0000] {logging_mixin.py:137} INFO - [2023-06-11T03:25:32.765+0000] {dagbag.py:532} INFO - Filling up the DagBag from /home/airflow/.local/lib/python3.7/site-packages/airflow/example_dags/example_kubernetes_executor.py
[2023-06-11T03:25:33.005+0000] {processor.py:753} INFO - DAG(s) dict_keys(['example_kubernetes_executor']) retrieved from /home/airflow/.local/lib/python3.7/site-packages/airflow/example_dags/example_kubernetes_executor.py
[2023-06-11T03:25:33.223+0000] {logging_mixin.py:137} INFO - [2023-06-11T03:25:33.223+0000] {dag.py:2705} INFO - Sync 1 DAGs
[2023-06-11T03:25:33.372+0000] {logging_mixin.py:137} INFO - [2023-06-11T03:25:33.372+0000] {dag.py:3456} INFO - Setting next_dagrun for example_kubernetes_executor to None, run_after=None
[2023-06-11T03:25:33.469+0000] {processor.py:175} INFO - Processing /home/airflow/.local/lib/python3.7/site-packages/airflow/example_dags/example_kubernetes_executor.py took 0.725 seconds
[2023-06-11T03:26:04.043+0000] {processor.py:153} INFO - Started process (PID=134) to work on /home/airflow/.local/lib/python3.7/site-packages/airflow/example_dags/example_kubernetes_executor.py
[2023-06-11T03:26:04.058+0000] {processor.py:743} INFO - Processing file /home/airflow/.local/lib/python3.7/site-packages/airflow/example_dags/example_kubernetes_executor.py for tasks to queue
[2023-06-11T03:26:04.066+0000] {logging_mixin.py:137} INFO - [2023-06-11T03:26:04.066+0000] {dagbag.py:532} INFO - Filling up the DagBag from /home/airflow/.local/lib/python3.7/site-packages/airflow/example_dags/example_kubernetes_executor.py
[2023-06-11T03:26:04.177+0000] {processor.py:753} INFO - DAG(s) dict_keys(['example_kubernetes_executor']) retrieved from /home/airflow/.local/lib/python3.7/site-packages/airflow/example_dags/example_kubernetes_executor.py
[2023-06-11T03:26:04.276+0000] {logging_mixin.py:137} INFO - [2023-06-11T03:26:04.275+0000] {dag.py:2705} INFO - Sync 1 DAGs
[2023-06-11T03:26:04.372+0000] {logging_mixin.py:137} INFO - [2023-06-11T03:26:04.372+0000] {dag.py:3456} INFO - Setting next_dagrun for example_kubernetes_executor to None, run_after=None
[2023-06-11T03:26:04.664+0000] {processor.py:175} INFO - Processing /home/airflow/.local/lib/python3.7/site-packages/airflow/example_dags/example_kubernetes_executor.py took 0.630 seconds
[2023-06-11T03:26:46.863+0000] {processor.py:153} INFO - Started process (PID=191) to work on /home/airflow/.local/lib/python3.7/site-packages/airflow/example_dags/example_kubernetes_executor.py
[2023-06-11T03:26:46.891+0000] {processor.py:743} INFO - Processing file /home/airflow/.local/lib/python3.7/site-packages/airflow/example_dags/example_kubernetes_executor.py for tasks to queue
[2023-06-11T03:26:46.903+0000] {logging_mixin.py:137} INFO - [2023-06-11T03:26:46.903+0000] {dagbag.py:532} INFO - Filling up the DagBag from /home/airflow/.local/lib/python3.7/site-packages/airflow/example_dags/example_kubernetes_executor.py
[2023-06-11T03:26:47.154+0000] {processor.py:753} INFO - DAG(s) dict_keys(['example_kubernetes_executor']) retrieved from /home/airflow/.local/lib/python3.7/site-packages/airflow/example_dags/example_kubernetes_executor.py
[2023-06-11T03:26:47.425+0000] {logging_mixin.py:137} INFO - [2023-06-11T03:26:47.424+0000] {dag.py:2705} INFO - Sync 1 DAGs
[2023-06-11T03:26:47.552+0000] {logging_mixin.py:137} INFO - [2023-06-11T03:26:47.550+0000] {dag.py:3456} INFO - Setting next_dagrun for example_kubernetes_executor to None, run_after=None
[2023-06-11T03:26:47.656+0000] {processor.py:175} INFO - Processing /home/airflow/.local/lib/python3.7/site-packages/airflow/example_dags/example_kubernetes_executor.py took 0.821 seconds
[2023-06-11T03:27:25.470+0000] {processor.py:153} INFO - Started process (PID=248) to work on /home/airflow/.local/lib/python3.7/site-packages/airflow/example_dags/example_kubernetes_executor.py
[2023-06-11T03:27:25.480+0000] {processor.py:743} INFO - Processing file /home/airflow/.local/lib/python3.7/site-packages/airflow/example_dags/example_kubernetes_executor.py for tasks to queue
[2023-06-11T03:27:25.485+0000] {logging_mixin.py:137} INFO - [2023-06-11T03:27:25.484+0000] {dagbag.py:532} INFO - Filling up the DagBag from /home/airflow/.local/lib/python3.7/site-packages/airflow/example_dags/example_kubernetes_executor.py
[2023-06-11T03:27:25.567+0000] {processor.py:753} INFO - DAG(s) dict_keys(['example_kubernetes_executor']) retrieved from /home/airflow/.local/lib/python3.7/site-packages/airflow/example_dags/example_kubernetes_executor.py
[2023-06-11T03:27:25.668+0000] {logging_mixin.py:137} INFO - [2023-06-11T03:27:25.668+0000] {dag.py:2705} INFO - Sync 1 DAGs
[2023-06-11T03:27:25.761+0000] {logging_mixin.py:137} INFO - [2023-06-11T03:27:25.761+0000] {dag.py:3456} INFO - Setting next_dagrun for example_kubernetes_executor to None, run_after=None
[2023-06-11T03:27:25.801+0000] {processor.py:175} INFO - Processing /home/airflow/.local/lib/python3.7/site-packages/airflow/example_dags/example_kubernetes_executor.py took 0.342 seconds
[2023-06-11T03:27:57.636+0000] {processor.py:153} INFO - Started process (PID=306) to work on /home/airflow/.local/lib/python3.7/site-packages/airflow/example_dags/example_kubernetes_executor.py
[2023-06-11T03:27:57.638+0000] {processor.py:743} INFO - Processing file /home/airflow/.local/lib/python3.7/site-packages/airflow/example_dags/example_kubernetes_executor.py for tasks to queue
[2023-06-11T03:27:57.640+0000] {logging_mixin.py:137} INFO - [2023-06-11T03:27:57.640+0000] {dagbag.py:532} INFO - Filling up the DagBag from /home/airflow/.local/lib/python3.7/site-packages/airflow/example_dags/example_kubernetes_executor.py
[2023-06-11T03:27:57.704+0000] {processor.py:753} INFO - DAG(s) dict_keys(['example_kubernetes_executor']) retrieved from /home/airflow/.local/lib/python3.7/site-packages/airflow/example_dags/example_kubernetes_executor.py
[2023-06-11T03:27:57.784+0000] {logging_mixin.py:137} INFO - [2023-06-11T03:27:57.784+0000] {dag.py:2705} INFO - Sync 1 DAGs
[2023-06-11T03:27:57.922+0000] {logging_mixin.py:137} INFO - [2023-06-11T03:27:57.917+0000] {dag.py:3456} INFO - Setting next_dagrun for example_kubernetes_executor to None, run_after=None
[2023-06-11T03:27:58.007+0000] {processor.py:175} INFO - Processing /home/airflow/.local/lib/python3.7/site-packages/airflow/example_dags/example_kubernetes_executor.py took 0.378 seconds
[2023-06-11T03:28:41.846+0000] {processor.py:153} INFO - Started process (PID=375) to work on /home/airflow/.local/lib/python3.7/site-packages/airflow/example_dags/example_kubernetes_executor.py
[2023-06-11T03:28:41.851+0000] {processor.py:743} INFO - Processing file /home/airflow/.local/lib/python3.7/site-packages/airflow/example_dags/example_kubernetes_executor.py for tasks to queue
[2023-06-11T03:28:41.854+0000] {logging_mixin.py:137} INFO - [2023-06-11T03:28:41.854+0000] {dagbag.py:532} INFO - Filling up the DagBag from /home/airflow/.local/lib/python3.7/site-packages/airflow/example_dags/example_kubernetes_executor.py
[2023-06-11T03:28:41.966+0000] {processor.py:753} INFO - DAG(s) dict_keys(['example_kubernetes_executor']) retrieved from /home/airflow/.local/lib/python3.7/site-packages/airflow/example_dags/example_kubernetes_executor.py
[2023-06-11T03:28:42.097+0000] {logging_mixin.py:137} INFO - [2023-06-11T03:28:42.096+0000] {dag.py:2705} INFO - Sync 1 DAGs
[2023-06-11T03:28:42.147+0000] {logging_mixin.py:137} INFO - [2023-06-11T03:28:42.146+0000] {dag.py:3456} INFO - Setting next_dagrun for example_kubernetes_executor to None, run_after=None
[2023-06-11T03:28:42.175+0000] {processor.py:175} INFO - Processing /home/airflow/.local/lib/python3.7/site-packages/airflow/example_dags/example_kubernetes_executor.py took 0.343 seconds
[2023-06-11T03:29:20.415+0000] {processor.py:153} INFO - Started process (PID=436) to work on /home/airflow/.local/lib/python3.7/site-packages/airflow/example_dags/example_kubernetes_executor.py
[2023-06-11T03:29:20.423+0000] {processor.py:743} INFO - Processing file /home/airflow/.local/lib/python3.7/site-packages/airflow/example_dags/example_kubernetes_executor.py for tasks to queue
[2023-06-11T03:29:20.427+0000] {logging_mixin.py:137} INFO - [2023-06-11T03:29:20.427+0000] {dagbag.py:532} INFO - Filling up the DagBag from /home/airflow/.local/lib/python3.7/site-packages/airflow/example_dags/example_kubernetes_executor.py
[2023-06-11T03:29:20.563+0000] {processor.py:753} INFO - DAG(s) dict_keys(['example_kubernetes_executor']) retrieved from /home/airflow/.local/lib/python3.7/site-packages/airflow/example_dags/example_kubernetes_executor.py
[2023-06-11T03:29:20.697+0000] {logging_mixin.py:137} INFO - [2023-06-11T03:29:20.696+0000] {dag.py:2705} INFO - Sync 1 DAGs
[2023-06-11T03:29:20.804+0000] {logging_mixin.py:137} INFO - [2023-06-11T03:29:20.804+0000] {dag.py:3456} INFO - Setting next_dagrun for example_kubernetes_executor to None, run_after=None
[2023-06-11T03:29:20.856+0000] {processor.py:175} INFO - Processing /home/airflow/.local/lib/python3.7/site-packages/airflow/example_dags/example_kubernetes_executor.py took 0.456 seconds
[2023-06-11T03:29:51.665+0000] {processor.py:153} INFO - Started process (PID=493) to work on /home/airflow/.local/lib/python3.7/site-packages/airflow/example_dags/example_kubernetes_executor.py
[2023-06-11T03:29:51.667+0000] {processor.py:743} INFO - Processing file /home/airflow/.local/lib/python3.7/site-packages/airflow/example_dags/example_kubernetes_executor.py for tasks to queue
[2023-06-11T03:29:51.669+0000] {logging_mixin.py:137} INFO - [2023-06-11T03:29:51.669+0000] {dagbag.py:532} INFO - Filling up the DagBag from /home/airflow/.local/lib/python3.7/site-packages/airflow/example_dags/example_kubernetes_executor.py
[2023-06-11T03:29:51.717+0000] {processor.py:753} INFO - DAG(s) dict_keys(['example_kubernetes_executor']) retrieved from /home/airflow/.local/lib/python3.7/site-packages/airflow/example_dags/example_kubernetes_executor.py
[2023-06-11T03:29:51.758+0000] {logging_mixin.py:137} INFO - [2023-06-11T03:29:51.758+0000] {dag.py:2705} INFO - Sync 1 DAGs
[2023-06-11T03:29:51.794+0000] {logging_mixin.py:137} INFO - [2023-06-11T03:29:51.793+0000] {dag.py:3456} INFO - Setting next_dagrun for example_kubernetes_executor to None, run_after=None
[2023-06-11T03:29:51.814+0000] {processor.py:175} INFO - Processing /home/airflow/.local/lib/python3.7/site-packages/airflow/example_dags/example_kubernetes_executor.py took 0.156 seconds
[2023-06-11T03:30:22.119+0000] {processor.py:153} INFO - Started process (PID=550) to work on /home/airflow/.local/lib/python3.7/site-packages/airflow/example_dags/example_kubernetes_executor.py
[2023-06-11T03:30:22.121+0000] {processor.py:743} INFO - Processing file /home/airflow/.local/lib/python3.7/site-packages/airflow/example_dags/example_kubernetes_executor.py for tasks to queue
[2023-06-11T03:30:22.122+0000] {logging_mixin.py:137} INFO - [2023-06-11T03:30:22.122+0000] {dagbag.py:532} INFO - Filling up the DagBag from /home/airflow/.local/lib/python3.7/site-packages/airflow/example_dags/example_kubernetes_executor.py
[2023-06-11T03:30:22.171+0000] {processor.py:753} INFO - DAG(s) dict_keys(['example_kubernetes_executor']) retrieved from /home/airflow/.local/lib/python3.7/site-packages/airflow/example_dags/example_kubernetes_executor.py
[2023-06-11T03:30:22.221+0000] {logging_mixin.py:137} INFO - [2023-06-11T03:30:22.221+0000] {dag.py:2705} INFO - Sync 1 DAGs
[2023-06-11T03:30:22.258+0000] {logging_mixin.py:137} INFO - [2023-06-11T03:30:22.258+0000] {dag.py:3456} INFO - Setting next_dagrun for example_kubernetes_executor to None, run_after=None
[2023-06-11T03:30:22.323+0000] {processor.py:175} INFO - Processing /home/airflow/.local/lib/python3.7/site-packages/airflow/example_dags/example_kubernetes_executor.py took 0.209 seconds
[2023-06-11T03:30:53.020+0000] {processor.py:153} INFO - Started process (PID=607) to work on /home/airflow/.local/lib/python3.7/site-packages/airflow/example_dags/example_kubernetes_executor.py
[2023-06-11T03:30:53.024+0000] {processor.py:743} INFO - Processing file /home/airflow/.local/lib/python3.7/site-packages/airflow/example_dags/example_kubernetes_executor.py for tasks to queue
[2023-06-11T03:30:53.027+0000] {logging_mixin.py:137} INFO - [2023-06-11T03:30:53.027+0000] {dagbag.py:532} INFO - Filling up the DagBag from /home/airflow/.local/lib/python3.7/site-packages/airflow/example_dags/example_kubernetes_executor.py
[2023-06-11T03:30:53.157+0000] {processor.py:753} INFO - DAG(s) dict_keys(['example_kubernetes_executor']) retrieved from /home/airflow/.local/lib/python3.7/site-packages/airflow/example_dags/example_kubernetes_executor.py
[2023-06-11T03:30:53.253+0000] {logging_mixin.py:137} INFO - [2023-06-11T03:30:53.253+0000] {dag.py:2705} INFO - Sync 1 DAGs
[2023-06-11T03:30:53.305+0000] {logging_mixin.py:137} INFO - [2023-06-11T03:30:53.304+0000] {dag.py:3456} INFO - Setting next_dagrun for example_kubernetes_executor to None, run_after=None
[2023-06-11T03:30:53.340+0000] {processor.py:175} INFO - Processing /home/airflow/.local/lib/python3.7/site-packages/airflow/example_dags/example_kubernetes_executor.py took 0.330 seconds
[2023-06-11T03:31:23.391+0000] {processor.py:153} INFO - Started process (PID=664) to work on /home/airflow/.local/lib/python3.7/site-packages/airflow/example_dags/example_kubernetes_executor.py
[2023-06-11T03:31:23.392+0000] {processor.py:743} INFO - Processing file /home/airflow/.local/lib/python3.7/site-packages/airflow/example_dags/example_kubernetes_executor.py for tasks to queue
[2023-06-11T03:31:23.393+0000] {logging_mixin.py:137} INFO - [2023-06-11T03:31:23.393+0000] {dagbag.py:532} INFO - Filling up the DagBag from /home/airflow/.local/lib/python3.7/site-packages/airflow/example_dags/example_kubernetes_executor.py
[2023-06-11T03:31:23.421+0000] {processor.py:753} INFO - DAG(s) dict_keys(['example_kubernetes_executor']) retrieved from /home/airflow/.local/lib/python3.7/site-packages/airflow/example_dags/example_kubernetes_executor.py
[2023-06-11T03:31:23.451+0000] {logging_mixin.py:137} INFO - [2023-06-11T03:31:23.451+0000] {dag.py:2705} INFO - Sync 1 DAGs
[2023-06-11T03:31:23.472+0000] {logging_mixin.py:137} INFO - [2023-06-11T03:31:23.472+0000] {dag.py:3456} INFO - Setting next_dagrun for example_kubernetes_executor to None, run_after=None
[2023-06-11T03:31:23.487+0000] {processor.py:175} INFO - Processing /home/airflow/.local/lib/python3.7/site-packages/airflow/example_dags/example_kubernetes_executor.py took 0.099 seconds
[2023-06-11T03:31:54.292+0000] {processor.py:153} INFO - Started process (PID=720) to work on /home/airflow/.local/lib/python3.7/site-packages/airflow/example_dags/example_kubernetes_executor.py
[2023-06-11T03:31:54.293+0000] {processor.py:743} INFO - Processing file /home/airflow/.local/lib/python3.7/site-packages/airflow/example_dags/example_kubernetes_executor.py for tasks to queue
[2023-06-11T03:31:54.294+0000] {logging_mixin.py:137} INFO - [2023-06-11T03:31:54.294+0000] {dagbag.py:532} INFO - Filling up the DagBag from /home/airflow/.local/lib/python3.7/site-packages/airflow/example_dags/example_kubernetes_executor.py
[2023-06-11T03:31:54.320+0000] {processor.py:753} INFO - DAG(s) dict_keys(['example_kubernetes_executor']) retrieved from /home/airflow/.local/lib/python3.7/site-packages/airflow/example_dags/example_kubernetes_executor.py
[2023-06-11T03:31:54.353+0000] {logging_mixin.py:137} INFO - [2023-06-11T03:31:54.353+0000] {dag.py:2705} INFO - Sync 1 DAGs
[2023-06-11T03:31:54.375+0000] {logging_mixin.py:137} INFO - [2023-06-11T03:31:54.375+0000] {dag.py:3456} INFO - Setting next_dagrun for example_kubernetes_executor to None, run_after=None
[2023-06-11T03:31:54.389+0000] {processor.py:175} INFO - Processing /home/airflow/.local/lib/python3.7/site-packages/airflow/example_dags/example_kubernetes_executor.py took 0.101 seconds
