[2023-06-11T03:25:27.671+0000] {processor.py:153} INFO - Started process (PID=56) to work on /home/airflow/.local/lib/python3.7/site-packages/airflow/example_dags/example_branch_python_dop_operator_3.py
[2023-06-11T03:25:27.673+0000] {processor.py:743} INFO - Processing file /home/airflow/.local/lib/python3.7/site-packages/airflow/example_dags/example_branch_python_dop_operator_3.py for tasks to queue
[2023-06-11T03:25:27.676+0000] {logging_mixin.py:137} INFO - [2023-06-11T03:25:27.675+0000] {dagbag.py:532} INFO - Filling up the DagBag from /home/airflow/.local/lib/python3.7/site-packages/airflow/example_dags/example_branch_python_dop_operator_3.py
[2023-06-11T03:25:27.716+0000] {processor.py:753} INFO - DAG(s) dict_keys(['example_branch_dop_operator_v3']) retrieved from /home/airflow/.local/lib/python3.7/site-packages/airflow/example_dags/example_branch_python_dop_operator_3.py
[2023-06-11T03:25:27.784+0000] {logging_mixin.py:137} INFO - [2023-06-11T03:25:27.784+0000] {dag.py:2705} INFO - Sync 1 DAGs
[2023-06-11T03:25:27.928+0000] {logging_mixin.py:137} INFO - [2023-06-11T03:25:27.928+0000] {dag.py:3456} INFO - Setting next_dagrun for example_branch_dop_operator_v3 to 2023-06-11T03:24:00+00:00, run_after=2023-06-11T03:25:00+00:00
[2023-06-11T03:25:27.983+0000] {processor.py:175} INFO - Processing /home/airflow/.local/lib/python3.7/site-packages/airflow/example_dags/example_branch_python_dop_operator_3.py took 0.321 seconds
[2023-06-11T03:25:58.777+0000] {processor.py:153} INFO - Started process (PID=112) to work on /home/airflow/.local/lib/python3.7/site-packages/airflow/example_dags/example_branch_python_dop_operator_3.py
[2023-06-11T03:25:58.779+0000] {processor.py:743} INFO - Processing file /home/airflow/.local/lib/python3.7/site-packages/airflow/example_dags/example_branch_python_dop_operator_3.py for tasks to queue
[2023-06-11T03:25:58.780+0000] {logging_mixin.py:137} INFO - [2023-06-11T03:25:58.780+0000] {dagbag.py:532} INFO - Filling up the DagBag from /home/airflow/.local/lib/python3.7/site-packages/airflow/example_dags/example_branch_python_dop_operator_3.py
[2023-06-11T03:25:58.802+0000] {processor.py:753} INFO - DAG(s) dict_keys(['example_branch_dop_operator_v3']) retrieved from /home/airflow/.local/lib/python3.7/site-packages/airflow/example_dags/example_branch_python_dop_operator_3.py
[2023-06-11T03:25:58.829+0000] {logging_mixin.py:137} INFO - [2023-06-11T03:25:58.829+0000] {dag.py:2705} INFO - Sync 1 DAGs
[2023-06-11T03:25:58.854+0000] {logging_mixin.py:137} INFO - [2023-06-11T03:25:58.854+0000] {dag.py:3456} INFO - Setting next_dagrun for example_branch_dop_operator_v3 to 2023-06-11T03:24:00+00:00, run_after=2023-06-11T03:25:00+00:00
[2023-06-11T03:25:58.869+0000] {processor.py:175} INFO - Processing /home/airflow/.local/lib/python3.7/site-packages/airflow/example_dags/example_branch_python_dop_operator_3.py took 0.097 seconds
[2023-06-11T03:26:39.790+0000] {processor.py:153} INFO - Started process (PID=175) to work on /home/airflow/.local/lib/python3.7/site-packages/airflow/example_dags/example_branch_python_dop_operator_3.py
[2023-06-11T03:26:39.799+0000] {processor.py:743} INFO - Processing file /home/airflow/.local/lib/python3.7/site-packages/airflow/example_dags/example_branch_python_dop_operator_3.py for tasks to queue
[2023-06-11T03:26:39.810+0000] {logging_mixin.py:137} INFO - [2023-06-11T03:26:39.809+0000] {dagbag.py:532} INFO - Filling up the DagBag from /home/airflow/.local/lib/python3.7/site-packages/airflow/example_dags/example_branch_python_dop_operator_3.py
[2023-06-11T03:26:39.910+0000] {processor.py:753} INFO - DAG(s) dict_keys(['example_branch_dop_operator_v3']) retrieved from /home/airflow/.local/lib/python3.7/site-packages/airflow/example_dags/example_branch_python_dop_operator_3.py
[2023-06-11T03:26:40.023+0000] {logging_mixin.py:137} INFO - [2023-06-11T03:26:40.023+0000] {dag.py:2705} INFO - Sync 1 DAGs
[2023-06-11T03:26:40.148+0000] {logging_mixin.py:137} INFO - [2023-06-11T03:26:40.147+0000] {dag.py:3456} INFO - Setting next_dagrun for example_branch_dop_operator_v3 to 2023-06-11T03:25:00+00:00, run_after=2023-06-11T03:26:00+00:00
[2023-06-11T03:26:40.250+0000] {processor.py:175} INFO - Processing /home/airflow/.local/lib/python3.7/site-packages/airflow/example_dags/example_branch_python_dop_operator_3.py took 0.480 seconds
[2023-06-11T03:27:19.418+0000] {processor.py:153} INFO - Started process (PID=232) to work on /home/airflow/.local/lib/python3.7/site-packages/airflow/example_dags/example_branch_python_dop_operator_3.py
[2023-06-11T03:27:19.424+0000] {processor.py:743} INFO - Processing file /home/airflow/.local/lib/python3.7/site-packages/airflow/example_dags/example_branch_python_dop_operator_3.py for tasks to queue
[2023-06-11T03:27:19.429+0000] {logging_mixin.py:137} INFO - [2023-06-11T03:27:19.428+0000] {dagbag.py:532} INFO - Filling up the DagBag from /home/airflow/.local/lib/python3.7/site-packages/airflow/example_dags/example_branch_python_dop_operator_3.py
[2023-06-11T03:27:19.605+0000] {processor.py:753} INFO - DAG(s) dict_keys(['example_branch_dop_operator_v3']) retrieved from /home/airflow/.local/lib/python3.7/site-packages/airflow/example_dags/example_branch_python_dop_operator_3.py
[2023-06-11T03:27:19.786+0000] {logging_mixin.py:137} INFO - [2023-06-11T03:27:19.786+0000] {dag.py:2705} INFO - Sync 1 DAGs
[2023-06-11T03:27:19.978+0000] {logging_mixin.py:137} INFO - [2023-06-11T03:27:19.976+0000] {dag.py:3456} INFO - Setting next_dagrun for example_branch_dop_operator_v3 to 2023-06-11T03:26:00+00:00, run_after=2023-06-11T03:27:00+00:00
[2023-06-11T03:27:20.154+0000] {processor.py:175} INFO - Processing /home/airflow/.local/lib/python3.7/site-packages/airflow/example_dags/example_branch_python_dop_operator_3.py took 0.743 seconds
[2023-06-11T03:27:52.527+0000] {processor.py:153} INFO - Started process (PID=289) to work on /home/airflow/.local/lib/python3.7/site-packages/airflow/example_dags/example_branch_python_dop_operator_3.py
[2023-06-11T03:27:52.538+0000] {processor.py:743} INFO - Processing file /home/airflow/.local/lib/python3.7/site-packages/airflow/example_dags/example_branch_python_dop_operator_3.py for tasks to queue
[2023-06-11T03:27:52.546+0000] {logging_mixin.py:137} INFO - [2023-06-11T03:27:52.545+0000] {dagbag.py:532} INFO - Filling up the DagBag from /home/airflow/.local/lib/python3.7/site-packages/airflow/example_dags/example_branch_python_dop_operator_3.py
[2023-06-11T03:27:52.699+0000] {processor.py:753} INFO - DAG(s) dict_keys(['example_branch_dop_operator_v3']) retrieved from /home/airflow/.local/lib/python3.7/site-packages/airflow/example_dags/example_branch_python_dop_operator_3.py
[2023-06-11T03:27:52.915+0000] {logging_mixin.py:137} INFO - [2023-06-11T03:27:52.914+0000] {dag.py:2705} INFO - Sync 1 DAGs
[2023-06-11T03:27:53.067+0000] {logging_mixin.py:137} INFO - [2023-06-11T03:27:53.067+0000] {dag.py:3456} INFO - Setting next_dagrun for example_branch_dop_operator_v3 to 2023-06-11T03:26:00+00:00, run_after=2023-06-11T03:27:00+00:00
[2023-06-11T03:27:53.159+0000] {processor.py:175} INFO - Processing /home/airflow/.local/lib/python3.7/site-packages/airflow/example_dags/example_branch_python_dop_operator_3.py took 0.676 seconds
[2023-06-11T03:28:29.332+0000] {processor.py:153} INFO - Started process (PID=344) to work on /home/airflow/.local/lib/python3.7/site-packages/airflow/example_dags/example_branch_python_dop_operator_3.py
[2023-06-11T03:28:29.342+0000] {processor.py:743} INFO - Processing file /home/airflow/.local/lib/python3.7/site-packages/airflow/example_dags/example_branch_python_dop_operator_3.py for tasks to queue
[2023-06-11T03:28:29.349+0000] {logging_mixin.py:137} INFO - [2023-06-11T03:28:29.349+0000] {dagbag.py:532} INFO - Filling up the DagBag from /home/airflow/.local/lib/python3.7/site-packages/airflow/example_dags/example_branch_python_dop_operator_3.py
[2023-06-11T03:28:29.638+0000] {processor.py:753} INFO - DAG(s) dict_keys(['example_branch_dop_operator_v3']) retrieved from /home/airflow/.local/lib/python3.7/site-packages/airflow/example_dags/example_branch_python_dop_operator_3.py
[2023-06-11T03:28:30.021+0000] {logging_mixin.py:137} INFO - [2023-06-11T03:28:30.020+0000] {dag.py:2705} INFO - Sync 1 DAGs
[2023-06-11T03:28:30.206+0000] {logging_mixin.py:137} INFO - [2023-06-11T03:28:30.206+0000] {dag.py:3456} INFO - Setting next_dagrun for example_branch_dop_operator_v3 to 2023-06-11T03:27:00+00:00, run_after=2023-06-11T03:28:00+00:00
[2023-06-11T03:28:30.402+0000] {processor.py:175} INFO - Processing /home/airflow/.local/lib/python3.7/site-packages/airflow/example_dags/example_branch_python_dop_operator_3.py took 1.085 seconds
[2023-06-11T03:29:01.148+0000] {processor.py:153} INFO - Started process (PID=399) to work on /home/airflow/.local/lib/python3.7/site-packages/airflow/example_dags/example_branch_python_dop_operator_3.py
[2023-06-11T03:29:01.155+0000] {processor.py:743} INFO - Processing file /home/airflow/.local/lib/python3.7/site-packages/airflow/example_dags/example_branch_python_dop_operator_3.py for tasks to queue
[2023-06-11T03:29:01.163+0000] {logging_mixin.py:137} INFO - [2023-06-11T03:29:01.163+0000] {dagbag.py:532} INFO - Filling up the DagBag from /home/airflow/.local/lib/python3.7/site-packages/airflow/example_dags/example_branch_python_dop_operator_3.py
[2023-06-11T03:29:01.478+0000] {processor.py:753} INFO - DAG(s) dict_keys(['example_branch_dop_operator_v3']) retrieved from /home/airflow/.local/lib/python3.7/site-packages/airflow/example_dags/example_branch_python_dop_operator_3.py
[2023-06-11T03:29:01.758+0000] {logging_mixin.py:137} INFO - [2023-06-11T03:29:01.756+0000] {dag.py:2705} INFO - Sync 1 DAGs
[2023-06-11T03:29:01.898+0000] {logging_mixin.py:137} INFO - [2023-06-11T03:29:01.895+0000] {dag.py:3456} INFO - Setting next_dagrun for example_branch_dop_operator_v3 to 2023-06-11T03:28:00+00:00, run_after=2023-06-11T03:29:00+00:00
[2023-06-11T03:29:02.038+0000] {processor.py:175} INFO - Processing /home/airflow/.local/lib/python3.7/site-packages/airflow/example_dags/example_branch_python_dop_operator_3.py took 0.924 seconds
[2023-06-11T03:29:32.941+0000] {processor.py:153} INFO - Started process (PID=457) to work on /home/airflow/.local/lib/python3.7/site-packages/airflow/example_dags/example_branch_python_dop_operator_3.py
[2023-06-11T03:29:32.943+0000] {processor.py:743} INFO - Processing file /home/airflow/.local/lib/python3.7/site-packages/airflow/example_dags/example_branch_python_dop_operator_3.py for tasks to queue
[2023-06-11T03:29:32.945+0000] {logging_mixin.py:137} INFO - [2023-06-11T03:29:32.945+0000] {dagbag.py:532} INFO - Filling up the DagBag from /home/airflow/.local/lib/python3.7/site-packages/airflow/example_dags/example_branch_python_dop_operator_3.py
[2023-06-11T03:29:32.985+0000] {processor.py:753} INFO - DAG(s) dict_keys(['example_branch_dop_operator_v3']) retrieved from /home/airflow/.local/lib/python3.7/site-packages/airflow/example_dags/example_branch_python_dop_operator_3.py
[2023-06-11T03:29:33.032+0000] {logging_mixin.py:137} INFO - [2023-06-11T03:29:33.031+0000] {dag.py:2705} INFO - Sync 1 DAGs
[2023-06-11T03:29:33.069+0000] {logging_mixin.py:137} INFO - [2023-06-11T03:29:33.069+0000] {dag.py:3456} INFO - Setting next_dagrun for example_branch_dop_operator_v3 to 2023-06-11T03:28:00+00:00, run_after=2023-06-11T03:29:00+00:00
[2023-06-11T03:29:33.090+0000] {processor.py:175} INFO - Processing /home/airflow/.local/lib/python3.7/site-packages/airflow/example_dags/example_branch_python_dop_operator_3.py took 0.155 seconds
[2023-06-11T03:30:03.449+0000] {processor.py:153} INFO - Started process (PID=514) to work on /home/airflow/.local/lib/python3.7/site-packages/airflow/example_dags/example_branch_python_dop_operator_3.py
[2023-06-11T03:30:03.452+0000] {processor.py:743} INFO - Processing file /home/airflow/.local/lib/python3.7/site-packages/airflow/example_dags/example_branch_python_dop_operator_3.py for tasks to queue
[2023-06-11T03:30:03.454+0000] {logging_mixin.py:137} INFO - [2023-06-11T03:30:03.454+0000] {dagbag.py:532} INFO - Filling up the DagBag from /home/airflow/.local/lib/python3.7/site-packages/airflow/example_dags/example_branch_python_dop_operator_3.py
[2023-06-11T03:30:03.483+0000] {processor.py:753} INFO - DAG(s) dict_keys(['example_branch_dop_operator_v3']) retrieved from /home/airflow/.local/lib/python3.7/site-packages/airflow/example_dags/example_branch_python_dop_operator_3.py
[2023-06-11T03:30:03.524+0000] {logging_mixin.py:137} INFO - [2023-06-11T03:30:03.523+0000] {dag.py:2705} INFO - Sync 1 DAGs
[2023-06-11T03:30:03.559+0000] {logging_mixin.py:137} INFO - [2023-06-11T03:30:03.559+0000] {dag.py:3456} INFO - Setting next_dagrun for example_branch_dop_operator_v3 to 2023-06-11T03:29:00+00:00, run_after=2023-06-11T03:30:00+00:00
[2023-06-11T03:30:03.577+0000] {processor.py:175} INFO - Processing /home/airflow/.local/lib/python3.7/site-packages/airflow/example_dags/example_branch_python_dop_operator_3.py took 0.134 seconds
[2023-06-11T03:30:34.566+0000] {processor.py:153} INFO - Started process (PID=571) to work on /home/airflow/.local/lib/python3.7/site-packages/airflow/example_dags/example_branch_python_dop_operator_3.py
[2023-06-11T03:30:34.570+0000] {processor.py:743} INFO - Processing file /home/airflow/.local/lib/python3.7/site-packages/airflow/example_dags/example_branch_python_dop_operator_3.py for tasks to queue
[2023-06-11T03:30:34.573+0000] {logging_mixin.py:137} INFO - [2023-06-11T03:30:34.573+0000] {dagbag.py:532} INFO - Filling up the DagBag from /home/airflow/.local/lib/python3.7/site-packages/airflow/example_dags/example_branch_python_dop_operator_3.py
[2023-06-11T03:30:34.628+0000] {processor.py:753} INFO - DAG(s) dict_keys(['example_branch_dop_operator_v3']) retrieved from /home/airflow/.local/lib/python3.7/site-packages/airflow/example_dags/example_branch_python_dop_operator_3.py
[2023-06-11T03:30:34.696+0000] {logging_mixin.py:137} INFO - [2023-06-11T03:30:34.696+0000] {dag.py:2705} INFO - Sync 1 DAGs
[2023-06-11T03:30:34.752+0000] {logging_mixin.py:137} INFO - [2023-06-11T03:30:34.751+0000] {dag.py:3456} INFO - Setting next_dagrun for example_branch_dop_operator_v3 to 2023-06-11T03:29:00+00:00, run_after=2023-06-11T03:30:00+00:00
[2023-06-11T03:30:34.813+0000] {processor.py:175} INFO - Processing /home/airflow/.local/lib/python3.7/site-packages/airflow/example_dags/example_branch_python_dop_operator_3.py took 0.255 seconds
[2023-06-11T03:31:05.108+0000] {processor.py:153} INFO - Started process (PID=627) to work on /home/airflow/.local/lib/python3.7/site-packages/airflow/example_dags/example_branch_python_dop_operator_3.py
[2023-06-11T03:31:05.110+0000] {processor.py:743} INFO - Processing file /home/airflow/.local/lib/python3.7/site-packages/airflow/example_dags/example_branch_python_dop_operator_3.py for tasks to queue
[2023-06-11T03:31:05.112+0000] {logging_mixin.py:137} INFO - [2023-06-11T03:31:05.111+0000] {dagbag.py:532} INFO - Filling up the DagBag from /home/airflow/.local/lib/python3.7/site-packages/airflow/example_dags/example_branch_python_dop_operator_3.py
[2023-06-11T03:31:05.143+0000] {processor.py:753} INFO - DAG(s) dict_keys(['example_branch_dop_operator_v3']) retrieved from /home/airflow/.local/lib/python3.7/site-packages/airflow/example_dags/example_branch_python_dop_operator_3.py
[2023-06-11T03:31:05.177+0000] {logging_mixin.py:137} INFO - [2023-06-11T03:31:05.177+0000] {dag.py:2705} INFO - Sync 1 DAGs
[2023-06-11T03:31:05.206+0000] {logging_mixin.py:137} INFO - [2023-06-11T03:31:05.206+0000] {dag.py:3456} INFO - Setting next_dagrun for example_branch_dop_operator_v3 to 2023-06-11T03:30:00+00:00, run_after=2023-06-11T03:31:00+00:00
[2023-06-11T03:31:05.222+0000] {processor.py:175} INFO - Processing /home/airflow/.local/lib/python3.7/site-packages/airflow/example_dags/example_branch_python_dop_operator_3.py took 0.121 seconds
[2023-06-11T03:31:35.352+0000] {processor.py:153} INFO - Started process (PID=684) to work on /home/airflow/.local/lib/python3.7/site-packages/airflow/example_dags/example_branch_python_dop_operator_3.py
[2023-06-11T03:31:35.354+0000] {processor.py:743} INFO - Processing file /home/airflow/.local/lib/python3.7/site-packages/airflow/example_dags/example_branch_python_dop_operator_3.py for tasks to queue
[2023-06-11T03:31:35.356+0000] {logging_mixin.py:137} INFO - [2023-06-11T03:31:35.355+0000] {dagbag.py:532} INFO - Filling up the DagBag from /home/airflow/.local/lib/python3.7/site-packages/airflow/example_dags/example_branch_python_dop_operator_3.py
[2023-06-11T03:31:35.384+0000] {processor.py:753} INFO - DAG(s) dict_keys(['example_branch_dop_operator_v3']) retrieved from /home/airflow/.local/lib/python3.7/site-packages/airflow/example_dags/example_branch_python_dop_operator_3.py
[2023-06-11T03:31:35.415+0000] {logging_mixin.py:137} INFO - [2023-06-11T03:31:35.415+0000] {dag.py:2705} INFO - Sync 1 DAGs
[2023-06-11T03:31:35.444+0000] {logging_mixin.py:137} INFO - [2023-06-11T03:31:35.443+0000] {dag.py:3456} INFO - Setting next_dagrun for example_branch_dop_operator_v3 to 2023-06-11T03:30:00+00:00, run_after=2023-06-11T03:31:00+00:00
[2023-06-11T03:31:35.459+0000] {processor.py:175} INFO - Processing /home/airflow/.local/lib/python3.7/site-packages/airflow/example_dags/example_branch_python_dop_operator_3.py took 0.112 seconds
[2023-06-11T03:32:05.661+0000] {processor.py:153} INFO - Started process (PID=741) to work on /home/airflow/.local/lib/python3.7/site-packages/airflow/example_dags/example_branch_python_dop_operator_3.py
[2023-06-11T03:32:05.663+0000] {processor.py:743} INFO - Processing file /home/airflow/.local/lib/python3.7/site-packages/airflow/example_dags/example_branch_python_dop_operator_3.py for tasks to queue
[2023-06-11T03:32:05.664+0000] {logging_mixin.py:137} INFO - [2023-06-11T03:32:05.664+0000] {dagbag.py:532} INFO - Filling up the DagBag from /home/airflow/.local/lib/python3.7/site-packages/airflow/example_dags/example_branch_python_dop_operator_3.py
[2023-06-11T03:32:05.700+0000] {processor.py:753} INFO - DAG(s) dict_keys(['example_branch_dop_operator_v3']) retrieved from /home/airflow/.local/lib/python3.7/site-packages/airflow/example_dags/example_branch_python_dop_operator_3.py
[2023-06-11T03:32:05.731+0000] {logging_mixin.py:137} INFO - [2023-06-11T03:32:05.731+0000] {dag.py:2705} INFO - Sync 1 DAGs
[2023-06-11T03:32:05.759+0000] {logging_mixin.py:137} INFO - [2023-06-11T03:32:05.759+0000] {dag.py:3456} INFO - Setting next_dagrun for example_branch_dop_operator_v3 to 2023-06-11T03:31:00+00:00, run_after=2023-06-11T03:32:00+00:00
[2023-06-11T03:32:05.773+0000] {processor.py:175} INFO - Processing /home/airflow/.local/lib/python3.7/site-packages/airflow/example_dags/example_branch_python_dop_operator_3.py took 0.117 seconds
