[2023-06-11T03:25:28.087+0000] {processor.py:153} INFO - Started process (PID=58) to work on /home/airflow/.local/lib/python3.7/site-packages/airflow/example_dags/example_sla_dag.py
[2023-06-11T03:25:28.091+0000] {processor.py:743} INFO - Processing file /home/airflow/.local/lib/python3.7/site-packages/airflow/example_dags/example_sla_dag.py for tasks to queue
[2023-06-11T03:25:28.094+0000] {logging_mixin.py:137} INFO - [2023-06-11T03:25:28.094+0000] {dagbag.py:532} INFO - Filling up the DagBag from /home/airflow/.local/lib/python3.7/site-packages/airflow/example_dags/example_sla_dag.py
[2023-06-11T03:25:28.166+0000] {processor.py:753} INFO - DAG(s) dict_keys(['example_sla_dag']) retrieved from /home/airflow/.local/lib/python3.7/site-packages/airflow/example_dags/example_sla_dag.py
[2023-06-11T03:25:28.221+0000] {logging_mixin.py:137} INFO - [2023-06-11T03:25:28.221+0000] {dag.py:2705} INFO - Sync 1 DAGs
[2023-06-11T03:25:28.275+0000] {logging_mixin.py:137} INFO - [2023-06-11T03:25:28.275+0000] {dag.py:3456} INFO - Setting next_dagrun for example_sla_dag to 2023-06-11T03:22:00+00:00, run_after=2023-06-11T03:24:00+00:00
[2023-06-11T03:25:28.314+0000] {processor.py:175} INFO - Processing /home/airflow/.local/lib/python3.7/site-packages/airflow/example_dags/example_sla_dag.py took 0.236 seconds
[2023-06-11T03:25:58.891+0000] {processor.py:153} INFO - Started process (PID=114) to work on /home/airflow/.local/lib/python3.7/site-packages/airflow/example_dags/example_sla_dag.py
[2023-06-11T03:25:58.892+0000] {processor.py:743} INFO - Processing file /home/airflow/.local/lib/python3.7/site-packages/airflow/example_dags/example_sla_dag.py for tasks to queue
[2023-06-11T03:25:58.893+0000] {logging_mixin.py:137} INFO - [2023-06-11T03:25:58.893+0000] {dagbag.py:532} INFO - Filling up the DagBag from /home/airflow/.local/lib/python3.7/site-packages/airflow/example_dags/example_sla_dag.py
[2023-06-11T03:25:58.914+0000] {processor.py:753} INFO - DAG(s) dict_keys(['example_sla_dag']) retrieved from /home/airflow/.local/lib/python3.7/site-packages/airflow/example_dags/example_sla_dag.py
[2023-06-11T03:25:58.940+0000] {logging_mixin.py:137} INFO - [2023-06-11T03:25:58.940+0000] {dag.py:2705} INFO - Sync 1 DAGs
[2023-06-11T03:25:58.963+0000] {logging_mixin.py:137} INFO - [2023-06-11T03:25:58.963+0000] {dag.py:3456} INFO - Setting next_dagrun for example_sla_dag to 2023-06-11T03:22:00+00:00, run_after=2023-06-11T03:24:00+00:00
[2023-06-11T03:25:58.976+0000] {processor.py:175} INFO - Processing /home/airflow/.local/lib/python3.7/site-packages/airflow/example_dags/example_sla_dag.py took 0.089 seconds
[2023-06-11T03:26:40.441+0000] {processor.py:153} INFO - Started process (PID=177) to work on /home/airflow/.local/lib/python3.7/site-packages/airflow/example_dags/example_sla_dag.py
[2023-06-11T03:26:40.448+0000] {processor.py:743} INFO - Processing file /home/airflow/.local/lib/python3.7/site-packages/airflow/example_dags/example_sla_dag.py for tasks to queue
[2023-06-11T03:26:40.479+0000] {logging_mixin.py:137} INFO - [2023-06-11T03:26:40.479+0000] {dagbag.py:532} INFO - Filling up the DagBag from /home/airflow/.local/lib/python3.7/site-packages/airflow/example_dags/example_sla_dag.py
[2023-06-11T03:26:40.574+0000] {processor.py:753} INFO - DAG(s) dict_keys(['example_sla_dag']) retrieved from /home/airflow/.local/lib/python3.7/site-packages/airflow/example_dags/example_sla_dag.py
[2023-06-11T03:26:40.719+0000] {logging_mixin.py:137} INFO - [2023-06-11T03:26:40.718+0000] {dag.py:2705} INFO - Sync 1 DAGs
[2023-06-11T03:26:40.823+0000] {logging_mixin.py:137} INFO - [2023-06-11T03:26:40.822+0000] {dag.py:3456} INFO - Setting next_dagrun for example_sla_dag to 2023-06-11T03:24:00+00:00, run_after=2023-06-11T03:26:00+00:00
[2023-06-11T03:26:40.898+0000] {processor.py:175} INFO - Processing /home/airflow/.local/lib/python3.7/site-packages/airflow/example_dags/example_sla_dag.py took 0.472 seconds
[2023-06-11T03:27:20.351+0000] {processor.py:153} INFO - Started process (PID=234) to work on /home/airflow/.local/lib/python3.7/site-packages/airflow/example_dags/example_sla_dag.py
[2023-06-11T03:27:20.363+0000] {processor.py:743} INFO - Processing file /home/airflow/.local/lib/python3.7/site-packages/airflow/example_dags/example_sla_dag.py for tasks to queue
[2023-06-11T03:27:20.370+0000] {logging_mixin.py:137} INFO - [2023-06-11T03:27:20.369+0000] {dagbag.py:532} INFO - Filling up the DagBag from /home/airflow/.local/lib/python3.7/site-packages/airflow/example_dags/example_sla_dag.py
[2023-06-11T03:27:20.467+0000] {processor.py:753} INFO - DAG(s) dict_keys(['example_sla_dag']) retrieved from /home/airflow/.local/lib/python3.7/site-packages/airflow/example_dags/example_sla_dag.py
[2023-06-11T03:27:20.608+0000] {logging_mixin.py:137} INFO - [2023-06-11T03:27:20.607+0000] {dag.py:2705} INFO - Sync 1 DAGs
[2023-06-11T03:27:20.708+0000] {logging_mixin.py:137} INFO - [2023-06-11T03:27:20.707+0000] {dag.py:3456} INFO - Setting next_dagrun for example_sla_dag to 2023-06-11T03:24:00+00:00, run_after=2023-06-11T03:26:00+00:00
[2023-06-11T03:27:20.815+0000] {processor.py:175} INFO - Processing /home/airflow/.local/lib/python3.7/site-packages/airflow/example_dags/example_sla_dag.py took 0.483 seconds
[2023-06-11T03:27:53.996+0000] {processor.py:153} INFO - Started process (PID=291) to work on /home/airflow/.local/lib/python3.7/site-packages/airflow/example_dags/example_sla_dag.py
[2023-06-11T03:27:54.001+0000] {processor.py:743} INFO - Processing file /home/airflow/.local/lib/python3.7/site-packages/airflow/example_dags/example_sla_dag.py for tasks to queue
[2023-06-11T03:27:54.003+0000] {logging_mixin.py:137} INFO - [2023-06-11T03:27:54.003+0000] {dagbag.py:532} INFO - Filling up the DagBag from /home/airflow/.local/lib/python3.7/site-packages/airflow/example_dags/example_sla_dag.py
[2023-06-11T03:27:54.061+0000] {processor.py:753} INFO - DAG(s) dict_keys(['example_sla_dag']) retrieved from /home/airflow/.local/lib/python3.7/site-packages/airflow/example_dags/example_sla_dag.py
[2023-06-11T03:27:54.122+0000] {logging_mixin.py:137} INFO - [2023-06-11T03:27:54.122+0000] {dag.py:2705} INFO - Sync 1 DAGs
[2023-06-11T03:27:54.205+0000] {logging_mixin.py:137} INFO - [2023-06-11T03:27:54.204+0000] {dag.py:3456} INFO - Setting next_dagrun for example_sla_dag to 2023-06-11T03:24:00+00:00, run_after=2023-06-11T03:26:00+00:00
[2023-06-11T03:27:54.251+0000] {processor.py:175} INFO - Processing /home/airflow/.local/lib/python3.7/site-packages/airflow/example_dags/example_sla_dag.py took 0.270 seconds
[2023-06-11T03:28:31.597+0000] {processor.py:153} INFO - Started process (PID=347) to work on /home/airflow/.local/lib/python3.7/site-packages/airflow/example_dags/example_sla_dag.py
[2023-06-11T03:28:31.602+0000] {processor.py:743} INFO - Processing file /home/airflow/.local/lib/python3.7/site-packages/airflow/example_dags/example_sla_dag.py for tasks to queue
[2023-06-11T03:28:31.606+0000] {logging_mixin.py:137} INFO - [2023-06-11T03:28:31.606+0000] {dagbag.py:532} INFO - Filling up the DagBag from /home/airflow/.local/lib/python3.7/site-packages/airflow/example_dags/example_sla_dag.py
[2023-06-11T03:28:31.703+0000] {processor.py:753} INFO - DAG(s) dict_keys(['example_sla_dag']) retrieved from /home/airflow/.local/lib/python3.7/site-packages/airflow/example_dags/example_sla_dag.py
[2023-06-11T03:28:31.880+0000] {logging_mixin.py:137} INFO - [2023-06-11T03:28:31.879+0000] {dag.py:2705} INFO - Sync 1 DAGs
[2023-06-11T03:28:31.991+0000] {logging_mixin.py:137} INFO - [2023-06-11T03:28:31.990+0000] {dag.py:3456} INFO - Setting next_dagrun for example_sla_dag to 2023-06-11T03:26:00+00:00, run_after=2023-06-11T03:28:00+00:00
[2023-06-11T03:28:32.051+0000] {processor.py:175} INFO - Processing /home/airflow/.local/lib/python3.7/site-packages/airflow/example_dags/example_sla_dag.py took 0.466 seconds
[2023-06-11T03:29:02.278+0000] {processor.py:153} INFO - Started process (PID=401) to work on /home/airflow/.local/lib/python3.7/site-packages/airflow/example_dags/example_sla_dag.py
[2023-06-11T03:29:02.293+0000] {processor.py:743} INFO - Processing file /home/airflow/.local/lib/python3.7/site-packages/airflow/example_dags/example_sla_dag.py for tasks to queue
[2023-06-11T03:29:02.304+0000] {logging_mixin.py:137} INFO - [2023-06-11T03:29:02.303+0000] {dagbag.py:532} INFO - Filling up the DagBag from /home/airflow/.local/lib/python3.7/site-packages/airflow/example_dags/example_sla_dag.py
[2023-06-11T03:29:02.533+0000] {processor.py:753} INFO - DAG(s) dict_keys(['example_sla_dag']) retrieved from /home/airflow/.local/lib/python3.7/site-packages/airflow/example_dags/example_sla_dag.py
[2023-06-11T03:29:02.841+0000] {logging_mixin.py:137} INFO - [2023-06-11T03:29:02.840+0000] {dag.py:2705} INFO - Sync 1 DAGs
[2023-06-11T03:29:03.035+0000] {logging_mixin.py:137} INFO - [2023-06-11T03:29:03.035+0000] {dag.py:3456} INFO - Setting next_dagrun for example_sla_dag to 2023-06-11T03:26:00+00:00, run_after=2023-06-11T03:28:00+00:00
[2023-06-11T03:29:03.093+0000] {processor.py:175} INFO - Processing /home/airflow/.local/lib/python3.7/site-packages/airflow/example_dags/example_sla_dag.py took 0.829 seconds
[2023-06-11T03:29:33.960+0000] {processor.py:153} INFO - Started process (PID=459) to work on /home/airflow/.local/lib/python3.7/site-packages/airflow/example_dags/example_sla_dag.py
[2023-06-11T03:29:33.962+0000] {processor.py:743} INFO - Processing file /home/airflow/.local/lib/python3.7/site-packages/airflow/example_dags/example_sla_dag.py for tasks to queue
[2023-06-11T03:29:33.963+0000] {logging_mixin.py:137} INFO - [2023-06-11T03:29:33.963+0000] {dagbag.py:532} INFO - Filling up the DagBag from /home/airflow/.local/lib/python3.7/site-packages/airflow/example_dags/example_sla_dag.py
[2023-06-11T03:29:33.990+0000] {processor.py:753} INFO - DAG(s) dict_keys(['example_sla_dag']) retrieved from /home/airflow/.local/lib/python3.7/site-packages/airflow/example_dags/example_sla_dag.py
[2023-06-11T03:29:34.021+0000] {logging_mixin.py:137} INFO - [2023-06-11T03:29:34.021+0000] {dag.py:2705} INFO - Sync 1 DAGs
[2023-06-11T03:29:34.050+0000] {logging_mixin.py:137} INFO - [2023-06-11T03:29:34.050+0000] {dag.py:3456} INFO - Setting next_dagrun for example_sla_dag to 2023-06-11T03:26:00+00:00, run_after=2023-06-11T03:28:00+00:00
[2023-06-11T03:29:34.067+0000] {processor.py:175} INFO - Processing /home/airflow/.local/lib/python3.7/site-packages/airflow/example_dags/example_sla_dag.py took 0.112 seconds
[2023-06-11T03:30:04.628+0000] {processor.py:153} INFO - Started process (PID=516) to work on /home/airflow/.local/lib/python3.7/site-packages/airflow/example_dags/example_sla_dag.py
[2023-06-11T03:30:04.631+0000] {processor.py:743} INFO - Processing file /home/airflow/.local/lib/python3.7/site-packages/airflow/example_dags/example_sla_dag.py for tasks to queue
[2023-06-11T03:30:04.635+0000] {logging_mixin.py:137} INFO - [2023-06-11T03:30:04.634+0000] {dagbag.py:532} INFO - Filling up the DagBag from /home/airflow/.local/lib/python3.7/site-packages/airflow/example_dags/example_sla_dag.py
[2023-06-11T03:30:04.687+0000] {processor.py:753} INFO - DAG(s) dict_keys(['example_sla_dag']) retrieved from /home/airflow/.local/lib/python3.7/site-packages/airflow/example_dags/example_sla_dag.py
[2023-06-11T03:30:04.770+0000] {logging_mixin.py:137} INFO - [2023-06-11T03:30:04.770+0000] {dag.py:2705} INFO - Sync 1 DAGs
[2023-06-11T03:30:04.827+0000] {logging_mixin.py:137} INFO - [2023-06-11T03:30:04.826+0000] {dag.py:3456} INFO - Setting next_dagrun for example_sla_dag to 2023-06-11T03:28:00+00:00, run_after=2023-06-11T03:30:00+00:00
[2023-06-11T03:30:04.853+0000] {processor.py:175} INFO - Processing /home/airflow/.local/lib/python3.7/site-packages/airflow/example_dags/example_sla_dag.py took 0.244 seconds
[2023-06-11T03:30:35.655+0000] {processor.py:153} INFO - Started process (PID=573) to work on /home/airflow/.local/lib/python3.7/site-packages/airflow/example_dags/example_sla_dag.py
[2023-06-11T03:30:35.667+0000] {processor.py:743} INFO - Processing file /home/airflow/.local/lib/python3.7/site-packages/airflow/example_dags/example_sla_dag.py for tasks to queue
[2023-06-11T03:30:35.672+0000] {logging_mixin.py:137} INFO - [2023-06-11T03:30:35.671+0000] {dagbag.py:532} INFO - Filling up the DagBag from /home/airflow/.local/lib/python3.7/site-packages/airflow/example_dags/example_sla_dag.py
[2023-06-11T03:30:35.847+0000] {processor.py:753} INFO - DAG(s) dict_keys(['example_sla_dag']) retrieved from /home/airflow/.local/lib/python3.7/site-packages/airflow/example_dags/example_sla_dag.py
[2023-06-11T03:30:36.019+0000] {logging_mixin.py:137} INFO - [2023-06-11T03:30:36.019+0000] {dag.py:2705} INFO - Sync 1 DAGs
[2023-06-11T03:30:36.247+0000] {logging_mixin.py:137} INFO - [2023-06-11T03:30:36.246+0000] {dag.py:3456} INFO - Setting next_dagrun for example_sla_dag to 2023-06-11T03:28:00+00:00, run_after=2023-06-11T03:30:00+00:00
[2023-06-11T03:30:36.443+0000] {processor.py:175} INFO - Processing /home/airflow/.local/lib/python3.7/site-packages/airflow/example_dags/example_sla_dag.py took 0.799 seconds
[2023-06-11T03:31:07.182+0000] {processor.py:153} INFO - Started process (PID=629) to work on /home/airflow/.local/lib/python3.7/site-packages/airflow/example_dags/example_sla_dag.py
[2023-06-11T03:31:07.183+0000] {processor.py:743} INFO - Processing file /home/airflow/.local/lib/python3.7/site-packages/airflow/example_dags/example_sla_dag.py for tasks to queue
[2023-06-11T03:31:07.185+0000] {logging_mixin.py:137} INFO - [2023-06-11T03:31:07.184+0000] {dagbag.py:532} INFO - Filling up the DagBag from /home/airflow/.local/lib/python3.7/site-packages/airflow/example_dags/example_sla_dag.py
[2023-06-11T03:31:07.206+0000] {processor.py:753} INFO - DAG(s) dict_keys(['example_sla_dag']) retrieved from /home/airflow/.local/lib/python3.7/site-packages/airflow/example_dags/example_sla_dag.py
[2023-06-11T03:31:07.237+0000] {logging_mixin.py:137} INFO - [2023-06-11T03:31:07.237+0000] {dag.py:2705} INFO - Sync 1 DAGs
[2023-06-11T03:31:07.273+0000] {logging_mixin.py:137} INFO - [2023-06-11T03:31:07.273+0000] {dag.py:3456} INFO - Setting next_dagrun for example_sla_dag to 2023-06-11T03:28:00+00:00, run_after=2023-06-11T03:30:00+00:00
[2023-06-11T03:31:07.289+0000] {processor.py:175} INFO - Processing /home/airflow/.local/lib/python3.7/site-packages/airflow/example_dags/example_sla_dag.py took 0.112 seconds
[2023-06-11T03:31:37.405+0000] {processor.py:153} INFO - Started process (PID=692) to work on /home/airflow/.local/lib/python3.7/site-packages/airflow/example_dags/example_sla_dag.py
[2023-06-11T03:31:37.407+0000] {processor.py:743} INFO - Processing file /home/airflow/.local/lib/python3.7/site-packages/airflow/example_dags/example_sla_dag.py for tasks to queue
[2023-06-11T03:31:37.409+0000] {logging_mixin.py:137} INFO - [2023-06-11T03:31:37.409+0000] {dagbag.py:532} INFO - Filling up the DagBag from /home/airflow/.local/lib/python3.7/site-packages/airflow/example_dags/example_sla_dag.py
[2023-06-11T03:31:37.444+0000] {processor.py:753} INFO - DAG(s) dict_keys(['example_sla_dag']) retrieved from /home/airflow/.local/lib/python3.7/site-packages/airflow/example_dags/example_sla_dag.py
[2023-06-11T03:31:37.470+0000] {logging_mixin.py:137} INFO - [2023-06-11T03:31:37.470+0000] {dag.py:2705} INFO - Sync 1 DAGs
[2023-06-11T03:31:37.502+0000] {logging_mixin.py:137} INFO - [2023-06-11T03:31:37.502+0000] {dag.py:3456} INFO - Setting next_dagrun for example_sla_dag to 2023-06-11T03:28:00+00:00, run_after=2023-06-11T03:30:00+00:00
[2023-06-11T03:31:37.520+0000] {processor.py:175} INFO - Processing /home/airflow/.local/lib/python3.7/site-packages/airflow/example_dags/example_sla_dag.py took 0.120 seconds
[2023-06-11T03:32:07.710+0000] {processor.py:153} INFO - Started process (PID=750) to work on /home/airflow/.local/lib/python3.7/site-packages/airflow/example_dags/example_sla_dag.py
[2023-06-11T03:32:07.711+0000] {processor.py:743} INFO - Processing file /home/airflow/.local/lib/python3.7/site-packages/airflow/example_dags/example_sla_dag.py for tasks to queue
[2023-06-11T03:32:07.712+0000] {logging_mixin.py:137} INFO - [2023-06-11T03:32:07.712+0000] {dagbag.py:532} INFO - Filling up the DagBag from /home/airflow/.local/lib/python3.7/site-packages/airflow/example_dags/example_sla_dag.py
[2023-06-11T03:32:07.733+0000] {processor.py:753} INFO - DAG(s) dict_keys(['example_sla_dag']) retrieved from /home/airflow/.local/lib/python3.7/site-packages/airflow/example_dags/example_sla_dag.py
[2023-06-11T03:32:07.758+0000] {logging_mixin.py:137} INFO - [2023-06-11T03:32:07.758+0000] {dag.py:2705} INFO - Sync 1 DAGs
[2023-06-11T03:32:07.782+0000] {logging_mixin.py:137} INFO - [2023-06-11T03:32:07.781+0000] {dag.py:3456} INFO - Setting next_dagrun for example_sla_dag to 2023-06-11T03:30:00+00:00, run_after=2023-06-11T03:32:00+00:00
[2023-06-11T03:32:07.795+0000] {processor.py:175} INFO - Processing /home/airflow/.local/lib/python3.7/site-packages/airflow/example_dags/example_sla_dag.py took 0.089 seconds
