[2023-06-11T03:25:34.935+0000] {processor.py:153} INFO - Started process (PID=84) to work on /home/airflow/.local/lib/python3.7/site-packages/airflow/example_dags/example_branch_day_of_week_operator.py
[2023-06-11T03:25:34.938+0000] {processor.py:743} INFO - Processing file /home/airflow/.local/lib/python3.7/site-packages/airflow/example_dags/example_branch_day_of_week_operator.py for tasks to queue
[2023-06-11T03:25:34.940+0000] {logging_mixin.py:137} INFO - [2023-06-11T03:25:34.940+0000] {dagbag.py:532} INFO - Filling up the DagBag from /home/airflow/.local/lib/python3.7/site-packages/airflow/example_dags/example_branch_day_of_week_operator.py
[2023-06-11T03:25:35.083+0000] {processor.py:753} INFO - DAG(s) dict_keys(['example_weekday_branch_operator']) retrieved from /home/airflow/.local/lib/python3.7/site-packages/airflow/example_dags/example_branch_day_of_week_operator.py
[2023-06-11T03:25:35.300+0000] {logging_mixin.py:137} INFO - [2023-06-11T03:25:35.299+0000] {dag.py:2705} INFO - Sync 1 DAGs
[2023-06-11T03:25:35.460+0000] {logging_mixin.py:137} INFO - [2023-06-11T03:25:35.454+0000] {dag.py:3456} INFO - Setting next_dagrun for example_weekday_branch_operator to 2023-06-10T00:00:00+00:00, run_after=2023-06-11T00:00:00+00:00
[2023-06-11T03:25:35.565+0000] {processor.py:175} INFO - Processing /home/airflow/.local/lib/python3.7/site-packages/airflow/example_dags/example_branch_day_of_week_operator.py took 0.656 seconds
[2023-06-11T03:26:06.234+0000] {processor.py:153} INFO - Started process (PID=139) to work on /home/airflow/.local/lib/python3.7/site-packages/airflow/example_dags/example_branch_day_of_week_operator.py
[2023-06-11T03:26:06.256+0000] {processor.py:743} INFO - Processing file /home/airflow/.local/lib/python3.7/site-packages/airflow/example_dags/example_branch_day_of_week_operator.py for tasks to queue
[2023-06-11T03:26:06.266+0000] {logging_mixin.py:137} INFO - [2023-06-11T03:26:06.265+0000] {dagbag.py:532} INFO - Filling up the DagBag from /home/airflow/.local/lib/python3.7/site-packages/airflow/example_dags/example_branch_day_of_week_operator.py
[2023-06-11T03:26:06.328+0000] {processor.py:753} INFO - DAG(s) dict_keys(['example_weekday_branch_operator']) retrieved from /home/airflow/.local/lib/python3.7/site-packages/airflow/example_dags/example_branch_day_of_week_operator.py
[2023-06-11T03:26:06.588+0000] {logging_mixin.py:137} INFO - [2023-06-11T03:26:06.586+0000] {dag.py:2705} INFO - Sync 1 DAGs
[2023-06-11T03:26:06.826+0000] {logging_mixin.py:137} INFO - [2023-06-11T03:26:06.821+0000] {dag.py:3456} INFO - Setting next_dagrun for example_weekday_branch_operator to 2023-06-10T00:00:00+00:00, run_after=2023-06-11T00:00:00+00:00
[2023-06-11T03:26:07.077+0000] {processor.py:175} INFO - Processing /home/airflow/.local/lib/python3.7/site-packages/airflow/example_dags/example_branch_day_of_week_operator.py took 0.863 seconds
[2023-06-11T03:26:49.951+0000] {processor.py:153} INFO - Started process (PID=197) to work on /home/airflow/.local/lib/python3.7/site-packages/airflow/example_dags/example_branch_day_of_week_operator.py
[2023-06-11T03:26:49.995+0000] {processor.py:743} INFO - Processing file /home/airflow/.local/lib/python3.7/site-packages/airflow/example_dags/example_branch_day_of_week_operator.py for tasks to queue
[2023-06-11T03:26:50.032+0000] {logging_mixin.py:137} INFO - [2023-06-11T03:26:50.032+0000] {dagbag.py:532} INFO - Filling up the DagBag from /home/airflow/.local/lib/python3.7/site-packages/airflow/example_dags/example_branch_day_of_week_operator.py
[2023-06-11T03:26:50.168+0000] {processor.py:753} INFO - DAG(s) dict_keys(['example_weekday_branch_operator']) retrieved from /home/airflow/.local/lib/python3.7/site-packages/airflow/example_dags/example_branch_day_of_week_operator.py
[2023-06-11T03:26:50.469+0000] {logging_mixin.py:137} INFO - [2023-06-11T03:26:50.468+0000] {dag.py:2705} INFO - Sync 1 DAGs
[2023-06-11T03:26:50.685+0000] {logging_mixin.py:137} INFO - [2023-06-11T03:26:50.682+0000] {dag.py:3456} INFO - Setting next_dagrun for example_weekday_branch_operator to 2023-06-10T00:00:00+00:00, run_after=2023-06-11T00:00:00+00:00
[2023-06-11T03:26:50.874+0000] {processor.py:175} INFO - Processing /home/airflow/.local/lib/python3.7/site-packages/airflow/example_dags/example_branch_day_of_week_operator.py took 0.938 seconds
[2023-06-11T03:27:27.455+0000] {processor.py:153} INFO - Started process (PID=255) to work on /home/airflow/.local/lib/python3.7/site-packages/airflow/example_dags/example_branch_day_of_week_operator.py
[2023-06-11T03:27:27.461+0000] {processor.py:743} INFO - Processing file /home/airflow/.local/lib/python3.7/site-packages/airflow/example_dags/example_branch_day_of_week_operator.py for tasks to queue
[2023-06-11T03:27:27.464+0000] {logging_mixin.py:137} INFO - [2023-06-11T03:27:27.464+0000] {dagbag.py:532} INFO - Filling up the DagBag from /home/airflow/.local/lib/python3.7/site-packages/airflow/example_dags/example_branch_day_of_week_operator.py
[2023-06-11T03:27:27.533+0000] {processor.py:753} INFO - DAG(s) dict_keys(['example_weekday_branch_operator']) retrieved from /home/airflow/.local/lib/python3.7/site-packages/airflow/example_dags/example_branch_day_of_week_operator.py
[2023-06-11T03:27:27.623+0000] {logging_mixin.py:137} INFO - [2023-06-11T03:27:27.623+0000] {dag.py:2705} INFO - Sync 1 DAGs
[2023-06-11T03:27:27.701+0000] {logging_mixin.py:137} INFO - [2023-06-11T03:27:27.701+0000] {dag.py:3456} INFO - Setting next_dagrun for example_weekday_branch_operator to 2023-06-10T00:00:00+00:00, run_after=2023-06-11T00:00:00+00:00
[2023-06-11T03:27:27.825+0000] {processor.py:175} INFO - Processing /home/airflow/.local/lib/python3.7/site-packages/airflow/example_dags/example_branch_day_of_week_operator.py took 0.379 seconds
[2023-06-11T03:28:01.425+0000] {processor.py:153} INFO - Started process (PID=315) to work on /home/airflow/.local/lib/python3.7/site-packages/airflow/example_dags/example_branch_day_of_week_operator.py
[2023-06-11T03:28:01.430+0000] {processor.py:743} INFO - Processing file /home/airflow/.local/lib/python3.7/site-packages/airflow/example_dags/example_branch_day_of_week_operator.py for tasks to queue
[2023-06-11T03:28:01.432+0000] {logging_mixin.py:137} INFO - [2023-06-11T03:28:01.432+0000] {dagbag.py:532} INFO - Filling up the DagBag from /home/airflow/.local/lib/python3.7/site-packages/airflow/example_dags/example_branch_day_of_week_operator.py
[2023-06-11T03:28:01.498+0000] {processor.py:753} INFO - DAG(s) dict_keys(['example_weekday_branch_operator']) retrieved from /home/airflow/.local/lib/python3.7/site-packages/airflow/example_dags/example_branch_day_of_week_operator.py
[2023-06-11T03:28:01.587+0000] {logging_mixin.py:137} INFO - [2023-06-11T03:28:01.587+0000] {dag.py:2705} INFO - Sync 1 DAGs
[2023-06-11T03:28:01.656+0000] {logging_mixin.py:137} INFO - [2023-06-11T03:28:01.655+0000] {dag.py:3456} INFO - Setting next_dagrun for example_weekday_branch_operator to 2023-06-10T00:00:00+00:00, run_after=2023-06-11T00:00:00+00:00
[2023-06-11T03:28:01.698+0000] {processor.py:175} INFO - Processing /home/airflow/.local/lib/python3.7/site-packages/airflow/example_dags/example_branch_day_of_week_operator.py took 0.284 seconds
[2023-06-11T03:28:43.603+0000] {processor.py:153} INFO - Started process (PID=381) to work on /home/airflow/.local/lib/python3.7/site-packages/airflow/example_dags/example_branch_day_of_week_operator.py
[2023-06-11T03:28:43.606+0000] {processor.py:743} INFO - Processing file /home/airflow/.local/lib/python3.7/site-packages/airflow/example_dags/example_branch_day_of_week_operator.py for tasks to queue
[2023-06-11T03:28:43.608+0000] {logging_mixin.py:137} INFO - [2023-06-11T03:28:43.608+0000] {dagbag.py:532} INFO - Filling up the DagBag from /home/airflow/.local/lib/python3.7/site-packages/airflow/example_dags/example_branch_day_of_week_operator.py
[2023-06-11T03:28:43.668+0000] {processor.py:753} INFO - DAG(s) dict_keys(['example_weekday_branch_operator']) retrieved from /home/airflow/.local/lib/python3.7/site-packages/airflow/example_dags/example_branch_day_of_week_operator.py
[2023-06-11T03:28:43.749+0000] {logging_mixin.py:137} INFO - [2023-06-11T03:28:43.748+0000] {dag.py:2705} INFO - Sync 1 DAGs
[2023-06-11T03:28:43.816+0000] {logging_mixin.py:137} INFO - [2023-06-11T03:28:43.815+0000] {dag.py:3456} INFO - Setting next_dagrun for example_weekday_branch_operator to 2023-06-10T00:00:00+00:00, run_after=2023-06-11T00:00:00+00:00
[2023-06-11T03:28:43.873+0000] {processor.py:175} INFO - Processing /home/airflow/.local/lib/python3.7/site-packages/airflow/example_dags/example_branch_day_of_week_operator.py took 0.276 seconds
[2023-06-11T03:29:21.947+0000] {processor.py:153} INFO - Started process (PID=442) to work on /home/airflow/.local/lib/python3.7/site-packages/airflow/example_dags/example_branch_day_of_week_operator.py
[2023-06-11T03:29:21.949+0000] {processor.py:743} INFO - Processing file /home/airflow/.local/lib/python3.7/site-packages/airflow/example_dags/example_branch_day_of_week_operator.py for tasks to queue
[2023-06-11T03:29:21.952+0000] {logging_mixin.py:137} INFO - [2023-06-11T03:29:21.951+0000] {dagbag.py:532} INFO - Filling up the DagBag from /home/airflow/.local/lib/python3.7/site-packages/airflow/example_dags/example_branch_day_of_week_operator.py
[2023-06-11T03:29:21.985+0000] {processor.py:753} INFO - DAG(s) dict_keys(['example_weekday_branch_operator']) retrieved from /home/airflow/.local/lib/python3.7/site-packages/airflow/example_dags/example_branch_day_of_week_operator.py
[2023-06-11T03:29:22.054+0000] {logging_mixin.py:137} INFO - [2023-06-11T03:29:22.054+0000] {dag.py:2705} INFO - Sync 1 DAGs
[2023-06-11T03:29:22.104+0000] {logging_mixin.py:137} INFO - [2023-06-11T03:29:22.104+0000] {dag.py:3456} INFO - Setting next_dagrun for example_weekday_branch_operator to 2023-06-10T00:00:00+00:00, run_after=2023-06-11T00:00:00+00:00
[2023-06-11T03:29:22.158+0000] {processor.py:175} INFO - Processing /home/airflow/.local/lib/python3.7/site-packages/airflow/example_dags/example_branch_day_of_week_operator.py took 0.217 seconds
[2023-06-11T03:29:53.352+0000] {processor.py:153} INFO - Started process (PID=500) to work on /home/airflow/.local/lib/python3.7/site-packages/airflow/example_dags/example_branch_day_of_week_operator.py
[2023-06-11T03:29:53.358+0000] {processor.py:743} INFO - Processing file /home/airflow/.local/lib/python3.7/site-packages/airflow/example_dags/example_branch_day_of_week_operator.py for tasks to queue
[2023-06-11T03:29:53.360+0000] {logging_mixin.py:137} INFO - [2023-06-11T03:29:53.360+0000] {dagbag.py:532} INFO - Filling up the DagBag from /home/airflow/.local/lib/python3.7/site-packages/airflow/example_dags/example_branch_day_of_week_operator.py
[2023-06-11T03:29:53.382+0000] {processor.py:753} INFO - DAG(s) dict_keys(['example_weekday_branch_operator']) retrieved from /home/airflow/.local/lib/python3.7/site-packages/airflow/example_dags/example_branch_day_of_week_operator.py
[2023-06-11T03:29:53.428+0000] {logging_mixin.py:137} INFO - [2023-06-11T03:29:53.428+0000] {dag.py:2705} INFO - Sync 1 DAGs
[2023-06-11T03:29:53.463+0000] {logging_mixin.py:137} INFO - [2023-06-11T03:29:53.463+0000] {dag.py:3456} INFO - Setting next_dagrun for example_weekday_branch_operator to 2023-06-10T00:00:00+00:00, run_after=2023-06-11T00:00:00+00:00
[2023-06-11T03:29:53.481+0000] {processor.py:175} INFO - Processing /home/airflow/.local/lib/python3.7/site-packages/airflow/example_dags/example_branch_day_of_week_operator.py took 0.134 seconds
[2023-06-11T03:30:23.839+0000] {processor.py:153} INFO - Started process (PID=558) to work on /home/airflow/.local/lib/python3.7/site-packages/airflow/example_dags/example_branch_day_of_week_operator.py
[2023-06-11T03:30:23.841+0000] {processor.py:743} INFO - Processing file /home/airflow/.local/lib/python3.7/site-packages/airflow/example_dags/example_branch_day_of_week_operator.py for tasks to queue
[2023-06-11T03:30:23.843+0000] {logging_mixin.py:137} INFO - [2023-06-11T03:30:23.843+0000] {dagbag.py:532} INFO - Filling up the DagBag from /home/airflow/.local/lib/python3.7/site-packages/airflow/example_dags/example_branch_day_of_week_operator.py
[2023-06-11T03:30:23.873+0000] {processor.py:753} INFO - DAG(s) dict_keys(['example_weekday_branch_operator']) retrieved from /home/airflow/.local/lib/python3.7/site-packages/airflow/example_dags/example_branch_day_of_week_operator.py
[2023-06-11T03:30:23.925+0000] {logging_mixin.py:137} INFO - [2023-06-11T03:30:23.925+0000] {dag.py:2705} INFO - Sync 1 DAGs
[2023-06-11T03:30:23.982+0000] {logging_mixin.py:137} INFO - [2023-06-11T03:30:23.981+0000] {dag.py:3456} INFO - Setting next_dagrun for example_weekday_branch_operator to 2023-06-10T00:00:00+00:00, run_after=2023-06-11T00:00:00+00:00
[2023-06-11T03:30:24.010+0000] {processor.py:175} INFO - Processing /home/airflow/.local/lib/python3.7/site-packages/airflow/example_dags/example_branch_day_of_week_operator.py took 0.177 seconds
[2023-06-11T03:30:54.946+0000] {processor.py:153} INFO - Started process (PID=614) to work on /home/airflow/.local/lib/python3.7/site-packages/airflow/example_dags/example_branch_day_of_week_operator.py
[2023-06-11T03:30:54.948+0000] {processor.py:743} INFO - Processing file /home/airflow/.local/lib/python3.7/site-packages/airflow/example_dags/example_branch_day_of_week_operator.py for tasks to queue
[2023-06-11T03:30:54.949+0000] {logging_mixin.py:137} INFO - [2023-06-11T03:30:54.949+0000] {dagbag.py:532} INFO - Filling up the DagBag from /home/airflow/.local/lib/python3.7/site-packages/airflow/example_dags/example_branch_day_of_week_operator.py
[2023-06-11T03:30:54.966+0000] {processor.py:753} INFO - DAG(s) dict_keys(['example_weekday_branch_operator']) retrieved from /home/airflow/.local/lib/python3.7/site-packages/airflow/example_dags/example_branch_day_of_week_operator.py
[2023-06-11T03:30:54.995+0000] {logging_mixin.py:137} INFO - [2023-06-11T03:30:54.995+0000] {dag.py:2705} INFO - Sync 1 DAGs
[2023-06-11T03:30:55.020+0000] {logging_mixin.py:137} INFO - [2023-06-11T03:30:55.020+0000] {dag.py:3456} INFO - Setting next_dagrun for example_weekday_branch_operator to 2023-06-10T00:00:00+00:00, run_after=2023-06-11T00:00:00+00:00
[2023-06-11T03:30:55.036+0000] {processor.py:175} INFO - Processing /home/airflow/.local/lib/python3.7/site-packages/airflow/example_dags/example_branch_day_of_week_operator.py took 0.093 seconds
[2023-06-11T03:31:25.074+0000] {processor.py:153} INFO - Started process (PID=672) to work on /home/airflow/.local/lib/python3.7/site-packages/airflow/example_dags/example_branch_day_of_week_operator.py
[2023-06-11T03:31:25.076+0000] {processor.py:743} INFO - Processing file /home/airflow/.local/lib/python3.7/site-packages/airflow/example_dags/example_branch_day_of_week_operator.py for tasks to queue
[2023-06-11T03:31:25.077+0000] {logging_mixin.py:137} INFO - [2023-06-11T03:31:25.077+0000] {dagbag.py:532} INFO - Filling up the DagBag from /home/airflow/.local/lib/python3.7/site-packages/airflow/example_dags/example_branch_day_of_week_operator.py
[2023-06-11T03:31:25.094+0000] {processor.py:753} INFO - DAG(s) dict_keys(['example_weekday_branch_operator']) retrieved from /home/airflow/.local/lib/python3.7/site-packages/airflow/example_dags/example_branch_day_of_week_operator.py
[2023-06-11T03:31:25.122+0000] {logging_mixin.py:137} INFO - [2023-06-11T03:31:25.122+0000] {dag.py:2705} INFO - Sync 1 DAGs
[2023-06-11T03:31:25.146+0000] {logging_mixin.py:137} INFO - [2023-06-11T03:31:25.146+0000] {dag.py:3456} INFO - Setting next_dagrun for example_weekday_branch_operator to 2023-06-10T00:00:00+00:00, run_after=2023-06-11T00:00:00+00:00
[2023-06-11T03:31:25.166+0000] {processor.py:175} INFO - Processing /home/airflow/.local/lib/python3.7/site-packages/airflow/example_dags/example_branch_day_of_week_operator.py took 0.096 seconds
[2023-06-11T03:31:56.053+0000] {processor.py:153} INFO - Started process (PID=730) to work on /home/airflow/.local/lib/python3.7/site-packages/airflow/example_dags/example_branch_day_of_week_operator.py
[2023-06-11T03:31:56.055+0000] {processor.py:743} INFO - Processing file /home/airflow/.local/lib/python3.7/site-packages/airflow/example_dags/example_branch_day_of_week_operator.py for tasks to queue
[2023-06-11T03:31:56.056+0000] {logging_mixin.py:137} INFO - [2023-06-11T03:31:56.056+0000] {dagbag.py:532} INFO - Filling up the DagBag from /home/airflow/.local/lib/python3.7/site-packages/airflow/example_dags/example_branch_day_of_week_operator.py
[2023-06-11T03:31:56.073+0000] {processor.py:753} INFO - DAG(s) dict_keys(['example_weekday_branch_operator']) retrieved from /home/airflow/.local/lib/python3.7/site-packages/airflow/example_dags/example_branch_day_of_week_operator.py
[2023-06-11T03:31:56.106+0000] {logging_mixin.py:137} INFO - [2023-06-11T03:31:56.106+0000] {dag.py:2705} INFO - Sync 1 DAGs
[2023-06-11T03:31:56.133+0000] {logging_mixin.py:137} INFO - [2023-06-11T03:31:56.133+0000] {dag.py:3456} INFO - Setting next_dagrun for example_weekday_branch_operator to 2023-06-10T00:00:00+00:00, run_after=2023-06-11T00:00:00+00:00
[2023-06-11T03:31:56.150+0000] {processor.py:175} INFO - Processing /home/airflow/.local/lib/python3.7/site-packages/airflow/example_dags/example_branch_day_of_week_operator.py took 0.102 seconds
