[2023-06-11T03:25:32.225+0000] {processor.py:153} INFO - Started process (PID=76) to work on /home/airflow/.local/lib/python3.7/site-packages/airflow/example_dags/example_sensor_decorator.py
[2023-06-11T03:25:32.233+0000] {processor.py:743} INFO - Processing file /home/airflow/.local/lib/python3.7/site-packages/airflow/example_dags/example_sensor_decorator.py for tasks to queue
[2023-06-11T03:25:32.237+0000] {logging_mixin.py:137} INFO - [2023-06-11T03:25:32.237+0000] {dagbag.py:532} INFO - Filling up the DagBag from /home/airflow/.local/lib/python3.7/site-packages/airflow/example_dags/example_sensor_decorator.py
[2023-06-11T03:25:32.360+0000] {processor.py:753} INFO - DAG(s) dict_keys(['example_sensor_decorator']) retrieved from /home/airflow/.local/lib/python3.7/site-packages/airflow/example_dags/example_sensor_decorator.py
[2023-06-11T03:25:32.464+0000] {logging_mixin.py:137} INFO - [2023-06-11T03:25:32.464+0000] {dag.py:2705} INFO - Sync 1 DAGs
[2023-06-11T03:25:32.550+0000] {logging_mixin.py:137} INFO - [2023-06-11T03:25:32.550+0000] {dag.py:3456} INFO - Setting next_dagrun for example_sensor_decorator to None, run_after=None
[2023-06-11T03:25:32.626+0000] {processor.py:175} INFO - Processing /home/airflow/.local/lib/python3.7/site-packages/airflow/example_dags/example_sensor_decorator.py took 0.423 seconds
[2023-06-11T03:26:03.002+0000] {processor.py:153} INFO - Started process (PID=132) to work on /home/airflow/.local/lib/python3.7/site-packages/airflow/example_dags/example_sensor_decorator.py
[2023-06-11T03:26:03.009+0000] {processor.py:743} INFO - Processing file /home/airflow/.local/lib/python3.7/site-packages/airflow/example_dags/example_sensor_decorator.py for tasks to queue
[2023-06-11T03:26:03.060+0000] {logging_mixin.py:137} INFO - [2023-06-11T03:26:03.059+0000] {dagbag.py:532} INFO - Filling up the DagBag from /home/airflow/.local/lib/python3.7/site-packages/airflow/example_dags/example_sensor_decorator.py
[2023-06-11T03:26:03.093+0000] {processor.py:753} INFO - DAG(s) dict_keys(['example_sensor_decorator']) retrieved from /home/airflow/.local/lib/python3.7/site-packages/airflow/example_dags/example_sensor_decorator.py
[2023-06-11T03:26:03.157+0000] {logging_mixin.py:137} INFO - [2023-06-11T03:26:03.157+0000] {dag.py:2705} INFO - Sync 1 DAGs
[2023-06-11T03:26:03.194+0000] {logging_mixin.py:137} INFO - [2023-06-11T03:26:03.194+0000] {dag.py:3456} INFO - Setting next_dagrun for example_sensor_decorator to None, run_after=None
[2023-06-11T03:26:03.256+0000] {processor.py:175} INFO - Processing /home/airflow/.local/lib/python3.7/site-packages/airflow/example_dags/example_sensor_decorator.py took 0.267 seconds
[2023-06-11T03:26:45.847+0000] {processor.py:153} INFO - Started process (PID=189) to work on /home/airflow/.local/lib/python3.7/site-packages/airflow/example_dags/example_sensor_decorator.py
[2023-06-11T03:26:45.857+0000] {processor.py:743} INFO - Processing file /home/airflow/.local/lib/python3.7/site-packages/airflow/example_dags/example_sensor_decorator.py for tasks to queue
[2023-06-11T03:26:45.867+0000] {logging_mixin.py:137} INFO - [2023-06-11T03:26:45.867+0000] {dagbag.py:532} INFO - Filling up the DagBag from /home/airflow/.local/lib/python3.7/site-packages/airflow/example_dags/example_sensor_decorator.py
[2023-06-11T03:26:46.038+0000] {processor.py:753} INFO - DAG(s) dict_keys(['example_sensor_decorator']) retrieved from /home/airflow/.local/lib/python3.7/site-packages/airflow/example_dags/example_sensor_decorator.py
[2023-06-11T03:26:46.287+0000] {logging_mixin.py:137} INFO - [2023-06-11T03:26:46.286+0000] {dag.py:2705} INFO - Sync 1 DAGs
[2023-06-11T03:26:46.461+0000] {logging_mixin.py:137} INFO - [2023-06-11T03:26:46.461+0000] {dag.py:3456} INFO - Setting next_dagrun for example_sensor_decorator to None, run_after=None
[2023-06-11T03:26:46.624+0000] {processor.py:175} INFO - Processing /home/airflow/.local/lib/python3.7/site-packages/airflow/example_dags/example_sensor_decorator.py took 0.803 seconds
[2023-06-11T03:27:25.109+0000] {processor.py:153} INFO - Started process (PID=246) to work on /home/airflow/.local/lib/python3.7/site-packages/airflow/example_dags/example_sensor_decorator.py
[2023-06-11T03:27:25.114+0000] {processor.py:743} INFO - Processing file /home/airflow/.local/lib/python3.7/site-packages/airflow/example_dags/example_sensor_decorator.py for tasks to queue
[2023-06-11T03:27:25.116+0000] {logging_mixin.py:137} INFO - [2023-06-11T03:27:25.116+0000] {dagbag.py:532} INFO - Filling up the DagBag from /home/airflow/.local/lib/python3.7/site-packages/airflow/example_dags/example_sensor_decorator.py
[2023-06-11T03:27:25.170+0000] {processor.py:753} INFO - DAG(s) dict_keys(['example_sensor_decorator']) retrieved from /home/airflow/.local/lib/python3.7/site-packages/airflow/example_dags/example_sensor_decorator.py
[2023-06-11T03:27:25.242+0000] {logging_mixin.py:137} INFO - [2023-06-11T03:27:25.241+0000] {dag.py:2705} INFO - Sync 1 DAGs
[2023-06-11T03:27:25.304+0000] {logging_mixin.py:137} INFO - [2023-06-11T03:27:25.304+0000] {dag.py:3456} INFO - Setting next_dagrun for example_sensor_decorator to None, run_after=None
[2023-06-11T03:27:25.387+0000] {processor.py:175} INFO - Processing /home/airflow/.local/lib/python3.7/site-packages/airflow/example_dags/example_sensor_decorator.py took 0.284 seconds
[2023-06-11T03:27:57.359+0000] {processor.py:153} INFO - Started process (PID=304) to work on /home/airflow/.local/lib/python3.7/site-packages/airflow/example_dags/example_sensor_decorator.py
[2023-06-11T03:27:57.363+0000] {processor.py:743} INFO - Processing file /home/airflow/.local/lib/python3.7/site-packages/airflow/example_dags/example_sensor_decorator.py for tasks to queue
[2023-06-11T03:27:57.367+0000] {logging_mixin.py:137} INFO - [2023-06-11T03:27:57.367+0000] {dagbag.py:532} INFO - Filling up the DagBag from /home/airflow/.local/lib/python3.7/site-packages/airflow/example_dags/example_sensor_decorator.py
[2023-06-11T03:27:57.426+0000] {processor.py:753} INFO - DAG(s) dict_keys(['example_sensor_decorator']) retrieved from /home/airflow/.local/lib/python3.7/site-packages/airflow/example_dags/example_sensor_decorator.py
[2023-06-11T03:27:57.486+0000] {logging_mixin.py:137} INFO - [2023-06-11T03:27:57.486+0000] {dag.py:2705} INFO - Sync 1 DAGs
[2023-06-11T03:27:57.539+0000] {logging_mixin.py:137} INFO - [2023-06-11T03:27:57.539+0000] {dag.py:3456} INFO - Setting next_dagrun for example_sensor_decorator to None, run_after=None
[2023-06-11T03:27:57.585+0000] {processor.py:175} INFO - Processing /home/airflow/.local/lib/python3.7/site-packages/airflow/example_dags/example_sensor_decorator.py took 0.238 seconds
[2023-06-11T03:28:41.334+0000] {processor.py:153} INFO - Started process (PID=373) to work on /home/airflow/.local/lib/python3.7/site-packages/airflow/example_dags/example_sensor_decorator.py
[2023-06-11T03:28:41.337+0000] {processor.py:743} INFO - Processing file /home/airflow/.local/lib/python3.7/site-packages/airflow/example_dags/example_sensor_decorator.py for tasks to queue
[2023-06-11T03:28:41.341+0000] {logging_mixin.py:137} INFO - [2023-06-11T03:28:41.341+0000] {dagbag.py:532} INFO - Filling up the DagBag from /home/airflow/.local/lib/python3.7/site-packages/airflow/example_dags/example_sensor_decorator.py
[2023-06-11T03:28:41.439+0000] {processor.py:753} INFO - DAG(s) dict_keys(['example_sensor_decorator']) retrieved from /home/airflow/.local/lib/python3.7/site-packages/airflow/example_dags/example_sensor_decorator.py
[2023-06-11T03:28:41.555+0000] {logging_mixin.py:137} INFO - [2023-06-11T03:28:41.555+0000] {dag.py:2705} INFO - Sync 1 DAGs
[2023-06-11T03:28:41.666+0000] {logging_mixin.py:137} INFO - [2023-06-11T03:28:41.666+0000] {dag.py:3456} INFO - Setting next_dagrun for example_sensor_decorator to None, run_after=None
[2023-06-11T03:28:41.746+0000] {processor.py:175} INFO - Processing /home/airflow/.local/lib/python3.7/site-packages/airflow/example_dags/example_sensor_decorator.py took 0.422 seconds
[2023-06-11T03:29:19.576+0000] {processor.py:153} INFO - Started process (PID=434) to work on /home/airflow/.local/lib/python3.7/site-packages/airflow/example_dags/example_sensor_decorator.py
[2023-06-11T03:29:19.587+0000] {processor.py:743} INFO - Processing file /home/airflow/.local/lib/python3.7/site-packages/airflow/example_dags/example_sensor_decorator.py for tasks to queue
[2023-06-11T03:29:19.594+0000] {logging_mixin.py:137} INFO - [2023-06-11T03:29:19.594+0000] {dagbag.py:532} INFO - Filling up the DagBag from /home/airflow/.local/lib/python3.7/site-packages/airflow/example_dags/example_sensor_decorator.py
[2023-06-11T03:29:19.744+0000] {processor.py:753} INFO - DAG(s) dict_keys(['example_sensor_decorator']) retrieved from /home/airflow/.local/lib/python3.7/site-packages/airflow/example_dags/example_sensor_decorator.py
[2023-06-11T03:29:19.854+0000] {logging_mixin.py:137} INFO - [2023-06-11T03:29:19.854+0000] {dag.py:2705} INFO - Sync 1 DAGs
[2023-06-11T03:29:19.946+0000] {logging_mixin.py:137} INFO - [2023-06-11T03:29:19.946+0000] {dag.py:3456} INFO - Setting next_dagrun for example_sensor_decorator to None, run_after=None
[2023-06-11T03:29:20.154+0000] {processor.py:175} INFO - Processing /home/airflow/.local/lib/python3.7/site-packages/airflow/example_dags/example_sensor_decorator.py took 0.595 seconds
[2023-06-11T03:29:50.460+0000] {processor.py:153} INFO - Started process (PID=491) to work on /home/airflow/.local/lib/python3.7/site-packages/airflow/example_dags/example_sensor_decorator.py
[2023-06-11T03:29:50.463+0000] {processor.py:743} INFO - Processing file /home/airflow/.local/lib/python3.7/site-packages/airflow/example_dags/example_sensor_decorator.py for tasks to queue
[2023-06-11T03:29:50.464+0000] {logging_mixin.py:137} INFO - [2023-06-11T03:29:50.464+0000] {dagbag.py:532} INFO - Filling up the DagBag from /home/airflow/.local/lib/python3.7/site-packages/airflow/example_dags/example_sensor_decorator.py
[2023-06-11T03:29:50.506+0000] {processor.py:753} INFO - DAG(s) dict_keys(['example_sensor_decorator']) retrieved from /home/airflow/.local/lib/python3.7/site-packages/airflow/example_dags/example_sensor_decorator.py
[2023-06-11T03:29:50.545+0000] {logging_mixin.py:137} INFO - [2023-06-11T03:29:50.545+0000] {dag.py:2705} INFO - Sync 1 DAGs
[2023-06-11T03:29:50.573+0000] {logging_mixin.py:137} INFO - [2023-06-11T03:29:50.573+0000] {dag.py:3456} INFO - Setting next_dagrun for example_sensor_decorator to None, run_after=None
[2023-06-11T03:29:50.594+0000] {processor.py:175} INFO - Processing /home/airflow/.local/lib/python3.7/site-packages/airflow/example_dags/example_sensor_decorator.py took 0.141 seconds
[2023-06-11T03:30:20.952+0000] {processor.py:153} INFO - Started process (PID=548) to work on /home/airflow/.local/lib/python3.7/site-packages/airflow/example_dags/example_sensor_decorator.py
[2023-06-11T03:30:20.954+0000] {processor.py:743} INFO - Processing file /home/airflow/.local/lib/python3.7/site-packages/airflow/example_dags/example_sensor_decorator.py for tasks to queue
[2023-06-11T03:30:20.955+0000] {logging_mixin.py:137} INFO - [2023-06-11T03:30:20.955+0000] {dagbag.py:532} INFO - Filling up the DagBag from /home/airflow/.local/lib/python3.7/site-packages/airflow/example_dags/example_sensor_decorator.py
[2023-06-11T03:30:20.980+0000] {processor.py:753} INFO - DAG(s) dict_keys(['example_sensor_decorator']) retrieved from /home/airflow/.local/lib/python3.7/site-packages/airflow/example_dags/example_sensor_decorator.py
[2023-06-11T03:30:21.007+0000] {logging_mixin.py:137} INFO - [2023-06-11T03:30:21.007+0000] {dag.py:2705} INFO - Sync 1 DAGs
[2023-06-11T03:30:21.036+0000] {logging_mixin.py:137} INFO - [2023-06-11T03:30:21.036+0000] {dag.py:3456} INFO - Setting next_dagrun for example_sensor_decorator to None, run_after=None
[2023-06-11T03:30:21.064+0000] {processor.py:175} INFO - Processing /home/airflow/.local/lib/python3.7/site-packages/airflow/example_dags/example_sensor_decorator.py took 0.116 seconds
[2023-06-11T03:30:52.391+0000] {processor.py:153} INFO - Started process (PID=604) to work on /home/airflow/.local/lib/python3.7/site-packages/airflow/example_dags/example_sensor_decorator.py
[2023-06-11T03:30:52.396+0000] {processor.py:743} INFO - Processing file /home/airflow/.local/lib/python3.7/site-packages/airflow/example_dags/example_sensor_decorator.py for tasks to queue
[2023-06-11T03:30:52.403+0000] {logging_mixin.py:137} INFO - [2023-06-11T03:30:52.402+0000] {dagbag.py:532} INFO - Filling up the DagBag from /home/airflow/.local/lib/python3.7/site-packages/airflow/example_dags/example_sensor_decorator.py
[2023-06-11T03:30:52.482+0000] {processor.py:753} INFO - DAG(s) dict_keys(['example_sensor_decorator']) retrieved from /home/airflow/.local/lib/python3.7/site-packages/airflow/example_dags/example_sensor_decorator.py
[2023-06-11T03:30:52.581+0000] {logging_mixin.py:137} INFO - [2023-06-11T03:30:52.580+0000] {dag.py:2705} INFO - Sync 1 DAGs
[2023-06-11T03:30:52.677+0000] {logging_mixin.py:137} INFO - [2023-06-11T03:30:52.677+0000] {dag.py:3456} INFO - Setting next_dagrun for example_sensor_decorator to None, run_after=None
[2023-06-11T03:30:52.776+0000] {processor.py:175} INFO - Processing /home/airflow/.local/lib/python3.7/site-packages/airflow/example_dags/example_sensor_decorator.py took 0.402 seconds
[2023-06-11T03:31:23.144+0000] {processor.py:153} INFO - Started process (PID=661) to work on /home/airflow/.local/lib/python3.7/site-packages/airflow/example_dags/example_sensor_decorator.py
[2023-06-11T03:31:23.145+0000] {processor.py:743} INFO - Processing file /home/airflow/.local/lib/python3.7/site-packages/airflow/example_dags/example_sensor_decorator.py for tasks to queue
[2023-06-11T03:31:23.146+0000] {logging_mixin.py:137} INFO - [2023-06-11T03:31:23.146+0000] {dagbag.py:532} INFO - Filling up the DagBag from /home/airflow/.local/lib/python3.7/site-packages/airflow/example_dags/example_sensor_decorator.py
[2023-06-11T03:31:23.168+0000] {processor.py:753} INFO - DAG(s) dict_keys(['example_sensor_decorator']) retrieved from /home/airflow/.local/lib/python3.7/site-packages/airflow/example_dags/example_sensor_decorator.py
[2023-06-11T03:31:23.193+0000] {logging_mixin.py:137} INFO - [2023-06-11T03:31:23.193+0000] {dag.py:2705} INFO - Sync 1 DAGs
[2023-06-11T03:31:23.220+0000] {logging_mixin.py:137} INFO - [2023-06-11T03:31:23.220+0000] {dag.py:3456} INFO - Setting next_dagrun for example_sensor_decorator to None, run_after=None
[2023-06-11T03:31:23.242+0000] {processor.py:175} INFO - Processing /home/airflow/.local/lib/python3.7/site-packages/airflow/example_dags/example_sensor_decorator.py took 0.102 seconds
[2023-06-11T03:31:54.122+0000] {processor.py:153} INFO - Started process (PID=718) to work on /home/airflow/.local/lib/python3.7/site-packages/airflow/example_dags/example_sensor_decorator.py
[2023-06-11T03:31:54.124+0000] {processor.py:743} INFO - Processing file /home/airflow/.local/lib/python3.7/site-packages/airflow/example_dags/example_sensor_decorator.py for tasks to queue
[2023-06-11T03:31:54.125+0000] {logging_mixin.py:137} INFO - [2023-06-11T03:31:54.125+0000] {dagbag.py:532} INFO - Filling up the DagBag from /home/airflow/.local/lib/python3.7/site-packages/airflow/example_dags/example_sensor_decorator.py
[2023-06-11T03:31:54.150+0000] {processor.py:753} INFO - DAG(s) dict_keys(['example_sensor_decorator']) retrieved from /home/airflow/.local/lib/python3.7/site-packages/airflow/example_dags/example_sensor_decorator.py
[2023-06-11T03:31:54.183+0000] {logging_mixin.py:137} INFO - [2023-06-11T03:31:54.183+0000] {dag.py:2705} INFO - Sync 1 DAGs
[2023-06-11T03:31:54.206+0000] {logging_mixin.py:137} INFO - [2023-06-11T03:31:54.206+0000] {dag.py:3456} INFO - Setting next_dagrun for example_sensor_decorator to None, run_after=None
[2023-06-11T03:31:54.220+0000] {processor.py:175} INFO - Processing /home/airflow/.local/lib/python3.7/site-packages/airflow/example_dags/example_sensor_decorator.py took 0.102 seconds
