[2023-06-11T03:25:20.119+0000] {processor.py:153} INFO - Started process (PID=41) to work on /home/airflow/.local/lib/python3.7/site-packages/airflow/example_dags/example_branch_operator.py
[2023-06-11T03:25:20.123+0000] {processor.py:743} INFO - Processing file /home/airflow/.local/lib/python3.7/site-packages/airflow/example_dags/example_branch_operator.py for tasks to queue
[2023-06-11T03:25:20.126+0000] {logging_mixin.py:137} INFO - [2023-06-11T03:25:20.126+0000] {dagbag.py:532} INFO - Filling up the DagBag from /home/airflow/.local/lib/python3.7/site-packages/airflow/example_dags/example_branch_operator.py
[2023-06-11T03:25:20.191+0000] {processor.py:753} INFO - DAG(s) dict_keys(['example_branch_operator']) retrieved from /home/airflow/.local/lib/python3.7/site-packages/airflow/example_dags/example_branch_operator.py
[2023-06-11T03:25:20.289+0000] {logging_mixin.py:137} INFO - [2023-06-11T03:25:20.289+0000] {dag.py:2705} INFO - Sync 1 DAGs
[2023-06-11T03:25:20.364+0000] {logging_mixin.py:137} INFO - [2023-06-11T03:25:20.364+0000] {dag.py:3456} INFO - Setting next_dagrun for example_branch_operator to 2023-06-10T00:00:00+00:00, run_after=2023-06-11T00:00:00+00:00
[2023-06-11T03:25:20.417+0000] {processor.py:175} INFO - Processing /home/airflow/.local/lib/python3.7/site-packages/airflow/example_dags/example_branch_operator.py took 0.310 seconds
[2023-06-11T03:25:50.827+0000] {processor.py:153} INFO - Started process (PID=95) to work on /home/airflow/.local/lib/python3.7/site-packages/airflow/example_dags/example_branch_operator.py
[2023-06-11T03:25:50.829+0000] {processor.py:743} INFO - Processing file /home/airflow/.local/lib/python3.7/site-packages/airflow/example_dags/example_branch_operator.py for tasks to queue
[2023-06-11T03:25:50.830+0000] {logging_mixin.py:137} INFO - [2023-06-11T03:25:50.830+0000] {dagbag.py:532} INFO - Filling up the DagBag from /home/airflow/.local/lib/python3.7/site-packages/airflow/example_dags/example_branch_operator.py
[2023-06-11T03:25:50.848+0000] {processor.py:753} INFO - DAG(s) dict_keys(['example_branch_operator']) retrieved from /home/airflow/.local/lib/python3.7/site-packages/airflow/example_dags/example_branch_operator.py
[2023-06-11T03:25:50.879+0000] {logging_mixin.py:137} INFO - [2023-06-11T03:25:50.879+0000] {dag.py:2705} INFO - Sync 1 DAGs
[2023-06-11T03:25:50.925+0000] {logging_mixin.py:137} INFO - [2023-06-11T03:25:50.925+0000] {dag.py:3456} INFO - Setting next_dagrun for example_branch_operator to 2023-06-10T00:00:00+00:00, run_after=2023-06-11T00:00:00+00:00
[2023-06-11T03:25:50.944+0000] {processor.py:175} INFO - Processing /home/airflow/.local/lib/python3.7/site-packages/airflow/example_dags/example_branch_operator.py took 0.122 seconds
[2023-06-11T03:26:23.880+0000] {processor.py:153} INFO - Started process (PID=151) to work on /home/airflow/.local/lib/python3.7/site-packages/airflow/example_dags/example_branch_operator.py
[2023-06-11T03:26:23.889+0000] {processor.py:743} INFO - Processing file /home/airflow/.local/lib/python3.7/site-packages/airflow/example_dags/example_branch_operator.py for tasks to queue
[2023-06-11T03:26:23.905+0000] {logging_mixin.py:137} INFO - [2023-06-11T03:26:23.904+0000] {dagbag.py:532} INFO - Filling up the DagBag from /home/airflow/.local/lib/python3.7/site-packages/airflow/example_dags/example_branch_operator.py
[2023-06-11T03:26:23.973+0000] {processor.py:753} INFO - DAG(s) dict_keys(['example_branch_operator']) retrieved from /home/airflow/.local/lib/python3.7/site-packages/airflow/example_dags/example_branch_operator.py
[2023-06-11T03:26:24.121+0000] {logging_mixin.py:137} INFO - [2023-06-11T03:26:24.120+0000] {dag.py:2705} INFO - Sync 1 DAGs
[2023-06-11T03:26:24.220+0000] {logging_mixin.py:137} INFO - [2023-06-11T03:26:24.220+0000] {dag.py:3456} INFO - Setting next_dagrun for example_branch_operator to 2023-06-10T00:00:00+00:00, run_after=2023-06-11T00:00:00+00:00
[2023-06-11T03:26:24.307+0000] {processor.py:175} INFO - Processing /home/airflow/.local/lib/python3.7/site-packages/airflow/example_dags/example_branch_operator.py took 0.446 seconds
[2023-06-11T03:26:58.443+0000] {processor.py:153} INFO - Started process (PID=208) to work on /home/airflow/.local/lib/python3.7/site-packages/airflow/example_dags/example_branch_operator.py
[2023-06-11T03:26:58.447+0000] {processor.py:743} INFO - Processing file /home/airflow/.local/lib/python3.7/site-packages/airflow/example_dags/example_branch_operator.py for tasks to queue
[2023-06-11T03:26:58.452+0000] {logging_mixin.py:137} INFO - [2023-06-11T03:26:58.451+0000] {dagbag.py:532} INFO - Filling up the DagBag from /home/airflow/.local/lib/python3.7/site-packages/airflow/example_dags/example_branch_operator.py
[2023-06-11T03:26:58.628+0000] {processor.py:753} INFO - DAG(s) dict_keys(['example_branch_operator']) retrieved from /home/airflow/.local/lib/python3.7/site-packages/airflow/example_dags/example_branch_operator.py
[2023-06-11T03:26:58.941+0000] {logging_mixin.py:137} INFO - [2023-06-11T03:26:58.940+0000] {dag.py:2705} INFO - Sync 1 DAGs
[2023-06-11T03:26:59.140+0000] {logging_mixin.py:137} INFO - [2023-06-11T03:26:59.140+0000] {dag.py:3456} INFO - Setting next_dagrun for example_branch_operator to 2023-06-10T00:00:00+00:00, run_after=2023-06-11T00:00:00+00:00
[2023-06-11T03:26:59.267+0000] {processor.py:175} INFO - Processing /home/airflow/.local/lib/python3.7/site-packages/airflow/example_dags/example_branch_operator.py took 0.835 seconds
[2023-06-11T03:27:29.888+0000] {processor.py:153} INFO - Started process (PID=265) to work on /home/airflow/.local/lib/python3.7/site-packages/airflow/example_dags/example_branch_operator.py
[2023-06-11T03:27:29.892+0000] {processor.py:743} INFO - Processing file /home/airflow/.local/lib/python3.7/site-packages/airflow/example_dags/example_branch_operator.py for tasks to queue
[2023-06-11T03:27:29.894+0000] {logging_mixin.py:137} INFO - [2023-06-11T03:27:29.893+0000] {dagbag.py:532} INFO - Filling up the DagBag from /home/airflow/.local/lib/python3.7/site-packages/airflow/example_dags/example_branch_operator.py
[2023-06-11T03:27:29.925+0000] {processor.py:753} INFO - DAG(s) dict_keys(['example_branch_operator']) retrieved from /home/airflow/.local/lib/python3.7/site-packages/airflow/example_dags/example_branch_operator.py
[2023-06-11T03:27:29.987+0000] {logging_mixin.py:137} INFO - [2023-06-11T03:27:29.986+0000] {dag.py:2705} INFO - Sync 1 DAGs
[2023-06-11T03:27:30.059+0000] {logging_mixin.py:137} INFO - [2023-06-11T03:27:30.059+0000] {dag.py:3456} INFO - Setting next_dagrun for example_branch_operator to 2023-06-10T00:00:00+00:00, run_after=2023-06-11T00:00:00+00:00
[2023-06-11T03:27:30.132+0000] {processor.py:175} INFO - Processing /home/airflow/.local/lib/python3.7/site-packages/airflow/example_dags/example_branch_operator.py took 0.250 seconds
[2023-06-11T03:28:01.902+0000] {processor.py:153} INFO - Started process (PID=320) to work on /home/airflow/.local/lib/python3.7/site-packages/airflow/example_dags/example_branch_operator.py
[2023-06-11T03:28:01.906+0000] {processor.py:743} INFO - Processing file /home/airflow/.local/lib/python3.7/site-packages/airflow/example_dags/example_branch_operator.py for tasks to queue
[2023-06-11T03:28:01.909+0000] {logging_mixin.py:137} INFO - [2023-06-11T03:28:01.909+0000] {dagbag.py:532} INFO - Filling up the DagBag from /home/airflow/.local/lib/python3.7/site-packages/airflow/example_dags/example_branch_operator.py
[2023-06-11T03:28:01.956+0000] {processor.py:753} INFO - DAG(s) dict_keys(['example_branch_operator']) retrieved from /home/airflow/.local/lib/python3.7/site-packages/airflow/example_dags/example_branch_operator.py
[2023-06-11T03:28:02.060+0000] {logging_mixin.py:137} INFO - [2023-06-11T03:28:02.059+0000] {dag.py:2705} INFO - Sync 1 DAGs
[2023-06-11T03:28:02.172+0000] {logging_mixin.py:137} INFO - [2023-06-11T03:28:02.169+0000] {dag.py:3456} INFO - Setting next_dagrun for example_branch_operator to 2023-06-10T00:00:00+00:00, run_after=2023-06-11T00:00:00+00:00
[2023-06-11T03:28:02.245+0000] {processor.py:175} INFO - Processing /home/airflow/.local/lib/python3.7/site-packages/airflow/example_dags/example_branch_operator.py took 0.350 seconds
[2023-06-11T03:28:39.446+0000] {processor.py:153} INFO - Started process (PID=369) to work on /home/airflow/.local/lib/python3.7/site-packages/airflow/example_dags/example_branch_operator.py
[2023-06-11T03:28:39.454+0000] {processor.py:743} INFO - Processing file /home/airflow/.local/lib/python3.7/site-packages/airflow/example_dags/example_branch_operator.py for tasks to queue
[2023-06-11T03:28:39.480+0000] {logging_mixin.py:137} INFO - [2023-06-11T03:28:39.479+0000] {dagbag.py:532} INFO - Filling up the DagBag from /home/airflow/.local/lib/python3.7/site-packages/airflow/example_dags/example_branch_operator.py
[2023-06-11T03:28:39.594+0000] {processor.py:753} INFO - DAG(s) dict_keys(['example_branch_operator']) retrieved from /home/airflow/.local/lib/python3.7/site-packages/airflow/example_dags/example_branch_operator.py
[2023-06-11T03:28:39.713+0000] {logging_mixin.py:137} INFO - [2023-06-11T03:28:39.712+0000] {dag.py:2705} INFO - Sync 1 DAGs
[2023-06-11T03:28:39.823+0000] {logging_mixin.py:137} INFO - [2023-06-11T03:28:39.821+0000] {dag.py:3456} INFO - Setting next_dagrun for example_branch_operator to 2023-06-10T00:00:00+00:00, run_after=2023-06-11T00:00:00+00:00
[2023-06-11T03:28:39.974+0000] {processor.py:175} INFO - Processing /home/airflow/.local/lib/python3.7/site-packages/airflow/example_dags/example_branch_operator.py took 0.542 seconds
[2023-06-11T03:29:16.963+0000] {processor.py:153} INFO - Started process (PID=427) to work on /home/airflow/.local/lib/python3.7/site-packages/airflow/example_dags/example_branch_operator.py
[2023-06-11T03:29:16.968+0000] {processor.py:743} INFO - Processing file /home/airflow/.local/lib/python3.7/site-packages/airflow/example_dags/example_branch_operator.py for tasks to queue
[2023-06-11T03:29:16.971+0000] {logging_mixin.py:137} INFO - [2023-06-11T03:29:16.971+0000] {dagbag.py:532} INFO - Filling up the DagBag from /home/airflow/.local/lib/python3.7/site-packages/airflow/example_dags/example_branch_operator.py
[2023-06-11T03:29:17.057+0000] {processor.py:753} INFO - DAG(s) dict_keys(['example_branch_operator']) retrieved from /home/airflow/.local/lib/python3.7/site-packages/airflow/example_dags/example_branch_operator.py
[2023-06-11T03:29:17.212+0000] {logging_mixin.py:137} INFO - [2023-06-11T03:29:17.211+0000] {dag.py:2705} INFO - Sync 1 DAGs
[2023-06-11T03:29:17.344+0000] {logging_mixin.py:137} INFO - [2023-06-11T03:29:17.343+0000] {dag.py:3456} INFO - Setting next_dagrun for example_branch_operator to 2023-06-10T00:00:00+00:00, run_after=2023-06-11T00:00:00+00:00
[2023-06-11T03:29:17.434+0000] {processor.py:175} INFO - Processing /home/airflow/.local/lib/python3.7/site-packages/airflow/example_dags/example_branch_operator.py took 0.486 seconds
[2023-06-11T03:29:47.694+0000] {processor.py:153} INFO - Started process (PID=484) to work on /home/airflow/.local/lib/python3.7/site-packages/airflow/example_dags/example_branch_operator.py
[2023-06-11T03:29:47.697+0000] {processor.py:743} INFO - Processing file /home/airflow/.local/lib/python3.7/site-packages/airflow/example_dags/example_branch_operator.py for tasks to queue
[2023-06-11T03:29:47.704+0000] {logging_mixin.py:137} INFO - [2023-06-11T03:29:47.703+0000] {dagbag.py:532} INFO - Filling up the DagBag from /home/airflow/.local/lib/python3.7/site-packages/airflow/example_dags/example_branch_operator.py
[2023-06-11T03:29:47.805+0000] {processor.py:753} INFO - DAG(s) dict_keys(['example_branch_operator']) retrieved from /home/airflow/.local/lib/python3.7/site-packages/airflow/example_dags/example_branch_operator.py
[2023-06-11T03:29:47.968+0000] {logging_mixin.py:137} INFO - [2023-06-11T03:29:47.968+0000] {dag.py:2705} INFO - Sync 1 DAGs
[2023-06-11T03:29:48.054+0000] {logging_mixin.py:137} INFO - [2023-06-11T03:29:48.054+0000] {dag.py:3456} INFO - Setting next_dagrun for example_branch_operator to 2023-06-10T00:00:00+00:00, run_after=2023-06-11T00:00:00+00:00
[2023-06-11T03:29:48.114+0000] {processor.py:175} INFO - Processing /home/airflow/.local/lib/python3.7/site-packages/airflow/example_dags/example_branch_operator.py took 0.430 seconds
[2023-06-11T03:30:19.339+0000] {processor.py:153} INFO - Started process (PID=541) to work on /home/airflow/.local/lib/python3.7/site-packages/airflow/example_dags/example_branch_operator.py
[2023-06-11T03:30:19.341+0000] {processor.py:743} INFO - Processing file /home/airflow/.local/lib/python3.7/site-packages/airflow/example_dags/example_branch_operator.py for tasks to queue
[2023-06-11T03:30:19.342+0000] {logging_mixin.py:137} INFO - [2023-06-11T03:30:19.342+0000] {dagbag.py:532} INFO - Filling up the DagBag from /home/airflow/.local/lib/python3.7/site-packages/airflow/example_dags/example_branch_operator.py
[2023-06-11T03:30:19.366+0000] {processor.py:753} INFO - DAG(s) dict_keys(['example_branch_operator']) retrieved from /home/airflow/.local/lib/python3.7/site-packages/airflow/example_dags/example_branch_operator.py
[2023-06-11T03:30:19.403+0000] {logging_mixin.py:137} INFO - [2023-06-11T03:30:19.403+0000] {dag.py:2705} INFO - Sync 1 DAGs
[2023-06-11T03:30:19.436+0000] {logging_mixin.py:137} INFO - [2023-06-11T03:30:19.436+0000] {dag.py:3456} INFO - Setting next_dagrun for example_branch_operator to 2023-06-10T00:00:00+00:00, run_after=2023-06-11T00:00:00+00:00
[2023-06-11T03:30:19.456+0000] {processor.py:175} INFO - Processing /home/airflow/.local/lib/python3.7/site-packages/airflow/example_dags/example_branch_operator.py took 0.123 seconds
[2023-06-11T03:30:50.067+0000] {processor.py:153} INFO - Started process (PID=597) to work on /home/airflow/.local/lib/python3.7/site-packages/airflow/example_dags/example_branch_operator.py
[2023-06-11T03:30:50.072+0000] {processor.py:743} INFO - Processing file /home/airflow/.local/lib/python3.7/site-packages/airflow/example_dags/example_branch_operator.py for tasks to queue
[2023-06-11T03:30:50.075+0000] {logging_mixin.py:137} INFO - [2023-06-11T03:30:50.075+0000] {dagbag.py:532} INFO - Filling up the DagBag from /home/airflow/.local/lib/python3.7/site-packages/airflow/example_dags/example_branch_operator.py
[2023-06-11T03:30:50.138+0000] {processor.py:753} INFO - DAG(s) dict_keys(['example_branch_operator']) retrieved from /home/airflow/.local/lib/python3.7/site-packages/airflow/example_dags/example_branch_operator.py
[2023-06-11T03:30:50.248+0000] {logging_mixin.py:137} INFO - [2023-06-11T03:30:50.248+0000] {dag.py:2705} INFO - Sync 1 DAGs
[2023-06-11T03:30:50.346+0000] {logging_mixin.py:137} INFO - [2023-06-11T03:30:50.345+0000] {dag.py:3456} INFO - Setting next_dagrun for example_branch_operator to 2023-06-10T00:00:00+00:00, run_after=2023-06-11T00:00:00+00:00
[2023-06-11T03:30:50.542+0000] {processor.py:175} INFO - Processing /home/airflow/.local/lib/python3.7/site-packages/airflow/example_dags/example_branch_operator.py took 0.482 seconds
[2023-06-11T03:31:21.365+0000] {processor.py:153} INFO - Started process (PID=652) to work on /home/airflow/.local/lib/python3.7/site-packages/airflow/example_dags/example_branch_operator.py
[2023-06-11T03:31:21.367+0000] {processor.py:743} INFO - Processing file /home/airflow/.local/lib/python3.7/site-packages/airflow/example_dags/example_branch_operator.py for tasks to queue
[2023-06-11T03:31:21.368+0000] {logging_mixin.py:137} INFO - [2023-06-11T03:31:21.368+0000] {dagbag.py:532} INFO - Filling up the DagBag from /home/airflow/.local/lib/python3.7/site-packages/airflow/example_dags/example_branch_operator.py
[2023-06-11T03:31:21.389+0000] {processor.py:753} INFO - DAG(s) dict_keys(['example_branch_operator']) retrieved from /home/airflow/.local/lib/python3.7/site-packages/airflow/example_dags/example_branch_operator.py
[2023-06-11T03:31:21.420+0000] {logging_mixin.py:137} INFO - [2023-06-11T03:31:21.420+0000] {dag.py:2705} INFO - Sync 1 DAGs
[2023-06-11T03:31:21.445+0000] {logging_mixin.py:137} INFO - [2023-06-11T03:31:21.445+0000] {dag.py:3456} INFO - Setting next_dagrun for example_branch_operator to 2023-06-10T00:00:00+00:00, run_after=2023-06-11T00:00:00+00:00
[2023-06-11T03:31:21.465+0000] {processor.py:175} INFO - Processing /home/airflow/.local/lib/python3.7/site-packages/airflow/example_dags/example_branch_operator.py took 0.107 seconds
[2023-06-11T03:31:51.700+0000] {processor.py:153} INFO - Started process (PID=709) to work on /home/airflow/.local/lib/python3.7/site-packages/airflow/example_dags/example_branch_operator.py
[2023-06-11T03:31:51.705+0000] {processor.py:743} INFO - Processing file /home/airflow/.local/lib/python3.7/site-packages/airflow/example_dags/example_branch_operator.py for tasks to queue
[2023-06-11T03:31:51.707+0000] {logging_mixin.py:137} INFO - [2023-06-11T03:31:51.707+0000] {dagbag.py:532} INFO - Filling up the DagBag from /home/airflow/.local/lib/python3.7/site-packages/airflow/example_dags/example_branch_operator.py
[2023-06-11T03:31:51.740+0000] {processor.py:753} INFO - DAG(s) dict_keys(['example_branch_operator']) retrieved from /home/airflow/.local/lib/python3.7/site-packages/airflow/example_dags/example_branch_operator.py
[2023-06-11T03:31:51.854+0000] {logging_mixin.py:137} INFO - [2023-06-11T03:31:51.854+0000] {dag.py:2705} INFO - Sync 1 DAGs
[2023-06-11T03:31:51.947+0000] {logging_mixin.py:137} INFO - [2023-06-11T03:31:51.946+0000] {dag.py:3456} INFO - Setting next_dagrun for example_branch_operator to 2023-06-10T00:00:00+00:00, run_after=2023-06-11T00:00:00+00:00
[2023-06-11T03:31:51.984+0000] {processor.py:175} INFO - Processing /home/airflow/.local/lib/python3.7/site-packages/airflow/example_dags/example_branch_operator.py took 0.296 seconds
