[2023-06-11T03:25:28.030+0000] {processor.py:153} INFO - Started process (PID=57) to work on /home/airflow/.local/lib/python3.7/site-packages/airflow/example_dags/tutorial_taskflow_api.py
[2023-06-11T03:25:28.040+0000] {processor.py:743} INFO - Processing file /home/airflow/.local/lib/python3.7/site-packages/airflow/example_dags/tutorial_taskflow_api.py for tasks to queue
[2023-06-11T03:25:28.045+0000] {logging_mixin.py:137} INFO - [2023-06-11T03:25:28.045+0000] {dagbag.py:532} INFO - Filling up the DagBag from /home/airflow/.local/lib/python3.7/site-packages/airflow/example_dags/tutorial_taskflow_api.py
[2023-06-11T03:25:28.114+0000] {processor.py:753} INFO - DAG(s) dict_keys(['tutorial_taskflow_api']) retrieved from /home/airflow/.local/lib/python3.7/site-packages/airflow/example_dags/tutorial_taskflow_api.py
[2023-06-11T03:25:28.191+0000] {logging_mixin.py:137} INFO - [2023-06-11T03:25:28.191+0000] {dag.py:2705} INFO - Sync 1 DAGs
[2023-06-11T03:25:28.244+0000] {logging_mixin.py:137} INFO - [2023-06-11T03:25:28.244+0000] {dag.py:3456} INFO - Setting next_dagrun for tutorial_taskflow_api to None, run_after=None
[2023-06-11T03:25:28.271+0000] {processor.py:175} INFO - Processing /home/airflow/.local/lib/python3.7/site-packages/airflow/example_dags/tutorial_taskflow_api.py took 0.259 seconds
[2023-06-11T03:25:58.778+0000] {processor.py:153} INFO - Started process (PID=113) to work on /home/airflow/.local/lib/python3.7/site-packages/airflow/example_dags/tutorial_taskflow_api.py
[2023-06-11T03:25:58.780+0000] {processor.py:743} INFO - Processing file /home/airflow/.local/lib/python3.7/site-packages/airflow/example_dags/tutorial_taskflow_api.py for tasks to queue
[2023-06-11T03:25:58.784+0000] {logging_mixin.py:137} INFO - [2023-06-11T03:25:58.784+0000] {dagbag.py:532} INFO - Filling up the DagBag from /home/airflow/.local/lib/python3.7/site-packages/airflow/example_dags/tutorial_taskflow_api.py
[2023-06-11T03:25:58.803+0000] {processor.py:753} INFO - DAG(s) dict_keys(['tutorial_taskflow_api']) retrieved from /home/airflow/.local/lib/python3.7/site-packages/airflow/example_dags/tutorial_taskflow_api.py
[2023-06-11T03:25:58.829+0000] {logging_mixin.py:137} INFO - [2023-06-11T03:25:58.829+0000] {dag.py:2705} INFO - Sync 1 DAGs
[2023-06-11T03:25:58.850+0000] {logging_mixin.py:137} INFO - [2023-06-11T03:25:58.850+0000] {dag.py:3456} INFO - Setting next_dagrun for tutorial_taskflow_api to None, run_after=None
[2023-06-11T03:25:58.865+0000] {processor.py:175} INFO - Processing /home/airflow/.local/lib/python3.7/site-packages/airflow/example_dags/tutorial_taskflow_api.py took 0.091 seconds
[2023-06-11T03:26:39.991+0000] {processor.py:153} INFO - Started process (PID=176) to work on /home/airflow/.local/lib/python3.7/site-packages/airflow/example_dags/tutorial_taskflow_api.py
[2023-06-11T03:26:39.998+0000] {processor.py:743} INFO - Processing file /home/airflow/.local/lib/python3.7/site-packages/airflow/example_dags/tutorial_taskflow_api.py for tasks to queue
[2023-06-11T03:26:40.004+0000] {logging_mixin.py:137} INFO - [2023-06-11T03:26:40.004+0000] {dagbag.py:532} INFO - Filling up the DagBag from /home/airflow/.local/lib/python3.7/site-packages/airflow/example_dags/tutorial_taskflow_api.py
[2023-06-11T03:26:40.091+0000] {processor.py:753} INFO - DAG(s) dict_keys(['tutorial_taskflow_api']) retrieved from /home/airflow/.local/lib/python3.7/site-packages/airflow/example_dags/tutorial_taskflow_api.py
[2023-06-11T03:26:40.225+0000] {logging_mixin.py:137} INFO - [2023-06-11T03:26:40.224+0000] {dag.py:2705} INFO - Sync 1 DAGs
[2023-06-11T03:26:40.328+0000] {logging_mixin.py:137} INFO - [2023-06-11T03:26:40.328+0000] {dag.py:3456} INFO - Setting next_dagrun for tutorial_taskflow_api to None, run_after=None
[2023-06-11T03:26:40.442+0000] {processor.py:175} INFO - Processing /home/airflow/.local/lib/python3.7/site-packages/airflow/example_dags/tutorial_taskflow_api.py took 0.461 seconds
[2023-06-11T03:27:20.351+0000] {processor.py:153} INFO - Started process (PID=233) to work on /home/airflow/.local/lib/python3.7/site-packages/airflow/example_dags/tutorial_taskflow_api.py
[2023-06-11T03:27:20.364+0000] {processor.py:743} INFO - Processing file /home/airflow/.local/lib/python3.7/site-packages/airflow/example_dags/tutorial_taskflow_api.py for tasks to queue
[2023-06-11T03:27:20.370+0000] {logging_mixin.py:137} INFO - [2023-06-11T03:27:20.370+0000] {dagbag.py:532} INFO - Filling up the DagBag from /home/airflow/.local/lib/python3.7/site-packages/airflow/example_dags/tutorial_taskflow_api.py
[2023-06-11T03:27:20.468+0000] {processor.py:753} INFO - DAG(s) dict_keys(['tutorial_taskflow_api']) retrieved from /home/airflow/.local/lib/python3.7/site-packages/airflow/example_dags/tutorial_taskflow_api.py
[2023-06-11T03:27:20.614+0000] {logging_mixin.py:137} INFO - [2023-06-11T03:27:20.614+0000] {dag.py:2705} INFO - Sync 1 DAGs
[2023-06-11T03:27:20.710+0000] {logging_mixin.py:137} INFO - [2023-06-11T03:27:20.709+0000] {dag.py:3456} INFO - Setting next_dagrun for tutorial_taskflow_api to None, run_after=None
[2023-06-11T03:27:20.817+0000] {processor.py:175} INFO - Processing /home/airflow/.local/lib/python3.7/site-packages/airflow/example_dags/tutorial_taskflow_api.py took 0.490 seconds
[2023-06-11T03:27:53.555+0000] {processor.py:153} INFO - Started process (PID=290) to work on /home/airflow/.local/lib/python3.7/site-packages/airflow/example_dags/tutorial_taskflow_api.py
[2023-06-11T03:27:53.561+0000] {processor.py:743} INFO - Processing file /home/airflow/.local/lib/python3.7/site-packages/airflow/example_dags/tutorial_taskflow_api.py for tasks to queue
[2023-06-11T03:27:53.565+0000] {logging_mixin.py:137} INFO - [2023-06-11T03:27:53.565+0000] {dagbag.py:532} INFO - Filling up the DagBag from /home/airflow/.local/lib/python3.7/site-packages/airflow/example_dags/tutorial_taskflow_api.py
[2023-06-11T03:27:53.637+0000] {processor.py:753} INFO - DAG(s) dict_keys(['tutorial_taskflow_api']) retrieved from /home/airflow/.local/lib/python3.7/site-packages/airflow/example_dags/tutorial_taskflow_api.py
[2023-06-11T03:27:53.825+0000] {logging_mixin.py:137} INFO - [2023-06-11T03:27:53.824+0000] {dag.py:2705} INFO - Sync 1 DAGs
[2023-06-11T03:27:53.891+0000] {logging_mixin.py:137} INFO - [2023-06-11T03:27:53.890+0000] {dag.py:3456} INFO - Setting next_dagrun for tutorial_taskflow_api to None, run_after=None
[2023-06-11T03:27:53.957+0000] {processor.py:175} INFO - Processing /home/airflow/.local/lib/python3.7/site-packages/airflow/example_dags/tutorial_taskflow_api.py took 0.426 seconds
[2023-06-11T03:28:30.759+0000] {processor.py:153} INFO - Started process (PID=346) to work on /home/airflow/.local/lib/python3.7/site-packages/airflow/example_dags/tutorial_taskflow_api.py
[2023-06-11T03:28:30.776+0000] {processor.py:743} INFO - Processing file /home/airflow/.local/lib/python3.7/site-packages/airflow/example_dags/tutorial_taskflow_api.py for tasks to queue
[2023-06-11T03:28:30.780+0000] {logging_mixin.py:137} INFO - [2023-06-11T03:28:30.780+0000] {dagbag.py:532} INFO - Filling up the DagBag from /home/airflow/.local/lib/python3.7/site-packages/airflow/example_dags/tutorial_taskflow_api.py
[2023-06-11T03:28:30.928+0000] {processor.py:753} INFO - DAG(s) dict_keys(['tutorial_taskflow_api']) retrieved from /home/airflow/.local/lib/python3.7/site-packages/airflow/example_dags/tutorial_taskflow_api.py
[2023-06-11T03:28:31.175+0000] {logging_mixin.py:137} INFO - [2023-06-11T03:28:31.174+0000] {dag.py:2705} INFO - Sync 1 DAGs
[2023-06-11T03:28:31.373+0000] {logging_mixin.py:137} INFO - [2023-06-11T03:28:31.372+0000] {dag.py:3456} INFO - Setting next_dagrun for tutorial_taskflow_api to None, run_after=None
[2023-06-11T03:28:31.492+0000] {processor.py:175} INFO - Processing /home/airflow/.local/lib/python3.7/site-packages/airflow/example_dags/tutorial_taskflow_api.py took 0.770 seconds
[2023-06-11T03:29:02.201+0000] {processor.py:153} INFO - Started process (PID=400) to work on /home/airflow/.local/lib/python3.7/site-packages/airflow/example_dags/tutorial_taskflow_api.py
[2023-06-11T03:29:02.223+0000] {processor.py:743} INFO - Processing file /home/airflow/.local/lib/python3.7/site-packages/airflow/example_dags/tutorial_taskflow_api.py for tasks to queue
[2023-06-11T03:29:02.244+0000] {logging_mixin.py:137} INFO - [2023-06-11T03:29:02.243+0000] {dagbag.py:532} INFO - Filling up the DagBag from /home/airflow/.local/lib/python3.7/site-packages/airflow/example_dags/tutorial_taskflow_api.py
[2023-06-11T03:29:02.418+0000] {processor.py:753} INFO - DAG(s) dict_keys(['tutorial_taskflow_api']) retrieved from /home/airflow/.local/lib/python3.7/site-packages/airflow/example_dags/tutorial_taskflow_api.py
[2023-06-11T03:29:02.904+0000] {logging_mixin.py:137} INFO - [2023-06-11T03:29:02.897+0000] {dag.py:2705} INFO - Sync 1 DAGs
[2023-06-11T03:29:03.038+0000] {logging_mixin.py:137} INFO - [2023-06-11T03:29:03.037+0000] {dag.py:3456} INFO - Setting next_dagrun for tutorial_taskflow_api to None, run_after=None
[2023-06-11T03:29:03.093+0000] {processor.py:175} INFO - Processing /home/airflow/.local/lib/python3.7/site-packages/airflow/example_dags/tutorial_taskflow_api.py took 0.911 seconds
[2023-06-11T03:29:33.957+0000] {processor.py:153} INFO - Started process (PID=458) to work on /home/airflow/.local/lib/python3.7/site-packages/airflow/example_dags/tutorial_taskflow_api.py
[2023-06-11T03:29:33.959+0000] {processor.py:743} INFO - Processing file /home/airflow/.local/lib/python3.7/site-packages/airflow/example_dags/tutorial_taskflow_api.py for tasks to queue
[2023-06-11T03:29:33.960+0000] {logging_mixin.py:137} INFO - [2023-06-11T03:29:33.960+0000] {dagbag.py:532} INFO - Filling up the DagBag from /home/airflow/.local/lib/python3.7/site-packages/airflow/example_dags/tutorial_taskflow_api.py
[2023-06-11T03:29:33.989+0000] {processor.py:753} INFO - DAG(s) dict_keys(['tutorial_taskflow_api']) retrieved from /home/airflow/.local/lib/python3.7/site-packages/airflow/example_dags/tutorial_taskflow_api.py
[2023-06-11T03:29:34.021+0000] {logging_mixin.py:137} INFO - [2023-06-11T03:29:34.021+0000] {dag.py:2705} INFO - Sync 1 DAGs
[2023-06-11T03:29:34.046+0000] {logging_mixin.py:137} INFO - [2023-06-11T03:29:34.046+0000] {dag.py:3456} INFO - Setting next_dagrun for tutorial_taskflow_api to None, run_after=None
[2023-06-11T03:29:34.062+0000] {processor.py:175} INFO - Processing /home/airflow/.local/lib/python3.7/site-packages/airflow/example_dags/tutorial_taskflow_api.py took 0.110 seconds
[2023-06-11T03:30:04.597+0000] {processor.py:153} INFO - Started process (PID=515) to work on /home/airflow/.local/lib/python3.7/site-packages/airflow/example_dags/tutorial_taskflow_api.py
[2023-06-11T03:30:04.601+0000] {processor.py:743} INFO - Processing file /home/airflow/.local/lib/python3.7/site-packages/airflow/example_dags/tutorial_taskflow_api.py for tasks to queue
[2023-06-11T03:30:04.612+0000] {logging_mixin.py:137} INFO - [2023-06-11T03:30:04.611+0000] {dagbag.py:532} INFO - Filling up the DagBag from /home/airflow/.local/lib/python3.7/site-packages/airflow/example_dags/tutorial_taskflow_api.py
[2023-06-11T03:30:04.668+0000] {processor.py:753} INFO - DAG(s) dict_keys(['tutorial_taskflow_api']) retrieved from /home/airflow/.local/lib/python3.7/site-packages/airflow/example_dags/tutorial_taskflow_api.py
[2023-06-11T03:30:04.742+0000] {logging_mixin.py:137} INFO - [2023-06-11T03:30:04.742+0000] {dag.py:2705} INFO - Sync 1 DAGs
[2023-06-11T03:30:04.805+0000] {logging_mixin.py:137} INFO - [2023-06-11T03:30:04.805+0000] {dag.py:3456} INFO - Setting next_dagrun for tutorial_taskflow_api to None, run_after=None
[2023-06-11T03:30:04.838+0000] {processor.py:175} INFO - Processing /home/airflow/.local/lib/python3.7/site-packages/airflow/example_dags/tutorial_taskflow_api.py took 0.253 seconds
[2023-06-11T03:30:35.661+0000] {processor.py:153} INFO - Started process (PID=572) to work on /home/airflow/.local/lib/python3.7/site-packages/airflow/example_dags/tutorial_taskflow_api.py
[2023-06-11T03:30:35.667+0000] {processor.py:743} INFO - Processing file /home/airflow/.local/lib/python3.7/site-packages/airflow/example_dags/tutorial_taskflow_api.py for tasks to queue
[2023-06-11T03:30:35.673+0000] {logging_mixin.py:137} INFO - [2023-06-11T03:30:35.671+0000] {dagbag.py:532} INFO - Filling up the DagBag from /home/airflow/.local/lib/python3.7/site-packages/airflow/example_dags/tutorial_taskflow_api.py
[2023-06-11T03:30:35.825+0000] {processor.py:753} INFO - DAG(s) dict_keys(['tutorial_taskflow_api']) retrieved from /home/airflow/.local/lib/python3.7/site-packages/airflow/example_dags/tutorial_taskflow_api.py
[2023-06-11T03:30:36.055+0000] {logging_mixin.py:137} INFO - [2023-06-11T03:30:36.054+0000] {dag.py:2705} INFO - Sync 1 DAGs
[2023-06-11T03:30:36.257+0000] {logging_mixin.py:137} INFO - [2023-06-11T03:30:36.257+0000] {dag.py:3456} INFO - Setting next_dagrun for tutorial_taskflow_api to None, run_after=None
[2023-06-11T03:30:36.677+0000] {processor.py:175} INFO - Processing /home/airflow/.local/lib/python3.7/site-packages/airflow/example_dags/tutorial_taskflow_api.py took 1.033 seconds
[2023-06-11T03:31:07.175+0000] {processor.py:153} INFO - Started process (PID=628) to work on /home/airflow/.local/lib/python3.7/site-packages/airflow/example_dags/tutorial_taskflow_api.py
[2023-06-11T03:31:07.178+0000] {processor.py:743} INFO - Processing file /home/airflow/.local/lib/python3.7/site-packages/airflow/example_dags/tutorial_taskflow_api.py for tasks to queue
[2023-06-11T03:31:07.179+0000] {logging_mixin.py:137} INFO - [2023-06-11T03:31:07.179+0000] {dagbag.py:532} INFO - Filling up the DagBag from /home/airflow/.local/lib/python3.7/site-packages/airflow/example_dags/tutorial_taskflow_api.py
[2023-06-11T03:31:07.202+0000] {processor.py:753} INFO - DAG(s) dict_keys(['tutorial_taskflow_api']) retrieved from /home/airflow/.local/lib/python3.7/site-packages/airflow/example_dags/tutorial_taskflow_api.py
[2023-06-11T03:31:07.233+0000] {logging_mixin.py:137} INFO - [2023-06-11T03:31:07.233+0000] {dag.py:2705} INFO - Sync 1 DAGs
[2023-06-11T03:31:07.267+0000] {logging_mixin.py:137} INFO - [2023-06-11T03:31:07.267+0000] {dag.py:3456} INFO - Setting next_dagrun for tutorial_taskflow_api to None, run_after=None
[2023-06-11T03:31:07.285+0000] {processor.py:175} INFO - Processing /home/airflow/.local/lib/python3.7/site-packages/airflow/example_dags/tutorial_taskflow_api.py took 0.117 seconds
[2023-06-11T03:31:37.405+0000] {processor.py:153} INFO - Started process (PID=686) to work on /home/airflow/.local/lib/python3.7/site-packages/airflow/example_dags/tutorial_taskflow_api.py
[2023-06-11T03:31:37.408+0000] {processor.py:743} INFO - Processing file /home/airflow/.local/lib/python3.7/site-packages/airflow/example_dags/tutorial_taskflow_api.py for tasks to queue
[2023-06-11T03:31:37.409+0000] {logging_mixin.py:137} INFO - [2023-06-11T03:31:37.409+0000] {dagbag.py:532} INFO - Filling up the DagBag from /home/airflow/.local/lib/python3.7/site-packages/airflow/example_dags/tutorial_taskflow_api.py
[2023-06-11T03:31:37.441+0000] {processor.py:753} INFO - DAG(s) dict_keys(['tutorial_taskflow_api']) retrieved from /home/airflow/.local/lib/python3.7/site-packages/airflow/example_dags/tutorial_taskflow_api.py
[2023-06-11T03:31:37.470+0000] {logging_mixin.py:137} INFO - [2023-06-11T03:31:37.470+0000] {dag.py:2705} INFO - Sync 1 DAGs
[2023-06-11T03:31:37.494+0000] {logging_mixin.py:137} INFO - [2023-06-11T03:31:37.494+0000] {dag.py:3456} INFO - Setting next_dagrun for tutorial_taskflow_api to None, run_after=None
[2023-06-11T03:31:37.513+0000] {processor.py:175} INFO - Processing /home/airflow/.local/lib/python3.7/site-packages/airflow/example_dags/tutorial_taskflow_api.py took 0.113 seconds
[2023-06-11T03:32:07.706+0000] {processor.py:153} INFO - Started process (PID=749) to work on /home/airflow/.local/lib/python3.7/site-packages/airflow/example_dags/tutorial_taskflow_api.py
[2023-06-11T03:32:07.708+0000] {processor.py:743} INFO - Processing file /home/airflow/.local/lib/python3.7/site-packages/airflow/example_dags/tutorial_taskflow_api.py for tasks to queue
[2023-06-11T03:32:07.709+0000] {logging_mixin.py:137} INFO - [2023-06-11T03:32:07.709+0000] {dagbag.py:532} INFO - Filling up the DagBag from /home/airflow/.local/lib/python3.7/site-packages/airflow/example_dags/tutorial_taskflow_api.py
[2023-06-11T03:32:07.729+0000] {processor.py:753} INFO - DAG(s) dict_keys(['tutorial_taskflow_api']) retrieved from /home/airflow/.local/lib/python3.7/site-packages/airflow/example_dags/tutorial_taskflow_api.py
[2023-06-11T03:32:07.756+0000] {logging_mixin.py:137} INFO - [2023-06-11T03:32:07.756+0000] {dag.py:2705} INFO - Sync 1 DAGs
[2023-06-11T03:32:07.778+0000] {logging_mixin.py:137} INFO - [2023-06-11T03:32:07.777+0000] {dag.py:3456} INFO - Setting next_dagrun for tutorial_taskflow_api to None, run_after=None
[2023-06-11T03:32:07.792+0000] {processor.py:175} INFO - Processing /home/airflow/.local/lib/python3.7/site-packages/airflow/example_dags/tutorial_taskflow_api.py took 0.090 seconds
