[2023-04-26T00:00:14.786+0000] {processor.py:153} INFO - Started process (PID=3627) to work on /home/airflow/.local/lib/python3.7/site-packages/airflow/example_dags/example_branch_day_of_week_operator.py
[2023-04-26T00:00:14.787+0000] {processor.py:743} INFO - Processing file /home/airflow/.local/lib/python3.7/site-packages/airflow/example_dags/example_branch_day_of_week_operator.py for tasks to queue
[2023-04-26T00:00:14.788+0000] {logging_mixin.py:137} INFO - [2023-04-26T00:00:14.788+0000] {dagbag.py:532} INFO - Filling up the DagBag from /home/airflow/.local/lib/python3.7/site-packages/airflow/example_dags/example_branch_day_of_week_operator.py
[2023-04-26T00:00:14.807+0000] {processor.py:753} INFO - DAG(s) dict_keys(['example_weekday_branch_operator']) retrieved from /home/airflow/.local/lib/python3.7/site-packages/airflow/example_dags/example_branch_day_of_week_operator.py
[2023-04-26T00:00:14.845+0000] {logging_mixin.py:137} INFO - [2023-04-26T00:00:14.845+0000] {dag.py:2705} INFO - Sync 1 DAGs
[2023-04-26T00:00:14.885+0000] {logging_mixin.py:137} INFO - [2023-04-26T00:00:14.885+0000] {dag.py:3456} INFO - Setting next_dagrun for example_weekday_branch_operator to 2023-04-25T00:00:00+00:00, run_after=2023-04-26T00:00:00+00:00
[2023-04-26T00:00:14.906+0000] {processor.py:175} INFO - Processing /home/airflow/.local/lib/python3.7/site-packages/airflow/example_dags/example_branch_day_of_week_operator.py took 0.125 seconds
[2023-04-26T00:00:45.610+0000] {processor.py:153} INFO - Started process (PID=3680) to work on /home/airflow/.local/lib/python3.7/site-packages/airflow/example_dags/example_branch_day_of_week_operator.py
[2023-04-26T00:00:45.612+0000] {processor.py:743} INFO - Processing file /home/airflow/.local/lib/python3.7/site-packages/airflow/example_dags/example_branch_day_of_week_operator.py for tasks to queue
[2023-04-26T00:00:45.613+0000] {logging_mixin.py:137} INFO - [2023-04-26T00:00:45.613+0000] {dagbag.py:532} INFO - Filling up the DagBag from /home/airflow/.local/lib/python3.7/site-packages/airflow/example_dags/example_branch_day_of_week_operator.py
[2023-04-26T00:00:45.629+0000] {processor.py:753} INFO - DAG(s) dict_keys(['example_weekday_branch_operator']) retrieved from /home/airflow/.local/lib/python3.7/site-packages/airflow/example_dags/example_branch_day_of_week_operator.py
[2023-04-26T00:00:45.656+0000] {logging_mixin.py:137} INFO - [2023-04-26T00:00:45.656+0000] {dag.py:2705} INFO - Sync 1 DAGs
[2023-04-26T00:00:45.681+0000] {logging_mixin.py:137} INFO - [2023-04-26T00:00:45.681+0000] {dag.py:3456} INFO - Setting next_dagrun for example_weekday_branch_operator to 2023-04-25T00:00:00+00:00, run_after=2023-04-26T00:00:00+00:00
[2023-04-26T00:00:45.696+0000] {processor.py:175} INFO - Processing /home/airflow/.local/lib/python3.7/site-packages/airflow/example_dags/example_branch_day_of_week_operator.py took 0.092 seconds
[2023-04-26T00:01:16.487+0000] {processor.py:153} INFO - Started process (PID=3733) to work on /home/airflow/.local/lib/python3.7/site-packages/airflow/example_dags/example_branch_day_of_week_operator.py
[2023-04-26T00:01:16.489+0000] {processor.py:743} INFO - Processing file /home/airflow/.local/lib/python3.7/site-packages/airflow/example_dags/example_branch_day_of_week_operator.py for tasks to queue
[2023-04-26T00:01:16.490+0000] {logging_mixin.py:137} INFO - [2023-04-26T00:01:16.489+0000] {dagbag.py:532} INFO - Filling up the DagBag from /home/airflow/.local/lib/python3.7/site-packages/airflow/example_dags/example_branch_day_of_week_operator.py
[2023-04-26T00:01:16.506+0000] {processor.py:753} INFO - DAG(s) dict_keys(['example_weekday_branch_operator']) retrieved from /home/airflow/.local/lib/python3.7/site-packages/airflow/example_dags/example_branch_day_of_week_operator.py
[2023-04-26T00:01:16.541+0000] {logging_mixin.py:137} INFO - [2023-04-26T00:01:16.541+0000] {dag.py:2705} INFO - Sync 1 DAGs
[2023-04-26T00:01:16.568+0000] {logging_mixin.py:137} INFO - [2023-04-26T00:01:16.568+0000] {dag.py:3456} INFO - Setting next_dagrun for example_weekday_branch_operator to 2023-04-25T00:00:00+00:00, run_after=2023-04-26T00:00:00+00:00
[2023-04-26T00:01:16.587+0000] {processor.py:175} INFO - Processing /home/airflow/.local/lib/python3.7/site-packages/airflow/example_dags/example_branch_day_of_week_operator.py took 0.105 seconds
[2023-04-26T00:01:47.379+0000] {processor.py:153} INFO - Started process (PID=3782) to work on /home/airflow/.local/lib/python3.7/site-packages/airflow/example_dags/example_branch_day_of_week_operator.py
[2023-04-26T00:01:47.381+0000] {processor.py:743} INFO - Processing file /home/airflow/.local/lib/python3.7/site-packages/airflow/example_dags/example_branch_day_of_week_operator.py for tasks to queue
[2023-04-26T00:01:47.382+0000] {logging_mixin.py:137} INFO - [2023-04-26T00:01:47.382+0000] {dagbag.py:532} INFO - Filling up the DagBag from /home/airflow/.local/lib/python3.7/site-packages/airflow/example_dags/example_branch_day_of_week_operator.py
[2023-04-26T00:01:47.399+0000] {processor.py:753} INFO - DAG(s) dict_keys(['example_weekday_branch_operator']) retrieved from /home/airflow/.local/lib/python3.7/site-packages/airflow/example_dags/example_branch_day_of_week_operator.py
[2023-04-26T00:01:47.429+0000] {logging_mixin.py:137} INFO - [2023-04-26T00:01:47.429+0000] {dag.py:2705} INFO - Sync 1 DAGs
[2023-04-26T00:01:47.464+0000] {logging_mixin.py:137} INFO - [2023-04-26T00:01:47.464+0000] {dag.py:3456} INFO - Setting next_dagrun for example_weekday_branch_operator to 2023-04-25T00:00:00+00:00, run_after=2023-04-26T00:00:00+00:00
[2023-04-26T00:01:47.484+0000] {processor.py:175} INFO - Processing /home/airflow/.local/lib/python3.7/site-packages/airflow/example_dags/example_branch_day_of_week_operator.py took 0.109 seconds
[2023-04-26T00:02:18.322+0000] {processor.py:153} INFO - Started process (PID=3835) to work on /home/airflow/.local/lib/python3.7/site-packages/airflow/example_dags/example_branch_day_of_week_operator.py
[2023-04-26T00:02:18.323+0000] {processor.py:743} INFO - Processing file /home/airflow/.local/lib/python3.7/site-packages/airflow/example_dags/example_branch_day_of_week_operator.py for tasks to queue
[2023-04-26T00:02:18.324+0000] {logging_mixin.py:137} INFO - [2023-04-26T00:02:18.324+0000] {dagbag.py:532} INFO - Filling up the DagBag from /home/airflow/.local/lib/python3.7/site-packages/airflow/example_dags/example_branch_day_of_week_operator.py
[2023-04-26T00:02:18.347+0000] {processor.py:753} INFO - DAG(s) dict_keys(['example_weekday_branch_operator']) retrieved from /home/airflow/.local/lib/python3.7/site-packages/airflow/example_dags/example_branch_day_of_week_operator.py
[2023-04-26T00:02:18.384+0000] {logging_mixin.py:137} INFO - [2023-04-26T00:02:18.384+0000] {dag.py:2705} INFO - Sync 1 DAGs
[2023-04-26T00:02:18.411+0000] {logging_mixin.py:137} INFO - [2023-04-26T00:02:18.411+0000] {dag.py:3456} INFO - Setting next_dagrun for example_weekday_branch_operator to 2023-04-25T00:00:00+00:00, run_after=2023-04-26T00:00:00+00:00
[2023-04-26T00:02:18.433+0000] {processor.py:175} INFO - Processing /home/airflow/.local/lib/python3.7/site-packages/airflow/example_dags/example_branch_day_of_week_operator.py took 0.117 seconds
[2023-04-26T00:02:49.288+0000] {processor.py:153} INFO - Started process (PID=3889) to work on /home/airflow/.local/lib/python3.7/site-packages/airflow/example_dags/example_branch_day_of_week_operator.py
[2023-04-26T00:02:49.290+0000] {processor.py:743} INFO - Processing file /home/airflow/.local/lib/python3.7/site-packages/airflow/example_dags/example_branch_day_of_week_operator.py for tasks to queue
[2023-04-26T00:02:49.291+0000] {logging_mixin.py:137} INFO - [2023-04-26T00:02:49.291+0000] {dagbag.py:532} INFO - Filling up the DagBag from /home/airflow/.local/lib/python3.7/site-packages/airflow/example_dags/example_branch_day_of_week_operator.py
[2023-04-26T00:02:49.312+0000] {processor.py:753} INFO - DAG(s) dict_keys(['example_weekday_branch_operator']) retrieved from /home/airflow/.local/lib/python3.7/site-packages/airflow/example_dags/example_branch_day_of_week_operator.py
[2023-04-26T00:02:49.351+0000] {logging_mixin.py:137} INFO - [2023-04-26T00:02:49.351+0000] {dag.py:2705} INFO - Sync 1 DAGs
[2023-04-26T00:02:49.383+0000] {logging_mixin.py:137} INFO - [2023-04-26T00:02:49.382+0000] {dag.py:3456} INFO - Setting next_dagrun for example_weekday_branch_operator to 2023-04-25T00:00:00+00:00, run_after=2023-04-26T00:00:00+00:00
[2023-04-26T00:02:49.399+0000] {processor.py:175} INFO - Processing /home/airflow/.local/lib/python3.7/site-packages/airflow/example_dags/example_branch_day_of_week_operator.py took 0.117 seconds
[2023-04-26T00:03:19.954+0000] {processor.py:153} INFO - Started process (PID=3941) to work on /home/airflow/.local/lib/python3.7/site-packages/airflow/example_dags/example_branch_day_of_week_operator.py
[2023-04-26T00:03:19.956+0000] {processor.py:743} INFO - Processing file /home/airflow/.local/lib/python3.7/site-packages/airflow/example_dags/example_branch_day_of_week_operator.py for tasks to queue
[2023-04-26T00:03:19.957+0000] {logging_mixin.py:137} INFO - [2023-04-26T00:03:19.957+0000] {dagbag.py:532} INFO - Filling up the DagBag from /home/airflow/.local/lib/python3.7/site-packages/airflow/example_dags/example_branch_day_of_week_operator.py
[2023-04-26T00:03:19.983+0000] {processor.py:753} INFO - DAG(s) dict_keys(['example_weekday_branch_operator']) retrieved from /home/airflow/.local/lib/python3.7/site-packages/airflow/example_dags/example_branch_day_of_week_operator.py
[2023-04-26T00:03:20.033+0000] {logging_mixin.py:137} INFO - [2023-04-26T00:03:20.032+0000] {dag.py:2705} INFO - Sync 1 DAGs
[2023-04-26T00:03:20.060+0000] {logging_mixin.py:137} INFO - [2023-04-26T00:03:20.059+0000] {dag.py:3456} INFO - Setting next_dagrun for example_weekday_branch_operator to 2023-04-25T00:00:00+00:00, run_after=2023-04-26T00:00:00+00:00
[2023-04-26T00:03:20.077+0000] {processor.py:175} INFO - Processing /home/airflow/.local/lib/python3.7/site-packages/airflow/example_dags/example_branch_day_of_week_operator.py took 0.130 seconds
[2023-04-26T00:03:50.664+0000] {processor.py:153} INFO - Started process (PID=3994) to work on /home/airflow/.local/lib/python3.7/site-packages/airflow/example_dags/example_branch_day_of_week_operator.py
[2023-04-26T00:03:50.667+0000] {processor.py:743} INFO - Processing file /home/airflow/.local/lib/python3.7/site-packages/airflow/example_dags/example_branch_day_of_week_operator.py for tasks to queue
[2023-04-26T00:03:50.668+0000] {logging_mixin.py:137} INFO - [2023-04-26T00:03:50.668+0000] {dagbag.py:532} INFO - Filling up the DagBag from /home/airflow/.local/lib/python3.7/site-packages/airflow/example_dags/example_branch_day_of_week_operator.py
[2023-04-26T00:03:50.685+0000] {processor.py:753} INFO - DAG(s) dict_keys(['example_weekday_branch_operator']) retrieved from /home/airflow/.local/lib/python3.7/site-packages/airflow/example_dags/example_branch_day_of_week_operator.py
[2023-04-26T00:03:50.727+0000] {logging_mixin.py:137} INFO - [2023-04-26T00:03:50.726+0000] {dag.py:2705} INFO - Sync 1 DAGs
[2023-04-26T00:03:50.755+0000] {logging_mixin.py:137} INFO - [2023-04-26T00:03:50.755+0000] {dag.py:3456} INFO - Setting next_dagrun for example_weekday_branch_operator to 2023-04-25T00:00:00+00:00, run_after=2023-04-26T00:00:00+00:00
[2023-04-26T00:03:50.792+0000] {processor.py:175} INFO - Processing /home/airflow/.local/lib/python3.7/site-packages/airflow/example_dags/example_branch_day_of_week_operator.py took 0.134 seconds
[2023-04-26T00:04:21.023+0000] {processor.py:153} INFO - Started process (PID=4046) to work on /home/airflow/.local/lib/python3.7/site-packages/airflow/example_dags/example_branch_day_of_week_operator.py
[2023-04-26T00:04:21.025+0000] {processor.py:743} INFO - Processing file /home/airflow/.local/lib/python3.7/site-packages/airflow/example_dags/example_branch_day_of_week_operator.py for tasks to queue
[2023-04-26T00:04:21.027+0000] {logging_mixin.py:137} INFO - [2023-04-26T00:04:21.026+0000] {dagbag.py:532} INFO - Filling up the DagBag from /home/airflow/.local/lib/python3.7/site-packages/airflow/example_dags/example_branch_day_of_week_operator.py
[2023-04-26T00:04:21.048+0000] {processor.py:753} INFO - DAG(s) dict_keys(['example_weekday_branch_operator']) retrieved from /home/airflow/.local/lib/python3.7/site-packages/airflow/example_dags/example_branch_day_of_week_operator.py
[2023-04-26T00:04:21.077+0000] {logging_mixin.py:137} INFO - [2023-04-26T00:04:21.077+0000] {dag.py:2705} INFO - Sync 1 DAGs
[2023-04-26T00:04:21.101+0000] {logging_mixin.py:137} INFO - [2023-04-26T00:04:21.100+0000] {dag.py:3456} INFO - Setting next_dagrun for example_weekday_branch_operator to 2023-04-25T00:00:00+00:00, run_after=2023-04-26T00:00:00+00:00
[2023-04-26T00:04:21.115+0000] {processor.py:175} INFO - Processing /home/airflow/.local/lib/python3.7/site-packages/airflow/example_dags/example_branch_day_of_week_operator.py took 0.098 seconds
[2023-04-26T00:04:51.871+0000] {processor.py:153} INFO - Started process (PID=4099) to work on /home/airflow/.local/lib/python3.7/site-packages/airflow/example_dags/example_branch_day_of_week_operator.py
[2023-04-26T00:04:51.873+0000] {processor.py:743} INFO - Processing file /home/airflow/.local/lib/python3.7/site-packages/airflow/example_dags/example_branch_day_of_week_operator.py for tasks to queue
[2023-04-26T00:04:51.874+0000] {logging_mixin.py:137} INFO - [2023-04-26T00:04:51.874+0000] {dagbag.py:532} INFO - Filling up the DagBag from /home/airflow/.local/lib/python3.7/site-packages/airflow/example_dags/example_branch_day_of_week_operator.py
[2023-04-26T00:04:51.891+0000] {processor.py:753} INFO - DAG(s) dict_keys(['example_weekday_branch_operator']) retrieved from /home/airflow/.local/lib/python3.7/site-packages/airflow/example_dags/example_branch_day_of_week_operator.py
[2023-04-26T00:04:51.920+0000] {logging_mixin.py:137} INFO - [2023-04-26T00:04:51.920+0000] {dag.py:2705} INFO - Sync 1 DAGs
[2023-04-26T00:04:51.949+0000] {logging_mixin.py:137} INFO - [2023-04-26T00:04:51.949+0000] {dag.py:3456} INFO - Setting next_dagrun for example_weekday_branch_operator to 2023-04-25T00:00:00+00:00, run_after=2023-04-26T00:00:00+00:00
[2023-04-26T00:04:51.965+0000] {processor.py:175} INFO - Processing /home/airflow/.local/lib/python3.7/site-packages/airflow/example_dags/example_branch_day_of_week_operator.py took 0.100 seconds
[2023-04-26T00:05:22.186+0000] {processor.py:153} INFO - Started process (PID=4152) to work on /home/airflow/.local/lib/python3.7/site-packages/airflow/example_dags/example_branch_day_of_week_operator.py
[2023-04-26T00:05:22.188+0000] {processor.py:743} INFO - Processing file /home/airflow/.local/lib/python3.7/site-packages/airflow/example_dags/example_branch_day_of_week_operator.py for tasks to queue
[2023-04-26T00:05:22.190+0000] {logging_mixin.py:137} INFO - [2023-04-26T00:05:22.189+0000] {dagbag.py:532} INFO - Filling up the DagBag from /home/airflow/.local/lib/python3.7/site-packages/airflow/example_dags/example_branch_day_of_week_operator.py
[2023-04-26T00:05:22.213+0000] {processor.py:753} INFO - DAG(s) dict_keys(['example_weekday_branch_operator']) retrieved from /home/airflow/.local/lib/python3.7/site-packages/airflow/example_dags/example_branch_day_of_week_operator.py
[2023-04-26T00:05:22.245+0000] {logging_mixin.py:137} INFO - [2023-04-26T00:05:22.245+0000] {dag.py:2705} INFO - Sync 1 DAGs
[2023-04-26T00:05:22.268+0000] {logging_mixin.py:137} INFO - [2023-04-26T00:05:22.268+0000] {dag.py:3456} INFO - Setting next_dagrun for example_weekday_branch_operator to 2023-04-25T00:00:00+00:00, run_after=2023-04-26T00:00:00+00:00
[2023-04-26T00:05:22.282+0000] {processor.py:175} INFO - Processing /home/airflow/.local/lib/python3.7/site-packages/airflow/example_dags/example_branch_day_of_week_operator.py took 0.103 seconds
[2023-04-26T00:05:52.342+0000] {processor.py:153} INFO - Started process (PID=4206) to work on /home/airflow/.local/lib/python3.7/site-packages/airflow/example_dags/example_branch_day_of_week_operator.py
[2023-04-26T00:05:52.343+0000] {processor.py:743} INFO - Processing file /home/airflow/.local/lib/python3.7/site-packages/airflow/example_dags/example_branch_day_of_week_operator.py for tasks to queue
[2023-04-26T00:05:52.344+0000] {logging_mixin.py:137} INFO - [2023-04-26T00:05:52.344+0000] {dagbag.py:532} INFO - Filling up the DagBag from /home/airflow/.local/lib/python3.7/site-packages/airflow/example_dags/example_branch_day_of_week_operator.py
[2023-04-26T00:05:52.359+0000] {processor.py:753} INFO - DAG(s) dict_keys(['example_weekday_branch_operator']) retrieved from /home/airflow/.local/lib/python3.7/site-packages/airflow/example_dags/example_branch_day_of_week_operator.py
[2023-04-26T00:05:52.385+0000] {logging_mixin.py:137} INFO - [2023-04-26T00:05:52.385+0000] {dag.py:2705} INFO - Sync 1 DAGs
[2023-04-26T00:05:52.407+0000] {logging_mixin.py:137} INFO - [2023-04-26T00:05:52.407+0000] {dag.py:3456} INFO - Setting next_dagrun for example_weekday_branch_operator to 2023-04-25T00:00:00+00:00, run_after=2023-04-26T00:00:00+00:00
[2023-04-26T00:05:52.422+0000] {processor.py:175} INFO - Processing /home/airflow/.local/lib/python3.7/site-packages/airflow/example_dags/example_branch_day_of_week_operator.py took 0.083 seconds
