[2023-04-26T00:00:29.587+0000] {processor.py:153} INFO - Started process (PID=3637) to work on /home/airflow/.local/lib/python3.7/site-packages/airflow/example_dags/example_xcomargs.py
[2023-04-26T00:00:29.588+0000] {processor.py:743} INFO - Processing file /home/airflow/.local/lib/python3.7/site-packages/airflow/example_dags/example_xcomargs.py for tasks to queue
[2023-04-26T00:00:29.589+0000] {logging_mixin.py:137} INFO - [2023-04-26T00:00:29.589+0000] {dagbag.py:532} INFO - Filling up the DagBag from /home/airflow/.local/lib/python3.7/site-packages/airflow/example_dags/example_xcomargs.py
[2023-04-26T00:00:29.612+0000] {processor.py:753} INFO - DAG(s) dict_keys(['example_xcom_args', 'example_xcom_args_with_operators']) retrieved from /home/airflow/.local/lib/python3.7/site-packages/airflow/example_dags/example_xcomargs.py
[2023-04-26T00:00:29.640+0000] {logging_mixin.py:137} INFO - [2023-04-26T00:00:29.640+0000] {dag.py:2705} INFO - Sync 2 DAGs
[2023-04-26T00:00:29.665+0000] {logging_mixin.py:137} INFO - [2023-04-26T00:00:29.665+0000] {dag.py:3456} INFO - Setting next_dagrun for example_xcom_args to None, run_after=None
[2023-04-26T00:00:29.668+0000] {logging_mixin.py:137} INFO - [2023-04-26T00:00:29.668+0000] {dag.py:3456} INFO - Setting next_dagrun for example_xcom_args_with_operators to None, run_after=None
[2023-04-26T00:00:29.682+0000] {processor.py:175} INFO - Processing /home/airflow/.local/lib/python3.7/site-packages/airflow/example_dags/example_xcomargs.py took 0.098 seconds
[2023-04-26T00:01:00.370+0000] {processor.py:153} INFO - Started process (PID=3690) to work on /home/airflow/.local/lib/python3.7/site-packages/airflow/example_dags/example_xcomargs.py
[2023-04-26T00:01:00.371+0000] {processor.py:743} INFO - Processing file /home/airflow/.local/lib/python3.7/site-packages/airflow/example_dags/example_xcomargs.py for tasks to queue
[2023-04-26T00:01:00.372+0000] {logging_mixin.py:137} INFO - [2023-04-26T00:01:00.372+0000] {dagbag.py:532} INFO - Filling up the DagBag from /home/airflow/.local/lib/python3.7/site-packages/airflow/example_dags/example_xcomargs.py
[2023-04-26T00:01:00.393+0000] {processor.py:753} INFO - DAG(s) dict_keys(['example_xcom_args_with_operators', 'example_xcom_args']) retrieved from /home/airflow/.local/lib/python3.7/site-packages/airflow/example_dags/example_xcomargs.py
[2023-04-26T00:01:00.421+0000] {logging_mixin.py:137} INFO - [2023-04-26T00:01:00.421+0000] {dag.py:2705} INFO - Sync 2 DAGs
[2023-04-26T00:01:00.443+0000] {logging_mixin.py:137} INFO - [2023-04-26T00:01:00.443+0000] {dag.py:3456} INFO - Setting next_dagrun for example_xcom_args to None, run_after=None
[2023-04-26T00:01:00.447+0000] {logging_mixin.py:137} INFO - [2023-04-26T00:01:00.447+0000] {dag.py:3456} INFO - Setting next_dagrun for example_xcom_args_with_operators to None, run_after=None
[2023-04-26T00:01:00.461+0000] {processor.py:175} INFO - Processing /home/airflow/.local/lib/python3.7/site-packages/airflow/example_dags/example_xcomargs.py took 0.095 seconds
[2023-04-26T00:01:31.183+0000] {processor.py:153} INFO - Started process (PID=3743) to work on /home/airflow/.local/lib/python3.7/site-packages/airflow/example_dags/example_xcomargs.py
[2023-04-26T00:01:31.185+0000] {processor.py:743} INFO - Processing file /home/airflow/.local/lib/python3.7/site-packages/airflow/example_dags/example_xcomargs.py for tasks to queue
[2023-04-26T00:01:31.186+0000] {logging_mixin.py:137} INFO - [2023-04-26T00:01:31.185+0000] {dagbag.py:532} INFO - Filling up the DagBag from /home/airflow/.local/lib/python3.7/site-packages/airflow/example_dags/example_xcomargs.py
[2023-04-26T00:01:31.214+0000] {processor.py:753} INFO - DAG(s) dict_keys(['example_xcom_args_with_operators', 'example_xcom_args']) retrieved from /home/airflow/.local/lib/python3.7/site-packages/airflow/example_dags/example_xcomargs.py
[2023-04-26T00:01:31.245+0000] {logging_mixin.py:137} INFO - [2023-04-26T00:01:31.245+0000] {dag.py:2705} INFO - Sync 2 DAGs
[2023-04-26T00:01:31.269+0000] {logging_mixin.py:137} INFO - [2023-04-26T00:01:31.269+0000] {dag.py:3456} INFO - Setting next_dagrun for example_xcom_args to None, run_after=None
[2023-04-26T00:01:31.273+0000] {logging_mixin.py:137} INFO - [2023-04-26T00:01:31.273+0000] {dag.py:3456} INFO - Setting next_dagrun for example_xcom_args_with_operators to None, run_after=None
[2023-04-26T00:01:31.288+0000] {processor.py:175} INFO - Processing /home/airflow/.local/lib/python3.7/site-packages/airflow/example_dags/example_xcomargs.py took 0.109 seconds
[2023-04-26T00:02:02.045+0000] {processor.py:153} INFO - Started process (PID=3802) to work on /home/airflow/.local/lib/python3.7/site-packages/airflow/example_dags/example_xcomargs.py
[2023-04-26T00:02:02.046+0000] {processor.py:743} INFO - Processing file /home/airflow/.local/lib/python3.7/site-packages/airflow/example_dags/example_xcomargs.py for tasks to queue
[2023-04-26T00:02:02.047+0000] {logging_mixin.py:137} INFO - [2023-04-26T00:02:02.047+0000] {dagbag.py:532} INFO - Filling up the DagBag from /home/airflow/.local/lib/python3.7/site-packages/airflow/example_dags/example_xcomargs.py
[2023-04-26T00:02:02.071+0000] {processor.py:753} INFO - DAG(s) dict_keys(['example_xcom_args', 'example_xcom_args_with_operators']) retrieved from /home/airflow/.local/lib/python3.7/site-packages/airflow/example_dags/example_xcomargs.py
[2023-04-26T00:02:02.104+0000] {logging_mixin.py:137} INFO - [2023-04-26T00:02:02.103+0000] {dag.py:2705} INFO - Sync 2 DAGs
[2023-04-26T00:02:02.126+0000] {logging_mixin.py:137} INFO - [2023-04-26T00:02:02.126+0000] {dag.py:3456} INFO - Setting next_dagrun for example_xcom_args to None, run_after=None
[2023-04-26T00:02:02.129+0000] {logging_mixin.py:137} INFO - [2023-04-26T00:02:02.129+0000] {dag.py:3456} INFO - Setting next_dagrun for example_xcom_args_with_operators to None, run_after=None
[2023-04-26T00:02:02.143+0000] {processor.py:175} INFO - Processing /home/airflow/.local/lib/python3.7/site-packages/airflow/example_dags/example_xcomargs.py took 0.102 seconds
[2023-04-26T00:02:32.781+0000] {processor.py:153} INFO - Started process (PID=3856) to work on /home/airflow/.local/lib/python3.7/site-packages/airflow/example_dags/example_xcomargs.py
[2023-04-26T00:02:32.783+0000] {processor.py:743} INFO - Processing file /home/airflow/.local/lib/python3.7/site-packages/airflow/example_dags/example_xcomargs.py for tasks to queue
[2023-04-26T00:02:32.784+0000] {logging_mixin.py:137} INFO - [2023-04-26T00:02:32.784+0000] {dagbag.py:532} INFO - Filling up the DagBag from /home/airflow/.local/lib/python3.7/site-packages/airflow/example_dags/example_xcomargs.py
[2023-04-26T00:02:32.810+0000] {processor.py:753} INFO - DAG(s) dict_keys(['example_xcom_args', 'example_xcom_args_with_operators']) retrieved from /home/airflow/.local/lib/python3.7/site-packages/airflow/example_dags/example_xcomargs.py
[2023-04-26T00:02:32.841+0000] {logging_mixin.py:137} INFO - [2023-04-26T00:02:32.840+0000] {dag.py:2705} INFO - Sync 2 DAGs
[2023-04-26T00:02:32.863+0000] {logging_mixin.py:137} INFO - [2023-04-26T00:02:32.863+0000] {dag.py:3456} INFO - Setting next_dagrun for example_xcom_args to None, run_after=None
[2023-04-26T00:02:32.866+0000] {logging_mixin.py:137} INFO - [2023-04-26T00:02:32.866+0000] {dag.py:3456} INFO - Setting next_dagrun for example_xcom_args_with_operators to None, run_after=None
[2023-04-26T00:02:32.880+0000] {processor.py:175} INFO - Processing /home/airflow/.local/lib/python3.7/site-packages/airflow/example_dags/example_xcomargs.py took 0.104 seconds
[2023-04-26T00:03:03.770+0000] {processor.py:153} INFO - Started process (PID=3909) to work on /home/airflow/.local/lib/python3.7/site-packages/airflow/example_dags/example_xcomargs.py
[2023-04-26T00:03:03.771+0000] {processor.py:743} INFO - Processing file /home/airflow/.local/lib/python3.7/site-packages/airflow/example_dags/example_xcomargs.py for tasks to queue
[2023-04-26T00:03:03.772+0000] {logging_mixin.py:137} INFO - [2023-04-26T00:03:03.772+0000] {dagbag.py:532} INFO - Filling up the DagBag from /home/airflow/.local/lib/python3.7/site-packages/airflow/example_dags/example_xcomargs.py
[2023-04-26T00:03:03.802+0000] {processor.py:753} INFO - DAG(s) dict_keys(['example_xcom_args', 'example_xcom_args_with_operators']) retrieved from /home/airflow/.local/lib/python3.7/site-packages/airflow/example_dags/example_xcomargs.py
[2023-04-26T00:03:03.833+0000] {logging_mixin.py:137} INFO - [2023-04-26T00:03:03.833+0000] {dag.py:2705} INFO - Sync 2 DAGs
[2023-04-26T00:03:03.856+0000] {logging_mixin.py:137} INFO - [2023-04-26T00:03:03.856+0000] {dag.py:3456} INFO - Setting next_dagrun for example_xcom_args to None, run_after=None
[2023-04-26T00:03:03.859+0000] {logging_mixin.py:137} INFO - [2023-04-26T00:03:03.859+0000] {dag.py:3456} INFO - Setting next_dagrun for example_xcom_args_with_operators to None, run_after=None
[2023-04-26T00:03:03.873+0000] {processor.py:175} INFO - Processing /home/airflow/.local/lib/python3.7/site-packages/airflow/example_dags/example_xcomargs.py took 0.107 seconds
[2023-04-26T00:03:34.548+0000] {processor.py:153} INFO - Started process (PID=3962) to work on /home/airflow/.local/lib/python3.7/site-packages/airflow/example_dags/example_xcomargs.py
[2023-04-26T00:03:34.550+0000] {processor.py:743} INFO - Processing file /home/airflow/.local/lib/python3.7/site-packages/airflow/example_dags/example_xcomargs.py for tasks to queue
[2023-04-26T00:03:34.551+0000] {logging_mixin.py:137} INFO - [2023-04-26T00:03:34.550+0000] {dagbag.py:532} INFO - Filling up the DagBag from /home/airflow/.local/lib/python3.7/site-packages/airflow/example_dags/example_xcomargs.py
[2023-04-26T00:03:34.578+0000] {processor.py:753} INFO - DAG(s) dict_keys(['example_xcom_args_with_operators', 'example_xcom_args']) retrieved from /home/airflow/.local/lib/python3.7/site-packages/airflow/example_dags/example_xcomargs.py
[2023-04-26T00:03:34.610+0000] {logging_mixin.py:137} INFO - [2023-04-26T00:03:34.610+0000] {dag.py:2705} INFO - Sync 2 DAGs
[2023-04-26T00:03:34.633+0000] {logging_mixin.py:137} INFO - [2023-04-26T00:03:34.633+0000] {dag.py:3456} INFO - Setting next_dagrun for example_xcom_args to None, run_after=None
[2023-04-26T00:03:34.636+0000] {logging_mixin.py:137} INFO - [2023-04-26T00:03:34.636+0000] {dag.py:3456} INFO - Setting next_dagrun for example_xcom_args_with_operators to None, run_after=None
[2023-04-26T00:03:34.650+0000] {processor.py:175} INFO - Processing /home/airflow/.local/lib/python3.7/site-packages/airflow/example_dags/example_xcomargs.py took 0.106 seconds
[2023-04-26T00:04:05.640+0000] {processor.py:153} INFO - Started process (PID=4014) to work on /home/airflow/.local/lib/python3.7/site-packages/airflow/example_dags/example_xcomargs.py
[2023-04-26T00:04:05.643+0000] {processor.py:743} INFO - Processing file /home/airflow/.local/lib/python3.7/site-packages/airflow/example_dags/example_xcomargs.py for tasks to queue
[2023-04-26T00:04:05.644+0000] {logging_mixin.py:137} INFO - [2023-04-26T00:04:05.644+0000] {dagbag.py:532} INFO - Filling up the DagBag from /home/airflow/.local/lib/python3.7/site-packages/airflow/example_dags/example_xcomargs.py
[2023-04-26T00:04:05.668+0000] {processor.py:753} INFO - DAG(s) dict_keys(['example_xcom_args_with_operators', 'example_xcom_args']) retrieved from /home/airflow/.local/lib/python3.7/site-packages/airflow/example_dags/example_xcomargs.py
[2023-04-26T00:04:05.699+0000] {logging_mixin.py:137} INFO - [2023-04-26T00:04:05.698+0000] {dag.py:2705} INFO - Sync 2 DAGs
[2023-04-26T00:04:05.721+0000] {logging_mixin.py:137} INFO - [2023-04-26T00:04:05.721+0000] {dag.py:3456} INFO - Setting next_dagrun for example_xcom_args to None, run_after=None
[2023-04-26T00:04:05.724+0000] {logging_mixin.py:137} INFO - [2023-04-26T00:04:05.724+0000] {dag.py:3456} INFO - Setting next_dagrun for example_xcom_args_with_operators to None, run_after=None
[2023-04-26T00:04:05.737+0000] {processor.py:175} INFO - Processing /home/airflow/.local/lib/python3.7/site-packages/airflow/example_dags/example_xcomargs.py took 0.102 seconds
[2023-04-26T00:04:36.666+0000] {processor.py:153} INFO - Started process (PID=4067) to work on /home/airflow/.local/lib/python3.7/site-packages/airflow/example_dags/example_xcomargs.py
[2023-04-26T00:04:36.668+0000] {processor.py:743} INFO - Processing file /home/airflow/.local/lib/python3.7/site-packages/airflow/example_dags/example_xcomargs.py for tasks to queue
[2023-04-26T00:04:36.669+0000] {logging_mixin.py:137} INFO - [2023-04-26T00:04:36.669+0000] {dagbag.py:532} INFO - Filling up the DagBag from /home/airflow/.local/lib/python3.7/site-packages/airflow/example_dags/example_xcomargs.py
[2023-04-26T00:04:36.696+0000] {processor.py:753} INFO - DAG(s) dict_keys(['example_xcom_args', 'example_xcom_args_with_operators']) retrieved from /home/airflow/.local/lib/python3.7/site-packages/airflow/example_dags/example_xcomargs.py
[2023-04-26T00:04:36.728+0000] {logging_mixin.py:137} INFO - [2023-04-26T00:04:36.728+0000] {dag.py:2705} INFO - Sync 2 DAGs
[2023-04-26T00:04:36.750+0000] {logging_mixin.py:137} INFO - [2023-04-26T00:04:36.750+0000] {dag.py:3456} INFO - Setting next_dagrun for example_xcom_args to None, run_after=None
[2023-04-26T00:04:36.754+0000] {logging_mixin.py:137} INFO - [2023-04-26T00:04:36.754+0000] {dag.py:3456} INFO - Setting next_dagrun for example_xcom_args_with_operators to None, run_after=None
[2023-04-26T00:04:36.769+0000] {processor.py:175} INFO - Processing /home/airflow/.local/lib/python3.7/site-packages/airflow/example_dags/example_xcomargs.py took 0.107 seconds
[2023-04-26T00:05:07.492+0000] {processor.py:153} INFO - Started process (PID=4120) to work on /home/airflow/.local/lib/python3.7/site-packages/airflow/example_dags/example_xcomargs.py
[2023-04-26T00:05:07.494+0000] {processor.py:743} INFO - Processing file /home/airflow/.local/lib/python3.7/site-packages/airflow/example_dags/example_xcomargs.py for tasks to queue
[2023-04-26T00:05:07.495+0000] {logging_mixin.py:137} INFO - [2023-04-26T00:05:07.495+0000] {dagbag.py:532} INFO - Filling up the DagBag from /home/airflow/.local/lib/python3.7/site-packages/airflow/example_dags/example_xcomargs.py
[2023-04-26T00:05:07.521+0000] {processor.py:753} INFO - DAG(s) dict_keys(['example_xcom_args', 'example_xcom_args_with_operators']) retrieved from /home/airflow/.local/lib/python3.7/site-packages/airflow/example_dags/example_xcomargs.py
[2023-04-26T00:05:07.557+0000] {logging_mixin.py:137} INFO - [2023-04-26T00:05:07.557+0000] {dag.py:2705} INFO - Sync 2 DAGs
[2023-04-26T00:05:07.582+0000] {logging_mixin.py:137} INFO - [2023-04-26T00:05:07.582+0000] {dag.py:3456} INFO - Setting next_dagrun for example_xcom_args to None, run_after=None
[2023-04-26T00:05:07.585+0000] {logging_mixin.py:137} INFO - [2023-04-26T00:05:07.585+0000] {dag.py:3456} INFO - Setting next_dagrun for example_xcom_args_with_operators to None, run_after=None
[2023-04-26T00:05:07.602+0000] {processor.py:175} INFO - Processing /home/airflow/.local/lib/python3.7/site-packages/airflow/example_dags/example_xcomargs.py took 0.114 seconds
[2023-04-26T00:05:37.797+0000] {processor.py:153} INFO - Started process (PID=4173) to work on /home/airflow/.local/lib/python3.7/site-packages/airflow/example_dags/example_xcomargs.py
[2023-04-26T00:05:37.799+0000] {processor.py:743} INFO - Processing file /home/airflow/.local/lib/python3.7/site-packages/airflow/example_dags/example_xcomargs.py for tasks to queue
[2023-04-26T00:05:37.800+0000] {logging_mixin.py:137} INFO - [2023-04-26T00:05:37.799+0000] {dagbag.py:532} INFO - Filling up the DagBag from /home/airflow/.local/lib/python3.7/site-packages/airflow/example_dags/example_xcomargs.py
[2023-04-26T00:05:37.822+0000] {processor.py:753} INFO - DAG(s) dict_keys(['example_xcom_args_with_operators', 'example_xcom_args']) retrieved from /home/airflow/.local/lib/python3.7/site-packages/airflow/example_dags/example_xcomargs.py
[2023-04-26T00:05:37.852+0000] {logging_mixin.py:137} INFO - [2023-04-26T00:05:37.852+0000] {dag.py:2705} INFO - Sync 2 DAGs
[2023-04-26T00:05:37.875+0000] {logging_mixin.py:137} INFO - [2023-04-26T00:05:37.874+0000] {dag.py:3456} INFO - Setting next_dagrun for example_xcom_args to None, run_after=None
[2023-04-26T00:05:37.878+0000] {logging_mixin.py:137} INFO - [2023-04-26T00:05:37.878+0000] {dag.py:3456} INFO - Setting next_dagrun for example_xcom_args_with_operators to None, run_after=None
[2023-04-26T00:05:37.892+0000] {processor.py:175} INFO - Processing /home/airflow/.local/lib/python3.7/site-packages/airflow/example_dags/example_xcomargs.py took 0.098 seconds
[2023-04-26T00:06:08.114+0000] {processor.py:153} INFO - Started process (PID=4228) to work on /home/airflow/.local/lib/python3.7/site-packages/airflow/example_dags/example_xcomargs.py
[2023-04-26T00:06:08.116+0000] {processor.py:743} INFO - Processing file /home/airflow/.local/lib/python3.7/site-packages/airflow/example_dags/example_xcomargs.py for tasks to queue
[2023-04-26T00:06:08.117+0000] {logging_mixin.py:137} INFO - [2023-04-26T00:06:08.117+0000] {dagbag.py:532} INFO - Filling up the DagBag from /home/airflow/.local/lib/python3.7/site-packages/airflow/example_dags/example_xcomargs.py
[2023-04-26T00:06:08.138+0000] {processor.py:753} INFO - DAG(s) dict_keys(['example_xcom_args_with_operators', 'example_xcom_args']) retrieved from /home/airflow/.local/lib/python3.7/site-packages/airflow/example_dags/example_xcomargs.py
[2023-04-26T00:06:08.166+0000] {logging_mixin.py:137} INFO - [2023-04-26T00:06:08.166+0000] {dag.py:2705} INFO - Sync 2 DAGs
[2023-04-26T00:06:08.189+0000] {logging_mixin.py:137} INFO - [2023-04-26T00:06:08.189+0000] {dag.py:3456} INFO - Setting next_dagrun for example_xcom_args to None, run_after=None
[2023-04-26T00:06:08.193+0000] {logging_mixin.py:137} INFO - [2023-04-26T00:06:08.192+0000] {dag.py:3456} INFO - Setting next_dagrun for example_xcom_args_with_operators to None, run_after=None
[2023-04-26T00:06:08.207+0000] {processor.py:175} INFO - Processing /home/airflow/.local/lib/python3.7/site-packages/airflow/example_dags/example_xcomargs.py took 0.096 seconds
