[2023-04-26T00:00:13.891+0000] {processor.py:153} INFO - Started process (PID=3621) to work on /home/airflow/.local/lib/python3.7/site-packages/airflow/example_dags/example_trigger_target_dag.py
[2023-04-26T00:00:13.893+0000] {processor.py:743} INFO - Processing file /home/airflow/.local/lib/python3.7/site-packages/airflow/example_dags/example_trigger_target_dag.py for tasks to queue
[2023-04-26T00:00:13.894+0000] {logging_mixin.py:137} INFO - [2023-04-26T00:00:13.894+0000] {dagbag.py:532} INFO - Filling up the DagBag from /home/airflow/.local/lib/python3.7/site-packages/airflow/example_dags/example_trigger_target_dag.py
[2023-04-26T00:00:13.914+0000] {processor.py:753} INFO - DAG(s) dict_keys(['example_trigger_target_dag']) retrieved from /home/airflow/.local/lib/python3.7/site-packages/airflow/example_dags/example_trigger_target_dag.py
[2023-04-26T00:00:13.951+0000] {logging_mixin.py:137} INFO - [2023-04-26T00:00:13.951+0000] {dag.py:2705} INFO - Sync 1 DAGs
[2023-04-26T00:00:13.976+0000] {logging_mixin.py:137} INFO - [2023-04-26T00:00:13.976+0000] {dag.py:3456} INFO - Setting next_dagrun for example_trigger_target_dag to None, run_after=None
[2023-04-26T00:00:13.991+0000] {processor.py:175} INFO - Processing /home/airflow/.local/lib/python3.7/site-packages/airflow/example_dags/example_trigger_target_dag.py took 0.104 seconds
[2023-04-26T00:00:44.774+0000] {processor.py:153} INFO - Started process (PID=3673) to work on /home/airflow/.local/lib/python3.7/site-packages/airflow/example_dags/example_trigger_target_dag.py
[2023-04-26T00:00:44.776+0000] {processor.py:743} INFO - Processing file /home/airflow/.local/lib/python3.7/site-packages/airflow/example_dags/example_trigger_target_dag.py for tasks to queue
[2023-04-26T00:00:44.777+0000] {logging_mixin.py:137} INFO - [2023-04-26T00:00:44.777+0000] {dagbag.py:532} INFO - Filling up the DagBag from /home/airflow/.local/lib/python3.7/site-packages/airflow/example_dags/example_trigger_target_dag.py
[2023-04-26T00:00:44.806+0000] {processor.py:753} INFO - DAG(s) dict_keys(['example_trigger_target_dag']) retrieved from /home/airflow/.local/lib/python3.7/site-packages/airflow/example_dags/example_trigger_target_dag.py
[2023-04-26T00:00:44.842+0000] {logging_mixin.py:137} INFO - [2023-04-26T00:00:44.842+0000] {dag.py:2705} INFO - Sync 1 DAGs
[2023-04-26T00:00:44.867+0000] {logging_mixin.py:137} INFO - [2023-04-26T00:00:44.866+0000] {dag.py:3456} INFO - Setting next_dagrun for example_trigger_target_dag to None, run_after=None
[2023-04-26T00:00:44.890+0000] {processor.py:175} INFO - Processing /home/airflow/.local/lib/python3.7/site-packages/airflow/example_dags/example_trigger_target_dag.py took 0.121 seconds
[2023-04-26T00:01:15.453+0000] {processor.py:153} INFO - Started process (PID=3725) to work on /home/airflow/.local/lib/python3.7/site-packages/airflow/example_dags/example_trigger_target_dag.py
[2023-04-26T00:01:15.455+0000] {processor.py:743} INFO - Processing file /home/airflow/.local/lib/python3.7/site-packages/airflow/example_dags/example_trigger_target_dag.py for tasks to queue
[2023-04-26T00:01:15.456+0000] {logging_mixin.py:137} INFO - [2023-04-26T00:01:15.456+0000] {dagbag.py:532} INFO - Filling up the DagBag from /home/airflow/.local/lib/python3.7/site-packages/airflow/example_dags/example_trigger_target_dag.py
[2023-04-26T00:01:15.488+0000] {processor.py:753} INFO - DAG(s) dict_keys(['example_trigger_target_dag']) retrieved from /home/airflow/.local/lib/python3.7/site-packages/airflow/example_dags/example_trigger_target_dag.py
[2023-04-26T00:01:15.521+0000] {logging_mixin.py:137} INFO - [2023-04-26T00:01:15.521+0000] {dag.py:2705} INFO - Sync 1 DAGs
[2023-04-26T00:01:15.549+0000] {logging_mixin.py:137} INFO - [2023-04-26T00:01:15.549+0000] {dag.py:3456} INFO - Setting next_dagrun for example_trigger_target_dag to None, run_after=None
[2023-04-26T00:01:15.565+0000] {processor.py:175} INFO - Processing /home/airflow/.local/lib/python3.7/site-packages/airflow/example_dags/example_trigger_target_dag.py took 0.119 seconds
[2023-04-26T00:01:46.122+0000] {processor.py:153} INFO - Started process (PID=3777) to work on /home/airflow/.local/lib/python3.7/site-packages/airflow/example_dags/example_trigger_target_dag.py
[2023-04-26T00:01:46.124+0000] {processor.py:743} INFO - Processing file /home/airflow/.local/lib/python3.7/site-packages/airflow/example_dags/example_trigger_target_dag.py for tasks to queue
[2023-04-26T00:01:46.125+0000] {logging_mixin.py:137} INFO - [2023-04-26T00:01:46.125+0000] {dagbag.py:532} INFO - Filling up the DagBag from /home/airflow/.local/lib/python3.7/site-packages/airflow/example_dags/example_trigger_target_dag.py
[2023-04-26T00:01:46.149+0000] {processor.py:753} INFO - DAG(s) dict_keys(['example_trigger_target_dag']) retrieved from /home/airflow/.local/lib/python3.7/site-packages/airflow/example_dags/example_trigger_target_dag.py
[2023-04-26T00:01:46.177+0000] {logging_mixin.py:137} INFO - [2023-04-26T00:01:46.177+0000] {dag.py:2705} INFO - Sync 1 DAGs
[2023-04-26T00:01:46.199+0000] {logging_mixin.py:137} INFO - [2023-04-26T00:01:46.199+0000] {dag.py:3456} INFO - Setting next_dagrun for example_trigger_target_dag to None, run_after=None
[2023-04-26T00:01:46.214+0000] {processor.py:175} INFO - Processing /home/airflow/.local/lib/python3.7/site-packages/airflow/example_dags/example_trigger_target_dag.py took 0.097 seconds
[2023-04-26T00:02:17.014+0000] {processor.py:153} INFO - Started process (PID=3830) to work on /home/airflow/.local/lib/python3.7/site-packages/airflow/example_dags/example_trigger_target_dag.py
[2023-04-26T00:02:17.016+0000] {processor.py:743} INFO - Processing file /home/airflow/.local/lib/python3.7/site-packages/airflow/example_dags/example_trigger_target_dag.py for tasks to queue
[2023-04-26T00:02:17.017+0000] {logging_mixin.py:137} INFO - [2023-04-26T00:02:17.017+0000] {dagbag.py:532} INFO - Filling up the DagBag from /home/airflow/.local/lib/python3.7/site-packages/airflow/example_dags/example_trigger_target_dag.py
[2023-04-26T00:02:17.043+0000] {processor.py:753} INFO - DAG(s) dict_keys(['example_trigger_target_dag']) retrieved from /home/airflow/.local/lib/python3.7/site-packages/airflow/example_dags/example_trigger_target_dag.py
[2023-04-26T00:02:17.075+0000] {logging_mixin.py:137} INFO - [2023-04-26T00:02:17.075+0000] {dag.py:2705} INFO - Sync 1 DAGs
[2023-04-26T00:02:17.098+0000] {logging_mixin.py:137} INFO - [2023-04-26T00:02:17.098+0000] {dag.py:3456} INFO - Setting next_dagrun for example_trigger_target_dag to None, run_after=None
[2023-04-26T00:02:17.113+0000] {processor.py:175} INFO - Processing /home/airflow/.local/lib/python3.7/site-packages/airflow/example_dags/example_trigger_target_dag.py took 0.104 seconds
[2023-04-26T00:02:47.949+0000] {processor.py:153} INFO - Started process (PID=3884) to work on /home/airflow/.local/lib/python3.7/site-packages/airflow/example_dags/example_trigger_target_dag.py
[2023-04-26T00:02:47.952+0000] {processor.py:743} INFO - Processing file /home/airflow/.local/lib/python3.7/site-packages/airflow/example_dags/example_trigger_target_dag.py for tasks to queue
[2023-04-26T00:02:47.953+0000] {logging_mixin.py:137} INFO - [2023-04-26T00:02:47.953+0000] {dagbag.py:532} INFO - Filling up the DagBag from /home/airflow/.local/lib/python3.7/site-packages/airflow/example_dags/example_trigger_target_dag.py
[2023-04-26T00:02:47.991+0000] {processor.py:753} INFO - DAG(s) dict_keys(['example_trigger_target_dag']) retrieved from /home/airflow/.local/lib/python3.7/site-packages/airflow/example_dags/example_trigger_target_dag.py
[2023-04-26T00:02:48.033+0000] {logging_mixin.py:137} INFO - [2023-04-26T00:02:48.033+0000] {dag.py:2705} INFO - Sync 1 DAGs
[2023-04-26T00:02:48.060+0000] {logging_mixin.py:137} INFO - [2023-04-26T00:02:48.060+0000] {dag.py:3456} INFO - Setting next_dagrun for example_trigger_target_dag to None, run_after=None
[2023-04-26T00:02:48.079+0000] {processor.py:175} INFO - Processing /home/airflow/.local/lib/python3.7/site-packages/airflow/example_dags/example_trigger_target_dag.py took 0.136 seconds
[2023-04-26T00:03:18.667+0000] {processor.py:153} INFO - Started process (PID=3937) to work on /home/airflow/.local/lib/python3.7/site-packages/airflow/example_dags/example_trigger_target_dag.py
[2023-04-26T00:03:18.669+0000] {processor.py:743} INFO - Processing file /home/airflow/.local/lib/python3.7/site-packages/airflow/example_dags/example_trigger_target_dag.py for tasks to queue
[2023-04-26T00:03:18.670+0000] {logging_mixin.py:137} INFO - [2023-04-26T00:03:18.670+0000] {dagbag.py:532} INFO - Filling up the DagBag from /home/airflow/.local/lib/python3.7/site-packages/airflow/example_dags/example_trigger_target_dag.py
[2023-04-26T00:03:18.702+0000] {processor.py:753} INFO - DAG(s) dict_keys(['example_trigger_target_dag']) retrieved from /home/airflow/.local/lib/python3.7/site-packages/airflow/example_dags/example_trigger_target_dag.py
[2023-04-26T00:03:18.732+0000] {logging_mixin.py:137} INFO - [2023-04-26T00:03:18.732+0000] {dag.py:2705} INFO - Sync 1 DAGs
[2023-04-26T00:03:18.760+0000] {logging_mixin.py:137} INFO - [2023-04-26T00:03:18.760+0000] {dag.py:3456} INFO - Setting next_dagrun for example_trigger_target_dag to None, run_after=None
[2023-04-26T00:03:18.784+0000] {processor.py:175} INFO - Processing /home/airflow/.local/lib/python3.7/site-packages/airflow/example_dags/example_trigger_target_dag.py took 0.124 seconds
[2023-04-26T00:03:49.392+0000] {processor.py:153} INFO - Started process (PID=3990) to work on /home/airflow/.local/lib/python3.7/site-packages/airflow/example_dags/example_trigger_target_dag.py
[2023-04-26T00:03:49.394+0000] {processor.py:743} INFO - Processing file /home/airflow/.local/lib/python3.7/site-packages/airflow/example_dags/example_trigger_target_dag.py for tasks to queue
[2023-04-26T00:03:49.396+0000] {logging_mixin.py:137} INFO - [2023-04-26T00:03:49.395+0000] {dagbag.py:532} INFO - Filling up the DagBag from /home/airflow/.local/lib/python3.7/site-packages/airflow/example_dags/example_trigger_target_dag.py
[2023-04-26T00:03:49.420+0000] {processor.py:753} INFO - DAG(s) dict_keys(['example_trigger_target_dag']) retrieved from /home/airflow/.local/lib/python3.7/site-packages/airflow/example_dags/example_trigger_target_dag.py
[2023-04-26T00:03:49.450+0000] {logging_mixin.py:137} INFO - [2023-04-26T00:03:49.450+0000] {dag.py:2705} INFO - Sync 1 DAGs
[2023-04-26T00:03:49.473+0000] {logging_mixin.py:137} INFO - [2023-04-26T00:03:49.473+0000] {dag.py:3456} INFO - Setting next_dagrun for example_trigger_target_dag to None, run_after=None
[2023-04-26T00:03:49.489+0000] {processor.py:175} INFO - Processing /home/airflow/.local/lib/python3.7/site-packages/airflow/example_dags/example_trigger_target_dag.py took 0.103 seconds
[2023-04-26T00:04:19.755+0000] {processor.py:153} INFO - Started process (PID=4042) to work on /home/airflow/.local/lib/python3.7/site-packages/airflow/example_dags/example_trigger_target_dag.py
[2023-04-26T00:04:19.757+0000] {processor.py:743} INFO - Processing file /home/airflow/.local/lib/python3.7/site-packages/airflow/example_dags/example_trigger_target_dag.py for tasks to queue
[2023-04-26T00:04:19.758+0000] {logging_mixin.py:137} INFO - [2023-04-26T00:04:19.758+0000] {dagbag.py:532} INFO - Filling up the DagBag from /home/airflow/.local/lib/python3.7/site-packages/airflow/example_dags/example_trigger_target_dag.py
[2023-04-26T00:04:19.779+0000] {processor.py:753} INFO - DAG(s) dict_keys(['example_trigger_target_dag']) retrieved from /home/airflow/.local/lib/python3.7/site-packages/airflow/example_dags/example_trigger_target_dag.py
[2023-04-26T00:04:19.804+0000] {logging_mixin.py:137} INFO - [2023-04-26T00:04:19.803+0000] {dag.py:2705} INFO - Sync 1 DAGs
[2023-04-26T00:04:19.826+0000] {logging_mixin.py:137} INFO - [2023-04-26T00:04:19.826+0000] {dag.py:3456} INFO - Setting next_dagrun for example_trigger_target_dag to None, run_after=None
[2023-04-26T00:04:19.841+0000] {processor.py:175} INFO - Processing /home/airflow/.local/lib/python3.7/site-packages/airflow/example_dags/example_trigger_target_dag.py took 0.093 seconds
[2023-04-26T00:04:50.589+0000] {processor.py:153} INFO - Started process (PID=4095) to work on /home/airflow/.local/lib/python3.7/site-packages/airflow/example_dags/example_trigger_target_dag.py
[2023-04-26T00:04:50.592+0000] {processor.py:743} INFO - Processing file /home/airflow/.local/lib/python3.7/site-packages/airflow/example_dags/example_trigger_target_dag.py for tasks to queue
[2023-04-26T00:04:50.593+0000] {logging_mixin.py:137} INFO - [2023-04-26T00:04:50.593+0000] {dagbag.py:532} INFO - Filling up the DagBag from /home/airflow/.local/lib/python3.7/site-packages/airflow/example_dags/example_trigger_target_dag.py
[2023-04-26T00:04:50.621+0000] {processor.py:753} INFO - DAG(s) dict_keys(['example_trigger_target_dag']) retrieved from /home/airflow/.local/lib/python3.7/site-packages/airflow/example_dags/example_trigger_target_dag.py
[2023-04-26T00:04:50.652+0000] {logging_mixin.py:137} INFO - [2023-04-26T00:04:50.652+0000] {dag.py:2705} INFO - Sync 1 DAGs
[2023-04-26T00:04:50.676+0000] {logging_mixin.py:137} INFO - [2023-04-26T00:04:50.676+0000] {dag.py:3456} INFO - Setting next_dagrun for example_trigger_target_dag to None, run_after=None
[2023-04-26T00:04:50.691+0000] {processor.py:175} INFO - Processing /home/airflow/.local/lib/python3.7/site-packages/airflow/example_dags/example_trigger_target_dag.py took 0.108 seconds
[2023-04-26T00:05:20.870+0000] {processor.py:153} INFO - Started process (PID=4148) to work on /home/airflow/.local/lib/python3.7/site-packages/airflow/example_dags/example_trigger_target_dag.py
[2023-04-26T00:05:20.873+0000] {processor.py:743} INFO - Processing file /home/airflow/.local/lib/python3.7/site-packages/airflow/example_dags/example_trigger_target_dag.py for tasks to queue
[2023-04-26T00:05:20.874+0000] {logging_mixin.py:137} INFO - [2023-04-26T00:05:20.874+0000] {dagbag.py:532} INFO - Filling up the DagBag from /home/airflow/.local/lib/python3.7/site-packages/airflow/example_dags/example_trigger_target_dag.py
[2023-04-26T00:05:20.905+0000] {processor.py:753} INFO - DAG(s) dict_keys(['example_trigger_target_dag']) retrieved from /home/airflow/.local/lib/python3.7/site-packages/airflow/example_dags/example_trigger_target_dag.py
[2023-04-26T00:05:20.940+0000] {logging_mixin.py:137} INFO - [2023-04-26T00:05:20.939+0000] {dag.py:2705} INFO - Sync 1 DAGs
[2023-04-26T00:05:20.968+0000] {logging_mixin.py:137} INFO - [2023-04-26T00:05:20.968+0000] {dag.py:3456} INFO - Setting next_dagrun for example_trigger_target_dag to None, run_after=None
[2023-04-26T00:05:20.985+0000] {processor.py:175} INFO - Processing /home/airflow/.local/lib/python3.7/site-packages/airflow/example_dags/example_trigger_target_dag.py took 0.121 seconds
[2023-04-26T00:05:51.110+0000] {processor.py:153} INFO - Started process (PID=4201) to work on /home/airflow/.local/lib/python3.7/site-packages/airflow/example_dags/example_trigger_target_dag.py
[2023-04-26T00:05:51.112+0000] {processor.py:743} INFO - Processing file /home/airflow/.local/lib/python3.7/site-packages/airflow/example_dags/example_trigger_target_dag.py for tasks to queue
[2023-04-26T00:05:51.113+0000] {logging_mixin.py:137} INFO - [2023-04-26T00:05:51.113+0000] {dagbag.py:532} INFO - Filling up the DagBag from /home/airflow/.local/lib/python3.7/site-packages/airflow/example_dags/example_trigger_target_dag.py
[2023-04-26T00:05:51.134+0000] {processor.py:753} INFO - DAG(s) dict_keys(['example_trigger_target_dag']) retrieved from /home/airflow/.local/lib/python3.7/site-packages/airflow/example_dags/example_trigger_target_dag.py
[2023-04-26T00:05:51.160+0000] {logging_mixin.py:137} INFO - [2023-04-26T00:05:51.160+0000] {dag.py:2705} INFO - Sync 1 DAGs
[2023-04-26T00:05:51.182+0000] {logging_mixin.py:137} INFO - [2023-04-26T00:05:51.182+0000] {dag.py:3456} INFO - Setting next_dagrun for example_trigger_target_dag to None, run_after=None
[2023-04-26T00:05:51.196+0000] {processor.py:175} INFO - Processing /home/airflow/.local/lib/python3.7/site-packages/airflow/example_dags/example_trigger_target_dag.py took 0.090 seconds
