[2023-04-26T00:00:13.256+0000] {processor.py:153} INFO - Started process (PID=3619) to work on /home/airflow/.local/lib/python3.7/site-packages/airflow/example_dags/example_time_delta_sensor_async.py
[2023-04-26T00:00:13.258+0000] {processor.py:743} INFO - Processing file /home/airflow/.local/lib/python3.7/site-packages/airflow/example_dags/example_time_delta_sensor_async.py for tasks to queue
[2023-04-26T00:00:13.259+0000] {logging_mixin.py:137} INFO - [2023-04-26T00:00:13.259+0000] {dagbag.py:532} INFO - Filling up the DagBag from /home/airflow/.local/lib/python3.7/site-packages/airflow/example_dags/example_time_delta_sensor_async.py
[2023-04-26T00:00:13.277+0000] {processor.py:753} INFO - DAG(s) dict_keys(['example_time_delta_sensor_async']) retrieved from /home/airflow/.local/lib/python3.7/site-packages/airflow/example_dags/example_time_delta_sensor_async.py
[2023-04-26T00:00:13.312+0000] {logging_mixin.py:137} INFO - [2023-04-26T00:00:13.312+0000] {dag.py:2705} INFO - Sync 1 DAGs
[2023-04-26T00:00:13.341+0000] {logging_mixin.py:137} INFO - [2023-04-26T00:00:13.341+0000] {dag.py:3456} INFO - Setting next_dagrun for example_time_delta_sensor_async to None, run_after=None
[2023-04-26T00:00:13.363+0000] {processor.py:175} INFO - Processing /home/airflow/.local/lib/python3.7/site-packages/airflow/example_dags/example_time_delta_sensor_async.py took 0.113 seconds
[2023-04-26T00:00:43.592+0000] {processor.py:153} INFO - Started process (PID=3670) to work on /home/airflow/.local/lib/python3.7/site-packages/airflow/example_dags/example_time_delta_sensor_async.py
[2023-04-26T00:00:43.593+0000] {processor.py:743} INFO - Processing file /home/airflow/.local/lib/python3.7/site-packages/airflow/example_dags/example_time_delta_sensor_async.py for tasks to queue
[2023-04-26T00:00:43.594+0000] {logging_mixin.py:137} INFO - [2023-04-26T00:00:43.594+0000] {dagbag.py:532} INFO - Filling up the DagBag from /home/airflow/.local/lib/python3.7/site-packages/airflow/example_dags/example_time_delta_sensor_async.py
[2023-04-26T00:00:43.608+0000] {processor.py:753} INFO - DAG(s) dict_keys(['example_time_delta_sensor_async']) retrieved from /home/airflow/.local/lib/python3.7/site-packages/airflow/example_dags/example_time_delta_sensor_async.py
[2023-04-26T00:00:43.637+0000] {logging_mixin.py:137} INFO - [2023-04-26T00:00:43.637+0000] {dag.py:2705} INFO - Sync 1 DAGs
[2023-04-26T00:00:43.659+0000] {logging_mixin.py:137} INFO - [2023-04-26T00:00:43.659+0000] {dag.py:3456} INFO - Setting next_dagrun for example_time_delta_sensor_async to None, run_after=None
[2023-04-26T00:00:43.674+0000] {processor.py:175} INFO - Processing /home/airflow/.local/lib/python3.7/site-packages/airflow/example_dags/example_time_delta_sensor_async.py took 0.085 seconds
[2023-04-26T00:01:14.287+0000] {processor.py:153} INFO - Started process (PID=3723) to work on /home/airflow/.local/lib/python3.7/site-packages/airflow/example_dags/example_time_delta_sensor_async.py
[2023-04-26T00:01:14.288+0000] {processor.py:743} INFO - Processing file /home/airflow/.local/lib/python3.7/site-packages/airflow/example_dags/example_time_delta_sensor_async.py for tasks to queue
[2023-04-26T00:01:14.289+0000] {logging_mixin.py:137} INFO - [2023-04-26T00:01:14.289+0000] {dagbag.py:532} INFO - Filling up the DagBag from /home/airflow/.local/lib/python3.7/site-packages/airflow/example_dags/example_time_delta_sensor_async.py
[2023-04-26T00:01:14.303+0000] {processor.py:753} INFO - DAG(s) dict_keys(['example_time_delta_sensor_async']) retrieved from /home/airflow/.local/lib/python3.7/site-packages/airflow/example_dags/example_time_delta_sensor_async.py
[2023-04-26T00:01:14.337+0000] {logging_mixin.py:137} INFO - [2023-04-26T00:01:14.336+0000] {dag.py:2705} INFO - Sync 1 DAGs
[2023-04-26T00:01:14.361+0000] {logging_mixin.py:137} INFO - [2023-04-26T00:01:14.361+0000] {dag.py:3456} INFO - Setting next_dagrun for example_time_delta_sensor_async to None, run_after=None
[2023-04-26T00:01:14.378+0000] {processor.py:175} INFO - Processing /home/airflow/.local/lib/python3.7/site-packages/airflow/example_dags/example_time_delta_sensor_async.py took 0.095 seconds
[2023-04-26T00:01:44.935+0000] {processor.py:153} INFO - Started process (PID=3775) to work on /home/airflow/.local/lib/python3.7/site-packages/airflow/example_dags/example_time_delta_sensor_async.py
[2023-04-26T00:01:44.937+0000] {processor.py:743} INFO - Processing file /home/airflow/.local/lib/python3.7/site-packages/airflow/example_dags/example_time_delta_sensor_async.py for tasks to queue
[2023-04-26T00:01:44.938+0000] {logging_mixin.py:137} INFO - [2023-04-26T00:01:44.938+0000] {dagbag.py:532} INFO - Filling up the DagBag from /home/airflow/.local/lib/python3.7/site-packages/airflow/example_dags/example_time_delta_sensor_async.py
[2023-04-26T00:01:44.972+0000] {processor.py:753} INFO - DAG(s) dict_keys(['example_time_delta_sensor_async']) retrieved from /home/airflow/.local/lib/python3.7/site-packages/airflow/example_dags/example_time_delta_sensor_async.py
[2023-04-26T00:01:45.011+0000] {logging_mixin.py:137} INFO - [2023-04-26T00:01:45.011+0000] {dag.py:2705} INFO - Sync 1 DAGs
[2023-04-26T00:01:45.040+0000] {logging_mixin.py:137} INFO - [2023-04-26T00:01:45.039+0000] {dag.py:3456} INFO - Setting next_dagrun for example_time_delta_sensor_async to None, run_after=None
[2023-04-26T00:01:45.055+0000] {processor.py:175} INFO - Processing /home/airflow/.local/lib/python3.7/site-packages/airflow/example_dags/example_time_delta_sensor_async.py took 0.125 seconds
[2023-04-26T00:02:15.788+0000] {processor.py:153} INFO - Started process (PID=3828) to work on /home/airflow/.local/lib/python3.7/site-packages/airflow/example_dags/example_time_delta_sensor_async.py
[2023-04-26T00:02:15.790+0000] {processor.py:743} INFO - Processing file /home/airflow/.local/lib/python3.7/site-packages/airflow/example_dags/example_time_delta_sensor_async.py for tasks to queue
[2023-04-26T00:02:15.791+0000] {logging_mixin.py:137} INFO - [2023-04-26T00:02:15.791+0000] {dagbag.py:532} INFO - Filling up the DagBag from /home/airflow/.local/lib/python3.7/site-packages/airflow/example_dags/example_time_delta_sensor_async.py
[2023-04-26T00:02:15.825+0000] {processor.py:753} INFO - DAG(s) dict_keys(['example_time_delta_sensor_async']) retrieved from /home/airflow/.local/lib/python3.7/site-packages/airflow/example_dags/example_time_delta_sensor_async.py
[2023-04-26T00:02:15.869+0000] {logging_mixin.py:137} INFO - [2023-04-26T00:02:15.869+0000] {dag.py:2705} INFO - Sync 1 DAGs
[2023-04-26T00:02:15.907+0000] {logging_mixin.py:137} INFO - [2023-04-26T00:02:15.907+0000] {dag.py:3456} INFO - Setting next_dagrun for example_time_delta_sensor_async to None, run_after=None
[2023-04-26T00:02:15.926+0000] {processor.py:175} INFO - Processing /home/airflow/.local/lib/python3.7/site-packages/airflow/example_dags/example_time_delta_sensor_async.py took 0.143 seconds
[2023-04-26T00:02:46.790+0000] {processor.py:153} INFO - Started process (PID=3882) to work on /home/airflow/.local/lib/python3.7/site-packages/airflow/example_dags/example_time_delta_sensor_async.py
[2023-04-26T00:02:46.792+0000] {processor.py:743} INFO - Processing file /home/airflow/.local/lib/python3.7/site-packages/airflow/example_dags/example_time_delta_sensor_async.py for tasks to queue
[2023-04-26T00:02:46.793+0000] {logging_mixin.py:137} INFO - [2023-04-26T00:02:46.793+0000] {dagbag.py:532} INFO - Filling up the DagBag from /home/airflow/.local/lib/python3.7/site-packages/airflow/example_dags/example_time_delta_sensor_async.py
[2023-04-26T00:02:46.813+0000] {processor.py:753} INFO - DAG(s) dict_keys(['example_time_delta_sensor_async']) retrieved from /home/airflow/.local/lib/python3.7/site-packages/airflow/example_dags/example_time_delta_sensor_async.py
[2023-04-26T00:02:46.851+0000] {logging_mixin.py:137} INFO - [2023-04-26T00:02:46.851+0000] {dag.py:2705} INFO - Sync 1 DAGs
[2023-04-26T00:02:46.883+0000] {logging_mixin.py:137} INFO - [2023-04-26T00:02:46.883+0000] {dag.py:3456} INFO - Setting next_dagrun for example_time_delta_sensor_async to None, run_after=None
[2023-04-26T00:02:46.902+0000] {processor.py:175} INFO - Processing /home/airflow/.local/lib/python3.7/site-packages/airflow/example_dags/example_time_delta_sensor_async.py took 0.116 seconds
[2023-04-26T00:03:17.535+0000] {processor.py:153} INFO - Started process (PID=3935) to work on /home/airflow/.local/lib/python3.7/site-packages/airflow/example_dags/example_time_delta_sensor_async.py
[2023-04-26T00:03:17.537+0000] {processor.py:743} INFO - Processing file /home/airflow/.local/lib/python3.7/site-packages/airflow/example_dags/example_time_delta_sensor_async.py for tasks to queue
[2023-04-26T00:03:17.538+0000] {logging_mixin.py:137} INFO - [2023-04-26T00:03:17.538+0000] {dagbag.py:532} INFO - Filling up the DagBag from /home/airflow/.local/lib/python3.7/site-packages/airflow/example_dags/example_time_delta_sensor_async.py
[2023-04-26T00:03:17.551+0000] {processor.py:753} INFO - DAG(s) dict_keys(['example_time_delta_sensor_async']) retrieved from /home/airflow/.local/lib/python3.7/site-packages/airflow/example_dags/example_time_delta_sensor_async.py
[2023-04-26T00:03:17.579+0000] {logging_mixin.py:137} INFO - [2023-04-26T00:03:17.579+0000] {dag.py:2705} INFO - Sync 1 DAGs
[2023-04-26T00:03:17.601+0000] {logging_mixin.py:137} INFO - [2023-04-26T00:03:17.601+0000] {dag.py:3456} INFO - Setting next_dagrun for example_time_delta_sensor_async to None, run_after=None
[2023-04-26T00:03:17.616+0000] {processor.py:175} INFO - Processing /home/airflow/.local/lib/python3.7/site-packages/airflow/example_dags/example_time_delta_sensor_async.py took 0.085 seconds
[2023-04-26T00:03:48.244+0000] {processor.py:153} INFO - Started process (PID=3988) to work on /home/airflow/.local/lib/python3.7/site-packages/airflow/example_dags/example_time_delta_sensor_async.py
[2023-04-26T00:03:48.246+0000] {processor.py:743} INFO - Processing file /home/airflow/.local/lib/python3.7/site-packages/airflow/example_dags/example_time_delta_sensor_async.py for tasks to queue
[2023-04-26T00:03:48.247+0000] {logging_mixin.py:137} INFO - [2023-04-26T00:03:48.247+0000] {dagbag.py:532} INFO - Filling up the DagBag from /home/airflow/.local/lib/python3.7/site-packages/airflow/example_dags/example_time_delta_sensor_async.py
[2023-04-26T00:03:48.259+0000] {processor.py:753} INFO - DAG(s) dict_keys(['example_time_delta_sensor_async']) retrieved from /home/airflow/.local/lib/python3.7/site-packages/airflow/example_dags/example_time_delta_sensor_async.py
[2023-04-26T00:03:48.286+0000] {logging_mixin.py:137} INFO - [2023-04-26T00:03:48.286+0000] {dag.py:2705} INFO - Sync 1 DAGs
[2023-04-26T00:03:48.308+0000] {logging_mixin.py:137} INFO - [2023-04-26T00:03:48.308+0000] {dag.py:3456} INFO - Setting next_dagrun for example_time_delta_sensor_async to None, run_after=None
[2023-04-26T00:03:48.323+0000] {processor.py:175} INFO - Processing /home/airflow/.local/lib/python3.7/site-packages/airflow/example_dags/example_time_delta_sensor_async.py took 0.082 seconds
[2023-04-26T00:04:18.599+0000] {processor.py:153} INFO - Started process (PID=4040) to work on /home/airflow/.local/lib/python3.7/site-packages/airflow/example_dags/example_time_delta_sensor_async.py
[2023-04-26T00:04:18.601+0000] {processor.py:743} INFO - Processing file /home/airflow/.local/lib/python3.7/site-packages/airflow/example_dags/example_time_delta_sensor_async.py for tasks to queue
[2023-04-26T00:04:18.602+0000] {logging_mixin.py:137} INFO - [2023-04-26T00:04:18.601+0000] {dagbag.py:532} INFO - Filling up the DagBag from /home/airflow/.local/lib/python3.7/site-packages/airflow/example_dags/example_time_delta_sensor_async.py
[2023-04-26T00:04:18.616+0000] {processor.py:753} INFO - DAG(s) dict_keys(['example_time_delta_sensor_async']) retrieved from /home/airflow/.local/lib/python3.7/site-packages/airflow/example_dags/example_time_delta_sensor_async.py
[2023-04-26T00:04:18.648+0000] {logging_mixin.py:137} INFO - [2023-04-26T00:04:18.648+0000] {dag.py:2705} INFO - Sync 1 DAGs
[2023-04-26T00:04:18.674+0000] {logging_mixin.py:137} INFO - [2023-04-26T00:04:18.674+0000] {dag.py:3456} INFO - Setting next_dagrun for example_time_delta_sensor_async to None, run_after=None
[2023-04-26T00:04:18.690+0000] {processor.py:175} INFO - Processing /home/airflow/.local/lib/python3.7/site-packages/airflow/example_dags/example_time_delta_sensor_async.py took 0.095 seconds
[2023-04-26T00:04:49.435+0000] {processor.py:153} INFO - Started process (PID=4093) to work on /home/airflow/.local/lib/python3.7/site-packages/airflow/example_dags/example_time_delta_sensor_async.py
[2023-04-26T00:04:49.437+0000] {processor.py:743} INFO - Processing file /home/airflow/.local/lib/python3.7/site-packages/airflow/example_dags/example_time_delta_sensor_async.py for tasks to queue
[2023-04-26T00:04:49.438+0000] {logging_mixin.py:137} INFO - [2023-04-26T00:04:49.438+0000] {dagbag.py:532} INFO - Filling up the DagBag from /home/airflow/.local/lib/python3.7/site-packages/airflow/example_dags/example_time_delta_sensor_async.py
[2023-04-26T00:04:49.450+0000] {processor.py:753} INFO - DAG(s) dict_keys(['example_time_delta_sensor_async']) retrieved from /home/airflow/.local/lib/python3.7/site-packages/airflow/example_dags/example_time_delta_sensor_async.py
[2023-04-26T00:04:49.480+0000] {logging_mixin.py:137} INFO - [2023-04-26T00:04:49.480+0000] {dag.py:2705} INFO - Sync 1 DAGs
[2023-04-26T00:04:49.502+0000] {logging_mixin.py:137} INFO - [2023-04-26T00:04:49.502+0000] {dag.py:3456} INFO - Setting next_dagrun for example_time_delta_sensor_async to None, run_after=None
[2023-04-26T00:04:49.517+0000] {processor.py:175} INFO - Processing /home/airflow/.local/lib/python3.7/site-packages/airflow/example_dags/example_time_delta_sensor_async.py took 0.085 seconds
[2023-04-26T00:05:19.729+0000] {processor.py:153} INFO - Started process (PID=4146) to work on /home/airflow/.local/lib/python3.7/site-packages/airflow/example_dags/example_time_delta_sensor_async.py
[2023-04-26T00:05:19.731+0000] {processor.py:743} INFO - Processing file /home/airflow/.local/lib/python3.7/site-packages/airflow/example_dags/example_time_delta_sensor_async.py for tasks to queue
[2023-04-26T00:05:19.732+0000] {logging_mixin.py:137} INFO - [2023-04-26T00:05:19.732+0000] {dagbag.py:532} INFO - Filling up the DagBag from /home/airflow/.local/lib/python3.7/site-packages/airflow/example_dags/example_time_delta_sensor_async.py
[2023-04-26T00:05:19.744+0000] {processor.py:753} INFO - DAG(s) dict_keys(['example_time_delta_sensor_async']) retrieved from /home/airflow/.local/lib/python3.7/site-packages/airflow/example_dags/example_time_delta_sensor_async.py
[2023-04-26T00:05:19.771+0000] {logging_mixin.py:137} INFO - [2023-04-26T00:05:19.771+0000] {dag.py:2705} INFO - Sync 1 DAGs
[2023-04-26T00:05:19.794+0000] {logging_mixin.py:137} INFO - [2023-04-26T00:05:19.794+0000] {dag.py:3456} INFO - Setting next_dagrun for example_time_delta_sensor_async to None, run_after=None
[2023-04-26T00:05:19.808+0000] {processor.py:175} INFO - Processing /home/airflow/.local/lib/python3.7/site-packages/airflow/example_dags/example_time_delta_sensor_async.py took 0.083 seconds
[2023-04-26T00:05:49.963+0000] {processor.py:153} INFO - Started process (PID=4199) to work on /home/airflow/.local/lib/python3.7/site-packages/airflow/example_dags/example_time_delta_sensor_async.py
[2023-04-26T00:05:49.965+0000] {processor.py:743} INFO - Processing file /home/airflow/.local/lib/python3.7/site-packages/airflow/example_dags/example_time_delta_sensor_async.py for tasks to queue
[2023-04-26T00:05:49.966+0000] {logging_mixin.py:137} INFO - [2023-04-26T00:05:49.966+0000] {dagbag.py:532} INFO - Filling up the DagBag from /home/airflow/.local/lib/python3.7/site-packages/airflow/example_dags/example_time_delta_sensor_async.py
[2023-04-26T00:05:49.983+0000] {processor.py:753} INFO - DAG(s) dict_keys(['example_time_delta_sensor_async']) retrieved from /home/airflow/.local/lib/python3.7/site-packages/airflow/example_dags/example_time_delta_sensor_async.py
[2023-04-26T00:05:50.022+0000] {logging_mixin.py:137} INFO - [2023-04-26T00:05:50.021+0000] {dag.py:2705} INFO - Sync 1 DAGs
[2023-04-26T00:05:50.050+0000] {logging_mixin.py:137} INFO - [2023-04-26T00:05:50.050+0000] {dag.py:3456} INFO - Setting next_dagrun for example_time_delta_sensor_async to None, run_after=None
[2023-04-26T00:05:50.067+0000] {processor.py:175} INFO - Processing /home/airflow/.local/lib/python3.7/site-packages/airflow/example_dags/example_time_delta_sensor_async.py took 0.108 seconds
