[2023-04-26T00:00:29.438+0000] {processor.py:153} INFO - Started process (PID=3635) to work on /home/airflow/.local/lib/python3.7/site-packages/airflow/example_dags/example_subdag_operator.py
[2023-04-26T00:00:29.441+0000] {processor.py:743} INFO - Processing file /home/airflow/.local/lib/python3.7/site-packages/airflow/example_dags/example_subdag_operator.py for tasks to queue
[2023-04-26T00:00:29.443+0000] {logging_mixin.py:137} INFO - [2023-04-26T00:00:29.443+0000] {dagbag.py:532} INFO - Filling up the DagBag from /home/airflow/.local/lib/python3.7/site-packages/airflow/example_dags/example_subdag_operator.py
[2023-04-26T00:00:29.485+0000] {processor.py:753} INFO - DAG(s) dict_keys(['example_subdag_operator.section-1', 'example_subdag_operator.section-2', 'example_subdag_operator']) retrieved from /home/airflow/.local/lib/python3.7/site-packages/airflow/example_dags/example_subdag_operator.py
[2023-04-26T00:00:29.505+0000] {logging_mixin.py:137} INFO - [2023-04-26T00:00:29.505+0000] {dag.py:2705} INFO - Sync 3 DAGs
[2023-04-26T00:00:29.527+0000] {logging_mixin.py:137} INFO - [2023-04-26T00:00:29.527+0000] {dag.py:3456} INFO - Setting next_dagrun for example_subdag_operator to 2022-01-01T00:00:00+00:00, run_after=2022-01-01T00:00:00+00:00
[2023-04-26T00:00:29.530+0000] {logging_mixin.py:137} INFO - [2023-04-26T00:00:29.530+0000] {dag.py:3456} INFO - Setting next_dagrun for example_subdag_operator.section-1 to None, run_after=None
[2023-04-26T00:00:29.532+0000] {logging_mixin.py:137} INFO - [2023-04-26T00:00:29.532+0000] {dag.py:3456} INFO - Setting next_dagrun for example_subdag_operator.section-2 to None, run_after=None
[2023-04-26T00:00:29.539+0000] {logging_mixin.py:137} INFO - [2023-04-26T00:00:29.539+0000] {dag.py:2705} INFO - Sync 2 DAGs
[2023-04-26T00:00:29.544+0000] {logging_mixin.py:137} INFO - [2023-04-26T00:00:29.544+0000] {dag.py:3456} INFO - Setting next_dagrun for example_subdag_operator.section-1 to None, run_after=None
[2023-04-26T00:00:29.545+0000] {logging_mixin.py:137} INFO - [2023-04-26T00:00:29.545+0000] {dag.py:3456} INFO - Setting next_dagrun for example_subdag_operator.section-2 to None, run_after=None
[2023-04-26T00:00:29.555+0000] {processor.py:175} INFO - Processing /home/airflow/.local/lib/python3.7/site-packages/airflow/example_dags/example_subdag_operator.py took 0.121 seconds
[2023-04-26T00:01:00.236+0000] {processor.py:153} INFO - Started process (PID=3688) to work on /home/airflow/.local/lib/python3.7/site-packages/airflow/example_dags/example_subdag_operator.py
[2023-04-26T00:01:00.238+0000] {processor.py:743} INFO - Processing file /home/airflow/.local/lib/python3.7/site-packages/airflow/example_dags/example_subdag_operator.py for tasks to queue
[2023-04-26T00:01:00.239+0000] {logging_mixin.py:137} INFO - [2023-04-26T00:01:00.238+0000] {dagbag.py:532} INFO - Filling up the DagBag from /home/airflow/.local/lib/python3.7/site-packages/airflow/example_dags/example_subdag_operator.py
[2023-04-26T00:01:00.273+0000] {processor.py:753} INFO - DAG(s) dict_keys(['example_subdag_operator.section-1', 'example_subdag_operator.section-2', 'example_subdag_operator']) retrieved from /home/airflow/.local/lib/python3.7/site-packages/airflow/example_dags/example_subdag_operator.py
[2023-04-26T00:01:00.291+0000] {logging_mixin.py:137} INFO - [2023-04-26T00:01:00.290+0000] {dag.py:2705} INFO - Sync 3 DAGs
[2023-04-26T00:01:00.312+0000] {logging_mixin.py:137} INFO - [2023-04-26T00:01:00.312+0000] {dag.py:3456} INFO - Setting next_dagrun for example_subdag_operator to 2022-01-01T00:00:00+00:00, run_after=2022-01-01T00:00:00+00:00
[2023-04-26T00:01:00.315+0000] {logging_mixin.py:137} INFO - [2023-04-26T00:01:00.315+0000] {dag.py:3456} INFO - Setting next_dagrun for example_subdag_operator.section-1 to None, run_after=None
[2023-04-26T00:01:00.317+0000] {logging_mixin.py:137} INFO - [2023-04-26T00:01:00.317+0000] {dag.py:3456} INFO - Setting next_dagrun for example_subdag_operator.section-2 to None, run_after=None
[2023-04-26T00:01:00.324+0000] {logging_mixin.py:137} INFO - [2023-04-26T00:01:00.324+0000] {dag.py:2705} INFO - Sync 2 DAGs
[2023-04-26T00:01:00.330+0000] {logging_mixin.py:137} INFO - [2023-04-26T00:01:00.329+0000] {dag.py:3456} INFO - Setting next_dagrun for example_subdag_operator.section-1 to None, run_after=None
[2023-04-26T00:01:00.330+0000] {logging_mixin.py:137} INFO - [2023-04-26T00:01:00.330+0000] {dag.py:3456} INFO - Setting next_dagrun for example_subdag_operator.section-2 to None, run_after=None
[2023-04-26T00:01:00.339+0000] {processor.py:175} INFO - Processing /home/airflow/.local/lib/python3.7/site-packages/airflow/example_dags/example_subdag_operator.py took 0.107 seconds
[2023-04-26T00:01:31.044+0000] {processor.py:153} INFO - Started process (PID=3741) to work on /home/airflow/.local/lib/python3.7/site-packages/airflow/example_dags/example_subdag_operator.py
[2023-04-26T00:01:31.046+0000] {processor.py:743} INFO - Processing file /home/airflow/.local/lib/python3.7/site-packages/airflow/example_dags/example_subdag_operator.py for tasks to queue
[2023-04-26T00:01:31.047+0000] {logging_mixin.py:137} INFO - [2023-04-26T00:01:31.047+0000] {dagbag.py:532} INFO - Filling up the DagBag from /home/airflow/.local/lib/python3.7/site-packages/airflow/example_dags/example_subdag_operator.py
[2023-04-26T00:01:31.085+0000] {processor.py:753} INFO - DAG(s) dict_keys(['example_subdag_operator.section-1', 'example_subdag_operator.section-2', 'example_subdag_operator']) retrieved from /home/airflow/.local/lib/python3.7/site-packages/airflow/example_dags/example_subdag_operator.py
[2023-04-26T00:01:31.102+0000] {logging_mixin.py:137} INFO - [2023-04-26T00:01:31.102+0000] {dag.py:2705} INFO - Sync 3 DAGs
[2023-04-26T00:01:31.126+0000] {logging_mixin.py:137} INFO - [2023-04-26T00:01:31.125+0000] {dag.py:3456} INFO - Setting next_dagrun for example_subdag_operator to 2022-01-01T00:00:00+00:00, run_after=2022-01-01T00:00:00+00:00
[2023-04-26T00:01:31.129+0000] {logging_mixin.py:137} INFO - [2023-04-26T00:01:31.129+0000] {dag.py:3456} INFO - Setting next_dagrun for example_subdag_operator.section-1 to None, run_after=None
[2023-04-26T00:01:31.130+0000] {logging_mixin.py:137} INFO - [2023-04-26T00:01:31.130+0000] {dag.py:3456} INFO - Setting next_dagrun for example_subdag_operator.section-2 to None, run_after=None
[2023-04-26T00:01:31.137+0000] {logging_mixin.py:137} INFO - [2023-04-26T00:01:31.137+0000] {dag.py:2705} INFO - Sync 2 DAGs
[2023-04-26T00:01:31.143+0000] {logging_mixin.py:137} INFO - [2023-04-26T00:01:31.142+0000] {dag.py:3456} INFO - Setting next_dagrun for example_subdag_operator.section-1 to None, run_after=None
[2023-04-26T00:01:31.144+0000] {logging_mixin.py:137} INFO - [2023-04-26T00:01:31.144+0000] {dag.py:3456} INFO - Setting next_dagrun for example_subdag_operator.section-2 to None, run_after=None
[2023-04-26T00:01:31.153+0000] {processor.py:175} INFO - Processing /home/airflow/.local/lib/python3.7/site-packages/airflow/example_dags/example_subdag_operator.py took 0.112 seconds
[2023-04-26T00:02:01.699+0000] {processor.py:153} INFO - Started process (PID=3793) to work on /home/airflow/.local/lib/python3.7/site-packages/airflow/example_dags/example_subdag_operator.py
[2023-04-26T00:02:01.702+0000] {processor.py:743} INFO - Processing file /home/airflow/.local/lib/python3.7/site-packages/airflow/example_dags/example_subdag_operator.py for tasks to queue
[2023-04-26T00:02:01.704+0000] {logging_mixin.py:137} INFO - [2023-04-26T00:02:01.704+0000] {dagbag.py:532} INFO - Filling up the DagBag from /home/airflow/.local/lib/python3.7/site-packages/airflow/example_dags/example_subdag_operator.py
[2023-04-26T00:02:01.760+0000] {processor.py:753} INFO - DAG(s) dict_keys(['example_subdag_operator.section-1', 'example_subdag_operator.section-2', 'example_subdag_operator']) retrieved from /home/airflow/.local/lib/python3.7/site-packages/airflow/example_dags/example_subdag_operator.py
[2023-04-26T00:02:01.786+0000] {logging_mixin.py:137} INFO - [2023-04-26T00:02:01.786+0000] {dag.py:2705} INFO - Sync 3 DAGs
[2023-04-26T00:02:01.827+0000] {logging_mixin.py:137} INFO - [2023-04-26T00:02:01.827+0000] {dag.py:3456} INFO - Setting next_dagrun for example_subdag_operator to 2022-01-01T00:00:00+00:00, run_after=2022-01-01T00:00:00+00:00
[2023-04-26T00:02:01.840+0000] {logging_mixin.py:137} INFO - [2023-04-26T00:02:01.840+0000] {dag.py:3456} INFO - Setting next_dagrun for example_subdag_operator.section-1 to None, run_after=None
[2023-04-26T00:02:01.845+0000] {logging_mixin.py:137} INFO - [2023-04-26T00:02:01.844+0000] {dag.py:3456} INFO - Setting next_dagrun for example_subdag_operator.section-2 to None, run_after=None
[2023-04-26T00:02:01.856+0000] {logging_mixin.py:137} INFO - [2023-04-26T00:02:01.856+0000] {dag.py:2705} INFO - Sync 2 DAGs
[2023-04-26T00:02:01.864+0000] {logging_mixin.py:137} INFO - [2023-04-26T00:02:01.864+0000] {dag.py:3456} INFO - Setting next_dagrun for example_subdag_operator.section-1 to None, run_after=None
[2023-04-26T00:02:01.866+0000] {logging_mixin.py:137} INFO - [2023-04-26T00:02:01.866+0000] {dag.py:3456} INFO - Setting next_dagrun for example_subdag_operator.section-2 to None, run_after=None
[2023-04-26T00:02:01.877+0000] {processor.py:175} INFO - Processing /home/airflow/.local/lib/python3.7/site-packages/airflow/example_dags/example_subdag_operator.py took 0.182 seconds
[2023-04-26T00:02:32.613+0000] {processor.py:153} INFO - Started process (PID=3854) to work on /home/airflow/.local/lib/python3.7/site-packages/airflow/example_dags/example_subdag_operator.py
[2023-04-26T00:02:32.614+0000] {processor.py:743} INFO - Processing file /home/airflow/.local/lib/python3.7/site-packages/airflow/example_dags/example_subdag_operator.py for tasks to queue
[2023-04-26T00:02:32.615+0000] {logging_mixin.py:137} INFO - [2023-04-26T00:02:32.615+0000] {dagbag.py:532} INFO - Filling up the DagBag from /home/airflow/.local/lib/python3.7/site-packages/airflow/example_dags/example_subdag_operator.py
[2023-04-26T00:02:32.663+0000] {processor.py:753} INFO - DAG(s) dict_keys(['example_subdag_operator.section-1', 'example_subdag_operator.section-2', 'example_subdag_operator']) retrieved from /home/airflow/.local/lib/python3.7/site-packages/airflow/example_dags/example_subdag_operator.py
[2023-04-26T00:02:32.685+0000] {logging_mixin.py:137} INFO - [2023-04-26T00:02:32.685+0000] {dag.py:2705} INFO - Sync 3 DAGs
[2023-04-26T00:02:32.712+0000] {logging_mixin.py:137} INFO - [2023-04-26T00:02:32.712+0000] {dag.py:3456} INFO - Setting next_dagrun for example_subdag_operator to 2022-01-01T00:00:00+00:00, run_after=2022-01-01T00:00:00+00:00
[2023-04-26T00:02:32.715+0000] {logging_mixin.py:137} INFO - [2023-04-26T00:02:32.715+0000] {dag.py:3456} INFO - Setting next_dagrun for example_subdag_operator.section-1 to None, run_after=None
[2023-04-26T00:02:32.717+0000] {logging_mixin.py:137} INFO - [2023-04-26T00:02:32.717+0000] {dag.py:3456} INFO - Setting next_dagrun for example_subdag_operator.section-2 to None, run_after=None
[2023-04-26T00:02:32.724+0000] {logging_mixin.py:137} INFO - [2023-04-26T00:02:32.723+0000] {dag.py:2705} INFO - Sync 2 DAGs
[2023-04-26T00:02:32.729+0000] {logging_mixin.py:137} INFO - [2023-04-26T00:02:32.728+0000] {dag.py:3456} INFO - Setting next_dagrun for example_subdag_operator.section-1 to None, run_after=None
[2023-04-26T00:02:32.729+0000] {logging_mixin.py:137} INFO - [2023-04-26T00:02:32.729+0000] {dag.py:3456} INFO - Setting next_dagrun for example_subdag_operator.section-2 to None, run_after=None
[2023-04-26T00:02:32.739+0000] {processor.py:175} INFO - Processing /home/airflow/.local/lib/python3.7/site-packages/airflow/example_dags/example_subdag_operator.py took 0.130 seconds
[2023-04-26T00:03:03.623+0000] {processor.py:153} INFO - Started process (PID=3907) to work on /home/airflow/.local/lib/python3.7/site-packages/airflow/example_dags/example_subdag_operator.py
[2023-04-26T00:03:03.625+0000] {processor.py:743} INFO - Processing file /home/airflow/.local/lib/python3.7/site-packages/airflow/example_dags/example_subdag_operator.py for tasks to queue
[2023-04-26T00:03:03.626+0000] {logging_mixin.py:137} INFO - [2023-04-26T00:03:03.625+0000] {dagbag.py:532} INFO - Filling up the DagBag from /home/airflow/.local/lib/python3.7/site-packages/airflow/example_dags/example_subdag_operator.py
[2023-04-26T00:03:03.666+0000] {processor.py:753} INFO - DAG(s) dict_keys(['example_subdag_operator.section-1', 'example_subdag_operator.section-2', 'example_subdag_operator']) retrieved from /home/airflow/.local/lib/python3.7/site-packages/airflow/example_dags/example_subdag_operator.py
[2023-04-26T00:03:03.687+0000] {logging_mixin.py:137} INFO - [2023-04-26T00:03:03.687+0000] {dag.py:2705} INFO - Sync 3 DAGs
[2023-04-26T00:03:03.713+0000] {logging_mixin.py:137} INFO - [2023-04-26T00:03:03.713+0000] {dag.py:3456} INFO - Setting next_dagrun for example_subdag_operator to 2022-01-01T00:00:00+00:00, run_after=2022-01-01T00:00:00+00:00
[2023-04-26T00:03:03.716+0000] {logging_mixin.py:137} INFO - [2023-04-26T00:03:03.716+0000] {dag.py:3456} INFO - Setting next_dagrun for example_subdag_operator.section-1 to None, run_after=None
[2023-04-26T00:03:03.718+0000] {logging_mixin.py:137} INFO - [2023-04-26T00:03:03.718+0000] {dag.py:3456} INFO - Setting next_dagrun for example_subdag_operator.section-2 to None, run_after=None
[2023-04-26T00:03:03.726+0000] {logging_mixin.py:137} INFO - [2023-04-26T00:03:03.726+0000] {dag.py:2705} INFO - Sync 2 DAGs
[2023-04-26T00:03:03.730+0000] {logging_mixin.py:137} INFO - [2023-04-26T00:03:03.730+0000] {dag.py:3456} INFO - Setting next_dagrun for example_subdag_operator.section-1 to None, run_after=None
[2023-04-26T00:03:03.731+0000] {logging_mixin.py:137} INFO - [2023-04-26T00:03:03.731+0000] {dag.py:3456} INFO - Setting next_dagrun for example_subdag_operator.section-2 to None, run_after=None
[2023-04-26T00:03:03.740+0000] {processor.py:175} INFO - Processing /home/airflow/.local/lib/python3.7/site-packages/airflow/example_dags/example_subdag_operator.py took 0.121 seconds
[2023-04-26T00:03:34.299+0000] {processor.py:153} INFO - Started process (PID=3960) to work on /home/airflow/.local/lib/python3.7/site-packages/airflow/example_dags/example_subdag_operator.py
[2023-04-26T00:03:34.302+0000] {processor.py:743} INFO - Processing file /home/airflow/.local/lib/python3.7/site-packages/airflow/example_dags/example_subdag_operator.py for tasks to queue
[2023-04-26T00:03:34.303+0000] {logging_mixin.py:137} INFO - [2023-04-26T00:03:34.303+0000] {dagbag.py:532} INFO - Filling up the DagBag from /home/airflow/.local/lib/python3.7/site-packages/airflow/example_dags/example_subdag_operator.py
[2023-04-26T00:03:34.344+0000] {processor.py:753} INFO - DAG(s) dict_keys(['example_subdag_operator.section-1', 'example_subdag_operator.section-2', 'example_subdag_operator']) retrieved from /home/airflow/.local/lib/python3.7/site-packages/airflow/example_dags/example_subdag_operator.py
[2023-04-26T00:03:34.363+0000] {logging_mixin.py:137} INFO - [2023-04-26T00:03:34.363+0000] {dag.py:2705} INFO - Sync 3 DAGs
[2023-04-26T00:03:34.388+0000] {logging_mixin.py:137} INFO - [2023-04-26T00:03:34.388+0000] {dag.py:3456} INFO - Setting next_dagrun for example_subdag_operator to 2022-01-01T00:00:00+00:00, run_after=2022-01-01T00:00:00+00:00
[2023-04-26T00:03:34.391+0000] {logging_mixin.py:137} INFO - [2023-04-26T00:03:34.391+0000] {dag.py:3456} INFO - Setting next_dagrun for example_subdag_operator.section-1 to None, run_after=None
[2023-04-26T00:03:34.392+0000] {logging_mixin.py:137} INFO - [2023-04-26T00:03:34.392+0000] {dag.py:3456} INFO - Setting next_dagrun for example_subdag_operator.section-2 to None, run_after=None
[2023-04-26T00:03:34.399+0000] {logging_mixin.py:137} INFO - [2023-04-26T00:03:34.399+0000] {dag.py:2705} INFO - Sync 2 DAGs
[2023-04-26T00:03:34.403+0000] {logging_mixin.py:137} INFO - [2023-04-26T00:03:34.403+0000] {dag.py:3456} INFO - Setting next_dagrun for example_subdag_operator.section-1 to None, run_after=None
[2023-04-26T00:03:34.404+0000] {logging_mixin.py:137} INFO - [2023-04-26T00:03:34.404+0000] {dag.py:3456} INFO - Setting next_dagrun for example_subdag_operator.section-2 to None, run_after=None
[2023-04-26T00:03:34.412+0000] {processor.py:175} INFO - Processing /home/airflow/.local/lib/python3.7/site-packages/airflow/example_dags/example_subdag_operator.py took 0.117 seconds
[2023-04-26T00:04:05.359+0000] {processor.py:153} INFO - Started process (PID=4012) to work on /home/airflow/.local/lib/python3.7/site-packages/airflow/example_dags/example_subdag_operator.py
[2023-04-26T00:04:05.360+0000] {processor.py:743} INFO - Processing file /home/airflow/.local/lib/python3.7/site-packages/airflow/example_dags/example_subdag_operator.py for tasks to queue
[2023-04-26T00:04:05.361+0000] {logging_mixin.py:137} INFO - [2023-04-26T00:04:05.361+0000] {dagbag.py:532} INFO - Filling up the DagBag from /home/airflow/.local/lib/python3.7/site-packages/airflow/example_dags/example_subdag_operator.py
[2023-04-26T00:04:05.406+0000] {processor.py:753} INFO - DAG(s) dict_keys(['example_subdag_operator.section-1', 'example_subdag_operator.section-2', 'example_subdag_operator']) retrieved from /home/airflow/.local/lib/python3.7/site-packages/airflow/example_dags/example_subdag_operator.py
[2023-04-26T00:04:05.430+0000] {logging_mixin.py:137} INFO - [2023-04-26T00:04:05.430+0000] {dag.py:2705} INFO - Sync 3 DAGs
[2023-04-26T00:04:05.455+0000] {logging_mixin.py:137} INFO - [2023-04-26T00:04:05.455+0000] {dag.py:3456} INFO - Setting next_dagrun for example_subdag_operator to 2022-01-01T00:00:00+00:00, run_after=2022-01-01T00:00:00+00:00
[2023-04-26T00:04:05.459+0000] {logging_mixin.py:137} INFO - [2023-04-26T00:04:05.459+0000] {dag.py:3456} INFO - Setting next_dagrun for example_subdag_operator.section-1 to None, run_after=None
[2023-04-26T00:04:05.460+0000] {logging_mixin.py:137} INFO - [2023-04-26T00:04:05.460+0000] {dag.py:3456} INFO - Setting next_dagrun for example_subdag_operator.section-2 to None, run_after=None
[2023-04-26T00:04:05.467+0000] {logging_mixin.py:137} INFO - [2023-04-26T00:04:05.467+0000] {dag.py:2705} INFO - Sync 2 DAGs
[2023-04-26T00:04:05.473+0000] {logging_mixin.py:137} INFO - [2023-04-26T00:04:05.473+0000] {dag.py:3456} INFO - Setting next_dagrun for example_subdag_operator.section-1 to None, run_after=None
[2023-04-26T00:04:05.474+0000] {logging_mixin.py:137} INFO - [2023-04-26T00:04:05.474+0000] {dag.py:3456} INFO - Setting next_dagrun for example_subdag_operator.section-2 to None, run_after=None
[2023-04-26T00:04:05.482+0000] {processor.py:175} INFO - Processing /home/airflow/.local/lib/python3.7/site-packages/airflow/example_dags/example_subdag_operator.py took 0.127 seconds
[2023-04-26T00:04:36.415+0000] {processor.py:153} INFO - Started process (PID=4065) to work on /home/airflow/.local/lib/python3.7/site-packages/airflow/example_dags/example_subdag_operator.py
[2023-04-26T00:04:36.416+0000] {processor.py:743} INFO - Processing file /home/airflow/.local/lib/python3.7/site-packages/airflow/example_dags/example_subdag_operator.py for tasks to queue
[2023-04-26T00:04:36.417+0000] {logging_mixin.py:137} INFO - [2023-04-26T00:04:36.417+0000] {dagbag.py:532} INFO - Filling up the DagBag from /home/airflow/.local/lib/python3.7/site-packages/airflow/example_dags/example_subdag_operator.py
[2023-04-26T00:04:36.459+0000] {processor.py:753} INFO - DAG(s) dict_keys(['example_subdag_operator.section-1', 'example_subdag_operator.section-2', 'example_subdag_operator']) retrieved from /home/airflow/.local/lib/python3.7/site-packages/airflow/example_dags/example_subdag_operator.py
[2023-04-26T00:04:36.479+0000] {logging_mixin.py:137} INFO - [2023-04-26T00:04:36.479+0000] {dag.py:2705} INFO - Sync 3 DAGs
[2023-04-26T00:04:36.506+0000] {logging_mixin.py:137} INFO - [2023-04-26T00:04:36.506+0000] {dag.py:3456} INFO - Setting next_dagrun for example_subdag_operator to 2022-01-01T00:00:00+00:00, run_after=2022-01-01T00:00:00+00:00
[2023-04-26T00:04:36.509+0000] {logging_mixin.py:137} INFO - [2023-04-26T00:04:36.509+0000] {dag.py:3456} INFO - Setting next_dagrun for example_subdag_operator.section-1 to None, run_after=None
[2023-04-26T00:04:36.510+0000] {logging_mixin.py:137} INFO - [2023-04-26T00:04:36.510+0000] {dag.py:3456} INFO - Setting next_dagrun for example_subdag_operator.section-2 to None, run_after=None
[2023-04-26T00:04:36.517+0000] {logging_mixin.py:137} INFO - [2023-04-26T00:04:36.517+0000] {dag.py:2705} INFO - Sync 2 DAGs
[2023-04-26T00:04:36.522+0000] {logging_mixin.py:137} INFO - [2023-04-26T00:04:36.522+0000] {dag.py:3456} INFO - Setting next_dagrun for example_subdag_operator.section-1 to None, run_after=None
[2023-04-26T00:04:36.523+0000] {logging_mixin.py:137} INFO - [2023-04-26T00:04:36.523+0000] {dag.py:3456} INFO - Setting next_dagrun for example_subdag_operator.section-2 to None, run_after=None
[2023-04-26T00:04:36.531+0000] {processor.py:175} INFO - Processing /home/airflow/.local/lib/python3.7/site-packages/airflow/example_dags/example_subdag_operator.py took 0.120 seconds
[2023-04-26T00:05:07.289+0000] {processor.py:153} INFO - Started process (PID=4118) to work on /home/airflow/.local/lib/python3.7/site-packages/airflow/example_dags/example_subdag_operator.py
[2023-04-26T00:05:07.292+0000] {processor.py:743} INFO - Processing file /home/airflow/.local/lib/python3.7/site-packages/airflow/example_dags/example_subdag_operator.py for tasks to queue
[2023-04-26T00:05:07.294+0000] {logging_mixin.py:137} INFO - [2023-04-26T00:05:07.294+0000] {dagbag.py:532} INFO - Filling up the DagBag from /home/airflow/.local/lib/python3.7/site-packages/airflow/example_dags/example_subdag_operator.py
[2023-04-26T00:05:07.342+0000] {processor.py:753} INFO - DAG(s) dict_keys(['example_subdag_operator.section-1', 'example_subdag_operator.section-2', 'example_subdag_operator']) retrieved from /home/airflow/.local/lib/python3.7/site-packages/airflow/example_dags/example_subdag_operator.py
[2023-04-26T00:05:07.369+0000] {logging_mixin.py:137} INFO - [2023-04-26T00:05:07.369+0000] {dag.py:2705} INFO - Sync 3 DAGs
[2023-04-26T00:05:07.400+0000] {logging_mixin.py:137} INFO - [2023-04-26T00:05:07.400+0000] {dag.py:3456} INFO - Setting next_dagrun for example_subdag_operator to 2022-01-01T00:00:00+00:00, run_after=2022-01-01T00:00:00+00:00
[2023-04-26T00:05:07.408+0000] {logging_mixin.py:137} INFO - [2023-04-26T00:05:07.407+0000] {dag.py:3456} INFO - Setting next_dagrun for example_subdag_operator.section-1 to None, run_after=None
[2023-04-26T00:05:07.410+0000] {logging_mixin.py:137} INFO - [2023-04-26T00:05:07.409+0000] {dag.py:3456} INFO - Setting next_dagrun for example_subdag_operator.section-2 to None, run_after=None
[2023-04-26T00:05:07.417+0000] {logging_mixin.py:137} INFO - [2023-04-26T00:05:07.417+0000] {dag.py:2705} INFO - Sync 2 DAGs
[2023-04-26T00:05:07.428+0000] {logging_mixin.py:137} INFO - [2023-04-26T00:05:07.428+0000] {dag.py:3456} INFO - Setting next_dagrun for example_subdag_operator.section-1 to None, run_after=None
[2023-04-26T00:05:07.429+0000] {logging_mixin.py:137} INFO - [2023-04-26T00:05:07.429+0000] {dag.py:3456} INFO - Setting next_dagrun for example_subdag_operator.section-2 to None, run_after=None
[2023-04-26T00:05:07.440+0000] {processor.py:175} INFO - Processing /home/airflow/.local/lib/python3.7/site-packages/airflow/example_dags/example_subdag_operator.py took 0.160 seconds
[2023-04-26T00:05:37.541+0000] {processor.py:153} INFO - Started process (PID=4171) to work on /home/airflow/.local/lib/python3.7/site-packages/airflow/example_dags/example_subdag_operator.py
[2023-04-26T00:05:37.543+0000] {processor.py:743} INFO - Processing file /home/airflow/.local/lib/python3.7/site-packages/airflow/example_dags/example_subdag_operator.py for tasks to queue
[2023-04-26T00:05:37.544+0000] {logging_mixin.py:137} INFO - [2023-04-26T00:05:37.544+0000] {dagbag.py:532} INFO - Filling up the DagBag from /home/airflow/.local/lib/python3.7/site-packages/airflow/example_dags/example_subdag_operator.py
[2023-04-26T00:05:37.579+0000] {processor.py:753} INFO - DAG(s) dict_keys(['example_subdag_operator.section-1', 'example_subdag_operator.section-2', 'example_subdag_operator']) retrieved from /home/airflow/.local/lib/python3.7/site-packages/airflow/example_dags/example_subdag_operator.py
[2023-04-26T00:05:37.597+0000] {logging_mixin.py:137} INFO - [2023-04-26T00:05:37.596+0000] {dag.py:2705} INFO - Sync 3 DAGs
[2023-04-26T00:05:37.618+0000] {logging_mixin.py:137} INFO - [2023-04-26T00:05:37.618+0000] {dag.py:3456} INFO - Setting next_dagrun for example_subdag_operator to 2022-01-01T00:00:00+00:00, run_after=2022-01-01T00:00:00+00:00
[2023-04-26T00:05:37.622+0000] {logging_mixin.py:137} INFO - [2023-04-26T00:05:37.622+0000] {dag.py:3456} INFO - Setting next_dagrun for example_subdag_operator.section-1 to None, run_after=None
[2023-04-26T00:05:37.623+0000] {logging_mixin.py:137} INFO - [2023-04-26T00:05:37.623+0000] {dag.py:3456} INFO - Setting next_dagrun for example_subdag_operator.section-2 to None, run_after=None
[2023-04-26T00:05:37.630+0000] {logging_mixin.py:137} INFO - [2023-04-26T00:05:37.630+0000] {dag.py:2705} INFO - Sync 2 DAGs
[2023-04-26T00:05:37.634+0000] {logging_mixin.py:137} INFO - [2023-04-26T00:05:37.634+0000] {dag.py:3456} INFO - Setting next_dagrun for example_subdag_operator.section-1 to None, run_after=None
[2023-04-26T00:05:37.635+0000] {logging_mixin.py:137} INFO - [2023-04-26T00:05:37.635+0000] {dag.py:3456} INFO - Setting next_dagrun for example_subdag_operator.section-2 to None, run_after=None
[2023-04-26T00:05:37.644+0000] {processor.py:175} INFO - Processing /home/airflow/.local/lib/python3.7/site-packages/airflow/example_dags/example_subdag_operator.py took 0.106 seconds
[2023-04-26T00:06:07.972+0000] {processor.py:153} INFO - Started process (PID=4226) to work on /home/airflow/.local/lib/python3.7/site-packages/airflow/example_dags/example_subdag_operator.py
[2023-04-26T00:06:07.973+0000] {processor.py:743} INFO - Processing file /home/airflow/.local/lib/python3.7/site-packages/airflow/example_dags/example_subdag_operator.py for tasks to queue
[2023-04-26T00:06:07.974+0000] {logging_mixin.py:137} INFO - [2023-04-26T00:06:07.974+0000] {dagbag.py:532} INFO - Filling up the DagBag from /home/airflow/.local/lib/python3.7/site-packages/airflow/example_dags/example_subdag_operator.py
[2023-04-26T00:06:08.012+0000] {processor.py:753} INFO - DAG(s) dict_keys(['example_subdag_operator.section-1', 'example_subdag_operator.section-2', 'example_subdag_operator']) retrieved from /home/airflow/.local/lib/python3.7/site-packages/airflow/example_dags/example_subdag_operator.py
[2023-04-26T00:06:08.030+0000] {logging_mixin.py:137} INFO - [2023-04-26T00:06:08.030+0000] {dag.py:2705} INFO - Sync 3 DAGs
[2023-04-26T00:06:08.056+0000] {logging_mixin.py:137} INFO - [2023-04-26T00:06:08.056+0000] {dag.py:3456} INFO - Setting next_dagrun for example_subdag_operator to 2022-01-01T00:00:00+00:00, run_after=2022-01-01T00:00:00+00:00
[2023-04-26T00:06:08.060+0000] {logging_mixin.py:137} INFO - [2023-04-26T00:06:08.060+0000] {dag.py:3456} INFO - Setting next_dagrun for example_subdag_operator.section-1 to None, run_after=None
[2023-04-26T00:06:08.061+0000] {logging_mixin.py:137} INFO - [2023-04-26T00:06:08.061+0000] {dag.py:3456} INFO - Setting next_dagrun for example_subdag_operator.section-2 to None, run_after=None
[2023-04-26T00:06:08.068+0000] {logging_mixin.py:137} INFO - [2023-04-26T00:06:08.068+0000] {dag.py:2705} INFO - Sync 2 DAGs
[2023-04-26T00:06:08.073+0000] {logging_mixin.py:137} INFO - [2023-04-26T00:06:08.073+0000] {dag.py:3456} INFO - Setting next_dagrun for example_subdag_operator.section-1 to None, run_after=None
[2023-04-26T00:06:08.074+0000] {logging_mixin.py:137} INFO - [2023-04-26T00:06:08.074+0000] {dag.py:3456} INFO - Setting next_dagrun for example_subdag_operator.section-2 to None, run_after=None
[2023-04-26T00:06:08.084+0000] {processor.py:175} INFO - Processing /home/airflow/.local/lib/python3.7/site-packages/airflow/example_dags/example_subdag_operator.py took 0.116 seconds
