[2023-04-26T00:00:29.697+0000] {processor.py:153} INFO - Started process (PID=3638) to work on /home/airflow/.local/lib/python3.7/site-packages/airflow/example_dags/example_complex.py
[2023-04-26T00:00:29.698+0000] {processor.py:743} INFO - Processing file /home/airflow/.local/lib/python3.7/site-packages/airflow/example_dags/example_complex.py for tasks to queue
[2023-04-26T00:00:29.699+0000] {logging_mixin.py:137} INFO - [2023-04-26T00:00:29.698+0000] {dagbag.py:532} INFO - Filling up the DagBag from /home/airflow/.local/lib/python3.7/site-packages/airflow/example_dags/example_complex.py
[2023-04-26T00:00:29.711+0000] {logging_mixin.py:137} INFO - [2023-04-26T00:00:29.711+0000] {taskmixin.py:211} WARNING - Dependency <Task(BashOperator): create_entry_group>, delete_entry_group already registered for DAG: example_complex
[2023-04-26T00:00:29.712+0000] {logging_mixin.py:137} INFO - [2023-04-26T00:00:29.711+0000] {taskmixin.py:211} WARNING - Dependency <Task(BashOperator): delete_entry_group>, create_entry_group already registered for DAG: example_complex
[2023-04-26T00:00:29.712+0000] {logging_mixin.py:137} INFO - [2023-04-26T00:00:29.712+0000] {taskmixin.py:211} WARNING - Dependency <Task(BashOperator): create_entry_gcs>, delete_entry already registered for DAG: example_complex
[2023-04-26T00:00:29.713+0000] {logging_mixin.py:137} INFO - [2023-04-26T00:00:29.713+0000] {taskmixin.py:211} WARNING - Dependency <Task(BashOperator): delete_entry>, create_entry_gcs already registered for DAG: example_complex
[2023-04-26T00:00:29.713+0000] {logging_mixin.py:137} INFO - [2023-04-26T00:00:29.713+0000] {taskmixin.py:211} WARNING - Dependency <Task(BashOperator): create_tag>, delete_tag already registered for DAG: example_complex
[2023-04-26T00:00:29.714+0000] {logging_mixin.py:137} INFO - [2023-04-26T00:00:29.714+0000] {taskmixin.py:211} WARNING - Dependency <Task(BashOperator): delete_tag>, create_tag already registered for DAG: example_complex
[2023-04-26T00:00:29.721+0000] {processor.py:753} INFO - DAG(s) dict_keys(['example_complex']) retrieved from /home/airflow/.local/lib/python3.7/site-packages/airflow/example_dags/example_complex.py
[2023-04-26T00:00:29.755+0000] {logging_mixin.py:137} INFO - [2023-04-26T00:00:29.755+0000] {dag.py:2705} INFO - Sync 1 DAGs
[2023-04-26T00:00:29.778+0000] {logging_mixin.py:137} INFO - [2023-04-26T00:00:29.778+0000] {dag.py:3456} INFO - Setting next_dagrun for example_complex to None, run_after=None
[2023-04-26T00:00:29.794+0000] {processor.py:175} INFO - Processing /home/airflow/.local/lib/python3.7/site-packages/airflow/example_dags/example_complex.py took 0.101 seconds
[2023-04-26T00:01:00.476+0000] {processor.py:153} INFO - Started process (PID=3691) to work on /home/airflow/.local/lib/python3.7/site-packages/airflow/example_dags/example_complex.py
[2023-04-26T00:01:00.478+0000] {processor.py:743} INFO - Processing file /home/airflow/.local/lib/python3.7/site-packages/airflow/example_dags/example_complex.py for tasks to queue
[2023-04-26T00:01:00.479+0000] {logging_mixin.py:137} INFO - [2023-04-26T00:01:00.478+0000] {dagbag.py:532} INFO - Filling up the DagBag from /home/airflow/.local/lib/python3.7/site-packages/airflow/example_dags/example_complex.py
[2023-04-26T00:01:00.494+0000] {logging_mixin.py:137} INFO - [2023-04-26T00:01:00.494+0000] {taskmixin.py:211} WARNING - Dependency <Task(BashOperator): create_entry_group>, delete_entry_group already registered for DAG: example_complex
[2023-04-26T00:01:00.495+0000] {logging_mixin.py:137} INFO - [2023-04-26T00:01:00.495+0000] {taskmixin.py:211} WARNING - Dependency <Task(BashOperator): delete_entry_group>, create_entry_group already registered for DAG: example_complex
[2023-04-26T00:01:00.496+0000] {logging_mixin.py:137} INFO - [2023-04-26T00:01:00.496+0000] {taskmixin.py:211} WARNING - Dependency <Task(BashOperator): create_entry_gcs>, delete_entry already registered for DAG: example_complex
[2023-04-26T00:01:00.497+0000] {logging_mixin.py:137} INFO - [2023-04-26T00:01:00.497+0000] {taskmixin.py:211} WARNING - Dependency <Task(BashOperator): delete_entry>, create_entry_gcs already registered for DAG: example_complex
[2023-04-26T00:01:00.498+0000] {logging_mixin.py:137} INFO - [2023-04-26T00:01:00.498+0000] {taskmixin.py:211} WARNING - Dependency <Task(BashOperator): create_tag>, delete_tag already registered for DAG: example_complex
[2023-04-26T00:01:00.499+0000] {logging_mixin.py:137} INFO - [2023-04-26T00:01:00.499+0000] {taskmixin.py:211} WARNING - Dependency <Task(BashOperator): delete_tag>, create_tag already registered for DAG: example_complex
[2023-04-26T00:01:00.506+0000] {processor.py:753} INFO - DAG(s) dict_keys(['example_complex']) retrieved from /home/airflow/.local/lib/python3.7/site-packages/airflow/example_dags/example_complex.py
[2023-04-26T00:01:00.540+0000] {logging_mixin.py:137} INFO - [2023-04-26T00:01:00.540+0000] {dag.py:2705} INFO - Sync 1 DAGs
[2023-04-26T00:01:00.562+0000] {logging_mixin.py:137} INFO - [2023-04-26T00:01:00.562+0000] {dag.py:3456} INFO - Setting next_dagrun for example_complex to None, run_after=None
[2023-04-26T00:01:00.577+0000] {processor.py:175} INFO - Processing /home/airflow/.local/lib/python3.7/site-packages/airflow/example_dags/example_complex.py took 0.104 seconds
[2023-04-26T00:01:31.300+0000] {processor.py:153} INFO - Started process (PID=3744) to work on /home/airflow/.local/lib/python3.7/site-packages/airflow/example_dags/example_complex.py
[2023-04-26T00:01:31.301+0000] {processor.py:743} INFO - Processing file /home/airflow/.local/lib/python3.7/site-packages/airflow/example_dags/example_complex.py for tasks to queue
[2023-04-26T00:01:31.302+0000] {logging_mixin.py:137} INFO - [2023-04-26T00:01:31.302+0000] {dagbag.py:532} INFO - Filling up the DagBag from /home/airflow/.local/lib/python3.7/site-packages/airflow/example_dags/example_complex.py
[2023-04-26T00:01:31.313+0000] {logging_mixin.py:137} INFO - [2023-04-26T00:01:31.313+0000] {taskmixin.py:211} WARNING - Dependency <Task(BashOperator): create_entry_group>, delete_entry_group already registered for DAG: example_complex
[2023-04-26T00:01:31.314+0000] {logging_mixin.py:137} INFO - [2023-04-26T00:01:31.314+0000] {taskmixin.py:211} WARNING - Dependency <Task(BashOperator): delete_entry_group>, create_entry_group already registered for DAG: example_complex
[2023-04-26T00:01:31.315+0000] {logging_mixin.py:137} INFO - [2023-04-26T00:01:31.315+0000] {taskmixin.py:211} WARNING - Dependency <Task(BashOperator): create_entry_gcs>, delete_entry already registered for DAG: example_complex
[2023-04-26T00:01:31.316+0000] {logging_mixin.py:137} INFO - [2023-04-26T00:01:31.316+0000] {taskmixin.py:211} WARNING - Dependency <Task(BashOperator): delete_entry>, create_entry_gcs already registered for DAG: example_complex
[2023-04-26T00:01:31.317+0000] {logging_mixin.py:137} INFO - [2023-04-26T00:01:31.317+0000] {taskmixin.py:211} WARNING - Dependency <Task(BashOperator): create_tag>, delete_tag already registered for DAG: example_complex
[2023-04-26T00:01:31.317+0000] {logging_mixin.py:137} INFO - [2023-04-26T00:01:31.317+0000] {taskmixin.py:211} WARNING - Dependency <Task(BashOperator): delete_tag>, create_tag already registered for DAG: example_complex
[2023-04-26T00:01:31.324+0000] {processor.py:753} INFO - DAG(s) dict_keys(['example_complex']) retrieved from /home/airflow/.local/lib/python3.7/site-packages/airflow/example_dags/example_complex.py
[2023-04-26T00:01:31.360+0000] {logging_mixin.py:137} INFO - [2023-04-26T00:01:31.360+0000] {dag.py:2705} INFO - Sync 1 DAGs
[2023-04-26T00:01:31.383+0000] {logging_mixin.py:137} INFO - [2023-04-26T00:01:31.383+0000] {dag.py:3456} INFO - Setting next_dagrun for example_complex to None, run_after=None
[2023-04-26T00:01:31.397+0000] {processor.py:175} INFO - Processing /home/airflow/.local/lib/python3.7/site-packages/airflow/example_dags/example_complex.py took 0.101 seconds
[2023-04-26T00:02:02.049+0000] {processor.py:153} INFO - Started process (PID=3803) to work on /home/airflow/.local/lib/python3.7/site-packages/airflow/example_dags/example_complex.py
[2023-04-26T00:02:02.051+0000] {processor.py:743} INFO - Processing file /home/airflow/.local/lib/python3.7/site-packages/airflow/example_dags/example_complex.py for tasks to queue
[2023-04-26T00:02:02.052+0000] {logging_mixin.py:137} INFO - [2023-04-26T00:02:02.052+0000] {dagbag.py:532} INFO - Filling up the DagBag from /home/airflow/.local/lib/python3.7/site-packages/airflow/example_dags/example_complex.py
[2023-04-26T00:02:02.063+0000] {logging_mixin.py:137} INFO - [2023-04-26T00:02:02.063+0000] {taskmixin.py:211} WARNING - Dependency <Task(BashOperator): create_entry_group>, delete_entry_group already registered for DAG: example_complex
[2023-04-26T00:02:02.064+0000] {logging_mixin.py:137} INFO - [2023-04-26T00:02:02.064+0000] {taskmixin.py:211} WARNING - Dependency <Task(BashOperator): delete_entry_group>, create_entry_group already registered for DAG: example_complex
[2023-04-26T00:02:02.064+0000] {logging_mixin.py:137} INFO - [2023-04-26T00:02:02.064+0000] {taskmixin.py:211} WARNING - Dependency <Task(BashOperator): create_entry_gcs>, delete_entry already registered for DAG: example_complex
[2023-04-26T00:02:02.065+0000] {logging_mixin.py:137} INFO - [2023-04-26T00:02:02.065+0000] {taskmixin.py:211} WARNING - Dependency <Task(BashOperator): delete_entry>, create_entry_gcs already registered for DAG: example_complex
[2023-04-26T00:02:02.065+0000] {logging_mixin.py:137} INFO - [2023-04-26T00:02:02.065+0000] {taskmixin.py:211} WARNING - Dependency <Task(BashOperator): create_tag>, delete_tag already registered for DAG: example_complex
[2023-04-26T00:02:02.066+0000] {logging_mixin.py:137} INFO - [2023-04-26T00:02:02.066+0000] {taskmixin.py:211} WARNING - Dependency <Task(BashOperator): delete_tag>, create_tag already registered for DAG: example_complex
[2023-04-26T00:02:02.074+0000] {processor.py:753} INFO - DAG(s) dict_keys(['example_complex']) retrieved from /home/airflow/.local/lib/python3.7/site-packages/airflow/example_dags/example_complex.py
[2023-04-26T00:02:02.110+0000] {logging_mixin.py:137} INFO - [2023-04-26T00:02:02.109+0000] {dag.py:2705} INFO - Sync 1 DAGs
[2023-04-26T00:02:02.131+0000] {logging_mixin.py:137} INFO - [2023-04-26T00:02:02.131+0000] {dag.py:3456} INFO - Setting next_dagrun for example_complex to None, run_after=None
[2023-04-26T00:02:02.144+0000] {processor.py:175} INFO - Processing /home/airflow/.local/lib/python3.7/site-packages/airflow/example_dags/example_complex.py took 0.098 seconds
[2023-04-26T00:02:32.899+0000] {processor.py:153} INFO - Started process (PID=3857) to work on /home/airflow/.local/lib/python3.7/site-packages/airflow/example_dags/example_complex.py
[2023-04-26T00:02:32.900+0000] {processor.py:743} INFO - Processing file /home/airflow/.local/lib/python3.7/site-packages/airflow/example_dags/example_complex.py for tasks to queue
[2023-04-26T00:02:32.901+0000] {logging_mixin.py:137} INFO - [2023-04-26T00:02:32.901+0000] {dagbag.py:532} INFO - Filling up the DagBag from /home/airflow/.local/lib/python3.7/site-packages/airflow/example_dags/example_complex.py
[2023-04-26T00:02:32.914+0000] {logging_mixin.py:137} INFO - [2023-04-26T00:02:32.913+0000] {taskmixin.py:211} WARNING - Dependency <Task(BashOperator): create_entry_group>, delete_entry_group already registered for DAG: example_complex
[2023-04-26T00:02:32.914+0000] {logging_mixin.py:137} INFO - [2023-04-26T00:02:32.914+0000] {taskmixin.py:211} WARNING - Dependency <Task(BashOperator): delete_entry_group>, create_entry_group already registered for DAG: example_complex
[2023-04-26T00:02:32.915+0000] {logging_mixin.py:137} INFO - [2023-04-26T00:02:32.915+0000] {taskmixin.py:211} WARNING - Dependency <Task(BashOperator): create_entry_gcs>, delete_entry already registered for DAG: example_complex
[2023-04-26T00:02:32.915+0000] {logging_mixin.py:137} INFO - [2023-04-26T00:02:32.915+0000] {taskmixin.py:211} WARNING - Dependency <Task(BashOperator): delete_entry>, create_entry_gcs already registered for DAG: example_complex
[2023-04-26T00:02:32.916+0000] {logging_mixin.py:137} INFO - [2023-04-26T00:02:32.916+0000] {taskmixin.py:211} WARNING - Dependency <Task(BashOperator): create_tag>, delete_tag already registered for DAG: example_complex
[2023-04-26T00:02:32.917+0000] {logging_mixin.py:137} INFO - [2023-04-26T00:02:32.916+0000] {taskmixin.py:211} WARNING - Dependency <Task(BashOperator): delete_tag>, create_tag already registered for DAG: example_complex
[2023-04-26T00:02:32.924+0000] {processor.py:753} INFO - DAG(s) dict_keys(['example_complex']) retrieved from /home/airflow/.local/lib/python3.7/site-packages/airflow/example_dags/example_complex.py
[2023-04-26T00:02:32.958+0000] {logging_mixin.py:137} INFO - [2023-04-26T00:02:32.958+0000] {dag.py:2705} INFO - Sync 1 DAGs
[2023-04-26T00:02:32.980+0000] {logging_mixin.py:137} INFO - [2023-04-26T00:02:32.980+0000] {dag.py:3456} INFO - Setting next_dagrun for example_complex to None, run_after=None
[2023-04-26T00:02:32.995+0000] {processor.py:175} INFO - Processing /home/airflow/.local/lib/python3.7/site-packages/airflow/example_dags/example_complex.py took 0.100 seconds
[2023-04-26T00:03:03.889+0000] {processor.py:153} INFO - Started process (PID=3910) to work on /home/airflow/.local/lib/python3.7/site-packages/airflow/example_dags/example_complex.py
[2023-04-26T00:03:03.890+0000] {processor.py:743} INFO - Processing file /home/airflow/.local/lib/python3.7/site-packages/airflow/example_dags/example_complex.py for tasks to queue
[2023-04-26T00:03:03.891+0000] {logging_mixin.py:137} INFO - [2023-04-26T00:03:03.891+0000] {dagbag.py:532} INFO - Filling up the DagBag from /home/airflow/.local/lib/python3.7/site-packages/airflow/example_dags/example_complex.py
[2023-04-26T00:03:03.903+0000] {logging_mixin.py:137} INFO - [2023-04-26T00:03:03.903+0000] {taskmixin.py:211} WARNING - Dependency <Task(BashOperator): create_entry_group>, delete_entry_group already registered for DAG: example_complex
[2023-04-26T00:03:03.904+0000] {logging_mixin.py:137} INFO - [2023-04-26T00:03:03.904+0000] {taskmixin.py:211} WARNING - Dependency <Task(BashOperator): delete_entry_group>, create_entry_group already registered for DAG: example_complex
[2023-04-26T00:03:03.904+0000] {logging_mixin.py:137} INFO - [2023-04-26T00:03:03.904+0000] {taskmixin.py:211} WARNING - Dependency <Task(BashOperator): create_entry_gcs>, delete_entry already registered for DAG: example_complex
[2023-04-26T00:03:03.905+0000] {logging_mixin.py:137} INFO - [2023-04-26T00:03:03.905+0000] {taskmixin.py:211} WARNING - Dependency <Task(BashOperator): delete_entry>, create_entry_gcs already registered for DAG: example_complex
[2023-04-26T00:03:03.905+0000] {logging_mixin.py:137} INFO - [2023-04-26T00:03:03.905+0000] {taskmixin.py:211} WARNING - Dependency <Task(BashOperator): create_tag>, delete_tag already registered for DAG: example_complex
[2023-04-26T00:03:03.906+0000] {logging_mixin.py:137} INFO - [2023-04-26T00:03:03.906+0000] {taskmixin.py:211} WARNING - Dependency <Task(BashOperator): delete_tag>, create_tag already registered for DAG: example_complex
[2023-04-26T00:03:03.913+0000] {processor.py:753} INFO - DAG(s) dict_keys(['example_complex']) retrieved from /home/airflow/.local/lib/python3.7/site-packages/airflow/example_dags/example_complex.py
[2023-04-26T00:03:03.947+0000] {logging_mixin.py:137} INFO - [2023-04-26T00:03:03.947+0000] {dag.py:2705} INFO - Sync 1 DAGs
[2023-04-26T00:03:03.969+0000] {logging_mixin.py:137} INFO - [2023-04-26T00:03:03.969+0000] {dag.py:3456} INFO - Setting next_dagrun for example_complex to None, run_after=None
[2023-04-26T00:03:03.984+0000] {processor.py:175} INFO - Processing /home/airflow/.local/lib/python3.7/site-packages/airflow/example_dags/example_complex.py took 0.099 seconds
[2023-04-26T00:03:34.553+0000] {processor.py:153} INFO - Started process (PID=3963) to work on /home/airflow/.local/lib/python3.7/site-packages/airflow/example_dags/example_complex.py
[2023-04-26T00:03:34.555+0000] {processor.py:743} INFO - Processing file /home/airflow/.local/lib/python3.7/site-packages/airflow/example_dags/example_complex.py for tasks to queue
[2023-04-26T00:03:34.556+0000] {logging_mixin.py:137} INFO - [2023-04-26T00:03:34.556+0000] {dagbag.py:532} INFO - Filling up the DagBag from /home/airflow/.local/lib/python3.7/site-packages/airflow/example_dags/example_complex.py
[2023-04-26T00:03:34.571+0000] {logging_mixin.py:137} INFO - [2023-04-26T00:03:34.571+0000] {taskmixin.py:211} WARNING - Dependency <Task(BashOperator): create_entry_group>, delete_entry_group already registered for DAG: example_complex
[2023-04-26T00:03:34.572+0000] {logging_mixin.py:137} INFO - [2023-04-26T00:03:34.572+0000] {taskmixin.py:211} WARNING - Dependency <Task(BashOperator): delete_entry_group>, create_entry_group already registered for DAG: example_complex
[2023-04-26T00:03:34.572+0000] {logging_mixin.py:137} INFO - [2023-04-26T00:03:34.572+0000] {taskmixin.py:211} WARNING - Dependency <Task(BashOperator): create_entry_gcs>, delete_entry already registered for DAG: example_complex
[2023-04-26T00:03:34.573+0000] {logging_mixin.py:137} INFO - [2023-04-26T00:03:34.573+0000] {taskmixin.py:211} WARNING - Dependency <Task(BashOperator): delete_entry>, create_entry_gcs already registered for DAG: example_complex
[2023-04-26T00:03:34.574+0000] {logging_mixin.py:137} INFO - [2023-04-26T00:03:34.574+0000] {taskmixin.py:211} WARNING - Dependency <Task(BashOperator): create_tag>, delete_tag already registered for DAG: example_complex
[2023-04-26T00:03:34.574+0000] {logging_mixin.py:137} INFO - [2023-04-26T00:03:34.574+0000] {taskmixin.py:211} WARNING - Dependency <Task(BashOperator): delete_tag>, create_tag already registered for DAG: example_complex
[2023-04-26T00:03:34.583+0000] {processor.py:753} INFO - DAG(s) dict_keys(['example_complex']) retrieved from /home/airflow/.local/lib/python3.7/site-packages/airflow/example_dags/example_complex.py
[2023-04-26T00:03:34.617+0000] {logging_mixin.py:137} INFO - [2023-04-26T00:03:34.617+0000] {dag.py:2705} INFO - Sync 1 DAGs
[2023-04-26T00:03:34.640+0000] {logging_mixin.py:137} INFO - [2023-04-26T00:03:34.640+0000] {dag.py:3456} INFO - Setting next_dagrun for example_complex to None, run_after=None
[2023-04-26T00:03:34.658+0000] {processor.py:175} INFO - Processing /home/airflow/.local/lib/python3.7/site-packages/airflow/example_dags/example_complex.py took 0.109 seconds
[2023-04-26T00:04:05.644+0000] {processor.py:153} INFO - Started process (PID=4015) to work on /home/airflow/.local/lib/python3.7/site-packages/airflow/example_dags/example_complex.py
[2023-04-26T00:04:05.645+0000] {processor.py:743} INFO - Processing file /home/airflow/.local/lib/python3.7/site-packages/airflow/example_dags/example_complex.py for tasks to queue
[2023-04-26T00:04:05.646+0000] {logging_mixin.py:137} INFO - [2023-04-26T00:04:05.646+0000] {dagbag.py:532} INFO - Filling up the DagBag from /home/airflow/.local/lib/python3.7/site-packages/airflow/example_dags/example_complex.py
[2023-04-26T00:04:05.658+0000] {logging_mixin.py:137} INFO - [2023-04-26T00:04:05.657+0000] {taskmixin.py:211} WARNING - Dependency <Task(BashOperator): create_entry_group>, delete_entry_group already registered for DAG: example_complex
[2023-04-26T00:04:05.658+0000] {logging_mixin.py:137} INFO - [2023-04-26T00:04:05.658+0000] {taskmixin.py:211} WARNING - Dependency <Task(BashOperator): delete_entry_group>, create_entry_group already registered for DAG: example_complex
[2023-04-26T00:04:05.659+0000] {logging_mixin.py:137} INFO - [2023-04-26T00:04:05.659+0000] {taskmixin.py:211} WARNING - Dependency <Task(BashOperator): create_entry_gcs>, delete_entry already registered for DAG: example_complex
[2023-04-26T00:04:05.659+0000] {logging_mixin.py:137} INFO - [2023-04-26T00:04:05.659+0000] {taskmixin.py:211} WARNING - Dependency <Task(BashOperator): delete_entry>, create_entry_gcs already registered for DAG: example_complex
[2023-04-26T00:04:05.660+0000] {logging_mixin.py:137} INFO - [2023-04-26T00:04:05.660+0000] {taskmixin.py:211} WARNING - Dependency <Task(BashOperator): create_tag>, delete_tag already registered for DAG: example_complex
[2023-04-26T00:04:05.661+0000] {logging_mixin.py:137} INFO - [2023-04-26T00:04:05.660+0000] {taskmixin.py:211} WARNING - Dependency <Task(BashOperator): delete_tag>, create_tag already registered for DAG: example_complex
[2023-04-26T00:04:05.668+0000] {processor.py:753} INFO - DAG(s) dict_keys(['example_complex']) retrieved from /home/airflow/.local/lib/python3.7/site-packages/airflow/example_dags/example_complex.py
[2023-04-26T00:04:05.704+0000] {logging_mixin.py:137} INFO - [2023-04-26T00:04:05.704+0000] {dag.py:2705} INFO - Sync 1 DAGs
[2023-04-26T00:04:05.725+0000] {logging_mixin.py:137} INFO - [2023-04-26T00:04:05.725+0000] {dag.py:3456} INFO - Setting next_dagrun for example_complex to None, run_after=None
[2023-04-26T00:04:05.740+0000] {processor.py:175} INFO - Processing /home/airflow/.local/lib/python3.7/site-packages/airflow/example_dags/example_complex.py took 0.100 seconds
[2023-04-26T00:04:36.671+0000] {processor.py:153} INFO - Started process (PID=4068) to work on /home/airflow/.local/lib/python3.7/site-packages/airflow/example_dags/example_complex.py
[2023-04-26T00:04:36.672+0000] {processor.py:743} INFO - Processing file /home/airflow/.local/lib/python3.7/site-packages/airflow/example_dags/example_complex.py for tasks to queue
[2023-04-26T00:04:36.673+0000] {logging_mixin.py:137} INFO - [2023-04-26T00:04:36.673+0000] {dagbag.py:532} INFO - Filling up the DagBag from /home/airflow/.local/lib/python3.7/site-packages/airflow/example_dags/example_complex.py
[2023-04-26T00:04:36.688+0000] {logging_mixin.py:137} INFO - [2023-04-26T00:04:36.688+0000] {taskmixin.py:211} WARNING - Dependency <Task(BashOperator): create_entry_group>, delete_entry_group already registered for DAG: example_complex
[2023-04-26T00:04:36.689+0000] {logging_mixin.py:137} INFO - [2023-04-26T00:04:36.689+0000] {taskmixin.py:211} WARNING - Dependency <Task(BashOperator): delete_entry_group>, create_entry_group already registered for DAG: example_complex
[2023-04-26T00:04:36.690+0000] {logging_mixin.py:137} INFO - [2023-04-26T00:04:36.690+0000] {taskmixin.py:211} WARNING - Dependency <Task(BashOperator): create_entry_gcs>, delete_entry already registered for DAG: example_complex
[2023-04-26T00:04:36.690+0000] {logging_mixin.py:137} INFO - [2023-04-26T00:04:36.690+0000] {taskmixin.py:211} WARNING - Dependency <Task(BashOperator): delete_entry>, create_entry_gcs already registered for DAG: example_complex
[2023-04-26T00:04:36.691+0000] {logging_mixin.py:137} INFO - [2023-04-26T00:04:36.691+0000] {taskmixin.py:211} WARNING - Dependency <Task(BashOperator): create_tag>, delete_tag already registered for DAG: example_complex
[2023-04-26T00:04:36.692+0000] {logging_mixin.py:137} INFO - [2023-04-26T00:04:36.691+0000] {taskmixin.py:211} WARNING - Dependency <Task(BashOperator): delete_tag>, create_tag already registered for DAG: example_complex
[2023-04-26T00:04:36.700+0000] {processor.py:753} INFO - DAG(s) dict_keys(['example_complex']) retrieved from /home/airflow/.local/lib/python3.7/site-packages/airflow/example_dags/example_complex.py
[2023-04-26T00:04:36.734+0000] {logging_mixin.py:137} INFO - [2023-04-26T00:04:36.734+0000] {dag.py:2705} INFO - Sync 1 DAGs
[2023-04-26T00:04:36.756+0000] {logging_mixin.py:137} INFO - [2023-04-26T00:04:36.755+0000] {dag.py:3456} INFO - Setting next_dagrun for example_complex to None, run_after=None
[2023-04-26T00:04:36.772+0000] {processor.py:175} INFO - Processing /home/airflow/.local/lib/python3.7/site-packages/airflow/example_dags/example_complex.py took 0.105 seconds
[2023-04-26T00:05:07.622+0000] {processor.py:153} INFO - Started process (PID=4121) to work on /home/airflow/.local/lib/python3.7/site-packages/airflow/example_dags/example_complex.py
[2023-04-26T00:05:07.624+0000] {processor.py:743} INFO - Processing file /home/airflow/.local/lib/python3.7/site-packages/airflow/example_dags/example_complex.py for tasks to queue
[2023-04-26T00:05:07.625+0000] {logging_mixin.py:137} INFO - [2023-04-26T00:05:07.624+0000] {dagbag.py:532} INFO - Filling up the DagBag from /home/airflow/.local/lib/python3.7/site-packages/airflow/example_dags/example_complex.py
[2023-04-26T00:05:07.637+0000] {logging_mixin.py:137} INFO - [2023-04-26T00:05:07.637+0000] {taskmixin.py:211} WARNING - Dependency <Task(BashOperator): create_entry_group>, delete_entry_group already registered for DAG: example_complex
[2023-04-26T00:05:07.638+0000] {logging_mixin.py:137} INFO - [2023-04-26T00:05:07.638+0000] {taskmixin.py:211} WARNING - Dependency <Task(BashOperator): delete_entry_group>, create_entry_group already registered for DAG: example_complex
[2023-04-26T00:05:07.639+0000] {logging_mixin.py:137} INFO - [2023-04-26T00:05:07.639+0000] {taskmixin.py:211} WARNING - Dependency <Task(BashOperator): create_entry_gcs>, delete_entry already registered for DAG: example_complex
[2023-04-26T00:05:07.639+0000] {logging_mixin.py:137} INFO - [2023-04-26T00:05:07.639+0000] {taskmixin.py:211} WARNING - Dependency <Task(BashOperator): delete_entry>, create_entry_gcs already registered for DAG: example_complex
[2023-04-26T00:05:07.640+0000] {logging_mixin.py:137} INFO - [2023-04-26T00:05:07.640+0000] {taskmixin.py:211} WARNING - Dependency <Task(BashOperator): create_tag>, delete_tag already registered for DAG: example_complex
[2023-04-26T00:05:07.641+0000] {logging_mixin.py:137} INFO - [2023-04-26T00:05:07.641+0000] {taskmixin.py:211} WARNING - Dependency <Task(BashOperator): delete_tag>, create_tag already registered for DAG: example_complex
[2023-04-26T00:05:07.648+0000] {processor.py:753} INFO - DAG(s) dict_keys(['example_complex']) retrieved from /home/airflow/.local/lib/python3.7/site-packages/airflow/example_dags/example_complex.py
[2023-04-26T00:05:07.692+0000] {logging_mixin.py:137} INFO - [2023-04-26T00:05:07.692+0000] {dag.py:2705} INFO - Sync 1 DAGs
[2023-04-26T00:05:07.723+0000] {logging_mixin.py:137} INFO - [2023-04-26T00:05:07.723+0000] {dag.py:3456} INFO - Setting next_dagrun for example_complex to None, run_after=None
[2023-04-26T00:05:07.738+0000] {processor.py:175} INFO - Processing /home/airflow/.local/lib/python3.7/site-packages/airflow/example_dags/example_complex.py took 0.120 seconds
[2023-04-26T00:05:37.925+0000] {processor.py:153} INFO - Started process (PID=4174) to work on /home/airflow/.local/lib/python3.7/site-packages/airflow/example_dags/example_complex.py
[2023-04-26T00:05:37.930+0000] {processor.py:743} INFO - Processing file /home/airflow/.local/lib/python3.7/site-packages/airflow/example_dags/example_complex.py for tasks to queue
[2023-04-26T00:05:37.932+0000] {logging_mixin.py:137} INFO - [2023-04-26T00:05:37.932+0000] {dagbag.py:532} INFO - Filling up the DagBag from /home/airflow/.local/lib/python3.7/site-packages/airflow/example_dags/example_complex.py
[2023-04-26T00:05:37.947+0000] {logging_mixin.py:137} INFO - [2023-04-26T00:05:37.947+0000] {taskmixin.py:211} WARNING - Dependency <Task(BashOperator): create_entry_group>, delete_entry_group already registered for DAG: example_complex
[2023-04-26T00:05:37.948+0000] {logging_mixin.py:137} INFO - [2023-04-26T00:05:37.948+0000] {taskmixin.py:211} WARNING - Dependency <Task(BashOperator): delete_entry_group>, create_entry_group already registered for DAG: example_complex
[2023-04-26T00:05:37.948+0000] {logging_mixin.py:137} INFO - [2023-04-26T00:05:37.948+0000] {taskmixin.py:211} WARNING - Dependency <Task(BashOperator): create_entry_gcs>, delete_entry already registered for DAG: example_complex
[2023-04-26T00:05:37.949+0000] {logging_mixin.py:137} INFO - [2023-04-26T00:05:37.949+0000] {taskmixin.py:211} WARNING - Dependency <Task(BashOperator): delete_entry>, create_entry_gcs already registered for DAG: example_complex
[2023-04-26T00:05:37.950+0000] {logging_mixin.py:137} INFO - [2023-04-26T00:05:37.950+0000] {taskmixin.py:211} WARNING - Dependency <Task(BashOperator): create_tag>, delete_tag already registered for DAG: example_complex
[2023-04-26T00:05:37.951+0000] {logging_mixin.py:137} INFO - [2023-04-26T00:05:37.951+0000] {taskmixin.py:211} WARNING - Dependency <Task(BashOperator): delete_tag>, create_tag already registered for DAG: example_complex
[2023-04-26T00:05:37.960+0000] {processor.py:753} INFO - DAG(s) dict_keys(['example_complex']) retrieved from /home/airflow/.local/lib/python3.7/site-packages/airflow/example_dags/example_complex.py
[2023-04-26T00:05:38.005+0000] {logging_mixin.py:137} INFO - [2023-04-26T00:05:38.004+0000] {dag.py:2705} INFO - Sync 1 DAGs
[2023-04-26T00:05:38.036+0000] {logging_mixin.py:137} INFO - [2023-04-26T00:05:38.036+0000] {dag.py:3456} INFO - Setting next_dagrun for example_complex to None, run_after=None
[2023-04-26T00:05:38.055+0000] {processor.py:175} INFO - Processing /home/airflow/.local/lib/python3.7/site-packages/airflow/example_dags/example_complex.py took 0.138 seconds
[2023-04-26T00:06:08.225+0000] {processor.py:153} INFO - Started process (PID=4229) to work on /home/airflow/.local/lib/python3.7/site-packages/airflow/example_dags/example_complex.py
[2023-04-26T00:06:08.226+0000] {processor.py:743} INFO - Processing file /home/airflow/.local/lib/python3.7/site-packages/airflow/example_dags/example_complex.py for tasks to queue
[2023-04-26T00:06:08.227+0000] {logging_mixin.py:137} INFO - [2023-04-26T00:06:08.227+0000] {dagbag.py:532} INFO - Filling up the DagBag from /home/airflow/.local/lib/python3.7/site-packages/airflow/example_dags/example_complex.py
[2023-04-26T00:06:08.238+0000] {logging_mixin.py:137} INFO - [2023-04-26T00:06:08.238+0000] {taskmixin.py:211} WARNING - Dependency <Task(BashOperator): create_entry_group>, delete_entry_group already registered for DAG: example_complex
[2023-04-26T00:06:08.239+0000] {logging_mixin.py:137} INFO - [2023-04-26T00:06:08.239+0000] {taskmixin.py:211} WARNING - Dependency <Task(BashOperator): delete_entry_group>, create_entry_group already registered for DAG: example_complex
[2023-04-26T00:06:08.239+0000] {logging_mixin.py:137} INFO - [2023-04-26T00:06:08.239+0000] {taskmixin.py:211} WARNING - Dependency <Task(BashOperator): create_entry_gcs>, delete_entry already registered for DAG: example_complex
[2023-04-26T00:06:08.240+0000] {logging_mixin.py:137} INFO - [2023-04-26T00:06:08.240+0000] {taskmixin.py:211} WARNING - Dependency <Task(BashOperator): delete_entry>, create_entry_gcs already registered for DAG: example_complex
[2023-04-26T00:06:08.241+0000] {logging_mixin.py:137} INFO - [2023-04-26T00:06:08.241+0000] {taskmixin.py:211} WARNING - Dependency <Task(BashOperator): create_tag>, delete_tag already registered for DAG: example_complex
[2023-04-26T00:06:08.241+0000] {logging_mixin.py:137} INFO - [2023-04-26T00:06:08.241+0000] {taskmixin.py:211} WARNING - Dependency <Task(BashOperator): delete_tag>, create_tag already registered for DAG: example_complex
[2023-04-26T00:06:08.249+0000] {processor.py:753} INFO - DAG(s) dict_keys(['example_complex']) retrieved from /home/airflow/.local/lib/python3.7/site-packages/airflow/example_dags/example_complex.py
[2023-04-26T00:06:08.284+0000] {logging_mixin.py:137} INFO - [2023-04-26T00:06:08.283+0000] {dag.py:2705} INFO - Sync 1 DAGs
[2023-04-26T00:06:08.306+0000] {logging_mixin.py:137} INFO - [2023-04-26T00:06:08.305+0000] {dag.py:3456} INFO - Setting next_dagrun for example_complex to None, run_after=None
[2023-04-26T00:06:08.320+0000] {processor.py:175} INFO - Processing /home/airflow/.local/lib/python3.7/site-packages/airflow/example_dags/example_complex.py took 0.099 seconds
