[2023-04-26T00:00:29.434+0000] {processor.py:153} INFO - Started process (PID=3634) to work on /home/airflow/.local/lib/python3.7/site-packages/airflow/example_dags/example_bash_operator.py
[2023-04-26T00:00:29.436+0000] {processor.py:743} INFO - Processing file /home/airflow/.local/lib/python3.7/site-packages/airflow/example_dags/example_bash_operator.py for tasks to queue
[2023-04-26T00:00:29.437+0000] {logging_mixin.py:137} INFO - [2023-04-26T00:00:29.437+0000] {dagbag.py:532} INFO - Filling up the DagBag from /home/airflow/.local/lib/python3.7/site-packages/airflow/example_dags/example_bash_operator.py
[2023-04-26T00:00:29.463+0000] {processor.py:753} INFO - DAG(s) dict_keys(['example_bash_operator']) retrieved from /home/airflow/.local/lib/python3.7/site-packages/airflow/example_dags/example_bash_operator.py
[2023-04-26T00:00:29.504+0000] {logging_mixin.py:137} INFO - [2023-04-26T00:00:29.504+0000] {dag.py:2705} INFO - Sync 1 DAGs
[2023-04-26T00:00:29.528+0000] {logging_mixin.py:137} INFO - [2023-04-26T00:00:29.528+0000] {dag.py:3456} INFO - Setting next_dagrun for example_bash_operator to 2023-04-25T00:00:00+00:00, run_after=2023-04-26T00:00:00+00:00
[2023-04-26T00:00:29.547+0000] {processor.py:175} INFO - Processing /home/airflow/.local/lib/python3.7/site-packages/airflow/example_dags/example_bash_operator.py took 0.117 seconds
[2023-04-26T00:01:00.226+0000] {processor.py:153} INFO - Started process (PID=3687) to work on /home/airflow/.local/lib/python3.7/site-packages/airflow/example_dags/example_bash_operator.py
[2023-04-26T00:01:00.229+0000] {processor.py:743} INFO - Processing file /home/airflow/.local/lib/python3.7/site-packages/airflow/example_dags/example_bash_operator.py for tasks to queue
[2023-04-26T00:01:00.230+0000] {logging_mixin.py:137} INFO - [2023-04-26T00:01:00.230+0000] {dagbag.py:532} INFO - Filling up the DagBag from /home/airflow/.local/lib/python3.7/site-packages/airflow/example_dags/example_bash_operator.py
[2023-04-26T00:01:00.254+0000] {processor.py:753} INFO - DAG(s) dict_keys(['example_bash_operator']) retrieved from /home/airflow/.local/lib/python3.7/site-packages/airflow/example_dags/example_bash_operator.py
[2023-04-26T00:01:00.289+0000] {logging_mixin.py:137} INFO - [2023-04-26T00:01:00.288+0000] {dag.py:2705} INFO - Sync 1 DAGs
[2023-04-26T00:01:00.312+0000] {logging_mixin.py:137} INFO - [2023-04-26T00:01:00.312+0000] {dag.py:3456} INFO - Setting next_dagrun for example_bash_operator to 2023-04-25T00:00:00+00:00, run_after=2023-04-26T00:00:00+00:00
[2023-04-26T00:01:00.329+0000] {processor.py:175} INFO - Processing /home/airflow/.local/lib/python3.7/site-packages/airflow/example_dags/example_bash_operator.py took 0.107 seconds
[2023-04-26T00:01:31.041+0000] {processor.py:153} INFO - Started process (PID=3740) to work on /home/airflow/.local/lib/python3.7/site-packages/airflow/example_dags/example_bash_operator.py
[2023-04-26T00:01:31.043+0000] {processor.py:743} INFO - Processing file /home/airflow/.local/lib/python3.7/site-packages/airflow/example_dags/example_bash_operator.py for tasks to queue
[2023-04-26T00:01:31.044+0000] {logging_mixin.py:137} INFO - [2023-04-26T00:01:31.044+0000] {dagbag.py:532} INFO - Filling up the DagBag from /home/airflow/.local/lib/python3.7/site-packages/airflow/example_dags/example_bash_operator.py
[2023-04-26T00:01:31.070+0000] {processor.py:753} INFO - DAG(s) dict_keys(['example_bash_operator']) retrieved from /home/airflow/.local/lib/python3.7/site-packages/airflow/example_dags/example_bash_operator.py
[2023-04-26T00:01:31.105+0000] {logging_mixin.py:137} INFO - [2023-04-26T00:01:31.105+0000] {dag.py:2705} INFO - Sync 1 DAGs
[2023-04-26T00:01:31.129+0000] {logging_mixin.py:137} INFO - [2023-04-26T00:01:31.128+0000] {dag.py:3456} INFO - Setting next_dagrun for example_bash_operator to 2023-04-25T00:00:00+00:00, run_after=2023-04-26T00:00:00+00:00
[2023-04-26T00:01:31.145+0000] {processor.py:175} INFO - Processing /home/airflow/.local/lib/python3.7/site-packages/airflow/example_dags/example_bash_operator.py took 0.110 seconds
[2023-04-26T00:02:01.698+0000] {processor.py:153} INFO - Started process (PID=3792) to work on /home/airflow/.local/lib/python3.7/site-packages/airflow/example_dags/example_bash_operator.py
[2023-04-26T00:02:01.701+0000] {processor.py:743} INFO - Processing file /home/airflow/.local/lib/python3.7/site-packages/airflow/example_dags/example_bash_operator.py for tasks to queue
[2023-04-26T00:02:01.703+0000] {logging_mixin.py:137} INFO - [2023-04-26T00:02:01.703+0000] {dagbag.py:532} INFO - Filling up the DagBag from /home/airflow/.local/lib/python3.7/site-packages/airflow/example_dags/example_bash_operator.py
[2023-04-26T00:02:01.746+0000] {processor.py:753} INFO - DAG(s) dict_keys(['example_bash_operator']) retrieved from /home/airflow/.local/lib/python3.7/site-packages/airflow/example_dags/example_bash_operator.py
[2023-04-26T00:02:01.790+0000] {logging_mixin.py:137} INFO - [2023-04-26T00:02:01.790+0000] {dag.py:2705} INFO - Sync 1 DAGs
[2023-04-26T00:02:01.852+0000] {logging_mixin.py:137} INFO - [2023-04-26T00:02:01.851+0000] {dag.py:3456} INFO - Setting next_dagrun for example_bash_operator to 2023-04-25T00:00:00+00:00, run_after=2023-04-26T00:00:00+00:00
[2023-04-26T00:02:01.877+0000] {processor.py:175} INFO - Processing /home/airflow/.local/lib/python3.7/site-packages/airflow/example_dags/example_bash_operator.py took 0.188 seconds
[2023-04-26T00:02:32.606+0000] {processor.py:153} INFO - Started process (PID=3853) to work on /home/airflow/.local/lib/python3.7/site-packages/airflow/example_dags/example_bash_operator.py
[2023-04-26T00:02:32.608+0000] {processor.py:743} INFO - Processing file /home/airflow/.local/lib/python3.7/site-packages/airflow/example_dags/example_bash_operator.py for tasks to queue
[2023-04-26T00:02:32.609+0000] {logging_mixin.py:137} INFO - [2023-04-26T00:02:32.609+0000] {dagbag.py:532} INFO - Filling up the DagBag from /home/airflow/.local/lib/python3.7/site-packages/airflow/example_dags/example_bash_operator.py
[2023-04-26T00:02:32.641+0000] {processor.py:753} INFO - DAG(s) dict_keys(['example_bash_operator']) retrieved from /home/airflow/.local/lib/python3.7/site-packages/airflow/example_dags/example_bash_operator.py
[2023-04-26T00:02:32.685+0000] {logging_mixin.py:137} INFO - [2023-04-26T00:02:32.685+0000] {dag.py:2705} INFO - Sync 1 DAGs
[2023-04-26T00:02:32.713+0000] {logging_mixin.py:137} INFO - [2023-04-26T00:02:32.713+0000] {dag.py:3456} INFO - Setting next_dagrun for example_bash_operator to 2023-04-25T00:00:00+00:00, run_after=2023-04-26T00:00:00+00:00
[2023-04-26T00:02:32.730+0000] {processor.py:175} INFO - Processing /home/airflow/.local/lib/python3.7/site-packages/airflow/example_dags/example_bash_operator.py took 0.131 seconds
[2023-04-26T00:03:03.619+0000] {processor.py:153} INFO - Started process (PID=3906) to work on /home/airflow/.local/lib/python3.7/site-packages/airflow/example_dags/example_bash_operator.py
[2023-04-26T00:03:03.621+0000] {processor.py:743} INFO - Processing file /home/airflow/.local/lib/python3.7/site-packages/airflow/example_dags/example_bash_operator.py for tasks to queue
[2023-04-26T00:03:03.622+0000] {logging_mixin.py:137} INFO - [2023-04-26T00:03:03.622+0000] {dagbag.py:532} INFO - Filling up the DagBag from /home/airflow/.local/lib/python3.7/site-packages/airflow/example_dags/example_bash_operator.py
[2023-04-26T00:03:03.649+0000] {processor.py:753} INFO - DAG(s) dict_keys(['example_bash_operator']) retrieved from /home/airflow/.local/lib/python3.7/site-packages/airflow/example_dags/example_bash_operator.py
[2023-04-26T00:03:03.689+0000] {logging_mixin.py:137} INFO - [2023-04-26T00:03:03.689+0000] {dag.py:2705} INFO - Sync 1 DAGs
[2023-04-26T00:03:03.716+0000] {logging_mixin.py:137} INFO - [2023-04-26T00:03:03.716+0000] {dag.py:3456} INFO - Setting next_dagrun for example_bash_operator to 2023-04-25T00:00:00+00:00, run_after=2023-04-26T00:00:00+00:00
[2023-04-26T00:03:03.732+0000] {processor.py:175} INFO - Processing /home/airflow/.local/lib/python3.7/site-packages/airflow/example_dags/example_bash_operator.py took 0.121 seconds
[2023-04-26T00:03:34.294+0000] {processor.py:153} INFO - Started process (PID=3959) to work on /home/airflow/.local/lib/python3.7/site-packages/airflow/example_dags/example_bash_operator.py
[2023-04-26T00:03:34.297+0000] {processor.py:743} INFO - Processing file /home/airflow/.local/lib/python3.7/site-packages/airflow/example_dags/example_bash_operator.py for tasks to queue
[2023-04-26T00:03:34.298+0000] {logging_mixin.py:137} INFO - [2023-04-26T00:03:34.298+0000] {dagbag.py:532} INFO - Filling up the DagBag from /home/airflow/.local/lib/python3.7/site-packages/airflow/example_dags/example_bash_operator.py
[2023-04-26T00:03:34.327+0000] {processor.py:753} INFO - DAG(s) dict_keys(['example_bash_operator']) retrieved from /home/airflow/.local/lib/python3.7/site-packages/airflow/example_dags/example_bash_operator.py
[2023-04-26T00:03:34.365+0000] {logging_mixin.py:137} INFO - [2023-04-26T00:03:34.365+0000] {dag.py:2705} INFO - Sync 1 DAGs
[2023-04-26T00:03:34.390+0000] {logging_mixin.py:137} INFO - [2023-04-26T00:03:34.390+0000] {dag.py:3456} INFO - Setting next_dagrun for example_bash_operator to 2023-04-25T00:00:00+00:00, run_after=2023-04-26T00:00:00+00:00
[2023-04-26T00:03:34.407+0000] {processor.py:175} INFO - Processing /home/airflow/.local/lib/python3.7/site-packages/airflow/example_dags/example_bash_operator.py took 0.120 seconds
[2023-04-26T00:04:05.353+0000] {processor.py:153} INFO - Started process (PID=4011) to work on /home/airflow/.local/lib/python3.7/site-packages/airflow/example_dags/example_bash_operator.py
[2023-04-26T00:04:05.355+0000] {processor.py:743} INFO - Processing file /home/airflow/.local/lib/python3.7/site-packages/airflow/example_dags/example_bash_operator.py for tasks to queue
[2023-04-26T00:04:05.356+0000] {logging_mixin.py:137} INFO - [2023-04-26T00:04:05.356+0000] {dagbag.py:532} INFO - Filling up the DagBag from /home/airflow/.local/lib/python3.7/site-packages/airflow/example_dags/example_bash_operator.py
[2023-04-26T00:04:05.385+0000] {processor.py:753} INFO - DAG(s) dict_keys(['example_bash_operator']) retrieved from /home/airflow/.local/lib/python3.7/site-packages/airflow/example_dags/example_bash_operator.py
[2023-04-26T00:04:05.434+0000] {logging_mixin.py:137} INFO - [2023-04-26T00:04:05.433+0000] {dag.py:2705} INFO - Sync 1 DAGs
[2023-04-26T00:04:05.460+0000] {logging_mixin.py:137} INFO - [2023-04-26T00:04:05.460+0000] {dag.py:3456} INFO - Setting next_dagrun for example_bash_operator to 2023-04-25T00:00:00+00:00, run_after=2023-04-26T00:00:00+00:00
[2023-04-26T00:04:05.476+0000] {processor.py:175} INFO - Processing /home/airflow/.local/lib/python3.7/site-packages/airflow/example_dags/example_bash_operator.py took 0.130 seconds
[2023-04-26T00:04:36.403+0000] {processor.py:153} INFO - Started process (PID=4064) to work on /home/airflow/.local/lib/python3.7/site-packages/airflow/example_dags/example_bash_operator.py
[2023-04-26T00:04:36.406+0000] {processor.py:743} INFO - Processing file /home/airflow/.local/lib/python3.7/site-packages/airflow/example_dags/example_bash_operator.py for tasks to queue
[2023-04-26T00:04:36.410+0000] {logging_mixin.py:137} INFO - [2023-04-26T00:04:36.410+0000] {dagbag.py:532} INFO - Filling up the DagBag from /home/airflow/.local/lib/python3.7/site-packages/airflow/example_dags/example_bash_operator.py
[2023-04-26T00:04:36.436+0000] {processor.py:753} INFO - DAG(s) dict_keys(['example_bash_operator']) retrieved from /home/airflow/.local/lib/python3.7/site-packages/airflow/example_dags/example_bash_operator.py
[2023-04-26T00:04:36.485+0000] {logging_mixin.py:137} INFO - [2023-04-26T00:04:36.485+0000] {dag.py:2705} INFO - Sync 1 DAGs
[2023-04-26T00:04:36.510+0000] {logging_mixin.py:137} INFO - [2023-04-26T00:04:36.510+0000] {dag.py:3456} INFO - Setting next_dagrun for example_bash_operator to 2023-04-25T00:00:00+00:00, run_after=2023-04-26T00:00:00+00:00
[2023-04-26T00:04:36.525+0000] {processor.py:175} INFO - Processing /home/airflow/.local/lib/python3.7/site-packages/airflow/example_dags/example_bash_operator.py took 0.129 seconds
[2023-04-26T00:05:07.279+0000] {processor.py:153} INFO - Started process (PID=4117) to work on /home/airflow/.local/lib/python3.7/site-packages/airflow/example_dags/example_bash_operator.py
[2023-04-26T00:05:07.282+0000] {processor.py:743} INFO - Processing file /home/airflow/.local/lib/python3.7/site-packages/airflow/example_dags/example_bash_operator.py for tasks to queue
[2023-04-26T00:05:07.284+0000] {logging_mixin.py:137} INFO - [2023-04-26T00:05:07.283+0000] {dagbag.py:532} INFO - Filling up the DagBag from /home/airflow/.local/lib/python3.7/site-packages/airflow/example_dags/example_bash_operator.py
[2023-04-26T00:05:07.322+0000] {processor.py:753} INFO - DAG(s) dict_keys(['example_bash_operator']) retrieved from /home/airflow/.local/lib/python3.7/site-packages/airflow/example_dags/example_bash_operator.py
[2023-04-26T00:05:07.369+0000] {logging_mixin.py:137} INFO - [2023-04-26T00:05:07.369+0000] {dag.py:2705} INFO - Sync 1 DAGs
[2023-04-26T00:05:07.401+0000] {logging_mixin.py:137} INFO - [2023-04-26T00:05:07.401+0000] {dag.py:3456} INFO - Setting next_dagrun for example_bash_operator to 2023-04-25T00:00:00+00:00, run_after=2023-04-26T00:00:00+00:00
[2023-04-26T00:05:07.422+0000] {processor.py:175} INFO - Processing /home/airflow/.local/lib/python3.7/site-packages/airflow/example_dags/example_bash_operator.py took 0.150 seconds
[2023-04-26T00:05:37.535+0000] {processor.py:153} INFO - Started process (PID=4170) to work on /home/airflow/.local/lib/python3.7/site-packages/airflow/example_dags/example_bash_operator.py
[2023-04-26T00:05:37.537+0000] {processor.py:743} INFO - Processing file /home/airflow/.local/lib/python3.7/site-packages/airflow/example_dags/example_bash_operator.py for tasks to queue
[2023-04-26T00:05:37.538+0000] {logging_mixin.py:137} INFO - [2023-04-26T00:05:37.538+0000] {dagbag.py:532} INFO - Filling up the DagBag from /home/airflow/.local/lib/python3.7/site-packages/airflow/example_dags/example_bash_operator.py
[2023-04-26T00:05:37.560+0000] {processor.py:753} INFO - DAG(s) dict_keys(['example_bash_operator']) retrieved from /home/airflow/.local/lib/python3.7/site-packages/airflow/example_dags/example_bash_operator.py
[2023-04-26T00:05:37.595+0000] {logging_mixin.py:137} INFO - [2023-04-26T00:05:37.595+0000] {dag.py:2705} INFO - Sync 1 DAGs
[2023-04-26T00:05:37.618+0000] {logging_mixin.py:137} INFO - [2023-04-26T00:05:37.618+0000] {dag.py:3456} INFO - Setting next_dagrun for example_bash_operator to 2023-04-25T00:00:00+00:00, run_after=2023-04-26T00:00:00+00:00
[2023-04-26T00:05:37.635+0000] {processor.py:175} INFO - Processing /home/airflow/.local/lib/python3.7/site-packages/airflow/example_dags/example_bash_operator.py took 0.104 seconds
[2023-04-26T00:06:07.967+0000] {processor.py:153} INFO - Started process (PID=4225) to work on /home/airflow/.local/lib/python3.7/site-packages/airflow/example_dags/example_bash_operator.py
[2023-04-26T00:06:07.969+0000] {processor.py:743} INFO - Processing file /home/airflow/.local/lib/python3.7/site-packages/airflow/example_dags/example_bash_operator.py for tasks to queue
[2023-04-26T00:06:07.970+0000] {logging_mixin.py:137} INFO - [2023-04-26T00:06:07.970+0000] {dagbag.py:532} INFO - Filling up the DagBag from /home/airflow/.local/lib/python3.7/site-packages/airflow/example_dags/example_bash_operator.py
[2023-04-26T00:06:07.995+0000] {processor.py:753} INFO - DAG(s) dict_keys(['example_bash_operator']) retrieved from /home/airflow/.local/lib/python3.7/site-packages/airflow/example_dags/example_bash_operator.py
[2023-04-26T00:06:08.031+0000] {logging_mixin.py:137} INFO - [2023-04-26T00:06:08.031+0000] {dag.py:2705} INFO - Sync 1 DAGs
[2023-04-26T00:06:08.057+0000] {logging_mixin.py:137} INFO - [2023-04-26T00:06:08.057+0000] {dag.py:3456} INFO - Setting next_dagrun for example_bash_operator to 2023-04-25T00:00:00+00:00, run_after=2023-04-26T00:00:00+00:00
[2023-04-26T00:06:08.075+0000] {processor.py:175} INFO - Processing /home/airflow/.local/lib/python3.7/site-packages/airflow/example_dags/example_bash_operator.py took 0.113 seconds
