[2023-04-26T00:00:07.287+0000] {processor.py:153} INFO - Started process (PID=3609) to work on /home/airflow/.local/lib/python3.7/site-packages/airflow/example_dags/example_task_group.py
[2023-04-26T00:00:07.288+0000] {processor.py:743} INFO - Processing file /home/airflow/.local/lib/python3.7/site-packages/airflow/example_dags/example_task_group.py for tasks to queue
[2023-04-26T00:00:07.289+0000] {logging_mixin.py:137} INFO - [2023-04-26T00:00:07.289+0000] {dagbag.py:532} INFO - Filling up the DagBag from /home/airflow/.local/lib/python3.7/site-packages/airflow/example_dags/example_task_group.py
[2023-04-26T00:00:07.306+0000] {processor.py:753} INFO - DAG(s) dict_keys(['example_task_group']) retrieved from /home/airflow/.local/lib/python3.7/site-packages/airflow/example_dags/example_task_group.py
[2023-04-26T00:00:07.333+0000] {logging_mixin.py:137} INFO - [2023-04-26T00:00:07.333+0000] {dag.py:2705} INFO - Sync 1 DAGs
[2023-04-26T00:00:07.374+0000] {logging_mixin.py:137} INFO - [2023-04-26T00:00:07.374+0000] {dag.py:3456} INFO - Setting next_dagrun for example_task_group to 2023-04-25T00:00:07.374392+00:00, run_after=2023-04-26T00:00:07.374392+00:00
[2023-04-26T00:00:07.405+0000] {processor.py:175} INFO - Processing /home/airflow/.local/lib/python3.7/site-packages/airflow/example_dags/example_task_group.py took 0.122 seconds
[2023-04-26T00:00:37.944+0000] {processor.py:153} INFO - Started process (PID=3662) to work on /home/airflow/.local/lib/python3.7/site-packages/airflow/example_dags/example_task_group.py
[2023-04-26T00:00:37.946+0000] {processor.py:743} INFO - Processing file /home/airflow/.local/lib/python3.7/site-packages/airflow/example_dags/example_task_group.py for tasks to queue
[2023-04-26T00:00:37.947+0000] {logging_mixin.py:137} INFO - [2023-04-26T00:00:37.947+0000] {dagbag.py:532} INFO - Filling up the DagBag from /home/airflow/.local/lib/python3.7/site-packages/airflow/example_dags/example_task_group.py
[2023-04-26T00:00:37.963+0000] {processor.py:753} INFO - DAG(s) dict_keys(['example_task_group']) retrieved from /home/airflow/.local/lib/python3.7/site-packages/airflow/example_dags/example_task_group.py
[2023-04-26T00:00:37.991+0000] {logging_mixin.py:137} INFO - [2023-04-26T00:00:37.991+0000] {dag.py:2705} INFO - Sync 1 DAGs
[2023-04-26T00:00:38.019+0000] {logging_mixin.py:137} INFO - [2023-04-26T00:00:38.019+0000] {dag.py:3456} INFO - Setting next_dagrun for example_task_group to 2023-04-25T00:00:38.018881+00:00, run_after=2023-04-26T00:00:38.018881+00:00
[2023-04-26T00:00:38.039+0000] {processor.py:175} INFO - Processing /home/airflow/.local/lib/python3.7/site-packages/airflow/example_dags/example_task_group.py took 0.098 seconds
[2023-04-26T00:01:08.777+0000] {processor.py:153} INFO - Started process (PID=3715) to work on /home/airflow/.local/lib/python3.7/site-packages/airflow/example_dags/example_task_group.py
[2023-04-26T00:01:08.779+0000] {processor.py:743} INFO - Processing file /home/airflow/.local/lib/python3.7/site-packages/airflow/example_dags/example_task_group.py for tasks to queue
[2023-04-26T00:01:08.780+0000] {logging_mixin.py:137} INFO - [2023-04-26T00:01:08.779+0000] {dagbag.py:532} INFO - Filling up the DagBag from /home/airflow/.local/lib/python3.7/site-packages/airflow/example_dags/example_task_group.py
[2023-04-26T00:01:08.795+0000] {processor.py:753} INFO - DAG(s) dict_keys(['example_task_group']) retrieved from /home/airflow/.local/lib/python3.7/site-packages/airflow/example_dags/example_task_group.py
[2023-04-26T00:01:08.822+0000] {logging_mixin.py:137} INFO - [2023-04-26T00:01:08.822+0000] {dag.py:2705} INFO - Sync 1 DAGs
[2023-04-26T00:01:08.844+0000] {logging_mixin.py:137} INFO - [2023-04-26T00:01:08.844+0000] {dag.py:3456} INFO - Setting next_dagrun for example_task_group to 2023-04-25T00:01:08.844009+00:00, run_after=2023-04-26T00:01:08.844009+00:00
[2023-04-26T00:01:08.860+0000] {processor.py:175} INFO - Processing /home/airflow/.local/lib/python3.7/site-packages/airflow/example_dags/example_task_group.py took 0.087 seconds
[2023-04-26T00:01:39.406+0000] {processor.py:153} INFO - Started process (PID=3767) to work on /home/airflow/.local/lib/python3.7/site-packages/airflow/example_dags/example_task_group.py
[2023-04-26T00:01:39.407+0000] {processor.py:743} INFO - Processing file /home/airflow/.local/lib/python3.7/site-packages/airflow/example_dags/example_task_group.py for tasks to queue
[2023-04-26T00:01:39.409+0000] {logging_mixin.py:137} INFO - [2023-04-26T00:01:39.409+0000] {dagbag.py:532} INFO - Filling up the DagBag from /home/airflow/.local/lib/python3.7/site-packages/airflow/example_dags/example_task_group.py
[2023-04-26T00:01:39.424+0000] {processor.py:753} INFO - DAG(s) dict_keys(['example_task_group']) retrieved from /home/airflow/.local/lib/python3.7/site-packages/airflow/example_dags/example_task_group.py
[2023-04-26T00:01:39.452+0000] {logging_mixin.py:137} INFO - [2023-04-26T00:01:39.452+0000] {dag.py:2705} INFO - Sync 1 DAGs
[2023-04-26T00:01:39.474+0000] {logging_mixin.py:137} INFO - [2023-04-26T00:01:39.474+0000] {dag.py:3456} INFO - Setting next_dagrun for example_task_group to 2023-04-25T00:01:39.474432+00:00, run_after=2023-04-26T00:01:39.474432+00:00
[2023-04-26T00:01:39.489+0000] {processor.py:175} INFO - Processing /home/airflow/.local/lib/python3.7/site-packages/airflow/example_dags/example_task_group.py took 0.088 seconds
[2023-04-26T00:02:10.137+0000] {processor.py:153} INFO - Started process (PID=3820) to work on /home/airflow/.local/lib/python3.7/site-packages/airflow/example_dags/example_task_group.py
[2023-04-26T00:02:10.139+0000] {processor.py:743} INFO - Processing file /home/airflow/.local/lib/python3.7/site-packages/airflow/example_dags/example_task_group.py for tasks to queue
[2023-04-26T00:02:10.140+0000] {logging_mixin.py:137} INFO - [2023-04-26T00:02:10.140+0000] {dagbag.py:532} INFO - Filling up the DagBag from /home/airflow/.local/lib/python3.7/site-packages/airflow/example_dags/example_task_group.py
[2023-04-26T00:02:10.155+0000] {processor.py:753} INFO - DAG(s) dict_keys(['example_task_group']) retrieved from /home/airflow/.local/lib/python3.7/site-packages/airflow/example_dags/example_task_group.py
[2023-04-26T00:02:10.182+0000] {logging_mixin.py:137} INFO - [2023-04-26T00:02:10.182+0000] {dag.py:2705} INFO - Sync 1 DAGs
[2023-04-26T00:02:10.205+0000] {logging_mixin.py:137} INFO - [2023-04-26T00:02:10.204+0000] {dag.py:3456} INFO - Setting next_dagrun for example_task_group to 2023-04-25T00:02:10.204702+00:00, run_after=2023-04-26T00:02:10.204702+00:00
[2023-04-26T00:02:10.219+0000] {processor.py:175} INFO - Processing /home/airflow/.local/lib/python3.7/site-packages/airflow/example_dags/example_task_group.py took 0.086 seconds
[2023-04-26T00:02:41.141+0000] {processor.py:153} INFO - Started process (PID=3874) to work on /home/airflow/.local/lib/python3.7/site-packages/airflow/example_dags/example_task_group.py
[2023-04-26T00:02:41.143+0000] {processor.py:743} INFO - Processing file /home/airflow/.local/lib/python3.7/site-packages/airflow/example_dags/example_task_group.py for tasks to queue
[2023-04-26T00:02:41.144+0000] {logging_mixin.py:137} INFO - [2023-04-26T00:02:41.144+0000] {dagbag.py:532} INFO - Filling up the DagBag from /home/airflow/.local/lib/python3.7/site-packages/airflow/example_dags/example_task_group.py
[2023-04-26T00:02:41.160+0000] {processor.py:753} INFO - DAG(s) dict_keys(['example_task_group']) retrieved from /home/airflow/.local/lib/python3.7/site-packages/airflow/example_dags/example_task_group.py
[2023-04-26T00:02:41.192+0000] {logging_mixin.py:137} INFO - [2023-04-26T00:02:41.192+0000] {dag.py:2705} INFO - Sync 1 DAGs
[2023-04-26T00:02:41.214+0000] {logging_mixin.py:137} INFO - [2023-04-26T00:02:41.214+0000] {dag.py:3456} INFO - Setting next_dagrun for example_task_group to 2023-04-25T00:02:41.214403+00:00, run_after=2023-04-26T00:02:41.214403+00:00
[2023-04-26T00:02:41.229+0000] {processor.py:175} INFO - Processing /home/airflow/.local/lib/python3.7/site-packages/airflow/example_dags/example_task_group.py took 0.092 seconds
[2023-04-26T00:03:11.999+0000] {processor.py:153} INFO - Started process (PID=3927) to work on /home/airflow/.local/lib/python3.7/site-packages/airflow/example_dags/example_task_group.py
[2023-04-26T00:03:12.000+0000] {processor.py:743} INFO - Processing file /home/airflow/.local/lib/python3.7/site-packages/airflow/example_dags/example_task_group.py for tasks to queue
[2023-04-26T00:03:12.001+0000] {logging_mixin.py:137} INFO - [2023-04-26T00:03:12.001+0000] {dagbag.py:532} INFO - Filling up the DagBag from /home/airflow/.local/lib/python3.7/site-packages/airflow/example_dags/example_task_group.py
[2023-04-26T00:03:12.017+0000] {processor.py:753} INFO - DAG(s) dict_keys(['example_task_group']) retrieved from /home/airflow/.local/lib/python3.7/site-packages/airflow/example_dags/example_task_group.py
[2023-04-26T00:03:12.045+0000] {logging_mixin.py:137} INFO - [2023-04-26T00:03:12.044+0000] {dag.py:2705} INFO - Sync 1 DAGs
[2023-04-26T00:03:12.067+0000] {logging_mixin.py:137} INFO - [2023-04-26T00:03:12.066+0000] {dag.py:3456} INFO - Setting next_dagrun for example_task_group to 2023-04-25T00:03:12.066720+00:00, run_after=2023-04-26T00:03:12.066720+00:00
[2023-04-26T00:03:12.082+0000] {processor.py:175} INFO - Processing /home/airflow/.local/lib/python3.7/site-packages/airflow/example_dags/example_task_group.py took 0.088 seconds
[2023-04-26T00:03:42.709+0000] {processor.py:153} INFO - Started process (PID=3980) to work on /home/airflow/.local/lib/python3.7/site-packages/airflow/example_dags/example_task_group.py
[2023-04-26T00:03:42.711+0000] {processor.py:743} INFO - Processing file /home/airflow/.local/lib/python3.7/site-packages/airflow/example_dags/example_task_group.py for tasks to queue
[2023-04-26T00:03:42.712+0000] {logging_mixin.py:137} INFO - [2023-04-26T00:03:42.712+0000] {dagbag.py:532} INFO - Filling up the DagBag from /home/airflow/.local/lib/python3.7/site-packages/airflow/example_dags/example_task_group.py
[2023-04-26T00:03:42.728+0000] {processor.py:753} INFO - DAG(s) dict_keys(['example_task_group']) retrieved from /home/airflow/.local/lib/python3.7/site-packages/airflow/example_dags/example_task_group.py
[2023-04-26T00:03:42.755+0000] {logging_mixin.py:137} INFO - [2023-04-26T00:03:42.755+0000] {dag.py:2705} INFO - Sync 1 DAGs
[2023-04-26T00:03:42.777+0000] {logging_mixin.py:137} INFO - [2023-04-26T00:03:42.777+0000] {dag.py:3456} INFO - Setting next_dagrun for example_task_group to 2023-04-25T00:03:42.777146+00:00, run_after=2023-04-26T00:03:42.777146+00:00
[2023-04-26T00:03:42.792+0000] {processor.py:175} INFO - Processing /home/airflow/.local/lib/python3.7/site-packages/airflow/example_dags/example_task_group.py took 0.086 seconds
[2023-04-26T00:04:13.071+0000] {processor.py:153} INFO - Started process (PID=4032) to work on /home/airflow/.local/lib/python3.7/site-packages/airflow/example_dags/example_task_group.py
[2023-04-26T00:04:13.072+0000] {processor.py:743} INFO - Processing file /home/airflow/.local/lib/python3.7/site-packages/airflow/example_dags/example_task_group.py for tasks to queue
[2023-04-26T00:04:13.073+0000] {logging_mixin.py:137} INFO - [2023-04-26T00:04:13.073+0000] {dagbag.py:532} INFO - Filling up the DagBag from /home/airflow/.local/lib/python3.7/site-packages/airflow/example_dags/example_task_group.py
[2023-04-26T00:04:13.088+0000] {processor.py:753} INFO - DAG(s) dict_keys(['example_task_group']) retrieved from /home/airflow/.local/lib/python3.7/site-packages/airflow/example_dags/example_task_group.py
[2023-04-26T00:04:13.115+0000] {logging_mixin.py:137} INFO - [2023-04-26T00:04:13.115+0000] {dag.py:2705} INFO - Sync 1 DAGs
[2023-04-26T00:04:13.136+0000] {logging_mixin.py:137} INFO - [2023-04-26T00:04:13.136+0000] {dag.py:3456} INFO - Setting next_dagrun for example_task_group to 2023-04-25T00:04:13.136065+00:00, run_after=2023-04-26T00:04:13.136065+00:00
[2023-04-26T00:04:13.150+0000] {processor.py:175} INFO - Processing /home/airflow/.local/lib/python3.7/site-packages/airflow/example_dags/example_task_group.py took 0.083 seconds
[2023-04-26T00:04:43.914+0000] {processor.py:153} INFO - Started process (PID=4085) to work on /home/airflow/.local/lib/python3.7/site-packages/airflow/example_dags/example_task_group.py
[2023-04-26T00:04:43.916+0000] {processor.py:743} INFO - Processing file /home/airflow/.local/lib/python3.7/site-packages/airflow/example_dags/example_task_group.py for tasks to queue
[2023-04-26T00:04:43.917+0000] {logging_mixin.py:137} INFO - [2023-04-26T00:04:43.917+0000] {dagbag.py:532} INFO - Filling up the DagBag from /home/airflow/.local/lib/python3.7/site-packages/airflow/example_dags/example_task_group.py
[2023-04-26T00:04:43.933+0000] {processor.py:753} INFO - DAG(s) dict_keys(['example_task_group']) retrieved from /home/airflow/.local/lib/python3.7/site-packages/airflow/example_dags/example_task_group.py
[2023-04-26T00:04:43.962+0000] {logging_mixin.py:137} INFO - [2023-04-26T00:04:43.962+0000] {dag.py:2705} INFO - Sync 1 DAGs
[2023-04-26T00:04:43.984+0000] {logging_mixin.py:137} INFO - [2023-04-26T00:04:43.984+0000] {dag.py:3456} INFO - Setting next_dagrun for example_task_group to 2023-04-25T00:04:43.983814+00:00, run_after=2023-04-26T00:04:43.983814+00:00
[2023-04-26T00:04:43.999+0000] {processor.py:175} INFO - Processing /home/airflow/.local/lib/python3.7/site-packages/airflow/example_dags/example_task_group.py took 0.089 seconds
[2023-04-26T00:05:14.207+0000] {processor.py:153} INFO - Started process (PID=4138) to work on /home/airflow/.local/lib/python3.7/site-packages/airflow/example_dags/example_task_group.py
[2023-04-26T00:05:14.209+0000] {processor.py:743} INFO - Processing file /home/airflow/.local/lib/python3.7/site-packages/airflow/example_dags/example_task_group.py for tasks to queue
[2023-04-26T00:05:14.211+0000] {logging_mixin.py:137} INFO - [2023-04-26T00:05:14.210+0000] {dagbag.py:532} INFO - Filling up the DagBag from /home/airflow/.local/lib/python3.7/site-packages/airflow/example_dags/example_task_group.py
[2023-04-26T00:05:14.233+0000] {processor.py:753} INFO - DAG(s) dict_keys(['example_task_group']) retrieved from /home/airflow/.local/lib/python3.7/site-packages/airflow/example_dags/example_task_group.py
[2023-04-26T00:05:14.263+0000] {logging_mixin.py:137} INFO - [2023-04-26T00:05:14.263+0000] {dag.py:2705} INFO - Sync 1 DAGs
[2023-04-26T00:05:14.287+0000] {logging_mixin.py:137} INFO - [2023-04-26T00:05:14.287+0000] {dag.py:3456} INFO - Setting next_dagrun for example_task_group to 2023-04-25T00:05:14.286878+00:00, run_after=2023-04-26T00:05:14.286878+00:00
[2023-04-26T00:05:14.302+0000] {processor.py:175} INFO - Processing /home/airflow/.local/lib/python3.7/site-packages/airflow/example_dags/example_task_group.py took 0.102 seconds
[2023-04-26T00:05:44.423+0000] {processor.py:153} INFO - Started process (PID=4191) to work on /home/airflow/.local/lib/python3.7/site-packages/airflow/example_dags/example_task_group.py
[2023-04-26T00:05:44.425+0000] {processor.py:743} INFO - Processing file /home/airflow/.local/lib/python3.7/site-packages/airflow/example_dags/example_task_group.py for tasks to queue
[2023-04-26T00:05:44.425+0000] {logging_mixin.py:137} INFO - [2023-04-26T00:05:44.425+0000] {dagbag.py:532} INFO - Filling up the DagBag from /home/airflow/.local/lib/python3.7/site-packages/airflow/example_dags/example_task_group.py
[2023-04-26T00:05:44.443+0000] {processor.py:753} INFO - DAG(s) dict_keys(['example_task_group']) retrieved from /home/airflow/.local/lib/python3.7/site-packages/airflow/example_dags/example_task_group.py
[2023-04-26T00:05:44.471+0000] {logging_mixin.py:137} INFO - [2023-04-26T00:05:44.471+0000] {dag.py:2705} INFO - Sync 1 DAGs
[2023-04-26T00:05:44.493+0000] {logging_mixin.py:137} INFO - [2023-04-26T00:05:44.493+0000] {dag.py:3456} INFO - Setting next_dagrun for example_task_group to 2023-04-25T00:05:44.493257+00:00, run_after=2023-04-26T00:05:44.493257+00:00
[2023-04-26T00:05:44.509+0000] {processor.py:175} INFO - Processing /home/airflow/.local/lib/python3.7/site-packages/airflow/example_dags/example_task_group.py took 0.090 seconds
