[2023-04-26T00:00:13.426+0000] {processor.py:153} INFO - Started process (PID=3620) to work on /home/airflow/.local/lib/python3.7/site-packages/airflow/example_dags/example_kubernetes_executor.py
[2023-04-26T00:00:13.428+0000] {processor.py:743} INFO - Processing file /home/airflow/.local/lib/python3.7/site-packages/airflow/example_dags/example_kubernetes_executor.py for tasks to queue
[2023-04-26T00:00:13.430+0000] {logging_mixin.py:137} INFO - [2023-04-26T00:00:13.430+0000] {dagbag.py:532} INFO - Filling up the DagBag from /home/airflow/.local/lib/python3.7/site-packages/airflow/example_dags/example_kubernetes_executor.py
[2023-04-26T00:00:13.493+0000] {processor.py:753} INFO - DAG(s) dict_keys(['example_kubernetes_executor']) retrieved from /home/airflow/.local/lib/python3.7/site-packages/airflow/example_dags/example_kubernetes_executor.py
[2023-04-26T00:00:13.572+0000] {logging_mixin.py:137} INFO - [2023-04-26T00:00:13.571+0000] {dag.py:2705} INFO - Sync 1 DAGs
[2023-04-26T00:00:13.628+0000] {logging_mixin.py:137} INFO - [2023-04-26T00:00:13.628+0000] {dag.py:3456} INFO - Setting next_dagrun for example_kubernetes_executor to None, run_after=None
[2023-04-26T00:00:13.656+0000] {processor.py:175} INFO - Processing /home/airflow/.local/lib/python3.7/site-packages/airflow/example_dags/example_kubernetes_executor.py took 0.237 seconds
[2023-04-26T00:00:43.700+0000] {processor.py:153} INFO - Started process (PID=3671) to work on /home/airflow/.local/lib/python3.7/site-packages/airflow/example_dags/example_kubernetes_executor.py
[2023-04-26T00:00:43.701+0000] {processor.py:743} INFO - Processing file /home/airflow/.local/lib/python3.7/site-packages/airflow/example_dags/example_kubernetes_executor.py for tasks to queue
[2023-04-26T00:00:43.702+0000] {logging_mixin.py:137} INFO - [2023-04-26T00:00:43.702+0000] {dagbag.py:532} INFO - Filling up the DagBag from /home/airflow/.local/lib/python3.7/site-packages/airflow/example_dags/example_kubernetes_executor.py
[2023-04-26T00:00:43.740+0000] {processor.py:753} INFO - DAG(s) dict_keys(['example_kubernetes_executor']) retrieved from /home/airflow/.local/lib/python3.7/site-packages/airflow/example_dags/example_kubernetes_executor.py
[2023-04-26T00:00:43.776+0000] {logging_mixin.py:137} INFO - [2023-04-26T00:00:43.776+0000] {dag.py:2705} INFO - Sync 1 DAGs
[2023-04-26T00:00:43.797+0000] {logging_mixin.py:137} INFO - [2023-04-26T00:00:43.797+0000] {dag.py:3456} INFO - Setting next_dagrun for example_kubernetes_executor to None, run_after=None
[2023-04-26T00:00:43.817+0000] {processor.py:175} INFO - Processing /home/airflow/.local/lib/python3.7/site-packages/airflow/example_dags/example_kubernetes_executor.py took 0.120 seconds
[2023-04-26T00:01:14.406+0000] {processor.py:153} INFO - Started process (PID=3724) to work on /home/airflow/.local/lib/python3.7/site-packages/airflow/example_dags/example_kubernetes_executor.py
[2023-04-26T00:01:14.407+0000] {processor.py:743} INFO - Processing file /home/airflow/.local/lib/python3.7/site-packages/airflow/example_dags/example_kubernetes_executor.py for tasks to queue
[2023-04-26T00:01:14.408+0000] {logging_mixin.py:137} INFO - [2023-04-26T00:01:14.408+0000] {dagbag.py:532} INFO - Filling up the DagBag from /home/airflow/.local/lib/python3.7/site-packages/airflow/example_dags/example_kubernetes_executor.py
[2023-04-26T00:01:14.437+0000] {processor.py:753} INFO - DAG(s) dict_keys(['example_kubernetes_executor']) retrieved from /home/airflow/.local/lib/python3.7/site-packages/airflow/example_dags/example_kubernetes_executor.py
[2023-04-26T00:01:14.468+0000] {logging_mixin.py:137} INFO - [2023-04-26T00:01:14.468+0000] {dag.py:2705} INFO - Sync 1 DAGs
[2023-04-26T00:01:14.490+0000] {logging_mixin.py:137} INFO - [2023-04-26T00:01:14.490+0000] {dag.py:3456} INFO - Setting next_dagrun for example_kubernetes_executor to None, run_after=None
[2023-04-26T00:01:14.506+0000] {processor.py:175} INFO - Processing /home/airflow/.local/lib/python3.7/site-packages/airflow/example_dags/example_kubernetes_executor.py took 0.104 seconds
[2023-04-26T00:01:45.083+0000] {processor.py:153} INFO - Started process (PID=3776) to work on /home/airflow/.local/lib/python3.7/site-packages/airflow/example_dags/example_kubernetes_executor.py
[2023-04-26T00:01:45.085+0000] {processor.py:743} INFO - Processing file /home/airflow/.local/lib/python3.7/site-packages/airflow/example_dags/example_kubernetes_executor.py for tasks to queue
[2023-04-26T00:01:45.086+0000] {logging_mixin.py:137} INFO - [2023-04-26T00:01:45.086+0000] {dagbag.py:532} INFO - Filling up the DagBag from /home/airflow/.local/lib/python3.7/site-packages/airflow/example_dags/example_kubernetes_executor.py
[2023-04-26T00:01:45.116+0000] {processor.py:753} INFO - DAG(s) dict_keys(['example_kubernetes_executor']) retrieved from /home/airflow/.local/lib/python3.7/site-packages/airflow/example_dags/example_kubernetes_executor.py
[2023-04-26T00:01:45.147+0000] {logging_mixin.py:137} INFO - [2023-04-26T00:01:45.147+0000] {dag.py:2705} INFO - Sync 1 DAGs
[2023-04-26T00:01:45.169+0000] {logging_mixin.py:137} INFO - [2023-04-26T00:01:45.169+0000] {dag.py:3456} INFO - Setting next_dagrun for example_kubernetes_executor to None, run_after=None
[2023-04-26T00:01:45.183+0000] {processor.py:175} INFO - Processing /home/airflow/.local/lib/python3.7/site-packages/airflow/example_dags/example_kubernetes_executor.py took 0.103 seconds
[2023-04-26T00:02:15.957+0000] {processor.py:153} INFO - Started process (PID=3829) to work on /home/airflow/.local/lib/python3.7/site-packages/airflow/example_dags/example_kubernetes_executor.py
[2023-04-26T00:02:15.959+0000] {processor.py:743} INFO - Processing file /home/airflow/.local/lib/python3.7/site-packages/airflow/example_dags/example_kubernetes_executor.py for tasks to queue
[2023-04-26T00:02:15.960+0000] {logging_mixin.py:137} INFO - [2023-04-26T00:02:15.960+0000] {dagbag.py:532} INFO - Filling up the DagBag from /home/airflow/.local/lib/python3.7/site-packages/airflow/example_dags/example_kubernetes_executor.py
[2023-04-26T00:02:15.991+0000] {processor.py:753} INFO - DAG(s) dict_keys(['example_kubernetes_executor']) retrieved from /home/airflow/.local/lib/python3.7/site-packages/airflow/example_dags/example_kubernetes_executor.py
[2023-04-26T00:02:16.022+0000] {logging_mixin.py:137} INFO - [2023-04-26T00:02:16.022+0000] {dag.py:2705} INFO - Sync 1 DAGs
[2023-04-26T00:02:16.047+0000] {logging_mixin.py:137} INFO - [2023-04-26T00:02:16.047+0000] {dag.py:3456} INFO - Setting next_dagrun for example_kubernetes_executor to None, run_after=None
[2023-04-26T00:02:16.063+0000] {processor.py:175} INFO - Processing /home/airflow/.local/lib/python3.7/site-packages/airflow/example_dags/example_kubernetes_executor.py took 0.109 seconds
[2023-04-26T00:02:46.930+0000] {processor.py:153} INFO - Started process (PID=3883) to work on /home/airflow/.local/lib/python3.7/site-packages/airflow/example_dags/example_kubernetes_executor.py
[2023-04-26T00:02:46.931+0000] {processor.py:743} INFO - Processing file /home/airflow/.local/lib/python3.7/site-packages/airflow/example_dags/example_kubernetes_executor.py for tasks to queue
[2023-04-26T00:02:46.932+0000] {logging_mixin.py:137} INFO - [2023-04-26T00:02:46.932+0000] {dagbag.py:532} INFO - Filling up the DagBag from /home/airflow/.local/lib/python3.7/site-packages/airflow/example_dags/example_kubernetes_executor.py
[2023-04-26T00:02:46.977+0000] {processor.py:753} INFO - DAG(s) dict_keys(['example_kubernetes_executor']) retrieved from /home/airflow/.local/lib/python3.7/site-packages/airflow/example_dags/example_kubernetes_executor.py
[2023-04-26T00:02:47.010+0000] {logging_mixin.py:137} INFO - [2023-04-26T00:02:47.010+0000] {dag.py:2705} INFO - Sync 1 DAGs
[2023-04-26T00:02:47.032+0000] {logging_mixin.py:137} INFO - [2023-04-26T00:02:47.032+0000] {dag.py:3456} INFO - Setting next_dagrun for example_kubernetes_executor to None, run_after=None
[2023-04-26T00:02:47.048+0000] {processor.py:175} INFO - Processing /home/airflow/.local/lib/python3.7/site-packages/airflow/example_dags/example_kubernetes_executor.py took 0.122 seconds
[2023-04-26T00:03:17.643+0000] {processor.py:153} INFO - Started process (PID=3936) to work on /home/airflow/.local/lib/python3.7/site-packages/airflow/example_dags/example_kubernetes_executor.py
[2023-04-26T00:03:17.645+0000] {processor.py:743} INFO - Processing file /home/airflow/.local/lib/python3.7/site-packages/airflow/example_dags/example_kubernetes_executor.py for tasks to queue
[2023-04-26T00:03:17.646+0000] {logging_mixin.py:137} INFO - [2023-04-26T00:03:17.646+0000] {dagbag.py:532} INFO - Filling up the DagBag from /home/airflow/.local/lib/python3.7/site-packages/airflow/example_dags/example_kubernetes_executor.py
[2023-04-26T00:03:17.675+0000] {processor.py:753} INFO - DAG(s) dict_keys(['example_kubernetes_executor']) retrieved from /home/airflow/.local/lib/python3.7/site-packages/airflow/example_dags/example_kubernetes_executor.py
[2023-04-26T00:03:17.705+0000] {logging_mixin.py:137} INFO - [2023-04-26T00:03:17.705+0000] {dag.py:2705} INFO - Sync 1 DAGs
[2023-04-26T00:03:17.727+0000] {logging_mixin.py:137} INFO - [2023-04-26T00:03:17.727+0000] {dag.py:3456} INFO - Setting next_dagrun for example_kubernetes_executor to None, run_after=None
[2023-04-26T00:03:17.742+0000] {processor.py:175} INFO - Processing /home/airflow/.local/lib/python3.7/site-packages/airflow/example_dags/example_kubernetes_executor.py took 0.103 seconds
[2023-04-26T00:03:48.349+0000] {processor.py:153} INFO - Started process (PID=3989) to work on /home/airflow/.local/lib/python3.7/site-packages/airflow/example_dags/example_kubernetes_executor.py
[2023-04-26T00:03:48.351+0000] {processor.py:743} INFO - Processing file /home/airflow/.local/lib/python3.7/site-packages/airflow/example_dags/example_kubernetes_executor.py for tasks to queue
[2023-04-26T00:03:48.352+0000] {logging_mixin.py:137} INFO - [2023-04-26T00:03:48.351+0000] {dagbag.py:532} INFO - Filling up the DagBag from /home/airflow/.local/lib/python3.7/site-packages/airflow/example_dags/example_kubernetes_executor.py
[2023-04-26T00:03:48.380+0000] {processor.py:753} INFO - DAG(s) dict_keys(['example_kubernetes_executor']) retrieved from /home/airflow/.local/lib/python3.7/site-packages/airflow/example_dags/example_kubernetes_executor.py
[2023-04-26T00:03:48.421+0000] {logging_mixin.py:137} INFO - [2023-04-26T00:03:48.421+0000] {dag.py:2705} INFO - Sync 1 DAGs
[2023-04-26T00:03:48.445+0000] {logging_mixin.py:137} INFO - [2023-04-26T00:03:48.445+0000] {dag.py:3456} INFO - Setting next_dagrun for example_kubernetes_executor to None, run_after=None
[2023-04-26T00:03:48.461+0000] {processor.py:175} INFO - Processing /home/airflow/.local/lib/python3.7/site-packages/airflow/example_dags/example_kubernetes_executor.py took 0.115 seconds
[2023-04-26T00:04:18.716+0000] {processor.py:153} INFO - Started process (PID=4041) to work on /home/airflow/.local/lib/python3.7/site-packages/airflow/example_dags/example_kubernetes_executor.py
[2023-04-26T00:04:18.717+0000] {processor.py:743} INFO - Processing file /home/airflow/.local/lib/python3.7/site-packages/airflow/example_dags/example_kubernetes_executor.py for tasks to queue
[2023-04-26T00:04:18.718+0000] {logging_mixin.py:137} INFO - [2023-04-26T00:04:18.718+0000] {dagbag.py:532} INFO - Filling up the DagBag from /home/airflow/.local/lib/python3.7/site-packages/airflow/example_dags/example_kubernetes_executor.py
[2023-04-26T00:04:18.748+0000] {processor.py:753} INFO - DAG(s) dict_keys(['example_kubernetes_executor']) retrieved from /home/airflow/.local/lib/python3.7/site-packages/airflow/example_dags/example_kubernetes_executor.py
[2023-04-26T00:04:18.779+0000] {logging_mixin.py:137} INFO - [2023-04-26T00:04:18.779+0000] {dag.py:2705} INFO - Sync 1 DAGs
[2023-04-26T00:04:18.800+0000] {logging_mixin.py:137} INFO - [2023-04-26T00:04:18.800+0000] {dag.py:3456} INFO - Setting next_dagrun for example_kubernetes_executor to None, run_after=None
[2023-04-26T00:04:18.814+0000] {processor.py:175} INFO - Processing /home/airflow/.local/lib/python3.7/site-packages/airflow/example_dags/example_kubernetes_executor.py took 0.102 seconds
[2023-04-26T00:04:49.543+0000] {processor.py:153} INFO - Started process (PID=4094) to work on /home/airflow/.local/lib/python3.7/site-packages/airflow/example_dags/example_kubernetes_executor.py
[2023-04-26T00:04:49.545+0000] {processor.py:743} INFO - Processing file /home/airflow/.local/lib/python3.7/site-packages/airflow/example_dags/example_kubernetes_executor.py for tasks to queue
[2023-04-26T00:04:49.546+0000] {logging_mixin.py:137} INFO - [2023-04-26T00:04:49.546+0000] {dagbag.py:532} INFO - Filling up the DagBag from /home/airflow/.local/lib/python3.7/site-packages/airflow/example_dags/example_kubernetes_executor.py
[2023-04-26T00:04:49.575+0000] {processor.py:753} INFO - DAG(s) dict_keys(['example_kubernetes_executor']) retrieved from /home/airflow/.local/lib/python3.7/site-packages/airflow/example_dags/example_kubernetes_executor.py
[2023-04-26T00:04:49.605+0000] {logging_mixin.py:137} INFO - [2023-04-26T00:04:49.605+0000] {dag.py:2705} INFO - Sync 1 DAGs
[2023-04-26T00:04:49.627+0000] {logging_mixin.py:137} INFO - [2023-04-26T00:04:49.627+0000] {dag.py:3456} INFO - Setting next_dagrun for example_kubernetes_executor to None, run_after=None
[2023-04-26T00:04:49.642+0000] {processor.py:175} INFO - Processing /home/airflow/.local/lib/python3.7/site-packages/airflow/example_dags/example_kubernetes_executor.py took 0.102 seconds
[2023-04-26T00:05:19.834+0000] {processor.py:153} INFO - Started process (PID=4147) to work on /home/airflow/.local/lib/python3.7/site-packages/airflow/example_dags/example_kubernetes_executor.py
[2023-04-26T00:05:19.836+0000] {processor.py:743} INFO - Processing file /home/airflow/.local/lib/python3.7/site-packages/airflow/example_dags/example_kubernetes_executor.py for tasks to queue
[2023-04-26T00:05:19.837+0000] {logging_mixin.py:137} INFO - [2023-04-26T00:05:19.836+0000] {dagbag.py:532} INFO - Filling up the DagBag from /home/airflow/.local/lib/python3.7/site-packages/airflow/example_dags/example_kubernetes_executor.py
[2023-04-26T00:05:19.866+0000] {processor.py:753} INFO - DAG(s) dict_keys(['example_kubernetes_executor']) retrieved from /home/airflow/.local/lib/python3.7/site-packages/airflow/example_dags/example_kubernetes_executor.py
[2023-04-26T00:05:19.897+0000] {logging_mixin.py:137} INFO - [2023-04-26T00:05:19.897+0000] {dag.py:2705} INFO - Sync 1 DAGs
[2023-04-26T00:05:19.919+0000] {logging_mixin.py:137} INFO - [2023-04-26T00:05:19.919+0000] {dag.py:3456} INFO - Setting next_dagrun for example_kubernetes_executor to None, run_after=None
[2023-04-26T00:05:19.933+0000] {processor.py:175} INFO - Processing /home/airflow/.local/lib/python3.7/site-packages/airflow/example_dags/example_kubernetes_executor.py took 0.103 seconds
[2023-04-26T00:05:50.094+0000] {processor.py:153} INFO - Started process (PID=4200) to work on /home/airflow/.local/lib/python3.7/site-packages/airflow/example_dags/example_kubernetes_executor.py
[2023-04-26T00:05:50.096+0000] {processor.py:743} INFO - Processing file /home/airflow/.local/lib/python3.7/site-packages/airflow/example_dags/example_kubernetes_executor.py for tasks to queue
[2023-04-26T00:05:50.097+0000] {logging_mixin.py:137} INFO - [2023-04-26T00:05:50.097+0000] {dagbag.py:532} INFO - Filling up the DagBag from /home/airflow/.local/lib/python3.7/site-packages/airflow/example_dags/example_kubernetes_executor.py
[2023-04-26T00:05:50.126+0000] {processor.py:753} INFO - DAG(s) dict_keys(['example_kubernetes_executor']) retrieved from /home/airflow/.local/lib/python3.7/site-packages/airflow/example_dags/example_kubernetes_executor.py
[2023-04-26T00:05:50.157+0000] {logging_mixin.py:137} INFO - [2023-04-26T00:05:50.157+0000] {dag.py:2705} INFO - Sync 1 DAGs
[2023-04-26T00:05:50.178+0000] {logging_mixin.py:137} INFO - [2023-04-26T00:05:50.178+0000] {dag.py:3456} INFO - Setting next_dagrun for example_kubernetes_executor to None, run_after=None
[2023-04-26T00:05:50.192+0000] {processor.py:175} INFO - Processing /home/airflow/.local/lib/python3.7/site-packages/airflow/example_dags/example_kubernetes_executor.py took 0.101 seconds
