[2023-04-26T00:00:04.391+0000] {processor.py:153} INFO - Started process (PID=3597) to work on /home/airflow/.local/lib/python3.7/site-packages/airflow/example_dags/example_python_operator.py
[2023-04-26T00:00:04.392+0000] {processor.py:743} INFO - Processing file /home/airflow/.local/lib/python3.7/site-packages/airflow/example_dags/example_python_operator.py for tasks to queue
[2023-04-26T00:00:04.393+0000] {logging_mixin.py:137} INFO - [2023-04-26T00:00:04.393+0000] {dagbag.py:532} INFO - Filling up the DagBag from /home/airflow/.local/lib/python3.7/site-packages/airflow/example_dags/example_python_operator.py
[2023-04-26T00:00:04.426+0000] {logging_mixin.py:137} INFO - [2023-04-26T00:00:04.426+0000] {taskmixin.py:211} WARNING - Dependency <Task(_PythonDecoratedOperator): print_the_context>, log_sql_query already registered for DAG: example_python_operator
[2023-04-26T00:00:04.427+0000] {logging_mixin.py:137} INFO - [2023-04-26T00:00:04.427+0000] {taskmixin.py:211} WARNING - Dependency <Task(_PythonDecoratedOperator): log_sql_query>, print_the_context already registered for DAG: example_python_operator
[2023-04-26T00:00:04.428+0000] {logging_mixin.py:137} INFO - [2023-04-26T00:00:04.428+0000] {taskmixin.py:211} WARNING - Dependency <Task(_PythonDecoratedOperator): print_the_context>, log_sql_query already registered for DAG: example_python_operator
[2023-04-26T00:00:04.429+0000] {logging_mixin.py:137} INFO - [2023-04-26T00:00:04.429+0000] {taskmixin.py:211} WARNING - Dependency <Task(_PythonDecoratedOperator): log_sql_query>, print_the_context already registered for DAG: example_python_operator
[2023-04-26T00:00:04.430+0000] {logging_mixin.py:137} INFO - [2023-04-26T00:00:04.430+0000] {taskmixin.py:211} WARNING - Dependency <Task(_PythonDecoratedOperator): print_the_context>, log_sql_query already registered for DAG: example_python_operator
[2023-04-26T00:00:04.431+0000] {logging_mixin.py:137} INFO - [2023-04-26T00:00:04.431+0000] {taskmixin.py:211} WARNING - Dependency <Task(_PythonDecoratedOperator): log_sql_query>, print_the_context already registered for DAG: example_python_operator
[2023-04-26T00:00:04.432+0000] {logging_mixin.py:137} INFO - [2023-04-26T00:00:04.432+0000] {taskmixin.py:211} WARNING - Dependency <Task(_PythonDecoratedOperator): print_the_context>, log_sql_query already registered for DAG: example_python_operator
[2023-04-26T00:00:04.432+0000] {logging_mixin.py:137} INFO - [2023-04-26T00:00:04.432+0000] {taskmixin.py:211} WARNING - Dependency <Task(_PythonDecoratedOperator): log_sql_query>, print_the_context already registered for DAG: example_python_operator
[2023-04-26T00:00:04.442+0000] {processor.py:753} INFO - DAG(s) dict_keys(['example_python_operator']) retrieved from /home/airflow/.local/lib/python3.7/site-packages/airflow/example_dags/example_python_operator.py
[2023-04-26T00:00:04.477+0000] {logging_mixin.py:137} INFO - [2023-04-26T00:00:04.477+0000] {dag.py:2705} INFO - Sync 1 DAGs
[2023-04-26T00:00:04.501+0000] {logging_mixin.py:137} INFO - [2023-04-26T00:00:04.501+0000] {dag.py:3456} INFO - Setting next_dagrun for example_python_operator to None, run_after=None
[2023-04-26T00:00:04.517+0000] {processor.py:175} INFO - Processing /home/airflow/.local/lib/python3.7/site-packages/airflow/example_dags/example_python_operator.py took 0.131 seconds
[2023-04-26T00:00:35.082+0000] {processor.py:153} INFO - Started process (PID=3650) to work on /home/airflow/.local/lib/python3.7/site-packages/airflow/example_dags/example_python_operator.py
[2023-04-26T00:00:35.084+0000] {processor.py:743} INFO - Processing file /home/airflow/.local/lib/python3.7/site-packages/airflow/example_dags/example_python_operator.py for tasks to queue
[2023-04-26T00:00:35.085+0000] {logging_mixin.py:137} INFO - [2023-04-26T00:00:35.084+0000] {dagbag.py:532} INFO - Filling up the DagBag from /home/airflow/.local/lib/python3.7/site-packages/airflow/example_dags/example_python_operator.py
[2023-04-26T00:00:35.103+0000] {logging_mixin.py:137} INFO - [2023-04-26T00:00:35.103+0000] {taskmixin.py:211} WARNING - Dependency <Task(_PythonDecoratedOperator): print_the_context>, log_sql_query already registered for DAG: example_python_operator
[2023-04-26T00:00:35.104+0000] {logging_mixin.py:137} INFO - [2023-04-26T00:00:35.104+0000] {taskmixin.py:211} WARNING - Dependency <Task(_PythonDecoratedOperator): log_sql_query>, print_the_context already registered for DAG: example_python_operator
[2023-04-26T00:00:35.105+0000] {logging_mixin.py:137} INFO - [2023-04-26T00:00:35.105+0000] {taskmixin.py:211} WARNING - Dependency <Task(_PythonDecoratedOperator): print_the_context>, log_sql_query already registered for DAG: example_python_operator
[2023-04-26T00:00:35.106+0000] {logging_mixin.py:137} INFO - [2023-04-26T00:00:35.106+0000] {taskmixin.py:211} WARNING - Dependency <Task(_PythonDecoratedOperator): log_sql_query>, print_the_context already registered for DAG: example_python_operator
[2023-04-26T00:00:35.107+0000] {logging_mixin.py:137} INFO - [2023-04-26T00:00:35.107+0000] {taskmixin.py:211} WARNING - Dependency <Task(_PythonDecoratedOperator): print_the_context>, log_sql_query already registered for DAG: example_python_operator
[2023-04-26T00:00:35.107+0000] {logging_mixin.py:137} INFO - [2023-04-26T00:00:35.107+0000] {taskmixin.py:211} WARNING - Dependency <Task(_PythonDecoratedOperator): log_sql_query>, print_the_context already registered for DAG: example_python_operator
[2023-04-26T00:00:35.108+0000] {logging_mixin.py:137} INFO - [2023-04-26T00:00:35.108+0000] {taskmixin.py:211} WARNING - Dependency <Task(_PythonDecoratedOperator): print_the_context>, log_sql_query already registered for DAG: example_python_operator
[2023-04-26T00:00:35.109+0000] {logging_mixin.py:137} INFO - [2023-04-26T00:00:35.109+0000] {taskmixin.py:211} WARNING - Dependency <Task(_PythonDecoratedOperator): log_sql_query>, print_the_context already registered for DAG: example_python_operator
[2023-04-26T00:00:35.115+0000] {processor.py:753} INFO - DAG(s) dict_keys(['example_python_operator']) retrieved from /home/airflow/.local/lib/python3.7/site-packages/airflow/example_dags/example_python_operator.py
[2023-04-26T00:00:35.144+0000] {logging_mixin.py:137} INFO - [2023-04-26T00:00:35.144+0000] {dag.py:2705} INFO - Sync 1 DAGs
[2023-04-26T00:00:35.166+0000] {logging_mixin.py:137} INFO - [2023-04-26T00:00:35.166+0000] {dag.py:3456} INFO - Setting next_dagrun for example_python_operator to None, run_after=None
[2023-04-26T00:00:35.181+0000] {processor.py:175} INFO - Processing /home/airflow/.local/lib/python3.7/site-packages/airflow/example_dags/example_python_operator.py took 0.102 seconds
[2023-04-26T00:01:05.881+0000] {processor.py:153} INFO - Started process (PID=3703) to work on /home/airflow/.local/lib/python3.7/site-packages/airflow/example_dags/example_python_operator.py
[2023-04-26T00:01:05.883+0000] {processor.py:743} INFO - Processing file /home/airflow/.local/lib/python3.7/site-packages/airflow/example_dags/example_python_operator.py for tasks to queue
[2023-04-26T00:01:05.884+0000] {logging_mixin.py:137} INFO - [2023-04-26T00:01:05.884+0000] {dagbag.py:532} INFO - Filling up the DagBag from /home/airflow/.local/lib/python3.7/site-packages/airflow/example_dags/example_python_operator.py
[2023-04-26T00:01:05.903+0000] {logging_mixin.py:137} INFO - [2023-04-26T00:01:05.903+0000] {taskmixin.py:211} WARNING - Dependency <Task(_PythonDecoratedOperator): print_the_context>, log_sql_query already registered for DAG: example_python_operator
[2023-04-26T00:01:05.904+0000] {logging_mixin.py:137} INFO - [2023-04-26T00:01:05.903+0000] {taskmixin.py:211} WARNING - Dependency <Task(_PythonDecoratedOperator): log_sql_query>, print_the_context already registered for DAG: example_python_operator
[2023-04-26T00:01:05.905+0000] {logging_mixin.py:137} INFO - [2023-04-26T00:01:05.904+0000] {taskmixin.py:211} WARNING - Dependency <Task(_PythonDecoratedOperator): print_the_context>, log_sql_query already registered for DAG: example_python_operator
[2023-04-26T00:01:05.905+0000] {logging_mixin.py:137} INFO - [2023-04-26T00:01:05.905+0000] {taskmixin.py:211} WARNING - Dependency <Task(_PythonDecoratedOperator): log_sql_query>, print_the_context already registered for DAG: example_python_operator
[2023-04-26T00:01:05.906+0000] {logging_mixin.py:137} INFO - [2023-04-26T00:01:05.906+0000] {taskmixin.py:211} WARNING - Dependency <Task(_PythonDecoratedOperator): print_the_context>, log_sql_query already registered for DAG: example_python_operator
[2023-04-26T00:01:05.907+0000] {logging_mixin.py:137} INFO - [2023-04-26T00:01:05.907+0000] {taskmixin.py:211} WARNING - Dependency <Task(_PythonDecoratedOperator): log_sql_query>, print_the_context already registered for DAG: example_python_operator
[2023-04-26T00:01:05.908+0000] {logging_mixin.py:137} INFO - [2023-04-26T00:01:05.908+0000] {taskmixin.py:211} WARNING - Dependency <Task(_PythonDecoratedOperator): print_the_context>, log_sql_query already registered for DAG: example_python_operator
[2023-04-26T00:01:05.908+0000] {logging_mixin.py:137} INFO - [2023-04-26T00:01:05.908+0000] {taskmixin.py:211} WARNING - Dependency <Task(_PythonDecoratedOperator): log_sql_query>, print_the_context already registered for DAG: example_python_operator
[2023-04-26T00:01:05.916+0000] {processor.py:753} INFO - DAG(s) dict_keys(['example_python_operator']) retrieved from /home/airflow/.local/lib/python3.7/site-packages/airflow/example_dags/example_python_operator.py
[2023-04-26T00:01:05.944+0000] {logging_mixin.py:137} INFO - [2023-04-26T00:01:05.944+0000] {dag.py:2705} INFO - Sync 1 DAGs
[2023-04-26T00:01:05.966+0000] {logging_mixin.py:137} INFO - [2023-04-26T00:01:05.965+0000] {dag.py:3456} INFO - Setting next_dagrun for example_python_operator to None, run_after=None
[2023-04-26T00:01:05.981+0000] {processor.py:175} INFO - Processing /home/airflow/.local/lib/python3.7/site-packages/airflow/example_dags/example_python_operator.py took 0.104 seconds
[2023-04-26T00:01:36.573+0000] {processor.py:153} INFO - Started process (PID=3755) to work on /home/airflow/.local/lib/python3.7/site-packages/airflow/example_dags/example_python_operator.py
[2023-04-26T00:01:36.575+0000] {processor.py:743} INFO - Processing file /home/airflow/.local/lib/python3.7/site-packages/airflow/example_dags/example_python_operator.py for tasks to queue
[2023-04-26T00:01:36.577+0000] {logging_mixin.py:137} INFO - [2023-04-26T00:01:36.577+0000] {dagbag.py:532} INFO - Filling up the DagBag from /home/airflow/.local/lib/python3.7/site-packages/airflow/example_dags/example_python_operator.py
[2023-04-26T00:01:36.602+0000] {logging_mixin.py:137} INFO - [2023-04-26T00:01:36.602+0000] {taskmixin.py:211} WARNING - Dependency <Task(_PythonDecoratedOperator): print_the_context>, log_sql_query already registered for DAG: example_python_operator
[2023-04-26T00:01:36.602+0000] {logging_mixin.py:137} INFO - [2023-04-26T00:01:36.602+0000] {taskmixin.py:211} WARNING - Dependency <Task(_PythonDecoratedOperator): log_sql_query>, print_the_context already registered for DAG: example_python_operator
[2023-04-26T00:01:36.604+0000] {logging_mixin.py:137} INFO - [2023-04-26T00:01:36.604+0000] {taskmixin.py:211} WARNING - Dependency <Task(_PythonDecoratedOperator): print_the_context>, log_sql_query already registered for DAG: example_python_operator
[2023-04-26T00:01:36.604+0000] {logging_mixin.py:137} INFO - [2023-04-26T00:01:36.604+0000] {taskmixin.py:211} WARNING - Dependency <Task(_PythonDecoratedOperator): log_sql_query>, print_the_context already registered for DAG: example_python_operator
[2023-04-26T00:01:36.606+0000] {logging_mixin.py:137} INFO - [2023-04-26T00:01:36.605+0000] {taskmixin.py:211} WARNING - Dependency <Task(_PythonDecoratedOperator): print_the_context>, log_sql_query already registered for DAG: example_python_operator
[2023-04-26T00:01:36.606+0000] {logging_mixin.py:137} INFO - [2023-04-26T00:01:36.606+0000] {taskmixin.py:211} WARNING - Dependency <Task(_PythonDecoratedOperator): log_sql_query>, print_the_context already registered for DAG: example_python_operator
[2023-04-26T00:01:36.607+0000] {logging_mixin.py:137} INFO - [2023-04-26T00:01:36.607+0000] {taskmixin.py:211} WARNING - Dependency <Task(_PythonDecoratedOperator): print_the_context>, log_sql_query already registered for DAG: example_python_operator
[2023-04-26T00:01:36.609+0000] {logging_mixin.py:137} INFO - [2023-04-26T00:01:36.608+0000] {taskmixin.py:211} WARNING - Dependency <Task(_PythonDecoratedOperator): log_sql_query>, print_the_context already registered for DAG: example_python_operator
[2023-04-26T00:01:36.617+0000] {processor.py:753} INFO - DAG(s) dict_keys(['example_python_operator']) retrieved from /home/airflow/.local/lib/python3.7/site-packages/airflow/example_dags/example_python_operator.py
[2023-04-26T00:01:36.652+0000] {logging_mixin.py:137} INFO - [2023-04-26T00:01:36.652+0000] {dag.py:2705} INFO - Sync 1 DAGs
[2023-04-26T00:01:36.675+0000] {logging_mixin.py:137} INFO - [2023-04-26T00:01:36.675+0000] {dag.py:3456} INFO - Setting next_dagrun for example_python_operator to None, run_after=None
[2023-04-26T00:01:36.693+0000] {processor.py:175} INFO - Processing /home/airflow/.local/lib/python3.7/site-packages/airflow/example_dags/example_python_operator.py took 0.125 seconds
[2023-04-26T00:02:07.395+0000] {processor.py:153} INFO - Started process (PID=3808) to work on /home/airflow/.local/lib/python3.7/site-packages/airflow/example_dags/example_python_operator.py
[2023-04-26T00:02:07.397+0000] {processor.py:743} INFO - Processing file /home/airflow/.local/lib/python3.7/site-packages/airflow/example_dags/example_python_operator.py for tasks to queue
[2023-04-26T00:02:07.398+0000] {logging_mixin.py:137} INFO - [2023-04-26T00:02:07.398+0000] {dagbag.py:532} INFO - Filling up the DagBag from /home/airflow/.local/lib/python3.7/site-packages/airflow/example_dags/example_python_operator.py
[2023-04-26T00:02:07.421+0000] {logging_mixin.py:137} INFO - [2023-04-26T00:02:07.421+0000] {taskmixin.py:211} WARNING - Dependency <Task(_PythonDecoratedOperator): print_the_context>, log_sql_query already registered for DAG: example_python_operator
[2023-04-26T00:02:07.422+0000] {logging_mixin.py:137} INFO - [2023-04-26T00:02:07.422+0000] {taskmixin.py:211} WARNING - Dependency <Task(_PythonDecoratedOperator): log_sql_query>, print_the_context already registered for DAG: example_python_operator
[2023-04-26T00:02:07.423+0000] {logging_mixin.py:137} INFO - [2023-04-26T00:02:07.423+0000] {taskmixin.py:211} WARNING - Dependency <Task(_PythonDecoratedOperator): print_the_context>, log_sql_query already registered for DAG: example_python_operator
[2023-04-26T00:02:07.424+0000] {logging_mixin.py:137} INFO - [2023-04-26T00:02:07.424+0000] {taskmixin.py:211} WARNING - Dependency <Task(_PythonDecoratedOperator): log_sql_query>, print_the_context already registered for DAG: example_python_operator
[2023-04-26T00:02:07.425+0000] {logging_mixin.py:137} INFO - [2023-04-26T00:02:07.425+0000] {taskmixin.py:211} WARNING - Dependency <Task(_PythonDecoratedOperator): print_the_context>, log_sql_query already registered for DAG: example_python_operator
[2023-04-26T00:02:07.425+0000] {logging_mixin.py:137} INFO - [2023-04-26T00:02:07.425+0000] {taskmixin.py:211} WARNING - Dependency <Task(_PythonDecoratedOperator): log_sql_query>, print_the_context already registered for DAG: example_python_operator
[2023-04-26T00:02:07.426+0000] {logging_mixin.py:137} INFO - [2023-04-26T00:02:07.426+0000] {taskmixin.py:211} WARNING - Dependency <Task(_PythonDecoratedOperator): print_the_context>, log_sql_query already registered for DAG: example_python_operator
[2023-04-26T00:02:07.427+0000] {logging_mixin.py:137} INFO - [2023-04-26T00:02:07.427+0000] {taskmixin.py:211} WARNING - Dependency <Task(_PythonDecoratedOperator): log_sql_query>, print_the_context already registered for DAG: example_python_operator
[2023-04-26T00:02:07.435+0000] {processor.py:753} INFO - DAG(s) dict_keys(['example_python_operator']) retrieved from /home/airflow/.local/lib/python3.7/site-packages/airflow/example_dags/example_python_operator.py
[2023-04-26T00:02:07.469+0000] {logging_mixin.py:137} INFO - [2023-04-26T00:02:07.469+0000] {dag.py:2705} INFO - Sync 1 DAGs
[2023-04-26T00:02:07.494+0000] {logging_mixin.py:137} INFO - [2023-04-26T00:02:07.493+0000] {dag.py:3456} INFO - Setting next_dagrun for example_python_operator to None, run_after=None
[2023-04-26T00:02:07.513+0000] {processor.py:175} INFO - Processing /home/airflow/.local/lib/python3.7/site-packages/airflow/example_dags/example_python_operator.py took 0.125 seconds
[2023-04-26T00:02:38.176+0000] {processor.py:153} INFO - Started process (PID=3862) to work on /home/airflow/.local/lib/python3.7/site-packages/airflow/example_dags/example_python_operator.py
[2023-04-26T00:02:38.178+0000] {processor.py:743} INFO - Processing file /home/airflow/.local/lib/python3.7/site-packages/airflow/example_dags/example_python_operator.py for tasks to queue
[2023-04-26T00:02:38.179+0000] {logging_mixin.py:137} INFO - [2023-04-26T00:02:38.179+0000] {dagbag.py:532} INFO - Filling up the DagBag from /home/airflow/.local/lib/python3.7/site-packages/airflow/example_dags/example_python_operator.py
[2023-04-26T00:02:38.202+0000] {logging_mixin.py:137} INFO - [2023-04-26T00:02:38.202+0000] {taskmixin.py:211} WARNING - Dependency <Task(_PythonDecoratedOperator): print_the_context>, log_sql_query already registered for DAG: example_python_operator
[2023-04-26T00:02:38.203+0000] {logging_mixin.py:137} INFO - [2023-04-26T00:02:38.203+0000] {taskmixin.py:211} WARNING - Dependency <Task(_PythonDecoratedOperator): log_sql_query>, print_the_context already registered for DAG: example_python_operator
[2023-04-26T00:02:38.204+0000] {logging_mixin.py:137} INFO - [2023-04-26T00:02:38.204+0000] {taskmixin.py:211} WARNING - Dependency <Task(_PythonDecoratedOperator): print_the_context>, log_sql_query already registered for DAG: example_python_operator
[2023-04-26T00:02:38.204+0000] {logging_mixin.py:137} INFO - [2023-04-26T00:02:38.204+0000] {taskmixin.py:211} WARNING - Dependency <Task(_PythonDecoratedOperator): log_sql_query>, print_the_context already registered for DAG: example_python_operator
[2023-04-26T00:02:38.205+0000] {logging_mixin.py:137} INFO - [2023-04-26T00:02:38.205+0000] {taskmixin.py:211} WARNING - Dependency <Task(_PythonDecoratedOperator): print_the_context>, log_sql_query already registered for DAG: example_python_operator
[2023-04-26T00:02:38.206+0000] {logging_mixin.py:137} INFO - [2023-04-26T00:02:38.206+0000] {taskmixin.py:211} WARNING - Dependency <Task(_PythonDecoratedOperator): log_sql_query>, print_the_context already registered for DAG: example_python_operator
[2023-04-26T00:02:38.207+0000] {logging_mixin.py:137} INFO - [2023-04-26T00:02:38.207+0000] {taskmixin.py:211} WARNING - Dependency <Task(_PythonDecoratedOperator): print_the_context>, log_sql_query already registered for DAG: example_python_operator
[2023-04-26T00:02:38.207+0000] {logging_mixin.py:137} INFO - [2023-04-26T00:02:38.207+0000] {taskmixin.py:211} WARNING - Dependency <Task(_PythonDecoratedOperator): log_sql_query>, print_the_context already registered for DAG: example_python_operator
[2023-04-26T00:02:38.214+0000] {processor.py:753} INFO - DAG(s) dict_keys(['example_python_operator']) retrieved from /home/airflow/.local/lib/python3.7/site-packages/airflow/example_dags/example_python_operator.py
[2023-04-26T00:02:38.243+0000] {logging_mixin.py:137} INFO - [2023-04-26T00:02:38.243+0000] {dag.py:2705} INFO - Sync 1 DAGs
[2023-04-26T00:02:38.265+0000] {logging_mixin.py:137} INFO - [2023-04-26T00:02:38.264+0000] {dag.py:3456} INFO - Setting next_dagrun for example_python_operator to None, run_after=None
[2023-04-26T00:02:38.280+0000] {processor.py:175} INFO - Processing /home/airflow/.local/lib/python3.7/site-packages/airflow/example_dags/example_python_operator.py took 0.109 seconds
[2023-04-26T00:03:09.173+0000] {processor.py:153} INFO - Started process (PID=3915) to work on /home/airflow/.local/lib/python3.7/site-packages/airflow/example_dags/example_python_operator.py
[2023-04-26T00:03:09.175+0000] {processor.py:743} INFO - Processing file /home/airflow/.local/lib/python3.7/site-packages/airflow/example_dags/example_python_operator.py for tasks to queue
[2023-04-26T00:03:09.176+0000] {logging_mixin.py:137} INFO - [2023-04-26T00:03:09.176+0000] {dagbag.py:532} INFO - Filling up the DagBag from /home/airflow/.local/lib/python3.7/site-packages/airflow/example_dags/example_python_operator.py
[2023-04-26T00:03:09.197+0000] {logging_mixin.py:137} INFO - [2023-04-26T00:03:09.196+0000] {taskmixin.py:211} WARNING - Dependency <Task(_PythonDecoratedOperator): print_the_context>, log_sql_query already registered for DAG: example_python_operator
[2023-04-26T00:03:09.197+0000] {logging_mixin.py:137} INFO - [2023-04-26T00:03:09.197+0000] {taskmixin.py:211} WARNING - Dependency <Task(_PythonDecoratedOperator): log_sql_query>, print_the_context already registered for DAG: example_python_operator
[2023-04-26T00:03:09.198+0000] {logging_mixin.py:137} INFO - [2023-04-26T00:03:09.198+0000] {taskmixin.py:211} WARNING - Dependency <Task(_PythonDecoratedOperator): print_the_context>, log_sql_query already registered for DAG: example_python_operator
[2023-04-26T00:03:09.199+0000] {logging_mixin.py:137} INFO - [2023-04-26T00:03:09.199+0000] {taskmixin.py:211} WARNING - Dependency <Task(_PythonDecoratedOperator): log_sql_query>, print_the_context already registered for DAG: example_python_operator
[2023-04-26T00:03:09.200+0000] {logging_mixin.py:137} INFO - [2023-04-26T00:03:09.200+0000] {taskmixin.py:211} WARNING - Dependency <Task(_PythonDecoratedOperator): print_the_context>, log_sql_query already registered for DAG: example_python_operator
[2023-04-26T00:03:09.200+0000] {logging_mixin.py:137} INFO - [2023-04-26T00:03:09.200+0000] {taskmixin.py:211} WARNING - Dependency <Task(_PythonDecoratedOperator): log_sql_query>, print_the_context already registered for DAG: example_python_operator
[2023-04-26T00:03:09.201+0000] {logging_mixin.py:137} INFO - [2023-04-26T00:03:09.201+0000] {taskmixin.py:211} WARNING - Dependency <Task(_PythonDecoratedOperator): print_the_context>, log_sql_query already registered for DAG: example_python_operator
[2023-04-26T00:03:09.202+0000] {logging_mixin.py:137} INFO - [2023-04-26T00:03:09.202+0000] {taskmixin.py:211} WARNING - Dependency <Task(_PythonDecoratedOperator): log_sql_query>, print_the_context already registered for DAG: example_python_operator
[2023-04-26T00:03:09.209+0000] {processor.py:753} INFO - DAG(s) dict_keys(['example_python_operator']) retrieved from /home/airflow/.local/lib/python3.7/site-packages/airflow/example_dags/example_python_operator.py
[2023-04-26T00:03:09.238+0000] {logging_mixin.py:137} INFO - [2023-04-26T00:03:09.238+0000] {dag.py:2705} INFO - Sync 1 DAGs
[2023-04-26T00:03:09.260+0000] {logging_mixin.py:137} INFO - [2023-04-26T00:03:09.260+0000] {dag.py:3456} INFO - Setting next_dagrun for example_python_operator to None, run_after=None
[2023-04-26T00:03:09.278+0000] {processor.py:175} INFO - Processing /home/airflow/.local/lib/python3.7/site-packages/airflow/example_dags/example_python_operator.py took 0.109 seconds
[2023-04-26T00:03:39.879+0000] {processor.py:153} INFO - Started process (PID=3968) to work on /home/airflow/.local/lib/python3.7/site-packages/airflow/example_dags/example_python_operator.py
[2023-04-26T00:03:39.881+0000] {processor.py:743} INFO - Processing file /home/airflow/.local/lib/python3.7/site-packages/airflow/example_dags/example_python_operator.py for tasks to queue
[2023-04-26T00:03:39.882+0000] {logging_mixin.py:137} INFO - [2023-04-26T00:03:39.882+0000] {dagbag.py:532} INFO - Filling up the DagBag from /home/airflow/.local/lib/python3.7/site-packages/airflow/example_dags/example_python_operator.py
[2023-04-26T00:03:39.900+0000] {logging_mixin.py:137} INFO - [2023-04-26T00:03:39.900+0000] {taskmixin.py:211} WARNING - Dependency <Task(_PythonDecoratedOperator): print_the_context>, log_sql_query already registered for DAG: example_python_operator
[2023-04-26T00:03:39.901+0000] {logging_mixin.py:137} INFO - [2023-04-26T00:03:39.901+0000] {taskmixin.py:211} WARNING - Dependency <Task(_PythonDecoratedOperator): log_sql_query>, print_the_context already registered for DAG: example_python_operator
[2023-04-26T00:03:39.902+0000] {logging_mixin.py:137} INFO - [2023-04-26T00:03:39.902+0000] {taskmixin.py:211} WARNING - Dependency <Task(_PythonDecoratedOperator): print_the_context>, log_sql_query already registered for DAG: example_python_operator
[2023-04-26T00:03:39.903+0000] {logging_mixin.py:137} INFO - [2023-04-26T00:03:39.903+0000] {taskmixin.py:211} WARNING - Dependency <Task(_PythonDecoratedOperator): log_sql_query>, print_the_context already registered for DAG: example_python_operator
[2023-04-26T00:03:39.904+0000] {logging_mixin.py:137} INFO - [2023-04-26T00:03:39.904+0000] {taskmixin.py:211} WARNING - Dependency <Task(_PythonDecoratedOperator): print_the_context>, log_sql_query already registered for DAG: example_python_operator
[2023-04-26T00:03:39.905+0000] {logging_mixin.py:137} INFO - [2023-04-26T00:03:39.905+0000] {taskmixin.py:211} WARNING - Dependency <Task(_PythonDecoratedOperator): log_sql_query>, print_the_context already registered for DAG: example_python_operator
[2023-04-26T00:03:39.906+0000] {logging_mixin.py:137} INFO - [2023-04-26T00:03:39.905+0000] {taskmixin.py:211} WARNING - Dependency <Task(_PythonDecoratedOperator): print_the_context>, log_sql_query already registered for DAG: example_python_operator
[2023-04-26T00:03:39.906+0000] {logging_mixin.py:137} INFO - [2023-04-26T00:03:39.906+0000] {taskmixin.py:211} WARNING - Dependency <Task(_PythonDecoratedOperator): log_sql_query>, print_the_context already registered for DAG: example_python_operator
[2023-04-26T00:03:39.913+0000] {processor.py:753} INFO - DAG(s) dict_keys(['example_python_operator']) retrieved from /home/airflow/.local/lib/python3.7/site-packages/airflow/example_dags/example_python_operator.py
[2023-04-26T00:03:39.951+0000] {logging_mixin.py:137} INFO - [2023-04-26T00:03:39.950+0000] {dag.py:2705} INFO - Sync 1 DAGs
[2023-04-26T00:03:39.975+0000] {logging_mixin.py:137} INFO - [2023-04-26T00:03:39.975+0000] {dag.py:3456} INFO - Setting next_dagrun for example_python_operator to None, run_after=None
[2023-04-26T00:03:39.991+0000] {processor.py:175} INFO - Processing /home/airflow/.local/lib/python3.7/site-packages/airflow/example_dags/example_python_operator.py took 0.116 seconds
[2023-04-26T00:04:10.152+0000] {processor.py:153} INFO - Started process (PID=4020) to work on /home/airflow/.local/lib/python3.7/site-packages/airflow/example_dags/example_python_operator.py
[2023-04-26T00:04:10.153+0000] {processor.py:743} INFO - Processing file /home/airflow/.local/lib/python3.7/site-packages/airflow/example_dags/example_python_operator.py for tasks to queue
[2023-04-26T00:04:10.154+0000] {logging_mixin.py:137} INFO - [2023-04-26T00:04:10.154+0000] {dagbag.py:532} INFO - Filling up the DagBag from /home/airflow/.local/lib/python3.7/site-packages/airflow/example_dags/example_python_operator.py
[2023-04-26T00:04:10.172+0000] {logging_mixin.py:137} INFO - [2023-04-26T00:04:10.172+0000] {taskmixin.py:211} WARNING - Dependency <Task(_PythonDecoratedOperator): print_the_context>, log_sql_query already registered for DAG: example_python_operator
[2023-04-26T00:04:10.173+0000] {logging_mixin.py:137} INFO - [2023-04-26T00:04:10.173+0000] {taskmixin.py:211} WARNING - Dependency <Task(_PythonDecoratedOperator): log_sql_query>, print_the_context already registered for DAG: example_python_operator
[2023-04-26T00:04:10.174+0000] {logging_mixin.py:137} INFO - [2023-04-26T00:04:10.174+0000] {taskmixin.py:211} WARNING - Dependency <Task(_PythonDecoratedOperator): print_the_context>, log_sql_query already registered for DAG: example_python_operator
[2023-04-26T00:04:10.175+0000] {logging_mixin.py:137} INFO - [2023-04-26T00:04:10.174+0000] {taskmixin.py:211} WARNING - Dependency <Task(_PythonDecoratedOperator): log_sql_query>, print_the_context already registered for DAG: example_python_operator
[2023-04-26T00:04:10.176+0000] {logging_mixin.py:137} INFO - [2023-04-26T00:04:10.176+0000] {taskmixin.py:211} WARNING - Dependency <Task(_PythonDecoratedOperator): print_the_context>, log_sql_query already registered for DAG: example_python_operator
[2023-04-26T00:04:10.176+0000] {logging_mixin.py:137} INFO - [2023-04-26T00:04:10.176+0000] {taskmixin.py:211} WARNING - Dependency <Task(_PythonDecoratedOperator): log_sql_query>, print_the_context already registered for DAG: example_python_operator
[2023-04-26T00:04:10.177+0000] {logging_mixin.py:137} INFO - [2023-04-26T00:04:10.177+0000] {taskmixin.py:211} WARNING - Dependency <Task(_PythonDecoratedOperator): print_the_context>, log_sql_query already registered for DAG: example_python_operator
[2023-04-26T00:04:10.178+0000] {logging_mixin.py:137} INFO - [2023-04-26T00:04:10.178+0000] {taskmixin.py:211} WARNING - Dependency <Task(_PythonDecoratedOperator): log_sql_query>, print_the_context already registered for DAG: example_python_operator
[2023-04-26T00:04:10.185+0000] {processor.py:753} INFO - DAG(s) dict_keys(['example_python_operator']) retrieved from /home/airflow/.local/lib/python3.7/site-packages/airflow/example_dags/example_python_operator.py
[2023-04-26T00:04:10.212+0000] {logging_mixin.py:137} INFO - [2023-04-26T00:04:10.212+0000] {dag.py:2705} INFO - Sync 1 DAGs
[2023-04-26T00:04:10.233+0000] {logging_mixin.py:137} INFO - [2023-04-26T00:04:10.233+0000] {dag.py:3456} INFO - Setting next_dagrun for example_python_operator to None, run_after=None
[2023-04-26T00:04:10.248+0000] {processor.py:175} INFO - Processing /home/airflow/.local/lib/python3.7/site-packages/airflow/example_dags/example_python_operator.py took 0.100 seconds
[2023-04-26T00:04:41.108+0000] {processor.py:153} INFO - Started process (PID=4073) to work on /home/airflow/.local/lib/python3.7/site-packages/airflow/example_dags/example_python_operator.py
[2023-04-26T00:04:41.110+0000] {processor.py:743} INFO - Processing file /home/airflow/.local/lib/python3.7/site-packages/airflow/example_dags/example_python_operator.py for tasks to queue
[2023-04-26T00:04:41.111+0000] {logging_mixin.py:137} INFO - [2023-04-26T00:04:41.111+0000] {dagbag.py:532} INFO - Filling up the DagBag from /home/airflow/.local/lib/python3.7/site-packages/airflow/example_dags/example_python_operator.py
[2023-04-26T00:04:41.135+0000] {logging_mixin.py:137} INFO - [2023-04-26T00:04:41.134+0000] {taskmixin.py:211} WARNING - Dependency <Task(_PythonDecoratedOperator): print_the_context>, log_sql_query already registered for DAG: example_python_operator
[2023-04-26T00:04:41.135+0000] {logging_mixin.py:137} INFO - [2023-04-26T00:04:41.135+0000] {taskmixin.py:211} WARNING - Dependency <Task(_PythonDecoratedOperator): log_sql_query>, print_the_context already registered for DAG: example_python_operator
[2023-04-26T00:04:41.137+0000] {logging_mixin.py:137} INFO - [2023-04-26T00:04:41.137+0000] {taskmixin.py:211} WARNING - Dependency <Task(_PythonDecoratedOperator): print_the_context>, log_sql_query already registered for DAG: example_python_operator
[2023-04-26T00:04:41.138+0000] {logging_mixin.py:137} INFO - [2023-04-26T00:04:41.138+0000] {taskmixin.py:211} WARNING - Dependency <Task(_PythonDecoratedOperator): log_sql_query>, print_the_context already registered for DAG: example_python_operator
[2023-04-26T00:04:41.139+0000] {logging_mixin.py:137} INFO - [2023-04-26T00:04:41.139+0000] {taskmixin.py:211} WARNING - Dependency <Task(_PythonDecoratedOperator): print_the_context>, log_sql_query already registered for DAG: example_python_operator
[2023-04-26T00:04:41.140+0000] {logging_mixin.py:137} INFO - [2023-04-26T00:04:41.140+0000] {taskmixin.py:211} WARNING - Dependency <Task(_PythonDecoratedOperator): log_sql_query>, print_the_context already registered for DAG: example_python_operator
[2023-04-26T00:04:41.141+0000] {logging_mixin.py:137} INFO - [2023-04-26T00:04:41.141+0000] {taskmixin.py:211} WARNING - Dependency <Task(_PythonDecoratedOperator): print_the_context>, log_sql_query already registered for DAG: example_python_operator
[2023-04-26T00:04:41.142+0000] {logging_mixin.py:137} INFO - [2023-04-26T00:04:41.142+0000] {taskmixin.py:211} WARNING - Dependency <Task(_PythonDecoratedOperator): log_sql_query>, print_the_context already registered for DAG: example_python_operator
[2023-04-26T00:04:41.151+0000] {processor.py:753} INFO - DAG(s) dict_keys(['example_python_operator']) retrieved from /home/airflow/.local/lib/python3.7/site-packages/airflow/example_dags/example_python_operator.py
[2023-04-26T00:04:41.187+0000] {logging_mixin.py:137} INFO - [2023-04-26T00:04:41.187+0000] {dag.py:2705} INFO - Sync 1 DAGs
[2023-04-26T00:04:41.212+0000] {logging_mixin.py:137} INFO - [2023-04-26T00:04:41.212+0000] {dag.py:3456} INFO - Setting next_dagrun for example_python_operator to None, run_after=None
[2023-04-26T00:04:41.228+0000] {processor.py:175} INFO - Processing /home/airflow/.local/lib/python3.7/site-packages/airflow/example_dags/example_python_operator.py took 0.124 seconds
[2023-04-26T00:05:12.122+0000] {processor.py:153} INFO - Started process (PID=4126) to work on /home/airflow/.local/lib/python3.7/site-packages/airflow/example_dags/example_python_operator.py
[2023-04-26T00:05:12.123+0000] {processor.py:743} INFO - Processing file /home/airflow/.local/lib/python3.7/site-packages/airflow/example_dags/example_python_operator.py for tasks to queue
[2023-04-26T00:05:12.125+0000] {logging_mixin.py:137} INFO - [2023-04-26T00:05:12.124+0000] {dagbag.py:532} INFO - Filling up the DagBag from /home/airflow/.local/lib/python3.7/site-packages/airflow/example_dags/example_python_operator.py
[2023-04-26T00:05:12.151+0000] {logging_mixin.py:137} INFO - [2023-04-26T00:05:12.151+0000] {taskmixin.py:211} WARNING - Dependency <Task(_PythonDecoratedOperator): print_the_context>, log_sql_query already registered for DAG: example_python_operator
[2023-04-26T00:05:12.152+0000] {logging_mixin.py:137} INFO - [2023-04-26T00:05:12.152+0000] {taskmixin.py:211} WARNING - Dependency <Task(_PythonDecoratedOperator): log_sql_query>, print_the_context already registered for DAG: example_python_operator
[2023-04-26T00:05:12.154+0000] {logging_mixin.py:137} INFO - [2023-04-26T00:05:12.154+0000] {taskmixin.py:211} WARNING - Dependency <Task(_PythonDecoratedOperator): print_the_context>, log_sql_query already registered for DAG: example_python_operator
[2023-04-26T00:05:12.155+0000] {logging_mixin.py:137} INFO - [2023-04-26T00:05:12.155+0000] {taskmixin.py:211} WARNING - Dependency <Task(_PythonDecoratedOperator): log_sql_query>, print_the_context already registered for DAG: example_python_operator
[2023-04-26T00:05:12.156+0000] {logging_mixin.py:137} INFO - [2023-04-26T00:05:12.156+0000] {taskmixin.py:211} WARNING - Dependency <Task(_PythonDecoratedOperator): print_the_context>, log_sql_query already registered for DAG: example_python_operator
[2023-04-26T00:05:12.157+0000] {logging_mixin.py:137} INFO - [2023-04-26T00:05:12.157+0000] {taskmixin.py:211} WARNING - Dependency <Task(_PythonDecoratedOperator): log_sql_query>, print_the_context already registered for DAG: example_python_operator
[2023-04-26T00:05:12.158+0000] {logging_mixin.py:137} INFO - [2023-04-26T00:05:12.158+0000] {taskmixin.py:211} WARNING - Dependency <Task(_PythonDecoratedOperator): print_the_context>, log_sql_query already registered for DAG: example_python_operator
[2023-04-26T00:05:12.158+0000] {logging_mixin.py:137} INFO - [2023-04-26T00:05:12.158+0000] {taskmixin.py:211} WARNING - Dependency <Task(_PythonDecoratedOperator): log_sql_query>, print_the_context already registered for DAG: example_python_operator
[2023-04-26T00:05:12.167+0000] {processor.py:753} INFO - DAG(s) dict_keys(['example_python_operator']) retrieved from /home/airflow/.local/lib/python3.7/site-packages/airflow/example_dags/example_python_operator.py
[2023-04-26T00:05:12.200+0000] {logging_mixin.py:137} INFO - [2023-04-26T00:05:12.200+0000] {dag.py:2705} INFO - Sync 1 DAGs
[2023-04-26T00:05:12.229+0000] {logging_mixin.py:137} INFO - [2023-04-26T00:05:12.229+0000] {dag.py:3456} INFO - Setting next_dagrun for example_python_operator to None, run_after=None
[2023-04-26T00:05:12.246+0000] {processor.py:175} INFO - Processing /home/airflow/.local/lib/python3.7/site-packages/airflow/example_dags/example_python_operator.py took 0.129 seconds
[2023-04-26T00:05:42.347+0000] {processor.py:153} INFO - Started process (PID=4179) to work on /home/airflow/.local/lib/python3.7/site-packages/airflow/example_dags/example_python_operator.py
[2023-04-26T00:05:42.349+0000] {processor.py:743} INFO - Processing file /home/airflow/.local/lib/python3.7/site-packages/airflow/example_dags/example_python_operator.py for tasks to queue
[2023-04-26T00:05:42.350+0000] {logging_mixin.py:137} INFO - [2023-04-26T00:05:42.350+0000] {dagbag.py:532} INFO - Filling up the DagBag from /home/airflow/.local/lib/python3.7/site-packages/airflow/example_dags/example_python_operator.py
[2023-04-26T00:05:42.379+0000] {logging_mixin.py:137} INFO - [2023-04-26T00:05:42.379+0000] {taskmixin.py:211} WARNING - Dependency <Task(_PythonDecoratedOperator): print_the_context>, log_sql_query already registered for DAG: example_python_operator
[2023-04-26T00:05:42.380+0000] {logging_mixin.py:137} INFO - [2023-04-26T00:05:42.379+0000] {taskmixin.py:211} WARNING - Dependency <Task(_PythonDecoratedOperator): log_sql_query>, print_the_context already registered for DAG: example_python_operator
[2023-04-26T00:05:42.381+0000] {logging_mixin.py:137} INFO - [2023-04-26T00:05:42.381+0000] {taskmixin.py:211} WARNING - Dependency <Task(_PythonDecoratedOperator): print_the_context>, log_sql_query already registered for DAG: example_python_operator
[2023-04-26T00:05:42.381+0000] {logging_mixin.py:137} INFO - [2023-04-26T00:05:42.381+0000] {taskmixin.py:211} WARNING - Dependency <Task(_PythonDecoratedOperator): log_sql_query>, print_the_context already registered for DAG: example_python_operator
[2023-04-26T00:05:42.383+0000] {logging_mixin.py:137} INFO - [2023-04-26T00:05:42.383+0000] {taskmixin.py:211} WARNING - Dependency <Task(_PythonDecoratedOperator): print_the_context>, log_sql_query already registered for DAG: example_python_operator
[2023-04-26T00:05:42.383+0000] {logging_mixin.py:137} INFO - [2023-04-26T00:05:42.383+0000] {taskmixin.py:211} WARNING - Dependency <Task(_PythonDecoratedOperator): log_sql_query>, print_the_context already registered for DAG: example_python_operator
[2023-04-26T00:05:42.384+0000] {logging_mixin.py:137} INFO - [2023-04-26T00:05:42.384+0000] {taskmixin.py:211} WARNING - Dependency <Task(_PythonDecoratedOperator): print_the_context>, log_sql_query already registered for DAG: example_python_operator
[2023-04-26T00:05:42.385+0000] {logging_mixin.py:137} INFO - [2023-04-26T00:05:42.385+0000] {taskmixin.py:211} WARNING - Dependency <Task(_PythonDecoratedOperator): log_sql_query>, print_the_context already registered for DAG: example_python_operator
[2023-04-26T00:05:42.394+0000] {processor.py:753} INFO - DAG(s) dict_keys(['example_python_operator']) retrieved from /home/airflow/.local/lib/python3.7/site-packages/airflow/example_dags/example_python_operator.py
[2023-04-26T00:05:42.449+0000] {logging_mixin.py:137} INFO - [2023-04-26T00:05:42.449+0000] {dag.py:2705} INFO - Sync 1 DAGs
[2023-04-26T00:05:42.477+0000] {logging_mixin.py:137} INFO - [2023-04-26T00:05:42.477+0000] {dag.py:3456} INFO - Setting next_dagrun for example_python_operator to None, run_after=None
[2023-04-26T00:05:42.495+0000] {processor.py:175} INFO - Processing /home/airflow/.local/lib/python3.7/site-packages/airflow/example_dags/example_python_operator.py took 0.155 seconds
