[2023-04-25T23:26:28.959+0000] {taskinstance.py:1090} INFO - Dependencies all met for dep_context=non-requeueable deps ti=<TaskInstance: treino-02.get-data scheduled__2023-04-25T23:24:00+00:00 [queued]>
[2023-04-25T23:26:29.074+0000] {taskinstance.py:1090} INFO - Dependencies all met for dep_context=requeueable deps ti=<TaskInstance: treino-02.get-data scheduled__2023-04-25T23:24:00+00:00 [queued]>
[2023-04-25T23:26:29.075+0000] {taskinstance.py:1288} INFO - 
--------------------------------------------------------------------------------
[2023-04-25T23:26:29.077+0000] {taskinstance.py:1289} INFO - Starting attempt 1 of 2
[2023-04-25T23:26:29.078+0000] {taskinstance.py:1290} INFO - 
--------------------------------------------------------------------------------
[2023-04-25T23:26:29.148+0000] {taskinstance.py:1309} INFO - Executing <Task(BashOperator): get-data> on 2023-04-25 23:24:00+00:00
[2023-04-25T23:26:29.202+0000] {standard_task_runner.py:55} INFO - Started process 289 to run task
[2023-04-25T23:26:29.308+0000] {standard_task_runner.py:82} INFO - Running: ['***', 'tasks', 'run', 'treino-02', 'get-data', 'scheduled__2023-04-25T23:24:00+00:00', '--job-id', '67', '--raw', '--subdir', 'DAGS_FOLDER/treino02.py', '--cfg-path', '/tmp/tmp0x7zc6k8']
[2023-04-25T23:26:29.319+0000] {standard_task_runner.py:83} INFO - Job 67: Subtask get-data
[2023-04-25T23:26:29.707+0000] {task_command.py:389} INFO - Running <TaskInstance: treino-02.get-data scheduled__2023-04-25T23:24:00+00:00 [running]> on host b7947b05bca0
[2023-04-25T23:26:29.964+0000] {taskinstance.py:1518} INFO - Exporting the following env vars:
AIRFLOW_CTX_DAG_EMAIL=test@example.com,test2@example.com
AIRFLOW_CTX_DAG_OWNER=augsmachado
AIRFLOW_CTX_DAG_ID=treino-02
AIRFLOW_CTX_TASK_ID=get-data
AIRFLOW_CTX_EXECUTION_DATE=2023-04-25T23:24:00+00:00
AIRFLOW_CTX_TRY_NUMBER=1
AIRFLOW_CTX_DAG_RUN_ID=scheduled__2023-04-25T23:24:00+00:00
[2023-04-25T23:26:29.991+0000] {subprocess.py:63} INFO - Tmp dir root location: 
 /tmp
[2023-04-25T23:26:29.994+0000] {subprocess.py:75} INFO - Running command: ['/bin/bash', '-c', 'curl https://raw.githubusercontent.com/datasciencedojo/datasets/master/titanic.csv -o ~/Users/augsmachado/Desktop/Development/***-docker/files/titanic.csv']
[2023-04-25T23:26:30.037+0000] {subprocess.py:86} INFO - Output:
[2023-04-25T23:26:30.065+0000] {subprocess.py:93} INFO -   % Total    % Received % Xferd  Average Speed   Time    Time     Time  Current
[2023-04-25T23:26:30.066+0000] {subprocess.py:93} INFO -                                  Dload  Upload   Total   Spent    Left  Speed
[2023-04-25T23:26:30.236+0000] {subprocess.py:93} INFO -   0     0    0     0    0     0      0      0 --:--:-- --:--:-- --:--:--     0Warning: Failed to create the file
[2023-04-25T23:26:30.238+0000] {subprocess.py:93} INFO - Warning: /home/***/Users/augsmachado/Desktop/Development/***-docker/fil
[2023-04-25T23:26:30.238+0000] {subprocess.py:93} INFO - Warning: es/titanic.csv: No such file or directory
[2023-04-25T23:26:30.239+0000] {subprocess.py:93} INFO -   1 60302    1   858    0     0   4988      0  0:00:12 --:--:--  0:00:12  4988
[2023-04-25T23:26:30.240+0000] {subprocess.py:93} INFO - curl: (23) Failure writing output to destination
[2023-04-25T23:26:30.242+0000] {subprocess.py:97} INFO - Command exited with return code 23
[2023-04-25T23:26:30.303+0000] {taskinstance.py:1776} ERROR - Task failed with exception
Traceback (most recent call last):
  File "/home/airflow/.local/lib/python3.7/site-packages/airflow/operators/bash.py", line 197, in execute
    f"Bash command failed. The command returned a non-zero exit code {result.exit_code}."
airflow.exceptions.AirflowException: Bash command failed. The command returned a non-zero exit code 23.
[2023-04-25T23:26:30.323+0000] {taskinstance.py:1332} INFO - Marking task as UP_FOR_RETRY. dag_id=treino-02, task_id=get-data, execution_date=20230425T232400, start_date=20230425T232629, end_date=20230425T232630
[2023-04-25T23:26:30.361+0000] {standard_task_runner.py:105} ERROR - Failed to execute job 67 for task get-data (Bash command failed. The command returned a non-zero exit code 23.; 289)
[2023-04-25T23:26:30.429+0000] {local_task_job.py:212} INFO - Task exited with return code 1
[2023-04-25T23:26:30.672+0000] {taskinstance.py:2596} INFO - 0 downstream tasks scheduled from follow-on schedule check
