[2023-04-25T23:38:36.565+0000] {taskinstance.py:1090} INFO - Dependencies all met for dep_context=non-requeueable deps ti=<TaskInstance: treino-02.get-data scheduled__2023-04-23T22:22:00+00:00 [queued]>
[2023-04-25T23:38:37.413+0000] {taskinstance.py:1090} INFO - Dependencies all met for dep_context=requeueable deps ti=<TaskInstance: treino-02.get-data scheduled__2023-04-23T22:22:00+00:00 [queued]>
[2023-04-25T23:38:37.461+0000] {taskinstance.py:1288} INFO - 
--------------------------------------------------------------------------------
[2023-04-25T23:38:37.467+0000] {taskinstance.py:1289} INFO - Starting attempt 2 of 2
[2023-04-25T23:38:37.468+0000] {taskinstance.py:1290} INFO - 
--------------------------------------------------------------------------------
[2023-04-25T23:38:38.160+0000] {taskinstance.py:1309} INFO - Executing <Task(BashOperator): get-data> on 2023-04-23 22:22:00+00:00
[2023-04-25T23:38:38.274+0000] {standard_task_runner.py:55} INFO - Started process 1432 to run task
[2023-04-25T23:38:38.414+0000] {standard_task_runner.py:82} INFO - Running: ['***', 'tasks', 'run', 'treino-02', 'get-data', 'scheduled__2023-04-23T22:22:00+00:00', '--job-id', '253', '--raw', '--subdir', 'DAGS_FOLDER/treino02.py', '--cfg-path', '/tmp/tmppghmu8k7']
[2023-04-25T23:38:38.417+0000] {standard_task_runner.py:83} INFO - Job 253: Subtask get-data
[2023-04-25T23:38:40.409+0000] {task_command.py:389} INFO - Running <TaskInstance: treino-02.get-data scheduled__2023-04-23T22:22:00+00:00 [running]> on host b7947b05bca0
[2023-04-25T23:38:44.089+0000] {taskinstance.py:1518} INFO - Exporting the following env vars:
AIRFLOW_CTX_DAG_EMAIL=test@example.com,test2@example.com
AIRFLOW_CTX_DAG_OWNER=augsmachado
AIRFLOW_CTX_DAG_ID=treino-02
AIRFLOW_CTX_TASK_ID=get-data
AIRFLOW_CTX_EXECUTION_DATE=2023-04-23T22:22:00+00:00
AIRFLOW_CTX_TRY_NUMBER=2
AIRFLOW_CTX_DAG_RUN_ID=scheduled__2023-04-23T22:22:00+00:00
[2023-04-25T23:38:44.311+0000] {subprocess.py:63} INFO - Tmp dir root location: 
 /tmp
[2023-04-25T23:38:44.329+0000] {subprocess.py:75} INFO - Running command: ['/bin/bash', '-c', 'curl -o ~/titanic.csv https://raw.githubusercontent.com/datasciencedojo/datasets/master/titanic.csv']
[2023-04-25T23:38:44.937+0000] {subprocess.py:86} INFO - Output:
[2023-04-25T23:38:45.386+0000] {subprocess.py:93} INFO -   % Total    % Received % Xferd  Average Speed   Time    Time     Time  Current
[2023-04-25T23:38:45.398+0000] {subprocess.py:93} INFO -                                  Dload  Upload   Total   Spent    Left  Speed
[2023-04-25T23:38:46.058+0000] {subprocess.py:93} INFO -   0     0    0     0    0     0      0      0 --:--:-- --:--:-- --:--:--     0  0     0    0     0    0     0      0      0 --:--:-- --:--:-- --:--:--     0100 60302  100 60302    0     0  90002      0 --:--:-- --:--:-- --:--:-- 90002
[2023-04-25T23:38:46.346+0000] {subprocess.py:97} INFO - Command exited with return code 0
[2023-04-25T23:38:47.878+0000] {taskinstance.py:1332} INFO - Marking task as SUCCESS. dag_id=treino-02, task_id=get-data, execution_date=20230423T222200, start_date=20230425T233836, end_date=20230425T233847
[2023-04-25T23:38:49.985+0000] {local_task_job.py:212} INFO - Task exited with return code 0
[2023-04-25T23:38:51.108+0000] {taskinstance.py:2596} INFO - 0 downstream tasks scheduled from follow-on schedule check
