[2023-04-25T23:37:57.008+0000] {taskinstance.py:1090} INFO - Dependencies all met for dep_context=non-requeueable deps ti=<TaskInstance: treino-02.get-data scheduled__2023-04-23T22:40:00+00:00 [queued]>
[2023-04-25T23:37:57.079+0000] {taskinstance.py:1090} INFO - Dependencies all met for dep_context=requeueable deps ti=<TaskInstance: treino-02.get-data scheduled__2023-04-23T22:40:00+00:00 [queued]>
[2023-04-25T23:37:57.081+0000] {taskinstance.py:1288} INFO - 
--------------------------------------------------------------------------------
[2023-04-25T23:37:57.082+0000] {taskinstance.py:1289} INFO - Starting attempt 1 of 2
[2023-04-25T23:37:57.082+0000] {taskinstance.py:1290} INFO - 
--------------------------------------------------------------------------------
[2023-04-25T23:37:57.132+0000] {taskinstance.py:1309} INFO - Executing <Task(BashOperator): get-data> on 2023-04-23 22:40:00+00:00
[2023-04-25T23:37:57.144+0000] {standard_task_runner.py:55} INFO - Started process 1360 to run task
[2023-04-25T23:37:57.183+0000] {standard_task_runner.py:82} INFO - Running: ['***', 'tasks', 'run', 'treino-02', 'get-data', 'scheduled__2023-04-23T22:40:00+00:00', '--job-id', '239', '--raw', '--subdir', 'DAGS_FOLDER/treino02.py', '--cfg-path', '/tmp/tmp4_rw6g_x']
[2023-04-25T23:37:57.185+0000] {standard_task_runner.py:83} INFO - Job 239: Subtask get-data
[2023-04-25T23:37:58.291+0000] {task_command.py:389} INFO - Running <TaskInstance: treino-02.get-data scheduled__2023-04-23T22:40:00+00:00 [running]> on host b7947b05bca0
[2023-04-25T23:37:58.900+0000] {taskinstance.py:1518} INFO - Exporting the following env vars:
AIRFLOW_CTX_DAG_EMAIL=test@example.com,test2@example.com
AIRFLOW_CTX_DAG_OWNER=augsmachado
AIRFLOW_CTX_DAG_ID=treino-02
AIRFLOW_CTX_TASK_ID=get-data
AIRFLOW_CTX_EXECUTION_DATE=2023-04-23T22:40:00+00:00
AIRFLOW_CTX_TRY_NUMBER=1
AIRFLOW_CTX_DAG_RUN_ID=scheduled__2023-04-23T22:40:00+00:00
[2023-04-25T23:37:58.941+0000] {subprocess.py:63} INFO - Tmp dir root location: 
 /tmp
[2023-04-25T23:37:58.945+0000] {subprocess.py:75} INFO - Running command: ['/bin/bash', '-c', 'curl -o ~/titanic.csv https://raw.githubusercontent.com/datasciencedojo/datasets/master/titanic.csv']
[2023-04-25T23:37:59.031+0000] {subprocess.py:86} INFO - Output:
[2023-04-25T23:37:59.168+0000] {subprocess.py:93} INFO -   % Total    % Received % Xferd  Average Speed   Time    Time     Time  Current
[2023-04-25T23:37:59.169+0000] {subprocess.py:93} INFO -                                  Dload  Upload   Total   Spent    Left  Speed
[2023-04-25T23:37:59.421+0000] {subprocess.py:93} INFO -   0     0    0     0    0     0      0      0 --:--:-- --:--:-- --:--:--     0100 60302  100 60302    0     0   223k      0 --:--:-- --:--:-- --:--:--  224k
[2023-04-25T23:37:59.426+0000] {subprocess.py:97} INFO - Command exited with return code 0
[2023-04-25T23:37:59.992+0000] {taskinstance.py:1332} INFO - Marking task as SUCCESS. dag_id=treino-02, task_id=get-data, execution_date=20230423T224000, start_date=20230425T233757, end_date=20230425T233759
[2023-04-25T23:38:01.768+0000] {local_task_job.py:212} INFO - Task exited with return code 0
[2023-04-25T23:38:04.122+0000] {taskinstance.py:2596} INFO - 1 downstream tasks scheduled from follow-on schedule check
