[2023-06-26T12:30:05.595+0000] {processor.py:153} INFO - Started process (PID=72) to work on /home/airflow/.local/lib/python3.7/site-packages/airflow/example_dags/example_kubernetes_executor.py
[2023-06-26T12:30:05.597+0000] {processor.py:743} INFO - Processing file /home/airflow/.local/lib/python3.7/site-packages/airflow/example_dags/example_kubernetes_executor.py for tasks to queue
[2023-06-26T12:30:05.598+0000] {logging_mixin.py:137} INFO - [2023-06-26T12:30:05.598+0000] {dagbag.py:532} INFO - Filling up the DagBag from /home/airflow/.local/lib/python3.7/site-packages/airflow/example_dags/example_kubernetes_executor.py
[2023-06-26T12:30:05.636+0000] {processor.py:753} INFO - DAG(s) dict_keys(['example_kubernetes_executor']) retrieved from /home/airflow/.local/lib/python3.7/site-packages/airflow/example_dags/example_kubernetes_executor.py
[2023-06-26T12:30:05.686+0000] {logging_mixin.py:137} INFO - [2023-06-26T12:30:05.685+0000] {dag.py:2705} INFO - Sync 1 DAGs
[2023-06-26T12:30:05.722+0000] {logging_mixin.py:137} INFO - [2023-06-26T12:30:05.721+0000] {dag.py:3456} INFO - Setting next_dagrun for example_kubernetes_executor to None, run_after=None
[2023-06-26T12:30:05.752+0000] {processor.py:175} INFO - Processing /home/airflow/.local/lib/python3.7/site-packages/airflow/example_dags/example_kubernetes_executor.py took 0.160 seconds
[2023-06-26T12:30:36.198+0000] {processor.py:153} INFO - Started process (PID=130) to work on /home/airflow/.local/lib/python3.7/site-packages/airflow/example_dags/example_kubernetes_executor.py
[2023-06-26T12:30:36.201+0000] {processor.py:743} INFO - Processing file /home/airflow/.local/lib/python3.7/site-packages/airflow/example_dags/example_kubernetes_executor.py for tasks to queue
[2023-06-26T12:30:36.203+0000] {logging_mixin.py:137} INFO - [2023-06-26T12:30:36.203+0000] {dagbag.py:532} INFO - Filling up the DagBag from /home/airflow/.local/lib/python3.7/site-packages/airflow/example_dags/example_kubernetes_executor.py
[2023-06-26T12:30:36.229+0000] {processor.py:753} INFO - DAG(s) dict_keys(['example_kubernetes_executor']) retrieved from /home/airflow/.local/lib/python3.7/site-packages/airflow/example_dags/example_kubernetes_executor.py
[2023-06-26T12:30:36.252+0000] {logging_mixin.py:137} INFO - [2023-06-26T12:30:36.252+0000] {dag.py:2705} INFO - Sync 1 DAGs
[2023-06-26T12:30:36.267+0000] {logging_mixin.py:137} INFO - [2023-06-26T12:30:36.267+0000] {dag.py:3456} INFO - Setting next_dagrun for example_kubernetes_executor to None, run_after=None
[2023-06-26T12:30:36.277+0000] {processor.py:175} INFO - Processing /home/airflow/.local/lib/python3.7/site-packages/airflow/example_dags/example_kubernetes_executor.py took 0.083 seconds
[2023-06-26T12:31:06.705+0000] {processor.py:153} INFO - Started process (PID=187) to work on /home/airflow/.local/lib/python3.7/site-packages/airflow/example_dags/example_kubernetes_executor.py
[2023-06-26T12:31:06.707+0000] {processor.py:743} INFO - Processing file /home/airflow/.local/lib/python3.7/site-packages/airflow/example_dags/example_kubernetes_executor.py for tasks to queue
[2023-06-26T12:31:06.707+0000] {logging_mixin.py:137} INFO - [2023-06-26T12:31:06.707+0000] {dagbag.py:532} INFO - Filling up the DagBag from /home/airflow/.local/lib/python3.7/site-packages/airflow/example_dags/example_kubernetes_executor.py
[2023-06-26T12:31:06.728+0000] {processor.py:753} INFO - DAG(s) dict_keys(['example_kubernetes_executor']) retrieved from /home/airflow/.local/lib/python3.7/site-packages/airflow/example_dags/example_kubernetes_executor.py
[2023-06-26T12:31:06.751+0000] {logging_mixin.py:137} INFO - [2023-06-26T12:31:06.750+0000] {dag.py:2705} INFO - Sync 1 DAGs
[2023-06-26T12:31:06.764+0000] {logging_mixin.py:137} INFO - [2023-06-26T12:31:06.764+0000] {dag.py:3456} INFO - Setting next_dagrun for example_kubernetes_executor to None, run_after=None
[2023-06-26T12:31:06.775+0000] {processor.py:175} INFO - Processing /home/airflow/.local/lib/python3.7/site-packages/airflow/example_dags/example_kubernetes_executor.py took 0.073 seconds
[2023-06-26T12:31:37.566+0000] {processor.py:153} INFO - Started process (PID=243) to work on /home/airflow/.local/lib/python3.7/site-packages/airflow/example_dags/example_kubernetes_executor.py
[2023-06-26T12:31:37.567+0000] {processor.py:743} INFO - Processing file /home/airflow/.local/lib/python3.7/site-packages/airflow/example_dags/example_kubernetes_executor.py for tasks to queue
[2023-06-26T12:31:37.568+0000] {logging_mixin.py:137} INFO - [2023-06-26T12:31:37.568+0000] {dagbag.py:532} INFO - Filling up the DagBag from /home/airflow/.local/lib/python3.7/site-packages/airflow/example_dags/example_kubernetes_executor.py
[2023-06-26T12:31:37.585+0000] {processor.py:753} INFO - DAG(s) dict_keys(['example_kubernetes_executor']) retrieved from /home/airflow/.local/lib/python3.7/site-packages/airflow/example_dags/example_kubernetes_executor.py
[2023-06-26T12:31:37.605+0000] {logging_mixin.py:137} INFO - [2023-06-26T12:31:37.605+0000] {dag.py:2705} INFO - Sync 1 DAGs
[2023-06-26T12:31:37.620+0000] {logging_mixin.py:137} INFO - [2023-06-26T12:31:37.620+0000] {dag.py:3456} INFO - Setting next_dagrun for example_kubernetes_executor to None, run_after=None
[2023-06-26T12:31:37.629+0000] {processor.py:175} INFO - Processing /home/airflow/.local/lib/python3.7/site-packages/airflow/example_dags/example_kubernetes_executor.py took 0.065 seconds
