[2023-06-26T12:30:04.625+0000] {processor.py:153} INFO - Started process (PID=63) to work on /home/airflow/.local/lib/python3.7/site-packages/airflow/example_dags/example_task_group.py
[2023-06-26T12:30:04.626+0000] {processor.py:743} INFO - Processing file /home/airflow/.local/lib/python3.7/site-packages/airflow/example_dags/example_task_group.py for tasks to queue
[2023-06-26T12:30:04.628+0000] {logging_mixin.py:137} INFO - [2023-06-26T12:30:04.627+0000] {dagbag.py:532} INFO - Filling up the DagBag from /home/airflow/.local/lib/python3.7/site-packages/airflow/example_dags/example_task_group.py
[2023-06-26T12:30:04.642+0000] {processor.py:753} INFO - DAG(s) dict_keys(['example_task_group']) retrieved from /home/airflow/.local/lib/python3.7/site-packages/airflow/example_dags/example_task_group.py
[2023-06-26T12:30:04.675+0000] {logging_mixin.py:137} INFO - [2023-06-26T12:30:04.674+0000] {dag.py:2705} INFO - Sync 1 DAGs
[2023-06-26T12:30:04.700+0000] {logging_mixin.py:137} INFO - [2023-06-26T12:30:04.699+0000] {dag.py:3456} INFO - Setting next_dagrun for example_task_group to 2023-06-25T12:30:04.698667+00:00, run_after=2023-06-26T12:30:04.698667+00:00
[2023-06-26T12:30:04.734+0000] {processor.py:175} INFO - Processing /home/airflow/.local/lib/python3.7/site-packages/airflow/example_dags/example_task_group.py took 0.112 seconds
[2023-06-26T12:30:35.410+0000] {processor.py:153} INFO - Started process (PID=121) to work on /home/airflow/.local/lib/python3.7/site-packages/airflow/example_dags/example_task_group.py
[2023-06-26T12:30:35.413+0000] {processor.py:743} INFO - Processing file /home/airflow/.local/lib/python3.7/site-packages/airflow/example_dags/example_task_group.py for tasks to queue
[2023-06-26T12:30:35.415+0000] {logging_mixin.py:137} INFO - [2023-06-26T12:30:35.415+0000] {dagbag.py:532} INFO - Filling up the DagBag from /home/airflow/.local/lib/python3.7/site-packages/airflow/example_dags/example_task_group.py
[2023-06-26T12:30:35.437+0000] {processor.py:753} INFO - DAG(s) dict_keys(['example_task_group']) retrieved from /home/airflow/.local/lib/python3.7/site-packages/airflow/example_dags/example_task_group.py
[2023-06-26T12:30:35.459+0000] {logging_mixin.py:137} INFO - [2023-06-26T12:30:35.459+0000] {dag.py:2705} INFO - Sync 1 DAGs
[2023-06-26T12:30:35.491+0000] {logging_mixin.py:137} INFO - [2023-06-26T12:30:35.491+0000] {dag.py:3456} INFO - Setting next_dagrun for example_task_group to 2023-06-25T12:30:35.490499+00:00, run_after=2023-06-26T12:30:35.490499+00:00
[2023-06-26T12:30:35.504+0000] {processor.py:175} INFO - Processing /home/airflow/.local/lib/python3.7/site-packages/airflow/example_dags/example_task_group.py took 0.102 seconds
[2023-06-26T12:31:06.192+0000] {processor.py:153} INFO - Started process (PID=178) to work on /home/airflow/.local/lib/python3.7/site-packages/airflow/example_dags/example_task_group.py
[2023-06-26T12:31:06.193+0000] {processor.py:743} INFO - Processing file /home/airflow/.local/lib/python3.7/site-packages/airflow/example_dags/example_task_group.py for tasks to queue
[2023-06-26T12:31:06.194+0000] {logging_mixin.py:137} INFO - [2023-06-26T12:31:06.194+0000] {dagbag.py:532} INFO - Filling up the DagBag from /home/airflow/.local/lib/python3.7/site-packages/airflow/example_dags/example_task_group.py
[2023-06-26T12:31:06.203+0000] {processor.py:753} INFO - DAG(s) dict_keys(['example_task_group']) retrieved from /home/airflow/.local/lib/python3.7/site-packages/airflow/example_dags/example_task_group.py
[2023-06-26T12:31:06.220+0000] {logging_mixin.py:137} INFO - [2023-06-26T12:31:06.220+0000] {dag.py:2705} INFO - Sync 1 DAGs
[2023-06-26T12:31:06.233+0000] {logging_mixin.py:137} INFO - [2023-06-26T12:31:06.233+0000] {dag.py:3456} INFO - Setting next_dagrun for example_task_group to 2023-06-25T12:31:06.232953+00:00, run_after=2023-06-26T12:31:06.232953+00:00
[2023-06-26T12:31:06.242+0000] {processor.py:175} INFO - Processing /home/airflow/.local/lib/python3.7/site-packages/airflow/example_dags/example_task_group.py took 0.053 seconds
[2023-06-26T12:31:37.113+0000] {processor.py:153} INFO - Started process (PID=234) to work on /home/airflow/.local/lib/python3.7/site-packages/airflow/example_dags/example_task_group.py
[2023-06-26T12:31:37.114+0000] {processor.py:743} INFO - Processing file /home/airflow/.local/lib/python3.7/site-packages/airflow/example_dags/example_task_group.py for tasks to queue
[2023-06-26T12:31:37.115+0000] {logging_mixin.py:137} INFO - [2023-06-26T12:31:37.115+0000] {dagbag.py:532} INFO - Filling up the DagBag from /home/airflow/.local/lib/python3.7/site-packages/airflow/example_dags/example_task_group.py
[2023-06-26T12:31:37.126+0000] {processor.py:753} INFO - DAG(s) dict_keys(['example_task_group']) retrieved from /home/airflow/.local/lib/python3.7/site-packages/airflow/example_dags/example_task_group.py
[2023-06-26T12:31:37.145+0000] {logging_mixin.py:137} INFO - [2023-06-26T12:31:37.145+0000] {dag.py:2705} INFO - Sync 1 DAGs
[2023-06-26T12:31:37.159+0000] {logging_mixin.py:137} INFO - [2023-06-26T12:31:37.159+0000] {dag.py:3456} INFO - Setting next_dagrun for example_task_group to 2023-06-25T12:31:37.159341+00:00, run_after=2023-06-26T12:31:37.159341+00:00
[2023-06-26T12:31:37.169+0000] {processor.py:175} INFO - Processing /home/airflow/.local/lib/python3.7/site-packages/airflow/example_dags/example_task_group.py took 0.060 seconds
