[2023-06-26T12:30:03.459+0000] {processor.py:153} INFO - Started process (PID=50) to work on /home/airflow/.local/lib/python3.7/site-packages/airflow/example_dags/example_bash_operator.py
[2023-06-26T12:30:03.463+0000] {processor.py:743} INFO - Processing file /home/airflow/.local/lib/python3.7/site-packages/airflow/example_dags/example_bash_operator.py for tasks to queue
[2023-06-26T12:30:03.464+0000] {logging_mixin.py:137} INFO - [2023-06-26T12:30:03.464+0000] {dagbag.py:532} INFO - Filling up the DagBag from /home/airflow/.local/lib/python3.7/site-packages/airflow/example_dags/example_bash_operator.py
[2023-06-26T12:30:03.508+0000] {processor.py:753} INFO - DAG(s) dict_keys(['example_bash_operator']) retrieved from /home/airflow/.local/lib/python3.7/site-packages/airflow/example_dags/example_bash_operator.py
[2023-06-26T12:30:03.580+0000] {logging_mixin.py:137} INFO - [2023-06-26T12:30:03.579+0000] {dag.py:2705} INFO - Sync 1 DAGs
[2023-06-26T12:30:03.652+0000] {logging_mixin.py:137} INFO - [2023-06-26T12:30:03.651+0000] {dag.py:3456} INFO - Setting next_dagrun for example_bash_operator to 2023-06-25T00:00:00+00:00, run_after=2023-06-26T00:00:00+00:00
[2023-06-26T12:30:03.683+0000] {processor.py:175} INFO - Processing /home/airflow/.local/lib/python3.7/site-packages/airflow/example_dags/example_bash_operator.py took 0.227 seconds
[2023-06-26T12:30:34.236+0000] {processor.py:153} INFO - Started process (PID=108) to work on /home/airflow/.local/lib/python3.7/site-packages/airflow/example_dags/example_bash_operator.py
[2023-06-26T12:30:34.240+0000] {processor.py:743} INFO - Processing file /home/airflow/.local/lib/python3.7/site-packages/airflow/example_dags/example_bash_operator.py for tasks to queue
[2023-06-26T12:30:34.242+0000] {logging_mixin.py:137} INFO - [2023-06-26T12:30:34.242+0000] {dagbag.py:532} INFO - Filling up the DagBag from /home/airflow/.local/lib/python3.7/site-packages/airflow/example_dags/example_bash_operator.py
[2023-06-26T12:30:34.261+0000] {processor.py:753} INFO - DAG(s) dict_keys(['example_bash_operator']) retrieved from /home/airflow/.local/lib/python3.7/site-packages/airflow/example_dags/example_bash_operator.py
[2023-06-26T12:30:34.297+0000] {logging_mixin.py:137} INFO - [2023-06-26T12:30:34.297+0000] {dag.py:2705} INFO - Sync 1 DAGs
[2023-06-26T12:30:34.327+0000] {logging_mixin.py:137} INFO - [2023-06-26T12:30:34.327+0000] {dag.py:3456} INFO - Setting next_dagrun for example_bash_operator to 2023-06-25T00:00:00+00:00, run_after=2023-06-26T00:00:00+00:00
[2023-06-26T12:30:34.338+0000] {processor.py:175} INFO - Processing /home/airflow/.local/lib/python3.7/site-packages/airflow/example_dags/example_bash_operator.py took 0.108 seconds
[2023-06-26T12:31:04.512+0000] {processor.py:153} INFO - Started process (PID=165) to work on /home/airflow/.local/lib/python3.7/site-packages/airflow/example_dags/example_bash_operator.py
[2023-06-26T12:31:04.513+0000] {processor.py:743} INFO - Processing file /home/airflow/.local/lib/python3.7/site-packages/airflow/example_dags/example_bash_operator.py for tasks to queue
[2023-06-26T12:31:04.514+0000] {logging_mixin.py:137} INFO - [2023-06-26T12:31:04.514+0000] {dagbag.py:532} INFO - Filling up the DagBag from /home/airflow/.local/lib/python3.7/site-packages/airflow/example_dags/example_bash_operator.py
[2023-06-26T12:31:04.528+0000] {processor.py:753} INFO - DAG(s) dict_keys(['example_bash_operator']) retrieved from /home/airflow/.local/lib/python3.7/site-packages/airflow/example_dags/example_bash_operator.py
[2023-06-26T12:31:04.570+0000] {logging_mixin.py:137} INFO - [2023-06-26T12:31:04.570+0000] {dag.py:2705} INFO - Sync 1 DAGs
[2023-06-26T12:31:04.589+0000] {logging_mixin.py:137} INFO - [2023-06-26T12:31:04.589+0000] {dag.py:3456} INFO - Setting next_dagrun for example_bash_operator to 2023-06-25T00:00:00+00:00, run_after=2023-06-26T00:00:00+00:00
[2023-06-26T12:31:04.599+0000] {processor.py:175} INFO - Processing /home/airflow/.local/lib/python3.7/site-packages/airflow/example_dags/example_bash_operator.py took 0.090 seconds
[2023-06-26T12:31:35.373+0000] {processor.py:153} INFO - Started process (PID=221) to work on /home/airflow/.local/lib/python3.7/site-packages/airflow/example_dags/example_bash_operator.py
[2023-06-26T12:31:35.375+0000] {processor.py:743} INFO - Processing file /home/airflow/.local/lib/python3.7/site-packages/airflow/example_dags/example_bash_operator.py for tasks to queue
[2023-06-26T12:31:35.376+0000] {logging_mixin.py:137} INFO - [2023-06-26T12:31:35.376+0000] {dagbag.py:532} INFO - Filling up the DagBag from /home/airflow/.local/lib/python3.7/site-packages/airflow/example_dags/example_bash_operator.py
[2023-06-26T12:31:35.390+0000] {processor.py:753} INFO - DAG(s) dict_keys(['example_bash_operator']) retrieved from /home/airflow/.local/lib/python3.7/site-packages/airflow/example_dags/example_bash_operator.py
[2023-06-26T12:31:35.412+0000] {logging_mixin.py:137} INFO - [2023-06-26T12:31:35.412+0000] {dag.py:2705} INFO - Sync 1 DAGs
[2023-06-26T12:31:35.427+0000] {logging_mixin.py:137} INFO - [2023-06-26T12:31:35.427+0000] {dag.py:3456} INFO - Setting next_dagrun for example_bash_operator to 2023-06-25T00:00:00+00:00, run_after=2023-06-26T00:00:00+00:00
[2023-06-26T12:31:35.437+0000] {processor.py:175} INFO - Processing /home/airflow/.local/lib/python3.7/site-packages/airflow/example_dags/example_bash_operator.py took 0.066 seconds
