[2023-06-26T12:30:02.842+0000] {processor.py:153} INFO - Started process (PID=45) to work on /home/airflow/.local/lib/python3.7/site-packages/airflow/example_dags/example_datasets.py
[2023-06-26T12:30:02.845+0000] {processor.py:743} INFO - Processing file /home/airflow/.local/lib/python3.7/site-packages/airflow/example_dags/example_datasets.py for tasks to queue
[2023-06-26T12:30:02.846+0000] {logging_mixin.py:137} INFO - [2023-06-26T12:30:02.846+0000] {dagbag.py:532} INFO - Filling up the DagBag from /home/airflow/.local/lib/python3.7/site-packages/airflow/example_dags/example_datasets.py
[2023-06-26T12:30:02.874+0000] {processor.py:753} INFO - DAG(s) dict_keys(['dataset_consumes_unknown_never_scheduled', 'dataset_consumes_1', 'dataset_consumes_1_and_2', 'dataset_consumes_1_never_scheduled', 'dataset_produces_1', 'dataset_produces_2']) retrieved from /home/airflow/.local/lib/python3.7/site-packages/airflow/example_dags/example_datasets.py
[2023-06-26T12:30:02.985+0000] {logging_mixin.py:137} INFO - [2023-06-26T12:30:02.985+0000] {dag.py:2705} INFO - Sync 6 DAGs
[2023-06-26T12:30:03.017+0000] {logging_mixin.py:137} INFO - [2023-06-26T12:30:03.017+0000] {dag.py:3456} INFO - Setting next_dagrun for dataset_consumes_1 to None, run_after=None
[2023-06-26T12:30:03.022+0000] {logging_mixin.py:137} INFO - [2023-06-26T12:30:03.022+0000] {dag.py:3456} INFO - Setting next_dagrun for dataset_consumes_1_and_2 to None, run_after=None
[2023-06-26T12:30:03.024+0000] {logging_mixin.py:137} INFO - [2023-06-26T12:30:03.024+0000] {dag.py:3456} INFO - Setting next_dagrun for dataset_consumes_1_never_scheduled to None, run_after=None
[2023-06-26T12:30:03.026+0000] {logging_mixin.py:137} INFO - [2023-06-26T12:30:03.026+0000] {dag.py:3456} INFO - Setting next_dagrun for dataset_consumes_unknown_never_scheduled to None, run_after=None
[2023-06-26T12:30:03.028+0000] {logging_mixin.py:137} INFO - [2023-06-26T12:30:03.028+0000] {dag.py:3456} INFO - Setting next_dagrun for dataset_produces_1 to 2023-06-25T00:00:00+00:00, run_after=2023-06-26T00:00:00+00:00
[2023-06-26T12:30:03.033+0000] {logging_mixin.py:137} INFO - [2023-06-26T12:30:03.033+0000] {dag.py:3456} INFO - Setting next_dagrun for dataset_produces_2 to None, run_after=None
[2023-06-26T12:30:03.062+0000] {processor.py:175} INFO - Processing /home/airflow/.local/lib/python3.7/site-packages/airflow/example_dags/example_datasets.py took 0.225 seconds
[2023-06-26T12:30:33.679+0000] {processor.py:153} INFO - Started process (PID=103) to work on /home/airflow/.local/lib/python3.7/site-packages/airflow/example_dags/example_datasets.py
[2023-06-26T12:30:33.681+0000] {processor.py:743} INFO - Processing file /home/airflow/.local/lib/python3.7/site-packages/airflow/example_dags/example_datasets.py for tasks to queue
[2023-06-26T12:30:33.682+0000] {logging_mixin.py:137} INFO - [2023-06-26T12:30:33.682+0000] {dagbag.py:532} INFO - Filling up the DagBag from /home/airflow/.local/lib/python3.7/site-packages/airflow/example_dags/example_datasets.py
[2023-06-26T12:30:33.696+0000] {processor.py:753} INFO - DAG(s) dict_keys(['dataset_consumes_1', 'dataset_produces_2', 'dataset_consumes_1_never_scheduled', 'dataset_consumes_1_and_2', 'dataset_consumes_unknown_never_scheduled', 'dataset_produces_1']) retrieved from /home/airflow/.local/lib/python3.7/site-packages/airflow/example_dags/example_datasets.py
[2023-06-26T12:30:33.735+0000] {logging_mixin.py:137} INFO - [2023-06-26T12:30:33.734+0000] {dag.py:2705} INFO - Sync 6 DAGs
[2023-06-26T12:30:33.763+0000] {logging_mixin.py:137} INFO - [2023-06-26T12:30:33.763+0000] {dag.py:3456} INFO - Setting next_dagrun for dataset_consumes_1 to None, run_after=None
[2023-06-26T12:30:33.768+0000] {logging_mixin.py:137} INFO - [2023-06-26T12:30:33.768+0000] {dag.py:3456} INFO - Setting next_dagrun for dataset_consumes_1_and_2 to None, run_after=None
[2023-06-26T12:30:33.770+0000] {logging_mixin.py:137} INFO - [2023-06-26T12:30:33.770+0000] {dag.py:3456} INFO - Setting next_dagrun for dataset_consumes_1_never_scheduled to None, run_after=None
[2023-06-26T12:30:33.772+0000] {logging_mixin.py:137} INFO - [2023-06-26T12:30:33.772+0000] {dag.py:3456} INFO - Setting next_dagrun for dataset_consumes_unknown_never_scheduled to None, run_after=None
[2023-06-26T12:30:33.775+0000] {logging_mixin.py:137} INFO - [2023-06-26T12:30:33.775+0000] {dag.py:3456} INFO - Setting next_dagrun for dataset_produces_1 to 2023-06-25T00:00:00+00:00, run_after=2023-06-26T00:00:00+00:00
[2023-06-26T12:30:33.778+0000] {logging_mixin.py:137} INFO - [2023-06-26T12:30:33.778+0000] {dag.py:3456} INFO - Setting next_dagrun for dataset_produces_2 to None, run_after=None
[2023-06-26T12:30:33.833+0000] {processor.py:175} INFO - Processing /home/airflow/.local/lib/python3.7/site-packages/airflow/example_dags/example_datasets.py took 0.157 seconds
[2023-06-26T12:31:03.998+0000] {processor.py:153} INFO - Started process (PID=158) to work on /home/airflow/.local/lib/python3.7/site-packages/airflow/example_dags/example_datasets.py
[2023-06-26T12:31:04.000+0000] {processor.py:743} INFO - Processing file /home/airflow/.local/lib/python3.7/site-packages/airflow/example_dags/example_datasets.py for tasks to queue
[2023-06-26T12:31:04.001+0000] {logging_mixin.py:137} INFO - [2023-06-26T12:31:04.001+0000] {dagbag.py:532} INFO - Filling up the DagBag from /home/airflow/.local/lib/python3.7/site-packages/airflow/example_dags/example_datasets.py
[2023-06-26T12:31:04.012+0000] {processor.py:753} INFO - DAG(s) dict_keys(['dataset_consumes_1', 'dataset_consumes_1_never_scheduled', 'dataset_consumes_1_and_2', 'dataset_consumes_unknown_never_scheduled', 'dataset_produces_1', 'dataset_produces_2']) retrieved from /home/airflow/.local/lib/python3.7/site-packages/airflow/example_dags/example_datasets.py
[2023-06-26T12:31:04.042+0000] {logging_mixin.py:137} INFO - [2023-06-26T12:31:04.042+0000] {dag.py:2705} INFO - Sync 6 DAGs
[2023-06-26T12:31:04.065+0000] {logging_mixin.py:137} INFO - [2023-06-26T12:31:04.065+0000] {dag.py:3456} INFO - Setting next_dagrun for dataset_consumes_1 to None, run_after=None
[2023-06-26T12:31:04.069+0000] {logging_mixin.py:137} INFO - [2023-06-26T12:31:04.069+0000] {dag.py:3456} INFO - Setting next_dagrun for dataset_consumes_1_and_2 to None, run_after=None
[2023-06-26T12:31:04.071+0000] {logging_mixin.py:137} INFO - [2023-06-26T12:31:04.071+0000] {dag.py:3456} INFO - Setting next_dagrun for dataset_consumes_1_never_scheduled to None, run_after=None
[2023-06-26T12:31:04.073+0000] {logging_mixin.py:137} INFO - [2023-06-26T12:31:04.073+0000] {dag.py:3456} INFO - Setting next_dagrun for dataset_consumes_unknown_never_scheduled to None, run_after=None
[2023-06-26T12:31:04.076+0000] {logging_mixin.py:137} INFO - [2023-06-26T12:31:04.076+0000] {dag.py:3456} INFO - Setting next_dagrun for dataset_produces_1 to 2023-06-25T00:00:00+00:00, run_after=2023-06-26T00:00:00+00:00
[2023-06-26T12:31:04.077+0000] {logging_mixin.py:137} INFO - [2023-06-26T12:31:04.077+0000] {dag.py:3456} INFO - Setting next_dagrun for dataset_produces_2 to None, run_after=None
[2023-06-26T12:31:04.104+0000] {processor.py:175} INFO - Processing /home/airflow/.local/lib/python3.7/site-packages/airflow/example_dags/example_datasets.py took 0.109 seconds
[2023-06-26T12:31:35.079+0000] {processor.py:153} INFO - Started process (PID=216) to work on /home/airflow/.local/lib/python3.7/site-packages/airflow/example_dags/example_datasets.py
[2023-06-26T12:31:35.080+0000] {processor.py:743} INFO - Processing file /home/airflow/.local/lib/python3.7/site-packages/airflow/example_dags/example_datasets.py for tasks to queue
[2023-06-26T12:31:35.081+0000] {logging_mixin.py:137} INFO - [2023-06-26T12:31:35.081+0000] {dagbag.py:532} INFO - Filling up the DagBag from /home/airflow/.local/lib/python3.7/site-packages/airflow/example_dags/example_datasets.py
[2023-06-26T12:31:35.092+0000] {processor.py:753} INFO - DAG(s) dict_keys(['dataset_consumes_1_never_scheduled', 'dataset_consumes_1', 'dataset_produces_1', 'dataset_produces_2', 'dataset_consumes_unknown_never_scheduled', 'dataset_consumes_1_and_2']) retrieved from /home/airflow/.local/lib/python3.7/site-packages/airflow/example_dags/example_datasets.py
[2023-06-26T12:31:35.120+0000] {logging_mixin.py:137} INFO - [2023-06-26T12:31:35.120+0000] {dag.py:2705} INFO - Sync 6 DAGs
[2023-06-26T12:31:35.136+0000] {logging_mixin.py:137} INFO - [2023-06-26T12:31:35.135+0000] {dag.py:3456} INFO - Setting next_dagrun for dataset_consumes_1 to None, run_after=None
[2023-06-26T12:31:35.138+0000] {logging_mixin.py:137} INFO - [2023-06-26T12:31:35.138+0000] {dag.py:3456} INFO - Setting next_dagrun for dataset_consumes_1_and_2 to None, run_after=None
[2023-06-26T12:31:35.139+0000] {logging_mixin.py:137} INFO - [2023-06-26T12:31:35.139+0000] {dag.py:3456} INFO - Setting next_dagrun for dataset_consumes_1_never_scheduled to None, run_after=None
[2023-06-26T12:31:35.140+0000] {logging_mixin.py:137} INFO - [2023-06-26T12:31:35.140+0000] {dag.py:3456} INFO - Setting next_dagrun for dataset_consumes_unknown_never_scheduled to None, run_after=None
[2023-06-26T12:31:35.141+0000] {logging_mixin.py:137} INFO - [2023-06-26T12:31:35.141+0000] {dag.py:3456} INFO - Setting next_dagrun for dataset_produces_1 to 2023-06-25T00:00:00+00:00, run_after=2023-06-26T00:00:00+00:00
[2023-06-26T12:31:35.143+0000] {logging_mixin.py:137} INFO - [2023-06-26T12:31:35.143+0000] {dag.py:3456} INFO - Setting next_dagrun for dataset_produces_2 to None, run_after=None
[2023-06-26T12:31:35.170+0000] {processor.py:175} INFO - Processing /home/airflow/.local/lib/python3.7/site-packages/airflow/example_dags/example_datasets.py took 0.093 seconds
