[2023-06-26T12:30:02.232+0000] {processor.py:153} INFO - Started process (PID=43) to work on /home/airflow/.local/lib/python3.7/site-packages/airflow/example_dags/example_python_operator.py
[2023-06-26T12:30:02.236+0000] {processor.py:743} INFO - Processing file /home/airflow/.local/lib/python3.7/site-packages/airflow/example_dags/example_python_operator.py for tasks to queue
[2023-06-26T12:30:02.237+0000] {logging_mixin.py:137} INFO - [2023-06-26T12:30:02.237+0000] {dagbag.py:532} INFO - Filling up the DagBag from /home/airflow/.local/lib/python3.7/site-packages/airflow/example_dags/example_python_operator.py
[2023-06-26T12:30:02.265+0000] {logging_mixin.py:137} INFO - [2023-06-26T12:30:02.265+0000] {taskmixin.py:211} WARNING - Dependency <Task(_PythonDecoratedOperator): print_the_context>, log_sql_query already registered for DAG: example_python_operator
[2023-06-26T12:30:02.267+0000] {logging_mixin.py:137} INFO - [2023-06-26T12:30:02.266+0000] {taskmixin.py:211} WARNING - Dependency <Task(_PythonDecoratedOperator): log_sql_query>, print_the_context already registered for DAG: example_python_operator
[2023-06-26T12:30:02.269+0000] {logging_mixin.py:137} INFO - [2023-06-26T12:30:02.268+0000] {taskmixin.py:211} WARNING - Dependency <Task(_PythonDecoratedOperator): print_the_context>, log_sql_query already registered for DAG: example_python_operator
[2023-06-26T12:30:02.270+0000] {logging_mixin.py:137} INFO - [2023-06-26T12:30:02.270+0000] {taskmixin.py:211} WARNING - Dependency <Task(_PythonDecoratedOperator): log_sql_query>, print_the_context already registered for DAG: example_python_operator
[2023-06-26T12:30:02.272+0000] {logging_mixin.py:137} INFO - [2023-06-26T12:30:02.272+0000] {taskmixin.py:211} WARNING - Dependency <Task(_PythonDecoratedOperator): print_the_context>, log_sql_query already registered for DAG: example_python_operator
[2023-06-26T12:30:02.274+0000] {logging_mixin.py:137} INFO - [2023-06-26T12:30:02.273+0000] {taskmixin.py:211} WARNING - Dependency <Task(_PythonDecoratedOperator): log_sql_query>, print_the_context already registered for DAG: example_python_operator
[2023-06-26T12:30:02.276+0000] {logging_mixin.py:137} INFO - [2023-06-26T12:30:02.276+0000] {taskmixin.py:211} WARNING - Dependency <Task(_PythonDecoratedOperator): print_the_context>, log_sql_query already registered for DAG: example_python_operator
[2023-06-26T12:30:02.278+0000] {logging_mixin.py:137} INFO - [2023-06-26T12:30:02.278+0000] {taskmixin.py:211} WARNING - Dependency <Task(_PythonDecoratedOperator): log_sql_query>, print_the_context already registered for DAG: example_python_operator
[2023-06-26T12:30:02.307+0000] {processor.py:753} INFO - DAG(s) dict_keys(['example_python_operator']) retrieved from /home/airflow/.local/lib/python3.7/site-packages/airflow/example_dags/example_python_operator.py
[2023-06-26T12:30:02.468+0000] {logging_mixin.py:137} INFO - [2023-06-26T12:30:02.467+0000] {dag.py:2705} INFO - Sync 1 DAGs
[2023-06-26T12:30:02.496+0000] {logging_mixin.py:137} INFO - [2023-06-26T12:30:02.496+0000] {dag.py:3456} INFO - Setting next_dagrun for example_python_operator to None, run_after=None
[2023-06-26T12:30:02.517+0000] {processor.py:175} INFO - Processing /home/airflow/.local/lib/python3.7/site-packages/airflow/example_dags/example_python_operator.py took 0.290 seconds
[2023-06-26T12:30:33.296+0000] {processor.py:153} INFO - Started process (PID=101) to work on /home/airflow/.local/lib/python3.7/site-packages/airflow/example_dags/example_python_operator.py
[2023-06-26T12:30:33.297+0000] {processor.py:743} INFO - Processing file /home/airflow/.local/lib/python3.7/site-packages/airflow/example_dags/example_python_operator.py for tasks to queue
[2023-06-26T12:30:33.299+0000] {logging_mixin.py:137} INFO - [2023-06-26T12:30:33.298+0000] {dagbag.py:532} INFO - Filling up the DagBag from /home/airflow/.local/lib/python3.7/site-packages/airflow/example_dags/example_python_operator.py
[2023-06-26T12:30:33.315+0000] {logging_mixin.py:137} INFO - [2023-06-26T12:30:33.315+0000] {taskmixin.py:211} WARNING - Dependency <Task(_PythonDecoratedOperator): print_the_context>, log_sql_query already registered for DAG: example_python_operator
[2023-06-26T12:30:33.316+0000] {logging_mixin.py:137} INFO - [2023-06-26T12:30:33.316+0000] {taskmixin.py:211} WARNING - Dependency <Task(_PythonDecoratedOperator): log_sql_query>, print_the_context already registered for DAG: example_python_operator
[2023-06-26T12:30:33.317+0000] {logging_mixin.py:137} INFO - [2023-06-26T12:30:33.317+0000] {taskmixin.py:211} WARNING - Dependency <Task(_PythonDecoratedOperator): print_the_context>, log_sql_query already registered for DAG: example_python_operator
[2023-06-26T12:30:33.318+0000] {logging_mixin.py:137} INFO - [2023-06-26T12:30:33.318+0000] {taskmixin.py:211} WARNING - Dependency <Task(_PythonDecoratedOperator): log_sql_query>, print_the_context already registered for DAG: example_python_operator
[2023-06-26T12:30:33.319+0000] {logging_mixin.py:137} INFO - [2023-06-26T12:30:33.319+0000] {taskmixin.py:211} WARNING - Dependency <Task(_PythonDecoratedOperator): print_the_context>, log_sql_query already registered for DAG: example_python_operator
[2023-06-26T12:30:33.319+0000] {logging_mixin.py:137} INFO - [2023-06-26T12:30:33.319+0000] {taskmixin.py:211} WARNING - Dependency <Task(_PythonDecoratedOperator): log_sql_query>, print_the_context already registered for DAG: example_python_operator
[2023-06-26T12:30:33.320+0000] {logging_mixin.py:137} INFO - [2023-06-26T12:30:33.320+0000] {taskmixin.py:211} WARNING - Dependency <Task(_PythonDecoratedOperator): print_the_context>, log_sql_query already registered for DAG: example_python_operator
[2023-06-26T12:30:33.320+0000] {logging_mixin.py:137} INFO - [2023-06-26T12:30:33.320+0000] {taskmixin.py:211} WARNING - Dependency <Task(_PythonDecoratedOperator): log_sql_query>, print_the_context already registered for DAG: example_python_operator
[2023-06-26T12:30:33.327+0000] {processor.py:753} INFO - DAG(s) dict_keys(['example_python_operator']) retrieved from /home/airflow/.local/lib/python3.7/site-packages/airflow/example_dags/example_python_operator.py
[2023-06-26T12:30:33.375+0000] {logging_mixin.py:137} INFO - [2023-06-26T12:30:33.375+0000] {dag.py:2705} INFO - Sync 1 DAGs
[2023-06-26T12:30:33.420+0000] {logging_mixin.py:137} INFO - [2023-06-26T12:30:33.420+0000] {dag.py:3456} INFO - Setting next_dagrun for example_python_operator to None, run_after=None
[2023-06-26T12:30:33.441+0000] {processor.py:175} INFO - Processing /home/airflow/.local/lib/python3.7/site-packages/airflow/example_dags/example_python_operator.py took 0.148 seconds
[2023-06-26T12:31:03.875+0000] {processor.py:153} INFO - Started process (PID=156) to work on /home/airflow/.local/lib/python3.7/site-packages/airflow/example_dags/example_python_operator.py
[2023-06-26T12:31:03.877+0000] {processor.py:743} INFO - Processing file /home/airflow/.local/lib/python3.7/site-packages/airflow/example_dags/example_python_operator.py for tasks to queue
[2023-06-26T12:31:03.878+0000] {logging_mixin.py:137} INFO - [2023-06-26T12:31:03.878+0000] {dagbag.py:532} INFO - Filling up the DagBag from /home/airflow/.local/lib/python3.7/site-packages/airflow/example_dags/example_python_operator.py
[2023-06-26T12:31:03.896+0000] {logging_mixin.py:137} INFO - [2023-06-26T12:31:03.896+0000] {taskmixin.py:211} WARNING - Dependency <Task(_PythonDecoratedOperator): print_the_context>, log_sql_query already registered for DAG: example_python_operator
[2023-06-26T12:31:03.897+0000] {logging_mixin.py:137} INFO - [2023-06-26T12:31:03.896+0000] {taskmixin.py:211} WARNING - Dependency <Task(_PythonDecoratedOperator): log_sql_query>, print_the_context already registered for DAG: example_python_operator
[2023-06-26T12:31:03.897+0000] {logging_mixin.py:137} INFO - [2023-06-26T12:31:03.897+0000] {taskmixin.py:211} WARNING - Dependency <Task(_PythonDecoratedOperator): print_the_context>, log_sql_query already registered for DAG: example_python_operator
[2023-06-26T12:31:03.898+0000] {logging_mixin.py:137} INFO - [2023-06-26T12:31:03.898+0000] {taskmixin.py:211} WARNING - Dependency <Task(_PythonDecoratedOperator): log_sql_query>, print_the_context already registered for DAG: example_python_operator
[2023-06-26T12:31:03.900+0000] {logging_mixin.py:137} INFO - [2023-06-26T12:31:03.899+0000] {taskmixin.py:211} WARNING - Dependency <Task(_PythonDecoratedOperator): print_the_context>, log_sql_query already registered for DAG: example_python_operator
[2023-06-26T12:31:03.900+0000] {logging_mixin.py:137} INFO - [2023-06-26T12:31:03.900+0000] {taskmixin.py:211} WARNING - Dependency <Task(_PythonDecoratedOperator): log_sql_query>, print_the_context already registered for DAG: example_python_operator
[2023-06-26T12:31:03.901+0000] {logging_mixin.py:137} INFO - [2023-06-26T12:31:03.901+0000] {taskmixin.py:211} WARNING - Dependency <Task(_PythonDecoratedOperator): print_the_context>, log_sql_query already registered for DAG: example_python_operator
[2023-06-26T12:31:03.901+0000] {logging_mixin.py:137} INFO - [2023-06-26T12:31:03.901+0000] {taskmixin.py:211} WARNING - Dependency <Task(_PythonDecoratedOperator): log_sql_query>, print_the_context already registered for DAG: example_python_operator
[2023-06-26T12:31:03.908+0000] {processor.py:753} INFO - DAG(s) dict_keys(['example_python_operator']) retrieved from /home/airflow/.local/lib/python3.7/site-packages/airflow/example_dags/example_python_operator.py
[2023-06-26T12:31:03.934+0000] {logging_mixin.py:137} INFO - [2023-06-26T12:31:03.934+0000] {dag.py:2705} INFO - Sync 1 DAGs
[2023-06-26T12:31:03.951+0000] {logging_mixin.py:137} INFO - [2023-06-26T12:31:03.951+0000] {dag.py:3456} INFO - Setting next_dagrun for example_python_operator to None, run_after=None
[2023-06-26T12:31:03.966+0000] {processor.py:175} INFO - Processing /home/airflow/.local/lib/python3.7/site-packages/airflow/example_dags/example_python_operator.py took 0.094 seconds
[2023-06-26T12:31:34.840+0000] {processor.py:153} INFO - Started process (PID=214) to work on /home/airflow/.local/lib/python3.7/site-packages/airflow/example_dags/example_python_operator.py
[2023-06-26T12:31:34.841+0000] {processor.py:743} INFO - Processing file /home/airflow/.local/lib/python3.7/site-packages/airflow/example_dags/example_python_operator.py for tasks to queue
[2023-06-26T12:31:34.841+0000] {logging_mixin.py:137} INFO - [2023-06-26T12:31:34.841+0000] {dagbag.py:532} INFO - Filling up the DagBag from /home/airflow/.local/lib/python3.7/site-packages/airflow/example_dags/example_python_operator.py
[2023-06-26T12:31:34.857+0000] {logging_mixin.py:137} INFO - [2023-06-26T12:31:34.857+0000] {taskmixin.py:211} WARNING - Dependency <Task(_PythonDecoratedOperator): print_the_context>, log_sql_query already registered for DAG: example_python_operator
[2023-06-26T12:31:34.858+0000] {logging_mixin.py:137} INFO - [2023-06-26T12:31:34.858+0000] {taskmixin.py:211} WARNING - Dependency <Task(_PythonDecoratedOperator): log_sql_query>, print_the_context already registered for DAG: example_python_operator
[2023-06-26T12:31:34.859+0000] {logging_mixin.py:137} INFO - [2023-06-26T12:31:34.859+0000] {taskmixin.py:211} WARNING - Dependency <Task(_PythonDecoratedOperator): print_the_context>, log_sql_query already registered for DAG: example_python_operator
[2023-06-26T12:31:34.859+0000] {logging_mixin.py:137} INFO - [2023-06-26T12:31:34.859+0000] {taskmixin.py:211} WARNING - Dependency <Task(_PythonDecoratedOperator): log_sql_query>, print_the_context already registered for DAG: example_python_operator
[2023-06-26T12:31:34.860+0000] {logging_mixin.py:137} INFO - [2023-06-26T12:31:34.860+0000] {taskmixin.py:211} WARNING - Dependency <Task(_PythonDecoratedOperator): print_the_context>, log_sql_query already registered for DAG: example_python_operator
[2023-06-26T12:31:34.861+0000] {logging_mixin.py:137} INFO - [2023-06-26T12:31:34.861+0000] {taskmixin.py:211} WARNING - Dependency <Task(_PythonDecoratedOperator): log_sql_query>, print_the_context already registered for DAG: example_python_operator
[2023-06-26T12:31:34.861+0000] {logging_mixin.py:137} INFO - [2023-06-26T12:31:34.861+0000] {taskmixin.py:211} WARNING - Dependency <Task(_PythonDecoratedOperator): print_the_context>, log_sql_query already registered for DAG: example_python_operator
[2023-06-26T12:31:34.862+0000] {logging_mixin.py:137} INFO - [2023-06-26T12:31:34.862+0000] {taskmixin.py:211} WARNING - Dependency <Task(_PythonDecoratedOperator): log_sql_query>, print_the_context already registered for DAG: example_python_operator
[2023-06-26T12:31:34.867+0000] {processor.py:753} INFO - DAG(s) dict_keys(['example_python_operator']) retrieved from /home/airflow/.local/lib/python3.7/site-packages/airflow/example_dags/example_python_operator.py
[2023-06-26T12:31:34.889+0000] {logging_mixin.py:137} INFO - [2023-06-26T12:31:34.889+0000] {dag.py:2705} INFO - Sync 1 DAGs
[2023-06-26T12:31:34.906+0000] {logging_mixin.py:137} INFO - [2023-06-26T12:31:34.906+0000] {dag.py:3456} INFO - Setting next_dagrun for example_python_operator to None, run_after=None
[2023-06-26T12:31:34.918+0000] {processor.py:175} INFO - Processing /home/airflow/.local/lib/python3.7/site-packages/airflow/example_dags/example_python_operator.py took 0.081 seconds
