[2023-06-26T12:30:03.940+0000] {processor.py:153} INFO - Started process (PID=54) to work on /home/airflow/.local/lib/python3.7/site-packages/airflow/example_dags/example_complex.py
[2023-06-26T12:30:03.941+0000] {processor.py:743} INFO - Processing file /home/airflow/.local/lib/python3.7/site-packages/airflow/example_dags/example_complex.py for tasks to queue
[2023-06-26T12:30:03.943+0000] {logging_mixin.py:137} INFO - [2023-06-26T12:30:03.943+0000] {dagbag.py:532} INFO - Filling up the DagBag from /home/airflow/.local/lib/python3.7/site-packages/airflow/example_dags/example_complex.py
[2023-06-26T12:30:03.959+0000] {logging_mixin.py:137} INFO - [2023-06-26T12:30:03.959+0000] {taskmixin.py:211} WARNING - Dependency <Task(BashOperator): create_entry_group>, delete_entry_group already registered for DAG: example_complex
[2023-06-26T12:30:03.966+0000] {logging_mixin.py:137} INFO - [2023-06-26T12:30:03.966+0000] {taskmixin.py:211} WARNING - Dependency <Task(BashOperator): delete_entry_group>, create_entry_group already registered for DAG: example_complex
[2023-06-26T12:30:03.970+0000] {logging_mixin.py:137} INFO - [2023-06-26T12:30:03.970+0000] {taskmixin.py:211} WARNING - Dependency <Task(BashOperator): create_entry_gcs>, delete_entry already registered for DAG: example_complex
[2023-06-26T12:30:03.973+0000] {logging_mixin.py:137} INFO - [2023-06-26T12:30:03.972+0000] {taskmixin.py:211} WARNING - Dependency <Task(BashOperator): delete_entry>, create_entry_gcs already registered for DAG: example_complex
[2023-06-26T12:30:03.976+0000] {logging_mixin.py:137} INFO - [2023-06-26T12:30:03.976+0000] {taskmixin.py:211} WARNING - Dependency <Task(BashOperator): create_tag>, delete_tag already registered for DAG: example_complex
[2023-06-26T12:30:03.977+0000] {logging_mixin.py:137} INFO - [2023-06-26T12:30:03.977+0000] {taskmixin.py:211} WARNING - Dependency <Task(BashOperator): delete_tag>, create_tag already registered for DAG: example_complex
[2023-06-26T12:30:03.999+0000] {processor.py:753} INFO - DAG(s) dict_keys(['example_complex']) retrieved from /home/airflow/.local/lib/python3.7/site-packages/airflow/example_dags/example_complex.py
[2023-06-26T12:30:04.077+0000] {logging_mixin.py:137} INFO - [2023-06-26T12:30:04.077+0000] {dag.py:2705} INFO - Sync 1 DAGs
[2023-06-26T12:30:04.124+0000] {logging_mixin.py:137} INFO - [2023-06-26T12:30:04.123+0000] {dag.py:3456} INFO - Setting next_dagrun for example_complex to None, run_after=None
[2023-06-26T12:30:04.160+0000] {processor.py:175} INFO - Processing /home/airflow/.local/lib/python3.7/site-packages/airflow/example_dags/example_complex.py took 0.224 seconds
[2023-06-26T12:30:34.730+0000] {processor.py:153} INFO - Started process (PID=112) to work on /home/airflow/.local/lib/python3.7/site-packages/airflow/example_dags/example_complex.py
[2023-06-26T12:30:34.733+0000] {processor.py:743} INFO - Processing file /home/airflow/.local/lib/python3.7/site-packages/airflow/example_dags/example_complex.py for tasks to queue
[2023-06-26T12:30:34.734+0000] {logging_mixin.py:137} INFO - [2023-06-26T12:30:34.734+0000] {dagbag.py:532} INFO - Filling up the DagBag from /home/airflow/.local/lib/python3.7/site-packages/airflow/example_dags/example_complex.py
[2023-06-26T12:30:34.747+0000] {logging_mixin.py:137} INFO - [2023-06-26T12:30:34.746+0000] {taskmixin.py:211} WARNING - Dependency <Task(BashOperator): create_entry_group>, delete_entry_group already registered for DAG: example_complex
[2023-06-26T12:30:34.748+0000] {logging_mixin.py:137} INFO - [2023-06-26T12:30:34.748+0000] {taskmixin.py:211} WARNING - Dependency <Task(BashOperator): delete_entry_group>, create_entry_group already registered for DAG: example_complex
[2023-06-26T12:30:34.749+0000] {logging_mixin.py:137} INFO - [2023-06-26T12:30:34.749+0000] {taskmixin.py:211} WARNING - Dependency <Task(BashOperator): create_entry_gcs>, delete_entry already registered for DAG: example_complex
[2023-06-26T12:30:34.750+0000] {logging_mixin.py:137} INFO - [2023-06-26T12:30:34.750+0000] {taskmixin.py:211} WARNING - Dependency <Task(BashOperator): delete_entry>, create_entry_gcs already registered for DAG: example_complex
[2023-06-26T12:30:34.752+0000] {logging_mixin.py:137} INFO - [2023-06-26T12:30:34.752+0000] {taskmixin.py:211} WARNING - Dependency <Task(BashOperator): create_tag>, delete_tag already registered for DAG: example_complex
[2023-06-26T12:30:34.753+0000] {logging_mixin.py:137} INFO - [2023-06-26T12:30:34.753+0000] {taskmixin.py:211} WARNING - Dependency <Task(BashOperator): delete_tag>, create_tag already registered for DAG: example_complex
[2023-06-26T12:30:34.761+0000] {processor.py:753} INFO - DAG(s) dict_keys(['example_complex']) retrieved from /home/airflow/.local/lib/python3.7/site-packages/airflow/example_dags/example_complex.py
[2023-06-26T12:30:34.788+0000] {logging_mixin.py:137} INFO - [2023-06-26T12:30:34.788+0000] {dag.py:2705} INFO - Sync 1 DAGs
[2023-06-26T12:30:34.819+0000] {logging_mixin.py:137} INFO - [2023-06-26T12:30:34.819+0000] {dag.py:3456} INFO - Setting next_dagrun for example_complex to None, run_after=None
[2023-06-26T12:30:34.830+0000] {processor.py:175} INFO - Processing /home/airflow/.local/lib/python3.7/site-packages/airflow/example_dags/example_complex.py took 0.105 seconds
[2023-06-26T12:31:05.746+0000] {processor.py:153} INFO - Started process (PID=169) to work on /home/airflow/.local/lib/python3.7/site-packages/airflow/example_dags/example_complex.py
[2023-06-26T12:31:05.747+0000] {processor.py:743} INFO - Processing file /home/airflow/.local/lib/python3.7/site-packages/airflow/example_dags/example_complex.py for tasks to queue
[2023-06-26T12:31:05.748+0000] {logging_mixin.py:137} INFO - [2023-06-26T12:31:05.748+0000] {dagbag.py:532} INFO - Filling up the DagBag from /home/airflow/.local/lib/python3.7/site-packages/airflow/example_dags/example_complex.py
[2023-06-26T12:31:05.756+0000] {logging_mixin.py:137} INFO - [2023-06-26T12:31:05.755+0000] {taskmixin.py:211} WARNING - Dependency <Task(BashOperator): create_entry_group>, delete_entry_group already registered for DAG: example_complex
[2023-06-26T12:31:05.756+0000] {logging_mixin.py:137} INFO - [2023-06-26T12:31:05.756+0000] {taskmixin.py:211} WARNING - Dependency <Task(BashOperator): delete_entry_group>, create_entry_group already registered for DAG: example_complex
[2023-06-26T12:31:05.756+0000] {logging_mixin.py:137} INFO - [2023-06-26T12:31:05.756+0000] {taskmixin.py:211} WARNING - Dependency <Task(BashOperator): create_entry_gcs>, delete_entry already registered for DAG: example_complex
[2023-06-26T12:31:05.756+0000] {logging_mixin.py:137} INFO - [2023-06-26T12:31:05.756+0000] {taskmixin.py:211} WARNING - Dependency <Task(BashOperator): delete_entry>, create_entry_gcs already registered for DAG: example_complex
[2023-06-26T12:31:05.757+0000] {logging_mixin.py:137} INFO - [2023-06-26T12:31:05.757+0000] {taskmixin.py:211} WARNING - Dependency <Task(BashOperator): create_tag>, delete_tag already registered for DAG: example_complex
[2023-06-26T12:31:05.757+0000] {logging_mixin.py:137} INFO - [2023-06-26T12:31:05.757+0000] {taskmixin.py:211} WARNING - Dependency <Task(BashOperator): delete_tag>, create_tag already registered for DAG: example_complex
[2023-06-26T12:31:05.761+0000] {processor.py:753} INFO - DAG(s) dict_keys(['example_complex']) retrieved from /home/airflow/.local/lib/python3.7/site-packages/airflow/example_dags/example_complex.py
[2023-06-26T12:31:05.784+0000] {logging_mixin.py:137} INFO - [2023-06-26T12:31:05.784+0000] {dag.py:2705} INFO - Sync 1 DAGs
[2023-06-26T12:31:05.797+0000] {logging_mixin.py:137} INFO - [2023-06-26T12:31:05.797+0000] {dag.py:3456} INFO - Setting next_dagrun for example_complex to None, run_after=None
[2023-06-26T12:31:05.806+0000] {processor.py:175} INFO - Processing /home/airflow/.local/lib/python3.7/site-packages/airflow/example_dags/example_complex.py took 0.063 seconds
[2023-06-26T12:31:36.654+0000] {processor.py:153} INFO - Started process (PID=225) to work on /home/airflow/.local/lib/python3.7/site-packages/airflow/example_dags/example_complex.py
[2023-06-26T12:31:36.655+0000] {processor.py:743} INFO - Processing file /home/airflow/.local/lib/python3.7/site-packages/airflow/example_dags/example_complex.py for tasks to queue
[2023-06-26T12:31:36.656+0000] {logging_mixin.py:137} INFO - [2023-06-26T12:31:36.656+0000] {dagbag.py:532} INFO - Filling up the DagBag from /home/airflow/.local/lib/python3.7/site-packages/airflow/example_dags/example_complex.py
[2023-06-26T12:31:36.664+0000] {logging_mixin.py:137} INFO - [2023-06-26T12:31:36.664+0000] {taskmixin.py:211} WARNING - Dependency <Task(BashOperator): create_entry_group>, delete_entry_group already registered for DAG: example_complex
[2023-06-26T12:31:36.664+0000] {logging_mixin.py:137} INFO - [2023-06-26T12:31:36.664+0000] {taskmixin.py:211} WARNING - Dependency <Task(BashOperator): delete_entry_group>, create_entry_group already registered for DAG: example_complex
[2023-06-26T12:31:36.665+0000] {logging_mixin.py:137} INFO - [2023-06-26T12:31:36.665+0000] {taskmixin.py:211} WARNING - Dependency <Task(BashOperator): create_entry_gcs>, delete_entry already registered for DAG: example_complex
[2023-06-26T12:31:36.665+0000] {logging_mixin.py:137} INFO - [2023-06-26T12:31:36.665+0000] {taskmixin.py:211} WARNING - Dependency <Task(BashOperator): delete_entry>, create_entry_gcs already registered for DAG: example_complex
[2023-06-26T12:31:36.665+0000] {logging_mixin.py:137} INFO - [2023-06-26T12:31:36.665+0000] {taskmixin.py:211} WARNING - Dependency <Task(BashOperator): create_tag>, delete_tag already registered for DAG: example_complex
[2023-06-26T12:31:36.665+0000] {logging_mixin.py:137} INFO - [2023-06-26T12:31:36.665+0000] {taskmixin.py:211} WARNING - Dependency <Task(BashOperator): delete_tag>, create_tag already registered for DAG: example_complex
[2023-06-26T12:31:36.670+0000] {processor.py:753} INFO - DAG(s) dict_keys(['example_complex']) retrieved from /home/airflow/.local/lib/python3.7/site-packages/airflow/example_dags/example_complex.py
[2023-06-26T12:31:36.692+0000] {logging_mixin.py:137} INFO - [2023-06-26T12:31:36.692+0000] {dag.py:2705} INFO - Sync 1 DAGs
[2023-06-26T12:31:36.705+0000] {logging_mixin.py:137} INFO - [2023-06-26T12:31:36.705+0000] {dag.py:3456} INFO - Setting next_dagrun for example_complex to None, run_after=None
[2023-06-26T12:31:36.715+0000] {processor.py:175} INFO - Processing /home/airflow/.local/lib/python3.7/site-packages/airflow/example_dags/example_complex.py took 0.063 seconds
