[2023-06-26T12:30:06.559+0000] {processor.py:153} INFO - Started process (PID=78) to work on /home/airflow/.local/lib/python3.7/site-packages/airflow/example_dags/example_branch_day_of_week_operator.py
[2023-06-26T12:30:06.564+0000] {processor.py:743} INFO - Processing file /home/airflow/.local/lib/python3.7/site-packages/airflow/example_dags/example_branch_day_of_week_operator.py for tasks to queue
[2023-06-26T12:30:06.566+0000] {logging_mixin.py:137} INFO - [2023-06-26T12:30:06.566+0000] {dagbag.py:532} INFO - Filling up the DagBag from /home/airflow/.local/lib/python3.7/site-packages/airflow/example_dags/example_branch_day_of_week_operator.py
[2023-06-26T12:30:06.601+0000] {processor.py:753} INFO - DAG(s) dict_keys(['example_weekday_branch_operator']) retrieved from /home/airflow/.local/lib/python3.7/site-packages/airflow/example_dags/example_branch_day_of_week_operator.py
[2023-06-26T12:30:06.638+0000] {logging_mixin.py:137} INFO - [2023-06-26T12:30:06.638+0000] {dag.py:2705} INFO - Sync 1 DAGs
[2023-06-26T12:30:06.682+0000] {logging_mixin.py:137} INFO - [2023-06-26T12:30:06.682+0000] {dag.py:3456} INFO - Setting next_dagrun for example_weekday_branch_operator to 2023-06-25T00:00:00+00:00, run_after=2023-06-26T00:00:00+00:00
[2023-06-26T12:30:06.727+0000] {processor.py:175} INFO - Processing /home/airflow/.local/lib/python3.7/site-packages/airflow/example_dags/example_branch_day_of_week_operator.py took 0.176 seconds
[2023-06-26T12:30:37.562+0000] {processor.py:153} INFO - Started process (PID=136) to work on /home/airflow/.local/lib/python3.7/site-packages/airflow/example_dags/example_branch_day_of_week_operator.py
[2023-06-26T12:30:37.563+0000] {processor.py:743} INFO - Processing file /home/airflow/.local/lib/python3.7/site-packages/airflow/example_dags/example_branch_day_of_week_operator.py for tasks to queue
[2023-06-26T12:30:37.563+0000] {logging_mixin.py:137} INFO - [2023-06-26T12:30:37.563+0000] {dagbag.py:532} INFO - Filling up the DagBag from /home/airflow/.local/lib/python3.7/site-packages/airflow/example_dags/example_branch_day_of_week_operator.py
[2023-06-26T12:30:37.574+0000] {processor.py:753} INFO - DAG(s) dict_keys(['example_weekday_branch_operator']) retrieved from /home/airflow/.local/lib/python3.7/site-packages/airflow/example_dags/example_branch_day_of_week_operator.py
[2023-06-26T12:30:37.592+0000] {logging_mixin.py:137} INFO - [2023-06-26T12:30:37.592+0000] {dag.py:2705} INFO - Sync 1 DAGs
[2023-06-26T12:30:37.608+0000] {logging_mixin.py:137} INFO - [2023-06-26T12:30:37.608+0000] {dag.py:3456} INFO - Setting next_dagrun for example_weekday_branch_operator to 2023-06-25T00:00:00+00:00, run_after=2023-06-26T00:00:00+00:00
[2023-06-26T12:30:37.618+0000] {processor.py:175} INFO - Processing /home/airflow/.local/lib/python3.7/site-packages/airflow/example_dags/example_branch_day_of_week_operator.py took 0.059 seconds
[2023-06-26T12:31:08.021+0000] {processor.py:153} INFO - Started process (PID=193) to work on /home/airflow/.local/lib/python3.7/site-packages/airflow/example_dags/example_branch_day_of_week_operator.py
[2023-06-26T12:31:08.022+0000] {processor.py:743} INFO - Processing file /home/airflow/.local/lib/python3.7/site-packages/airflow/example_dags/example_branch_day_of_week_operator.py for tasks to queue
[2023-06-26T12:31:08.022+0000] {logging_mixin.py:137} INFO - [2023-06-26T12:31:08.022+0000] {dagbag.py:532} INFO - Filling up the DagBag from /home/airflow/.local/lib/python3.7/site-packages/airflow/example_dags/example_branch_day_of_week_operator.py
[2023-06-26T12:31:08.032+0000] {processor.py:753} INFO - DAG(s) dict_keys(['example_weekday_branch_operator']) retrieved from /home/airflow/.local/lib/python3.7/site-packages/airflow/example_dags/example_branch_day_of_week_operator.py
[2023-06-26T12:31:08.054+0000] {logging_mixin.py:137} INFO - [2023-06-26T12:31:08.054+0000] {dag.py:2705} INFO - Sync 1 DAGs
[2023-06-26T12:31:08.074+0000] {logging_mixin.py:137} INFO - [2023-06-26T12:31:08.074+0000] {dag.py:3456} INFO - Setting next_dagrun for example_weekday_branch_operator to 2023-06-25T00:00:00+00:00, run_after=2023-06-26T00:00:00+00:00
[2023-06-26T12:31:08.089+0000] {processor.py:175} INFO - Processing /home/airflow/.local/lib/python3.7/site-packages/airflow/example_dags/example_branch_day_of_week_operator.py took 0.071 seconds
[2023-06-26T12:31:38.904+0000] {processor.py:153} INFO - Started process (PID=249) to work on /home/airflow/.local/lib/python3.7/site-packages/airflow/example_dags/example_branch_day_of_week_operator.py
[2023-06-26T12:31:38.905+0000] {processor.py:743} INFO - Processing file /home/airflow/.local/lib/python3.7/site-packages/airflow/example_dags/example_branch_day_of_week_operator.py for tasks to queue
[2023-06-26T12:31:38.905+0000] {logging_mixin.py:137} INFO - [2023-06-26T12:31:38.905+0000] {dagbag.py:532} INFO - Filling up the DagBag from /home/airflow/.local/lib/python3.7/site-packages/airflow/example_dags/example_branch_day_of_week_operator.py
[2023-06-26T12:31:38.915+0000] {processor.py:753} INFO - DAG(s) dict_keys(['example_weekday_branch_operator']) retrieved from /home/airflow/.local/lib/python3.7/site-packages/airflow/example_dags/example_branch_day_of_week_operator.py
[2023-06-26T12:31:38.934+0000] {logging_mixin.py:137} INFO - [2023-06-26T12:31:38.934+0000] {dag.py:2705} INFO - Sync 1 DAGs
[2023-06-26T12:31:38.949+0000] {logging_mixin.py:137} INFO - [2023-06-26T12:31:38.949+0000] {dag.py:3456} INFO - Setting next_dagrun for example_weekday_branch_operator to 2023-06-25T00:00:00+00:00, run_after=2023-06-26T00:00:00+00:00
[2023-06-26T12:31:38.960+0000] {processor.py:175} INFO - Processing /home/airflow/.local/lib/python3.7/site-packages/airflow/example_dags/example_branch_day_of_week_operator.py took 0.059 seconds
