[2023-06-26T12:30:06.154+0000] {processor.py:153} INFO - Started process (PID=76) to work on /home/airflow/.local/lib/python3.7/site-packages/airflow/example_dags/example_latest_only_with_trigger.py
[2023-06-26T12:30:06.157+0000] {processor.py:743} INFO - Processing file /home/airflow/.local/lib/python3.7/site-packages/airflow/example_dags/example_latest_only_with_trigger.py for tasks to queue
[2023-06-26T12:30:06.159+0000] {logging_mixin.py:137} INFO - [2023-06-26T12:30:06.159+0000] {dagbag.py:532} INFO - Filling up the DagBag from /home/airflow/.local/lib/python3.7/site-packages/airflow/example_dags/example_latest_only_with_trigger.py
[2023-06-26T12:30:06.211+0000] {processor.py:753} INFO - DAG(s) dict_keys(['latest_only_with_trigger']) retrieved from /home/airflow/.local/lib/python3.7/site-packages/airflow/example_dags/example_latest_only_with_trigger.py
[2023-06-26T12:30:06.301+0000] {logging_mixin.py:137} INFO - [2023-06-26T12:30:06.301+0000] {dag.py:2705} INFO - Sync 1 DAGs
[2023-06-26T12:30:06.370+0000] {logging_mixin.py:137} INFO - [2023-06-26T12:30:06.370+0000] {dag.py:3456} INFO - Setting next_dagrun for latest_only_with_trigger to 2023-06-26T08:30:06.370136+00:00, run_after=2023-06-26T12:30:06.370136+00:00
[2023-06-26T12:30:06.449+0000] {processor.py:175} INFO - Processing /home/airflow/.local/lib/python3.7/site-packages/airflow/example_dags/example_latest_only_with_trigger.py took 0.310 seconds
[2023-06-26T12:30:37.337+0000] {processor.py:153} INFO - Started process (PID=134) to work on /home/airflow/.local/lib/python3.7/site-packages/airflow/example_dags/example_latest_only_with_trigger.py
[2023-06-26T12:30:37.338+0000] {processor.py:743} INFO - Processing file /home/airflow/.local/lib/python3.7/site-packages/airflow/example_dags/example_latest_only_with_trigger.py for tasks to queue
[2023-06-26T12:30:37.339+0000] {logging_mixin.py:137} INFO - [2023-06-26T12:30:37.339+0000] {dagbag.py:532} INFO - Filling up the DagBag from /home/airflow/.local/lib/python3.7/site-packages/airflow/example_dags/example_latest_only_with_trigger.py
[2023-06-26T12:30:37.354+0000] {processor.py:753} INFO - DAG(s) dict_keys(['latest_only_with_trigger']) retrieved from /home/airflow/.local/lib/python3.7/site-packages/airflow/example_dags/example_latest_only_with_trigger.py
[2023-06-26T12:30:37.375+0000] {logging_mixin.py:137} INFO - [2023-06-26T12:30:37.375+0000] {dag.py:2705} INFO - Sync 1 DAGs
[2023-06-26T12:30:37.394+0000] {logging_mixin.py:137} INFO - [2023-06-26T12:30:37.394+0000] {dag.py:3456} INFO - Setting next_dagrun for latest_only_with_trigger to 2023-06-26T08:30:37.394598+00:00, run_after=2023-06-26T12:30:37.394598+00:00
[2023-06-26T12:30:37.406+0000] {processor.py:175} INFO - Processing /home/airflow/.local/lib/python3.7/site-packages/airflow/example_dags/example_latest_only_with_trigger.py took 0.072 seconds
[2023-06-26T12:31:07.831+0000] {processor.py:153} INFO - Started process (PID=191) to work on /home/airflow/.local/lib/python3.7/site-packages/airflow/example_dags/example_latest_only_with_trigger.py
[2023-06-26T12:31:07.833+0000] {processor.py:743} INFO - Processing file /home/airflow/.local/lib/python3.7/site-packages/airflow/example_dags/example_latest_only_with_trigger.py for tasks to queue
[2023-06-26T12:31:07.834+0000] {logging_mixin.py:137} INFO - [2023-06-26T12:31:07.834+0000] {dagbag.py:532} INFO - Filling up the DagBag from /home/airflow/.local/lib/python3.7/site-packages/airflow/example_dags/example_latest_only_with_trigger.py
[2023-06-26T12:31:07.849+0000] {processor.py:753} INFO - DAG(s) dict_keys(['latest_only_with_trigger']) retrieved from /home/airflow/.local/lib/python3.7/site-packages/airflow/example_dags/example_latest_only_with_trigger.py
[2023-06-26T12:31:07.870+0000] {logging_mixin.py:137} INFO - [2023-06-26T12:31:07.870+0000] {dag.py:2705} INFO - Sync 1 DAGs
[2023-06-26T12:31:07.885+0000] {logging_mixin.py:137} INFO - [2023-06-26T12:31:07.885+0000] {dag.py:3456} INFO - Setting next_dagrun for latest_only_with_trigger to 2023-06-26T08:31:07.885115+00:00, run_after=2023-06-26T12:31:07.885115+00:00
[2023-06-26T12:31:07.896+0000] {processor.py:175} INFO - Processing /home/airflow/.local/lib/python3.7/site-packages/airflow/example_dags/example_latest_only_with_trigger.py took 0.071 seconds
[2023-06-26T12:31:38.678+0000] {processor.py:153} INFO - Started process (PID=247) to work on /home/airflow/.local/lib/python3.7/site-packages/airflow/example_dags/example_latest_only_with_trigger.py
[2023-06-26T12:31:38.680+0000] {processor.py:743} INFO - Processing file /home/airflow/.local/lib/python3.7/site-packages/airflow/example_dags/example_latest_only_with_trigger.py for tasks to queue
[2023-06-26T12:31:38.681+0000] {logging_mixin.py:137} INFO - [2023-06-26T12:31:38.681+0000] {dagbag.py:532} INFO - Filling up the DagBag from /home/airflow/.local/lib/python3.7/site-packages/airflow/example_dags/example_latest_only_with_trigger.py
[2023-06-26T12:31:38.706+0000] {processor.py:753} INFO - DAG(s) dict_keys(['latest_only_with_trigger']) retrieved from /home/airflow/.local/lib/python3.7/site-packages/airflow/example_dags/example_latest_only_with_trigger.py
[2023-06-26T12:31:38.749+0000] {logging_mixin.py:137} INFO - [2023-06-26T12:31:38.749+0000] {dag.py:2705} INFO - Sync 1 DAGs
[2023-06-26T12:31:38.764+0000] {logging_mixin.py:137} INFO - [2023-06-26T12:31:38.764+0000] {dag.py:3456} INFO - Setting next_dagrun for latest_only_with_trigger to 2023-06-26T08:31:38.764710+00:00, run_after=2023-06-26T12:31:38.764710+00:00
[2023-06-26T12:31:38.775+0000] {processor.py:175} INFO - Processing /home/airflow/.local/lib/python3.7/site-packages/airflow/example_dags/example_latest_only_with_trigger.py took 0.102 seconds
