[2023-06-26T12:30:03.767+0000] {processor.py:153} INFO - Started process (PID=53) to work on /home/airflow/.local/lib/python3.7/site-packages/airflow/example_dags/example_xcomargs.py
[2023-06-26T12:30:03.770+0000] {processor.py:743} INFO - Processing file /home/airflow/.local/lib/python3.7/site-packages/airflow/example_dags/example_xcomargs.py for tasks to queue
[2023-06-26T12:30:03.771+0000] {logging_mixin.py:137} INFO - [2023-06-26T12:30:03.771+0000] {dagbag.py:532} INFO - Filling up the DagBag from /home/airflow/.local/lib/python3.7/site-packages/airflow/example_dags/example_xcomargs.py
[2023-06-26T12:30:03.806+0000] {processor.py:753} INFO - DAG(s) dict_keys(['example_xcom_args_with_operators', 'example_xcom_args']) retrieved from /home/airflow/.local/lib/python3.7/site-packages/airflow/example_dags/example_xcomargs.py
[2023-06-26T12:30:03.857+0000] {logging_mixin.py:137} INFO - [2023-06-26T12:30:03.857+0000] {dag.py:2705} INFO - Sync 2 DAGs
[2023-06-26T12:30:03.888+0000] {logging_mixin.py:137} INFO - [2023-06-26T12:30:03.887+0000] {dag.py:3456} INFO - Setting next_dagrun for example_xcom_args to None, run_after=None
[2023-06-26T12:30:03.891+0000] {logging_mixin.py:137} INFO - [2023-06-26T12:30:03.891+0000] {dag.py:3456} INFO - Setting next_dagrun for example_xcom_args_with_operators to None, run_after=None
[2023-06-26T12:30:03.913+0000] {processor.py:175} INFO - Processing /home/airflow/.local/lib/python3.7/site-packages/airflow/example_dags/example_xcomargs.py took 0.149 seconds
[2023-06-26T12:30:34.508+0000] {processor.py:153} INFO - Started process (PID=111) to work on /home/airflow/.local/lib/python3.7/site-packages/airflow/example_dags/example_xcomargs.py
[2023-06-26T12:30:34.510+0000] {processor.py:743} INFO - Processing file /home/airflow/.local/lib/python3.7/site-packages/airflow/example_dags/example_xcomargs.py for tasks to queue
[2023-06-26T12:30:34.513+0000] {logging_mixin.py:137} INFO - [2023-06-26T12:30:34.512+0000] {dagbag.py:532} INFO - Filling up the DagBag from /home/airflow/.local/lib/python3.7/site-packages/airflow/example_dags/example_xcomargs.py
[2023-06-26T12:30:34.556+0000] {processor.py:753} INFO - DAG(s) dict_keys(['example_xcom_args_with_operators', 'example_xcom_args']) retrieved from /home/airflow/.local/lib/python3.7/site-packages/airflow/example_dags/example_xcomargs.py
[2023-06-26T12:30:34.611+0000] {logging_mixin.py:137} INFO - [2023-06-26T12:30:34.611+0000] {dag.py:2705} INFO - Sync 2 DAGs
[2023-06-26T12:30:34.664+0000] {logging_mixin.py:137} INFO - [2023-06-26T12:30:34.664+0000] {dag.py:3456} INFO - Setting next_dagrun for example_xcom_args to None, run_after=None
[2023-06-26T12:30:34.671+0000] {logging_mixin.py:137} INFO - [2023-06-26T12:30:34.670+0000] {dag.py:3456} INFO - Setting next_dagrun for example_xcom_args_with_operators to None, run_after=None
[2023-06-26T12:30:34.703+0000] {processor.py:175} INFO - Processing /home/airflow/.local/lib/python3.7/site-packages/airflow/example_dags/example_xcomargs.py took 0.199 seconds
[2023-06-26T12:31:05.659+0000] {processor.py:153} INFO - Started process (PID=168) to work on /home/airflow/.local/lib/python3.7/site-packages/airflow/example_dags/example_xcomargs.py
[2023-06-26T12:31:05.661+0000] {processor.py:743} INFO - Processing file /home/airflow/.local/lib/python3.7/site-packages/airflow/example_dags/example_xcomargs.py for tasks to queue
[2023-06-26T12:31:05.662+0000] {logging_mixin.py:137} INFO - [2023-06-26T12:31:05.662+0000] {dagbag.py:532} INFO - Filling up the DagBag from /home/airflow/.local/lib/python3.7/site-packages/airflow/example_dags/example_xcomargs.py
[2023-06-26T12:31:05.685+0000] {processor.py:753} INFO - DAG(s) dict_keys(['example_xcom_args', 'example_xcom_args_with_operators']) retrieved from /home/airflow/.local/lib/python3.7/site-packages/airflow/example_dags/example_xcomargs.py
[2023-06-26T12:31:05.705+0000] {logging_mixin.py:137} INFO - [2023-06-26T12:31:05.705+0000] {dag.py:2705} INFO - Sync 2 DAGs
[2023-06-26T12:31:05.718+0000] {logging_mixin.py:137} INFO - [2023-06-26T12:31:05.718+0000] {dag.py:3456} INFO - Setting next_dagrun for example_xcom_args to None, run_after=None
[2023-06-26T12:31:05.720+0000] {logging_mixin.py:137} INFO - [2023-06-26T12:31:05.720+0000] {dag.py:3456} INFO - Setting next_dagrun for example_xcom_args_with_operators to None, run_after=None
[2023-06-26T12:31:05.729+0000] {processor.py:175} INFO - Processing /home/airflow/.local/lib/python3.7/site-packages/airflow/example_dags/example_xcomargs.py took 0.076 seconds
[2023-06-26T12:31:36.510+0000] {processor.py:153} INFO - Started process (PID=224) to work on /home/airflow/.local/lib/python3.7/site-packages/airflow/example_dags/example_xcomargs.py
[2023-06-26T12:31:36.512+0000] {processor.py:743} INFO - Processing file /home/airflow/.local/lib/python3.7/site-packages/airflow/example_dags/example_xcomargs.py for tasks to queue
[2023-06-26T12:31:36.513+0000] {logging_mixin.py:137} INFO - [2023-06-26T12:31:36.513+0000] {dagbag.py:532} INFO - Filling up the DagBag from /home/airflow/.local/lib/python3.7/site-packages/airflow/example_dags/example_xcomargs.py
[2023-06-26T12:31:36.536+0000] {processor.py:753} INFO - DAG(s) dict_keys(['example_xcom_args', 'example_xcom_args_with_operators']) retrieved from /home/airflow/.local/lib/python3.7/site-packages/airflow/example_dags/example_xcomargs.py
[2023-06-26T12:31:36.598+0000] {logging_mixin.py:137} INFO - [2023-06-26T12:31:36.598+0000] {dag.py:2705} INFO - Sync 2 DAGs
[2023-06-26T12:31:36.621+0000] {logging_mixin.py:137} INFO - [2023-06-26T12:31:36.621+0000] {dag.py:3456} INFO - Setting next_dagrun for example_xcom_args to None, run_after=None
[2023-06-26T12:31:36.624+0000] {logging_mixin.py:137} INFO - [2023-06-26T12:31:36.624+0000] {dag.py:3456} INFO - Setting next_dagrun for example_xcom_args_with_operators to None, run_after=None
[2023-06-26T12:31:36.634+0000] {processor.py:175} INFO - Processing /home/airflow/.local/lib/python3.7/site-packages/airflow/example_dags/example_xcomargs.py took 0.127 seconds
