[2023-06-26T12:30:05.330+0000] {processor.py:153} INFO - Started process (PID=69) to work on /home/airflow/.local/lib/python3.7/site-packages/airflow/example_dags/example_trigger_controller_dag.py
[2023-06-26T12:30:05.332+0000] {processor.py:743} INFO - Processing file /home/airflow/.local/lib/python3.7/site-packages/airflow/example_dags/example_trigger_controller_dag.py for tasks to queue
[2023-06-26T12:30:05.333+0000] {logging_mixin.py:137} INFO - [2023-06-26T12:30:05.333+0000] {dagbag.py:532} INFO - Filling up the DagBag from /home/airflow/.local/lib/python3.7/site-packages/airflow/example_dags/example_trigger_controller_dag.py
[2023-06-26T12:30:05.347+0000] {processor.py:753} INFO - DAG(s) dict_keys(['example_trigger_controller_dag']) retrieved from /home/airflow/.local/lib/python3.7/site-packages/airflow/example_dags/example_trigger_controller_dag.py
[2023-06-26T12:30:05.376+0000] {logging_mixin.py:137} INFO - [2023-06-26T12:30:05.376+0000] {dag.py:2705} INFO - Sync 1 DAGs
[2023-06-26T12:30:05.405+0000] {logging_mixin.py:137} INFO - [2023-06-26T12:30:05.405+0000] {dag.py:3456} INFO - Setting next_dagrun for example_trigger_controller_dag to 2021-01-01T00:00:00+00:00, run_after=2021-01-01T00:00:00+00:00
[2023-06-26T12:30:05.428+0000] {processor.py:175} INFO - Processing /home/airflow/.local/lib/python3.7/site-packages/airflow/example_dags/example_trigger_controller_dag.py took 0.100 seconds
[2023-06-26T12:30:35.996+0000] {processor.py:153} INFO - Started process (PID=127) to work on /home/airflow/.local/lib/python3.7/site-packages/airflow/example_dags/example_trigger_controller_dag.py
[2023-06-26T12:30:35.999+0000] {processor.py:743} INFO - Processing file /home/airflow/.local/lib/python3.7/site-packages/airflow/example_dags/example_trigger_controller_dag.py for tasks to queue
[2023-06-26T12:30:36.001+0000] {logging_mixin.py:137} INFO - [2023-06-26T12:30:36.001+0000] {dagbag.py:532} INFO - Filling up the DagBag from /home/airflow/.local/lib/python3.7/site-packages/airflow/example_dags/example_trigger_controller_dag.py
[2023-06-26T12:30:36.010+0000] {processor.py:753} INFO - DAG(s) dict_keys(['example_trigger_controller_dag']) retrieved from /home/airflow/.local/lib/python3.7/site-packages/airflow/example_dags/example_trigger_controller_dag.py
[2023-06-26T12:30:36.032+0000] {logging_mixin.py:137} INFO - [2023-06-26T12:30:36.032+0000] {dag.py:2705} INFO - Sync 1 DAGs
[2023-06-26T12:30:36.053+0000] {logging_mixin.py:137} INFO - [2023-06-26T12:30:36.053+0000] {dag.py:3456} INFO - Setting next_dagrun for example_trigger_controller_dag to 2021-01-01T00:00:00+00:00, run_after=2021-01-01T00:00:00+00:00
[2023-06-26T12:30:36.073+0000] {processor.py:175} INFO - Processing /home/airflow/.local/lib/python3.7/site-packages/airflow/example_dags/example_trigger_controller_dag.py took 0.080 seconds
[2023-06-26T12:31:06.495+0000] {processor.py:153} INFO - Started process (PID=184) to work on /home/airflow/.local/lib/python3.7/site-packages/airflow/example_dags/example_trigger_controller_dag.py
[2023-06-26T12:31:06.496+0000] {processor.py:743} INFO - Processing file /home/airflow/.local/lib/python3.7/site-packages/airflow/example_dags/example_trigger_controller_dag.py for tasks to queue
[2023-06-26T12:31:06.497+0000] {logging_mixin.py:137} INFO - [2023-06-26T12:31:06.497+0000] {dagbag.py:532} INFO - Filling up the DagBag from /home/airflow/.local/lib/python3.7/site-packages/airflow/example_dags/example_trigger_controller_dag.py
[2023-06-26T12:31:06.506+0000] {processor.py:753} INFO - DAG(s) dict_keys(['example_trigger_controller_dag']) retrieved from /home/airflow/.local/lib/python3.7/site-packages/airflow/example_dags/example_trigger_controller_dag.py
[2023-06-26T12:31:06.525+0000] {logging_mixin.py:137} INFO - [2023-06-26T12:31:06.525+0000] {dag.py:2705} INFO - Sync 1 DAGs
[2023-06-26T12:31:06.545+0000] {logging_mixin.py:137} INFO - [2023-06-26T12:31:06.545+0000] {dag.py:3456} INFO - Setting next_dagrun for example_trigger_controller_dag to 2021-01-01T00:00:00+00:00, run_after=2021-01-01T00:00:00+00:00
[2023-06-26T12:31:06.557+0000] {processor.py:175} INFO - Processing /home/airflow/.local/lib/python3.7/site-packages/airflow/example_dags/example_trigger_controller_dag.py took 0.064 seconds
[2023-06-26T12:31:37.420+0000] {processor.py:153} INFO - Started process (PID=240) to work on /home/airflow/.local/lib/python3.7/site-packages/airflow/example_dags/example_trigger_controller_dag.py
[2023-06-26T12:31:37.421+0000] {processor.py:743} INFO - Processing file /home/airflow/.local/lib/python3.7/site-packages/airflow/example_dags/example_trigger_controller_dag.py for tasks to queue
[2023-06-26T12:31:37.421+0000] {logging_mixin.py:137} INFO - [2023-06-26T12:31:37.421+0000] {dagbag.py:532} INFO - Filling up the DagBag from /home/airflow/.local/lib/python3.7/site-packages/airflow/example_dags/example_trigger_controller_dag.py
[2023-06-26T12:31:37.429+0000] {processor.py:753} INFO - DAG(s) dict_keys(['example_trigger_controller_dag']) retrieved from /home/airflow/.local/lib/python3.7/site-packages/airflow/example_dags/example_trigger_controller_dag.py
[2023-06-26T12:31:37.448+0000] {logging_mixin.py:137} INFO - [2023-06-26T12:31:37.448+0000] {dag.py:2705} INFO - Sync 1 DAGs
[2023-06-26T12:31:37.462+0000] {logging_mixin.py:137} INFO - [2023-06-26T12:31:37.462+0000] {dag.py:3456} INFO - Setting next_dagrun for example_trigger_controller_dag to 2021-01-01T00:00:00+00:00, run_after=2021-01-01T00:00:00+00:00
[2023-06-26T12:31:37.472+0000] {processor.py:175} INFO - Processing /home/airflow/.local/lib/python3.7/site-packages/airflow/example_dags/example_trigger_controller_dag.py took 0.055 seconds
