[2023-06-26T12:30:05.305+0000] {processor.py:153} INFO - Started process (PID=68) to work on /home/airflow/.local/lib/python3.7/site-packages/airflow/example_dags/example_task_group_decorator.py
[2023-06-26T12:30:05.314+0000] {processor.py:743} INFO - Processing file /home/airflow/.local/lib/python3.7/site-packages/airflow/example_dags/example_task_group_decorator.py for tasks to queue
[2023-06-26T12:30:05.316+0000] {logging_mixin.py:137} INFO - [2023-06-26T12:30:05.316+0000] {dagbag.py:532} INFO - Filling up the DagBag from /home/airflow/.local/lib/python3.7/site-packages/airflow/example_dags/example_task_group_decorator.py
[2023-06-26T12:30:05.350+0000] {processor.py:753} INFO - DAG(s) dict_keys(['example_task_group_decorator']) retrieved from /home/airflow/.local/lib/python3.7/site-packages/airflow/example_dags/example_task_group_decorator.py
[2023-06-26T12:30:05.376+0000] {logging_mixin.py:137} INFO - [2023-06-26T12:30:05.376+0000] {dag.py:2705} INFO - Sync 1 DAGs
[2023-06-26T12:30:05.408+0000] {logging_mixin.py:137} INFO - [2023-06-26T12:30:05.408+0000] {dag.py:3456} INFO - Setting next_dagrun for example_task_group_decorator to 2023-06-25T12:30:05.407846+00:00, run_after=2023-06-26T12:30:05.407846+00:00
[2023-06-26T12:30:05.429+0000] {processor.py:175} INFO - Processing /home/airflow/.local/lib/python3.7/site-packages/airflow/example_dags/example_task_group_decorator.py took 0.129 seconds
[2023-06-26T12:30:35.997+0000] {processor.py:153} INFO - Started process (PID=126) to work on /home/airflow/.local/lib/python3.7/site-packages/airflow/example_dags/example_task_group_decorator.py
[2023-06-26T12:30:35.999+0000] {processor.py:743} INFO - Processing file /home/airflow/.local/lib/python3.7/site-packages/airflow/example_dags/example_task_group_decorator.py for tasks to queue
[2023-06-26T12:30:36.001+0000] {logging_mixin.py:137} INFO - [2023-06-26T12:30:36.000+0000] {dagbag.py:532} INFO - Filling up the DagBag from /home/airflow/.local/lib/python3.7/site-packages/airflow/example_dags/example_task_group_decorator.py
[2023-06-26T12:30:36.021+0000] {processor.py:753} INFO - DAG(s) dict_keys(['example_task_group_decorator']) retrieved from /home/airflow/.local/lib/python3.7/site-packages/airflow/example_dags/example_task_group_decorator.py
[2023-06-26T12:30:36.052+0000] {logging_mixin.py:137} INFO - [2023-06-26T12:30:36.052+0000] {dag.py:2705} INFO - Sync 1 DAGs
[2023-06-26T12:30:36.077+0000] {logging_mixin.py:137} INFO - [2023-06-26T12:30:36.077+0000] {dag.py:3456} INFO - Setting next_dagrun for example_task_group_decorator to 2023-06-25T12:30:36.077454+00:00, run_after=2023-06-26T12:30:36.077454+00:00
[2023-06-26T12:30:36.088+0000] {processor.py:175} INFO - Processing /home/airflow/.local/lib/python3.7/site-packages/airflow/example_dags/example_task_group_decorator.py took 0.093 seconds
[2023-06-26T12:31:06.415+0000] {processor.py:153} INFO - Started process (PID=183) to work on /home/airflow/.local/lib/python3.7/site-packages/airflow/example_dags/example_task_group_decorator.py
[2023-06-26T12:31:06.416+0000] {processor.py:743} INFO - Processing file /home/airflow/.local/lib/python3.7/site-packages/airflow/example_dags/example_task_group_decorator.py for tasks to queue
[2023-06-26T12:31:06.416+0000] {logging_mixin.py:137} INFO - [2023-06-26T12:31:06.416+0000] {dagbag.py:532} INFO - Filling up the DagBag from /home/airflow/.local/lib/python3.7/site-packages/airflow/example_dags/example_task_group_decorator.py
[2023-06-26T12:31:06.434+0000] {processor.py:753} INFO - DAG(s) dict_keys(['example_task_group_decorator']) retrieved from /home/airflow/.local/lib/python3.7/site-packages/airflow/example_dags/example_task_group_decorator.py
[2023-06-26T12:31:06.453+0000] {logging_mixin.py:137} INFO - [2023-06-26T12:31:06.453+0000] {dag.py:2705} INFO - Sync 1 DAGs
[2023-06-26T12:31:06.467+0000] {logging_mixin.py:137} INFO - [2023-06-26T12:31:06.467+0000] {dag.py:3456} INFO - Setting next_dagrun for example_task_group_decorator to 2023-06-25T12:31:06.467127+00:00, run_after=2023-06-26T12:31:06.467127+00:00
[2023-06-26T12:31:06.476+0000] {processor.py:175} INFO - Processing /home/airflow/.local/lib/python3.7/site-packages/airflow/example_dags/example_task_group_decorator.py took 0.064 seconds
[2023-06-26T12:31:37.417+0000] {processor.py:153} INFO - Started process (PID=239) to work on /home/airflow/.local/lib/python3.7/site-packages/airflow/example_dags/example_task_group_decorator.py
[2023-06-26T12:31:37.418+0000] {processor.py:743} INFO - Processing file /home/airflow/.local/lib/python3.7/site-packages/airflow/example_dags/example_task_group_decorator.py for tasks to queue
[2023-06-26T12:31:37.419+0000] {logging_mixin.py:137} INFO - [2023-06-26T12:31:37.419+0000] {dagbag.py:532} INFO - Filling up the DagBag from /home/airflow/.local/lib/python3.7/site-packages/airflow/example_dags/example_task_group_decorator.py
[2023-06-26T12:31:37.437+0000] {processor.py:753} INFO - DAG(s) dict_keys(['example_task_group_decorator']) retrieved from /home/airflow/.local/lib/python3.7/site-packages/airflow/example_dags/example_task_group_decorator.py
[2023-06-26T12:31:37.456+0000] {logging_mixin.py:137} INFO - [2023-06-26T12:31:37.456+0000] {dag.py:2705} INFO - Sync 1 DAGs
[2023-06-26T12:31:37.471+0000] {logging_mixin.py:137} INFO - [2023-06-26T12:31:37.471+0000] {dag.py:3456} INFO - Setting next_dagrun for example_task_group_decorator to 2023-06-25T12:31:37.470974+00:00, run_after=2023-06-26T12:31:37.470974+00:00
[2023-06-26T12:31:37.480+0000] {processor.py:175} INFO - Processing /home/airflow/.local/lib/python3.7/site-packages/airflow/example_dags/example_task_group_decorator.py took 0.065 seconds
