[2023-06-26T12:30:03.257+0000] {processor.py:153} INFO - Started process (PID=48) to work on /home/airflow/.local/lib/python3.7/site-packages/airflow/example_dags/example_latest_only.py
[2023-06-26T12:30:03.258+0000] {processor.py:743} INFO - Processing file /home/airflow/.local/lib/python3.7/site-packages/airflow/example_dags/example_latest_only.py for tasks to queue
[2023-06-26T12:30:03.260+0000] {logging_mixin.py:137} INFO - [2023-06-26T12:30:03.259+0000] {dagbag.py:532} INFO - Filling up the DagBag from /home/airflow/.local/lib/python3.7/site-packages/airflow/example_dags/example_latest_only.py
[2023-06-26T12:30:03.280+0000] {processor.py:753} INFO - DAG(s) dict_keys(['latest_only']) retrieved from /home/airflow/.local/lib/python3.7/site-packages/airflow/example_dags/example_latest_only.py
[2023-06-26T12:30:03.320+0000] {logging_mixin.py:137} INFO - [2023-06-26T12:30:03.320+0000] {dag.py:2705} INFO - Sync 1 DAGs
[2023-06-26T12:30:03.374+0000] {logging_mixin.py:137} INFO - [2023-06-26T12:30:03.373+0000] {dag.py:3456} INFO - Setting next_dagrun for latest_only to 2023-06-26T08:30:03.373460+00:00, run_after=2023-06-26T12:30:03.373460+00:00
[2023-06-26T12:30:03.411+0000] {processor.py:175} INFO - Processing /home/airflow/.local/lib/python3.7/site-packages/airflow/example_dags/example_latest_only.py took 0.159 seconds
[2023-06-26T12:30:34.088+0000] {processor.py:153} INFO - Started process (PID=106) to work on /home/airflow/.local/lib/python3.7/site-packages/airflow/example_dags/example_latest_only.py
[2023-06-26T12:30:34.090+0000] {processor.py:743} INFO - Processing file /home/airflow/.local/lib/python3.7/site-packages/airflow/example_dags/example_latest_only.py for tasks to queue
[2023-06-26T12:30:34.093+0000] {logging_mixin.py:137} INFO - [2023-06-26T12:30:34.093+0000] {dagbag.py:532} INFO - Filling up the DagBag from /home/airflow/.local/lib/python3.7/site-packages/airflow/example_dags/example_latest_only.py
[2023-06-26T12:30:34.119+0000] {processor.py:753} INFO - DAG(s) dict_keys(['latest_only']) retrieved from /home/airflow/.local/lib/python3.7/site-packages/airflow/example_dags/example_latest_only.py
[2023-06-26T12:30:34.145+0000] {logging_mixin.py:137} INFO - [2023-06-26T12:30:34.145+0000] {dag.py:2705} INFO - Sync 1 DAGs
[2023-06-26T12:30:34.177+0000] {logging_mixin.py:137} INFO - [2023-06-26T12:30:34.176+0000] {dag.py:3456} INFO - Setting next_dagrun for latest_only to 2023-06-26T08:30:34.176619+00:00, run_after=2023-06-26T12:30:34.176619+00:00
[2023-06-26T12:30:34.193+0000] {processor.py:175} INFO - Processing /home/airflow/.local/lib/python3.7/site-packages/airflow/example_dags/example_latest_only.py took 0.110 seconds
[2023-06-26T12:31:04.320+0000] {processor.py:153} INFO - Started process (PID=163) to work on /home/airflow/.local/lib/python3.7/site-packages/airflow/example_dags/example_latest_only.py
[2023-06-26T12:31:04.321+0000] {processor.py:743} INFO - Processing file /home/airflow/.local/lib/python3.7/site-packages/airflow/example_dags/example_latest_only.py for tasks to queue
[2023-06-26T12:31:04.321+0000] {logging_mixin.py:137} INFO - [2023-06-26T12:31:04.321+0000] {dagbag.py:532} INFO - Filling up the DagBag from /home/airflow/.local/lib/python3.7/site-packages/airflow/example_dags/example_latest_only.py
[2023-06-26T12:31:04.330+0000] {processor.py:753} INFO - DAG(s) dict_keys(['latest_only']) retrieved from /home/airflow/.local/lib/python3.7/site-packages/airflow/example_dags/example_latest_only.py
[2023-06-26T12:31:04.350+0000] {logging_mixin.py:137} INFO - [2023-06-26T12:31:04.350+0000] {dag.py:2705} INFO - Sync 1 DAGs
[2023-06-26T12:31:04.371+0000] {logging_mixin.py:137} INFO - [2023-06-26T12:31:04.371+0000] {dag.py:3456} INFO - Setting next_dagrun for latest_only to 2023-06-26T08:31:04.370930+00:00, run_after=2023-06-26T12:31:04.370930+00:00
[2023-06-26T12:31:04.383+0000] {processor.py:175} INFO - Processing /home/airflow/.local/lib/python3.7/site-packages/airflow/example_dags/example_latest_only.py took 0.066 seconds
[2023-06-26T12:31:35.302+0000] {processor.py:153} INFO - Started process (PID=219) to work on /home/airflow/.local/lib/python3.7/site-packages/airflow/example_dags/example_latest_only.py
[2023-06-26T12:31:35.304+0000] {processor.py:743} INFO - Processing file /home/airflow/.local/lib/python3.7/site-packages/airflow/example_dags/example_latest_only.py for tasks to queue
[2023-06-26T12:31:35.304+0000] {logging_mixin.py:137} INFO - [2023-06-26T12:31:35.304+0000] {dagbag.py:532} INFO - Filling up the DagBag from /home/airflow/.local/lib/python3.7/site-packages/airflow/example_dags/example_latest_only.py
[2023-06-26T12:31:35.316+0000] {processor.py:753} INFO - DAG(s) dict_keys(['latest_only']) retrieved from /home/airflow/.local/lib/python3.7/site-packages/airflow/example_dags/example_latest_only.py
[2023-06-26T12:31:35.332+0000] {logging_mixin.py:137} INFO - [2023-06-26T12:31:35.332+0000] {dag.py:2705} INFO - Sync 1 DAGs
[2023-06-26T12:31:35.346+0000] {logging_mixin.py:137} INFO - [2023-06-26T12:31:35.346+0000] {dag.py:3456} INFO - Setting next_dagrun for latest_only to 2023-06-26T08:31:35.346125+00:00, run_after=2023-06-26T12:31:35.346125+00:00
[2023-06-26T12:31:35.355+0000] {processor.py:175} INFO - Processing /home/airflow/.local/lib/python3.7/site-packages/airflow/example_dags/example_latest_only.py took 0.056 seconds
