[2023-06-26T12:30:04.329+0000] {processor.py:153} INFO - Started process (PID=58) to work on /home/airflow/.local/lib/python3.7/site-packages/airflow/example_dags/example_sla_dag.py
[2023-06-26T12:30:04.330+0000] {processor.py:743} INFO - Processing file /home/airflow/.local/lib/python3.7/site-packages/airflow/example_dags/example_sla_dag.py for tasks to queue
[2023-06-26T12:30:04.330+0000] {logging_mixin.py:137} INFO - [2023-06-26T12:30:04.330+0000] {dagbag.py:532} INFO - Filling up the DagBag from /home/airflow/.local/lib/python3.7/site-packages/airflow/example_dags/example_sla_dag.py
[2023-06-26T12:30:04.360+0000] {processor.py:753} INFO - DAG(s) dict_keys(['example_sla_dag']) retrieved from /home/airflow/.local/lib/python3.7/site-packages/airflow/example_dags/example_sla_dag.py
[2023-06-26T12:30:04.390+0000] {logging_mixin.py:137} INFO - [2023-06-26T12:30:04.389+0000] {dag.py:2705} INFO - Sync 1 DAGs
[2023-06-26T12:30:04.414+0000] {logging_mixin.py:137} INFO - [2023-06-26T12:30:04.414+0000] {dag.py:3456} INFO - Setting next_dagrun for example_sla_dag to 2023-06-26T12:28:00+00:00, run_after=2023-06-26T12:30:00+00:00
[2023-06-26T12:30:04.427+0000] {processor.py:175} INFO - Processing /home/airflow/.local/lib/python3.7/site-packages/airflow/example_dags/example_sla_dag.py took 0.101 seconds
[2023-06-26T12:30:35.057+0000] {processor.py:153} INFO - Started process (PID=116) to work on /home/airflow/.local/lib/python3.7/site-packages/airflow/example_dags/example_sla_dag.py
[2023-06-26T12:30:35.060+0000] {processor.py:743} INFO - Processing file /home/airflow/.local/lib/python3.7/site-packages/airflow/example_dags/example_sla_dag.py for tasks to queue
[2023-06-26T12:30:35.062+0000] {logging_mixin.py:137} INFO - [2023-06-26T12:30:35.062+0000] {dagbag.py:532} INFO - Filling up the DagBag from /home/airflow/.local/lib/python3.7/site-packages/airflow/example_dags/example_sla_dag.py
[2023-06-26T12:30:35.085+0000] {processor.py:753} INFO - DAG(s) dict_keys(['example_sla_dag']) retrieved from /home/airflow/.local/lib/python3.7/site-packages/airflow/example_dags/example_sla_dag.py
[2023-06-26T12:30:35.113+0000] {logging_mixin.py:137} INFO - [2023-06-26T12:30:35.113+0000] {dag.py:2705} INFO - Sync 1 DAGs
[2023-06-26T12:30:35.135+0000] {logging_mixin.py:137} INFO - [2023-06-26T12:30:35.134+0000] {dag.py:3456} INFO - Setting next_dagrun for example_sla_dag to 2023-06-26T12:28:00+00:00, run_after=2023-06-26T12:30:00+00:00
[2023-06-26T12:30:35.149+0000] {processor.py:175} INFO - Processing /home/airflow/.local/lib/python3.7/site-packages/airflow/example_dags/example_sla_dag.py took 0.098 seconds
[2023-06-26T12:31:05.900+0000] {processor.py:153} INFO - Started process (PID=173) to work on /home/airflow/.local/lib/python3.7/site-packages/airflow/example_dags/example_sla_dag.py
[2023-06-26T12:31:05.901+0000] {processor.py:743} INFO - Processing file /home/airflow/.local/lib/python3.7/site-packages/airflow/example_dags/example_sla_dag.py for tasks to queue
[2023-06-26T12:31:05.901+0000] {logging_mixin.py:137} INFO - [2023-06-26T12:31:05.901+0000] {dagbag.py:532} INFO - Filling up the DagBag from /home/airflow/.local/lib/python3.7/site-packages/airflow/example_dags/example_sla_dag.py
[2023-06-26T12:31:05.914+0000] {processor.py:753} INFO - DAG(s) dict_keys(['example_sla_dag']) retrieved from /home/airflow/.local/lib/python3.7/site-packages/airflow/example_dags/example_sla_dag.py
[2023-06-26T12:31:05.931+0000] {logging_mixin.py:137} INFO - [2023-06-26T12:31:05.931+0000] {dag.py:2705} INFO - Sync 1 DAGs
[2023-06-26T12:31:05.945+0000] {logging_mixin.py:137} INFO - [2023-06-26T12:31:05.945+0000] {dag.py:3456} INFO - Setting next_dagrun for example_sla_dag to 2023-06-26T12:28:00+00:00, run_after=2023-06-26T12:30:00+00:00
[2023-06-26T12:31:05.954+0000] {processor.py:175} INFO - Processing /home/airflow/.local/lib/python3.7/site-packages/airflow/example_dags/example_sla_dag.py took 0.056 seconds
[2023-06-26T12:31:36.885+0000] {processor.py:153} INFO - Started process (PID=229) to work on /home/airflow/.local/lib/python3.7/site-packages/airflow/example_dags/example_sla_dag.py
[2023-06-26T12:31:36.888+0000] {processor.py:743} INFO - Processing file /home/airflow/.local/lib/python3.7/site-packages/airflow/example_dags/example_sla_dag.py for tasks to queue
[2023-06-26T12:31:36.890+0000] {logging_mixin.py:137} INFO - [2023-06-26T12:31:36.890+0000] {dagbag.py:532} INFO - Filling up the DagBag from /home/airflow/.local/lib/python3.7/site-packages/airflow/example_dags/example_sla_dag.py
[2023-06-26T12:31:36.904+0000] {processor.py:753} INFO - DAG(s) dict_keys(['example_sla_dag']) retrieved from /home/airflow/.local/lib/python3.7/site-packages/airflow/example_dags/example_sla_dag.py
[2023-06-26T12:31:36.921+0000] {logging_mixin.py:137} INFO - [2023-06-26T12:31:36.921+0000] {dag.py:2705} INFO - Sync 1 DAGs
[2023-06-26T12:31:36.936+0000] {logging_mixin.py:137} INFO - [2023-06-26T12:31:36.936+0000] {dag.py:3456} INFO - Setting next_dagrun for example_sla_dag to 2023-06-26T12:28:00+00:00, run_after=2023-06-26T12:30:00+00:00
[2023-06-26T12:31:36.946+0000] {processor.py:175} INFO - Processing /home/airflow/.local/lib/python3.7/site-packages/airflow/example_dags/example_sla_dag.py took 0.064 seconds
