[2023-06-26T12:30:02.584+0000] {processor.py:153} INFO - Started process (PID=44) to work on /home/airflow/.local/lib/python3.7/site-packages/airflow/example_dags/example_dag_decorator.py
[2023-06-26T12:30:02.592+0000] {processor.py:743} INFO - Processing file /home/airflow/.local/lib/python3.7/site-packages/airflow/example_dags/example_dag_decorator.py for tasks to queue
[2023-06-26T12:30:02.594+0000] {logging_mixin.py:137} INFO - [2023-06-26T12:30:02.594+0000] {dagbag.py:532} INFO - Filling up the DagBag from /home/airflow/.local/lib/python3.7/site-packages/airflow/example_dags/example_dag_decorator.py
[2023-06-26T12:30:02.624+0000] {logging_mixin.py:137} INFO - [2023-06-26T12:30:02.624+0000] {taskmixin.py:211} WARNING - Dependency <Task(_PythonDecoratedOperator): prepare_email>, send_email already registered for DAG: example_dag_decorator
[2023-06-26T12:30:02.625+0000] {logging_mixin.py:137} INFO - [2023-06-26T12:30:02.625+0000] {taskmixin.py:211} WARNING - Dependency <Task(EmailOperator): send_email>, prepare_email already registered for DAG: example_dag_decorator
[2023-06-26T12:30:02.640+0000] {processor.py:753} INFO - DAG(s) dict_keys(['example_dag_decorator']) retrieved from /home/airflow/.local/lib/python3.7/site-packages/airflow/example_dags/example_dag_decorator.py
[2023-06-26T12:30:02.755+0000] {logging_mixin.py:137} INFO - [2023-06-26T12:30:02.755+0000] {dag.py:2705} INFO - Sync 1 DAGs
[2023-06-26T12:30:02.777+0000] {logging_mixin.py:137} INFO - [2023-06-26T12:30:02.777+0000] {dag.py:3456} INFO - Setting next_dagrun for example_dag_decorator to None, run_after=None
[2023-06-26T12:30:02.802+0000] {processor.py:175} INFO - Processing /home/airflow/.local/lib/python3.7/site-packages/airflow/example_dags/example_dag_decorator.py took 0.227 seconds
[2023-06-26T12:30:33.464+0000] {processor.py:153} INFO - Started process (PID=102) to work on /home/airflow/.local/lib/python3.7/site-packages/airflow/example_dags/example_dag_decorator.py
[2023-06-26T12:30:33.465+0000] {processor.py:743} INFO - Processing file /home/airflow/.local/lib/python3.7/site-packages/airflow/example_dags/example_dag_decorator.py for tasks to queue
[2023-06-26T12:30:33.466+0000] {logging_mixin.py:137} INFO - [2023-06-26T12:30:33.466+0000] {dagbag.py:532} INFO - Filling up the DagBag from /home/airflow/.local/lib/python3.7/site-packages/airflow/example_dags/example_dag_decorator.py
[2023-06-26T12:30:33.478+0000] {logging_mixin.py:137} INFO - [2023-06-26T12:30:33.478+0000] {taskmixin.py:211} WARNING - Dependency <Task(_PythonDecoratedOperator): prepare_email>, send_email already registered for DAG: example_dag_decorator
[2023-06-26T12:30:33.478+0000] {logging_mixin.py:137} INFO - [2023-06-26T12:30:33.478+0000] {taskmixin.py:211} WARNING - Dependency <Task(EmailOperator): send_email>, prepare_email already registered for DAG: example_dag_decorator
[2023-06-26T12:30:33.486+0000] {processor.py:753} INFO - DAG(s) dict_keys(['example_dag_decorator']) retrieved from /home/airflow/.local/lib/python3.7/site-packages/airflow/example_dags/example_dag_decorator.py
[2023-06-26T12:30:33.604+0000] {logging_mixin.py:137} INFO - [2023-06-26T12:30:33.604+0000] {dag.py:2705} INFO - Sync 1 DAGs
[2023-06-26T12:30:33.629+0000] {logging_mixin.py:137} INFO - [2023-06-26T12:30:33.629+0000] {dag.py:3456} INFO - Setting next_dagrun for example_dag_decorator to None, run_after=None
[2023-06-26T12:30:33.651+0000] {processor.py:175} INFO - Processing /home/airflow/.local/lib/python3.7/site-packages/airflow/example_dags/example_dag_decorator.py took 0.190 seconds
[2023-06-26T12:31:03.967+0000] {processor.py:153} INFO - Started process (PID=157) to work on /home/airflow/.local/lib/python3.7/site-packages/airflow/example_dags/example_dag_decorator.py
[2023-06-26T12:31:03.969+0000] {processor.py:743} INFO - Processing file /home/airflow/.local/lib/python3.7/site-packages/airflow/example_dags/example_dag_decorator.py for tasks to queue
[2023-06-26T12:31:03.970+0000] {logging_mixin.py:137} INFO - [2023-06-26T12:31:03.970+0000] {dagbag.py:532} INFO - Filling up the DagBag from /home/airflow/.local/lib/python3.7/site-packages/airflow/example_dags/example_dag_decorator.py
[2023-06-26T12:31:03.983+0000] {logging_mixin.py:137} INFO - [2023-06-26T12:31:03.983+0000] {taskmixin.py:211} WARNING - Dependency <Task(_PythonDecoratedOperator): prepare_email>, send_email already registered for DAG: example_dag_decorator
[2023-06-26T12:31:03.984+0000] {logging_mixin.py:137} INFO - [2023-06-26T12:31:03.984+0000] {taskmixin.py:211} WARNING - Dependency <Task(EmailOperator): send_email>, prepare_email already registered for DAG: example_dag_decorator
[2023-06-26T12:31:03.995+0000] {processor.py:753} INFO - DAG(s) dict_keys(['example_dag_decorator']) retrieved from /home/airflow/.local/lib/python3.7/site-packages/airflow/example_dags/example_dag_decorator.py
[2023-06-26T12:31:04.044+0000] {logging_mixin.py:137} INFO - [2023-06-26T12:31:04.044+0000] {dag.py:2705} INFO - Sync 1 DAGs
[2023-06-26T12:31:04.063+0000] {logging_mixin.py:137} INFO - [2023-06-26T12:31:04.063+0000] {dag.py:3456} INFO - Setting next_dagrun for example_dag_decorator to None, run_after=None
[2023-06-26T12:31:04.079+0000] {processor.py:175} INFO - Processing /home/airflow/.local/lib/python3.7/site-packages/airflow/example_dags/example_dag_decorator.py took 0.115 seconds
[2023-06-26T12:31:34.937+0000] {processor.py:153} INFO - Started process (PID=215) to work on /home/airflow/.local/lib/python3.7/site-packages/airflow/example_dags/example_dag_decorator.py
[2023-06-26T12:31:34.938+0000] {processor.py:743} INFO - Processing file /home/airflow/.local/lib/python3.7/site-packages/airflow/example_dags/example_dag_decorator.py for tasks to queue
[2023-06-26T12:31:34.939+0000] {logging_mixin.py:137} INFO - [2023-06-26T12:31:34.939+0000] {dagbag.py:532} INFO - Filling up the DagBag from /home/airflow/.local/lib/python3.7/site-packages/airflow/example_dags/example_dag_decorator.py
[2023-06-26T12:31:34.951+0000] {logging_mixin.py:137} INFO - [2023-06-26T12:31:34.951+0000] {taskmixin.py:211} WARNING - Dependency <Task(_PythonDecoratedOperator): prepare_email>, send_email already registered for DAG: example_dag_decorator
[2023-06-26T12:31:34.951+0000] {logging_mixin.py:137} INFO - [2023-06-26T12:31:34.951+0000] {taskmixin.py:211} WARNING - Dependency <Task(EmailOperator): send_email>, prepare_email already registered for DAG: example_dag_decorator
[2023-06-26T12:31:34.963+0000] {processor.py:753} INFO - DAG(s) dict_keys(['example_dag_decorator']) retrieved from /home/airflow/.local/lib/python3.7/site-packages/airflow/example_dags/example_dag_decorator.py
[2023-06-26T12:31:35.025+0000] {logging_mixin.py:137} INFO - [2023-06-26T12:31:35.025+0000] {dag.py:2705} INFO - Sync 1 DAGs
[2023-06-26T12:31:35.043+0000] {logging_mixin.py:137} INFO - [2023-06-26T12:31:35.043+0000] {dag.py:3456} INFO - Setting next_dagrun for example_dag_decorator to None, run_after=None
[2023-06-26T12:31:35.057+0000] {processor.py:175} INFO - Processing /home/airflow/.local/lib/python3.7/site-packages/airflow/example_dags/example_dag_decorator.py took 0.122 seconds
