[2023-06-26T12:30:04.732+0000] {processor.py:153} INFO - Started process (PID=64) to work on /home/airflow/.local/lib/python3.7/site-packages/airflow/example_dags/example_short_circuit_decorator.py
[2023-06-26T12:30:04.734+0000] {processor.py:743} INFO - Processing file /home/airflow/.local/lib/python3.7/site-packages/airflow/example_dags/example_short_circuit_decorator.py for tasks to queue
[2023-06-26T12:30:04.738+0000] {logging_mixin.py:137} INFO - [2023-06-26T12:30:04.737+0000] {dagbag.py:532} INFO - Filling up the DagBag from /home/airflow/.local/lib/python3.7/site-packages/airflow/example_dags/example_short_circuit_decorator.py
[2023-06-26T12:30:04.780+0000] {processor.py:753} INFO - DAG(s) dict_keys(['example_short_circuit_decorator']) retrieved from /home/airflow/.local/lib/python3.7/site-packages/airflow/example_dags/example_short_circuit_decorator.py
[2023-06-26T12:30:04.813+0000] {logging_mixin.py:137} INFO - [2023-06-26T12:30:04.813+0000] {dag.py:2705} INFO - Sync 1 DAGs
[2023-06-26T12:30:04.859+0000] {logging_mixin.py:137} INFO - [2023-06-26T12:30:04.859+0000] {dag.py:3456} INFO - Setting next_dagrun for example_short_circuit_decorator to 2023-06-25T12:30:04.858896+00:00, run_after=2023-06-26T12:30:04.858896+00:00
[2023-06-26T12:30:04.897+0000] {processor.py:175} INFO - Processing /home/airflow/.local/lib/python3.7/site-packages/airflow/example_dags/example_short_circuit_decorator.py took 0.167 seconds
[2023-06-26T12:30:35.516+0000] {processor.py:153} INFO - Started process (PID=122) to work on /home/airflow/.local/lib/python3.7/site-packages/airflow/example_dags/example_short_circuit_decorator.py
[2023-06-26T12:30:35.518+0000] {processor.py:743} INFO - Processing file /home/airflow/.local/lib/python3.7/site-packages/airflow/example_dags/example_short_circuit_decorator.py for tasks to queue
[2023-06-26T12:30:35.519+0000] {logging_mixin.py:137} INFO - [2023-06-26T12:30:35.519+0000] {dagbag.py:532} INFO - Filling up the DagBag from /home/airflow/.local/lib/python3.7/site-packages/airflow/example_dags/example_short_circuit_decorator.py
[2023-06-26T12:30:35.604+0000] {processor.py:753} INFO - DAG(s) dict_keys(['example_short_circuit_decorator']) retrieved from /home/airflow/.local/lib/python3.7/site-packages/airflow/example_dags/example_short_circuit_decorator.py
[2023-06-26T12:30:35.636+0000] {logging_mixin.py:137} INFO - [2023-06-26T12:30:35.636+0000] {dag.py:2705} INFO - Sync 1 DAGs
[2023-06-26T12:30:35.657+0000] {logging_mixin.py:137} INFO - [2023-06-26T12:30:35.657+0000] {dag.py:3456} INFO - Setting next_dagrun for example_short_circuit_decorator to 2023-06-25T12:30:35.657476+00:00, run_after=2023-06-26T12:30:35.657476+00:00
[2023-06-26T12:30:35.683+0000] {processor.py:175} INFO - Processing /home/airflow/.local/lib/python3.7/site-packages/airflow/example_dags/example_short_circuit_decorator.py took 0.172 seconds
[2023-06-26T12:31:06.260+0000] {processor.py:153} INFO - Started process (PID=179) to work on /home/airflow/.local/lib/python3.7/site-packages/airflow/example_dags/example_short_circuit_decorator.py
[2023-06-26T12:31:06.261+0000] {processor.py:743} INFO - Processing file /home/airflow/.local/lib/python3.7/site-packages/airflow/example_dags/example_short_circuit_decorator.py for tasks to queue
[2023-06-26T12:31:06.262+0000] {logging_mixin.py:137} INFO - [2023-06-26T12:31:06.262+0000] {dagbag.py:532} INFO - Filling up the DagBag from /home/airflow/.local/lib/python3.7/site-packages/airflow/example_dags/example_short_circuit_decorator.py
[2023-06-26T12:31:06.277+0000] {processor.py:753} INFO - DAG(s) dict_keys(['example_short_circuit_decorator']) retrieved from /home/airflow/.local/lib/python3.7/site-packages/airflow/example_dags/example_short_circuit_decorator.py
[2023-06-26T12:31:06.294+0000] {logging_mixin.py:137} INFO - [2023-06-26T12:31:06.294+0000] {dag.py:2705} INFO - Sync 1 DAGs
[2023-06-26T12:31:06.308+0000] {logging_mixin.py:137} INFO - [2023-06-26T12:31:06.308+0000] {dag.py:3456} INFO - Setting next_dagrun for example_short_circuit_decorator to 2023-06-25T12:31:06.308287+00:00, run_after=2023-06-26T12:31:06.308287+00:00
[2023-06-26T12:31:06.318+0000] {processor.py:175} INFO - Processing /home/airflow/.local/lib/python3.7/site-packages/airflow/example_dags/example_short_circuit_decorator.py took 0.061 seconds
[2023-06-26T12:31:37.187+0000] {processor.py:153} INFO - Started process (PID=235) to work on /home/airflow/.local/lib/python3.7/site-packages/airflow/example_dags/example_short_circuit_decorator.py
[2023-06-26T12:31:37.188+0000] {processor.py:743} INFO - Processing file /home/airflow/.local/lib/python3.7/site-packages/airflow/example_dags/example_short_circuit_decorator.py for tasks to queue
[2023-06-26T12:31:37.189+0000] {logging_mixin.py:137} INFO - [2023-06-26T12:31:37.188+0000] {dagbag.py:532} INFO - Filling up the DagBag from /home/airflow/.local/lib/python3.7/site-packages/airflow/example_dags/example_short_circuit_decorator.py
[2023-06-26T12:31:37.204+0000] {processor.py:753} INFO - DAG(s) dict_keys(['example_short_circuit_decorator']) retrieved from /home/airflow/.local/lib/python3.7/site-packages/airflow/example_dags/example_short_circuit_decorator.py
[2023-06-26T12:31:37.222+0000] {logging_mixin.py:137} INFO - [2023-06-26T12:31:37.222+0000] {dag.py:2705} INFO - Sync 1 DAGs
[2023-06-26T12:31:37.237+0000] {logging_mixin.py:137} INFO - [2023-06-26T12:31:37.237+0000] {dag.py:3456} INFO - Setting next_dagrun for example_short_circuit_decorator to 2023-06-25T12:31:37.237025+00:00, run_after=2023-06-26T12:31:37.237025+00:00
[2023-06-26T12:31:37.248+0000] {processor.py:175} INFO - Processing /home/airflow/.local/lib/python3.7/site-packages/airflow/example_dags/example_short_circuit_decorator.py took 0.063 seconds
