[2023-04-26T00:00:28.208+0000] {processor.py:153} INFO - Started process (PID=3632) to work on /opt/airflow/dags/treino01.py
[2023-04-26T00:00:28.211+0000] {processor.py:743} INFO - Processing file /opt/airflow/dags/treino01.py for tasks to queue
[2023-04-26T00:00:28.213+0000] {logging_mixin.py:137} INFO - [2023-04-26T00:00:28.213+0000] {dagbag.py:532} INFO - Filling up the DagBag from /opt/airflow/dags/treino01.py
[2023-04-26T00:00:28.249+0000] {processor.py:753} INFO - DAG(s) dict_keys(['treino-01']) retrieved from /opt/airflow/dags/treino01.py
[2023-04-26T00:00:28.317+0000] {logging_mixin.py:137} INFO - [2023-04-26T00:00:28.317+0000] {dag.py:2705} INFO - Sync 1 DAGs
[2023-04-26T00:00:28.354+0000] {logging_mixin.py:137} INFO - [2023-04-26T00:00:28.354+0000] {dag.py:3456} INFO - Setting next_dagrun for treino-01 to 2023-04-23T19:08:00+00:00, run_after=2023-04-23T19:10:00+00:00
[2023-04-26T00:00:28.374+0000] {processor.py:175} INFO - Processing /opt/airflow/dags/treino01.py took 0.175 seconds
[2023-04-26T00:00:59.020+0000] {processor.py:153} INFO - Started process (PID=3685) to work on /opt/airflow/dags/treino01.py
[2023-04-26T00:00:59.023+0000] {processor.py:743} INFO - Processing file /opt/airflow/dags/treino01.py for tasks to queue
[2023-04-26T00:00:59.025+0000] {logging_mixin.py:137} INFO - [2023-04-26T00:00:59.025+0000] {dagbag.py:532} INFO - Filling up the DagBag from /opt/airflow/dags/treino01.py
[2023-04-26T00:00:59.072+0000] {processor.py:753} INFO - DAG(s) dict_keys(['treino-01']) retrieved from /opt/airflow/dags/treino01.py
[2023-04-26T00:00:59.113+0000] {logging_mixin.py:137} INFO - [2023-04-26T00:00:59.112+0000] {dag.py:2705} INFO - Sync 1 DAGs
[2023-04-26T00:00:59.144+0000] {logging_mixin.py:137} INFO - [2023-04-26T00:00:59.144+0000] {dag.py:3456} INFO - Setting next_dagrun for treino-01 to 2023-04-23T19:08:00+00:00, run_after=2023-04-23T19:10:00+00:00
[2023-04-26T00:00:59.163+0000] {processor.py:175} INFO - Processing /opt/airflow/dags/treino01.py took 0.156 seconds
[2023-04-26T00:01:29.836+0000] {processor.py:153} INFO - Started process (PID=3738) to work on /opt/airflow/dags/treino01.py
[2023-04-26T00:01:29.839+0000] {processor.py:743} INFO - Processing file /opt/airflow/dags/treino01.py for tasks to queue
[2023-04-26T00:01:29.841+0000] {logging_mixin.py:137} INFO - [2023-04-26T00:01:29.841+0000] {dagbag.py:532} INFO - Filling up the DagBag from /opt/airflow/dags/treino01.py
[2023-04-26T00:01:29.873+0000] {processor.py:753} INFO - DAG(s) dict_keys(['treino-01']) retrieved from /opt/airflow/dags/treino01.py
[2023-04-26T00:01:29.925+0000] {logging_mixin.py:137} INFO - [2023-04-26T00:01:29.925+0000] {dag.py:2705} INFO - Sync 1 DAGs
[2023-04-26T00:01:29.954+0000] {logging_mixin.py:137} INFO - [2023-04-26T00:01:29.954+0000] {dag.py:3456} INFO - Setting next_dagrun for treino-01 to 2023-04-23T19:08:00+00:00, run_after=2023-04-23T19:10:00+00:00
[2023-04-26T00:01:29.971+0000] {processor.py:175} INFO - Processing /opt/airflow/dags/treino01.py took 0.143 seconds
[2023-04-26T00:02:00.459+0000] {processor.py:153} INFO - Started process (PID=3790) to work on /opt/airflow/dags/treino01.py
[2023-04-26T00:02:00.461+0000] {processor.py:743} INFO - Processing file /opt/airflow/dags/treino01.py for tasks to queue
[2023-04-26T00:02:00.463+0000] {logging_mixin.py:137} INFO - [2023-04-26T00:02:00.463+0000] {dagbag.py:532} INFO - Filling up the DagBag from /opt/airflow/dags/treino01.py
[2023-04-26T00:02:00.499+0000] {processor.py:753} INFO - DAG(s) dict_keys(['treino-01']) retrieved from /opt/airflow/dags/treino01.py
[2023-04-26T00:02:00.561+0000] {logging_mixin.py:137} INFO - [2023-04-26T00:02:00.561+0000] {dag.py:2705} INFO - Sync 1 DAGs
[2023-04-26T00:02:00.593+0000] {logging_mixin.py:137} INFO - [2023-04-26T00:02:00.593+0000] {dag.py:3456} INFO - Setting next_dagrun for treino-01 to 2023-04-23T19:08:00+00:00, run_after=2023-04-23T19:10:00+00:00
[2023-04-26T00:02:00.612+0000] {processor.py:175} INFO - Processing /opt/airflow/dags/treino01.py took 0.161 seconds
[2023-04-26T00:02:31.406+0000] {processor.py:153} INFO - Started process (PID=3843) to work on /opt/airflow/dags/treino01.py
[2023-04-26T00:02:31.408+0000] {processor.py:743} INFO - Processing file /opt/airflow/dags/treino01.py for tasks to queue
[2023-04-26T00:02:31.410+0000] {logging_mixin.py:137} INFO - [2023-04-26T00:02:31.409+0000] {dagbag.py:532} INFO - Filling up the DagBag from /opt/airflow/dags/treino01.py
[2023-04-26T00:02:31.437+0000] {processor.py:753} INFO - DAG(s) dict_keys(['treino-01']) retrieved from /opt/airflow/dags/treino01.py
[2023-04-26T00:02:31.494+0000] {logging_mixin.py:137} INFO - [2023-04-26T00:02:31.493+0000] {dag.py:2705} INFO - Sync 1 DAGs
[2023-04-26T00:02:31.526+0000] {logging_mixin.py:137} INFO - [2023-04-26T00:02:31.526+0000] {dag.py:3456} INFO - Setting next_dagrun for treino-01 to 2023-04-23T19:08:00+00:00, run_after=2023-04-23T19:10:00+00:00
[2023-04-26T00:02:31.543+0000] {processor.py:175} INFO - Processing /opt/airflow/dags/treino01.py took 0.144 seconds
[2023-04-26T00:03:02.404+0000] {processor.py:153} INFO - Started process (PID=3904) to work on /opt/airflow/dags/treino01.py
[2023-04-26T00:03:02.406+0000] {processor.py:743} INFO - Processing file /opt/airflow/dags/treino01.py for tasks to queue
[2023-04-26T00:03:02.408+0000] {logging_mixin.py:137} INFO - [2023-04-26T00:03:02.408+0000] {dagbag.py:532} INFO - Filling up the DagBag from /opt/airflow/dags/treino01.py
[2023-04-26T00:03:02.450+0000] {processor.py:753} INFO - DAG(s) dict_keys(['treino-01']) retrieved from /opt/airflow/dags/treino01.py
[2023-04-26T00:03:02.499+0000] {logging_mixin.py:137} INFO - [2023-04-26T00:03:02.499+0000] {dag.py:2705} INFO - Sync 1 DAGs
[2023-04-26T00:03:02.528+0000] {logging_mixin.py:137} INFO - [2023-04-26T00:03:02.528+0000] {dag.py:3456} INFO - Setting next_dagrun for treino-01 to 2023-04-23T19:08:00+00:00, run_after=2023-04-23T19:10:00+00:00
[2023-04-26T00:03:02.547+0000] {processor.py:175} INFO - Processing /opt/airflow/dags/treino01.py took 0.150 seconds
[2023-04-26T00:03:33.104+0000] {processor.py:153} INFO - Started process (PID=3957) to work on /opt/airflow/dags/treino01.py
[2023-04-26T00:03:33.106+0000] {processor.py:743} INFO - Processing file /opt/airflow/dags/treino01.py for tasks to queue
[2023-04-26T00:03:33.108+0000] {logging_mixin.py:137} INFO - [2023-04-26T00:03:33.107+0000] {dagbag.py:532} INFO - Filling up the DagBag from /opt/airflow/dags/treino01.py
[2023-04-26T00:03:33.137+0000] {processor.py:753} INFO - DAG(s) dict_keys(['treino-01']) retrieved from /opt/airflow/dags/treino01.py
[2023-04-26T00:03:33.172+0000] {logging_mixin.py:137} INFO - [2023-04-26T00:03:33.172+0000] {dag.py:2705} INFO - Sync 1 DAGs
[2023-04-26T00:03:33.209+0000] {logging_mixin.py:137} INFO - [2023-04-26T00:03:33.209+0000] {dag.py:3456} INFO - Setting next_dagrun for treino-01 to 2023-04-23T19:08:00+00:00, run_after=2023-04-23T19:10:00+00:00
[2023-04-26T00:03:33.227+0000] {processor.py:175} INFO - Processing /opt/airflow/dags/treino01.py took 0.133 seconds
[2023-04-26T00:04:04.143+0000] {processor.py:153} INFO - Started process (PID=4009) to work on /opt/airflow/dags/treino01.py
[2023-04-26T00:04:04.145+0000] {processor.py:743} INFO - Processing file /opt/airflow/dags/treino01.py for tasks to queue
[2023-04-26T00:04:04.147+0000] {logging_mixin.py:137} INFO - [2023-04-26T00:04:04.147+0000] {dagbag.py:532} INFO - Filling up the DagBag from /opt/airflow/dags/treino01.py
[2023-04-26T00:04:04.174+0000] {processor.py:753} INFO - DAG(s) dict_keys(['treino-01']) retrieved from /opt/airflow/dags/treino01.py
[2023-04-26T00:04:04.229+0000] {logging_mixin.py:137} INFO - [2023-04-26T00:04:04.228+0000] {dag.py:2705} INFO - Sync 1 DAGs
[2023-04-26T00:04:04.263+0000] {logging_mixin.py:137} INFO - [2023-04-26T00:04:04.263+0000] {dag.py:3456} INFO - Setting next_dagrun for treino-01 to 2023-04-23T19:08:00+00:00, run_after=2023-04-23T19:10:00+00:00
[2023-04-26T00:04:04.281+0000] {processor.py:175} INFO - Processing /opt/airflow/dags/treino01.py took 0.147 seconds
[2023-04-26T00:04:35.223+0000] {processor.py:153} INFO - Started process (PID=4062) to work on /opt/airflow/dags/treino01.py
[2023-04-26T00:04:35.226+0000] {processor.py:743} INFO - Processing file /opt/airflow/dags/treino01.py for tasks to queue
[2023-04-26T00:04:35.228+0000] {logging_mixin.py:137} INFO - [2023-04-26T00:04:35.227+0000] {dagbag.py:532} INFO - Filling up the DagBag from /opt/airflow/dags/treino01.py
[2023-04-26T00:04:35.255+0000] {processor.py:753} INFO - DAG(s) dict_keys(['treino-01']) retrieved from /opt/airflow/dags/treino01.py
[2023-04-26T00:04:35.289+0000] {logging_mixin.py:137} INFO - [2023-04-26T00:04:35.289+0000] {dag.py:2705} INFO - Sync 1 DAGs
[2023-04-26T00:04:35.316+0000] {logging_mixin.py:137} INFO - [2023-04-26T00:04:35.316+0000] {dag.py:3456} INFO - Setting next_dagrun for treino-01 to 2023-04-23T19:08:00+00:00, run_after=2023-04-23T19:10:00+00:00
[2023-04-26T00:04:35.334+0000] {processor.py:175} INFO - Processing /opt/airflow/dags/treino01.py took 0.123 seconds
[2023-04-26T00:05:06.066+0000] {processor.py:153} INFO - Started process (PID=4115) to work on /opt/airflow/dags/treino01.py
[2023-04-26T00:05:06.069+0000] {processor.py:743} INFO - Processing file /opt/airflow/dags/treino01.py for tasks to queue
[2023-04-26T00:05:06.070+0000] {logging_mixin.py:137} INFO - [2023-04-26T00:05:06.070+0000] {dagbag.py:532} INFO - Filling up the DagBag from /opt/airflow/dags/treino01.py
[2023-04-26T00:05:06.104+0000] {processor.py:753} INFO - DAG(s) dict_keys(['treino-01']) retrieved from /opt/airflow/dags/treino01.py
[2023-04-26T00:05:06.159+0000] {logging_mixin.py:137} INFO - [2023-04-26T00:05:06.159+0000] {dag.py:2705} INFO - Sync 1 DAGs
[2023-04-26T00:05:06.201+0000] {logging_mixin.py:137} INFO - [2023-04-26T00:05:06.201+0000] {dag.py:3456} INFO - Setting next_dagrun for treino-01 to 2023-04-23T19:08:00+00:00, run_after=2023-04-23T19:10:00+00:00
[2023-04-26T00:05:06.228+0000] {processor.py:175} INFO - Processing /opt/airflow/dags/treino01.py took 0.174 seconds
[2023-04-26T00:05:36.500+0000] {processor.py:153} INFO - Started process (PID=4168) to work on /opt/airflow/dags/treino01.py
[2023-04-26T00:05:36.502+0000] {processor.py:743} INFO - Processing file /opt/airflow/dags/treino01.py for tasks to queue
[2023-04-26T00:05:36.504+0000] {logging_mixin.py:137} INFO - [2023-04-26T00:05:36.504+0000] {dagbag.py:532} INFO - Filling up the DagBag from /opt/airflow/dags/treino01.py
[2023-04-26T00:05:36.546+0000] {processor.py:753} INFO - DAG(s) dict_keys(['treino-01']) retrieved from /opt/airflow/dags/treino01.py
[2023-04-26T00:05:36.609+0000] {logging_mixin.py:137} INFO - [2023-04-26T00:05:36.609+0000] {dag.py:2705} INFO - Sync 1 DAGs
[2023-04-26T00:05:36.641+0000] {logging_mixin.py:137} INFO - [2023-04-26T00:05:36.641+0000] {dag.py:3456} INFO - Setting next_dagrun for treino-01 to 2023-04-23T19:08:00+00:00, run_after=2023-04-23T19:10:00+00:00
[2023-04-26T00:05:36.660+0000] {processor.py:175} INFO - Processing /opt/airflow/dags/treino01.py took 0.168 seconds
[2023-04-26T00:06:06.742+0000] {processor.py:153} INFO - Started process (PID=4223) to work on /opt/airflow/dags/treino01.py
[2023-04-26T00:06:06.750+0000] {processor.py:743} INFO - Processing file /opt/airflow/dags/treino01.py for tasks to queue
[2023-04-26T00:06:06.753+0000] {logging_mixin.py:137} INFO - [2023-04-26T00:06:06.752+0000] {dagbag.py:532} INFO - Filling up the DagBag from /opt/airflow/dags/treino01.py
[2023-04-26T00:06:06.798+0000] {processor.py:753} INFO - DAG(s) dict_keys(['treino-01']) retrieved from /opt/airflow/dags/treino01.py
[2023-04-26T00:06:06.846+0000] {logging_mixin.py:137} INFO - [2023-04-26T00:06:06.846+0000] {dag.py:2705} INFO - Sync 1 DAGs
[2023-04-26T00:06:06.888+0000] {logging_mixin.py:137} INFO - [2023-04-26T00:06:06.888+0000] {dag.py:3456} INFO - Setting next_dagrun for treino-01 to 2023-04-23T19:08:00+00:00, run_after=2023-04-23T19:10:00+00:00
[2023-04-26T00:06:06.908+0000] {processor.py:175} INFO - Processing /opt/airflow/dags/treino01.py took 0.184 seconds
